      1       -0.249723400        0.000000000       10.000000000
      2        0.000000000       -0.249657336       10.000000000
      3        0.249723400        0.000000000       10.000000000
      4        0.000743623       -0.000000000        8.573244615
      5       -0.000000000       -0.000669021        8.573183142
      6       -0.000743623       -0.000000000        8.573244615
      7        0.000000000        0.249657336       10.000000000
      8       -0.000000000        0.000669021        8.573183142
      9       -0.237590316       -0.076881517       10.000000000
     10       -0.202537725       -0.146032821       10.000000000
     11       -0.147137594       -0.201708690       10.000000000
     12       -0.077177574       -0.237429304       10.000000000
     13        0.237590316       -0.076881517       10.000000000
     14        0.202537725       -0.146032821       10.000000000
     15        0.147137594       -0.201708690       10.000000000
     16        0.077177574       -0.237429304       10.000000000
     17        0.237590316        0.076881517       10.000000000
     18        0.202537725        0.146032821       10.000000000
     19        0.147137594        0.201708690       10.000000000
     20        0.077177574        0.237429304       10.000000000
     21       -0.237590316        0.076881517       10.000000000
     22       -0.202537725        0.146032821       10.000000000
     23       -0.147137594        0.201708690       10.000000000
     24       -0.077177574        0.237429304       10.000000000
     25        0.171225212       -0.000000000        9.901177474
     26        0.081224249       -0.000000000        9.661540046
     27        0.083274351        0.000000000        9.404910142
     28        0.083501719       -0.000000000        9.153217694
     29        0.131653826        0.000000000        8.929281087
     30        0.179175621       -0.000000000        8.705214775
     31       -0.179175621        0.000000000        8.705214775
     32       -0.131653826       -0.000000000        8.929281087
     33       -0.083501719       -0.000000000        9.153217694
     34       -0.083274351       -0.000000000        9.404910142
     35       -0.081224179        0.000000000        9.661540046
     36       -0.171225212       -0.000000000        9.901177474
     37       -0.082383532       -0.098603496        8.608931110
     38        0.082383532       -0.098603496        8.608931110
     39        0.000000000       -0.190009465        8.765727613
     40       -0.106655334       -0.132352854        8.923940012
     41        0.106655334       -0.132352854        8.923940012
     42        0.000000000       -0.098013197        9.088780812
     43       -0.026152424       -0.053585020        9.281309841
     44        0.026152424       -0.053585020        9.281309841
     45        0.000000000       -0.061527309        9.478751800
     46       -0.079155563       -0.068888129        9.661540788
     47        0.079155563       -0.068888129        9.661540788
     48       -0.000000000       -0.139578626        9.830222950
     49       -0.156308317       -0.187945210        9.944002334
     50        0.156308317       -0.187945210        9.944002334
     51        0.082383532        0.098603496        8.608931110
     52       -0.082383532        0.098603496        8.608931110
     53        0.000000000        0.190009465        8.765727613
     54        0.106655334        0.132352854        8.923940012
     55       -0.106655334        0.132352854        8.923940012
     56        0.000000000        0.098013197        9.088780812
     57        0.026152424        0.053585020        9.281309841
     58       -0.026152424        0.053585020        9.281309841
     59        0.000000000        0.061527309        9.478751800
     60        0.079155563        0.068888129        9.661540788
     61       -0.079155563        0.068888129        9.661540788
     62       -0.000000000        0.139578626        9.830222950
     63        0.156308317        0.187945210        9.944002334
     64       -0.156308317        0.187945210        9.944002334
   -0.0090015 
   -0.0128855 
    0.0000361 
    0.0001487 
   -0.0050894 
   -0.0090015 
   -0.0128855 
    0.0000361 
    0.0001487 
   -0.0050894 
   -0.0090015 
   -0.0128855 
    0.0000361 
    0.0001487 
   -0.0050894 
   -0.0090015 
   -0.0128855 
    0.0000361 
    0.0001487 
   -0.0050894 
    0.0021691 
    0.0021691 
    0.0021691 
    0.0021691 


   0.007689129437129   -0.008531223512453    0.014634339888061   -0.007689129437126   -0.012674904834589    0.006930639506704 
  -0.011459330791358   -0.013777726963579    0.004998567627554   -0.011518820624973   -0.013724205289771    0.005003485486286 
   0.013020567305931    0.006902244862809    0.011358813035655    0.011959912924903   -0.006902244862809    0.007117009748567 
   0.011518820624974   -0.013724205289770    0.005003485486284    0.011459330791359   -0.013777726963578    0.004998567627553 
   0.007689129437128   -0.012674904834589    0.006930639506704   -0.007689129437126   -0.008531223512453    0.014634339888062 
   0.009954499423451    0.005381284524135    0.014766492890081   -0.007689129437126   -0.008531223512453    0.014634339888062 
   0.007689129437129   -0.008531223512453    0.014634339888061   -0.009954499423454    0.005381284524131    0.014766492890080 
   0.005076419329229   -0.009264698891115    0.015310766766931   -0.007341788827849    0.006114760039710    0.014090065884944 
   0.009954499423453    0.003205034572084    0.015385140963977   -0.009954499423453    0.003205034572080    0.015385140963977 
   0.009954499423451    0.005381284524135    0.014766492890081   -0.009954499423454    0.005381284524131    0.014766492890080 
   0.005076419953518   -0.009264698670620    0.015310766904723    0.001576631488302    0.009264698670620    0.016058517418190 
   0.005892851754177   -0.001913035918249    0.017305078460697    0.001620753370267    0.009264699185236    0.016049438166437 
  -0.011959912924902   -0.006902244862809    0.007117009748568   -0.013020567305931    0.006902244862809    0.011358813035656 
   0.007341788827848    0.006114760039710    0.014090065884944   -0.005076419329229   -0.009264698891112    0.015310766766932 
  -0.001576631488305    0.009264698670617    0.016058517418191   -0.005076419953518   -0.009264698670617    0.015310766904724 
   0.002440892839586    0.004146629738167    0.017969375545963   -0.009954498722183    0.003205034484198    0.015385140722781 
  -0.001620753316208    0.009264698670617    0.016049438026201   -0.005120541781421   -0.009264698670617    0.015301687512733 
   0.003990577090296    0.003750951477681    0.017461254660558   -0.004022408616448   -0.003750951477681    0.017775683870888 
  -0.001620753370269    0.009264699185233    0.016049438166438   -0.005892851754154   -0.001913035918242    0.017305078460694 
   0.002440892839583   -0.000741280282983    0.018427915689754   -0.002440892839567   -0.000741280282991    0.018427915689755 
   0.002440892839586    0.004146629738167    0.017969375545963   -0.002440892839565    0.004146629738158    0.017969375545963 
   0.006444876430013    0.004822169125991    0.016774570724239    0.006155258646717   -0.004822169125991    0.016774669922212 
   0.000001300846318    0.004822169125991    0.017964044191048   -0.000288315132776   -0.004822169125991    0.017964143055969 
   0.007387851904130   -0.000687009714795    0.017060301784470   -0.002440892839567   -0.000741280282991    0.018427915689755 
   0.002440892839583   -0.000741280282983    0.018427915689754   -0.007387851904174   -0.000687009714829    0.017060301784449 
   0.005235274563717    0.003393879028225    0.017524074387458   -0.000288315499155   -0.004822169026011    0.017964143086767 
   0.009954498722183    0.003205034484202    0.015385140722782   -0.002440892839565    0.004146629738158    0.017969375545963 
   0.005120541781421   -0.009264698670620    0.015301687512732    0.001620753316205    0.009264698670620    0.016049438026199 
   0.000288315499163   -0.004822169026037    0.017964143086761   -0.005235274563754    0.003393879028224    0.017524074387441 
   0.007387852365864   -0.006597779559121    0.015743668067169   -0.007387852365873   -0.006597779559156    0.015743668067148 
   0.007387852365846   -0.000687009719860    0.017060301912114   -0.007387852365891   -0.000687009719894    0.017060301912093 
   0.007387852365864   -0.006597779559121    0.015743668067169   -0.014588780640618   -0.004514214986869    0.010619410341716 
   0.014588780640620   -0.004514214986875    0.010619410341713   -0.007387852365873   -0.006597779559156    0.015743668067148 
   0.000288315132784   -0.004822169126017    0.017964143055963   -0.000001291046324    0.004822169126017    0.017964044191745 
   0.004022408616460   -0.003750951477687    0.017775683870886   -0.003990577090332    0.003750951477687    0.017461254660543 
  -0.000756049182309   -0.015934159408585    0.009588510485606   -0.006444876052054    0.004822168348178    0.016774570221205 
  -0.001992800534802   -0.013627100559804    0.006554326539733   -0.010155129416955    0.011743343602568    0.007672020082729 
  -0.003068256541242   -0.015376303394843    0.006917576937295   -0.007921489983328    0.015376303394843    0.006917576937295 
   0.004744715466641   -0.016260690394230    0.007839674521019   -0.009276321127575    0.011399831160175    0.007839674521019 
  -0.006155268446687   -0.004822169126017    0.016774669921508   -0.006444876429999    0.004822169126017    0.016774570724237 
   0.014588781312714   -0.007814602569669    0.008395621573257   -0.014588781312704   -0.004514214873298    0.010619411027534 
   0.010904121749878    0.010321798006557    0.007839674521024   -0.011255930489848   -0.011948549478863    0.007839674521024 
   0.014107296041972    0.005931643996967    0.007839674521024   -0.013876712124538   -0.008356601631944    0.007839674521024 
   0.007921489983323    0.015376303394849    0.006917576937277    0.003068256541233   -0.015376303394849    0.006917576937277 
   0.009276321127595    0.011399831160180    0.007839674521024   -0.004744715466629   -0.016260690394228    0.007839674521024 
   0.010155129416970    0.011743343602573    0.007672020082730    0.001992800534783   -0.013627100559809    0.006554326539706 
   0.013876712124552   -0.008356601631953    0.007839674521019   -0.014107296041949    0.005931643996961    0.007839674521019 
   0.016705614695264   -0.002525683683491    0.007839674521024   -0.014165414825855   -0.007416896509873    0.007839674521024 
   0.014588781312707   -0.004514214873305    0.010619411027531   -0.014588781312698   -0.007814602569663    0.008395621573261 
   0.014165414825871   -0.007416896509881    0.007839674521019   -0.016705614695261   -0.002525683683495    0.007839674521019 
   0.011255930489866   -0.011948549478874    0.007839674521019   -0.010904121749860    0.010321798006553    0.007839674521019 
   0.006444876052068    0.004822168348152    0.016774570221208    0.000756049182289   -0.015934159408600    0.009588510485579 
  -0.007689129437126    0.008531223512453    0.014634339888062    0.007689129437128    0.012674904834589    0.006930639506704 
   0.011459330791359    0.013777726963578    0.004998567627553    0.011518820624974    0.013724205289770    0.005003485486284 
  -0.013020567305931   -0.006902244862809    0.011358813035656   -0.011959912924902    0.006902244862809    0.007117009748568 
  -0.011518820624973    0.013724205289771    0.005003485486286   -0.011459330791358    0.013777726963579    0.004998567627554 
  -0.007689129437126    0.012674904834589    0.006930639506704    0.007689129437129    0.008531223512453    0.014634339888061 
  -0.009954499423454   -0.005381284524131    0.014766492890080    0.007689129437129    0.008531223512453    0.014634339888061 
  -0.007689129437126    0.008531223512453    0.014634339888062    0.009954499423451   -0.005381284524135    0.014766492890081 
  -0.005076419329229    0.009264698891112    0.015310766766932    0.007341788827848   -0.006114760039710    0.014090065884944 
  -0.009954499423453   -0.003205034572080    0.015385140963977    0.009954499423453   -0.003205034572084    0.015385140963977 
  -0.009954499423454   -0.005381284524131    0.014766492890080    0.009954499423451   -0.005381284524135    0.014766492890081 
  -0.005076419953518    0.009264698670617    0.015310766904724   -0.001576631488305   -0.009264698670617    0.016058517418191 
  -0.005892851754154    0.001913035918242    0.017305078460694   -0.001620753370269   -0.009264699185233    0.016049438166438 
   0.011959912924903    0.006902244862809    0.007117009748567    0.013020567305931   -0.006902244862809    0.011358813035655 
  -0.007341788827849   -0.006114760039710    0.014090065884944    0.005076419329229    0.009264698891115    0.015310766766931 
   0.001576631488302   -0.009264698670620    0.016058517418190    0.005076419953518    0.009264698670620    0.015310766904723 
  -0.002440892839565   -0.004146629738158    0.017969375545963    0.009954498722183   -0.003205034484202    0.015385140722782 
   0.001620753316205   -0.009264698670620    0.016049438026199    0.005120541781421    0.009264698670620    0.015301687512732 
  -0.003990577090332   -0.003750951477687    0.017461254660543    0.004022408616460    0.003750951477687    0.017775683870886 
   0.001620753370267   -0.009264699185236    0.016049438166437    0.005892851754177    0.001913035918249    0.017305078460697 
  -0.002440892839567    0.000741280282991    0.018427915689755    0.002440892839583    0.000741280282983    0.018427915689754 
  -0.002440892839565   -0.004146629738158    0.017969375545963    0.002440892839586   -0.004146629738167    0.017969375545963 
  -0.006444876429999   -0.004822169126017    0.016774570724237   -0.006155268446687    0.004822169126017    0.016774669921508 
  -0.000001291046324   -0.004822169126017    0.017964044191745    0.000288315132784    0.004822169126017    0.017964143055963 
  -0.007387851904174    0.000687009714829    0.017060301784449    0.002440892839583    0.000741280282983    0.018427915689754 
  -0.002440892839567    0.000741280282991    0.018427915689755    0.007387851904130    0.000687009714795    0.017060301784470 
  -0.005235274563754   -0.003393879028224    0.017524074387441    0.000288315499163    0.004822169026037    0.017964143086761 
  -0.009954498722183   -0.003205034484198    0.015385140722781    0.002440892839586   -0.004146629738167    0.017969375545963 
  -0.005120541781421    0.009264698670617    0.015301687512733   -0.001620753316208   -0.009264698670617    0.016049438026201 
  -0.000288315499155    0.004822169026011    0.017964143086767    0.005235274563717   -0.003393879028225    0.017524074387458 
  -0.007387852365873    0.006597779559156    0.015743668067148    0.007387852365864    0.006597779559121    0.015743668067169 
  -0.007387852365891    0.000687009719894    0.017060301912093    0.007387852365846    0.000687009719860    0.017060301912114 
  -0.007387852365873    0.006597779559156    0.015743668067148    0.014588780640620    0.004514214986875    0.010619410341713 
  -0.014588780640618    0.004514214986869    0.010619410341716    0.007387852365864    0.006597779559121    0.015743668067169 
  -0.000288315132776    0.004822169125991    0.017964143055969    0.000001300846318   -0.004822169125991    0.017964044191048 
  -0.004022408616448    0.003750951477681    0.017775683870888    0.003990577090296   -0.003750951477681    0.017461254660558 
   0.000756049182289    0.015934159408600    0.009588510485579    0.006444876052068   -0.004822168348152    0.016774570221208 
   0.001992800534783    0.013627100559809    0.006554326539706    0.010155129416970   -0.011743343602573    0.007672020082730 
   0.003068256541233    0.015376303394849    0.006917576937277    0.007921489983323   -0.015376303394849    0.006917576937277 
  -0.004744715466629    0.016260690394228    0.007839674521024    0.009276321127595   -0.011399831160180    0.007839674521024 
   0.006155258646717    0.004822169125991    0.016774669922212    0.006444876430013   -0.004822169125991    0.016774570724239 
  -0.014588781312698    0.007814602569663    0.008395621573261    0.014588781312707    0.004514214873305    0.010619411027531 
  -0.010904121749860   -0.010321798006553    0.007839674521019    0.011255930489866    0.011948549478874    0.007839674521019 
  -0.014107296041949   -0.005931643996961    0.007839674521019    0.013876712124552    0.008356601631952    0.007839674521019 
  -0.007921489983328   -0.015376303394843    0.006917576937295   -0.003068256541242    0.015376303394843    0.006917576937295 
  -0.009276321127575   -0.011399831160175    0.007839674521019    0.004744715466641    0.016260690394230    0.007839674521019 
  -0.010155129416955   -0.011743343602568    0.007672020082729   -0.001992800534802    0.013627100559804    0.006554326539733 
  -0.013876712124538    0.008356601631944    0.007839674521024    0.014107296041972   -0.005931643996967    0.007839674521024 
  -0.016705614695261    0.002525683683495    0.007839674521019    0.014165414825871    0.007416896509881    0.007839674521019 
  -0.014588781312704    0.004514214873298    0.010619411027534    0.014588781312714    0.007814602569669    0.008395621573258 
  -0.014165414825855    0.007416896509873    0.007839674521024    0.016705614695263    0.002525683683491    0.007839674521024 
  -0.011255930489848    0.011948549478863    0.007839674521024    0.010904121749878   -0.010321798006557    0.007839674521024 
  -0.006444876052054   -0.004822168348178    0.016774570221205   -0.000756049182309    0.015934159408585    0.009588510485606 


        9.025 
density 1000 kg/m^3 	                   	:           0 
forces along X Y and Z axes (N)		:      0.00000     -0.00000   -262.26737 
maximal catch diameter (m) 			:        0.380 
thickness of the catch (m) 			:        0.452 
volume of the catch (m3) 			:       0.0265 
