      1      266.541955356       12.738093817     -123.947658005
      2      271.775120818       10.764080298     -124.225761376
      3      285.459858240       10.168255084     -125.375010945
      4      307.714127460        3.780938586     -128.343305305
      5      307.463438737        2.548979735     -131.514865609
      6      284.692823782        8.628469440     -133.070209336
      7      270.747191826        9.903897816     -133.419716423
      8      265.562207659       12.019840892     -133.450961648
      9      285.347105506       10.922373661     -130.716320023
     10      285.505862642       11.493044887     -130.178610596
     11      266.181836902       10.602276658     -124.003194751
     12      284.646572654        1.700149304     -125.406162371
     13      284.655727088        0.000000000     -125.401423553
     14      307.723053719        0.000000000     -127.310280536
     15      265.241680238       10.898721458     -133.666175132
     16      283.872743632        1.699791487     -132.929447302
     17      283.903760736        0.000000000     -132.932525671
     18      307.365702100        0.000000000     -131.571323443
     19      311.551107677        2.697705380     -128.525948228
     20      311.368988656        1.763350982     -131.195412917
     21      311.618962647        0.000000000     -127.616177251
     22      311.343986093        0.000000000     -131.358123115
     23      315.485250925        2.181062582     -128.871370368
     24      315.343653877        1.390082049     -130.988668250
     25      315.550311909        0.000000000     -127.979384132
     26      315.331726600        0.000000000     -131.140294618
     27      320.209182835        1.562090721     -129.261871228
     28      320.119676470        0.989349658     -130.742751641
     29      320.238358086        0.000000000     -128.639742063
     30      320.118054751        0.000000000     -130.864665304
     31      324.942145964        0.987992552     -129.652914243
     32      324.909108178        0.676194384     -130.470134269
     33      324.945478440        0.000000000     -129.341038060
     34      324.909411992        0.000000000     -130.621241779
     35      332.902377035        0.321707852     -130.008954040
     36      332.897136737        0.277958909     -130.259923069
     37      332.906060489        0.000000000     -129.979835212
     38      332.900334287        0.000000000     -130.297358581
     39      342.907320888        0.115545651     -130.167175156
     40      342.908025830        0.000000000     -130.148716352
     41      342.907521297        0.000000000     -130.181456863
     42      362.915176442        0.000000000     -130.193405201
     43      362.915745201        0.132316787     -130.090671425
     44      362.916508021        0.000000000     -130.200100179
     45      385.398272794        0.000000000     -130.054416725
     46      385.395900765        0.008731136     -130.058676928
     47      385.393058573        0.000000000     -130.062639074
     48        0.000000000        0.000000000        0.000000000
     49      163.382603439       37.897900079     -109.003100510
     50      165.873297948       38.483382123     -107.436455573
     51      165.769287033       36.895739442     -110.520071960
     52      260.955708256       12.575330970     -123.588801518
     53      260.065426571       13.036753858     -133.810831657
     54      260.866696934       13.036753706     -135.646217832
     55       18.665715398        3.661312418      -11.516647834
     56       37.228594108        7.443761689      -23.159426019
     57       55.679594224       11.353585369      -34.936942022
     58       74.008659855       15.397468307      -46.858464248
     59       92.204598762       19.582583530      -58.933982257
     60      110.254856438       23.916616360      -71.174213591
     61      128.145428282       28.407828241      -83.590719445
     62      145.860578025       33.065084338      -96.195910133
     63      179.464519716       35.432714578     -110.615782501
     64      193.067367290       32.190704091     -113.546160490
     65      206.675860253       28.744126742     -116.203960043
     66      220.281836145       25.078106454     -118.564226841
     67      233.874285042       21.175514438     -120.600642060
     68      247.438652128       17.016091994     -122.285390022
     69      179.241383661       33.750167971     -114.101509378
     70      192.714712500       30.521595185     -117.603450983
     71      206.188400804       27.207385728     -121.022838303
     72      219.661496871       23.804771265     -124.356537812
     73      233.132882034       20.310856840     -127.601321633
     74      246.601332149       16.722587870     -130.753885843
    0.0000429 
    0.0000470 
    0.0006278 
    0.0006221 
    0.0006164 
    0.0006106 
    0.0006049 
    0.0005991 
    0.0005933 
    0.0005874 
    0.0005816 
    0.0000403 
    0.0000993 
   -0.0000325 
    0.0001335 
    0.0001309 
    0.0001283 
    0.0001258 
    0.0001234 
    0.0001211 
    0.0001189 
    0.0003361 
    0.0003333 
    0.0003306 
    0.0003279 
    0.0003252 
    0.0003226 
    0.0003200 
    0.0002724 
    0.0000227 
    0.0002905 
    0.0004098 
    0.0000086 
    0.0000015 
    0.0000359 
    0.0000171 
   -0.0308209 
    0.0000059 
   -0.0192767 
    0.0001561 
    0.0000007 
    0.0001062 
    0.0000454 
    0.0004289 
    0.0013337 
   -0.0008659 


  -0.374631469090697    0.122076688083721   -0.004109677758139    0.394583602513954    0.013546459525581    0.012873098962791 
  -0.373888566140000    0.098412818653334    0.023770144600001    0.395697956939999   -0.021949344619999    0.054692832500002 
  -0.360667697050002    0.168090126733327    0.040194564449996    0.392419124249994   -0.053955881533358    0.067347320949984 
  -0.363153206150000    0.158672433941668    0.032924837375001    0.384962596950000   -0.082208959908333    0.045538139725001 
  -0.371287857016666    0.095415359941667    0.089501569758334    0.369754376950001   -0.139575020041665    0.070618418608335 
  -0.382812523646522   -0.036123597927906    0.037027671744186    0.375388413702317   -0.109743689718603   -0.022893316837209 
  -0.379278145719998    0.024900978600001    0.124619051820001    0.377744665653333   -0.069060638699999    0.035500936546668 
  -0.364765845759524    0.154934223252380    0.037373584997618    0.371928380702381   -0.119735398938094    0.053242423688096 
  -0.399520279714275   -0.011557402857144    0.015897616071428    0.369294715039999   -0.178042547079999   -0.028059352400000 
  -0.389813566317464   -0.084260082706348    0.031552748829365    0.366576835288892   -0.157685796722222   -0.032442789572222 
  -0.384380307061224   -0.068116693215645    0.058087975428571    0.384744644163266   -0.086207330702722   -0.015923699142857 
  -0.383845148250001   -0.113343286933337    0.032130204249999    0.385065739449999   -0.113343286933337   -0.031498361850000 
  -0.389493871822857   -0.087101428576189    0.048759540072381    0.366257140794285   -0.154844450852381   -0.049649580815238 
  -0.393100163000001    0.113319432466670   -0.022481479199999    0.388964549133334    0.113319432466670    0.022891928400000 
  -0.372621267879999    0.183978599419999   -0.014734556600000    0.393250827714285   -0.071058831571428    0.017604193500000 
  -0.374824076964285    0.140917273862381   -0.026726749930001    0.398254938392857    0.057044953366189    0.022704977530000 
  -0.373710662944444    0.150906531883333   -0.012054564094445    0.397141524373016    0.047055695345237    0.008032791694445 
  -0.390053338866328    0.067344854060545   -0.021771247129591    0.394042589356122    0.036695135123128    0.024075648517348 
  -0.193001008187500    0.050960867625000    0.017395674012501    0.196036325204167   -0.035388294325000    0.027095404137498 
  -0.190953693982144    0.058561513339285    0.020459147235716    0.194534961453572   -0.040962101182142    0.024848857107141 
  -0.191612191733674   -0.046148955246939    0.036538925735716    0.191794360284695   -0.031013056712244   -0.015456787592859 
  -0.193767340793939   -0.040874323939394    0.029079244492425    0.195823552006060   -0.040874323939394   -0.001510427007576 
  -0.198535372937879    0.026717439121212   -0.008194710369697    0.199293026362121    0.026717439121212    0.013125322430303 
  -0.195875883523470    0.023675439272449   -0.016318294808162    0.197870508768367    0.028344555319388    0.017470495502040 
  -0.098304652665000    0.015264077322500    0.010711117440000    0.099720623145000   -0.007354271992500    0.010461861380000 
  -0.097974166572917    0.014862641612500    0.014196938268750    0.099491825081250   -0.007076354962500    0.008048600806250 
  -0.097722372176744   -0.012178863817442    0.017098539332558    0.098511383455814   -0.019189803391860   -0.006519807041860 
  -0.097844130306757   -0.014736909337838    0.015107106052027    0.098723332793244   -0.014736909337838   -0.003053237997973 
  -0.099612922965541    0.009392446277027   -0.004421209938513    0.099774102384460    0.009392446277027    0.006470214911487 
  -0.099308485029651    0.013432539562209   -0.004790220865698    0.099599212506395    0.007071541623837    0.006682199912210 
  -0.078893747352632    0.011200513154386    0.007592551005264    0.079835919615789   -0.005171659859649    0.007995663868421 
  -0.078449004404000    0.011898158749333    0.010742943430667    0.079581780788000   -0.005570314485333    0.006195439625333 
  -0.078169508908648   -0.008547046269099    0.014222823221261    0.078872870897837   -0.015032008671441   -0.004579728778018 
  -0.077938295896308   -0.010483830342282    0.015181329040157    0.078329910003691   -0.010483830342282   -0.006830601993177 
  -0.079761251829865    0.006639930590604   -0.003775609396645    0.079783019870134    0.006639930590604    0.005412034403356 
  -0.079574587842973    0.009684455991982   -0.003770769354324    0.079703531378108    0.005343458051261    0.005409973332703 
  -0.059579776123256    0.006633610994767    0.003719201681395    0.059963936425581   -0.003008050901744    0.005783356760465 
  -0.058984447118453    0.008312618110516    0.007826292475199    0.059694815094643   -0.003767054118452    0.003926726675595 
  -0.058941014483712   -0.004657793501136    0.009601137422349    0.059235713988763   -0.011120900650379   -0.003317004442551 
  -0.058817912804747   -0.006253117417722    0.010740099854905    0.058860096045253   -0.006253117417722   -0.006792300070095 
  -0.059893888385918    0.004279711291139   -0.002086417416930    0.059890042639082    0.004279711291139    0.003999170708070 
  -0.059863801100000    0.006412798647222   -0.003099854364647    0.059880182100000    0.003580632241667    0.004331305506061 
  -0.039769831727635    0.003598509016240    0.003161744909225    0.040025938595853   -0.001181468954225    0.003173294052015 
  -0.039773290278333    0.003564056768333    0.003114716837619    0.039856469611666   -0.002869629101667    0.000868918543334 
  -0.039780063734747   -0.002921693917722    0.003754098877405    0.039808185895084   -0.005415795972574   -0.001122232354198 
  -0.039776023719452   -0.002348232496350    0.003406531949781    0.039829796770548   -0.002348232496350   -0.002981439570220 
  -0.039977951256022    0.002028897145985   -0.001346164077591    0.039931271693978    0.002028897145985    0.001892667902409 
  -0.039940783752806    0.003417747805380   -0.000732263784810    0.039938219921582    0.002288533916139    0.002007432645570 
  -0.024994649366111    0.000663260726528    0.001243735156528    0.025043170643889   -0.000258177920972    0.001080052149028 
  -0.024991895999166   -0.001271860341944    0.000557324056667    0.025024637812500   -0.001587765009167   -0.000298490030000 
  -0.024999273816500   -0.000924365208000    0.000569873282000    0.025010552888500   -0.000924365208000   -0.000274532418000 
  -0.025036118877500    0.001332562841667   -0.000107084742500    0.025007696210833    0.001138183016111    0.000439844849167 
  -0.025019570797000    0.000924365208000   -0.000175500639000    0.025016364253000    0.000924365208000    0.000404007951000 
  -0.025004890855250   -0.000945329128000    0.000052040768250    0.025016169927250   -0.000903401288000    0.000243300095750 
  -0.025013488336999   -0.001058534296000   -0.000766009146750    0.025004388193001   -0.001058534296000   -0.000877731269250 
  -0.025012836677000    0.000924365208000    0.000137557801000    0.025009630133000    0.000924365208000    0.000090949511000 
  -0.025016632951251    0.001037570376000    0.000779800368250    0.025004427831249    0.001079498216000    0.000971059695750 
  -0.024982500698666   -0.000921216905999   -0.000857419649111    0.024973400554668   -0.001195851686002   -0.000786320766888 
  -0.024962241936894   -0.000069849087990   -0.000120350016009    0.025000194400883   -0.000069849087990    0.000188513263989 
  -0.024980047617779    0.001058534296000    0.000722695470888    0.024967842497777    0.001058534296000    0.001028164593111 
  -0.024955213090668    0.000207166477991   -0.000003852273112    0.025000688162666   -0.000067468302012    0.000067246609111 


        0.000 
PELAGIC TRAWL		:           0 
Boat to door distance	:      200.03 
Boat Z force 		(N):      -20291 
Boat X force 		(N):       32792 
Warp tension		(N):       36057 
Bottom bridle tension	(N):        6675 
Top bridle tension	(N):       16803 
Head line immersion	(m):      -125.4 
Bottom line immersion 	(m):      -132.9 
Door immersion 		(m):      -109.0 
bottom drag (N)				:            0 
catch drag (N)				:            0 
element drag (N)				:         9512 
surface drag (N)				:        17679 
forces along X Y and Z axes (N)		:  32791.55702   6371.95855 -20291.10064 
maximal catch diameter (m) 			:        0.000 
thickness of the catch (m) 			:        0.000 
volume of the catch (m3) 			:       0.0000 
current amplitude (m/s)			:        2.058 
filtered surface (m2) 				:       100.95 
