      1      267.556066046       13.315791670     -123.759808038
      2      272.861506747       11.822138865     -123.543949750
      3      286.748353447       11.288343638     -123.559616595
      4      308.480785596        4.004509306     -127.198805397
      5      308.178176513        2.734829410     -130.479759501
      6      285.489191040        8.787775457     -132.384637847
      7      271.366910701       10.046808736     -132.962742774
      8      266.136813117       12.048349275     -132.994910634
      9      285.849283954       10.473492132     -130.019452966
     10      286.178188628       10.850165672     -129.394986883
     11      267.307702651       11.290035028     -123.061641248
     12      285.259046705        1.699227514     -124.332774192
     13      285.204569173        0.000000000     -124.315499745
     14      308.441518831        0.000000000     -126.288838673
     15      265.827823044       10.824763800     -133.235702719
     16      284.522773415        1.697531621     -132.282433791
     17      284.428336541        0.000000000     -132.295738064
     18      308.080844099        0.000000000     -130.689710970
     19      312.295720586        2.830685285     -127.375381317
     20      312.074414404        1.907519692     -130.205891561
     21      312.336926081        0.000000000     -126.538861525
     22      312.051953096        0.000000000     -130.463598243
     23      316.214799435        2.266586315     -127.762774247
     24      316.047157966        1.507661753     -130.016368968
     25      316.268026271        0.000000000     -126.875825839
     26      316.035740566        0.000000000     -130.236689984
     27      320.915247049        1.575525352     -128.230898865
     28      320.821480556        1.075837196     -129.776917128
     29      320.953536515        0.000000000     -127.546113919
     30      320.818279295        0.000000000     -129.969521405
     31      325.642852010        0.992041828     -128.656114974
     32      325.605765619        0.737610135     -129.565695349
     33      325.653536558        0.000000000     -128.274618204
     34      325.605639109        0.000000000     -129.721542368
     35      333.595663851        0.322817646     -129.085515054
     36      333.590149831        0.298562673     -129.358934489
     37      333.599489688        0.000000000     -129.060938164
     38      333.593285996        0.000000000     -129.392109288
     39      343.599340980        0.118178631     -129.265276991
     40      343.600069698        0.000000000     -129.247141623
     41      343.599560069        0.000000000     -129.278290047
     42      363.606988667        0.000000000     -129.291059375
     43      363.607569104        0.134144874     -129.190263007
     44      363.608312600        0.000000000     -129.297818686
     45      386.090005417        0.000000000     -129.153375791
     46      386.087620190        0.008790685     -129.157504122
     47      386.084764439        0.000000000     -129.161322233
     48        0.000000000        0.000000000        0.000000000
     49      163.989203967       37.398583711     -108.277840528
     50      166.525670281       37.694492638     -106.703159351
     51      166.306804799       36.474331272     -109.944045910
     52      262.059343939       13.212898515     -122.692790211
     53      260.612977186       12.862848560     -133.438444459
     54      261.414242734       12.862848774     -135.273832749
     55      297.301805408        6.599790416     -126.016186845
     56      308.503689548        4.048542331     -127.228540156
     57      296.388628440        5.393582183     -131.345389582
     58      274.845535146       11.491470204     -131.850437860
     59      278.598094618       13.270215682     -125.636243399
     60      291.332005148        8.473451408     -131.415578470
     61      300.188340083        7.279262211     -130.337315689
     62      291.523344280        9.488542852     -129.207795533
     63      299.981310111        6.948795109     -127.359745757
     64      283.869901216       13.356025338     -126.453553678
     65      275.148752191       12.959109918     -124.251172028
     66      275.612210115        7.674183879     -123.578653653
     67      285.433166663        9.600099012     -123.349203293
     68      292.908055249        4.854599620     -124.987160259
     69      301.448055646        2.127266725     -125.869770957
     70      274.547428350        6.844044643     -132.841017977
     71      296.221417879        1.119687949     -131.497819365
     72      287.607298515        3.799725648     -132.075585508
     73      279.407905243        7.562607176     -132.602788989
     74      320.915158319        1.576985164     -128.240760947
     75       18.708923606        3.621293133      -11.459358990
     76       37.319472060        7.360561076      -23.040128411
     77       55.823145413       11.223779706      -34.750500735
     78       74.210507336       15.217347813      -46.599292644
     79       92.471075540       19.348125855      -58.596002853
     80      110.593110603       23.623458219      -70.750817224
     81      128.563546171       28.051234805      -83.074722574
     82      146.367727955       32.639917142      -95.579511883
     83      180.160413837       34.713564216     -109.761289686
     84      193.808851982       31.576229625     -112.593393326
     85      207.466871534       28.274051519     -115.181121073
     86      221.129050461       24.797778863     -117.505315280
     87      234.788295252       21.137068627     -119.546012569
     88      248.435564484       17.280065240     -121.282421623
     89      179.778997889       33.369333557     -113.559800707
     90      193.252889700       30.179811081     -117.094631398
     91      206.727602366       26.903007168     -120.545300364
     92      220.202172383       23.536025002     -123.908485864
     93      233.675461413       20.075832805     -127.180762597
     94      247.146216439       16.519229854     -130.358620226
    0.0000428 
    0.0000471 
    0.0006351 
    0.0006294 
    0.0006237 
    0.0006179 
    0.0006122 
    0.0006064 
    0.0006006 
    0.0005948 
    0.0005889 
    0.0000469 
    0.0000976 
   -0.0000356 
    0.0001539 
    0.0001513 
    0.0001487 
    0.0001462 
    0.0001438 
    0.0001415 
    0.0001393 
    0.0003262 
    0.0003235 
    0.0003207 
    0.0003180 
    0.0003153 
    0.0003127 
    0.0003101 
    0.0002985 
    0.0000489 
    0.0002056 
    0.0004704 
    0.0000079 
   -0.0150156 
    0.0000179 
    0.0000193 
   -0.0274127 
   -0.0420867 
    0.0000378 
    0.0000169 
   -0.0162628 
   -0.0182914 
    0.0001406 
    0.0001246 
    0.0000149 
    0.0001108 
    0.0001226 
    0.0004188 
    0.0013337 
   -0.0008700 


  -0.377508858110625    0.122204623183128   -0.011072489951786    0.395851001316482   -0.025312685044963    0.052021489727190 
  -0.339452323835507    0.211957264687015   -0.003287265930608    0.382278156969701   -0.083629065200419    0.046142801791361 
  -0.383845553261360    0.106572994133698    0.042990512465620    0.393614886000000   -0.053075075422220    0.047922790266609 
  -0.381352857877371    0.090367382317102    0.015545237216374    0.398464921157869   -0.003663361256065    0.033921435252842 
  -0.381179445225224    0.093118993912076    0.015130239249498    0.395863731375656   -0.044937535180671    0.040146404755978 
  -0.383614997360662    0.100394338328785    0.036534382783377    0.392991028856934   -0.036356359714809    0.065392317642091 
  -0.344549727728256    0.110002273181255    0.170851976544465    0.394339773262706    0.070646780211663    0.004105511524302 
  -0.394358163285219    0.001627713857135    0.067015548607015    0.383547270055422   -0.037732306277817    0.023588807819446 
  -0.327801878533846    0.140664496004334    0.064610179276225    0.393582813338882   -0.065329787998819    0.060283037332992 
  -0.339056856617328    0.213023101341448   -0.003225173320931    0.393614886000000   -0.053075075422220    0.047922790266609 
  -0.385110924577778    0.098190250711134    0.050200895822246    0.391536061694456   -0.066846725330719    0.059768420066779 
  -0.385110924577778    0.098190250711134    0.050200895822246    0.375909592488882   -0.112877677466642    0.082135545600011 
  -0.346973968242004    0.199239627669161    0.010290524081808    0.356409128676786   -0.161160992277862    0.083947717802234 
  -0.375738989311159    0.117796357833871    0.069094266847313    0.366537657222263   -0.132483784589380    0.063242174574943 
  -0.345103723538614    0.204407761414515    0.008311380069793    0.397554512151368   -0.047462049880086    0.040406549537918 
  -0.396429660394730    0.076321483827288    0.027908614479585    0.350621756388747   -0.164387533825213    0.031560903522845 
  -0.391735644985795   -0.029235777115524    0.025922738175332    0.375148220411154   -0.092786007742725    0.044658164079359 
  -0.387606623333252   -0.017640685333297    0.097883628888950    0.377016111158733   -0.087540609079336    0.077211900354567 
  -0.395750355990850   -0.035908931683748    0.050101763610734    0.381923045232185   -0.081525059408847    0.003856058657118 
  -0.387606623333252   -0.017640685333297    0.097883628888950    0.370419275704375   -0.000265974518643   -0.036432459395428 
  -0.342484628647557    0.141774716917651    0.126615828761765    0.349083447781874   -0.186226334282304    0.059425300433301 
  -0.380101247251677    0.075377702197717    0.085281577875043    0.335961370303965   -0.209388085757793    0.045006374364080 
  -0.389677710504017    0.059141610307137    0.075420449113512    0.355373128534063   -0.176477074450504    0.064995157524497 
  -0.340153025066760    0.171888110488867    0.122410749110975    0.375909592488882   -0.112877677466642    0.082135545600011 
  -0.340153025066760    0.171888110488867    0.122410749110975    0.386034890457657   -0.046248690258271    0.095605607787562 
  -0.368201037960950   -0.029827910835596    0.077560590629582    0.338117656515491   -0.198566502520554   -0.080741800613684 
  -0.392838261919999   -0.077036605320001   -0.009178014400061    0.332217270488885   -0.210911084088875   -0.072798087377781 
  -0.393722992121697   -0.072683847814845    0.010996186683526    0.374577591030843   -0.137343735407341    0.014350205023539 
  -0.396700292568572   -0.038007416928396    0.034450607285426    0.377477611998966   -0.164356870409123   -0.023500563863565 
  -0.392838261919999   -0.077036605320001   -0.009178014400061    0.375019956131692   -0.139520114159919    0.004263104481745 
  -0.374613440235933   -0.043243714916121    0.086193633382382    0.332217270488885   -0.210911084088875   -0.072798087377781 
  -0.388679647399931   -0.063290154530305    0.067542864024171    0.379555573200082   -0.121214795333342   -0.039227142133233 
  -0.389050745820426   -0.068829078010461    0.073630226932419    0.379114266970305   -0.127801623255690   -0.031988115972074 
  -0.390351058310554   -0.067969174626988    0.065581580235771    0.388748333208507   -0.095480184801588   -0.028440081297033 
  -0.389462567863942   -0.099547629266512    0.034805413949315    0.379555573200082   -0.121214795333342   -0.039227142133233 
  -0.388392651115974   -0.101895751811234    0.037527432814260    0.381128980182388   -0.124667916722639   -0.035224173214197 
  -0.386309525273995   -0.092489857608697    0.040407850063722    0.388255463326000   -0.092489857608697   -0.025370114202881 
  -0.381756914967081   -0.079268798514880    0.032100675486420    0.344529878214349   -0.213391298749851   -0.026932876392801 
  -0.383659023866630    0.132430230467298   -0.025266862666697    0.396250607066713    0.093907319000205    0.027040765733366 
  -0.396419955366656    0.074645863266658   -0.027106774766764    0.391996963233371    0.074645863266658    0.026427461700011 
  -0.369457224629659    0.190611593407135   -0.020688303185254    0.390363618981444    0.044840471762639    0.024134037125960 
  -0.382267271184172    0.121431667057778   -0.017022832303676    0.395649118353646   -0.055568218856235    0.019497138928510 
  -0.379113274173389    0.173074745956465   -0.017160206173928    0.399854447701356    0.013289219675349    0.019313973768174 
  -0.382849749511153    0.119112786622200   -0.025678495244487    0.397059881422191    0.080589875155106    0.026629133155577 
  -0.381184094584805    0.119129972574643   -0.026909779840362    0.397472713224046    0.043027547370315    0.033496231990011 
  -0.394321019435378    0.065229354184342   -0.024794584571531    0.398293771027207    0.046396336019709    0.033364032285709 
  -0.382849749511153    0.119112786622200   -0.025678495244487    0.399181297228803    0.043045176257900    0.032233213382413 
  -0.365598632940988    0.150544476993195   -0.039114592186532    0.395463948085234    0.023622294801699    0.020686205146656 
  -0.364417478755548    0.167239179022186   -0.023431265822268    0.396307194854540    0.035540936520132    0.031882807970972 
  -0.382070629737634    0.125701727114162   -0.017236850760593    0.399581947284395    0.029832982271458    0.015216769790172 
  -0.364417478755548    0.167239179022186   -0.023431265822268    0.396915288617788    0.014456333062205    0.020568185697842 
  -0.191273709284250    0.055644974585619    0.021645944730779    0.195991289638382   -0.036605656338105    0.025473177577014 
  -0.196472726048854    0.047682966816756    0.016262470882933    0.173568819853675   -0.091715903749845    0.013472228648883 
  -0.188495020621060    0.065508681803585    0.021494613987434    0.192183456987746   -0.050122588586919    0.025680556745895 
  -0.191788520816389   -0.047550882578546    0.032970770310158    0.190987158265366   -0.034173797135742   -0.014400020840790 
  -0.194146036818281   -0.042889170984842    0.025175684902953    0.195394688181947   -0.042889170984842    0.000173399703115 
  -0.198215127001492    0.028901813515145   -0.007400989653142    0.198895772698398    0.028901813515145    0.015210283046999 
  -0.195407807288624    0.024621632369376   -0.014978814157192    0.197394183084538    0.031191212732650    0.019263538014281 
  -0.098061278032639    0.015688382690008    0.012163895582438    0.099737692722605   -0.008099137070005    0.010372051627541 
  -0.097515916679163    0.016025735902083    0.015581719591667    0.099360134862506   -0.008332689293750    0.008005865774998 
  -0.097593664294758   -0.012229481889531    0.017466402710468    0.098072797957559   -0.020685463284882   -0.007739428384884 
  -0.097917863966171   -0.015314772398646    0.014417002498659    0.098637145533724   -0.015314772398646   -0.002431213201365 
  -0.099517542155397    0.010186903736482   -0.004184050961510    0.099671831344616    0.010186903736482    0.007161361988517 
  -0.099266353450119    0.014432540781982   -0.004138746959936    0.099527531450094    0.007747920752897    0.007135336285486 
  -0.078828568857100    0.011174440775389    0.008200851722190    0.079819867936488   -0.005871287674865    0.008054769240762 
  -0.078296428570078    0.010787776717439    0.012733117966466    0.078473888556240   -0.013707400714277    0.006991046032877 
  -0.078015207893340    0.012960606669876    0.012323394793887    0.079356339645313   -0.006889210173874    0.005705362974096 
  -0.077880453363384   -0.008085225953618    0.015472982116899    0.078455878617426   -0.016418409884215   -0.005884350679063 
  -0.077834861118110   -0.010573995651011    0.015767340120785    0.078348813681894   -0.010573995651011   -0.006575595879201 
  -0.079687493843523    0.007220383865769   -0.003160163495682    0.079730463789832    0.007220383865769    0.005745455804381 
  -0.079547356896366    0.010456885145671   -0.003514494235703    0.079670788247741    0.005842160832701    0.005896343057309 
  -0.059243007264453    0.007226645053892    0.006551894312823    0.059990415295164   -0.003228235998707    0.005704327754291 
  -0.059061612168439    0.006743217355721    0.009033054751551    0.059195411544878   -0.008944524132878    0.005838358804623 
  -0.058984787137491    0.008075943156131    0.007923727967262    0.059416024242145   -0.005117435097985    0.002652788021077 
  -0.058804990300413   -0.004642254071207    0.010502966104916    0.059191752583261   -0.011272143423749   -0.003585946448371 
  -0.058682376815994   -0.006278745746834    0.011520840081481    0.058817624259007   -0.006278745746834   -0.006691767043529 
  -0.059841196978807    0.004668418575945   -0.002113364424551    0.059842798371196    0.004668418575945    0.004086111500475 
  -0.059795479295062    0.006944598858462   -0.002153897800648    0.059827815264759    0.003922443525372    0.004099395548104 
  -0.039730739276938    0.003506842549111    0.003655117788147    0.040018230680041   -0.001534503843681    0.003395892870745 
  -0.039734738622460    0.003475095766432    0.003600897395604    0.039822262749440   -0.003090096194990    0.000739093636122 
  -0.039696435483492   -0.002932624836836    0.004561536918952    0.039786600445501   -0.005439036158943   -0.001342154893650 
  -0.039701839832482   -0.002356333182482    0.004110993157634    0.039757691467570   -0.002356333182482   -0.003752206442286 
  -0.039961126150324    0.002179289583936   -0.001405013582518    0.039915342719667    0.002179289583936    0.001889317217519 
  -0.039921654161270    0.003751376835315   -0.000705013120696    0.039922721756196    0.002473181265945    0.002020177837978 
  -0.024990557477140    0.000593570362921    0.001373461266314    0.025041613217878   -0.000368987279580    0.001158200168860 
  -0.024987938172490   -0.001281833829165    0.000585943120261    0.025021945612521   -0.001587656357502   -0.000367481875805 
  -0.024995620281049   -0.000945429047995    0.000610591591474    0.025007279768908   -0.000945429047995   -0.000320425703488 
  -0.025033431755842    0.001446169014997   -0.000123561081696    0.025005554733620    0.001207721411663    0.000418448183896 
  -0.025017437894498    0.000945429047995   -0.000180443654506    0.025013932470514    0.000945429047995    0.000388652550520 
  -0.025004455411058   -0.000965386851742    0.000051315463978    0.025016114898917   -0.000925471244248    0.000238850424008 
  -0.025013292207229   -0.001073158991975   -0.000751473754011    0.025004005215275   -0.001073158991975   -0.000861268133976 
  -0.025012693375757    0.000945429047995    0.000128515246745    0.025009187951774    0.000945429047995    0.000079693649268 
  -0.025016233123160    0.001053201188228    0.000766677952014    0.025004337186815    0.001093116795722    0.000954212912044 
  -0.024982478035983   -0.000933876559731   -0.000842769705106    0.024973191044030   -0.001212441424219   -0.000769972182880 
  -0.024962047906253   -0.000070325479817   -0.000119955111904    0.025000211538190   -0.000070325479817    0.000186008408130 
  -0.024979783344830    0.001073158991975    0.000708782706431    0.024967887408485    0.001073158991975    0.001012108157627 
  -0.024954988532064    0.000209607912061   -0.000005853873373    0.025000680547950   -0.000068956952427    0.000066943648853 


       -0.078 
PELAGIC TRAWL		:           0 
Boat to door distance	:      200.04 
Boat Z force 		(N):      -20424 
Boat X force 		(N):       33245 
Warp tension		(N):       36513 
Bottom bridle tension	(N):        7694 
Top bridle tension	(N):       16311 
Head line immersion	(m):      -124.3 
Bottom line immersion 	(m):      -132.3 
Door immersion 		(m):      -108.3 
bottom drag (N)				:            0 
catch drag (N)				:            0 
element drag (N)				:         9444 
surface drag (N)				:        18201 
forces along X Y and Z axes (N)		:  33244.50764   6375.75697 -20423.81318 
maximal catch diameter (m) 			:        0.000 
thickness of the catch (m) 			:        0.000 
volume of the catch (m3) 			:       0.0000 
current amplitude (m/s)			:        2.058 
filtered surface (m2) 				:       107.01 
