      1      268.037666764       13.043020553     -123.039193820
      2      273.319877513       11.306580431     -122.963685880
      3      287.349112371       11.325442426     -123.283052691
      4      309.170309321        4.250011929     -126.307641908
      5      308.776650982        2.806502942     -129.490112805
      6      286.193795586        9.064397734     -131.252615661
      7      272.059177517       10.551718350     -131.864311174
      8      266.801805559       12.451243134     -131.974411611
      9      286.497125087       10.607891328     -129.034289504
     10      286.960032670       10.802220431     -128.411410084
     11      267.828956816       11.701611559     -122.453271588
     12      286.322223796        1.699537121     -123.665864199
     13      286.369050541        0.000000000     -123.666789223
     14      309.206785397        0.000000000     -125.404418261
     15      266.560847208       11.470431717     -132.184591966
     16      285.169128946        1.696866987     -131.292104620
     17      285.255243455        0.000000000     -131.291551333
     18      308.727460271        0.000000000     -129.688208493
     19      313.002127474        3.167338552     -126.418134079
     20      312.698779651        2.084301879     -129.232646699
     21      313.097657340        0.000000000     -125.601617554
     22      312.700705039        0.000000000     -129.451669099
     23      316.910282959        2.620780416     -126.623135501
     24      316.662881864        1.660031444     -129.010730686
     25      317.012416768        0.000000000     -125.825154434
     26      316.681393885        0.000000000     -129.215366394
     27      321.623573045        2.070048290     -127.048468131
     28      321.441295267        1.229996172     -128.756684407
     29      321.700183189        0.000000000     -126.272141856
     30      321.452636410        0.000000000     -128.929201394
     31      326.322563283        1.445062830     -127.555842661
     32      326.227530936        0.867771868     -128.516415578
     33      326.383794136        0.000000000     -126.770444784
     34      326.226356586        0.000000000     -128.658354481
     35      334.224149242        0.458278480     -128.016474244
     36      334.212919466        0.328081243     -128.261535905
     37      334.227218330        0.000000000     -127.792079070
     38      334.214315684        0.000000000     -128.316199070
     39      344.223595018        0.072007315     -128.129952106
     40      344.223747163        0.000000000     -128.101014194
     41      344.223670146        0.000000000     -128.159056687
     42      364.239693062        0.000000000     -128.157395044
     43      364.236958673        0.071915014     -127.977275302
     44      364.239882471        0.000000000     -128.158628092
     45      386.653990034        0.000000000     -127.923060340
     46      386.648684498        0.003509622     -127.915344380
     47      386.653990070        0.000000000     -127.923060315
     48        0.000000000        0.000000000        0.000000000
     49      164.393941525       37.314628240     -107.700722506
     50      166.913053773       37.632098878     -106.102559867
     51      166.733924994       36.403448253     -109.342678390
     52      262.541399391       13.511351697     -122.072364386
     53      261.291392318       13.362418268     -132.395475599
     54      262.092658119       13.362418378     -134.230863777
     55      370.223391806        0.000000000     -128.180097415
     56      376.199831839        0.000000000     -128.198751015
     57      382.170776869        0.000000000     -128.222603602
     58      380.704372888        0.045277511     -127.903291844
     59      374.731563581        0.065180139     -127.907100242
     60      368.753397254        0.077457123     -127.923785767
     61      370.223406935        0.000000000     -128.180334235
     62      376.199834649        0.000000000     -128.198767733
     63      382.170777175        0.000000000     -128.222606942
     64      350.229965333        0.000000000     -128.132485082
     65      356.235862526        0.000000000     -128.142388052
     66      358.261666893        0.061215956     -128.076179156
     67      352.256983711        0.067566845     -128.100375042
     68      360.238242182        0.022509948     -128.116581601
     69      354.233884596        0.021171319     -128.123832518
     70      348.227897810        0.025425763     -128.118514643
     71      350.230081402        0.000000000     -128.146349449
     72      356.235647575        0.000000000     -128.137869672
     73      360.238082368        0.039502272     -128.086922787
     74      354.233696845        0.039624735     -128.110365954
     75      348.227888216        0.044452099     -128.128143039
     76      270.303804781       12.622895939     -123.111614585
     77      278.248562906       11.244151177     -123.160539760
     78      282.835298361       11.032924135     -123.414789643
     79      291.353852803       10.239617588     -123.719510163
     80      294.977171044        9.282361812     -123.973059574
     81      298.484081122        7.922871909     -124.732504013
     82      301.860516175        6.272140820     -125.660488584
     83      305.602540842        5.151673947     -126.101448675
     84      309.196663476        4.309551852     -126.343804928
     85      309.518090626        5.113529861     -126.973539951
     86      309.835701087        6.039856222     -128.070675191
     87      309.559758993        4.997694094     -128.877985995
     88      308.980231185        3.421250428     -129.364536096
     89      304.667742111        3.751013958     -129.753475691
     90      300.858396988        4.754380514     -130.015548061
     91      297.193382217        6.048138984     -130.464935865
     92      293.498812689        7.263051032     -130.889935092
     93      289.757202774        8.136274711     -130.983215610
     94      281.302881228        9.404086548     -131.393175569
     95      276.693374196        9.928578868     -131.607167414
     96      269.948678720       11.480089459     -131.898744463
     97      269.570796576       12.208941563     -131.634155106
     98      272.534022452       11.943024061     -131.246055456
     99      275.493361468       11.671763261     -130.832835882
    100      278.448419530       11.395207844     -130.393349209
    101      281.398699256       11.112845298     -129.926337443
    102      284.343169742       10.823750304     -129.427870214
    103      284.700381036       11.553142406     -126.938201849
    104      281.879977630       11.997637213     -126.017260351
    105      278.976051663       12.298607168     -125.326536236
    106      276.054041098       12.539288153     -124.690575182
    107      273.122243478       12.739776874     -124.086477658
    108      270.188390085       12.919743060     -123.485879653
    109      303.038348724        4.763144942     -129.763600733
    110      306.003513506        4.346920404     -129.502767376
    111      291.875916046        8.239270929     -130.697541554
    112      294.825301807        7.745457323     -130.410689717
    113      297.722161489        7.100525467     -129.956915702
    114      300.655791103        6.584093954     -129.589471983
    115      303.609845492        6.147139562     -129.286115737
    116      306.561554790        5.698266111     -128.977435707
    117      280.164597498        9.723097403     -131.392039344
    118      283.162645604        9.708136836     -131.137919750
    119      286.155724509        9.636149064     -130.872049102
    120      289.137736511        9.410929755     -130.584372542
    121      292.093139938        8.977708738     -130.266557630
    122      294.991829258        8.346270887     -129.801665538
    123      297.931296123        7.842462268     -129.449857891
    124      300.880383132        7.388062320     -129.115270272
    125      303.811759619        6.880155457     -128.714885126
    126      306.780514182        6.688721888     -128.313931122
    127      274.296034354       10.603805507     -131.673997684
    128      277.291258209       10.585646801     -131.395933252
    129      280.282527711       10.512418941     -131.095602550
    130      283.267655918       10.356483317     -130.771237485
    131      286.242125970       10.101988227     -130.417415614
    132      289.201384077        9.741756362     -130.032909426
    133      292.138448816        9.269979122     -129.604956234
    134      295.086560194        8.791184413     -129.268065861
    135      298.028437099        8.303017692     -128.898992561
    136      300.954130988        7.774764248     -128.466413368
    137      303.845060242        7.173064153     -127.915935272
    138      306.651002708        6.266004636     -127.342420113
    139      271.483281263       11.646722719     -131.730076313
    140      274.475136405       11.610906833     -131.443090336
    141      277.461419043       11.499645822     -131.123914271
    142      280.438681038       11.308089524     -130.765162815
    143      283.401449771       11.022988249     -130.355764425
    144      286.339991401       10.619535820     -129.879796353
    145      289.242154087       10.039486475     -129.365789912
    146      292.189091915        9.550642161     -129.041308528
    147      295.133232491        9.069774531     -128.684363801
    148      298.054943910        8.531147237     -128.242578274
    149      300.940807052        7.903286281     -127.700746952
    150      303.740690619        6.973218653     -127.144112108
    151      306.320856150        5.587493986     -126.484324180
    152      289.252200687       10.142265689     -128.830825874
    153      292.207764601        9.689063566     -128.416362212
    154      295.139334657        9.180615691     -127.923622406
    155      298.018063149        8.498324200     -127.356476632
    156      300.801963819        7.488403685     -126.814672241
    157      303.377449322        6.076383258     -126.154031502
    158      289.838298636       10.911896246     -127.277058951
    159      292.766462467       10.551631660     -126.699864547
    160      295.667134348        9.954243701     -126.189218065
    161      298.451616661        8.956237484     -125.664205260
    162      287.302349332       11.846509529     -125.974244614
    163      290.256280854       11.653439223     -125.478556548
    164      293.189865571       11.198027140     -125.039188850
    165      295.863216250        9.941549995     -124.510280809
    166      284.455398087       12.464401918     -125.257290033
    167      287.383607219       12.086264224     -124.725110638
    168      290.282659576       11.692063313     -124.480401974
    169      292.926159709       10.343957408     -124.038789627
    170      281.542570585       12.834831192     -124.641519181
    171      284.434955301       12.208601185     -124.177651972
    172      287.310295286       11.648529905     -124.061232827
    173      278.619380639       13.016543378     -123.990813531
    174      281.463008494       12.168265796     -123.756068641
    175      284.339407472       11.416939452     -123.688999305
    176      275.694675771       12.991650694     -123.321839670
    177      278.484669982       11.973085017     -123.430528886
    178      272.719298117       12.653442471     -123.128688045
    179      275.509958703       11.647913436     -123.164324926
    180      270.523337066       10.496317842     -122.667616827
    181      273.386498176        9.153803771     -122.880797755
    182      276.222407152        7.755321333     -123.076123745
    183      279.023979882        6.291253898     -123.253671497
    184      281.756399957        4.708451467     -123.418878840
    185      284.410486073        3.002217984     -123.568918027
    186      291.709702903        0.000000000     -124.052120172
    187      297.515226870        0.000000000     -124.538795249
    188      303.363943389        0.000000000     -125.035506451
    189      309.195494363        1.383237575     -125.552572477
    190      309.150296186        2.836942821     -125.916375006
    191      270.548684109       11.063766191     -122.644880622
    192      299.715141061        6.807849036     -124.924954733
    193      302.303959506        5.399594941     -125.503917612
    194      305.118258287        4.364713112     -125.704561046
    195      307.987524627        3.489598345     -125.930648699
    196      288.973980169       10.193183301     -123.509596019
    197      291.695731106        9.049911556     -123.549305552
    198      294.349382550        7.677108417     -123.822174975
    199      296.866158591        6.110299637     -124.285796603
    200      299.427320814        4.696753692     -124.956176914
    201      302.250242794        3.690884512     -125.126243001
    202      305.098247424        2.800698252     -125.451894340
    203      308.015040506        2.120975572     -125.657450123
    204      283.264886240       10.489438571     -123.253514505
    205      286.035169540        9.614868328     -123.306932568
    206      288.772092103        8.388646664     -123.385293653
    207      291.428332969        7.012851100     -123.617392957
    208      293.953845709        5.436377566     -123.993016712
    209      296.528323521        3.992851164     -124.537383843
    210      299.353798692        2.998762091     -124.739845057
    211      302.199001804        2.094150732     -125.055976214
    212      305.112527013        1.402575551     -125.278103491
    213      308.035633836        0.729332112     -125.398378552
    214      277.437231029       10.921666623     -123.016432558
    215      280.297953551       10.058490207     -123.091420241
    216      283.100363026        8.991819336     -123.186310338
    217      285.835625700        7.764961325     -123.312805528
    218      288.492604455        6.385442828     -123.519170051
    219      291.021894809        4.799268080     -123.827162279
    220      293.607626802        3.323822558     -124.213146430
    221      296.438152016        2.344328121     -124.435827492
    222      299.282623878        1.422823260     -124.722948740
    223      302.194088623        0.720211418     -124.962138354
    224      274.472359212       10.476884717     -122.874819028
    225      277.338596224        9.559576014     -122.985364571
    226      280.143093870        8.471638362     -123.113123547
    227      282.880650144        7.228374734     -123.265241269
    228      285.540209351        5.830971145     -123.454983948
    229      288.074601141        4.224256584     -123.686867370
    230      290.664909972        2.714458978     -123.957555429
    231      293.505475820        1.739180491     -124.190538006
    232      296.351849461        0.785992187     -124.441152700
    233      271.495066817       10.417152861     -122.676740102
    234      274.351494457        9.290703769     -122.843432719
    235      277.167363639        8.076492235     -123.013138046
    236      279.918608753        6.733730346     -123.188187427
    237      282.593113298        5.253911756     -123.366611529
    238      285.140768614        3.575056979     -123.552175852
    239      287.740184849        1.991936471     -123.755659046
    240      290.595140696        1.025918380     -123.966733136
    241      269.602200857       10.018259193     -132.075318371
    242      272.439371983        8.630139822     -131.961183527
    243      275.262082069        7.215268294     -131.835563230
    244      278.066724858        5.768176933     -131.698369134
    245      280.843549796        4.273753228     -131.549998053
    246      283.570939528        2.699416356     -131.391530699
    247      285.190648532        1.585580741     -131.291295408
    248      290.959286641        0.000000000     -130.908980308
    249      296.786371440        0.000000000     -130.499698660
    250      302.758515940        0.000000000     -130.081617481
    251      308.739673859        0.857896382     -129.649332991
    252      308.751871296        1.807212178     -129.572755601
    253      268.881284414       10.868123318     -132.067711062
    254      305.748849199        0.435407957     -129.871483600
    255      299.777288534        0.497406053     -130.287951051
    256      302.776866443        0.908806052     -130.066429813
    257      305.771319645        1.327208894     -129.829608118
    258      293.861640639        0.805698676     -130.703622553
    259      296.844799566        1.218251476     -130.494628662
    260      299.836173206        1.531588603     -130.277875991
    261      302.820422424        1.868485793     -130.046737802
    262      305.790510556        2.276189883     -129.789205396
    263      288.097973794        0.945238425     -131.103097460
    264      290.981069736        1.763875724     -130.896743428
    265      293.962439557        2.112670675     -130.693062875
    266      296.952725226        2.372670168     -130.480960982
    267      299.935087989        2.685144221     -130.248356853
    268      302.903242630        3.084809959     -129.986718926
    269      288.065824419        2.628740748     -131.085757092
    270      291.071581239        2.983665359     -130.885829415
    271      294.078776284        3.244282258     -130.676200782
    272      297.072075154        3.576153081     -130.438269218
    273      300.047672449        3.999775364     -130.162988753
    274      285.386357340        4.067808471     -131.240406572
    275      288.374995095        4.330390387     -131.065225936
    276      291.369277407        4.524707504     -130.905072697
    277      294.354242449        4.815123341     -130.739434723
    278      297.321705707        5.209554385     -130.509784788
    279      282.671739792        5.445088117     -131.386227906
    280      285.664374691        5.650566164     -131.229914601
    281      288.661353637        5.811400445     -131.104736472
    282      291.648858120        6.090826921     -130.986846013
    283      294.616986199        6.482276748     -130.772652012
    284      279.912096411        6.736168087     -131.527882855
    285      282.908117377        6.876278552     -131.377059872
    286      285.906941163        7.000448469     -131.259614908
    287      288.894608801        7.272300994     -131.133862510
    288      277.110130827        7.939725751     -131.666528932
    289      280.108435990        8.003371169     -131.511262301
    290      283.108870261        8.085007194     -131.383460806
    291      286.096456225        8.350249606     -131.232593607
    292      274.267929468        9.053863111     -131.803816619
    293      277.265447730        9.021733617     -131.637241444
    294      280.264086025        9.040386271     -131.487214094
    295      271.401167075       10.110481532     -131.940709854
    296      274.396195361        9.974901943     -131.755529760
    297      313.330840104        4.339143014     -127.119257132
    298      313.541376440        4.799110400     -128.324070383
    299      312.983179154        3.231076214     -128.907674328
    300      313.068050729        1.447759682     -125.788058412
    301      312.700532759        0.808956026     -129.408760023
    302      310.716661529        0.539444442     -129.545319725
    303      310.728125656        1.498073855     -129.449642960
    304      317.204876089        3.725489186     -127.266704582
    305      316.963357089        2.988919534     -128.473907270
    306      317.000729930        1.170222819     -125.935126922
    307      316.677102627        0.628356104     -129.185835810
    308      314.690157850        0.408009920     -129.316885333
    309      314.682282974        1.089149973     -129.242960603
    310      321.624888951        2.078703887     -127.057895268
    311      321.632261532        2.302207854     -127.968087700
    312      317.986340259        2.172442432     -128.665216654
    313      318.207692734        3.056673617     -127.985583468
    314      318.164609939        2.890007797     -126.970281628
    315      321.681340198        1.108891298     -126.520966367
    316      321.446583397        0.651066955     -128.874158647
    317      319.065015051        0.383865227     -129.053057415
    318      319.054540247        1.041493750     -128.962211924
    319      326.279874862        1.242579762     -128.203461515
    320      322.715071400        1.604289422     -128.356590544
    321      322.805623206        2.092441085     -127.726877978
    322      322.840328862        1.270814470     -126.774149214
    323      322.869490328        0.209838661     -126.414484683
    324      323.836327817        0.382188118     -128.756373325
    325      330.793691987        0.818375928     -127.847218156
    326      334.224153898        0.458503218     -128.018589424
    327      329.676908617        0.620612246     -128.381621961
    328      328.913322554        0.804768473     -128.292590886
    329      331.910308205        0.629618879     -128.087811930
    330      328.306731732        0.854314956     -127.385997399
    331      331.263558781        0.352988405     -127.536119455
    332      330.217819840        0.146525002     -128.460712731
    333      338.939399245        0.178075006     -128.103094272
    334      339.490741150        0.142138560     -128.171128191
    335      337.864568816        0.210269933     -128.168391424
    336      340.216966837        0.000000000     -128.067116366
    337      337.965126339        0.187748358     -128.055793602
    338      340.216124029        0.000000000     -128.195275891
    339      336.213019475        0.207658606     -128.238084366
    340       18.738756241        3.618236270      -11.411667359
    341       37.381960744        7.353214137      -22.941368569
    342       55.921443564       11.210785896      -34.597020273
    343       74.348144589       15.197214557      -46.387139614
    344       92.652011446       19.319211532      -58.320900432
    345      110.821796941       23.583957887      -70.408137196
    346      128.844999798       27.999164893      -82.659457340
    347      146.707615644       32.573099334      -95.086246047
    348      180.556113241       34.693998266     -109.164992770
    349      194.214316860       31.601771202     -111.999568997
    350      207.883708200       28.347287560     -114.587611128
    351      221.559033864       24.921667973     -116.909625936
    352      235.233385293       21.315013796     -118.945317881
    353      248.897930122       17.515994482     -120.673578517
    354      180.236690913       33.363492968     -112.899573318
    355      193.742693537       30.243894596     -116.374149807
    356      207.251181227       27.042229414     -119.763159399
    357      220.761331689       23.755960210     -123.063271432
    358      234.272164720       20.382443736     -126.271054267
    359      247.782605025       16.918900200     -129.382993845
    0.0000110 
    0.0000110 
    0.0006394 
    0.0006337 
    0.0006280 
    0.0006223 
    0.0006165 
    0.0006108 
    0.0006050 
    0.0005992 
    0.0005933 
    0.0000466 
    0.0000995 
   -0.0000358 
    0.0001531 
    0.0001505 
    0.0001479 
    0.0001454 
    0.0001430 
    0.0001407 
    0.0001384 
    0.0003332 
    0.0003304 
    0.0003277 
    0.0003250 
    0.0003223 
    0.0003197 
    0.0003171 
    0.0002951 
    0.0000486 
    0.0001943 
    0.0004980 
    0.0000304 
    0.0000069 
    0.0000035 
    0.0000024 
    0.0000214 
    0.0000160 
    0.0000752 
    0.0000238 
   -0.0028797 
   -0.0033142 
   -0.0037706 
   -0.0043891 
   -0.0056389 
   -0.0066716 
   -0.0071147 
    0.0000347 
    0.0000334 
    0.0000315 
    0.0000289 
    0.0000260 
    0.0000213 
    0.0000161 
   -0.0058878 
   -0.0060982 
   -0.0063025 
   -0.0066219 
   -0.0072614 
   -0.0084460 
   -0.0098361 
    0.0001145 
    0.0001134 
    0.0001122 
    0.0001111 
    0.0001099 
    0.0001084 
    0.0001058 
    0.0000203 
    0.0001073 
    0.0001446 
    0.0001525 
    0.0010523 
    0.0007892 
    0.0001874 
    0.0013337 
   -0.0018212 
   -0.0036331 
   -0.0045258 
   -0.0051097 


  -0.378658355579017    0.128321275124572    0.007294445218314    0.399739747426884   -0.001994742203240    0.033882612443051 
  -0.378467791778791    0.129366950332284    0.007014934146925    0.400684280713981    0.003188167877289    0.032497210227492 
  -0.376047782121176    0.093441853020952    0.020554836083775    0.398815507458651    0.010353868742834    0.029187941547874 
  -0.384015719067391    0.107237614024062    0.005642293390232    0.399739747426884   -0.001994742203240    0.033882612443051 
  -0.364543318715617    0.159254644156267    0.013901927925860    0.398148886335603   -0.026995773870064    0.037169600954211 
  -0.329629541091839    0.220321266906499    0.047666952546073    0.389004808370095   -0.042989401530054    0.028326386651779 
  -0.376010399283848    0.090591533255264    0.021449332969412    0.399077187319949   -0.009598369616981    0.035449419747329 
  -0.365121778073586    0.156390550403231    0.014226478547306    0.387350979862744   -0.080458849622485    0.043227878355750 
  -0.365090604722271    0.156221176854191    0.015089201608305    0.397601600328949   -0.030029241172140    0.038356874636656 
  -0.385075812101043    0.096044566981794    0.013441548969532    0.399077187319949   -0.009598369616981    0.035449419747329 
  -0.382733610507887    0.116133372296622   -0.009106052467069    0.401565321784847   -0.017444700245908    0.029138938442432 
  -0.382925463792229    0.117442241816202   -0.008414630432419    0.399363180672731   -0.002421160829563    0.037075257560195 
  -0.371956762082195    0.136472029177711   -0.010098745119353    0.399255997122199   -0.021802983863284    0.029351658296493 
  -0.383111905186244    0.115006586401025   -0.000519187823234    0.399516039390552   -0.000424226802191    0.030601978167229 
  -0.383111905186244    0.115006586401025   -0.000519187823234    0.398835933545737   -0.009763714580202    0.040044093656517 
  -0.377196650697897    0.126880827685130    0.000809955936181    0.398017094286297   -0.020791416659249    0.043248675326629 
  -0.384015719067391    0.107237614024062    0.005642293390232    0.398017094286297   -0.020791416659249    0.043248675326629 
  -0.386081405479581    0.092141129491534    0.022260923839254    0.396596006950411   -0.033932678662400    0.047176249506379 
  -0.376147822295510    0.131630250680644   -0.003774896117140    0.398835933545737   -0.009763714580202    0.040044093656517 
  -0.385075812101043    0.096044566981794    0.013441548969532    0.397601600328949   -0.030029241172140    0.038356874636656 
  -0.375482907154037    0.136701337659606   -0.006287611145285    0.399363180672731   -0.002421160829563    0.037075257560195 
  -0.365090604722271    0.156221176854191    0.015089201608305    0.393251434691895   -0.065841814183071    0.038246911640408 
  -0.318266251771389    0.242448542982333    0.012386910057256    0.386520350109515   -0.081171962728607    0.060795540150760 
  -0.318286182920580    0.242095936925804    0.012365519468958    0.386247957630940   -0.085990914048390    0.060503201996596 
  -0.364288249210555    0.164300188694824    0.019217611567277    0.394053790203611   -0.057762802342438    0.042375321599381 
  -0.330104679686754    0.226857426151325    0.001763146735283    0.397877789914216   -0.058163065436400    0.035530698279143 
  -0.314923265273433    0.247960632891460    0.008096604039585    0.393901699403522   -0.063690103812419    0.033871933239081 
  -0.330395735539546    0.227165094470002    0.001676271709539    0.395355304304386   -0.055496605033634    0.034777780926030 
  -0.338928563118174    0.213353027091078    0.003039868342214    0.400637534151281   -0.046946272346845    0.033933649157766 
  -0.315480037028782    0.246533861599445    0.009664529509185    0.383508623667558   -0.090323175539487    0.063139883700560 
  -0.317674349417030    0.242793201611051    0.023217166665328    0.395355304304386   -0.055496605033634    0.034777780926030 
  -0.385567448135900    0.101873016579270    0.031153093856373    0.394567747547292   -0.048030915254702    0.051267491616500 
  -0.386081405479581    0.092141129491534    0.022260923839254    0.394053790203611   -0.057762802342438    0.042375321599381 
  -0.385567448135900    0.101873016579270    0.031153093856373    0.386491909331077   -0.084191713478308    0.061985612264262 
  -0.381519023373486    0.117037261086666    0.020415076423001    0.394567747547292   -0.048030915254702    0.051267491616500 
  -0.363265997390204    0.167782441817922    0.018615212240801    0.391150615259926   -0.068857535092828    0.048992495864824 
  -0.317674349417030    0.242793201611051    0.023217166665328    0.391150615259926   -0.068857535092828    0.048992495864824 
  -0.380450725494764    0.123161098001761    0.026227907296482    0.391608631972213   -0.062903632055817    0.057060425704371 
  -0.364044297510418    0.166099389264907    0.020700021834944    0.391928915380140   -0.067174482539813    0.046907686270682 
  -0.363265997390204    0.167782441817922    0.018615212240801    0.393873918487247   -0.058260585579916    0.040447499443114 
  -0.364044297510418    0.166099389264907    0.020700021834944    0.386491909331077   -0.084191713478308    0.061985612264262 
  -0.364288249210555    0.164300188694824    0.019217611567277    0.386247957630940   -0.085990914048390    0.060503201996596 
  -0.379298123817443    0.126496286002405    0.024238937366632    0.391928915380140   -0.067174482539813    0.046907686270682 
  -0.379298123817443    0.126496286002405    0.024238937366632    0.393211601244676   -0.060586659677360    0.044611682578151 
  -0.329139545596248    0.217684449250591    0.048811628858508    0.393251434691895   -0.065841814183071    0.038246911640408 
  -0.378756826478480    0.122800002981994    0.008220158496253    0.396596006950411   -0.033932678662400    0.047176249506379 
  -0.375033745421054    0.139055628197480   -0.007477150578495    0.396320303894526   -0.019338019542688    0.031852873445144 
  -0.375033745421054    0.139055628197480   -0.007477150578495    0.398914018939748   -0.004775451367437    0.038264796993406 
  -0.388653343027174    0.072068149789866   -0.002359147940530    0.398914018939748   -0.004775451367437    0.038264796993406 
  -0.385251792745307    0.098015285228258   -0.013560244887036    0.399865340648960   -0.005099533497008    0.033963334692791 
  -0.394870296683783    0.031092494770001    0.018447225874200    0.396968265883910   -0.025540839654763    0.047833527379949 
  -0.376147822295510    0.131630250680644   -0.003774896117140    0.396968265883910   -0.025540839654763    0.047833527379949 
  -0.397270895910101    0.031404752535602    0.029879969090006    0.391805550652286   -0.053793657150030    0.063462409543248 
  -0.378756826478480    0.122800002981994    0.008220158496253    0.391805550652286   -0.053793657150030    0.063462409543248 
  -0.377196650697897    0.126880827685130    0.000809955936181    0.395035831169829   -0.038013503365537    0.054586452066451 
  -0.396921125103812    0.025144853794451    0.026006781221569    0.395035831169829   -0.038013503365537    0.054586452066451 
  -0.375482907154037    0.136701337659606   -0.006287611145285    0.398171018404264   -0.014834801559164    0.042556808684662 
  -0.391953376120456    0.047077704054638    0.008670556746295    0.398171018404264   -0.014834801559164    0.042556808684662 
  -0.387399390415491    0.083257796862657   -0.006237876138901    0.395570145308592   -0.034614510228212    0.048608072189061 
  -0.390800538003627    0.054810528555591    0.005224377502098    0.395096783426053   -0.035455666895037    0.051746620002522 
  -0.396535591546468    0.024717560849747    0.024502367137084    0.394007741683580   -0.036874055512993    0.058598222958411 
  -0.396826231711890    0.039981560126202    0.031567405956901    0.392596064782439   -0.038545999211186    0.066462297306615 
  -0.397857800704033    0.025350258437631    0.030327784374911    0.393370630102769   -0.037648339555439    0.062268235450169 
  -0.393974147775532    0.035077719912347    0.015723819929477    0.394578535461907   -0.036168106701016    0.055095943232542 
  -0.394710841690588    0.054529277679466    0.030790445395311    0.386955024725633   -0.077339912686556    0.068534192137520 
  -0.392244255380672    0.079198011795433    0.036029528021514    0.392925043790607   -0.065179241951855    0.043264184555467 
  -0.386172630620066    0.102600980455926    0.031888842856150    0.393081517057461   -0.063839294539169    0.044918716340832 
  -0.386172630620066    0.102600980455926    0.031888842856150    0.386955024725633   -0.077339912686556    0.068534192137520 
  -0.391585497039144    0.078883137180024    0.028064353928194    0.393735823287873   -0.065566779940051    0.033460893363690 
  -0.386329103886919    0.101261033043240    0.030234311070785    0.392250253910212   -0.065088896064367    0.049209773372085 
  -0.322807376280788    0.107274567890611    0.210458319181514    0.391542302111764   -0.011652591213160    0.079270499304532 
  -0.307613677494938    0.102607638897161    0.086611373725448    0.400195194022042   -0.063741818269502    0.037964510271171 
  -0.391585497039144    0.078883137180024    0.028064353928194    0.392552076843837   -0.064115683904472    0.047592630237148 
  -0.386329103886919    0.101261033043240    0.030234311070785    0.392925043790607   -0.065179241951855    0.043264184555467 
  -0.380450725494764    0.123161098001761    0.026227907296482    0.393081517057461   -0.063839294539169    0.044918716340832 
  -0.376053787476068    0.059265974213831    0.122792199739858    0.393566973844585    0.016133576378596    0.072997415056051 
  -0.390906349334235    0.026731829474836    0.080546336481605    0.393622823775731    0.045602850131305    0.055377312173987 
  -0.389601408654660    0.032090797988841    0.084794807159926    0.393391382651640    0.050666336586281    0.052558893017773 
  -0.391040603759641    0.022414089507461    0.081215605929083    0.389834393523598   -0.035815090385304    0.017128065891569 
  -0.385338866993838   -0.032819184369387   -0.000788579329340    0.391734972445532   -0.054226181677587   -0.010206662527906 
  -0.391180452472978    0.023995491490631    0.080079734088061    0.394487047145141    0.021320565674720    0.062715405908606 
  -0.387190128910508    0.040129327419375    0.092096548724961    0.393710642142554    0.040715709627872    0.058858771851635 
  -0.310706918202486    0.116268693225560    0.104309882074373    0.388853311427697   -0.013651285732038    0.102859040883897 
  -0.392082155487194    0.075956492372215    0.032492534950403    0.391628244642778   -0.039247086566114    0.071560129124350 
  -0.381519023373486    0.117037261086666    0.020415076423001    0.391608631972213   -0.062903632055817    0.057060425704371 
  -0.319155735234168    0.240029221064768    0.028886885182411    0.393873918487247   -0.058260585579916    0.040447499443114 
  -0.363928314632775    0.165456367720479    0.022779395375839    0.393561239700731   -0.059849793531366    0.041157337334031 
  -0.340987178875706    0.209628501784107    0.001906420577500    0.386227223848561   -0.073017949495642    0.025999514804769 
  -0.320935925473782    0.239582103515001    0.030876492982245    0.395341429940345   -0.059402675981599    0.039167729534198 
  -0.363928314632775    0.165456367720479    0.022779395375839    0.393211601244676   -0.060586659677360    0.044611682578151 
  -0.321652142957881    0.232078838168824    0.032169211905210    0.398922517360840   -0.021886349250711    0.032704134919369 
  -0.366639356075560    0.157585246119309    0.035006744219614    0.390850198257946   -0.067720915132536    0.053384686177806 
  -0.366639356075560    0.157585246119309    0.035006744219614    0.395833941776914   -0.025524475767798    0.053460533794134 
  -0.354704247690234    0.178363281654285    0.048390039597764    0.383898833391588   -0.046302511302774    0.040077238415985 
  -0.319155735234168    0.240029221064768    0.028886885182411    0.393561239700731   -0.059849793531366    0.041157337334031 
  -0.381017150885774    0.119281172186462    0.033129567744932    0.390850198257946   -0.067720915132536    0.053384686177806 
  -0.386027280953294    0.102234245203135    0.028617167935848    0.392552076843837   -0.064115683904472    0.047592630237148 
  -0.386027280953294    0.102234245203135    0.028617167935848    0.390092518524079   -0.070433792561471    0.057677225762173 
  -0.390062385343602    0.082571871336865    0.035733545287205    0.389561522524650   -0.071816972611408    0.058904736966542 
  -0.390062385343602    0.082571871336865    0.035733545287205    0.394075188539379   -0.060426949747632    0.055261821596158 
  -0.386558276952724    0.100851065153198    0.029844679140217    0.385457233920367   -0.080226679394520    0.073397079431735 
  -0.380259471151908    0.121994049615397    0.028837028160566    0.390092518524079   -0.070433792561471    0.057677225762173 
  -0.388747900510157    0.086595793874408    0.042527449017626    0.390876007358096   -0.067793050073864    0.065698640696964 
  -0.388747900510157    0.086595793874408    0.042527449017626    0.384781752220889   -0.083714794131360    0.072244176248271 
  -0.391393858742322    0.064578968559741    0.053066113382533    0.385457233920367   -0.080226679394520    0.073397079431735 
  -0.386558276952724    0.100851065153198    0.029844679140217    0.389561522524650   -0.071816972611408    0.058904736966542 
  -0.381017150885774    0.119281172186462    0.033129567744932    0.395833941776914   -0.025524475767798    0.053460533794134 
  -0.316382958646022    0.182802129267095    0.163167714649525    0.390876007358096   -0.067793050073864    0.065698640696964 
  -0.356603671084346    0.176639736642577    0.043596498970691    0.393395950362148   -0.037684786244236    0.064044941551349 
  -0.380259471151908    0.121994049615397    0.028837028160566    0.392250253910212   -0.065088896064367    0.049209773372085 
  -0.387233758652201    0.097362950416358    0.028691775956753    0.374125662177244   -0.120941268935591    0.076468687862446 
  -0.393770248226326    0.042359126735321    0.058648184467712    0.376502051661248   -0.098721427111171    0.070886616777268 
  -0.391393858742322    0.064578968559741    0.053066113382533    0.374125662177244   -0.120941268935591    0.076468687862446 
  -0.387233758652201    0.097362950416358    0.028691775956753    0.384781752220889   -0.083714794131360    0.072244176248271 
  -0.388649424215105    0.081862537291671    0.032548773591457    0.344629883087544   -0.172330623947321    0.081864017491553 
  -0.387500281986879    0.059146097034978    0.054460710097072    0.345152220464011   -0.182656278609454    0.091823988630469 
  -0.388940071176481    0.086044782591344    0.040160803929074    0.346083117894423   -0.193241850445683    0.043803865803467 
  -0.388041611914658    0.094295202281925    0.026441067296957    0.373317808914787   -0.124009017070024    0.074217979202651 
  -0.395712879607764    0.077875372408574    0.032159245462685    0.343004568607476   -0.196955218710578    0.040166793773290 
  -0.391830240002529    0.068691337624212    0.043925315625444    0.371186756033505   -0.134656068715014    0.072240585493665 
  -0.389699187121247    0.079338389269202    0.045902709334429    0.373317808914787   -0.124009017070024    0.074217979202651 
  -0.391830240002529    0.068691337624212    0.043925315625444    0.344022070787097   -0.184763288937574    0.087971723786052 
  -0.313379621025979    0.195711173226562    0.153395597410239    0.371186756033505   -0.134656068715014    0.072240585493665 
  -0.392454243675638    0.065185236349435    0.044039023764551    0.339260949559435   -0.207749120389699    0.044367410178875 
  -0.395300392437995    0.061317251846367    0.044180859039942    0.343142064330733   -0.202474592231313    0.044173998299042 
  -0.383512662030807    0.083080936315633    0.078155362935238    0.343398067113988   -0.188269390212351    0.088085431925159 
  -0.383907106510478    0.084546068684436    0.082273468299698    0.345088547319388   -0.194548543288142    0.070436368593900 
  -0.392454243675638    0.065185236349435    0.044039023764551    0.343398067113988   -0.188269390212351    0.088085431925159 
  -0.388041611914658    0.094295202281925    0.026441067296957    0.344022070787097   -0.184763288937574    0.087971723786052 
  -0.313457173437064    0.194122600085995    0.155634475636308    0.383830465609799   -0.090972198736566    0.075619436565074 
  -0.389699187121247    0.079338389269202    0.045902709334429    0.383830465609799   -0.090972198736566    0.075619436565074 
  -0.313379621025979    0.195711173226562    0.153395597410239    0.302936684853854   -0.253248393039118    0.044677590987169 
  -0.338126573933164    0.124615104441792    0.173708578269452    0.383031636749334   -0.002018959795837    0.058853976575608 
  -0.338126573933164    0.124615104441792    0.173708578269452    0.390421844026241   -0.048035278047923    0.076959253984378 
  -0.379593499329985    0.082385651848144    0.095593944222926    0.393857536288677   -0.025742707422283    0.066091742200913 
  -0.379593499329985    0.082385651848144    0.095593944222926    0.391600467259075    0.028977841730992    0.057887273102200 
  -0.383023151402654    0.057710000040823    0.100459454616134    0.390427884216009   -0.050418359229603    0.070957252594121 
  -0.334690881670728    0.146907675067432    0.162841066485987    0.386756250818758   -0.079651727917666    0.068086197551857 
  -0.393153589015067    0.016311594921611    0.072994488833120    0.385651295415262   -0.083497334267280    0.061848961157926 
  -0.388377000214321    0.049390569959287    0.082102780269315    0.390427884216009   -0.050418359229603    0.070957252594121 
  -0.383023151402654    0.057710000040823    0.100459454616134    0.391144628951815   -0.060721611039438    0.058582359756995 
  -0.334690881670728    0.146907675067432    0.162841066485987    0.393857536288677   -0.025742707422283    0.066091742200913 
  -0.315928795314168    0.163044357241154    0.151907101362112    0.390421844026241   -0.048035278047923    0.076959253984378 
  -0.388377000214321    0.049390569959287    0.082102780269315    0.393051269195991    0.045860844372268    0.053306678265165 
  -0.389960649003857   -0.003319024534467    0.089196514831967    0.394148212848163    0.028907931237248    0.060182966813077 
  -0.389960649003857   -0.003319024534467    0.089196514831967    0.379150380674158   -0.113103677595047    0.031299318640212 
  -0.396717020581051   -0.045094429775788    0.025753550014624    0.371999228039946   -0.135808756949349   -0.014491895447215 
  -0.396717020581051   -0.045094429775788    0.025753550014624    0.391411175973990   -0.017062723917735    0.032534192534474 
  -0.396259574273381   -0.005378051922898    0.056211110736895    0.379150380674158   -0.113103677595047    0.031299318640212 
  -0.396259574273381   -0.005378051922898    0.056211110736895    0.383378664608623   -0.074676170697313    0.015522552633479 
  -0.396628170511948   -0.043356210759575    0.035493861256092    0.372088078109050   -0.134070537933136   -0.004751584205746 
  -0.396628170511948   -0.043356210759575    0.035493861256092    0.387385221429474   -0.097670265806720    0.014889836726847 
  -0.397111801638069   -0.026024103888770    0.043405300744539    0.383519863679938   -0.100176845813964    0.008942578163442 
  -0.397111801638069   -0.026024103888770    0.043405300744539    0.371999228039946   -0.135808756949349   -0.014491895447215 
  -0.389758659532276    0.024228291404868    0.086760753254610    0.385651295415262   -0.083497334267280    0.061848961157926 
  -0.396020871418887   -0.045716289356073    0.033835806470566    0.372088078109050   -0.134070537933136   -0.004751584205746 
  -0.393153589015067    0.016311594921611    0.072994488833120    0.386540314314387   -0.052560121449282    0.032627821952606 
  -0.389758659532276    0.024228291404868    0.086760753254610    0.393304021052965    0.046298277372963    0.053651085292597 
  -0.387627466040082    0.065871489630980    0.074504916811746    0.386540314314387   -0.052560121449282    0.032627821952606 
  -0.330302503537670    0.165837791945660    0.153337228691125    0.371264308444590   -0.133067495574447    0.070001707267596 
  -0.387627466040082    0.065871489630980    0.074504916811746    0.356446757116820   -0.167530286029208    0.070521072041426 
  -0.396315238720831   -0.005804454326421    0.055889219513993    0.383378664608623   -0.074676170697313    0.015522552633479 
  -0.345120054865439    0.131375001490900    0.153856593464955    0.285091701974783   -0.274093185927802    0.026338110840056 
  -0.353024449274919    0.129295193708536    0.137052338861446    0.291500673186349   -0.272406854564229    0.039963188032123 
  -0.391607538729378    0.053654321744551    0.062865490937152    0.352466684427524   -0.179747453915637    0.058881646166833 
  -0.376844705049561    0.083420778348924    0.103192064827635    0.272230351743879   -0.293534095608456    0.005798428186144 
  -0.345120054865439    0.131375001490900    0.153856593464955    0.356446757116820   -0.167530286029208    0.070521072041426 
  -0.313457173437064    0.194122600085995    0.155634475636308    0.371264308444590   -0.133067495574447    0.070001707267596 
  -0.391607538729378    0.053654321744551    0.062865490937152    0.292361481259582   -0.252943487726350    0.060789190767434 
  -0.396467745474754   -0.034905150579677    0.046123124820711    0.384163919843253   -0.109057892504871    0.011660402239614 
  -0.396118375202066   -0.030878727039549    0.049631136266858    0.369578024840753   -0.025542413458066    0.084201481122386 
  -0.397274192520099   -0.048576392607988    0.032304861203121    0.387127931323594   -0.099749298910151    0.013619759003599 
  -0.394144989731466   -0.033279384277768    0.039707523832381    0.384665547712267   -0.108706788137613    0.010274873751944 
  -0.396118375202066   -0.030878727039549    0.049631136266858    0.383519863679938   -0.100176845813964    0.008942578163442 
  -0.381780758162193    0.090213531754751    0.074902537495594    0.356435209220869   -0.136543650686174    0.061036029996046 
  -0.383904605762742    0.040279987193389    0.051482641438695    0.297613479099744   -0.262062348877101    0.053028159840679 
  -0.392214559830315   -0.058676753019493    0.025476273737576    0.370879296631337   -0.034808422118048    0.076149860279292 
  -0.396315238720831   -0.005804454326421    0.055889219513993    0.352242571243207   -0.164241142409975    0.055551419883601 
  -0.396703701633412    0.021073156418409    0.050116826401663    0.352466684427524   -0.179747453915637    0.058881646166833 
  -0.330302503537670    0.165837791945660    0.153337228691125    0.391144628951815   -0.060721611039438    0.058582359756995 
  -0.316382958646022    0.182802129267095    0.163167714649525    0.386756250818758   -0.079651727917666    0.068086197551857 
  -0.394983846886854   -0.064035434136379    0.010169313211858    0.371310309710026   -0.120331179347907    0.012998285738285 
  -0.315928795314168    0.163044357241154    0.151907101362112    0.394075188539379   -0.060426949747632    0.055261821596158 
  -0.396589383774411   -0.038048454067469    0.041885487378397    0.382507478998691   -0.096452037156377    0.006659706055365 
  -0.389549894161083   -0.086677632981178    0.004624153911086    0.377454379479185   -0.061544949554803    0.033406705707630 
  -0.389854723096119   -0.090079390142149    0.001312219503084    0.371357800778461   -0.129580092774238   -0.032831982452401 
  -0.390652010868716   -0.056833744535444    0.030938402790972    0.371642546411532   -0.141453537633775   -0.043412762198075 
  -0.391841417198392   -0.077108663048813    0.027021793485198    0.369371106676188   -0.116609365680901   -0.007122408470286 
  -0.396079195099132   -0.047802320838658    0.033550097226422    0.390153761837328   -0.078888847263785    0.009239808898314 
  -0.393139874960591   -0.039333069631460    0.035879482960496    0.383880819782532   -0.096963476622343    0.004268556688826 
  -0.391307535162696   -0.083073198977353    0.016082964087169    0.373654596726381   -0.142222782772362   -0.012652012867524 
  -0.395591025212889   -0.057459781885893    0.021612568484407    0.381429669530235   -0.115090188876776   -0.009998357787263 
  -0.391307535162696   -0.083073198977353    0.016082964087169    0.364923008420692   -0.163496221823145   -0.010448144575675 
  -0.394302554075875   -0.069357463176631    0.009758238821900    0.373654596726381   -0.142222782772362   -0.012652012867524 
  -0.395591025212889   -0.057459781885893    0.021612568484407    0.369371106676188   -0.116609365680901   -0.007122408470286 
  -0.394580976890931   -0.066521892293974    0.014140756012614    0.381429669530235   -0.115090188876776   -0.009998357787263 
  -0.391841417198392   -0.077108663048813    0.027021793485198    0.362900124955096   -0.152436232642209   -0.005294604388793 
  -0.385389863226247   -0.077673924999228    0.058662886839376    0.356567221570043   -0.139075445592514   -0.017027945227366 
  -0.378022191119073   -0.084533545656832    0.083729800334264    0.343858388208652   -0.191069685311358   -0.073998142998915 
  -0.364271146053267   -0.037976322589678    0.161546598432501    0.330986512306025   -0.215835412841641   -0.075611402911591 
  -0.380454262154717   -0.089767902251277    0.087304416391392    0.335570138812750   -0.208907837341467   -0.061816217001748 
  -0.389818533732796   -0.088168652229749    0.021868253298317    0.364923008420692   -0.163496221823145   -0.010448144575675 
  -0.389818533732796   -0.088168652229749    0.021868253298317    0.353820192590441   -0.183040418579452   -0.036382589708739 
  -0.391528853699932   -0.083158045228639    0.009665083315290    0.354165448769747   -0.183439408635853   -0.030946573878030 
  -0.389473277553490   -0.088567642286150    0.027304269129026    0.354165448769747   -0.183439408635853   -0.030946573878030 
  -0.389473277553490   -0.088567642286150    0.027304269129026    0.335570138812750   -0.208907837341467   -0.061816217001747 
  -0.391430468544377   -0.083654436284190    0.013096387407846    0.354263833925302   -0.183935799691404   -0.027515269785475 
  -0.386231917527027   -0.091150628325704    0.052730054770029    0.353820192590441   -0.183040418579452   -0.036382589708739 
  -0.391528853699932   -0.083158045228639    0.009665083315290    0.364701689883456   -0.163581068074431   -0.016866025347554 
  -0.391430468544377   -0.083654436284190    0.013096387407846    0.336735031992922   -0.210196471111362   -0.050083167334111 
  -0.393545185893922   -0.060468304944844    0.043553043108898    0.362900124955096   -0.152436232642209   -0.005294604388793 
  -0.393996740879773   -0.071544878802056    0.006341901133499    0.364701689883456   -0.163581068074431   -0.016866025347554 
  -0.395884772003813   -0.034687748601717    0.045543608203626    0.390860112431931   -0.098706388529308   -0.013329654482977 
  -0.396972319358936   -0.007964247453003    0.026410523502220    0.390394020708306   -0.087253459465574   -0.021529547926437 
  -0.395316242226666   -0.059304254160111    0.018881803925060    0.390535238273561   -0.084639813924511    0.001905662247632 
  -0.395316242226666   -0.059304254160111    0.018881803925060    0.382164934865970   -0.122307827010638   -0.014739405699709 
  -0.398280235526613   -0.035849632665757    0.018924246940094    0.382164934865970   -0.122307827010638   -0.014739405699709 
  -0.388691900617823    0.031665992400399    0.003649310066447    0.384911464194228   -0.172184816687797   -0.030620748420737 
  -0.388532470437318    0.091120766859722    0.027372719198029    0.384968403544409   -0.150950968666611   -0.022148102302315 
  -0.385998512569290   -0.054759999485709   -0.014946014361095    0.381754814714471   -0.179001876185428   -0.028424123737682 
  -0.388691900617823    0.031665992400399    0.003649310066447    0.380857018698293   -0.150193212223392   -0.022225682261834 
  -0.385998512569290   -0.054759999485709   -0.014946014361095    0.375449224260751   -0.161894871234729   -0.022627376947281 
  -0.396972319358936   -0.007964247453003    0.026410523502220    0.380857018698293   -0.150193212223392   -0.022225682261834 
  -0.398280235526613   -0.035849632665757    0.018924246940094    0.373933019541437   -0.145058353655018   -0.017034530058239 
  -0.396764030807299   -0.052686150245468    0.013331400051051    0.375449224260751   -0.161894871234729   -0.022627376947281 
  -0.396764030807299   -0.052686150245468    0.013331400051051    0.365007503079558   -0.165768483699856   -0.020282363035955 
  -0.393652680473656   -0.073929557675211    0.008558147050360    0.354607894331419   -0.186320478564558   -0.025299023868613 
  -0.394302554075875   -0.069357463176631    0.009758238821900    0.365007503079558   -0.165768483699856   -0.020282363035955 
  -0.393652680473656   -0.073929557675211    0.008558147050360    0.337238713895666   -0.211489966351471   -0.041065630349463 
  -0.394938852022347   -0.065952585095004    0.010273845593482    0.366832681864510   -0.179034918549392   -0.023339917493524 
  -0.394580976890931   -0.066521892293974    0.014140756012614    0.373933019541437   -0.145058353655018   -0.017034530058239 
  -0.392946140390647   -0.076941251881812    0.011782989294198    0.354607894331419   -0.186320478564558   -0.025299023868613 
  -0.357851548434951   -0.176990579298408   -0.026193627907219    0.373543030734648   -0.195208991325759   -0.023673033638306 
  -0.377982595045364   -0.128468360969306   -0.025194279472873    0.366832681864510   -0.179034918549391   -0.023339917493524 
  -0.334685336518783   -0.218184115641984   -0.020906924576758    0.364322676601842   -0.211040324132559   -0.022027645724410 
  -0.357851548434951   -0.176990579298408   -0.026193627907219    0.356600605963119   -0.197309145351367   -0.023789880167897 
  -0.334685336518783   -0.218184115641984   -0.020906924576758    0.339687375419385   -0.223847303619977   -0.024741909833091 
  -0.394938852022347   -0.065952585095003    0.010273845593482    0.356600605963119   -0.197309145351367   -0.023789880167897 
  -0.392946140390647   -0.076941251881812    0.011782989294198    0.337918905331541   -0.214228608159967   -0.030917789519081 
  -0.377982595045364   -0.128468360969306   -0.025194279472873    0.378121196768727   -0.186464325062595   -0.026043465317874 
  -0.393996740879773   -0.071544878802056    0.006341901133499    0.354263833925302   -0.183935799691404   -0.027515269785475 
  -0.379864329333660   -0.093006586500710    0.085221084032520    0.334544685638437   -0.203278181004955   -0.058194855883497 
  -0.379864329333661   -0.093006586500710    0.085221084032520    0.345175792572854   -0.187767212611925   -0.077195050498254 
  -0.387259868628829   -0.058106275286728    0.094770298188232    0.370938208968228   -0.154584966637127   -0.031427444655176 
  -0.384299009224488   -0.046679810589783    0.097988144299523    0.375239837456662   -0.137984243890755   -0.026752457898484 
  -0.388515924345250   -0.050277999966823    0.082682090571971    0.380697018166120   -0.133327766561942   -0.006944636600711 
  -0.382402065750944   -0.089843813343617    0.077109072672041    0.375239837456661   -0.137984243890755   -0.026752457898484 
  -0.388308384373317   -0.089856276056045    0.039037318796663    0.336735031992922   -0.210196471111362   -0.050083167334111 
  -0.388308384373317   -0.089856276056045    0.039037318796663    0.341488296385933   -0.188472792623476   -0.089384041533341 
  -0.386532972439447   -0.093853670352083    0.055839076182972    0.376389597226300   -0.134115890722112   -0.022675478223876 
  -0.383551825520582   -0.093712166512261    0.073032092997433    0.376389597226300   -0.134115890722112   -0.022675478223876 
  -0.386192546918975   -0.092282989459843    0.051519725804364    0.376730022746771   -0.132545209829871   -0.026994828602485 
  -0.386532972439447   -0.093853670352083    0.055839076182972    0.343263708319804   -0.192470186919515   -0.072582284147031 
  -0.383551825520582   -0.093712166512261    0.073032092997433    0.341488296385933   -0.188472792623476   -0.089384041533341 
  -0.389426229180375   -0.089203814224948    0.043231655112353    0.343263708319804   -0.192470186919515   -0.072582284147031 
  -0.382402065750944   -0.089843813343617    0.077109072672041    0.382568845369785   -0.116681968949666   -0.030145020439196 
  -0.350534715204832   -0.010803916079612    0.160013492795470    0.345175792572854   -0.187767212611925   -0.077195050498254 
  -0.385236960332342   -0.091853345638687    0.063833914535519    0.379733950788386   -0.118691501244736   -0.043420178575718 
  -0.391452703526246   -0.055145705895753    0.070749749955258    0.389346057739734   -0.093598410663297   -0.029563760218625 
  -0.382613433690737   -0.106941573553647    0.062747951657677    0.388905744143964   -0.090629690702837   -0.027407437644054 
  -0.385236960332342   -0.091853345638687    0.063833914535519    0.386520719924323   -0.076913119871054   -0.026420198664198 
  -0.382436175785976   -0.109437505581329    0.053970291779374    0.388462599382062   -0.084389860633634   -0.005463287948298 
  -0.387001798937119   -0.095786669436722    0.050579550848857    0.388905744143964   -0.090629690702837   -0.027407437644054 
  -0.386192546918975   -0.092282989459843    0.051519725804364    0.379733950788386   -0.118691501244736   -0.043420178575718 
  -0.388850390248270   -0.089510329603901    0.044403663278962    0.379360415034292   -0.120614847833077   -0.042150820948001 
  -0.386566082673069   -0.094206336048185    0.052789083432081    0.379360415034292   -0.120614847833077   -0.042150820948001 
  -0.387871135813440   -0.094874775822381    0.037253454880256    0.389747576381380   -0.089765791959053   -0.016036674769519 
  -0.386566082673069   -0.094206336048185    0.052789083432081    0.388470027879915   -0.092210024091375   -0.029616970227278 
  -0.387623822928130   -0.095014036599016    0.038228711287279    0.389129294168103   -0.089417640017465   -0.018474815787078 
  -0.389125118731014   -0.090981884465571    0.042128684922176    0.389747576381380   -0.089765791959053   -0.016036674769519 
  -0.387001798937119   -0.095786669436722    0.050579550848857    0.390537882632581   -0.090594786153909   -0.003922042070790 
  -0.389125118731014   -0.090981884465571    0.042128684922176    0.388470027879915   -0.092210024091375   -0.029616970227278 
  -0.387580010743417   -0.041955101160685    0.071081898652728    0.382568845369785   -0.116681968949666   -0.030145020439196 
  -0.388752890138456   -0.087257862641704    0.040535675348754    0.376730022746771   -0.132545209829871   -0.026994828602485 
  -0.392972489037781   -0.076668199483708    0.018705987880742    0.337918905331541   -0.214228608159967   -0.030917789519081 
  -0.392972489037781   -0.076668199483708    0.018705987880742    0.344764265781062   -0.196726069620164   -0.051464553427172 
  -0.392362243958784   -0.081248477281112    0.034078800076628    0.345374510860059   -0.201306347417569   -0.036091741231286 
  -0.389963349752020   -0.096336334269732    0.026919517728716    0.378742112999438   -0.130037131630730   -0.031064343546439 
  -0.390926786641633   -0.084947931524298    0.022113924392494    0.344764265781062   -0.196726069620164   -0.051464553427172 
  -0.389963349752020   -0.096336334269732    0.026919517728716    0.345374510860059   -0.201306347417569   -0.036091741231286 
  -0.292113016144731   -0.229135597754644   -0.006696869809508    0.353878148877402   -0.227497797657531   -0.020005224910674 
  -0.292113016144731   -0.229135597754644   -0.006696869809508    0.347588676868151   -0.236851065987518   -0.017626576683359 
  -0.312327538073993   -0.165690944170333    0.019899594262515    0.318571103991665   -0.060914005349482   -0.020022930841076 
  -0.289913356138651   -0.285825927367130    0.014213064949169    0.346588831410842   -0.211082734345479   -0.027131092482758 
  -0.346476859663778   -0.128352320447980    0.024365748870918    0.380660779609457   -0.128802412117396   -0.028143211947264 
  -0.391177670302803   -0.086559947341822    0.017958868980188    0.346588831410842   -0.211082734345479   -0.027131092482758 
  -0.392362243958784   -0.081248477281112    0.034078800076628    0.377403361788690   -0.130599258246627   -0.029690808366083 
  -0.391177670302803   -0.086559947341822    0.017958868980188    0.339687375419385   -0.223847303619977   -0.024741909833091 
  -0.390769922241354   -0.084910809742483    0.037572805314755    0.379262914924478   -0.122867314795274   -0.038282833017793 
  -0.388752890138456   -0.087257862641704    0.040535675348754    0.379262914924478   -0.122867314795274   -0.038282833017793 
  -0.389243132131761   -0.090862490822570    0.030817672690950    0.389629562980633   -0.089646398316053   -0.027347687000744 
  -0.388850390248270   -0.089510329603901    0.044403663278962    0.388195299397171   -0.093681578953045   -0.031891948584064 
  -0.390769922241354   -0.084910809742483    0.037572805314755    0.388195299397171   -0.093681578953045   -0.031891948584064 
  -0.389426229180375   -0.089203814224948    0.043231655112353    0.377403361788690   -0.130599258246627   -0.029690808366083 
  -0.389900501834623   -0.090026427224340    0.036360848050061    0.389928367391024   -0.090026427224340   -0.029867312163976 
  -0.388044683142001   -0.095101614756398    0.029840649327891    0.380660779609457   -0.128802412117396   -0.028143211947264 
  -0.388044683142001   -0.095101614756398    0.029840649327891    0.379516485431160   -0.127091773872542   -0.033415292599310 
  -0.386750854135957   -0.098249023359241    0.032406563386596    0.387319008091010   -0.098249023359241   -0.032483446887104 
  -0.388378027549409   -0.106246563138277    0.032815080473221    0.379183141023752   -0.138236722254421   -0.030440861453981 
  -0.390116413731403   -0.092219119526980    0.035551699628865    0.388848807907121   -0.100989888737541   -0.033913054269954 
  -0.391023492748036   -0.080686350665215    0.032705264896272    0.379516485431160   -0.127091773872542   -0.033415292599310 
  -0.350239524061627   -0.128239797530626    0.024648624094879    0.361847457620215   -0.128239797530626   -0.026728835827461 
  -0.391023492748036   -0.080686350665215    0.032705264896272    0.378742112999438   -0.130037131630730   -0.031064343546439 
  -0.389199905647089   -0.091166513949200    0.033061952296483    0.389845695403994   -0.091166513949200   -0.016126288973079 
  -0.390926786641633   -0.084947931524298    0.022113924392494    0.337238713895666   -0.211489966351471   -0.041065630349463 
  -0.381508379644295    0.126031789955972   -0.025882287021572    0.379030711815199    0.126031789955972    0.025127182984708 
  -0.389964106856011    0.107426490072283   -0.027189852410265    0.386980533014533    0.107426490072283    0.027381033951550 
  -0.389964106856011    0.107426490072283   -0.027189852410265    0.398788945784789    0.066320807108490    0.028233014575441 
  -0.381508379644295    0.126031789955972   -0.025882287021572    0.386980533014533    0.107426490072283    0.027381033951550 
  -0.390512646438575    0.100217141694286   -0.025200954682627    0.347473473930942    0.122355351356685    0.023582530378614 
  -0.388258558018271    0.100479744451378   -0.025090622353620    0.379030711815199    0.126031789955972    0.025127182984708 
  -0.355153203852120    0.222788748629529   -0.022094684066316    0.386226063109666    0.124249834730575    0.027513003804923 
  -0.390512646438575    0.100217141694286   -0.025200954682627    0.384412792246947    0.109151639845546    0.027513870941535 
  -0.384076120411881    0.127756939729236   -0.025749450031587    0.384412792246947    0.109151639845546    0.027513870941535 
  -0.390998528994942    0.096112723026812   -0.027557014915438    0.397754523645858    0.055007040063019    0.027865852070268 
  -0.397496987544938    0.066320807108490   -0.027511142589079    0.398788945784789    0.066320807108490    0.028233014575441 
  -0.384076120411881    0.127756939729236   -0.025749450031587    0.397754523645858    0.055007040063019    0.027865852070268 
  -0.390998528994942    0.096112723026812   -0.027557014915438    0.399943721285861    0.054853333221407    0.029536164957085 
  -0.397496987544938    0.066320807108490   -0.027511142589079    0.398711101180546    0.058054394318877    0.028017850848274 
  -0.384314667853982    0.119255893257155   -0.026457895021152    0.397515976203757    0.046505993590938    0.027157407080703 
  -0.357262277176422    0.191875696424435   -0.020619930723505    0.384960619115085    0.105702003407519    0.028397855810610 
  -0.357262277176422    0.191875696424435   -0.020619930723505    0.400767576038932    0.047323281452312    0.026657023568737 
  -0.385447775740681    0.116132624440689   -0.025702205331205    0.400767576038932    0.047323281452312    0.026657023568737 
  -0.385447775740681    0.116132624440689   -0.025702205331205    0.398704755809376    0.034666599058748    0.028280252410582 
  -0.359544819257235    0.179563337160683   -0.023919536196555    0.400959339281917    0.034748919949029    0.027950484428933 
  -0.359544819257235    0.179563337160683   -0.023919536196555    0.398485033958120    0.035010922188560    0.023357418095687 
  -0.388699375575857    0.115315336579315   -0.025201821819239    0.397515976203757    0.046505993590938    0.027157407080703 
  -0.361416053795680    0.176023436896879   -0.021958488593642    0.398485033958120    0.035010922188560    0.023357418095687 
  -0.384314667853982    0.119255893257155   -0.026457895021152    0.398849818624649    0.041778283645203    0.028900356174574 
  -0.388699375575857    0.115315336579315   -0.025201821819239    0.386226063109666    0.124249834730575    0.027513003804923 
  -0.363651964299470    0.209911582951734   -0.021128980559975    0.387516493964304    0.098487648796599    0.028601475745198 
  -0.370243325078294    0.199256493916032   -0.019782810772044    0.391855996190851    0.076475387533221    0.029749143863033 
  -0.367952450821910    0.172143996093694   -0.018887326454520    0.393230520744681    0.060207888839818    0.030286434453547 
  -0.367952450821910    0.172143996093694   -0.018887326454520    0.399017986546892    0.027397073011363    0.020841774029013 
  -0.361949006384452    0.183637286074076   -0.019442844526967    0.388538268713314    0.082723070670003    0.029613157365003 
  -0.373952371882433    0.192945514882651   -0.018292546178282    0.395630489168890    0.051887281324235    0.030048522343052 
  -0.376361344814700    0.188649537031808   -0.016749372879182    0.396951039009479    0.021134512764225    0.029237655600704 
  -0.387954671962530    0.121412937194474   -0.019556196376378    0.386739534388350   -0.100384733309616    0.019480150658244 
  -0.380169206141225    0.181521565487998   -0.013659199315985    0.391929844935886   -0.060312314447267    0.023411482031840 
  -0.378289483474585    0.185082582854483   -0.015217979270062    0.395123458143278   -0.017536594666016    0.027069446071463 
  -0.373595411214751    0.160474355182304   -0.018486143600990    0.395844665569499    0.032404585504027    0.029932363889427 
  -0.373595411214751    0.160474355182304   -0.018486143600990    0.399469462125073    0.018681395339835    0.020109731016422 
  -0.367500975243729    0.163428318422166   -0.019619369467110    0.399469462125073    0.018681395339835    0.020109731016422 
  -0.373290851563047    0.150279015504213   -0.017893657249374    0.399774021776777    0.008486055661745    0.020702217368038 
  -0.373290851563047    0.150279015504213   -0.017893657249374    0.399843171482545    0.016555988849789    0.015659328544746 
  -0.367500975243729    0.163428318422166   -0.019619369467110    0.399597192691226    0.021444570812731    0.016690417214769 
  -0.379065101356074    0.135781659766656   -0.016797219021767    0.399774021776777    0.008486055661745    0.020702217368038 
  -0.382234985748634    0.140882456126639   -0.018252431328055    0.392756156778849   -0.044056670702723    0.025248774836668 
  -0.382234985748634    0.140882456126639   -0.018252431328055    0.399669101565557   -0.004283932502236    0.022210023311046 
  -0.387536147878429    0.111747825796279   -0.016818147005412    0.399337104814200   -0.018077278496450    0.024690679150850 
  -0.382566982499990    0.127089110132424   -0.015771775488251    0.399337104814200   -0.018077278496450    0.024690679150850 
  -0.382566982499990    0.127089110132424   -0.015771775488251    0.399937059473881   -0.010283676791760    0.025663669717844 
  -0.387398196983610    0.113357592834033   -0.016620394165599    0.400026859288293   -0.010028443307681    0.025679443349918 
  -0.378960181144854    0.148551647930636   -0.018305024964775    0.399669101565557   -0.004283932502236    0.022210023311046 
  -0.384805540905459    0.139663170918021   -0.017772745799249    0.397236637911917   -0.039550620897790    0.025424985915340 
  -0.379065101356074    0.135781659766656   -0.016797219021767    0.400057902789369    0.010884803358952    0.017040199434132 
  -0.378960181144854    0.148551647930636   -0.018305024964775    0.395391737211386   -0.002924220696478    0.028304264349348 
  -0.361949006384452    0.183637286074076   -0.019442844526967    0.399017986546892    0.027397073011363    0.020841774029013 
  -0.361416053795680    0.176023436896879   -0.021958488593642    0.399237641561785    0.025908948861483    0.021353765208592 
  -0.396264367439623    0.063119746011020   -0.025992828480268    0.399943721285861    0.054853333221407    0.029536164957085 
  -0.397148142968414    0.058054394318877   -0.024436680920326    0.398776621262535    0.056331790000693    0.029620081208585 
  -0.395780561826367    0.062575001523490   -0.024036683672758    0.399260426875791    0.055787045513163    0.031576226016095 
  -0.396264367439623    0.063119746011020   -0.025992828480268    0.398776621262535    0.056331790000693    0.029620081208585 
  -0.392092431656154    0.083037673450607   -0.028192823697949    0.398849818624649    0.041778283645203    0.028900356174574 
  -0.383193192268141    0.116214945330970   -0.026031973312854    0.400959339281917    0.034748919949029    0.027950484428933 
  -0.384459730669255    0.112144208670700   -0.027077998785145    0.397899895711475    0.044919625229207    0.030818425213643 
  -0.393452962820470    0.072170253166652   -0.028950624500400    0.397899895711475    0.044919625229207    0.030818425213643 
  -0.383193192268141    0.116214945330970   -0.026031973312854    0.397648368437437    0.041663207014706    0.031013883801343 
  -0.392092431656154    0.083037673450607   -0.028192823697949    0.399260426875791    0.055787045513163    0.031576226016095 
  -0.361266516977366    0.170723366073137   -0.030516255416895    0.399237641561785    0.025908948861483    0.021353765208592 
  -0.395780561826367    0.062575001523490   -0.024036683672758    0.397406886811935    0.064000437899270    0.034247002287312 
  -0.384459730669255    0.112144208670700   -0.027077998785145    0.398704755809376    0.034666599058748    0.028280252410582 
  -0.394848098672045    0.062530360616581   -0.028859972693075    0.396011750960361    0.054360545349199    0.034337654094638 
  -0.393452962820470    0.072170253166652   -0.028950624500400    0.397406886811935    0.064000437899270    0.034247002287312 
  -0.384969056748514    0.107816010153846   -0.026335137309798    0.396011750960361    0.054360545349199    0.034337654094638 
  -0.394848098672045    0.062530360616581   -0.028859972693075    0.397456486684800    0.042658140875519    0.037559214338187 
  -0.384969056748514    0.107816010153846   -0.026335137309798    0.395376688385109    0.033124319920306    0.037027670046971 
  -0.381735044650448    0.118801181368302   -0.025321648647010    0.399106516055129    0.044249443052038    0.031724208467188 
  -0.381735044650448    0.118801181368302   -0.025321648647010    0.395753952155140    0.053288765046846    0.034885056982284 
  -0.380742690810378    0.121995387370690   -0.023502643636315    0.396301183326201    0.040201540866041    0.041339533793259 
  -0.382279311423393    0.120852883628030   -0.020805594483943    0.396933909362812    0.040671983510623    0.040228984314571 
  -0.376440738739008    0.137878884187960   -0.022231474256850    0.398909606830721    0.049832258676186    0.042110288100283 
  -0.380742690810378    0.121995387370690   -0.023502643636315    0.396746305995210    0.056482971049234    0.036704061992979 
  -0.384711257943294    0.108887790456199   -0.026882540197444    0.395753952155140    0.053288765046846    0.034885056982284 
  -0.363462232326371    0.161303869427691   -0.046239471340649    0.396746305995210    0.056482971049234    0.036704061992979 
  -0.384711257943294    0.108887790456199   -0.026882540197444    0.397648368437437    0.041663207014706    0.031013883801343 
  -0.362377694012586    0.165196034637344   -0.040155400658515    0.399106516055129    0.044249443052038    0.031724208467188 
  -0.367254996452410    0.158539736459223   -0.020650458137133    0.399843171482545    0.016555988849789    0.015659328544746 
  -0.361056502666240    0.171559058848127   -0.026621836587465    0.397995339019910    0.038722111616246    0.022085063225567 
  -0.360717910549617    0.170093810703342   -0.032988171950975    0.398333931136532    0.037256863471461    0.015718727862058 
  -0.360717910549617    0.170093810703342   -0.032988171950975    0.395661767681425    0.052590805839581    0.030619991310846 
  -0.361266516977366    0.170723366073137   -0.030516255416895    0.397995339019910    0.038722111616246    0.022085063225567 
  -0.367254996452410    0.158539736459223   -0.020650458137133    0.398333931136532    0.037256863471461    0.015718727862058 
  -0.379304564788019    0.127383877005703   -0.013833771779571    0.399818439357424    0.002487020597999    0.020003646676328 
  -0.373076120256223    0.144607830013377   -0.016512786359988    0.400057902789369    0.010884803358952    0.017040199434132 
  -0.379323083486349    0.106380671750036   -0.010406960195263    0.398326276476811    0.014362449740704    0.023542438014247 
  -0.373076120256223    0.144607830013377   -0.016512786359988    0.398355685024111    0.036247003312514    0.016766986352699 
  -0.382445247576589    0.118478635001992   -0.010628105369852    0.399959207959040    0.008035061271045    0.023658099749919 
  -0.382475814473151    0.117273917590369   -0.011421643757035    0.399818439357424    0.002487020597999    0.020003646676328 
  -0.379304564788019    0.127383877005703   -0.013833771779571    0.398344795175141    0.035365654996371    0.020115626429939 
  -0.367233242564832    0.157529876300277   -0.019602199646492    0.398355685024111    0.036247003312514    0.016766986352699 
  -0.361056502666240    0.171559058848127   -0.026621836587465    0.399597192691226    0.021444570812731    0.016690417214769 
  -0.365963086227071    0.156494881224864   -0.034481031176244    0.395750410452160    0.052193310221656    0.028559200145958 
  -0.360629267778882    0.169696315085417   -0.035048963115863    0.393924827088479    0.045785101791994    0.055310784346832 
  -0.359872411503517    0.172366418660460   -0.040664045688450    0.393018098897668    0.042586267003038    0.062037759900867 
  -0.362377694012586    0.165196034637344   -0.040155400658515    0.395661767681425    0.052590805839581    0.030619991310846 
  -0.364279577402188    0.161096400458388   -0.040769919253108    0.390166090269091    0.036929739072673    0.049419895437609 
  -0.373087010105193    0.143726481697233   -0.013164146282747    0.398344795175141    0.035365654996371    0.020115626429939 
  -0.373087010105193    0.143726481697233   -0.013164146282747    0.399096957048637    0.020468496678503    0.031588320280427 
  -0.377900108198601    0.128007685665743   -0.029665177271277    0.397367980363056    0.014821939858671    0.025660766485856 
  -0.368726059554405    0.118832041613718   -0.005218956515802    0.395900337221839    0.038716367141887    0.025764417706686 
  -0.367233242564832    0.157529876300277   -0.019602199646492    0.396399813620355    0.051664139865963    0.020951978855785 
  -0.379237569610064    0.110445202030731   -0.013561175825502    0.398705441774519    0.032384423493683    0.009556765040080 
  -0.360629267778881    0.169696315085417   -0.035048963115863    0.395750410452160    0.052193310221656    0.028559200145958 
  -0.363462232326371    0.161303869427691   -0.046239471340649    0.390364753013915    0.034409599999571    0.057916793024120 
  -0.397148142968414    0.058054394318877   -0.024436680920326    0.398711101180546    0.058054394318877    0.028017850848274 
  -0.179141420359568    0.087338998881736   -0.002408581878657    0.201761437819326   -0.019033737916450    0.016361546469133 
  -0.180239435185645    0.089782906483895   -0.000095024612185    0.199199402005130   -0.013331284129293    0.021759849328189 
  -0.179764926137090    0.082880532298238    0.028815974608350    0.198161064549582   -0.013403061730899    0.025004742064622 
  -0.159580447638683    0.119859778899323    0.011215422253433    0.198215642567201   -0.014763513421014    0.021221257646193 
  -0.160007060451934    0.119691582936741    0.013156497507464    0.197220212906621   -0.015155970573596    0.025750432160559 
  -0.196989681653516    0.020192819437525    0.029228558755403    0.175815652303684   -0.081947906107758    0.043913785732211 
  -0.197211725401626    0.015283257023869    0.021308317785205    0.175297550101403   -0.093403554467157    0.025433219068281 
  -0.189494494390696    0.052837943402743    0.036766024631679    0.175458738624502   -0.083502435820387    0.043554858785721 
  -0.198179433385864    0.039248717812531    0.014565345379747    0.171825330593925   -0.098788521883925    0.021597601912345 
  -0.196701746333737    0.041031096234012    0.016311164752881    0.175273265407012   -0.094629640880890    0.025671178509858 
  -0.192960227449112   -0.042550006933003    0.032295501885536    0.191906904555856   -0.031822051346522   -0.011702507017219 
  -0.191309723374406   -0.049956042342589    0.037339424985051    0.194972126408881   -0.045576117107181   -0.002335221260976 
  -0.192640931379524   -0.051484756596566    0.017988991431304    0.194614705455787   -0.045032555526324   -0.005559600858979 
  -0.192121212671047   -0.051682938838588    0.023901045703255    0.195134424268209   -0.045230737807981    0.000352454595383 
  -0.194167229326090   -0.046107922227982    0.014798438854224    0.194919964996259   -0.046107922227982   -0.004921490445660 
  -0.198533294682855    0.026972222091466   -0.010596016134950    0.198791182092677    0.026972222091466    0.013057923217202 
  -0.197698767008162    0.031845199936381   -0.010401326216670    0.198387122963430    0.026951158419301    0.013655970274533 
  -0.197698766995573    0.031845199776055   -0.010401326282964    0.198513006196916    0.025347896196603    0.012993026599874 
  -0.198398608306439    0.026979243315521   -0.010795365154060    0.198387122963430    0.026951158419301    0.013655970274533 
  -0.197625435968371    0.030913832332675   -0.012311264122911    0.198438598406944    0.032373883159524    0.017416423089844 
  -0.197192012893891    0.033485509175599   -0.008980330496767    0.197094618015913    0.037367038216883    0.018764404024619 
  -0.196497691656300    0.020331777933957   -0.014178191568281    0.197801885662677    0.032262472812094    0.018527812390838 
  -0.197625435968371    0.030913832332675   -0.012311264122911    0.197194638725408    0.037960502103711    0.019533081015268 
  -0.197641827656491    0.035679402006900   -0.008058470872078    0.198444062303713    0.030785359722979    0.015998825150554 
  -0.091992567755580    0.039276119255405    0.002576408943582    0.101472551165322   -0.001050308078104    0.008256003414419 
  -0.080897872163340    0.058321723199809    0.008609288371966    0.099504448390684   -0.006053917018237    0.010844176462045 
  -0.091992567755580    0.039276119255405    0.002576408943582    0.099504448390684   -0.006053917018237    0.010844176462045 
  -0.098605369096029    0.011508284137839    0.013726296676874    0.091587491212933   -0.026840530346661    0.026434145031826 
  -0.100443159029316    0.003898916225431    0.010967727645248    0.089486071379204   -0.042959064947075    0.012403040781495 
  -0.099305842373939    0.006135439271034    0.009049261926763    0.089486071379204   -0.042959064947075    0.012403040781495 
  -0.083536857889257    0.051392852090334    0.013805944561893    0.091587491212933   -0.026840530346661    0.026434145031826 
  -0.096579614583514   -0.015662197185108    0.015870511780709    0.097984955250106   -0.020995491053579   -0.002438666478026 
  -0.096821988825855   -0.017037736156252    0.015048754943535    0.098877601802370   -0.015929481942082    0.000587803663417 
  -0.097674205061701   -0.019503713656314    0.007421296814741    0.098063766321139   -0.019503713656314   -0.003755547228220 
  -0.097766159358279   -0.019996642028247    0.007145379849937    0.098523537804027   -0.017039071796649   -0.002375962404200 
  -0.099539511449289    0.010200248004949   -0.005491757284131    0.099494930847339    0.010200248004949    0.006323377976306 
  -0.099479251296304    0.010640840738624   -0.005092677189660    0.099474844129677    0.010053383760391    0.006190351278149 
  -0.099439374641736    0.010339614071183   -0.005205841206594    0.099347238824532    0.011017309175723    0.006552476162211 
  -0.099490280775020    0.009927894281358   -0.005568123346100    0.099347238824532    0.011017309175723    0.006552476162211 
  -0.099529565271798    0.011053126273935   -0.004614211496312    0.099106730510769    0.012920008121439    0.008130155172700 
  -0.099579383074458    0.011316110057106   -0.004846070608267    0.099256183918749    0.012131056771925    0.008825732508564 
  -0.099112236753304    0.015826872129053   -0.004739420923072    0.099063829551215    0.010273684154065    0.008781817932308 
  -0.099126581928020    0.014413709105831   -0.004364964631804    0.099089209475711    0.012773895656689    0.008119318340065 
  -0.075887163848133    0.025223171223364    0.003979559301165    0.080891243230227   -0.001148615644445    0.006971992624088 
  -0.072003921525560    0.029489343176133    0.018840950173209    0.078709097128054   -0.008669173015558    0.012625905330498 
  -0.073006975313191    0.032938503811883    0.002161817926314    0.078554781227498   -0.008138533147354    0.010059886095119 
  -0.072436214747339    0.027564763712241    0.020025467260371    0.078876721062785   -0.007922907364868    0.012166602697694 
  -0.073407114314619    0.031397750476886    0.003449021341644    0.079416619183273   -0.004819987092485    0.007287447627046 
  -0.076181171674966    0.024287380234144    0.004492177618888    0.079531457031121   -0.005476648969588    0.009342852343558 
  -0.077015234922590    0.014386688920085    0.016779735324778    0.076818632766467   -0.020346794702985    0.007492062839762 
  -0.078503419576872    0.007449913087558    0.013469026082862    0.075871606168288   -0.024761106596411    0.005385247867634 
  -0.076813424294063    0.007582554335342    0.008269479025445    0.068957607707763   -0.037041454090604    0.008892362683512 
  -0.075492856369490    0.018168393032124    0.017151312922460    0.068445550724418   -0.041146167319198    0.005448386052512 
  -0.079689229664343    0.003105579008331    0.010683100610190    0.075151650043752   -0.027398738001657    0.003693793116369 
  -0.072277545815423    0.028271161482409    0.019590702032540    0.078534972579960   -0.009444379547928    0.013103020150072 
  -0.077239242454226   -0.011920150826272    0.017096274687000    0.078883732835437   -0.014453623652396   -0.004587027801438 
  -0.077229533924005   -0.011966415981086    0.016892392971595    0.078790808331899   -0.014010800027739   -0.002635588525419 
  -0.077973615849308   -0.015602970925051    0.008916090191122    0.078285264856859   -0.015602970925051   -0.005983490521905 
  -0.077758931244072   -0.013763025283064    0.013081650896710    0.078261411011833   -0.015807409329717   -0.006446330600304 
  -0.079565155342110    0.008530338382788   -0.004342161585374    0.079476262152314    0.008530338382788    0.005196671758099 
  -0.079597080805352    0.008149695882900   -0.004425946485169    0.079385611550456    0.008906724250021    0.005963292272169 
  -0.079597080805352    0.008149695882900   -0.004425946485169    0.079482647244962    0.008606466882765    0.005213428738058 
  -0.079547025221738    0.008455061209341   -0.004495485688188    0.079385611550456    0.008906724250021    0.005963292272169 
  -0.079699041057495    0.009102542614852   -0.003728854100230    0.079556118613082    0.006544192982804    0.006903833545079 
  -0.079571119842920    0.009675911947645   -0.003474467618023    0.079312560518353    0.009081821515580    0.006658197138261 
  -0.079661088762801    0.010601467797562   -0.003565982282377    0.079556761872314    0.006569598494376    0.006906594084365 
  -0.079653629838366    0.008549979614990   -0.003688279285568    0.079329062517442    0.009307007982111    0.006700959471770 
  -0.058173291241199    0.014488860789191    0.004282925129236    0.060379497404419   -0.001207451473727    0.005432122195260 
  -0.057373784899159    0.016742071612026    0.006073239244117    0.059899793599195   -0.002559377967428    0.004357933726332 
  -0.057438201510023    0.016842024926479    0.005680385263484    0.060014535681400   -0.002737419799648    0.005057704843368 
  -0.058298659275899    0.014010514303476    0.004112611980780    0.059752657230916   -0.003599183902301    0.004580556452980 
  -0.057961112159940    0.013894377960022    0.007079567135017    0.058814880578887   -0.009844716604942    0.005872809941867 
  -0.058774408847431    0.006462807035978    0.010835011488608    0.058567355500085   -0.012106499060086    0.007015771266873 
  -0.059233454592860    0.004549291267479    0.009896067415180    0.057249148155181   -0.017601399221442    0.004319475774815 
  -0.058848926474778    0.005005987611428    0.010265713780233    0.058700694684125   -0.009499718352238    0.008034452277165 
  -0.057943774034055    0.013973888162394    0.006906605710250    0.058537470564724   -0.011116879842895    0.008640192738142 
  -0.057900544924499   -0.008909584823429    0.013105566599915    0.059075443300382   -0.010638925511733   -0.002376961619005 
  -0.057837201034540   -0.005965984354818    0.014938521961984    0.059037436966407   -0.012405085792899   -0.003476734836247 
  -0.057925164658813   -0.008979116462909    0.012958459871692    0.058508393971272   -0.012240399720036   -0.005765169244741 
  -0.058192631085945   -0.010295374504431    0.010608307249102    0.058775860398404   -0.010924141678515   -0.003415016622150 
  -0.058456492491797   -0.011657703381612    0.007215847446437    0.058633781179869   -0.011657703381612   -0.005241725746662 
  -0.058446450489824   -0.011604558021574    0.007366803674374    0.058824579217341   -0.010647941540893   -0.002373557415870 
  -0.057908061342648   -0.005952795089330    0.014685181654771    0.058683135425869   -0.012339139465457   -0.004743436372312 
  -0.059744119999336    0.006776775116970   -0.002939999781423    0.059622652131291    0.006288407332906    0.004044561340817 
  -0.059724313565411    0.006369801963583   -0.002762176189013    0.059618690844506    0.006369801963583    0.004008996622334 
  -0.059854834049792    0.007471444611123   -0.002406047333455    0.059747281305080    0.004303118622997    0.004795299456180 
  -0.059754435541765    0.006808589440210   -0.002899644824466    0.059769300726272    0.004175864580446    0.004696339799602 
  -0.059743521587073    0.006767948310588   -0.002937187799777    0.059764713701836    0.004192945634925    0.004712118731255 
  -0.039604689485320    0.005712393664441    0.001092137878044    0.040037943474391   -0.001420756340481    0.002894411514569 
  -0.039190789290477    0.006424249388665    0.005459117628953    0.039759968259209   -0.003724475043953    0.003175800767700 
  -0.039008602835049    0.008658200638011    0.003103522133870    0.039977934751209   -0.001717314089499    0.002691923166667 
  -0.039104527346775    0.007775959433424    0.003312658584389    0.039760349837268   -0.003718495780404    0.003166305947139 
  -0.039638831050088    0.005552381147912    0.001376676179851    0.040111179468510   -0.001077518536376    0.002284057374688 
  -0.039751330193516    0.004605279905445    0.001889415584086    0.039931081108198   -0.002518528309153    0.001997728125419 
  -0.039516200018760    0.005033436024406    0.004245330744997    0.039987198639703   -0.002439911486171    0.002584064305512 
  -0.039901277178203    0.002593790161596    0.002161621414995    0.039891964503497   -0.003043264764070    0.002068738342178 
  -0.039505759778332    0.004993571870329    0.004189557222791    0.039959808680103   -0.002335327920570    0.002730386081389 
  -0.039757692675884    0.004564705322739    0.001727149056925    0.039959808680103   -0.002335327920570    0.002730386081389 
  -0.039075483916153   -0.000860376394484    0.008610330854395    0.039483460466799   -0.007646559084934   -0.000551783136136 
  -0.039087386223178   -0.000666594756799    0.008318341955010    0.039424360645437   -0.006684354014380   -0.002001627419064 
  -0.038913462053948   -0.006355030854574    0.006478561734765    0.039430178109429   -0.005839592181951    0.000149268453541 
  -0.039474240786685   -0.001448468979442    0.006426569461798    0.039519044994612   -0.005241727813536   -0.003150727505325 
  -0.038861954674924   -0.005602990559640    0.007126476869287    0.039572287265200   -0.005602990559640   -0.003089865991631 
  -0.038910738985697   -0.005959610422373    0.007485364058112    0.039424360645437   -0.006684354014380   -0.002001627419064 
  -0.039472750761057   -0.001453809127167    0.006444616140610    0.039741058813218   -0.006037409824554   -0.000461772362319 
  -0.039990121382933    0.002930500033800   -0.001179496165587    0.039889469591340    0.002930500033800    0.002242057952015 
  -0.039970054121201    0.002662626815630   -0.001245636012863    0.039949671376536    0.002126880379289    0.002043638410186 
  -0.039921740965957    0.003456411306696   -0.000921778151044    0.039912263063665    0.003105803791432    0.002327963956863 
  -0.039890323093740    0.004689196978122   -0.001259468233758    0.039900233216745    0.002633772368982    0.002457264883849 
  -0.039953656024047    0.004179575783167   -0.000716815100238    0.039950811351204    0.002232336724625    0.002080401361331 
  -0.024925114969464    0.001807424151206    0.001225723192583    0.025029969672771   -0.000590152350996    0.001041777371142 
  -0.024953513815543    0.001387043083049    0.001359075124721    0.024948081441883   -0.001649235639786    0.001108625685394 
  -0.025035498301762    0.000680433882433    0.000593884892650    0.025049965198352   -0.000193311489585    0.000684500961106 
  -0.024928980763550    0.001767898895997    0.001207148243398    0.024989937238076   -0.000999458217447    0.000849423504480 
  -0.025008783937519    0.001105702201534    0.000344841294042    0.025009546143302   -0.000836745989635    0.001061305994926 
  -0.025008114353213    0.001133285999261    0.000283466183303    0.025011986472959   -0.000736215617251    0.000837621685798 
  -0.024918113626369   -0.001441756425929    0.001851179325583    0.024945394410751   -0.002631830065795    0.000143444443470 
  -0.024994066222382    0.000314815633521    0.001172813013931    0.024926009020137   -0.002183499958571   -0.000029695075404 
  -0.025041159877092   -0.000576058521538    0.000443364715363    0.025043594191477   -0.000576058521538    0.000019641866089 
  -0.024915485391003   -0.001380502635642    0.001821108015721    0.024999085504657   -0.001380502635642   -0.000470869457997 
  -0.024997154469559    0.000298938278938    0.001183534252510    0.025015708414452   -0.001722335742150   -0.000341097807078 
  -0.025041563359213   -0.000652129343911    0.000449030798680    0.025040308694203   -0.001195492360861    0.000065779973100 
  -0.025002413629568    0.001778683999994   -0.000247591603467    0.024990002802816    0.001137593714246    0.000733486396504 
  -0.025019403460085    0.001297866285683   -0.000267552971119    0.024995666079655    0.001297866285683    0.000740140185721 
  -0.025043222844208    0.000968316160959   -0.000079429350917    0.025047119928680    0.000624230512344    0.000448658044681 
  -0.024998142278294    0.001713328512065   -0.000248050777552    0.025031292531793    0.000505823997600    0.000729047713689 
  -0.025019403460085    0.001297866285683   -0.000267552971119    0.025013665440996    0.000161375111393    0.000712878954109 
  -0.025047764253964    0.000576058521538    0.000006466631781    0.025046562211693    0.000576058521538    0.000459206674135 
  -0.025025155665289   -0.000538735895032   -0.000249975644616    0.025026029792592   -0.000548956721118   -0.000289206743835 
  -0.025024735323996   -0.000530549243243   -0.000248326002162    0.025024061831088   -0.000587285136309   -0.000296930069870 
  -0.025025074317883   -0.000569352716689    0.000274323899424    0.025027508632268   -0.000582764326387    0.000188682682027 
  -0.025024594878379   -0.000547789968903   -0.000133975814250    0.025027671120133   -0.000575456449522    0.000050304954799 
  -0.025026022087382   -0.000552733982932    0.000055473415711    0.025025795996154   -0.000552733982932   -0.000206783981524 
  -0.024982501305750   -0.000579481334271   -0.001339070667787    0.025019940371125   -0.000489949470642   -0.000511423350829 
  -0.024980903797591   -0.000600037467445   -0.001600149325118    0.025024654006312   -0.000550602752478   -0.001281766549622 
  -0.025013724260571   -0.000494074924429   -0.000548293559313    0.025027692345870   -0.000469374492060   -0.000442484524653 
  -0.025012068498975   -0.000489680268810   -0.000533568761488    0.025019940371125   -0.000489949470642   -0.000511423350829 
  -0.025022065830851   -0.000489346692627   -0.000677232439325    0.025001875017032   -0.000489346692627   -0.000771026137096 
  -0.025024306436655   -0.000460246071401   -0.000290358155105    0.025024836838038   -0.000460246071401   -0.000372882907644 
  -0.025014964686455   -0.000534361061214   -0.000498562453929    0.025024061831088   -0.000587285136309   -0.000296930069870 
  -0.025027414833827    0.000555651236868    0.000227580118316    0.025024323640501    0.000537305998820    0.000397744110547 
  -0.025021320349223    0.000595661798811    0.000267844488709    0.025023021906069    0.000528760054493    0.000389143954713 
  -0.025027264467217    0.000586262163873    0.000156044678264    0.025026062424945    0.000565854879203    0.000309628627652 
  -0.025027414833827    0.000555651236868    0.000227580118316    0.025026012302742    0.000555651236868    0.000333473774336 
  -0.025028620850504    0.000576986525045    0.000195268389340    0.025023644524304    0.000549320044771    0.000379549156092 
  -0.025022945838947    0.000534549254136    0.001173569314867    0.024976165074728    0.000616090965787    0.001728075326375 
  -0.025009267244931    0.000493778398311    0.000831446246256    0.025017200856777    0.000493778398311    0.000701706120541 
  -0.025030527811889    0.000516349472052    0.000551414197998    0.024971911772834    0.000605881331935    0.001379061480327 
  -0.025024384125198    0.000495309182334    0.000343796477343    0.025015106981308    0.000488535475692    0.000525504796057 
  -0.025018999326087    0.000484790048299    0.000318836225193    0.025013956829725    0.000490782281640    0.000530836113520 
  -0.025023327413869    0.000600942249841    0.000298192480846    0.025015702022617    0.000548018171660    0.000499824876666 
  -0.025024384125198    0.000495309182334    0.000343796477343    0.025022000647411    0.000495309182334    0.000414461284258 
  -0.024906130387652   -0.000544358148927   -0.002152831068868    0.024911922336564   -0.000646666347572   -0.002013785028126 
  -0.024930824235931   -0.000605939497509   -0.001736480229465    0.024974574444652   -0.000544700722415   -0.001145435645276 
  -0.024940062550239   -0.000619656983130   -0.001911251975187    0.024924093655753   -0.000619656983130   -0.002100438398686 
  -0.024909352803336   -0.000521441112431   -0.002218797436456    0.024894314136576   -0.000521441112431   -0.002374244108161 
  -0.024864295518907   -0.000028076976846   -0.001725856913168    0.024949184088675   -0.000028076976846    0.001602401552604 
  -0.024890564334414   -0.000362220084401   -0.002408198201479    0.024867310919061   -0.000362220084401   -0.002606969754284 
  -0.024887084351545   -0.000399371657608   -0.002356564363393    0.024886326539738   -0.000565226895139   -0.002324827710455 
  -0.024879758485883   -0.000104971834233   -0.002480262545005    0.024863434908175   -0.000454493913266   -0.002581120587584 
  -0.024912048919215    0.000646666358969    0.002015679576236    0.024906006711053    0.000544358154357    0.002154725625089 
  -0.024976086413756    0.000544700726475    0.001155300067712    0.024929305649537    0.000605939493449    0.001746344573530 
  -0.024923836058165    0.000619656983130    0.002100141279246    0.024938867809464    0.000619656983130    0.001919256751217 
  -0.024894311510608    0.000521441112431    0.002373893627661    0.024909252773233    0.000521441112431    0.002220281147332 
  -0.024949182874017    0.000028076976846   -0.001602420442791    0.024864293735424    0.000028076976846    0.001725875412238 
  -0.024886351780277    0.000565226904328    0.002324961448576    0.024887062014455    0.000399371657122    0.002356698103364 
  -0.024867307055005    0.000362220084401    0.002606967046640    0.024890547323451    0.000362220084401    0.002408306967972 
  -0.024863436335572    0.000454493906129    0.002581147310232    0.024879756225963    0.000104971832946    0.002480289269340 


     4540.000 
PELAGIC TRAWL		:           0 
Boat to door distance	:      200.04 
Boat Z force 		(N):      -20478 
Boat X force 		(N):       33522 
Warp tension		(N):       36786 
Bottom bridle tension	(N):        7655 
Top bridle tension	(N):       16658 
Head line immersion	(m):      -123.7 
Bottom line immersion 	(m):      -131.3 
Door immersion 		(m):      -107.7 
bottom drag (N)				:            0 
catch drag (N)				:            0 
element drag (N)				:         9368 
surface drag (N)				:        18555 
forces along X Y and Z axes (N)		:  33522.35839   6414.11050 -20477.78472 
maximal catch diameter (m) 			:        0.000 
thickness of the catch (m) 			:        0.000 
volume of the catch (m3) 			:       0.0000 
current amplitude (m/s)			:        2.058 
filtered surface (m2) 				:        99.24 
Drag of panels (N): 
1		3175.775364
2		1912.758341
3		1689.672577
4		409.874142
5		174.078654
6		160.026916
7		499.264917
8		251.130448
9		241.051452
10		510.293358
11		321.458738
12		301.173961
13		340.683760
14		289.018556
15		267.034399
16		486.528632
17		484.087427
18		466.448265
19		336.855042
20		545.852827
21		545.977728
22		936.688050
23		936.671669
24		1636.478841
25		1636.477388
