      1      266.982376031       12.557997951     -127.545062308
      2      272.269322225       10.727369304     -127.591164827
      3      286.362888558       10.099810753     -128.242154527
      4      308.554064878        3.352253940     -131.929912360
      5      308.562027559        3.611143121     -136.194811764
      6      286.814897008       10.747354189     -140.113741760
      7      272.823800571       11.439059251     -140.882172123
      8      267.579102901       13.354037363     -140.767222260
      9      286.066161107       10.454381441     -134.110683884
     10      285.995576328       10.378964595     -133.317345153
     11      266.814859189       11.433868846     -126.883304293
     12      285.494467448        1.699529210     -128.690246396
     13      285.541566228        0.000000000     -128.690127991
     14      308.557891800        0.000000000     -131.262428018
     15      267.321914982       12.109191772     -141.365684995
     16      285.373165154        1.698319094     -139.895522669
     17      285.443952579        0.000000000     -139.894806713
     18      308.636558295        0.000000000     -137.041008923
     19      312.427216787        2.450475364     -132.217978806
     20      312.450377725        2.688453341     -135.885152718
     21      312.487160917        0.000000000     -131.611075674
     22      312.549842245        0.000000000     -136.676787141
     23      316.363726570        1.989411152     -132.548331464
     24      316.392205175        2.187205545     -135.555597895
     25      316.431264413        0.000000000     -132.019877770
     26      316.481938372        0.000000000     -136.263626890
     27      321.107780871        1.539276746     -133.020269699
     28      321.132392263        1.623768238     -135.118095796
     29      321.161359755        0.000000000     -132.525178456
     30      321.184678004        0.000000000     -135.679957204
     31      325.860111957        1.107656546     -133.480530790
     32      325.868031961        1.118427103     -134.625912200
     33      325.896064567        0.000000000     -132.987655433
     34      325.888374440        0.000000000     -135.060757884
     35      333.815611650        0.429437408     -133.882213139
     36      333.815331274        0.443660998     -134.184937702
     37      333.815742182        0.000000000     -133.741334614
     38      333.823497488        0.000000000     -134.327457526
     39      343.818129796        0.074346072     -134.010375216
     40      343.818247609        0.000000000     -133.982521840
     41      343.818279053        0.000000000     -134.045425871
     42      363.834168268        0.000000000     -134.037815638
     43      363.831430090        0.072159063     -133.857787147
     44      363.834357925        0.000000000     -134.039047778
     45      386.248457784        0.000000000     -133.802858498
     46      386.243152386        0.003522786     -133.795148444
     47      386.248457819        0.000000000     -133.802858474
     48        0.000000000        0.000000000        0.000000000
     49      163.364744352       37.436106640     -109.207604405
     50      166.060385415       36.657079171     -108.145542549
     51      165.308483890       37.231565614     -111.483882836
     52      261.562053268       13.305681175     -126.347659855
     53      262.111470176       14.141144384     -141.690548756
     54      262.912743289       14.141144203     -143.525933723
     55      369.817867743        0.000000000     -134.060381087
     56      375.794308742        0.000000000     -134.078884249
     57      381.765255211        0.000000000     -134.102561134
     58      380.298841325        0.045411991     -133.783315235
     59      374.326032658        0.065376139     -133.787316909
     60      368.347866990        0.077701209     -133.804178779
     61      369.817882870        0.000000000     -134.060618210
     62      375.794311556        0.000000000     -134.078900963
     63      381.765255517        0.000000000     -134.102564478
     64      349.824440803        0.000000000     -134.012865377
     65      355.830337340        0.000000000     -134.022890290
     66      357.856141011        0.061463419     -133.956917882
     67      351.851459803        0.067866659     -133.981432823
     68      359.832716696        0.022591293     -133.997115700
     69      353.828359740        0.021234571     -134.004415732
     70      347.822382732        0.025885927     -133.999120748
     71      349.824555570        0.000000000     -134.027561693
     72      355.830123359        0.000000000     -134.018451178
     73      359.832556303        0.039651226     -133.967517355
     74      353.828171143        0.039796476     -133.991237086
     75      347.822381219        0.045550830     -134.009592125
     76      269.193830695       11.907460050     -127.604112750
     77      277.195887210       10.323993373     -127.941789310
     78      281.785555801       10.068489322     -128.275109625
     79      290.355642829        9.097515641     -128.956619853
     80      294.012623751        7.977133830     -129.664559635
     81      297.595696665        6.713928670     -130.491012894
     82      301.202187893        5.335030430     -131.186400875
     83      304.984719845        4.263061364     -131.586221093
     84      308.580326164        3.423126399     -131.966198327
     85      308.875880979        4.315638790     -132.611059343
     86      309.157288579        5.331021331     -133.624819485
     87      309.056635276        5.048389322     -134.927771441
     88      308.713638338        4.018735649     -135.888213394
     89      304.466509048        4.577517463     -136.545286018
     90      300.678700126        5.586780913     -136.972399222
     91      297.337500788        7.220529743     -138.054354160
     92      293.888964024        8.708727630     -138.983176630
     93      290.298783175        9.752607291     -139.607710677
     94      281.988087725       10.900541819     -140.240295656
     95      277.427958701       11.105743749     -140.529092096
     96      270.736749069       12.418833248     -140.844716129
     97      270.286052708       13.029708006     -140.127969238
     98      273.172470670       12.668874428     -139.393132818
     99      276.037348985       12.286396139     -138.588313866
    100      278.870755743       11.873606520     -137.692264516
    101      281.649408499       11.417666299     -136.656594180
    102      284.290525465       10.893590898     -135.333307592
    103      283.400672904       10.722165901     -132.322026214
    104      280.581251537       11.074116403     -131.357961034
    105      277.727719843       11.409655599     -130.493439635
    106      274.857863648       11.730531474     -129.678754499
    107      271.979739536       12.040208956     -128.889247551
    108      269.097467638       12.341686501     -128.111763021
    109      302.763053886        5.442060103     -136.332987619
    110      305.705812415        4.972656472     -135.951703047
    111      292.350223558        9.802383723     -138.819135073
    112      295.055426225        8.996093103     -137.797237130
    113      297.355617208        7.598356813     -136.468040505
    114      300.147349016        6.794142136     -135.713096023
    115      303.081878938        6.292234795     -135.325694407
    116      306.003675061        5.681578554     -135.006898929
    117      280.861285901       11.116841857     -140.177206214
    118      283.823178358       11.263511752     -139.695870964
    119      286.766320188       11.328755345     -139.105326407
    120      289.632814350       10.961120968     -138.294838852
    121      292.260733402        9.950529062     -137.254901312
    122      294.606527681        8.675805649     -135.883103202
    123      297.392276595        7.852694059     -135.122632036
    124      300.315946792        7.293883366     -134.721866689
    125      303.227750803        6.644982453     -134.375167362
    126      306.149063111        6.179103738     -133.860281780
    127      275.039968222       11.786127657     -140.560384146
    128      278.006893036       11.916876232     -140.112883492
    129      280.957323617       11.906907385     -139.556277038
    130      283.865966382       11.734909734     -138.833099171
    131      286.679105780       11.293588364     -137.882862959
    132      289.351825911       10.510933838     -136.762034307
    133      291.746471462        9.427641990     -135.310951183
    134      294.549022787        8.660504749     -134.547600103
    135      297.470778407        8.070662073     -134.155105613
    136      300.370387206        7.366606105     -133.787125599
    137      303.220197989        6.536728541     -133.311232811
    138      305.981087665        5.446140536     -132.836857110
    139      272.250113656       12.790405685     -140.588041757
    140      275.198232484       12.900384035     -140.037696924
    141      278.072836150       12.582129717     -139.237239311
    142      280.918335971       12.103715923     -138.412220675
    143      283.715964295       11.547655553     -137.478544031
    144      286.402896663       10.875768736     -136.321830842
    145      288.835538452       10.013682738     -134.788984471
    146      291.652020753        9.306079096     -134.024371716
    147      294.580872679        8.733784762     -133.674020615
    148      297.484556794        8.054610651     -133.308000644
    149      300.333003948        7.217243703     -132.851650770
    150      303.096656272        6.136877530     -132.385507920
    151      305.681119236        4.669524690     -131.949069383
    152      288.731473361        9.871015393     -133.536575716
    153      291.669213269        9.313639657     -133.216416197
    154      294.580776187        8.668135494     -132.837441892
    155      297.431055009        7.828996411     -132.387059661
    156      300.183359759        6.706256479     -131.946866373
    157      302.749704621        5.196040210     -131.541432154
    158      288.765124492        9.878436007     -132.699950765
    159      291.683455718        9.253758934     -132.299983074
    160      294.548107467        8.459664629     -131.836449415
    161      297.316846625        7.382576262     -131.369112963
    162      286.030051358       10.464693294     -131.610106007
    163      288.979567940       10.027819564     -131.249389939
    164      291.895234646        9.442148529     -130.833940711
    165      294.657390024        8.358195948     -130.377559346
    166      283.209502604       10.938043676     -130.698394421
    167      286.169508820       10.578872269     -130.347939417
    168      289.110853258       10.130778248     -129.950843575
    169      291.841130110        8.958198748     -129.528354416
    170      280.355144226       11.376974593     -129.880268013
    171      283.299005089       10.911547050     -129.534672298
    172      286.239193326       10.461479234     -129.143581648
    173      277.481328068       11.694431690     -129.075170682
    174      280.395629967       11.044646165     -128.783256642
    175      283.285098864       10.368378349     -128.618115360
    176      274.592048653       11.868158935     -128.282282796
    177      277.443746822       10.977547957     -128.238940443
    178      271.631135769       11.805813966     -127.794594877
    179      274.469413135       10.835190969     -127.841123457
    180      269.507560961       10.223929274     -127.172304401
    181      272.368964666        8.876670085     -127.469591483
    182      275.203527971        7.474195046     -127.753544113
    183      278.009590478        6.015553281     -128.023210615
    184      280.782182238        4.494850944     -128.278830699
    185      283.515576215        2.906607901     -128.521503251
    186      290.950983109        0.000000000     -129.261038436
    187      296.768189551        0.000000000     -129.938113729
    188      302.658100052        0.000000000     -130.640689589
    189      308.551184699        1.064139092     -131.363793237
    190      308.533272573        2.212793755     -131.633422958
    191      269.502885395       10.699797448     -127.159644714
    192      298.943545141        5.786898748     -130.597038556
    193      301.658565314        4.564659389     -131.006495655
    194      304.486531637        3.574760955     -131.264429711
    195      307.364848243        2.754389521     -131.581023313
    196      287.990959702        9.016741979     -128.571398506
    197      290.756394403        7.887023442     -128.850483444
    198      293.458265264        6.642515580     -129.243840755
    199      296.077182607        5.303736528     -129.840911460
    200      298.755773583        4.061327749     -130.381064348
    201      301.581791885        3.089844113     -130.669583308
    202      304.439734672        2.254629017     -131.056258839
    203      307.368254038        1.667903722     -131.371771591
    204      282.222218198        9.558396714     -128.107100188
    205      285.038398583        8.543477094     -128.306943976
    206      287.804284607        7.412653449     -128.580274262
    207      290.514466349        6.164345916     -128.900802559
    208      293.149034518        4.809776463     -129.384346926
    209      295.829282395        3.550349397     -129.879111577
    210      298.655740987        2.586928072     -130.203916626
    211      301.508609796        1.725822028     -130.586022572
    212      304.432073035        1.110980653     -130.918865949
    213      307.375903878        0.560855605     -131.184322276
    214      276.370400562       10.067903330     -127.826980072
    215      279.244968669        9.199250354     -127.962569822
    216      282.062583104        8.170508863     -128.156965252
    217      284.831271488        7.026815874     -128.406456157
    218      287.543855177        5.766829344     -128.708656884
    219      290.189000224        4.386535069     -129.076975646
    220      292.877201918        3.097028023     -129.469082922
    221      295.709700028        2.138219187     -129.806743500
    222      298.559454361        1.240629933     -130.172059360
    223      301.481250416        0.595120449     -130.516110515
    224      273.389086783        9.876910379     -127.539926023
    225      276.260210771        8.946636475     -127.756352012
    226      279.078707420        7.875881445     -127.983535179
    227      281.850889960        6.697595990     -128.231821664
    228      284.568852981        5.406540706     -128.504086242
    229      287.220132187        3.991633715     -128.805425418
    230      289.910863547        2.657818761     -129.130860438
    231      292.755786889        1.691070934     -129.460127557
    232      295.604238811        0.741559389     -129.801508977
    233      270.439657837       10.033285453     -127.219710042
    234      273.274606182        8.838210377     -127.478363022
    235      276.097260310        7.617652688     -127.740139724
    236      278.880680242        6.319479727     -128.005064620
    237      281.613292077        4.926838981     -128.273894106
    238      284.278090887        3.417386993     -128.546374913
    239      286.978899485        1.990657985     -128.834903807
    240      289.838917280        1.032547116     -129.139811498
    241      270.335149777       10.640452775     -141.169984608
    242      273.143686822        9.233836234     -140.972045131
    243      275.926506675        7.782901897     -140.760533637
    244      278.661017433        6.253085246     -140.536217230
    245      281.326384296        4.616892220     -140.299154690
    246      283.890522121        2.837564448     -140.050683541
    247      285.387625347        1.585897527     -139.894750475
    248      291.116454723        0.000000000     -139.229919035
    249      296.883393823        0.000000000     -138.468708639
    250      302.768135205        0.000000000     -137.692005049
    251      308.624777533        1.180115394     -136.868118990
    252      308.584489116        2.393696567     -136.585062336
    253      269.640433291       11.511224556     -141.200204900
    254      305.700294136        0.587264049     -137.303102650
    255      299.829563350        0.564694213     -138.067222599
    256      302.764196750        1.145223629     -137.627011309
    257      305.685564976        1.745301361     -137.136110169
    258      293.991846333        0.810059305     -138.852542809
    259      296.935385272        1.304548267     -138.464440402
    260      299.867277403        1.827403787     -138.045077200
    261      302.779216121        2.384019109     -137.547975442
    262      305.660467262        2.994767897     -136.952463619
    263      288.276275082        0.939750860     -139.575232402
    264      291.140635674        1.762551903     -139.210144250
    265      294.087383592        2.212492411     -138.832259223
    266      297.019269274        2.712909454     -138.408007017
    267      299.929647623        3.262102144     -137.907011147
    268      302.793198756        3.858321534     -137.226387154
    269      288.255375910        2.621331653     -139.554136141
    270      291.224024520        3.081254231     -139.174980624
    271      294.166622000        3.600568681     -138.724657302
    272      297.079851556        4.170847547     -138.175095337
    273      299.948217915        4.790213803     -137.475245206
    274      285.760918480        4.309437844     -139.853438559
    275      288.730496762        4.704696694     -139.608034657
    276      291.688317028        5.170860034     -139.361213150
    277      294.626230084        5.684638939     -139.010553739
    278      297.494732885        6.279510605     -138.355782821
    279      283.190372677        5.887326374     -140.126992632
    280      286.168801214        6.241525240     -139.943580055
    281      289.132175326        6.695396987     -139.749426660
    282      292.079528431        7.202940373     -139.474755001
    283      294.966210142        7.798082469     -138.905663808
    284      280.528079093        7.314249044     -140.374571960
    285      283.513088025        7.620961149     -140.224235474
    286      286.480784762        8.061542191     -140.080995948
    287      289.431685522        8.564443155     -139.846442539
    288      277.796514396        8.612391268     -140.599691805
    289      280.786276371        8.863799527     -140.451415004
    290      283.755852209        9.294161486     -140.323068712
    291      286.708624689        9.795435120     -140.112530124
    292      275.000726701        9.775036923     -140.808041769
    293      277.992676886        9.956183921     -140.630854376
    294      280.959490832       10.373800086     -140.446810532
    295      272.156289874       10.822099151     -141.010615272
    296      275.146772132       10.912848618     -140.757722035
    297      312.687986127        3.526329508     -132.931271634
    298      312.928979215        4.411256171     -134.038602539
    299      312.648008494        3.544190148     -135.179105280
    300      312.470715321        1.067695169     -131.744051574
    301      312.523700934        1.194247794     -136.495057567
    302      310.583102520        0.779748345     -136.759146808
    303      310.543668846        2.013253391     -136.402035624
    304      316.547560434        2.888905363     -133.269605958
    305      316.568378703        3.044534161     -134.506927403
    306      316.422096887        0.838739482     -132.103184105
    307      316.461946724        0.956243668     -136.135790621
    308      314.506110510        0.624885319     -136.401115470
    309      314.467077525        1.539877037     -136.131692619
    310      321.108957889        1.547628205     -133.028971472
    311      321.171488307        2.038990670     -133.813395558
    312      317.653346979        2.451217946     -134.930662037
    313      317.714885556        2.755868995     -133.952846144
    314      317.605717718        2.210484839     -132.985198137
    315      321.146191437        0.806811818     -132.693832488
    316      321.165844293        0.930095682     -135.499889143
    317      318.824990826        0.582364335     -135.908973735
    318      318.787898311        1.446474303     -135.600885075
    319      325.874402315        1.263377866     -134.106531362
    320      322.331603338        1.695270398     -134.417032850
    321      322.326554196        1.724761069     -133.596281180
    322      322.321415634        0.936369029     -132.898739792
    323      322.343425475        0.148679631     -132.658970206
    324      323.525870438        0.537759558     -135.259239562
    325      330.370011343        0.701746536     -133.721122399
    326      333.815682739        0.430594924     -133.884279572
    327      329.294781805        0.800219069     -134.386237420
    328      328.524881551        0.943609571     -134.215641970
    329      331.504268790        0.641306044     -133.947079921
    330      327.853986924        0.634405561     -133.421113143
    331      330.834899007        0.281086994     -133.551678754
    332      329.847990548        0.193536006     -134.626635832
    333      338.534263898        0.183379507     -133.977014189
    334      339.086895781        0.175862552     -134.049955476
    335      337.461340971        0.254233014     -134.043905470
    336      339.811396212        0.000000000     -133.948511492
    337      337.559512778        0.180915802     -133.934119497
    338      339.810955718        0.000000000     -134.093441403
    339      335.813002516        0.292846357     -134.154623471
    340       18.649137237        3.632818767      -11.553329766
    341       37.197629343        7.382212518      -23.230527848
    342       55.636906750       11.254001390      -35.039765652
    343       73.957469442       15.254409643      -46.989821124
    344       92.148780160       19.390101794      -59.090133366
    345      110.199057164       23.668201852      -71.350803556
    346      128.095208795       28.096351499      -83.782704934
    347      145.822578810       32.682732300      -96.397482645
    348      179.687700128       33.642481914     -111.209541484
    349      193.323464030       30.526970108     -114.131584114
    350      206.966100039       27.307050632     -116.904319484
    351      220.613745681       23.979029508     -119.520184273
    352      234.264133801       20.538989420     -121.971392971
    353      247.914620486       16.982720998     -124.249955190
    354      179.154515294       34.319399669     -116.028379885
    355      192.997947622       31.289527397     -120.503195009
    356      206.837236572       28.135771553     -124.904442197
    357      220.670590192       24.851491888     -129.228085422
    358      234.495842909       21.429548477     -133.469915640
    359      248.310475637       17.862219370     -137.625577497
    0.0000110 
    0.0000110 
    0.0006478 
    0.0006421 
    0.0006364 
    0.0006306 
    0.0006249 
    0.0006191 
    0.0006132 
    0.0006074 
    0.0006015 
    0.0000744 
    0.0000780 
   -0.0000413 
    0.0002403 
    0.0002376 
    0.0002350 
    0.0002325 
    0.0002300 
    0.0002275 
    0.0002251 
    0.0002518 
    0.0002488 
    0.0002458 
    0.0002428 
    0.0002398 
    0.0002368 
    0.0002339 
    0.0003597 
    0.0002025 
    0.0001128 
    0.0003683 
    0.0000453 
    0.0000091 
    0.0000118 
    0.0000101 
    0.0000060 
    0.0000048 
    0.0000414 
    0.0000087 
   -0.0006192 
   -0.0010528 
   -0.0014887 
   -0.0018835 
   -0.0023394 
   -0.0029488 
   -0.0033800 
    0.0001604 
    0.0001590 
    0.0001566 
    0.0001526 
    0.0001459 
    0.0001349 
    0.0001257 
   -0.0100713 
   -0.0102764 
   -0.0108559 
   -0.0121478 
   -0.0136855 
   -0.0154396 
   -0.0166585 
    0.0000900 
    0.0000886 
    0.0000862 
    0.0000830 
    0.0000781 
    0.0000690 
    0.0000615 
    0.0000439 
    0.0001069 
    0.0001455 
    0.0001497 
    0.0010448 
    0.0007891 
    0.0001876 
    0.0013337 
   -0.0018213 
   -0.0036331 
   -0.0045259 
   -0.0051097 


  -0.381625133887944    0.120070589062787   -0.000254162839083    0.395589975200005    0.017433143333333    0.059666753866619 
  -0.374737673452002    0.092282375876970    0.037502558694188    0.396208874781874    0.024799365682162    0.059703298218905 
  -0.367933429668370    0.136375133380150   -0.002869973273739    0.395438256495270    0.020357957991322    0.046584705272690 
  -0.381387185802598    0.120619541184574   -0.001420939040077    0.398321204238319    0.023734156318946    0.046274197936905 
  -0.380585715333321    0.106671250000021    0.008576362933415    0.394737781467068    0.028418932189992    0.052426822764381 
  -0.371165224251954    0.077237903417879    0.067397776537234    0.393562080236377    0.024507760925095    0.053913639759912 
  -0.382113965466677    0.085786084399977    0.018612523466675    0.393390744133323   -0.001329179600007    0.074214193866665 
  -0.380585715333321    0.106671250000021    0.008576362933415    0.394918994266679    0.019555986000037    0.064178033333405 
  -0.371328534190482    0.074979529819055    0.070944295752486    0.392418910666682    0.008699145733326    0.078739274266676 
  -0.386713840800023    0.054153918533308    0.036296964800003    0.392418910666682    0.008699145733326    0.078739274266676 
  -0.358212482026087    0.164192171719478    0.058748664010295    0.378293931412719   -0.087376007082513    0.091873031527497 
  -0.374997912594626    0.091224500657637    0.038405356446341    0.394918994266679    0.019555986000037    0.064178033333405 
  -0.374488073600007    0.131134373733331    0.010024875733401    0.395589975200005    0.017433143333333    0.059666753866619 
  -0.385706810045448    0.087503075963266   -0.000115035167694    0.396339068655849    0.034098232427267    0.044565055413880 
  -0.371980608799996    0.133903737066652   -0.003687681466658    0.391576917300532    0.018000044209728    0.045804544920878 
  -0.390522786732139    0.047287577107031    0.023263367267928    0.386707115282466   -0.046332765285203    0.091321860285124 
  -0.392913559901213    0.024413872625075    0.029991823224846    0.393082510399995    0.014663780000012    0.073379311066678 
  -0.384598328933331    0.090029644266651    0.042538363600064    0.387819035333337   -0.022933020133343    0.096423715600004 
  -0.382113965466677    0.085786084399977    0.018612523466675    0.387819035333337   -0.022933020133343    0.096423715600004 
  -0.396950410050648   -0.013025984974975    0.040547632599880    0.383280488799998   -0.042433909066687    0.106727681733328 
  -0.384598328933331    0.090029644266651    0.042538363600064    0.383280488799998   -0.042433909066687    0.106727681733328 
  -0.397679811374773   -0.017842782800091    0.040874733025160    0.381983775334887   -0.050997105200226    0.107309193600493 
  -0.397541124850873   -0.010897021974962    0.043828692249863    0.384855728267265   -0.048111143733388    0.097978189333374 
  -0.393017388133338    0.049174158533323    0.056117132800046    0.379399976133330   -0.063788505866671    0.110002484799986 
  -0.371980608799997    0.133903737066652   -0.003687681466658    0.393082510399995    0.014663780000012    0.073379311066678 
  -0.374488073600007    0.131134373733331    0.010024875733401    0.393390744133323   -0.001329179600007    0.074214193866665 
  -0.386713840800023    0.054153918533308    0.036296964800003    0.382199221599982   -0.049017916933344    0.108065007333270 
  -0.311854918049555    0.245775466392180    0.049362534228092    0.374739140516820   -0.057258799335964    0.099725384342651 
  -0.362321227733347    0.154498299333348    0.069906162800040    0.382199221599982   -0.049017916933344    0.108065007333270 
  -0.362321227733347    0.154498299333348    0.069906162800040    0.360693688933338   -0.107505415999956    0.136253059066663 
  -0.313475547577073    0.239977778070123    0.053577267223857    0.360693688933338   -0.107505415999956    0.136253059066663 
  -0.393827809333508    0.044328986133315    0.054930119066679    0.375085253066497   -0.058842849333337    0.126698161599946 
  -0.335387122086876    0.211451572316545    0.058116462764892    0.385604434979777   -0.076054655683478    0.076123514231481 
  -0.348224073264542    0.191341895941235    0.057785390041359    0.388966498511813   -0.070787828019591    0.076210223880433 
  -0.311521121962468    0.246201992799298    0.050594634646069    0.306692131066689   -0.186364838666682    0.177226216666664 
  -0.307825705992726    0.251452434607201    0.047855761971999    0.357196169028712   -0.114608772622975    0.139794942180383 
  -0.338218406569161    0.207562773581778    0.062889695835778    0.332753776210283   -0.148645586139400    0.165223890345259 
  -0.372625709733347    0.127258127866643    0.072311442400004    0.350389206933338   -0.134745587466661    0.138658338666626 
  -0.366545270266700    0.143659844800021    0.077991640400012    0.372230907733335   -0.107228623599994    0.100659264266627 
  -0.366545270266700    0.143659844800021    0.077991640400012    0.306692131066688   -0.186364838666682    0.177226216666664 
  -0.395085531333166    0.033875625199998    0.053909190400050    0.356362684133501   -0.104353936799963    0.149443820266636 
  -0.393827809333508    0.044328986133315    0.054930119066679    0.350389206933338   -0.134745587466661    0.138658338666626 
  -0.396710886674190   -0.013046007550174    0.039864748825350    0.379399976133330   -0.063788505866671    0.110002484799986 
  -0.395085531333166    0.033875625199998    0.053909190400050    0.373017109866669   -0.074141382666662    0.124490219199951 
  -0.387854332133346    0.074720636800013    0.065715600666689    0.356362684133501   -0.104353936799963    0.149443820266636 
  -0.393017388133338    0.049174158533323    0.056117132800046    0.375085253066497   -0.058842849333337    0.126698161599946 
  -0.381340829199977    0.100244845466636    0.076286935866676    0.319286073466704   -0.144438913066680    0.193477749866660 
  -0.387854332133346    0.074720636800013    0.065715600666689    0.312772570533336   -0.169963121733304    0.182906414666672 
  -0.388124401333365    0.078138766400014    0.069595561600014    0.324352238533341   -0.114944799733319    0.204379516133311 
  -0.393190566400002    0.048644653066653    0.058693795333363    0.319286073466704   -0.144438913066680    0.193477749866660 
  -0.393113539807685    0.066880731908192    0.072044027458518    0.375530973466698   -0.094347152266692    0.101948367333330 
  -0.392666092901703    0.017345684100249    0.044908071924372    0.358257649066665   -0.089584908933308    0.154228425199949 
  -0.381340829199977    0.100244845466636    0.076286935866676    0.371433188533365   -0.109748212000039    0.101396155466659 
  -0.393190566400002    0.048644653066653    0.058693795333363    0.358257649066665   -0.089584908933308    0.154228425199949 
  -0.372625709733347    0.127258127866643    0.072311442400004    0.312772570533336   -0.169963121733304    0.182906414666672 
  -0.395828944699207   -0.000960656875176    0.043310687675394    0.373017109866669   -0.074141382666662    0.124490219199951 
  -0.388124401333365    0.078138766400014    0.069595561600014    0.373673509999973   -0.102284965466672    0.101780143999982 
  -0.357758857284340    0.166912094537691    0.059033634450443    0.386761592048989   -0.036604121729002    0.097192478983674 
  -0.385678489199982    0.045332070149985    0.046923087699971    0.324352238533341   -0.114944799733319    0.204379516133311 
  -0.397252112300706    0.006548354300083    0.050960214574781    0.370487034130671   -0.060792029466201    0.138089378132194 
  -0.386527523624464    0.065069370988514    0.057000670920602    0.322842844000930   -0.079856264909267    0.222295219636656 
  -0.370700489143863    0.049028758000178    0.142188419857470    0.390105460254181   -0.066509567111137    0.037001949809300 
  -0.393867495243026    0.069332021171432    0.065318883185934    0.379750539442059   -0.084415390371290    0.093348863014072 
  -0.396102248050669    0.028431540300088    0.057401076849738    0.352148928801838   -0.069876720133594    0.176438211733932 
  -0.382647492665880    0.042783449999923    0.108624684799853    0.398227012740529   -0.015515514555526    0.037956656666690 
  -0.384302919732568    0.040197005999900    0.103664603999717    0.397007379593036   -0.030282504000061    0.038644804999773 
  -0.384562110367225    0.039329354546659    0.103036493272764    0.388341489657564   -0.070466213485178    0.006619656757532 
  -0.383749881601557    0.041290330933498    0.105267593067178    0.398093235999770   -0.015480623481456    0.037823870481455 
  -0.380470892534421    0.044738559466805    0.115269519867043    0.397714255369764   -0.027546569518442    0.041265868148300 
  -0.375922848931312    0.046926733599737    0.128542023999258    0.396576175148364   -0.041643271222265    0.043396127444280 
  -0.397617866399199   -0.008124194425173    0.045192052375369    0.377787567733314   -0.055038615866670    0.119473246666685 
  -0.348760649333318    0.180277604400029    0.082652212800038    0.372230907733335   -0.107228623599994    0.100659264266627 
  -0.348760649333318    0.180277604400029    0.082652212800038    0.392367803866682   -0.062587150799971    0.050837942933333 
  -0.351641281936639    0.186107474432198    0.043037697660621    0.394726170443217   -0.058761029975101    0.058155166624309 
  -0.367342989466670    0.141140256399976    0.078728531600044    0.371433188533365   -0.109748212000039    0.101396155466659 
  -0.367342989466670    0.141140256399976    0.078728531600044    0.391270656266662   -0.066920978800010    0.051653548799974 
  -0.349857796933338    0.175943776399990    0.083467818666679    0.391270656266662   -0.066920978800010    0.051653548799974 
  -0.347831615195877    0.192288127345818    0.054857820964429    0.392367803866682   -0.062587150799971    0.050837942933333 
  -0.348674164491665    0.184224627058330    0.078670837525014    0.388389183958331   -0.089701682791630    0.047303044875002 
  -0.368790952800017    0.133553142799988    0.080510362400003    0.389572816400005   -0.081420832133290    0.042506063733337 
  -0.349857796933338    0.175943776399990    0.083467818666679    0.389572816400005   -0.081420832133290    0.042506063733337 
  -0.370123234400004    0.128453853199937    0.084230875599993    0.388240534800017   -0.086520121733341    0.046226576933327 
  -0.368790952800017    0.133553142799988    0.080510362400003    0.389822692933315   -0.074508092399998    0.053435379599932 
  -0.350178640891672    0.173533574024987    0.078149576358347    0.395911565958369   -0.036246417624917    0.049909350708337 
  -0.352815482472175    0.181511183541747    0.038905211013894    0.386506766694463   -0.090935066208258    0.029227760097220 
  -0.379355784666654    0.103570494266664    0.075568143466736    0.389822692933315   -0.074508092399998    0.053435379599932 
  -0.386266937866640    0.086076579599994    0.069763784933362    0.389567416000030   -0.078645690133338    0.052332598666669 
  -0.379100507733369    0.107708092000004    0.076670924399999    0.389567416000030   -0.078645690133338    0.052332598666669 
  -0.389406318933349    0.075324839599992    0.065039466666667    0.380093706850496   -0.083954404338324    0.093327369435667 
  -0.389406318933349    0.075324839599992    0.065039466666667    0.390513590133332   -0.076305911200000    0.046713480133311 
  -0.385320763733337    0.088416358533333    0.064144666400004    0.390513590133332   -0.076305911200000    0.046713480133311 
  -0.386266937866640    0.086076579599994    0.069763784933362    0.375530973466698   -0.094347152266692    0.101948367333330 
  -0.385320763733337    0.088416358533333    0.064144666400004    0.386614506533313   -0.093874129066655    0.049064001866608 
  -0.380981812933358    0.096216486933350    0.078405568400016    0.389508307733331   -0.062117161999960    0.068651410933334 
  -0.388221254666663    0.077313985999991    0.061013922400002    0.391698654400019   -0.074316764800000    0.042687935866646 
  -0.388221254666663    0.077313985999991    0.061013922400002    0.387157882000012   -0.090556548133317    0.048802662799991 
  -0.387211836933329    0.075306179999991    0.068862057600044    0.388208389066654   -0.086067221733318    0.050529907333335 
  -0.387211836933329    0.075306179999991    0.068862057600044    0.391698654400019   -0.074316764800000    0.042687935866646 
  -0.384777388266639    0.091733939466670    0.063883327333387    0.387157882000012   -0.090556548133317    0.048802662799991 
  -0.380981812933358    0.096216486933350    0.078405568400016    0.386614506533313   -0.093874129066655    0.049064001866608 
  -0.379355784666654    0.103570494266664    0.075568143466736    0.388240534800017   -0.086520121733341    0.046226576933327 
  -0.364676417866660    0.078167638266677    0.145312634400041    0.393452166519294   -0.050321300296415    0.038737624555174 
  -0.370123234400004    0.128453853199937    0.084230875599993    0.389508307733331   -0.062117161999960    0.068651410933334 
  -0.379100507733369    0.107708092000004    0.076670924399999    0.373673509999973   -0.102284965466672    0.101780143999982 
  -0.390515349600021    0.047683307066657    0.073206529200005    0.379974771066668   -0.110650341866653    0.063452371733323 
  -0.366801630725031    0.131918235033253    0.090004475758330    0.380222071125023   -0.094233967166595    0.083722451708335 
  -0.384959205466642    0.090735354933329    0.061277605466679    0.379792953866665   -0.111648926399995    0.060846649866615 
  -0.384777388266639    0.091733939466670    0.063883327333387    0.379974771066668   -0.110650341866653    0.063452371733323 
  -0.390515349600021    0.047683307066657    0.073206529200005    0.368118623466709   -0.145411733999960    0.063250093466593 
  -0.368292788958364    0.124755129199923    0.095215635991664    0.387677862291691   -0.058418437999946    0.057666650541663 
  -0.387644860916668    0.048235985324956    0.064703292141604    0.350123847583317   -0.183620324124961    0.070464726791714 
  -0.389493390708186    0.073986150533362    0.061253377800033    0.350086082041519   -0.192987802666835    0.024728090999848 
  -0.389346270241556    0.070122932366651    0.053155820766655    0.349350479708368   -0.173671711833281    0.065215876166737 
  -0.384590852400015    0.092098265866699    0.060179892000072    0.368118623466709   -0.145411733999960    0.063250093466593 
  -0.391425932716678    0.038822007358280    0.064381141208284    0.369029206583366   -0.136550434291583    0.072075481458314 
  -0.398510134250273    0.058350155250111    0.052034322625229    0.345987562249661   -0.200095073250131    0.020537611374937 
  -0.386926525200010    0.081567027733347    0.061945481200056    0.368486976533336   -0.144048823066590    0.062152379999986 
  -0.384959205466642    0.090735354933329    0.061277605466679    0.368486976533336   -0.144048823066590    0.062152379999986 
  -0.384393005599979    0.084089095733305    0.073414699466665    0.380037176266675   -0.111885211066638    0.060050964133325 
  -0.386926525200010    0.081567027733347    0.061945481200056    0.380037176266675   -0.111885211066638    0.060050964133325 
  -0.388439535066649    0.075917193200027    0.058485539600008    0.366973966666698   -0.149698657599910    0.058692438399938 
  -0.387170747600021    0.081803312399990    0.062741166933347    0.379792953866665   -0.111648926399995    0.060846649866615 
  -0.390855282000158    0.070202069333234    0.054351630533324    0.343057618314460   -0.206583879152018    0.024842782794644 
  -0.394085485909034    0.064050257755654    0.056433419849930    0.347462445030074   -0.198195039081617    0.022003977116505 
  -0.389345003255451    0.074782442753609    0.058392775595364    0.342179314933317   -0.201362169200122    0.054057895866636 
  -0.390855282000158    0.070202069333234    0.054351630533324    0.342179314933317   -0.201362169200122    0.054057895866636 
  -0.389729104556685    0.075204930471336    0.063719309491765    0.343825467129810   -0.203172834986189    0.031229841275078 
  -0.382201751199849    0.090175971066645    0.077033788000062    0.366973966666698   -0.149698657599910    0.058692438399938 
  -0.388439535066649    0.075917193200027    0.058485539600008    0.344595061866827   -0.195647045333329    0.058191804933320 
  -0.384590852400015    0.092098265866699    0.060179892000072    0.344595061866827   -0.195647045333329    0.058191804933320 
  -0.386309395866647    0.078083125333327    0.071661175733326    0.389110830133336   -0.083290276399982    0.053329025466617 
  -0.387170747600021    0.081803312399990    0.062741166933347    0.388208389066654   -0.086067221733318    0.050529907333335 
  -0.382201751199849    0.090175971066645    0.077033788000062    0.338058206710129   -0.210243053651761    0.043303462324100 
  -0.376073167200002    0.063113384266681    0.121561544800011    0.393268877600000   -0.058249830666659    0.048095475733267 
  -0.364676417866660    0.078167638266677    0.145312634400041    0.389110830133336   -0.083290276399982    0.053329025466617 
  -0.383175487733350    0.042327612933332    0.107346310800013    0.397933682147490   -0.015768757370298    0.037246448889001 
  -0.380581117066655    0.058524122266676    0.109083521066714    0.394667495466668   -0.047889520933347    0.046727333866606 
  -0.360518370399996    0.103208083999999    0.140079084666691    0.393268877600000   -0.058249830666659    0.048095475733267 
  -0.380581117066655    0.058524122266676    0.109083521066714    0.397653019518522   -0.019887923518513    0.037829202148117 
  -0.353716376133336    0.130997853333371    0.133667827200028    0.388755560800003   -0.078089471333288    0.055393230400000 
  -0.360518370399996    0.103208083999999    0.140079084666691    0.381953566533343   -0.105879240666660    0.061804487866664 
  -0.382733830800006    0.044356637466640    0.108435615866665    0.392179258399998   -0.059745869466625    0.052946112266651 
  -0.374674549333334    0.073473693999993    0.120193402933349    0.388755560800003   -0.078089471333288    0.055393230400000 
  -0.387116682933318    0.017746548666686    0.100188754133399    0.392025098266663   -0.060009042133352    0.052145419999999 
  -0.382733830800006    0.044356637466640    0.108435615866665    0.392514781733318   -0.062057005733383    0.046079428666557 
  -0.353716376133336    0.130997853333371    0.133667827200028    0.369165221066828   -0.143611782266570    0.062311526933335 
  -0.374674549333334    0.073473693999993    0.120193402933349    0.394667495466668   -0.047889520933347    0.046727333866606 
  -0.386309395866647    0.078083125333327    0.071661175733326    0.381953566533343   -0.105879240666660    0.061804487866664 
  -0.387116682933318    0.017746548666686    0.100188754133399    0.392514781733318   -0.062057005733383    0.046079428666557 
  -0.394788384533354   -0.008312662533320    0.065025055866710    0.391182121370377   -0.057232319851850    0.017178389370324 
  -0.385237255333307    0.023163632666638    0.105718384800006    0.388573586533350   -0.086638070000029    0.038921871999942 
  -0.397147637064229   -0.029286219940656    0.042079732878317    0.377634034799348   -0.112840917794248   -0.006131043408996 
  -0.393497897999733   -0.018356053058583    0.037838202868017    0.385362893780061   -0.089694682686926   -0.015113106710717 
  -0.394788384533354   -0.008312662533320    0.065025055866710    0.380226422533307   -0.118748130399994    0.005778980399979 
  -0.385237255333307    0.023163632666638    0.105718384800006    0.397266917259908   -0.025551011407489    0.038074310333026 
  -0.393584419333350   -0.008946427733327    0.072575493200043    0.380226422533307   -0.118748130399994    0.005778980399979 
  -0.395203563362545   -0.024392772890342    0.048107474133665    0.383484606230916   -0.103429156647556    0.006483813432069 
  -0.398694061627017   -0.009182445541608    0.041938378548787    0.384146919543020   -0.105453983496437   -0.003343282587810 
  -0.396577824933328   -0.018980931733334    0.053042264799946    0.384989749595428   -0.109356410221725    0.001079043638223 
  -0.398218233509543   -0.007185577532977    0.042176755888701    0.378436982133333   -0.129416399600007   -0.006203810666784 
  -0.393584419333350   -0.008946427733327    0.072575493200043    0.385262519599989   -0.090169042133365    0.022018837599899 
  -0.396577824933327   -0.018980931733334    0.053042264799946    0.378436982133333   -0.129416399600007   -0.006203810666784 
  -0.383175487733350    0.042327612933332    0.107346310800013    0.388573586533350   -0.086638070000029    0.038921871999942 
  -0.371250851733339    0.091817295866656    0.117746284800000    0.392179258399998   -0.059745869466625    0.052946112266651 
  -0.376073167200002    0.063113384266681    0.121561544800011    0.396492664999092   -0.032650687518407    0.039518083444698 
  -0.371250851733339    0.091817295866656    0.117746284800000    0.368287383733347   -0.144527010799965    0.060850848666640 
  -0.354594213466817    0.130082624799976    0.132207148933333    0.332727891017580   -0.213901830227836    0.035199635383571 
  -0.382039499783206    0.064343671402792    0.101202790409395    0.364036913600012   -0.156343933333342    0.056331887866569 
  -0.375501321866674    0.080000373333279    0.113227323999930    0.364036913600012   -0.156343933333342    0.056331887866569 
  -0.375501321866674    0.080000373333279    0.113227323999930    0.336201787653901   -0.213017372902805    0.040053555707757 
  -0.354594213466817    0.130082624799976    0.132207148933333    0.368287383733347   -0.144527010799965    0.060850848666640 
  -0.368746389658335    0.091977527165710    0.120320683674428    0.326990519810264   -0.229349849462493    0.030380796032626 
  -0.375538685431604    0.077901414595807    0.106130166389952    0.336176312505258   -0.214448480612497    0.035214586369670 
  -0.366687691162052    0.116282306075199    0.110357045244367    0.342533417713404   -0.202712377774470    0.052915943333028 
  -0.382887990933341    0.044093464799914    0.107634923600013    0.364526427649780   -0.144661123629037    0.052621042365958 
  -0.393879261599992   -0.012413451333327    0.070062171733298    0.385262519599989   -0.090169042133365    0.022018837599899 
  -0.394747087435182   -0.036318665453012    0.038224228998314    0.381382586521604   -0.056867487817646    0.075401548499432 
  -0.393879261599992   -0.012413451333327    0.070062171733298    0.381671861800001   -0.048899083111084    0.086014196077760 
  -0.395406065559819   -0.021604347182567    0.059501053628263    0.383440873373519   -0.102826961582605    0.008944398028119 
  -0.377021309748666    0.080574260365374    0.106764862196169    0.366218739269619   -0.134137818834893    0.052370063153461 
  -0.382887990933341    0.044093464799914    0.107634923600013    0.392025098266663   -0.060009042133352    0.052145419999999 
  -0.384393005599979    0.084089095733305    0.073414699466665    0.369165221066828   -0.143611782266570    0.062311526933335 
  -0.389880972399957    0.072776189257114    0.055222221885938    0.394367789866646   -0.071786774057123    0.056327771580752 
  -0.387584776789749   -0.061382010684371    0.060433151534467    0.371004726567774   -0.132801963898411   -0.068618122548078 
  -0.394920991032630   -0.057872289769751    0.014884202494562    0.382920899347293   -0.074617717394929    0.027575371890905 
  -0.395377641375433   -0.060792037333336    0.010958012400013    0.373787892491233   -0.133012668666638   -0.050948430000059 
  -0.398210988991092   -0.018773019928580    0.037239033905573    0.386762839360255   -0.103595934821764   -0.015068375189902 
  -0.396966603866675   -0.047886181333328    0.019270715466729    0.383275747599995   -0.115820396799994   -0.018078633333344 
  -0.396701335335964   -0.024161630597306    0.032466424644454    0.383541016130706   -0.092095846063973   -0.004882924155619 
  -0.396966603866675   -0.047886181333328    0.019270715466729    0.375490717999999   -0.135322615999983   -0.026645838400020 
  -0.397508503866667   -0.025465726799982    0.038273873200076    0.387114081922468   -0.106942288257465   -0.014550955542650 
  -0.396111833784730   -0.030183521717340    0.050242689066767    0.383775712305188   -0.094493320347227    0.002194277333968 
  -0.397967719733318   -0.033681850533333    0.027495708000047    0.383275747599995   -0.115820396799994   -0.018078633333344 
  -0.393674815866666   -0.063101984666681    0.035260604000052    0.375490717999999   -0.135322615999983   -0.026645838400020 
  -0.393674815866666   -0.063101984666681    0.035260604000052    0.368724626800001   -0.150629138266668   -0.037211325066664 
  -0.379876961780284   -0.061203940756035    0.103533294346875    0.362153282051170   -0.155348699795889   -0.062609128395537 
  -0.375349017615205   -0.058928477438401    0.123182755334560    0.354047039532603   -0.172632821730806   -0.072511011130813 
  -0.392506522000000   -0.063755955200005    0.045738426133403    0.349188979066654   -0.178503873600000   -0.079609427333313 
  -0.380460549194316   -0.064448798730243    0.106648122706638    0.360249448133345   -0.165934381600002   -0.052447641466688 
  -0.392506522000000   -0.063755955200005    0.045738426133403    0.360249448133345   -0.165934381600002   -0.052447641466688 
  -0.396775397199978   -0.049729097466678    0.019997163200029    0.368784803200000   -0.150776486000006   -0.036444038133338 
  -0.393614639466667   -0.063249332400020    0.036027890933379    0.368784803200000   -0.150776486000006   -0.036444038133338 
  -0.396401749199974   -0.051445010000001    0.023175747333357    0.369158451200004   -0.152492398533330   -0.033265454000010 
  -0.396775397199978   -0.049729097466678    0.019997163200029    0.375681924666696   -0.137165532133333   -0.025919390666720 
  -0.396081489600010   -0.053002209600014    0.025619423333338    0.361677825199975   -0.167998204000000   -0.040293430266684 
  -0.396401749199974   -0.051445010000001    0.023175747333357    0.361357565600012   -0.166441004399987   -0.042737106266664 
  -0.396081489600010   -0.053002209600014    0.025619423333338    0.351275755866656   -0.180609260400012   -0.064472582266664 
  -0.397384203733365   -0.043895984533336    0.023284599066699    0.369158451200004   -0.152492398533330   -0.033265454000010 
  -0.393614639466667   -0.063249332400020    0.036027890933379    0.361357565600012   -0.166441004399987   -0.042737106266664 
  -0.397850091200030   -0.039283655733330    0.023124009733397    0.375681924666696   -0.137165532133333   -0.025919390666720 
  -0.396666959466506   -0.048038485066674    0.027276085600048    0.352686006266663   -0.184039236666679   -0.049109168266671 
  -0.388339342070772   -0.067281650264691    0.070826766455425    0.368724626800001   -0.150629138266668   -0.037211325066664 
  -0.396666959466506   -0.048038485066674    0.027276085600048    0.361677825199975   -0.167998204000000   -0.040293430266684 
  -0.393257192799994    0.020850009866673    0.042695464133374    0.386632829942010   -0.108619577056354   -0.036027845228661 
  -0.395205261429063   -0.003938836572527    0.061645730428929    0.385797943386694   -0.119243368387440   -0.027906302530566 
  -0.398080611866673   -0.014456813066671    0.037065198666672    0.377993112666665   -0.159343343466689   -0.034487064000075 
  -0.393257192799994    0.020850009866673    0.042695464133374    0.382816531733344   -0.124036520533345   -0.028856798533373 
  -0.397967719733318   -0.033681850533333    0.027495708000047    0.375799553199984   -0.142767337333330   -0.030291088933370 
  -0.398080611866673   -0.014456813066671    0.037065198666672    0.375799553199984   -0.142767337333330   -0.030291088933370 
  -0.397508503866667   -0.025465726799982    0.038273873200076    0.382816531733344   -0.124036520533345   -0.028856798533373 
  -0.384003743718024    0.104867342573075    0.039477203000343    0.380684184103600   -0.162630719510469   -0.033958963071713 
  -0.372838750399933    0.076257528400043    0.018962256400084    0.384671681717204   -0.172848510286552   -0.041285729714663 
  -0.362256606399956    0.015383883200096    0.003508615600214    0.381520493999991   -0.179634558533338   -0.039638277600032 
  -0.362256606399956    0.015383883200096    0.003508615600214    0.376353883733335   -0.162741025199999   -0.034903560266683 
  -0.372838750399933    0.076257528400043    0.018962256400084    0.377993112666665   -0.159343343466689   -0.034487064000075 
  -0.397526281333323   -0.034430500933341    0.032452727333360    0.376353883733335   -0.162741025199999   -0.034903560266683 
  -0.396027962399997   -0.050415501733350    0.030234272533376    0.371122657599994   -0.173089728133345   -0.035323319466691 
  -0.397526281333323   -0.034430500933341    0.032452727333360    0.369624338666669   -0.157104727333336   -0.033104864666708 
  -0.394074787200149   -0.063960230000026    0.030692284799989    0.364348244666682   -0.185685432800014   -0.035843931466722 
  -0.396027962399997   -0.050415501733350    0.030234272533376    0.362395069466834   -0.172140704533338   -0.036301943733334 
  -0.394074787200149   -0.063960230000026    0.030692284799989    0.353503894133170   -0.188654265466671   -0.040178556800026 
  -0.332443935599963   -0.172795214799936   -0.001974637199817    0.364348244666682   -0.185685432800014   -0.035843931466722 
  -0.397384203733365   -0.043895984533336    0.023284599066699    0.362395069466834   -0.172140704533338   -0.036301943733334 
  -0.348435905599945   -0.121570578399940   -0.007258397999976    0.371122657599994   -0.173089728133345   -0.035323319466691 
  -0.357492935599953   -0.057383056799948   -0.005361755599955    0.374141667599997   -0.194485568666676   -0.035955533600031 
  -0.348435905599945   -0.121570578399940   -0.007258397999976    0.369678901333342   -0.202760311600012   -0.034082677866669 
  -0.332443935599963   -0.172795214799936   -0.001974637199817    0.355306507999990   -0.201260265066667   -0.036330774266677 
  -0.357492935599953   -0.057383056799948   -0.005361755599955    0.377941774000002   -0.186996671866681   -0.037860350666739 
  -0.397850091200030   -0.039283655733330    0.023124009733397    0.369624338666669   -0.157104727333336   -0.033104864666708 
  -0.376774547613673   -0.060651255617215    0.121099824232899    0.349188979066655   -0.178503873600000   -0.079609427333314 
  -0.370394097002528   -0.013550920444056    0.135242468090425    0.362002689733322   -0.162965247866689   -0.054594279866668 
  -0.375234530325581   -0.029879471569279    0.137134517634001    0.357002681667796   -0.179832102934315   -0.052639855056558 
  -0.388416074740964   -0.032094901725786    0.089261678237292    0.377062176399992   -0.131986457866679   -0.034391207466732 
  -0.389538100334704   -0.040436419688607    0.094856057588484    0.375432062774298   -0.144105274198532   -0.026263519418827 
  -0.390922976950683   -0.033376951456303    0.082347331965598    0.380306400670008   -0.130327335769699   -0.025443235783208 
  -0.387298633599994   -0.064655578933346    0.079312853733404    0.377062176399992   -0.131986457866679   -0.034391207466732 
  -0.387038897466656   -0.067110885333337    0.083390840933347    0.362002689733322   -0.162965247866689   -0.054594279866668 
  -0.390419745199999   -0.065861342000017    0.060875271200052    0.351275755866656   -0.180609260400012   -0.064472582266664 
  -0.390419745199999   -0.065861342000017    0.060875271200052    0.357145463466668   -0.165654503866710   -0.072020385066677 
  -0.390198825066674   -0.068130446933353    0.066927036133347    0.376802440266655   -0.129531151466687   -0.038469194666675 
  -0.387038897466656   -0.067110885333337    0.083390840933347    0.376802440266655   -0.129531151466687   -0.038469194666675 
  -0.390140119733330   -0.067055472133344    0.062088890933334    0.376861145599999   -0.128456176666678   -0.043307339866688 
  -0.390198825066674   -0.068130446933353    0.066927036133347    0.357366383599992   -0.167923608800046   -0.065968620133382 
  -0.382181671200002   -0.064421629333317    0.100816946133356    0.357145463466668   -0.165654503866710   -0.072020385066677 
  -0.393610730266657   -0.060442849866665    0.054670487333374    0.357366383599992   -0.167923608800046   -0.065968620133382 
  -0.387298633599994   -0.064655578933346    0.079312853733404    0.383775547466651   -0.109382857866674   -0.042212480266721 
  -0.382181671200002   -0.064421629333317    0.100816946133356    0.358587934079146   -0.171950005841638   -0.044352630306622 
  -0.390015142799984   -0.066634733866678    0.069968596533435    0.381059038266661   -0.111362012800006   -0.051556737466691 
  -0.390015142799984   -0.066634733866678    0.069968596533435    0.389720397636355   -0.068183442060645   -0.041331115696873 
  -0.393487326754370   -0.039363903175448    0.074683801350767    0.391298663070167   -0.080579274193023   -0.043474390613842 
  -0.389191406519969   -0.077685990866637    0.069157620173205    0.390469248800006   -0.078230039333336   -0.042068366933446 
  -0.390140119733330   -0.067055472133344    0.062088890933334    0.381059038266661   -0.111362012800006   -0.051556737466691 
  -0.390816650133327   -0.070507598533342    0.062698168933347    0.380382507866663   -0.114814139200004   -0.050947459466677 
  -0.390816650133327   -0.070507598533342    0.062698168933347    0.390469248800006   -0.078230039333336   -0.042068366933446 
  -0.391490800400023   -0.074256409200006    0.060387418933343    0.389795098533311   -0.081978850000000   -0.044379116933449 
  -0.393220724666662   -0.064692279333342    0.055195094933341    0.380382507866663   -0.114814139200004   -0.050947459466677 
  -0.392060475826619   -0.071316694839989    0.050051862973324    0.392510779066689   -0.073350006400002   -0.035394176933342 
  -0.391490800400023   -0.074256409200006    0.060387418933343    0.393028665818141   -0.076022474000018   -0.025998216969688 
  -0.392356460422129   -0.073171020822207    0.050813411977756    0.393250740555465   -0.068714191444455   -0.037298049444423 
  -0.393443015866645   -0.068781360533338    0.053700724533455    0.392510779066689   -0.073350006400002   -0.035394176933342 
  -0.389931700644378   -0.079527374288844    0.063250036022004    0.392319984111029   -0.073626580777819   -0.027299406555443 
  -0.393443015866645   -0.068781360533338    0.053700724533455    0.389795098533311   -0.081978850000000   -0.044379116933449 
  -0.389188403552361   -0.022904712504790    0.073962709723841    0.383775547466651   -0.109382857866674   -0.042212480266721 
  -0.392805461200010   -0.059827851333336    0.052956416800021    0.376861145599999   -0.128456176666678   -0.043307339866688 
  -0.395849071599999   -0.052653513866666    0.036206697066693    0.353503894133170   -0.188654265466671   -0.040178556800026 
  -0.395849071599999   -0.052653513866666    0.036206697066693    0.358426892533339   -0.171934272800029   -0.052280970133340 
  -0.392272173333329   -0.076566229600022    0.034540067333338    0.358764181333337   -0.177841993866707   -0.043391336000025 
  -0.395511782800001   -0.058561234933344    0.045096331200007    0.358764181333337   -0.177841993866707   -0.043391336000025 
  -0.390928541600003   -0.088954770133346    0.039460884133355    0.379323112266631   -0.128899710266671   -0.043902282533380 
  -0.390928541600003   -0.088954770133346    0.039460884133355    0.360107813066664   -0.190230534400031   -0.038470519200007 
  -0.394671239200003   -0.056432185866682    0.040982837333331    0.358426892533339   -0.171934272800029   -0.052280970133340 
  -0.392272173333329   -0.076566229600022    0.034540067333338    0.355306507999990   -0.201260265066667   -0.036330774266677 
  -0.305005868800004   -0.204311636799968    0.009948664799981    0.359798406000023   -0.219468852910904   -0.030680571818209 
  -0.327082747185175   -0.165408125408981    0.032153107925910    0.333362584518463   -0.061195769256396   -0.032137320592540 
  -0.353467964000015   -0.128804334773334    0.036837478940025    0.381335705999989   -0.127748115866664   -0.040654358800020 
  -0.305686564346614   -0.268635937523889    0.027086549039936    0.360107813066664   -0.190230534400031   -0.038470519200007 
  -0.395511782800001   -0.058561234933344    0.045096331200007    0.377666414666646   -0.127841178133348   -0.045021410400041 
  -0.305005868800004   -0.204311636799968    0.009948664799981    0.364452530266643   -0.211765739066678   -0.032356340266745 
  -0.394028739999991   -0.066542739200002    0.049406717733359    0.379967244400010   -0.119678567200010   -0.048708781333357 
  -0.392805461200010   -0.059827851333336    0.052956416800021    0.379967244400010   -0.119678567200011   -0.048708781333357 
  -0.393237029516683   -0.071249112091669    0.045680360508409    0.392716765416651   -0.075817757958332   -0.043414540958388 
  -0.393220724666662   -0.064692279333342    0.055195094933341    0.389572807333328   -0.086067931199996   -0.045873487333336 
  -0.394028739999991   -0.066542739200002    0.049406717733359    0.389572807333328   -0.086067931199996   -0.045873487333336 
  -0.393610730266657   -0.060442849866665    0.054670487333374    0.377666414666646   -0.127841178133348   -0.045021410400041 
  -0.392802258091675   -0.074390056125000    0.048830402916671    0.392519142041647   -0.074390056125000   -0.044846378416689 
  -0.389479578383340   -0.102394514524996    0.045502234991699    0.379229959083339   -0.141192878125003   -0.042724095541683 
  -0.388915947866644   -0.087803175733339    0.042708807866715    0.379793589600035   -0.126601539333346   -0.045517522666667 
  -0.356854985466677   -0.129068389500001    0.037180090208359    0.364400598666675   -0.129068389500001   -0.038941302458346 
  -0.388915947866644   -0.087803175733339    0.042708807866715    0.381335705999989   -0.127748115866664   -0.040654358800020 
  -0.393232221291676   -0.079271354124998    0.048429546983337    0.390369326041643   -0.098796546124992   -0.046850658083358 
  -0.387750081350012   -0.092694923624994    0.044989641191696    0.387877444249978   -0.092694923624994   -0.045287064541702 
  -0.393855085200016   -0.059619767066667    0.046215459066669    0.379793589600035   -0.126601539333346   -0.045517522666667 
  -0.393855085200016   -0.059619767066667    0.046215459066669    0.379323112266631   -0.128899710266671   -0.043902282533380 
  -0.393065753316688   -0.070106950625003    0.047229471575082    0.393573146416628   -0.070106950625003   -0.035668985625025 
  -0.394671239200003   -0.056432185866682    0.040982837333331    0.352686006266663   -0.184039236666679   -0.049109168266671 
  -0.378690618800003    0.125300114666667   -0.046041782266661    0.383385547999994    0.108007907333334    0.050316830133321 
  -0.385689747826628    0.101256674889945   -0.042601874133299    0.377643000400046    0.125300114666667    0.042609908133322 
  -0.387081323734818    0.101142431212644   -0.042705368933400    0.358160937685382    0.123700703184449    0.041160980931909 
  -0.387081323734818    0.101142431212644   -0.042705368933400    0.381914745600003    0.109706805733329    0.048678420266655 
  -0.329476229552799    0.253165634201210   -0.034480193777521    0.384294767468153    0.123068341187384    0.045518203733415 
  -0.378690618800003    0.125300114666667   -0.046041782266661    0.377643000400046    0.125300114666667    0.042609908133322 
  -0.385539665333332    0.108007907333334   -0.051177889333277    0.383385547999994    0.108007907333334    0.050316830133321 
  -0.385539665333332    0.108007907333334   -0.051177889333277    0.392822603600174    0.075292561733337    0.053531471999994 
  -0.391809580666503    0.075292561733337   -0.050029006666648    0.392822603600174    0.075292561733337    0.053531471999994 
  -0.391809580666503    0.075292561733337   -0.050029006666648    0.390954524133501    0.078301873200005    0.051853653199892 
  -0.391501887866495    0.078301873200005   -0.034945830266668    0.390954524133501    0.078301873200005    0.051853653199892 
  -0.391501887866495    0.078301873200005   -0.034945830266668    0.389931119599995    0.079046846000014    0.057997821333333 
  -0.385890410399998    0.098647207199997   -0.052962373733324    0.391284453333333    0.077403922133335    0.058694838666645 
  -0.385890410399998    0.098647207199997   -0.052962373733324    0.392471858533509    0.065931861600000    0.051746987599946 
  -0.384701301866668    0.114503966666699   -0.045865585466640    0.384294767468153    0.123068341187384    0.045518203733415 
  -0.384701301866668    0.114503966666699   -0.045865585466640    0.392899722399981    0.059992067733344    0.050384670266620 
  -0.379733557333520    0.121059219200006   -0.049042509466653    0.392899722399981    0.059992067733344    0.050384670266620 
  -0.379733557333520    0.121059219200006   -0.049042509466653    0.390918950799831    0.069714069333342    0.055915093599989 
  -0.381781209599815    0.115834909333340   -0.045696186799955    0.390918090933527    0.066722272400003    0.056566960799982 
  -0.381781209599815    0.115834909333340   -0.045696186799955    0.395819814666834    0.061323010399985    0.050554068933305 
  -0.380161421199993    0.126999013066662   -0.047680192133328    0.392471858533509    0.065931861600000    0.051746987599946 
  -0.332594323999827    0.225080825466675   -0.039906989066659    0.382423910799936    0.106217455946664    0.042262126559932 
  -0.332470367733504    0.216458995066700   -0.057740537733309    0.392346330666495    0.069241926666673    0.060043109599997 
  -0.380161421199993    0.126999013066662   -0.047680192133328    0.381914745600003    0.109706805733329    0.048678420266655 
  -0.332470367733504    0.216458995066700   -0.057740537733309    0.395819814666834    0.061323010399985    0.050554068933305 
  -0.355382248400012    0.218159070133346   -0.031608338666653    0.390684683493332    0.082127592479999    0.035598276533229 
  -0.342739440400002    0.210385137333352   -0.036473876399983    0.385627560293328    0.085237165599997    0.037544491626561 
  -0.342739440400002    0.210385137333352   -0.036473876399983    0.395943770933157    0.052701180000009    0.032720520266654 
  -0.354972477866757    0.190256356000008   -0.033010577066617    0.397123804933328    0.047226515466664    0.024455010266627 
  -0.354972477866757    0.190256356000008   -0.033010577066617    0.390930545813285    0.065385963999996    0.034756933493250 
  -0.341885043333324    0.237243702933348   -0.033129486533282    0.386140198533335    0.101352304959994    0.039551125546582 
  -0.364601434400000    0.203975553466668   -0.029908854266663    0.394782128426582    0.059898285013332    0.033516244373269 
  -0.371042647066664    0.193457911599994   -0.028201532533281    0.397751421626678    0.033215418160005    0.032726190613292 
  -0.387245401161690    0.107926720202024   -0.029643920850869    0.386419718155300   -0.099661202664349    0.027580015832366 
  -0.376654349371570    0.183592374624078   -0.024462548374707    0.393480419348713   -0.049217433049646    0.031034264149807 
  -0.374471606000081    0.187548872133332   -0.026391930266641    0.397393959599928   -0.002859456986671    0.032423887039920 
  -0.364208626266570    0.173085629866671   -0.030015979333287    0.395017813306640    0.041364330853334    0.033451969333294 
  -0.354095091866657    0.183924787866669   -0.037420722533322    0.398001190933428    0.040894947333325    0.020044864799922 
  -0.341559406399832    0.204910472800006   -0.044739386400011    0.397123804933328    0.047226515466664    0.024455010266627 
  -0.364208626266570    0.173085629866671   -0.030015979333287    0.398001190933428    0.040894947333325    0.020044864799922 
  -0.363574887200002    0.165711783733333   -0.030290603999989    0.395692898266490    0.058744138933336    0.019098603466644 
  -0.372479931333335    0.145651252533365   -0.023925249599930    0.395943445066670    0.057381594533350    0.017112838933303 
  -0.363574887200002    0.165711783733333   -0.030290603999989    0.398634929999995    0.033521101199987    0.019770240133221 
  -0.354095091866657    0.183924787866669   -0.037420722533322    0.395116548266666    0.060516232933323    0.025887119333314 
  -0.372479931333335    0.145651252533365   -0.023925249599930    0.398634929999995    0.033521101199987    0.019770240133221 
  -0.384848118645984    0.107662112384825   -0.018146197946249    0.398730967733165    0.012099928933349    0.033719098266598 
  -0.379258243599891    0.139608297066656   -0.027009800399981    0.398926691333440    0.024152933066699    0.023624985733287 
  -0.383795043605390    0.135118882063238   -0.025991696462908    0.397920910009631   -0.009020663126969    0.039754097125567 
  -0.379258243599891    0.139608297066656   -0.027009800399981    0.394521977040041   -0.031623802026677    0.032053164959916 
  -0.379453967200167    0.127555292933306   -0.016915687866670    0.397144459739413    0.030614861126086    0.039410989076690 
  -0.378247873539797    0.108289287981237   -0.005485640396716    0.395575192799993    0.055682155333332    0.024539179199917 
  -0.385144266647185    0.111425062697323   -0.017007478553813    0.397250227727157    0.030914680495836    0.039412695228776 
  -0.379453967200167    0.127555292933306   -0.016915687866670    0.398730967733165    0.012099928933349    0.033719098266598 
  -0.372771692666781    0.155019420666653   -0.027779995199997    0.398926691333440    0.024152933066699    0.023624985733287 
  -0.341559406399832    0.204910472800006   -0.044739386400011    0.394376035466666    0.062155112000001    0.032909534266643 
  -0.372771692666781    0.155019420666653   -0.027779995199997    0.396713994266608    0.010152323600000    0.032979113013262 
  -0.332594323999827    0.225080825466675   -0.039906989066659    0.395943770933157    0.052701180000010    0.032720520266654 
  -0.391479651466670    0.074394610666667   -0.043187821199895    0.391284453333333    0.077403922133335    0.058694838666645 
  -0.386255912933499    0.090957354400004   -0.055742118799981    0.390918950799831    0.069714069333342    0.055915093599989 
  -0.386255912933499    0.090957354400004   -0.055742118799981    0.389515763466504    0.080010364266672    0.065453485333228 
  -0.391895007600162    0.075358128933325   -0.035732157200001    0.389515763466504    0.080010364266672    0.065453485333228 
  -0.391895007600162    0.075358128933325   -0.035732157200001    0.386523218666662    0.086452694133344    0.073473044400108 
  -0.387513180666671    0.085162366399999   -0.054915369733226    0.386523218666662    0.086452694133344    0.073473044400108 
  -0.387513180666671    0.085162366399999   -0.054915369733226    0.388258495733332    0.074215376266668    0.066280234399983 
  -0.391479651466670    0.074394610666667   -0.043187821199895    0.389931119599995    0.079046846000014    0.057997821333333 
  -0.379942466400015    0.117077738000003   -0.047871427333310    0.388258495733332    0.074215376266668    0.066280234399983 
  -0.380352969866847    0.118354563600010   -0.042220037999941    0.392346330666495    0.069241926666673    0.060043109599997 
  -0.380352969866847    0.118354563600010   -0.042220037999941    0.388050446533142    0.073225692000003    0.066799449333333 
  -0.330440662933332    0.209372180400028   -0.084874113066663    0.388430607466671    0.076037182133343    0.073274928666626 
  -0.379972808933318    0.121166053733349   -0.035744558666647    0.388430607466671    0.076037182133343    0.073274928666626 
  -0.379972808933318    0.121166053733349   -0.035744558666647    0.381806817733521    0.079495918666683    0.090749865733327 
  -0.327149529600001    0.201838852266684   -0.111394453599958    0.391721740800002    0.068503853999999    0.046754588133331 
  -0.379734417199825    0.118067422266667   -0.048390642266660    0.388050446533142    0.073225692000003    0.066799449333333 
  -0.330440662933332    0.209372180400028   -0.084874113066663    0.394376035466666    0.062155112000001    0.032909534266643 
  -0.379942466400015    0.117077738000003   -0.047871427333310    0.384166818800175    0.081433171733343    0.079401576399997 
  -0.379734417199825    0.118067422266667   -0.048390642266660    0.390918090933527    0.066722272400003    0.056566960799982 
  -0.382302467466669    0.115140484933343   -0.036523137999980    0.381806817733521    0.079495918666683    0.090749865733327 
  -0.389869580533158    0.080142843999998   -0.048986837733336    0.387505206112244    0.048009424842127    0.090065845312282 
  -0.383662406383552    0.124806382933686   -0.016280936729328    0.385124796620051    0.046237546645832    0.099161077683006 
  -0.382302467466669    0.115140484933343   -0.036523137999980    0.385912129677194    0.040641500435107    0.087441908526312 
  -0.379330778800189    0.124252302533341   -0.033181073599997    0.383341185538903    0.046465697363520    0.106119956491335 
  -0.379330778800189    0.124252302533341   -0.033181073599997    0.382448847866651    0.082582167466674    0.093313350799978 
  -0.327131337333314    0.198572906933324   -0.117405015333334    0.382467040133338    0.079316222133315    0.087302789066602 
  -0.327149529600001    0.201838852266684   -0.111394453599958    0.382448847866651    0.082582167466674    0.093313350799978 
  -0.327131337333314    0.198572906933325   -0.117405015333335    0.351493051559822    0.017691223440306    0.170995703486494 
  -0.330376360884316    0.210923668294761   -0.086849297763874    0.349094555839110    0.026820047255401    0.193580364793801 
  -0.377338879346441    0.140190295820820   -0.025729646354221    0.384548943614213    0.056129458283270    0.110638016583044 
  -0.337136365733249    0.202476248533352   -0.073317464933336    0.382467040133338    0.079316222133315    0.087302789066602 
  -0.389869580533158    0.080142843999998   -0.048986837733336    0.384166818800175    0.081433171733343    0.079401576399997 
  -0.339560220399994    0.202440191200024   -0.061893501599999    0.391721740800002    0.068503853999999    0.046754588133331 
  -0.353518741866833    0.182152693866682   -0.044209238399992    0.395692898266490    0.058744138933336    0.019098603466644 
  -0.353518741866833    0.182152693866682   -0.044209238399992    0.392980413999840    0.067672451466694    0.036622887866671 
  -0.363324340399822    0.164349239333346   -0.032276368533329    0.393453434666844    0.067053461866664    0.031273787866663 
  -0.353045721199828    0.181533704266652   -0.049558338400000    0.393453434666844    0.067053461866664    0.031273787866663 
  -0.363074777733345    0.164132262000032   -0.035478344666709    0.392413767657792    0.052723059659307    0.060772756454832 
  -0.363074777733345    0.164132262000032   -0.035478344666709    0.393702997333321    0.066836484533349    0.028071811733283 
  -0.340818893599832    0.203271593733329   -0.051761801333339    0.392980413999840    0.067672451466694    0.036622887866671 
  -0.363324340399822    0.164349239333346   -0.032276368533329    0.395943445066670    0.057381594533350    0.017112838933303 
  -0.373324890310042    0.117199669976622   -0.003166806610847    0.393226290623292    0.040084341176624    0.041403914455753 
  -0.369022679368545    0.144656794612147   -0.054266089210692    0.390277143168573    0.045727019187875    0.054023762010756 
  -0.373075889041877    0.123290953139305   -0.010248091574974    0.394330352841905    0.067092860660716    0.010005764375038 
  -0.372848183600013    0.143951813333348   -0.016498909333317    0.393702997333321    0.066836484533349    0.028071811733283 
  -0.378203827431503    0.106156491005910   -0.001960573613298    0.395778036718365    0.045860064067530    0.040773039274414 
  -0.353045721199828    0.181533704266652   -0.049558338400000    0.384576234951113    0.077011409680284    0.080779262590278 
  -0.372848183600013    0.143951813333348   -0.016498909333317    0.395575192799993    0.055682155333332    0.024539179199917 
  -0.352590366324895    0.146835404253020   -0.058630804314765    0.384728590540959    0.065401827228779    0.077743738053498 
  -0.343374600216877    0.192758017562240   -0.071220816274749    0.350769637757882    0.026933319506951    0.179527898680102 
  -0.339560220399994    0.202440191200024   -0.061893501599999    0.384890894800083    0.079352279466643    0.075878825733264 
  -0.353661158913997    0.176955237852205   -0.039973659364582    0.384890894800083    0.079352279466643    0.075878825733264 
  -0.337136365733249    0.202476248533352   -0.073317464933336    0.357193170022618    0.036940216548563    0.177368972089317 
  -0.340818893599832    0.203271593733329   -0.051761801333339    0.395116548266666    0.060516232933323    0.025887119333314 
  -0.181783279524249    0.080100525452034    0.010066906188914    0.198628917891918   -0.034812476849301    0.023999571796315 
  -0.182884355287475    0.083628845835132    0.013967910253021    0.196059739887638   -0.026579725368383    0.033101918947014 
  -0.186571465874312    0.051640897803094    0.046748190082705    0.193281685626960   -0.032798765125908    0.040115267859731 
  -0.172708719624781    0.095803039710789    0.031775538053219    0.195575186731423   -0.027159447782036    0.032253938286019 
  -0.173949245543525    0.092551282050221    0.035376750571649    0.192680626943534   -0.034746880516831    0.040656765495016 
  -0.196233408086827    0.019157818018439    0.036285812659111    0.177472902670852   -0.086849982905631    0.031298192301947 
  -0.195820643330848    0.017948384806146    0.030276468732353    0.178436020664116   -0.089671994406223    0.017276386467653 
  -0.193404393560127    0.028289724739917    0.042835770799964    0.177338187693390   -0.087284835606654    0.030986289533335 
  -0.200222903819485    0.027370849486149    0.023474795907023    0.173961670341646   -0.098243166741524    0.012811098521271 
  -0.198255630602596    0.030782294409839    0.025486251148447    0.178551972328531   -0.090283132376743    0.017504491849643 
  -0.195080226844758   -0.032874136489513    0.034689439278951    0.193985895002656   -0.027097452194723   -0.019084733910488 
  -0.195379460332867   -0.038466286235239    0.028000572718648    0.196573601986583   -0.038110686192961   -0.010025259183722 
  -0.196239885801778   -0.035471305431419    0.020811223658544    0.196687025898255   -0.035471305431419   -0.014053541941365 
  -0.195428344621504   -0.035767639257661    0.023445446406696    0.196524717688170   -0.035412038675654   -0.014580386406700 
  -0.193851405872248   -0.038771473130602    0.038443044133322    0.196267991094460   -0.038049648813888   -0.012113753466657 
  -0.196169084999929    0.038987417250004   -0.013223527900006    0.195159310000065    0.038987417250004    0.023198650299987 
  -0.195832498877274    0.040036713048671   -0.010897216648807    0.194059841400002    0.041449944900011    0.026408924100022 
  -0.195832498778547    0.040036712767442   -0.010897217047378    0.195047114592938    0.038637652077525    0.022423213349111 
  -0.195802595466574    0.038166574700002   -0.014293619166685    0.194059841400002    0.041449944900011    0.026408924100022 
  -0.195917973000002    0.038044317600000   -0.018302671199899    0.193232078712311    0.042861088539641    0.037173113541923 
  -0.195966452994578    0.040394850061094   -0.007639607061157    0.191892941383465    0.042616569216709    0.041523209783432 
  -0.194062852136863    0.026911648673665   -0.021644803436849    0.192880664926407    0.037164485747397    0.042184307226322 
  -0.195917973000002    0.038044317600000   -0.018302671199899    0.191881753692409    0.043158999784654    0.043983916892372 
  -0.196474689501495    0.040596971915176   -0.004675437726128    0.193417650904219    0.042010203654464    0.032630701778345 
  -0.093604917024945    0.033924615075023    0.009412315375001    0.100192609325026   -0.005400054841648    0.014122599225016 
  -0.088643564524974    0.041393600441687    0.021212311108333    0.098009255224979   -0.012491399674992    0.016804446925000 
  -0.093604917024945    0.033924615075023    0.009412315375001    0.098009255224979   -0.012491399674992    0.016804446925000 
  -0.098497633408342    0.008561214766653    0.017686115641659    0.090464530474974   -0.038058770200021    0.019224914524991 
  -0.100585822408335    0.002561154099992    0.014202923349987    0.091893511074969   -0.038422958900030    0.009573504250016 
  -0.098021306541677    0.008439818533317    0.014468978883333    0.091893511074969   -0.038422958900030    0.009573504250016 
  -0.091158472774976    0.032871143600011    0.022019133641663    0.090464530474974   -0.038058770200021    0.019224914524991 
  -0.097670909128683   -0.012055692050812    0.016341296187602    0.098598203436571   -0.017422179637704   -0.006238196515582 
  -0.097819740558079   -0.013295473558068    0.016336120585842    0.099146338671714   -0.012856155305586   -0.006219135154017 
  -0.098449795299997   -0.013978991366662    0.011608491316652    0.098755379499993   -0.013978991366662   -0.008831613483355 
  -0.098478574576189   -0.014140203801880    0.011452283483802    0.098899275880952   -0.013172929190572   -0.008050574319105 
  -0.098546898137466    0.015622132975002   -0.008601717637505    0.098057908212538    0.015622132975002    0.012056294912496 
  -0.098816510095455    0.014581522773049   -0.006810239236779    0.098147778865201    0.015969003042320    0.011459135445587 
  -0.098705270053005    0.014394362036088   -0.007374960129072    0.097791810699994    0.016567917450005    0.013266242450011 
  -0.098458198966618    0.015306871483334   -0.009005033483344    0.097791810699994    0.016567917450005    0.013266242450011 
  -0.098910491320599    0.014149479668784   -0.005739353293147    0.097244554061657    0.015914897893650    0.017627860079422 
  -0.098950942347801    0.015193465302264   -0.006388199059117    0.097365907143262    0.012782940993209    0.019574397377331 
  -0.098850926749995    0.018517544273329   -0.005496755158336    0.097324724250048    0.011414202593359    0.019207332241715 
  -0.098802970883036    0.016019631430263   -0.004575406379952    0.097239879254658    0.015833586854168    0.017577253633805 
  -0.076786757977988    0.021183002203240    0.007724618735905    0.079741904851777   -0.005459828310038    0.012297141778635 
  -0.077040331755662    0.013949604586758    0.017131438455526    0.076668979828217   -0.017191281626569    0.015972754871766 
  -0.074524855583553    0.028156737902279    0.008345058629111    0.077055975994937   -0.015005569754538    0.014621004714133 
  -0.077340541534572    0.012465845174272    0.016953476062668    0.076785387724178   -0.016615946232941    0.016041760710910 
  -0.075384892363795    0.024694054193760    0.010072023509441    0.078908363135230   -0.007547480844942    0.010901387588965 
  -0.077190180442880    0.019682812012482    0.008234435152814    0.077876075951653   -0.012398207942293    0.014655042706840 
  -0.078868795797002    0.006722759103686    0.013755948105159    0.077201317983520   -0.019825758170355    0.007162027521459 
  -0.079288359118921    0.004522808641523    0.011608241112416    0.076934323142298   -0.021225726646277    0.005795304889713 
  -0.078550805123042    0.006050064299887    0.012454990338834    0.073648568880401   -0.030036575953617    0.006778995654939 
  -0.078197965922033    0.008771107510808    0.013929547948773    0.073511753671193   -0.031091674409523    0.006207228381584 
  -0.079903057843858    0.002523026838822    0.012625071791077    0.076561113202159   -0.022439879883631    0.006412666373186 
  -0.077230352518019    0.013010444324429    0.017018795390785    0.076548057524899   -0.017788929066233    0.015901072921476 
  -0.078218548890706   -0.009234802372714    0.014340507926379    0.079279827381615   -0.011686500718209   -0.006246919580919 
  -0.078532664926674   -0.010225363173337    0.012092860143378    0.078937153406664   -0.011289618639996   -0.007595419290017 
  -0.078215847464046   -0.009366046969361    0.014255453378848    0.079253970869292   -0.010430302436019   -0.005432826054547 
  -0.078712688686666   -0.011183193093330    0.009532429233315    0.078957156046663   -0.011183193093330   -0.007310926966677 
  -0.078563824133368    0.012941429666668   -0.008331865611128    0.078194163600006    0.012941429666668    0.011123790588887 
  -0.078768136733290    0.012462644433337   -0.007560562866659    0.078028448900045    0.011591044900001    0.013636153066703 
  -0.078768136733290    0.012462644433337   -0.007560562866659    0.078235026119991    0.013037186713335    0.010969530039993 
  -0.078530681193376    0.013211506620002   -0.008834338106691    0.078028448900045    0.011591044900001    0.013636153066703 
  -0.079038838836985    0.012525643970268   -0.005946215843733    0.078134729918067    0.006222262948666    0.016264954951857 
  -0.079116754771159    0.011635385128807   -0.004643986548445    0.077848726607528    0.010745739907572    0.015192945203016 
  -0.079220987001402    0.013297111898238   -0.005044567781901    0.078131642661043    0.006235338676259    0.016280237122397 
  -0.078976008316699    0.011620347055557   -0.005777140033362    0.077820577316636    0.010748747522222    0.015419575900000 
  -0.058867614428546    0.010556137982142    0.006233784628538    0.059304790157127   -0.004903639589290    0.010280988142847 
  -0.058667695203415    0.010155791984261    0.008091700128197    0.059184838622048   -0.004663431990561    0.009166238843052 
  -0.058656736688672    0.010939568671740    0.008069411626733    0.059165318768665   -0.006059534143376    0.009205940234245 
  -0.058910984670340    0.010285123263891    0.005885863416638    0.059087938948158   -0.006258713180548    0.008541382083346 
  -0.059111748172662    0.007897348476661    0.007669502270647    0.058825941012664   -0.011011774876670    0.004850509169364 
  -0.059641831543960    0.003068328910323    0.009492417293487    0.058664611290965   -0.012481476483817    0.005405309393707 
  -0.059847856272359    0.002246880771126    0.009033698361497    0.058072985482619   -0.014840367686558    0.004088040534518 
  -0.059287109235734    0.003658801721562    0.008385496811711    0.058029883846956   -0.013538047467775    0.007385993415617 
  -0.059059428527685    0.008105355331612    0.007501066546775    0.057988826693041   -0.014339884555893    0.007545480751309 
  -0.058728703025593   -0.007097744901440    0.010521628692026    0.059509917075233   -0.007799507399117   -0.003882379075217 
  -0.058856595900022   -0.005211947507145    0.010823160346417    0.059586652799891   -0.008930985835694   -0.004063298067852 
  -0.059088066609702   -0.008243509934779    0.006858809396754    0.059392454416031   -0.007947057760859   -0.003474371462982 
  -0.058742892974179   -0.007133385906978    0.010444904566431    0.059183089794184   -0.008620402053023   -0.005649512846453 
  -0.058924523600329   -0.007761968324001    0.008595091734594    0.059364720420334   -0.007991819635999   -0.003799700014616 
  -0.059094338872242   -0.008259979499997    0.006790545865353    0.059273281427765   -0.008259979499997   -0.004771378559592 
  -0.058902422661814   -0.005191620106124    0.010736338061597    0.059357518990930   -0.008829348830589   -0.004497409491954 
  -0.059002238970910    0.009886694808718   -0.006001082120792    0.058624296474158    0.008777852198258    0.009614569264147 
  -0.058973801850022    0.008962659300001   -0.005888025133380    0.058618609049980    0.008962659300001    0.009591957866665 
  -0.059365587417005    0.009843832408005   -0.004211017081421    0.058685222648911    0.004264440474005    0.011976128555740 
  -0.058998225116483    0.009904662674684   -0.006338135886765    0.058740725382288    0.004252642426588    0.011842511633592 
  -0.059001742305398    0.009867698508174   -0.005992309513150    0.058742203621107    0.004268178090773    0.011697164317145 
  -0.039596344441178    0.005273573443434    0.002214854936423    0.039648619775968   -0.002877440709072    0.005284010979532 
  -0.039786784632122    0.002879678544053    0.004915254188346    0.039596246517836   -0.004955962893778    0.003431420438861 
  -0.039523296438171    0.005593968483028    0.004571386915807    0.039641265950162   -0.002909695243259    0.005046776216507 
  -0.039542667649207    0.004695391564697    0.003857177576813    0.039597326364644   -0.004947931121932    0.003426740057192 
  -0.039701740578697    0.004967238124187    0.002781911604766    0.039874701707483   -0.002220330474327    0.004067635599231 
  -0.039847504668310    0.003467146371310    0.002732483356549    0.039853128108350   -0.003676203555316    0.002078046723431 
  -0.039847953225485    0.002787850872072    0.004003035410097    0.039851427911946   -0.003866846257444    0.002384982563788 
  -0.039964726508387    0.001796890483248    0.002195025639177    0.039822548497895   -0.004111922482637    0.001937840362378 
  -0.039799824856229    0.002850312279608    0.003547214848428    0.039725163186658   -0.004030713693336    0.003580827319993 
  -0.039819163444042    0.003545662039462    0.002399652754626    0.039725163186658   -0.004030713693336    0.003580827319993 
  -0.039566325163917   -0.002394143454448    0.005471284998199    0.039775166892834   -0.005565026447872   -0.001001729335000 
  -0.039572300996596   -0.002222130990517    0.005322426064006    0.039745494439997   -0.004710914226666   -0.001740874813331 
  -0.039425436986415   -0.004462476110459    0.005008982772545    0.039728834539159   -0.004884836514016   -0.000849697059449 
  -0.039742822536117   -0.002019799914943    0.004420835938696    0.039744728112822   -0.004249359325936   -0.002364215135767 
  -0.039424355227769   -0.004461698317459    0.005244171030035    0.039772420922244   -0.004461698317459   -0.002292620779999 
  -0.039433235237871   -0.004543886542836    0.005426129806276    0.039745494439997   -0.004710914226666   -0.001740874813331 
  -0.039741882062912   -0.002023990449652    0.004429941956878    0.039884858620438   -0.004873748997608   -0.001007418426669 
  -0.039834523560007    0.003870720120005   -0.002317064330013    0.039516706919978    0.003870720120005    0.005015939249963 
  -0.039784873100725    0.003554560782632   -0.002471637716935    0.039665658297826    0.002922242107884    0.004552219089197 
  -0.039768757135377    0.004370955532014   -0.001360311671884    0.039538629061522    0.004037465257342    0.005334856802673 
  -0.039674021412686    0.006039695798453   -0.001854494807840    0.039502354923222    0.003398507602395    0.005524078639058 
  -0.039869081017777    0.005199593817016   -0.000808094288742    0.039659804271507    0.003036602693162    0.004667866493296 
  -0.024969972987575    0.001197219045826    0.001340444407385    0.024973253327695   -0.001319169073407    0.001465698221583 
  -0.024999806499487    0.000809149280187    0.001381608393746    0.024916869630802   -0.002159579661585    0.001029221267452 
  -0.025043409555414    0.000488971185284    0.000654946969593    0.025031919008438   -0.000564908480957    0.000706301092111 
  -0.024970607107964    0.001176602086377    0.001281861897481    0.024966686660533   -0.001532669085141    0.000859043948301 
  -0.025006051460117    0.001119290404224    0.000412867255449    0.024975395899873   -0.001518586696085    0.001072569710879 
  -0.025008956923984    0.001172539995939    0.000468923358517    0.024964806808139   -0.001324516200882    0.001276868660995 
  -0.024958416493369   -0.001384242345540    0.001343671052605    0.024959576777852   -0.002432979058906   -0.000091417497044 
  -0.025006645032684    0.000010474959591    0.001068208283646    0.024947267401709   -0.002077005186048   -0.000161723894142 
  -0.025041878727272   -0.000594768576000    0.000435391683005    0.025043763735205   -0.000594768576000    0.000010262333004 
  -0.024956059639070   -0.001330263249999    0.001328673272929    0.025007723944251   -0.001330263249999   -0.000397800710428 
  -0.025009098157013   -0.000005954223897    0.001074555370024    0.025018519394806   -0.001599812874781   -0.000346077597447 
  -0.025042693458708   -0.000672828368264    0.000435130028212    0.025037129493515   -0.001230398313007    0.000008131715401 
  -0.024987207512502    0.001830289731251   -0.000382387924997    0.024908277737512    0.001830289731251    0.001567746433318 
  -0.024967546675443    0.002090562379646   -0.000292018984389    0.025003214404048    0.000100150869891    0.001219047284027 
  -0.024977695703332    0.002254900510835   -0.000260161367480    0.024905107134456    0.001688752804723    0.001527004247479 
  -0.024987207512502    0.001830289731251   -0.000382387924997    0.024986914117291   -0.000115634388447    0.001144124754460 
  -0.025029766739664    0.001265812669702    0.000015804015446    0.025046688842513    0.000677177499788    0.000584861454520 
  -0.025046964899709    0.000594768576000   -0.000019691835001    0.025044576787771    0.000594768576000    0.000580502314992 
  -0.025025131074183   -0.000540012986013   -0.000244480411476    0.025025886392605   -0.000556605520035   -0.000284139618971 
  -0.025024738799837   -0.000532820465160   -0.000243031555606    0.025024049835443   -0.000590279594937   -0.000290922898726 
  -0.025025172984695   -0.000585559654150    0.000262507418203    0.025027057992628   -0.000603977497850    0.000183146597806 
  -0.025024672866311   -0.000552353280415   -0.000130310647060    0.025027227488816   -0.000592723454869    0.000050015789077 
  -0.025025942518565   -0.000562737543478    0.000047515824456    0.025025667431423   -0.000562737543478   -0.000205346983878 
  -0.024982473691389   -0.000581555524921   -0.001338379038822    0.025019945379694   -0.000492052227849   -0.000508833139239 
  -0.024980869091568   -0.000602042767652   -0.001599918844800    0.025024679939660   -0.000552502240352   -0.001280537011199 
  -0.025013716810901   -0.000496143790618   -0.000546382256738    0.025027689114486   -0.000470936753025   -0.000440683434359 
  -0.025012062809295   -0.000491633689199   -0.000531826009094    0.025019945379694   -0.000492052227849   -0.000508833139239 
  -0.025022056258661   -0.000491115065220   -0.000675907504891    0.025001887041366   -0.000491115065220   -0.000769190929890 
  -0.025024306128866   -0.000461621108697   -0.000287206058153    0.025024831679480   -0.000461621108697   -0.000370746999820 
  -0.025014960231241   -0.000536919261604   -0.000495214073731    0.025024049835443   -0.000590279594937   -0.000290922898726 
  -0.025027179387556    0.000569385375001    0.000224619600001    0.025024292033216    0.000537283308877    0.000399876101446 
  -0.025021288175957    0.000598367169845    0.000265389030878    0.025023033716314    0.000531093023282    0.000391168068627 
  -0.025027429621450    0.000607460176499    0.000196646947493    0.025025041509511    0.000582076975501    0.000364163532498 
  -0.025027179387556    0.000569385375001    0.000224619600001    0.025025124920810    0.000569385375001    0.000373487750000 
  -0.025028159743077    0.000588310155505    0.000213015087735    0.025023739988351    0.000547939981554    0.000393341521625 
  -0.025022971477540    0.000536456414502    0.001172107667749    0.024976126117444    0.000618088593502    0.001728062428249 
  -0.025009287256273    0.000495640325001    0.000829765912499    0.025017178781243    0.000495640325001    0.000701037162500 
  -0.025030532296533    0.000518527765203    0.000548927930011    0.024971884682399    0.000608031058530    0.001378473794884 
  -0.025024402700024    0.000497455950001    0.000340176150001    0.025015094772817    0.000490479495779    0.000524751666241 
  -0.025019000735500    0.000486913314423    0.000316244360823    0.025013940954834    0.000492731321475    0.000529863311942 
  -0.025023293762675    0.000603623497493    0.000295049172632    0.025015719222951    0.000550263161047    0.000499340359553 
  -0.025024402700024    0.000497455950001    0.000340176150001    0.025021995541625    0.000497455950001    0.000416097108335 
  -0.024906076739731   -0.000546015909336   -0.002153037933333    0.024911970493577   -0.000648724826002   -0.002012522349995 
  -0.024930784631222   -0.000607892095162   -0.001736406756730    0.024974595479314   -0.000546652912841   -0.001144049099269 
  -0.024940017422657   -0.000621609672002   -0.001911217043466    0.024924144868974   -0.000621609672002   -0.002099262451795 
  -0.024909296121846   -0.000523009112003   -0.002219052659733    0.024894378869877   -0.000523009112003   -0.002373245676396 
  -0.024864237777892   -0.000028182287579   -0.001726695075266    0.024949124143468   -0.000028182287579    0.001603334214769 
  -0.024890493921801   -0.000363295928003   -0.002408748964001    0.024867393319867   -0.000363295928003   -0.002606056339005 
  -0.024887017818869   -0.000400562337603   -0.002357082320532    0.024886387739461   -0.000566930237603   -0.002323735037196 
  -0.024879675865544   -0.000105300489350   -0.002481086506568    0.024863512930123   -0.000455837770128   -0.002580109176997 
  -0.024912097059325    0.000648724837444    0.002014419318342    0.024905953080035    0.000546015914787    0.002154934909876 
  -0.024976109426672    0.000546652916901    0.001153906258541    0.024929264066576    0.000607892091102    0.001746263837457 
  -0.024923886705816    0.000621609672002    0.002098970415652    0.024938821169164    0.000621609672002    0.001919216815656 
  -0.024894376285395    0.000523009112003    0.002372894494690    0.024909196097960    0.000523009112003    0.002220538219694 
  -0.024949122917763    0.000028182287579   -0.001603353118187    0.024864235992396    0.000028182287579    0.001726713594322 
  -0.024886413008892    0.000566930246820    0.002323868747349    0.024886995452886    0.000400562337115    0.002357216032630 
  -0.024867389454094    0.000363295928003    0.002606053673850    0.024890476887548    0.000363295928003    0.002408857715512 
  -0.024863514362406    0.000455837762971    0.002580135926975    0.024879673600739    0.000105300488059    0.002481113258203 


     4540.000 
PELAGIC TRAWL		:           0 
Boat to door distance	:      200.04 
Boat Z force 		(N):      -21000 
Boat X force 		(N):       33804 
Warp tension		(N):       37296 
Bottom bridle tension	(N):       12014 
Top bridle tension	(N):       12591 
Head line immersion	(m):      -128.7 
Bottom line immersion 	(m):      -139.9 
Door immersion 		(m):      -109.2 
bottom drag (N)				:            0 
catch drag (N)				:            0 
element drag (N)				:         9716 
surface drag (N)				:        18488 
forces along X Y and Z axes (N)		:  33804.32657   6525.14640 -20999.82389 
maximal catch diameter (m) 			:        0.000 
thickness of the catch (m) 			:        0.000 
volume of the catch (m3) 			:       0.0000 
current amplitude (m/s)			:        2.058 
filtered surface (m2) 				:       144.23 
Drag of panels (N): 
1		3151.492701
2		1799.581813
3		1927.807019
4		366.430555
5		166.290637
6		171.070156
7		443.965199
8		246.448223
9		249.900241
10		458.706839
11		309.514784
12		313.918435
13		331.972200
14		273.830569
15		278.088068
16		482.544514
17		470.728012
18		470.774835
19		336.713630
20		545.790218
21		545.731575
22		936.681948
23		936.656869
24		1636.478415
25		1636.476971
