      1      214.350398058       11.918258819     -112.047290136
      2      218.654799304       10.183215983     -111.984086303
      3      230.142616855        9.629726325     -112.555246528
      4      247.964830518        3.114562669     -115.717056849
      5      247.948870676        3.218837766     -119.819110212
      6      230.482194274        9.842717276     -122.917723365
      7      219.037175947       10.591229733     -123.712291762
      8      214.815194856       12.495861527     -123.682774686
      9      230.024022723       10.138914753     -117.892514108
     10      230.000041524       10.081415289     -117.231427845
     11      214.103944123       10.592638664     -111.357996602
     12      228.687694935        1.411197514     -112.859529456
     13      228.684862178        0.000000000     -112.857598840
     14      247.984629422        0.000000000     -115.126718293
     15      214.445855033       11.220187949     -124.070365145
     16      228.728194533        1.411163724     -122.832489390
     17      228.742070310        0.000000000     -122.835039247
     18      247.985712193        0.000000000     -120.412428919
     19      251.147409955        2.351491099     -116.037149348
     20      251.140687758        2.414573953     -119.492743468
     21      251.214900313        0.000000000     -115.447395555
     22      251.217899584        0.000000000     -120.128925759
     23      254.397546587        1.955641918     -116.385039931
     24      254.388802131        2.007809778     -119.175053967
     25      254.474599478        0.000000000     -115.770905705
     26      254.475824642        0.000000000     -119.825860082
     27      258.301479395        1.514257104     -116.820403244
     28      258.297288041        1.547077807     -118.754111274
     29      258.377642688        0.000000000     -116.225226458
     30      258.375428614        0.000000000     -119.398977629
     31      262.217572906        1.102799939     -117.257750671
     32      262.209897514        1.125744439     -118.330627320
     33      262.271608611        0.000000000     -116.730225083
     34      262.271114346        0.000000000     -118.921946787
     35      268.791626714        0.434847443     -117.668032318
     36      268.791248215        0.401732978     -117.956468387
     37      268.788052766        0.000000000     -117.552503441
     38      268.783094226        0.000000000     -118.062085954
     39      277.082069290        0.083259013     -117.812935691
     40      277.081097528        0.000000000     -117.784105902
     41      277.081469855        0.000000000     -117.814808088
     42      293.685047603        0.000000000     -117.707213865
     43      293.688180894        0.076200809     -117.881539201
     44      293.685043975        0.000000000     -117.707266441
     45      312.284898220        0.000000000     -117.628637364
     46      312.291708806       -0.000299660     -117.627661157
     47      312.284898405        0.000000000     -117.628639540
     48        0.000000000        0.000000000        0.000000000
     49      129.661111351       37.018623554      -96.774455106
     50      131.849271220       36.300479755      -95.827399331
     51      131.307400161       36.739138959      -98.621726657
     52      209.877966152       12.478932279     -110.910936751
     53      210.278003066       13.263121766     -124.340054246
     54      210.942904554       13.263121568     -125.863066637
     55      299.666633648        0.000000000     -117.650474566
     56      305.641310584        0.000000000     -117.633076034
     57      306.344322205        0.075398187     -117.875157607
     58      300.370577067        0.074950261     -117.875035635
     59      299.666633016        0.000000000     -117.650473929
     60      305.641310613        0.000000000     -117.633078585
     61      283.085994168        0.000000000     -117.770080789
     62      289.089679840        0.000000000     -117.766017441
     63      287.694638629        0.060345904     -117.831877696
     64      281.691322609        0.065428410     -117.818022131
     65      283.085950473        0.000000000     -117.772971819
     66      289.089671701        0.000000000     -117.766216615
     67      216.429279648       11.202053577     -112.068137060
     68      223.397670137        9.912055451     -112.383487193
     69      233.881961194        8.351311585     -113.076499850
     70      237.343477810        6.925732522     -113.938304070
     71      240.655045641        5.189513417     -114.859679365
     72      244.301557453        3.894571862     -115.274398483
     73      248.350591797        4.243244443     -116.403992534
     74      248.907832797        5.473485111     -117.922137696
     75      248.220936529        4.014260538     -119.320052134
     76      244.043648253        4.096647988     -120.239028368
     77      240.460893544        5.488025285     -120.831460953
     78      237.274064327        7.308106254     -121.915199438
     79      233.866937020        8.885088431     -122.710489909
     80      225.538440663       10.431120573     -123.387461814
     81      216.891191949       11.771378312     -123.705325464
     82      217.649813701       12.169023775     -123.016815039
     83      220.530817581       11.813413960     -122.258981999
     84      223.379129342       11.429676991     -121.398295353
     85      226.170704126       11.000769022     -120.386350929
     86      227.368739548       10.450520856     -116.146159767
     87      224.565729893       10.811486036     -115.139038844
     88      221.724914649       11.146799590     -114.234105668
     89      218.868936742       11.459112349     -113.369542538
     90      241.093953514        5.604828930     -120.445103372
     91      243.819574289        4.777047256     -119.885690331
     92      246.770469857        4.359347174     -119.493370396
     93      230.941133771       10.045308842     -122.721040459
     94      233.902530050        9.817089670     -122.277838439
     95      236.516484816        8.842411195     -121.170042537
     96      238.790173114        7.430873379     -119.811809939
     97      241.634594415        6.712736567     -119.176346675
     98      244.563097903        6.238487796     -118.719117795
     99      247.461772669        5.635456568     -118.227320267
    100      222.295324186       10.658267056     -123.367094741
    101      225.261789375       10.878060722     -122.949951617
    102      228.217510031       10.949948806     -122.428505399
    103      231.124281209       10.703793929     -121.720952535
    104      233.776106342        9.908561446     -120.561749654
    105      236.112330267        8.640600222     -119.167280335
    106      238.969239724        7.950337249     -118.551590813
    107      241.870239336        7.374361453     -118.032755539
    108      244.710364259        6.573742520     -117.478510683
    109      247.302236280        5.232014619     -116.774905784
    110      219.613111295       11.748409552     -123.488206061
    111      222.580077232       11.871380486     -123.048737941
    112      225.468725218       11.683698325     -122.255941968
    113      228.283789232       11.264680789     -121.303218318
    114      230.868946578       10.437446219     -120.022215245
    115      233.280477386        9.443410149     -118.536709714
    116      236.147358721        8.780188741     -117.938225525
    117      239.035495013        8.146434186     -117.415294844
    118      241.849293254        7.251235128     -116.871455756
    119      244.411751124        5.825307284     -116.228073610
    120      246.660568004        3.885915474     -115.783010915
    121      233.273112201        9.401413027     -117.319893136
    122      236.151068239        8.709392105     -116.801225486
    123      238.945809905        7.736093472     -116.280393885
    124      241.488158995        6.246509277     -115.693376446
    125      230.402673473       10.036819405     -116.718584537
    126      233.289611285        9.381395021     -116.188421989
    127      236.099798589        8.458178393     -115.653191009
    128      238.641196033        6.962884407     -115.075344429
    129      227.696185689       10.481974698     -115.501280859
    130      230.636995811       10.135606798     -115.003379925
    131      233.540830538        9.544776761     -114.521511470
    132      236.072996022        8.036262340     -113.953651134
    133      224.885391307       10.964391431     -114.567875080
    134      227.835804323       10.704924293     -114.087472828
    135      230.739158496       10.194445271     -113.662354778
    136      222.038883181       11.381580949     -113.715388345
    137      224.964826383       10.920901896     -113.238793504
    138      227.790185827       10.148741354     -113.098191178
    139      219.178373332       11.693628148     -112.865380402
    140      222.036837792       10.944116159     -112.577417746
    141      216.274302128       11.638679348     -112.113553336
    142      219.072091463       10.732097946     -112.153338696
    143      216.866308912        9.064348131     -111.639266437
    144      219.599832993        7.567813441     -111.913321638
    145      222.277375046        5.980992011     -112.184900380
    146      224.869262869        4.267278162     -112.452651231
    147      233.859145195        0.000000000     -113.441971590
    148      239.671891920        0.000000000     -114.178244229
    149      247.968056522        1.311823010     -115.323648107
    150      247.940698672        2.551076764     -115.566380696
    151      215.850843124       10.157754980     -111.547235187
    152      239.554162648        4.859223301     -114.513507079
    153      242.231525679        3.540453000     -114.839110730
    154      245.115505803        2.763717322     -115.132810524
    155      229.112130247        8.841340837     -112.380813484
    156      231.764478620        7.479062467     -112.714793488
    157      234.310830866        5.959654022     -113.175310569
    158      236.668850236        4.250873442     -113.901807503
    159      239.334676929        2.924880816     -114.286101443
    160      242.219116509        2.153922276     -114.609524057
    161      245.127089597        1.494605812     -114.969173228
    162      223.423694857        9.530257495     -112.239111676
    163      226.161389326        8.303044933     -112.260883145
    164      228.817335281        6.933005917     -112.532623362
    165      231.372676957        5.402628603     -112.902421060
    166      233.752961978        3.652649286     -113.434543891
    167      236.418396036        2.322668182     -113.817629422
    168      239.306397641        1.562649637     -114.156748874
    169      242.210628902        0.879007454     -114.522097203
    170      245.135222931        0.247433710     -114.826933039
    171      220.458128025        9.144923637     -111.976567046
    172      223.189232061        7.881550157     -112.181987284
    173      225.849387408        6.481875259     -112.423578064
    174      228.413287184        4.922352822     -112.716021109
    175      230.808694218        3.124454960     -113.054895659
    176      233.478252625        1.771701434     -113.422000522
    177      236.377698610        1.003149701     -113.765232815
    178      239.285006278        0.275822198     -114.130135495
    179      230.599087492        1.140570056     -113.064726829
    180      233.477463029        0.316278944     -113.398441078
    181      217.536000683        9.452979399     -123.849458046
    182      220.222475315        7.817197798     -123.641273628
    183      222.831896458        6.073581700     -123.420585067
    184      225.343352351        4.202742072     -123.186592003
    185      233.896800463        0.000000000     -122.214050618
    186      239.689272823        0.000000000     -121.440665921
    187      247.970057749        1.179033983     -120.268348981
    188      247.937110645        2.478358129     -120.014140253
    189      243.973265352        0.335230428     -120.882902532
    190      246.886092029        0.981027844     -120.438156118
    191      238.141603228        0.392392558     -121.648369548
    192      241.062234861        0.999623033     -121.234571886
    193      243.971545402        1.628885570     -120.766240736
    194      246.860096187        2.291649144     -120.225598850
    195      232.367320886        0.453809875     -122.407887982
    196      235.252646764        1.184122399     -122.026661462
    197      238.177795913        1.748093040     -121.630939647
    198      241.083996181        2.352236490     -121.168184855
    199      243.961370448        3.000018090     -120.601538605
    200      232.368428707        2.004364288     -122.383408504
    201      235.310106097        2.586396467     -121.960065999
    202      238.225860567        3.224787238     -121.468760853
    203      241.112380041        3.904222689     -120.883372300
    204      229.879913956        3.665319715     -122.768939693
    205      232.830505916        4.185422487     -122.519376222
    206      235.759423587        4.772757652     -122.197597546
    207      238.627157821        5.430007831     -121.597090454
    208      227.503134919        5.499128481     -123.061457723
    209      230.463868989        5.989583012     -122.914269156
    210      233.402664255        6.565420630     -122.685295724
    211      236.304440999        7.209186536     -122.261465343
    212      224.979216191        7.133049043     -123.310815821
    213      227.945985073        7.593469421     -123.224067387
    214      230.893282773        8.154975523     -123.108881023
    215      222.356468306        8.610152427     -123.518889352
    216      225.326015295        9.046934219     -123.391924045
    217      228.280435771        9.528779450     -123.153563164
    218      219.642371894        9.916500312     -123.702272047
    219      222.615068779       10.316312048     -123.593520906
    220      251.369617177        3.379887715     -116.809598253
    221      251.414658207        3.622789344     -118.267622049
    222      251.192967534        1.304605332     -115.633693264
    223      251.193488301        1.250140273     -119.946079677
    224      249.725726048        0.909533577     -120.153189792
    225      249.683085832        2.223214890     -119.770992061
    226      254.512119406        2.687424189     -117.254792775
    227      254.484888583        2.567509740     -118.521442524
    228      254.458552289        1.007677704     -115.912165237
    229      254.458149026        1.019161169     -119.690486714
    230      252.875225368        0.736109094     -119.887248707
    231      252.833796170        1.729663165     -119.585404397
    232      258.332609728        1.901124965     -117.709329130
    233      258.350487758        0.984024047     -116.461712650
    234      258.347266005        0.980885696     -119.136745793
    235      256.421762508        0.695577531     -119.506937371
    236      260.349187344        0.644139479     -118.952006040
    237      264.427234557        0.894470814     -117.883588169
    238      263.854086621        0.523893979     -117.129124786
    239      265.505342848        0.387081804     -118.349052786
    240      273.536259050        0.145491094     -117.787148675
    241      272.315509770        0.192787818     -117.880295743
    242      271.881970706        0.112872756     -117.678028068
    243      272.930479778        0.093455485     -117.903931913
    244       14.982709244        3.595777723      -10.156972149
    245       29.849199147        7.306292420      -20.442474231
    246       44.589445557       11.137226605      -30.864459634
    247       59.192330798       15.094629626      -41.431393871
    248       73.645515252       19.184942674      -52.152284175
    249       87.935224227       23.415004030      -63.036655803
    250      102.046142321       27.792088936      -74.094617758
    251      115.961152319       32.323908941      -85.336821820
    252      143.033866715       33.300366756      -98.385510047
    253      154.212380937       30.177890138     -100.820738137
    254      165.381596388       26.926572010     -103.126413980
    255      176.537722612       23.539302805     -105.295619545
    256      187.676226842       20.008248375     -107.321158385
    257      198.791766380       16.324698820     -109.195541361
    258      142.661734945       33.810809530     -102.446421547
    259      153.998309766       30.755230272     -106.223891636
    260      165.313827668       27.564496590     -109.952306483
    261      176.604467873       24.229942676     -113.629868252
    262      187.865718282       20.742053443     -117.254806541
    263      199.092311188       17.090321616     -120.825416026
   -0.1702752 
   -0.1702600 
    0.0005632 
    0.0005584 
    0.0005535 
    0.0005487 
    0.0005438 
    0.0005389 
    0.0005340 
    0.0005291 
    0.0005241 
    0.0000555 
    0.0000637 
   -0.0000321 
    0.0001789 
    0.0001767 
    0.0001746 
    0.0001725 
    0.0001705 
    0.0001685 
    0.0001666 
    0.0002063 
    0.0002038 
    0.0002013 
    0.0001988 
    0.0001964 
    0.0001939 
    0.0001915 
    0.0003077 
    0.0001097 
    0.0000753 
    0.0003180 
    0.0000264 
    0.0000076 
    0.0000042 
    0.0000038 
    0.0000060 
    0.0000048 
    0.0000109 
    0.0000464 
   -0.0162272 
   -0.0175286 
   -0.0192715 
   -0.0206332 
    0.0000929 
    0.0000902 
    0.0000870 
    0.0000809 
    0.0000750 
   -0.0074253 
   -0.0087467 
   -0.0106590 
   -0.0124479 
   -0.0136233 
    0.0000537 
    0.0000526 
    0.0000511 
    0.0000488 
    0.0000401 
    0.0000306 
    0.0001507 
    0.0001738 
    0.0006557 
    0.0005557 
    0.0000289 
    0.0011069 
   -0.0035596 
   -0.0043757 
   -0.0026076 


  -0.365263079204902    0.075728737913639    0.053402552001011    0.395528691866669    0.029305822133334    0.055619083200001 
  -0.366726116282333    0.073441848147975    0.061450793826316    0.393865433776082    0.026705964642570    0.064768751063825 
  -0.362821125125465    0.106626565943171    0.036598601744498    0.392355957214017   -0.010838507568219    0.077451793212535 
  -0.357561619066667    0.132442635199999   -0.013171509866667    0.395528691866669    0.029305822133334    0.055619083200001 
  -0.310545224946146    0.214122286368791    0.045015653468143    0.364964793880735   -0.061170664443963    0.043688243264019 
  -0.363149832000003    0.120618661866667    0.039004674666666    0.394096087466664    0.009585077866667    0.069526162399997 
  -0.360600951914561    0.113528520926369    0.025511130646183    0.396644967552107    0.002494936926369    0.056032618379515 
  -0.363149832000003    0.120618661866667    0.039004674666666    0.394852837199998   -0.030429222933334    0.059093602666665 
  -0.380012194909460    0.104255318441199   -0.003420049482414    0.391056364795983    0.024244831742053    0.038523972162553 
  -0.358680332840068    0.152152608690081   -0.005749302950192    0.396871195655255    0.037301105990811    0.037889043298892 
  -0.357628385466664    0.145352332800000   -0.016148176000000    0.395955101588633    0.043223163074459    0.046944958206167 
  -0.357628385466664    0.145352332800000   -0.016148176000000    0.395595458266666    0.016396124533333    0.058595749333333 
  -0.385322699623636    0.045433332069344    0.036158669211607    0.395595458266666    0.016396124533333    0.058595749333333 
  -0.366504641733331    0.097833269200000    0.023008457466669    0.385153064799999   -0.025024288133333    0.105706129733333 
  -0.366504641733331    0.097833269200000    0.023008457466669    0.387569490400002   -0.032820650266667    0.094340381866668 
  -0.382164218266636    0.067824290012183    0.024297458290127    0.386988402848652   -0.044620609172990    0.090918276581968 
  -0.357561619066667    0.132442635199999   -0.013171509866667    0.394096087466664    0.009585077866667    0.069526162399997 
  -0.392005714538046    0.002092471362113    0.057813689918172    0.385153064799999   -0.025024288133333    0.105706129733333 
  -0.278002647419625    0.247594057436250    0.061789254112700    0.394852837199998   -0.030429222933334    0.059093602666665 
  -0.271849909074872    0.290094472729247    0.045536217056414    0.348527302133334   -0.129957130000000    0.147706120266668 
  -0.258577049131782    0.304464333197608    0.022313821072954    0.368091291222739   -0.108776179200797    0.113476669824318 
  -0.266255710166343    0.296391730121985    0.040831175839422    0.336158658877885   -0.143880219159339    0.158108856613140 
  -0.365383796533335    0.142153366800000    0.081105717733334    0.348527302133334   -0.129957130000000    0.147706120266668 
  -0.303859925482255    0.255743435564182    0.056736999084670    0.376413986039248   -0.100269161078606    0.097903344361556 
  -0.307170719999999    0.243472593200000    0.084439124400001    0.303158439733333   -0.188205042133333    0.181097679733333 
  -0.318012227160873    0.244744512391935    0.031351322330647    0.363416103333335   -0.110370889866667    0.074588405466667 
  -0.343001994376459    0.199842670004511    0.036649412470033    0.397843089539438   -0.048512166047248    0.067289526906742 
  -0.258568014021362    0.304739452355205    0.020803663124632    0.351761145711970   -0.126938182978128    0.117462218457965 
  -0.307170719999999    0.243472593200000    0.084439124400001    0.363416103333335   -0.110370889866667    0.074588405466667 
  -0.378732263600000    0.074784914666666    0.055697895600000    0.353576684399998   -0.106030997733333    0.154560384133333 
  -0.370433178799999    0.118227234533333    0.074251453866668    0.353576684399998   -0.106030997733333    0.154560384133333 
  -0.387621301866667    0.070517969733333    0.071937921200000    0.344687646133332   -0.110297942666666    0.170800409733332 
  -0.378732263600000    0.074784914666666    0.055697895600000    0.375341868533333   -0.055869004800000    0.127029819999999 
  -0.387621301866667    0.070517969733333    0.071937921200000    0.311496523333335   -0.169061496533334    0.185929242533333 
  -0.357045712933332    0.161296912400000    0.085937280533333    0.379256173466668   -0.095751574933333    0.084728435199999 
  -0.384963573223550    0.008193339868558    0.049474869287346    0.344687646133332   -0.110297942666666    0.170800409733332 
  -0.377580384133334    0.107041323600000    0.084076082800001    0.321537441066668   -0.132538142666667    0.198067404133333 
  -0.377580384133334    0.107041323600000    0.084076082800001    0.380921260933333   -0.092035063066667    0.082091936266666 
  -0.357045712933332    0.161296912400000    0.085937280533333    0.311496523333335   -0.169061496533334    0.185929242533333 
  -0.365383796533335    0.142153366800000    0.081105717733334    0.303158439733333   -0.188205042133333    0.181097679733333 
  -0.393339340325555   -0.010570321059440    0.058293141169668    0.375341868533333   -0.055869004800000    0.127029819999999 
  -0.383134823681092    0.081606662605364    0.081990738329986    0.382152799014426   -0.087206278872030    0.080251472070013 
  -0.370433178799999    0.118227234533333    0.074251453866668    0.387569490400002   -0.032820650266667    0.094340381866668 
  -0.385545666499641    0.079803687221222    0.086676608435220    0.321537441066668   -0.132538142666667    0.198067404133333 
  -0.391631699421075    0.010308930049770    0.059524375965117    0.384133850666660   -0.047414641999999    0.101044405333331 
  -0.395063281707178   -0.011296208060883    0.062639522168554    0.372209971200004   -0.057187729200001    0.134925923199999 
  -0.387550451220785    0.074006632609083    0.079281491917896    0.381771801708974   -0.087862038653378    0.080017707882809 
  -0.366739649748788    0.051444360091154    0.151260037213317    0.376472443592075   -0.049576247227300    0.029453055264689 
  -0.394966104787368   -0.012296548481355    0.062796379457637    0.379774901466662   -0.051164929200000    0.114758219466667 
  -0.373734620666653    0.048128690666664    0.134282789733328    0.394170741655387   -0.030728319997040    0.065855352766007 
  -0.380797054266676    0.041641701200001    0.115275084000003    0.396268511943896    0.029891362010718    0.047043106141083 
  -0.378775365866674    0.044708473866668    0.120657756800002    0.396167242674097    0.005109940998874    0.056919733433758 
  -0.382123382215822    0.038829058312615    0.111820124896657    0.396118054673600    0.032115024461946    0.045902942903000 
  -0.393019192016559    0.028271695334738    0.073037936140953    0.330052942607397   -0.073821442588126    0.213607611318340 
  -0.291330649866666    0.258091908133333    0.094579154133334    0.379256173466668   -0.095751574933333    0.084728435199999 
  -0.355380625466667    0.165013424266667    0.083300781600000    0.390467131733332   -0.063233169466667    0.060963850666667 
  -0.346044051146542    0.194866855763464    0.026269680709810    0.393452742399999   -0.055693344266667    0.052309324666667 
  -0.291330649866666    0.258091908133333    0.094579154133334    0.393452742399999   -0.055693344266667    0.052309324666667 
  -0.355380625466667    0.165013424266667    0.083300781600000    0.380921260933333   -0.092035063066667    0.082091936266666 
  -0.294316260533333    0.250552082933334    0.103233680133333    0.389253831602217   -0.077172976415154    0.058346396014694 
  -0.342461872853370    0.205769365048465    0.026495558326399    0.385137189166404   -0.081002077925181    0.051784979647714 
  -0.359047808933334    0.151449820933333    0.091514967466668    0.386489968800000   -0.080404163733333    0.065573003733334 
  -0.294316260533333    0.250552082933334    0.103233680133333    0.390467131733332   -0.063233169466667    0.060963850666667 
  -0.359047808933334    0.151449820933333    0.091514967466668    0.386799948266666   -0.076796772800000    0.069178036533335 
  -0.383232869333331    0.082829904800000    0.082444318533332    0.382250844666665   -0.088429521066667    0.079797891866667 
  -0.383232869333331    0.082829904800000    0.082444318533332    0.385084838933335   -0.084500607333333    0.069724090799999 
  -0.382725163733335    0.084720850400000    0.080174479866668    0.383727471733334   -0.092269456266667    0.069155686666666 
  -0.382725163733335    0.084720850400000    0.080174479866668    0.388106922867553   -0.073795339414960    0.081190111985846 
  -0.377965909733333    0.102943031066667    0.082328092666665    0.385084838933335   -0.084500607333333    0.069724090799999 
  -0.377965909733333    0.102943031066667    0.082328092666665    0.378683323066665   -0.106749191066667    0.073899314133333 
  -0.381527593866667    0.089600388800000    0.081707132933334    0.384925041600002   -0.087389917866667    0.070688339733332 
  -0.381527593866667    0.089600388800000    0.081707132933334    0.372632222133332   -0.129773151066666    0.069444213466668 
  -0.384590236533332    0.075061055866666    0.081875914399999    0.375173098800000   -0.119359874400000    0.072511878400000 
  -0.384590236533332    0.075061055866666    0.081875914399999    0.383727471733334   -0.092269456266667    0.069155686666666 
  -0.376250800400002    0.110646865600000    0.081782038400002    0.386799948266666   -0.076796772800000    0.069178036533335 
  -0.353682063200002    0.100561570266667    0.158005608533333    0.384925041600002   -0.087389917866667    0.070688339733332 
  -0.295556572415038    0.249102054364788    0.106476694732562    0.386489968800000   -0.080404163733333    0.065573003733334 
  -0.376250800400002    0.110646865600000    0.081782038400002    0.382250844666665   -0.088429521066667    0.079797891866667 
  -0.366854454666668    0.125104793600000    0.099841277866667    0.378683323066665   -0.106749191066667    0.073899314133333 
  -0.366854454666668    0.125104793600000    0.099841277866667    0.381792513279610   -0.035580598870882    0.095731848908426 
  -0.381476133999998    0.090332347733334    0.080940656933332    0.345582936133333   -0.178897053466667    0.093813986533333 
  -0.381476133999998    0.090332347733334    0.080940656933332    0.375173098800000   -0.119359874400000    0.072511878400000 
  -0.344382837570648    0.109141629606857    0.088847337870352    0.270084037570647   -0.273173718673524    0.113572017062981 
  -0.385398020799998    0.079105688666667    0.072910956533334    0.341661049333334   -0.190123712533333    0.085784286133334 
  -0.385398020799998    0.079105688666667    0.072910956533334    0.266577075343805   -0.275741911767674    0.112209392713141 
  -0.383103875126338    0.060790059403896    0.098980617384751    0.345582936133333   -0.178897053466667    0.093813986533333 
  -0.296243834665522    0.221870058095462    0.091380198919229    0.387830003732188   -0.027306781695462    0.095008392814105 
  -0.391908239053154    0.060787106004360    0.069209960302251    0.341643006787665   -0.207855914130998    0.020298716793304 
  -0.379468175466669    0.096277989466667    0.083627050133333    0.338979878666665   -0.198611226000000    0.078268991866666 
  -0.387131113200000    0.064647779200000    0.078808249466668    0.341661049333334   -0.190123712533333    0.085784286133334 
  -0.389812283866668    0.056160265733334    0.071292955199999    0.338979878666665   -0.198611226000000    0.078268991866666 
  -0.379468175466669    0.096277989466667    0.083627050133333    0.374691640533331   -0.123095550399999    0.071364130666668 
  -0.392221913009578    0.050327672821281    0.063152970648193    0.297432621523757   -0.264418167578719    0.051201708114859 
  -0.400376498660046    0.039957790014305    0.068892324952268    0.341355511181387   -0.208563064963270    0.020287933140965 
  -0.379595061599999    0.095516684000000    0.082404268933334    0.338852992533335   -0.199372531466667    0.077046210666667 
  -0.386957661470285    0.085179589134458    0.072540928798685    0.297731740389146   -0.262437854596628    0.051735139196057 
  -0.389812283866668    0.056160265733334    0.071292955199999    0.299842250666666   -0.258585574666667    0.059341692666665 
  -0.370469930966135    0.086804771535707    0.049186031955494    0.299842250666666   -0.258585574666667    0.059341692666665 
  -0.379595061599999    0.095516684000000    0.082404268933334    0.289550551828861   -0.273924248499666    0.040775173029558 
  -0.387131113200000    0.064647779200000    0.078808249466668    0.372632222133332   -0.129773151066666    0.069444213466668 
  -0.341195740133332    0.144879782400000    0.150890605200000    0.374691640533331   -0.123095550399999    0.071364130666668 
  -0.374772584266668    0.064322231066667    0.124454103866668    0.392899829450700   -0.010900487757890    0.053820829759820 
  -0.374772584266668    0.064322231066667    0.124454103866668    0.392108016266665   -0.046182386666667    0.066386791200000 
  -0.379534416800000    0.055625269066667    0.113664898000002    0.393388402133333   -0.034595618400000    0.064053633599999 
  -0.379534416800000    0.055625269066667    0.113664898000002    0.395237839085061    0.018476776074341    0.048357477884104 
  -0.373492198400000    0.075908999333333    0.122120946266667    0.387177963600000   -0.078777338266666    0.064249127333335 
  -0.353682063200002    0.100561570266667    0.158005608533333    0.387177963600000   -0.078777338266666    0.064249127333335 
  -0.382797058666665    0.028797013733333    0.113157243200000    0.390125760266668   -0.061423873733334    0.063545978799997 
  -0.382797058666665    0.028797013733333    0.113157243200000    0.387113889733333   -0.068063869600000    0.056682406666668 
  -0.390398478800000    0.003095235066667    0.088183434400003    0.376714592533331   -0.102954738933334    0.018746976800001 
  -0.373492198400000    0.075908999333333    0.122120946266667    0.393388402133333   -0.034595618400000    0.064053633599999 
  -0.360865037866665    0.059354039066667    0.162307157066666    0.392108016266665   -0.046182386666667    0.066386791200000 
  -0.390398478800000    0.003095235066667    0.088183434400003    0.390125760266668   -0.061423873733334    0.063545978799997 
  -0.385225374082609   -0.029564290331955    0.024504820620189    0.373038578000001   -0.120877520266667   -0.005304714666668 
  -0.387209493866669   -0.007326506666667    0.100243608800001    0.381128594666666   -0.099934931866667    0.038395020800001 
  -0.394919523600493   -0.058146306974738    0.027762253177408    0.381126051490622   -0.097032591788870   -0.008022271209962 
  -0.387209493866669   -0.007326506666667    0.100243608800001    0.383905332950229   -0.078713268303315    0.018105525284173 
  -0.395299510533334   -0.028269095066667    0.056543873333332    0.373295732160282   -0.126924556196974   -0.000540415310981 
  -0.394295381422509   -0.023259522063311    0.064912117898423    0.372817689910823   -0.129309496063312   -0.004524339701579 
  -0.393026541837238   -0.044501070878548    0.041273531025112    0.368699759190088   -0.129184992485379    0.004021632158741 
  -0.396189628269490   -0.040937486147900    0.048253244304083    0.372811430313565   -0.133817268190420   -0.005051242122112 
  -0.395299510533334   -0.028269095066667    0.056543873333332    0.373038578000001   -0.120877520266667   -0.005304714666668 
  -0.381401313199998    0.041606293200000    0.113334392399999    0.381128594666666   -0.099934931866667    0.038395020800001 
  -0.373556272266668    0.086622468000000    0.114554225600000    0.387113889733333   -0.068063869600000    0.056682406666668 
  -0.381401313199998    0.041606293200000    0.113334392399999    0.395528640089875    0.029848007446701    0.044666868053407 
  -0.373556272266668    0.086622468000000    0.114554225600000    0.337622064533336   -0.201135256133333    0.075714711466666 
  -0.342426668133332    0.143117057733333    0.149559106000000    0.337622064533336   -0.201135256133333    0.075714711466666 
  -0.342426668133332    0.143117057733333    0.149559106000000    0.289311778228464   -0.273442424470519    0.023720040120033 
  -0.375353050695644    0.083018212305004    0.111767742317346    0.335825286104359   -0.204739511828329    0.072928228184012 
  -0.344086075751094    0.141401766364030    0.137910270110778    0.292368905146716   -0.270282342907910    0.045180692332333 
  -0.372056693416207    0.097519942086662    0.091400209367825    0.336012587773018   -0.203915511892556    0.071770928600104 
  -0.366138227457814    0.096902411892627    0.121586940913487    0.286191506120141   -0.279523942283812    0.020039102677899 
  -0.393196355866667   -0.006093855600000    0.075221813333333    0.360549524287451   -0.083650338226000    0.090549292603501 
  -0.394461465041697   -0.022654064064380    0.066187985197894    0.360493622108167   -0.084382094631551    0.090150109125892 
  -0.393196355866667   -0.006093855600000    0.075221813333333    0.376714592533331   -0.102954738933334    0.018746976800001 
  -0.341195740133332    0.144879782400000    0.150890605200000    0.338852992533335   -0.199372531466667    0.077046210666667 
  -0.360865037866665    0.059354039066667    0.162307157066666    0.383665485755284   -0.039891410933442    0.042979463558823 
  -0.384792143113447   -0.070132607500135    0.059082211352961    0.357608796086209   -0.172681571826418   -0.048488750556485 
  -0.387988550471227   -0.077357005556246    0.062275179770320    0.353646449733333   -0.181637116000000   -0.044530667200000 
  -0.390972333025300   -0.080781829885978    0.027269439039414    0.369907451921513   -0.151489485028906    0.014819067395973 
  -0.393405496855674   -0.045916790263069    0.059492890322865    0.379826309581596   -0.117487641361909    0.004923989943594 
  -0.385780988649853   -0.035448165823083    0.041081401433614    0.372677063350150   -0.127303720223083    0.022187827033613 
  -0.392952445200001   -0.072807540000000    0.024289350133334    0.354126127333332   -0.182671868800000   -0.036232028933334 
  -0.393432122800001   -0.071772787200000    0.015990711866668    0.365025929200002   -0.163628341600000   -0.002902862533333 
  -0.393432122800001   -0.071772787200000    0.015990711866668    0.353646449733333   -0.181637116000000   -0.044530667200000 
  -0.396287635333332   -0.056199303466667    0.010519448133334    0.365025929200002   -0.163628341600000   -0.002902862533333 
  -0.383733107877691   -0.073588516738744    0.073563464845394    0.336756300030575   -0.196594512059686   -0.089334661288651 
  -0.377119843791880   -0.042303024501452    0.115472423944388    0.319665938010545   -0.227603087349591   -0.086303784312958 
  -0.385812168879920   -0.053754839903214    0.102323925862457    0.359360934280020   -0.175306404350804   -0.026258908284385 
  -0.379089669453255   -0.074984283366677    0.095690479750217    0.320021234813409   -0.221708379500010   -0.082735721583115 
  -0.391753854533332   -0.074270055866667    0.036385267866668    0.340712223466668   -0.204050308533333   -0.049306359733333 
  -0.392952445200001   -0.072807540000000    0.024289350133334    0.339513632800000   -0.202587792666667   -0.061402277466667 
  -0.388785101066666   -0.079763220800000    0.062301814933333    0.317371336133332   -0.233330575600000   -0.070949710800001 
  -0.391753854533332   -0.074270055866667    0.036385267866668    0.314402582666666   -0.227837410666667   -0.096866257866666 
  -0.384708321599999   -0.081113314533333    0.081559943466666    0.314402582666666   -0.227837410666667   -0.096866257866666 
  -0.394585303066666   -0.064036770800000    0.024853326800000    0.340712223466668   -0.204050308533333   -0.049306359733333 
  -0.384708321599999   -0.081113314533333    0.081559943466666    0.356981737466667   -0.175836040133334   -0.043413820133334 
  -0.381846715481726   -0.077688739638663    0.092673032260416    0.339513632800000   -0.202587792666667   -0.061402277466667 
  -0.395726383066665   -0.060150754400000    0.014539373066668    0.354126127333332   -0.182671868800000   -0.036232028933334 
  -0.395408910933331   -0.051377847733333    0.035005950666668    0.378511573205612   -0.121071449116665   -0.011145513940583 
  -0.395408910933331   -0.051377847733333    0.035005950666668    0.364147204800001   -0.168449797333333   -0.027389365066667 
  -0.397707741574775   -0.034762231338899    0.029768327590536    0.364147204800001   -0.168449797333333   -0.027389365066667 
  -0.395219093951256   -0.003588721836811    0.061574388442979    0.378445682859979   -0.137660281097918   -0.020368100502009 
  -0.386036429847106    0.096102261592698    0.041818667078577    0.369557906705503   -0.204459545843611   -0.037629168984460 
  -0.397975884128230   -0.008927818253254    0.037373125945545    0.376786028331407   -0.140874546594088   -0.034937847317161 
  -0.397975884128230   -0.008927818253254    0.037373125945545    0.364469877466668   -0.199537958666667   -0.036540693466666 
  -0.397707741574775   -0.034762231338899    0.029768327590536    0.354687379600000   -0.186623319733333   -0.032212103999999 
  -0.395726383066665   -0.060150754400000    0.014539373066668    0.341853303466667   -0.207936324933333   -0.038992406000002 
  -0.396287635333332   -0.056199303466667    0.010519448133334    0.354687379600000   -0.186623319733333   -0.032212103999999 
  -0.392680189553316   -0.072582696617411    0.029181553066087    0.319387604533332   -0.239719714933333   -0.045183273333333 
  -0.392680189553316   -0.072582696617411    0.029181553066087    0.341853303466667   -0.207936324933333   -0.038992406000002 
  -0.395781283288671   -0.055498188298609    0.026445641977844    0.345585043066668   -0.228495179866666   -0.035700113466667 
  -0.392569034666667   -0.070425910133333    0.050619764266668    0.319387604533332   -0.239719714933333   -0.045183273333333 
  -0.395781283288671   -0.055498188298609    0.026445641977844    0.357005607066666   -0.211576190666667   -0.036210498933334 
  -0.394585303066666   -0.064036770800000    0.024853326800000    0.317371336133332   -0.233330575600000   -0.070949710800001 
  -0.388785101066666   -0.079763220800000    0.062301814933333    0.355443559066669   -0.176799016800000   -0.051239192000001 
  -0.390291626678906   -0.058126537551189    0.079943214729713    0.384530683200001   -0.103564757066667   -0.039159972533334 
  -0.390212208052405   -0.044064114734831    0.079013687397158    0.384473712109589   -0.113652460631677   -0.038493174478060 
  -0.386246499999997   -0.082076291200000    0.073734571599999    0.355443559066669   -0.176799016800000   -0.051239192000001 
  -0.388837452400003   -0.080295017866667    0.062462936133335    0.355391207733332   -0.177330813866667   -0.051078070799999 
  -0.388837452400003   -0.080295017866667    0.062462936133335    0.384591943999999   -0.102794472000000   -0.043123015199999 
  -0.386185239199998   -0.081306006133333    0.069771528933334    0.384591943999999   -0.102794472000000   -0.043123015199999 
  -0.386185239199998   -0.081306006133333    0.069771528933334    0.387729745066667   -0.087908861866667   -0.047953222800000 
  -0.386246499999997   -0.082076291200000    0.073734571599999    0.384530683200001   -0.103564757066667   -0.039159972533334 
  -0.388362515733335   -0.078836351866667    0.060370024400000    0.385066880666667   -0.101335806000000   -0.045215926933334 
  -0.390234969823074   -0.045197480125421    0.079274810226855    0.385393561271545   -0.067850874282713   -0.049045675843807 
  -0.392569034666667   -0.070425910133333    0.050619764266668    0.355391207733332   -0.177330813866667   -0.051078070799999 
  -0.386814422072829   -0.083599933973928    0.069842646573946    0.390462135406165   -0.081633899892738   -0.037478301373946 
  -0.388499770578403   -0.084294108847740    0.061032816658792    0.389584215111733   -0.081995504752260   -0.042067458125457 
  -0.388362515733335   -0.078836351866667    0.060370024400000    0.387729745066667   -0.087908861866667   -0.047953222800000 
  -0.390083016533333   -0.080424700800000    0.052261561066666    0.387230834800001   -0.091152291066667   -0.048713110533333 
  -0.388861426000002   -0.082079781066667    0.059610136666667    0.387230834800001   -0.091152291066667   -0.048713110533333 
  -0.388861426000002   -0.082079781066667    0.059610136666667    0.389945870533332   -0.084209832533333   -0.040644778133333 
  -0.388879633711144   -0.083993015155481    0.058768385263969    0.390990732197228   -0.083110362673431   -0.033682960733552 
  -0.390426908596077   -0.083598563403922    0.050016768266667    0.389945870533332   -0.084209832533333   -0.040644778133333 
  -0.386036232912841   -0.082126946806849    0.073744693049420    0.387580738779510   -0.087087921193151   -0.051926386916086 
  -0.390493204133331   -0.074599991466667    0.052202141200000    0.385066880666667   -0.101335806000000   -0.045215926933334 
  -0.393743513274587   -0.109393582817447    0.043475233815152    0.355941120933335   -0.180367136800000   -0.048947315066668 
  -0.392019121466664   -0.073462233066667    0.052750519999999    0.355941120933335   -0.180367136800000   -0.048947315066668 
  -0.392019121466664   -0.073462233066667    0.052750519999999    0.386592798000000   -0.102473564400000   -0.045764305733333 
  -0.383888684400002   -0.084150850400000    0.047636492400001    0.386592798000000   -0.102473564400000   -0.045764305733333 
  -0.382569236612833   -0.103429554703265    0.041252274622626    0.382114171592232   -0.123270662005314   -0.040942133015063 
  -0.383161496486210   -0.108171647890352    0.042512948378539    0.383783404933335   -0.109905481600000   -0.044495233200001 
  -0.383888684400002   -0.084150850400000    0.047636492400001    0.381535070458198   -0.114809304433379   -0.038140121604870 
  -0.386698077466667   -0.091582767600000    0.048905564933333    0.383783404933335   -0.109905481600000   -0.044495233200001 
  -0.382763773939514   -0.079312935197949    0.037391009096676    0.331320646225755   -0.247818630984182   -0.035304322621669 
  -0.390083016533333   -0.080424700800000    0.052261561066666    0.388484329266672   -0.097698748600000   -0.050185147533331 
  -0.390073212556005   -0.082477903333333    0.052949865842560    0.390492491686170   -0.082477903333333   -0.036111809152407 
  -0.383800266105926   -0.105426314666667    0.043204228596841    0.382741216052958   -0.105426314666667   -0.043367370298416 
  -0.386698077466667   -0.091582767600000    0.048905564933333    0.384190121733329   -0.112348088200000   -0.046218038466661 
  -0.387726717111109   -0.091940732666667    0.049410212133335    0.387306179555559   -0.091940732666667   -0.048759473066666 
  -0.387510054094119   -0.095199494141176    0.049478659568629    0.387641022399998   -0.096977000400000   -0.048653690666667 
  -0.390493204133331   -0.074599991466667    0.052202141200000    0.387641022399998   -0.096977000400000   -0.048653690666667 
  -0.388886025335557   -0.054439114680369    0.080160254392821    0.356981737466667   -0.175836040133334   -0.043413820133334 
  -0.383175695965881    0.113303153947973   -0.044670668336993    0.380946637579868    0.113391634604541    0.045080287209435 
  -0.382369894250004    0.113452468750000   -0.048459341000001    0.381274938981529    0.113452468750000    0.043536698357247 
  -0.382369894250004    0.113452468750000   -0.048459341000001    0.384710117066667    0.097375003200000    0.050830202666666 
  -0.383044298598032    0.112200004822742   -0.044512870417723    0.383192008064700    0.094540583577258    0.047776800817724 
  -0.386917398750001    0.098098139500000   -0.051925906750000    0.385412249250000    0.098098139500000    0.051192052849999 
  -0.386917398750001    0.098098139500000   -0.051925906750000    0.389417551066667    0.080964063333333    0.055173021600001 
  -0.388137398799999    0.088585680666667   -0.046889247199999    0.390068217759999    0.086037374711111    0.052486803173334 
  -0.388137398799999    0.088585680666667   -0.046889247199999    0.388376890266666    0.086106322133333    0.059299521866666 
  -0.384591859733333    0.099796000933333   -0.052849034800001    0.389417551066667    0.080964063333333    0.055173021600001 
  -0.384562407600000    0.109365585200000   -0.047566272266666    0.384710117066667    0.097375003200000    0.050830202666666 
  -0.384562407600000    0.109365585200000   -0.047566272266666    0.390019886533336    0.075196085466667    0.052762908666667 
  -0.382358642133336    0.111773790266667   -0.043883513599999    0.392223651999999    0.077604290533333    0.056445667333334 
  -0.382358642133336    0.111773790266667   -0.043883513599999    0.387493369066666    0.080552460000000    0.061700638933333 
  -0.385194195200002    0.105563978800000   -0.050438921866667    0.390019886533336    0.075196085466667    0.052762908666667 
  -0.331801966800000    0.221460723600000   -0.051404158533332    0.392610872969526    0.114623821662977    0.046510111549230 
  -0.384591859733333    0.099796000933333   -0.052849034800001    0.387908072133333    0.083901671600000    0.062444153333333 
  -0.385194195200002    0.105563978800000   -0.050438921866667    0.386216410906666    0.101582197840000    0.051885979128888 
  -0.389693074615180    0.083807607000000   -0.041593049390747    0.389342235712915    0.083807607000000    0.054958362150985 
  -0.330613357466666    0.213203469333334   -0.074574696400002    0.392223651999999    0.077604290533333    0.056445667333334 
  -0.316903871600001    0.244507835466667   -0.039002404000001    0.387589992296782    0.070136774178595    0.030172575000453 
  -0.321603745813172    0.265236053432593   -0.033644324580423    0.384954620402926    0.081759758232944    0.033177023899923 
  -0.316903871600001    0.244507835466667   -0.039002404000001    0.393412261333333    0.069347036266667    0.033275129466665 
  -0.334860785733334    0.249445283733333   -0.031199075200000    0.394302675042597    0.068291049264954    0.027255521980834 
  -0.358196617600000    0.218104213466667   -0.027757922400000    0.399812546375689    0.017275790962937    0.025626474346241 
  -0.347922819066665    0.232482146400000   -0.029425141466665    0.397632586454351    0.045110413673498    0.024677793226302 
  -0.364628334982538    0.208525546733826   -0.026066404893955    0.398774988535841   -0.020193311533902    0.028084621960658 
  -0.336522497066665    0.217856074933333   -0.033247746399998    0.393370899606716    0.050577955415043    0.026106765598143 
  -0.336522497066665    0.217856074933333   -0.033247746399998    0.394764542666667    0.065393937466667    0.019625142266667 
  -0.315551590266667    0.240554736666667   -0.052652391200000    0.394764542666667    0.065393937466667    0.019625142266667 
  -0.335717855466665    0.213851521200000   -0.041306430800000    0.395569184266666    0.061389383733333    0.011566457866665 
  -0.335717855466665    0.213851521200000   -0.041306430800000    0.391839368800000    0.076778349066667    0.030529790933334 
  -0.315551590266667    0.240554736666667   -0.052652391200000    0.390522356133332    0.078311355333333    0.042903823466668 
  -0.349329303733335    0.193795306400000   -0.022380887733332    0.395569184266666    0.061389383733333    0.011566457866665 
  -0.361879521600000    0.174179718000000   -0.024451025999999    0.397747422661915   -0.007354098169047    0.027480758404320 
  -0.361879521600000    0.174179718000000   -0.024451025999999    0.395939598533331    0.058237572266667    0.016928707599999 
  -0.361459535466664    0.169250377200000   -0.026879581466667    0.396359584666667    0.053308231466667    0.014500152133331 
  -0.370788282575924    0.088241471440480   -0.011350815616258    0.396359584666667    0.053308231466667    0.014500152133331 
  -0.349699717999999    0.196947117866667   -0.027743137466666    0.395939598533331    0.058237572266667    0.016928707599999 
  -0.369977978862492    0.158782827525621   -0.022063322629663    0.395125475959312   -0.054127659953114    0.030815513847341 
  -0.349329303733335    0.193795306400000   -0.022380887733332    0.392973026666668    0.074867480266667    0.015358181866668 
  -0.349699717999999    0.196947117866667   -0.027743137466666    0.396636221595477    0.025184770731462    0.025620947418499 
  -0.331801966800000    0.221460723600000   -0.051404158533332    0.393412261333333    0.069347036266667    0.033275129466665 
  -0.330613357466666    0.213203469333334   -0.074574696400002    0.388767262666670    0.085118769466667    0.065507352799998 
  -0.389273292484346    0.082977210623165   -0.041877451650306    0.386988094959190    0.089135292383972    0.062909889323726 
  -0.388606216933332    0.086381030133333   -0.043744615733332    0.387067947638270    0.089542748640729    0.062686379326869 
  -0.388606216933332    0.086381030133333   -0.043744615733332    0.387908072133333    0.083901671600000    0.062444153333333 
  -0.385006562800000    0.096446789333333   -0.053592549200001    0.387493369066666    0.080552460000000    0.061700638933333 
  -0.385006562800000    0.096446789333333   -0.053592549200001    0.385140104666668    0.088368476533333    0.072085584799999 
  -0.328858264000003    0.206396055200000   -0.097178225733332    0.390522356133332    0.078311355333333    0.042903823466668 
  -0.328858264000003    0.206396055200000   -0.097178225733332    0.384869263199998    0.090591393466667    0.078051807066667 
  -0.381084748533332    0.116340099733333   -0.040076799733333    0.383649902266666    0.086370880000000    0.075552833333334 
  -0.381084748533332    0.116340099733333   -0.040076799733333    0.388767262666670    0.085118769466667    0.065507352799998 
  -0.389224173631427    0.086004625350973   -0.040731765587110    0.385140104666668    0.088368476533333    0.072085584799999 
  -0.314234577599999    0.239021730400000   -0.065026423733334    0.391839368800000    0.076778349066667    0.030529790933334 
  -0.386496765200002    0.094449192800000   -0.050125300666665    0.383649902266666    0.086370880000000    0.075552833333334 
  -0.386496765200002    0.094449192800000   -0.050125300666665    0.384539956023667    0.085989691293639    0.078583159608518 
  -0.385544779380551    0.080684785393837   -0.049122435096150    0.387509871515729    0.043048792427951    0.081711804944901 
  -0.388672460332426    0.088022803017746   -0.045269883202633    0.384279513132423    0.085220416448921    0.079164380269300 
  -0.383161175397199    0.120840519162389   -0.030190674342581    0.388019715500593    0.051637953825016    0.085761237824904 
  -0.331362962666666    0.203438018933333   -0.095162420533332    0.382364564533335    0.087633357200000    0.080067612266667 
  -0.331362962666666    0.203438018933333   -0.095162420533332    0.361213813810572    0.044191940659494    0.157430380389343 
  -0.350292069907146    0.190084005727493   -0.051439840567803    0.390209074871415    0.064647374409970    0.090456930228787 
  -0.379865387600000    0.120560613200000   -0.037577826000000    0.384791839956561    0.051912092108856    0.092996171516722 
  -0.307121948137640    0.239956335855140   -0.096147397735809    0.364926479925224    0.049784954006249    0.157279524843303 
  -0.379865387600000    0.120560613200000   -0.037577826000000    0.384869263199998    0.090591393466667    0.078051807066667 
  -0.309695576266665    0.237223827333333   -0.088583318533333    0.382364564533335    0.087633357200000    0.080067612266667 
  -0.348379600266670    0.183173856933333   -0.005957618800001    0.393922730133333    0.064246030800000    0.031781450799999 
  -0.334584197599997    0.211940652400000   -0.056478039866666    0.386903565866669    0.085835454133333    0.056510717466667 
  -0.342277697082095    0.145758122926721   -0.014221902777659    0.387688767008657    0.085989817696470    0.050673795470513 
  -0.348379600266670    0.183173856933333   -0.005957618800001    0.395816688141599    0.036150918923767    0.039665517174581 
  -0.314234577599999    0.239021730400000   -0.065026423733334    0.386903565866669    0.085835454133333    0.056510717466667 
  -0.361204060977455    0.168989456230606   -0.031282365940179    0.393922730133333    0.064246030800000    0.031781450799999 
  -0.361459535466664    0.169250377200000   -0.026879581466667    0.394176175401818    0.063987182312441    0.027413637417025 
  -0.360442701478461    0.162198452819141   -0.028731133158938    0.396867674157871    0.037978380703507    0.041649637568865 
  -0.374876441745579    0.078798100688982    0.003611992360799    0.390628470211680    0.040069745299241    0.035476234894744 
  -0.334125320136997    0.209541877227847   -0.060463982016937    0.387362443329669    0.083436678961181    0.052524775316396 
  -0.334584197599997    0.211940652400000   -0.056478039866666    0.392973026666668    0.074867480266667    0.015358181866668 
  -0.309695576266666    0.237223827333334   -0.088583318533334    0.372610267628244    0.057943092760430    0.134696317073244 
  -0.333173502547041    0.211124808091207   -0.065305787796816    0.370869643311835    0.056008143864827    0.136422084312738 
  -0.390118338867740    0.084820261461493   -0.039680635499008    0.388376890266666    0.086106322133333    0.059299521866666 
  -0.176276446602146    0.095237749272505    0.009694394680322    0.197614103085188   -0.032854110603505    0.029445871237031 
  -0.139154688014912    0.136683958054876    0.044949232176277    0.184947772548245   -0.039402319854876    0.048245063690390 
  -0.176143175924114    0.095251142232029    0.009271258944788    0.190121373595789   -0.033607088109530    0.053235362297291 
  -0.191491932578987    0.030768211160951    0.050646959473913    0.154342532578987   -0.112784255694284    0.050562717992754 
  -0.198006354161962    0.027584937940176    0.030471420337136    0.172873736391810   -0.101119346794313    0.014282921126418 
  -0.185656737689230    0.034486632176466    0.037596318391157    0.171037583746252   -0.102145497214350    0.013223584551868 
  -0.151792511428418    0.107294611736482    0.045987097443222    0.148789755856084   -0.123488039363867    0.051214495088390 
  -0.194870116379768   -0.027512900478548    0.038931775821384    0.192449411861179   -0.029011282395551   -0.023817207113693 
  -0.191901228723395   -0.045763643650436    0.039678518742368    0.193725085390062   -0.036853273282897   -0.023496346142368 
  -0.193720078443454   -0.043358400216376    0.025251772588955    0.194775627619267   -0.040193283376567   -0.012709061122608 
  -0.192298212257520   -0.044952042195511    0.036169067247590    0.196066495459508   -0.041640101087035   -0.002797590748893 
  -0.193879454874268   -0.042634350662473    0.025406252036462    0.195312950775269   -0.042634350662473   -0.013229874544319 
  -0.195301705329476    0.043311122714286   -0.012053338921224    0.194121605798457    0.043311122714286    0.022103944035156 
  -0.195402285933367    0.042558273900151   -0.010356400789617    0.193130017423990    0.044817460728913    0.027251811413518 
  -0.195239203909746    0.042367789037381   -0.011277317329203    0.194096605230565    0.043688456185048    0.021793535398347 
  -0.194837108149520    0.042605345587732   -0.014465312204046    0.193130017423990    0.044817460728913    0.027251811413518 
  -0.194812978393509    0.041419250784179   -0.010684230721421    0.190779276010763    0.047537768267077    0.045316892480774 
  -0.194523796132440    0.041136858163950   -0.024724083714186    0.190876360477026    0.047442963223675    0.040603423441648 
  -0.194314331542106    0.040854165725218   -0.024569917669870    0.192117857942105    0.045767444008116    0.041517166203204 
  -0.192574453463875    0.029889979422373   -0.024549212018686    0.193556999613555    0.031976814657468    0.040843898304476 
  -0.195802040522112    0.042700553385498   -0.004340284064661    0.192784095373364    0.044940580294564    0.032457774003811 
  -0.092593742507634    0.035368556414359    0.013870945800975    0.099582832534808   -0.004546523707043    0.017382366090374 
  -0.092242446774817    0.032821187032523    0.018582112592465    0.093150140874818   -0.028824038732523    0.023639545707535 
  -0.091390673365487    0.038116911446404    0.015038673146439    0.095586633110868   -0.013675653871778    0.013503560474155 
  -0.095640457991902    0.014559842409520    0.020894609814688    0.091833986380071   -0.038871923613719    0.008001285134281 
  -0.095043357074988    0.018760176427122    0.025998854272228    0.093541989358276   -0.026856897663679    0.022601940547799 
  -0.099723866058022    0.003465906777127    0.016831204055247    0.092414289567435   -0.037295337070409    0.008578745744530 
  -0.096739706477355   -0.014658510193800    0.020722984892687    0.098185663332546   -0.018568708737130   -0.007917649244177 
  -0.096817300944429   -0.015055893528992    0.020359525777215    0.098783991514397   -0.015504499942269   -0.005115028903631 
  -0.097920566258213   -0.016573573937982    0.012067697366451    0.098448438467488   -0.016573573937982   -0.007421023205149 
  -0.097929794187310   -0.016751383998144    0.012057032976740    0.098479866315878   -0.015968000623121   -0.007384703157662 
  -0.098384607312079    0.017118816139535   -0.007117126142345    0.097877522635234    0.017118816139535    0.011139989728349 
  -0.098645716278846    0.015898217501921   -0.005557860857534    0.097990669854167    0.017647742215834    0.010464308104932 
  -0.098559387620715    0.015826177917381   -0.006084096381168    0.097702374829560    0.017888318801259    0.012221674505837 
  -0.098306744049868    0.016765148701370   -0.007598257837489    0.097705528673996    0.017900040325670    0.012202772660568 
  -0.098558538623388    0.017439876025483   -0.003444905599667    0.097010722547426    0.016694795076218    0.016734183175962 
  -0.098398654574131    0.017174968292161   -0.007425004186311    0.096232881292617    0.013701608722736    0.023522533455391 
  -0.098240229297998    0.018701894600242   -0.006113766859836    0.096216883130914    0.013547416067493    0.023390121587212 
  -0.098785819478329    0.015568601893462   -0.004388365972191    0.097068043944110    0.017166740004682    0.016972128718201 
  -0.075966715728981    0.023916474735455    0.008672605297779    0.079323476524200   -0.004363469598712    0.014161178461551 
  -0.076403977641653    0.022002762026663    0.009133953744632    0.077264967120061   -0.013372705239202    0.016333080676019 
  -0.076919749371879    0.013273366052922    0.014908231078308    0.076096720480114   -0.023501340044331    0.008593107793544 
  -0.076538676980750    0.016575853063906    0.017435946676723    0.077264832376936   -0.013378133912270    0.016341385367650 
  -0.079154150845333    0.004000804473710    0.014521483905642    0.076108978821932   -0.023450469047906    0.008595229560422 
  -0.077134171850623   -0.010695431703443    0.018498783391656    0.078707529351220   -0.013752883085135   -0.006303186549786 
  -0.077937413857310   -0.012996858090266    0.012923704146208    0.078359706459925   -0.013520860384963   -0.009206364279851 
  -0.078013897638070   -0.013085355509916    0.012267727028550    0.078736090986335   -0.013085355509916   -0.005978233631614 
  -0.077124567016265   -0.010640470711767    0.018554524932417    0.079146852767757   -0.011238977093860   -0.003753578382045 
  -0.078558965115118    0.013775127053669   -0.007231489656166    0.078077998131705    0.013957025142110    0.010915102178722 
  -0.078540141806053    0.013911550620000   -0.006479554784410    0.078071723695350    0.013911550620000    0.010664457221470 
  -0.079079675685799    0.011919725595183   -0.003583412546373    0.077099106368691    0.010517677410999    0.018746682566400 
  -0.078387189506708    0.014431365283659   -0.007993566309102    0.077617732108066    0.012368641587193    0.015158332097527 
  -0.078830811027176    0.014191972605281   -0.005877128442076    0.077098187582410    0.010509288476260    0.018755150762364 
  -0.078573388735269    0.013725285547995   -0.007099364324442    0.077611528616985    0.012345117540519    0.015188123703432 
  -0.058438452302422    0.011225525947430    0.008023179728283    0.059087605396581   -0.004718735711343    0.011178155743012 
  -0.059132920886620    0.004268801793723    0.011016426576243    0.058512389333775   -0.011980370909674    0.006702836510454 
  -0.058400829109175    0.011699840533690    0.008312893493682    0.058508358584336   -0.012021284707854    0.006717721617474 
  -0.057836429438721   -0.006151933818338    0.014940176495826    0.059358240851638   -0.010312903369728   -0.003802088907483 
  -0.058372801001137   -0.009847060347055    0.009971963283608    0.058916276001052   -0.009847060347055   -0.005238961461206 
  -0.058021320976992   -0.006245733244514    0.014120596381869    0.058845419512117   -0.010573068587821   -0.006075303657149 
  -0.058903260521554    0.010713077956930   -0.005217302053004    0.058324217966897    0.009454604633782    0.010608968436961 
  -0.058989169921403    0.009759689075758   -0.004112941713809    0.058351708974849    0.009759689075758    0.010255573128419 
  -0.059297921884340    0.010566611155248   -0.003525135767035    0.057807502839146    0.006318100384283    0.014935880199648 
  -0.058835602065024    0.010978584110003   -0.005604032559214    0.057901984162266    0.006190144291054    0.014622245730402 
  -0.058919721020463    0.010582252939785   -0.005057301985428    0.057930219303723    0.006323175741538    0.014438731622201 
  -0.039499891684782    0.003844663510030    0.005354067590289    0.039571578001556   -0.004058959626140    0.004666342483815 
  -0.039698641074627    0.004592874837482    0.003466484428363    0.039621001164256   -0.004245017908882    0.005135729231590 
  -0.039550091808853    0.003912777648855    0.005654943305417    0.039708184896049   -0.004244314964361    0.003847585601579 
  -0.039670974582288    0.004685912976228    0.002460561790491    0.039678213099302   -0.004052623011639    0.003055567427457 
  -0.038918624060853   -0.006214467098797    0.006589634635583    0.039468023081477   -0.004998067399092   -0.001226106179703 
  -0.039383087824044   -0.003095798595577    0.006426971223121    0.039676374715184   -0.006397056360413   -0.001153137758016 
  -0.038952429286422   -0.005886449202247    0.007153582646347    0.039559578900728   -0.005886449202247   -0.002753465375522 
  -0.039525961146750   -0.002355880490802    0.005126472008937    0.039463099888227   -0.005292540116446   -0.003094464099490 
  -0.039529028878321    0.005678971225167   -0.001469678852204    0.038906616946313    0.005766847650684    0.007481820935765 
  -0.039554299941603    0.005777340358209   -0.003046193166266    0.038903921366229    0.005777340358209    0.007313659408932 
  -0.039673898329984    0.006496572973944   -0.001089096281258    0.039566347146106    0.002043519102944    0.005748661786713 
  -0.039477794551774    0.005344723590644   -0.003278446000890    0.039621212981623    0.001721255149735    0.005136126410271 
  -0.024912873043190    0.001711765637295    0.001504746648782    0.024917095511381   -0.001342346497172    0.001712995343741 
  -0.025022316178405    0.000255618044511    0.000905792697987    0.025010583758608   -0.000758276696510    0.001077353297536 
  -0.024912794962632    0.001711962438366    0.001503709749389    0.024978252167076   -0.001188201910001    0.000900843114190 
  -0.024958976641608   -0.001886739930474    0.001271722336342    0.024920701120093   -0.002770298353326   -0.000034455309172 
  -0.024963626523639   -0.000470242406362    0.001635531584671    0.024920520937128   -0.002715409063246   -0.000020357697968 
  -0.025029743680727   -0.000564040241607    0.000529294100691    0.025011010768334   -0.001040965712947    0.000026465346200 
  -0.024964250735141   -0.000481722722100    0.001635141946573    0.025011604926294   -0.001040218920923    0.000036497698445 
  -0.024930511627564   -0.001567677166667    0.001239572918614    0.025027992326875   -0.001567677166667   -0.000155633883687 
  -0.024882806398212    0.003090582897962   -0.000114349152566    0.024970132285830    0.001211813007838    0.001245470102864 
  -0.025020116113683    0.001262911959459   -0.000278411956121    0.024970501756422    0.001262911959459    0.001211225758487 
  -0.025009833773195    0.001289101758683   -0.000183000904638    0.024974443320275    0.001272951382495    0.001247799994889 
  -0.025023407393319    0.001471876164988   -0.000013336399488    0.025000631989770    0.000920310121346    0.000920452713186 
  -0.025003165659558    0.001007748846734   -0.000526897160135    0.025014721126163    0.000597257107820    0.000562991850980 
  -0.025022281618389   -0.000630640366705    0.000372249592338    0.025018522047043   -0.000630640324662    0.000489125501396 
  -0.025012160633703   -0.000598083732581    0.000550842189676    0.025015476201693   -0.000640438034639    0.000435379206060 
  -0.025025552645836   -0.000705729471170    0.000305485790867    0.025006819733443   -0.000899276483384    0.000250273656024 
  -0.025005754340925   -0.000734471483295    0.001360663616075    0.024945353063859   -0.000734471611032    0.001999851867211 
  -0.025010967481522   -0.000581651827153    0.000608774402968    0.025019744783829   -0.000581651788376    0.000642635593459 
  -0.024987018107038   -0.000683320664998    0.000953254665868    0.025012537375538   -0.000551055213701    0.000538966501619 
  -0.025015049641164    0.000640438082593   -0.000407513684268    0.025012586777115    0.000598083863456   -0.000522976732670 
  -0.025010411443128    0.000899276512361    0.000045653410108    0.025021966909733    0.000705729442193   -0.000009558719263 
  -0.025017293605099    0.000630640417056   -0.000514872237989    0.025020043210232    0.000630640375013   -0.000166236651906 
  -0.025012453148250    0.000551055505044   -0.000537047118086    0.024987098164522    0.000683320883522   -0.000951335173084 
  -0.024945342617178    0.000734471483295   -0.002000141565832    0.025005813832157    0.000734471611032   -0.001359360396034 
  -0.025019730056864    0.000581652052995   -0.000645905265092    0.025011278509050    0.000581652014218   -0.000589611859118 
  -0.024912798591991   -0.000719025572617    0.002146818963182    0.024909197663508   -0.000728349272071    0.002195307589095 
  -0.024900783605170   -0.000722418003192    0.002111707724651    0.024888190861497   -0.000722418003192    0.002256695491318 
  -0.024953475826033   -0.000734471547163    0.001443843995810    0.024893074548967   -0.000734471547163    0.001916671487476 
  -0.024976879051449    0.000319956451979   -0.001046073380286    0.024845589588722   -0.000314179827119    0.001027254780456 
  -0.024888982102059   -0.000728093400304    0.002333704614482    0.024892230700238   -0.000724360780218    0.002332688492173 
  -0.024883382953328   -0.000726735285107    0.002321237159001    0.024882441246391   -0.000726735285107    0.002354486373582 
  -0.024909194986706    0.000728349258538   -0.002195313689712    0.024912796068324    0.000719025538475   -0.002146825004113 
  -0.024888194992816    0.000722417975339   -0.002256684666099    0.024900784982184    0.000722417975339   -0.002111723466099 
  -0.024893052063344    0.000734471547163   -0.001916386447600    0.024953523278323    0.000734471547163   -0.001443115514266 
  -0.024845590533823    0.000314179816349   -0.001027233771583    0.024976876430257   -0.000319956441209    0.001046094318738 
  -0.024892233810763    0.000724360802406   -0.002332663975930    0.024888986458501    0.000728093519881   -0.002333680409483 
  -0.024882440350541    0.000726735369164   -0.002354463841533    0.024883385017744    0.000726735369164   -0.002321211817900 


       -0.394 
PELAGIC TRAWL		:           0 
Boat to door distance	:      165.97 
Boat Z force 		(N):      -19316 
Boat X force 		(N):       28462 
Warp tension		(N):       32496 
Bottom bridle tension	(N):        8943 
Top bridle tension	(N):       10313 
Head line immersion	(m):      -112.9 
Bottom line immersion 	(m):      -122.8 
Door immersion 		(m):       -96.8 
bottom drag (N)				:            0 
catch drag (N)				:            0 
element drag (N)				:         9118 
surface drag (N)				:        13744 
forces along X Y and Z axes (N)		:  28462.46488   6765.21926 -19315.61549 
maximal catch diameter (m) 			:        0.000 
thickness of the catch (m) 			:        0.000 
volume of the catch (m3) 			:       0.0000 
current amplitude (m/s)			:        2.058 
filtered surface (m2) 				:       122.81 
Drag of panels (N): 
1		2657.398981
2		1407.958939
3		1498.131204
4		385.199405
5		118.550641
6		119.609354
7		299.660815
8		173.745908
9		174.038833
10		315.341116
11		220.308876
12		221.099258
13		233.450816
14		197.049953
15		197.384210
16		334.060204
17		330.456373
18		331.463341
19		231.927301
20		375.945918
21		376.056251
22		645.025540
23		645.049740
24		1127.449413
25		1127.449443
