      1      260.299111061       12.603144849     -135.615845155
      2      264.639875780       10.655643866     -135.512799159
      3      276.082704397       10.162623663     -136.157655607
      4      293.635022976        3.461003142     -139.855556592
      5      293.588243160        3.456255507     -144.630278921
      6      276.325624712       10.301247242     -148.077741635
      7      264.970718996       11.050329389     -149.022052820
      8      260.759925695       13.334952571     -148.889481148
      9      276.003827240       10.817426347     -142.680080469
     10      275.978533303       10.750773334     -141.883232546
     11      260.050247240       11.000921937     -134.719192195
     12      274.597926443        1.700164589     -136.439504037
     13      274.583004226        0.000000000     -136.434229511
     14      293.692462356        0.000000000     -139.064484018
     15      260.321636456       11.672474281     -149.464571509
     16      274.548071579        1.700191182     -148.070937418
     17      274.566439741        0.000000000     -148.075080991
     18      293.641024573        0.000000000     -145.322437790
     19      296.780307641        2.610379979     -140.215663001
     20      296.745869414        2.587297687     -144.253615235
     21      296.894524637        0.000000000     -139.429054998
     22      296.860379084        0.000000000     -145.020917229
     23      300.008930500        2.178712587     -140.609369577
     24      299.975649333        2.162417773     -143.899250877
     25      300.134999998        0.000000000     -139.791871534
     26      300.107924207        0.000000000     -144.721075728
     27      303.883851400        1.687056994     -141.115590216
     28      303.863736994        1.677399856     -143.423124687
     29      304.010362672        0.000000000     -140.306086000
     30      303.991659737        0.000000000     -144.280282774
     31      307.767410821        1.228950050     -141.647805285
     32      307.752248171        1.231148431     -142.934692290
     33      307.877549975        0.000000000     -140.861431714
     34      307.863038514        0.000000000     -143.750196929
     35      314.311422890        0.483103356     -142.138975289
     36      314.312214590        0.445969824     -142.497606878
     37      314.307649229        0.000000000     -141.990389259
     38      314.300812308        0.000000000     -142.624875228
     39      322.595626348        0.067954597     -142.307392501
     40      322.594601933        0.000000000     -142.283285295
     41      322.595410190        0.000000000     -142.322624865
     42      339.207573864        0.000000000     -142.402230645
     43      339.210896135        0.046616534     -142.220575951
     44      339.207585525        0.000000000     -142.402404081
     45      357.808000718        0.000000000     -142.485844157
     46      357.815097776        0.001234432     -142.478907947
     47      357.808000818        0.000000000     -142.485844258
     48        0.000000000        0.000000000        0.000000000
     49      158.352046822       41.389603529     -114.877187866
     50      161.006460591       40.609899171     -113.716504039
     51      160.341312611       41.036653952     -117.095190366
     52      254.947285322       13.223296071     -134.086103470
     53      255.296640125       14.120194846     -149.838674071
     54      256.097912704       14.120194628     -151.674059272
     55      345.189451426        0.000000000     -142.460364885
     56      351.164256141        0.000000000     -142.479130526
     57      351.867367334        0.045583658     -142.230483679
     58      345.893479942        0.045566009     -142.228856119
     59      345.189451053        0.000000000     -142.460365693
     60      351.164256135        0.000000000     -142.479127786
     61      328.604136663        0.000000000     -142.309782847
     62      334.611546855        0.000000000     -142.342887633
     63      333.216299418        0.034276926     -142.278018985
     64      327.208376438        0.040919338     -142.296717704
     65      328.604174999        0.000000000     -142.320744443
     66      334.611576551        0.000000000     -142.343504995
     67      262.505246330       12.075838895     -135.853969535
     68      269.337056178       10.430635310     -136.018477033
     69      279.796534443        8.866586256     -136.789179601
     70      283.202441963        7.480105727     -137.729687332
     71      286.444383122        5.739278414     -138.826817823
     72      290.030197867        4.368591214     -139.347126205
     73      294.060895639        4.610930736     -140.690916449
     74      294.586356863        5.739518058     -142.439129462
     75      293.908246972        4.323486688     -144.009366115
     76      289.740059217        4.456507397     -145.128440354
     77      286.243567128        5.938921702     -145.883114816
     78      283.077580001        7.750264993     -147.015763261
     79      279.699077041        9.321929636     -147.854795414
     80      271.386431339       10.872231081     -148.522886733
     81      262.941328391       12.705503664     -148.916050340
     82      263.603834779       12.974698113     -148.137154167
     83      266.485796765       12.582515922     -147.273764914
     84      269.327554305       12.161024436     -146.300244602
     85      272.110494695       11.699014328     -145.187643737
     86      273.353465747       11.132099504     -140.631493202
     87      270.547474286       11.498660335     -139.442399284
     88      267.702687612       11.838175676     -138.332662684
     89      264.840428483       12.151803448     -137.256406142
     90      286.879780349        6.067107323     -145.464114114
     91      289.544328876        5.178034475     -144.698122684
     92      292.472238696        4.692101962     -144.225772885
     93      276.779618767       10.509220363     -147.829651118
     94      279.728145428       10.252082529     -147.321803227
     95      282.369066648        9.335161967     -146.228710918
     96      284.656383900        7.988586731     -144.828193043
     97      287.394021139        7.136026747     -143.941847440
     98      290.279430259        6.549655958     -143.360303744
     99      293.149130407        5.896277969     -142.773460439
    100      268.156579106       11.223500604     -148.562764008
    101      271.105685218       11.393669079     -148.010190328
    102      274.041328687       11.392991324     -147.375437471
    103      276.933712370       11.093314875     -146.625699600
    104      279.662884027       10.447430724     -145.553815546
    105      282.034350823        9.283723684     -144.127023425
    106      284.786608243        8.461155512     -143.250779322
    107      287.633109291        7.752446199     -142.605579266
    108      290.433455770        6.882420450     -141.956698806
    109      292.995227503        5.542497051     -141.144107854
    110      265.578037034       12.754769219     -148.458721546
    111      268.528080566       12.754839430     -147.893059741
    112      271.424976374       12.481018101     -147.149957743
    113      274.220092845       11.958133738     -146.185135279
    114      276.801277317       11.097533564     -144.915236577
    115      279.230053401       10.129816260     -143.438349315
    116      281.999142313        9.356742912     -142.569004708
    117      284.835967342        8.608666572     -141.924661497
    118      287.608458144        7.647360502     -141.284693772
    119      290.136135824        6.214130963     -140.526560979
    120      292.369001218        4.290132296     -139.949356690
    121      279.160590644       10.041298772     -141.851437428
    122      281.993446328        9.265598136     -141.210444773
    123      284.749211644        8.240970207     -140.584677109
    124      287.254178476        6.740910028     -139.872509790
    125      276.310766554       10.636340580     -141.080623556
    126      279.170637607        9.952301334     -140.447155713
    127      281.955701820        9.019663512     -139.806004260
    128      284.473465361        7.546958424     -139.083746307
    129      273.631808971       11.050802685     -139.768662367
    130      276.537659275       10.605218540     -139.159843101
    131      279.422586964       10.035809098     -138.556124745
    132      281.954562662        8.595601900     -137.832768704
    133      270.832789216       11.433291473     -138.720137452
    134      273.746200226       11.020853563     -138.134072299
    135      276.625778747       10.552624822     -137.595514349
    136      267.992020172       11.775776125     -137.772895286
    137      270.883555040       11.228713174     -137.250628303
    138      273.700784377       10.556349805     -136.914092445
    139      265.125970610       12.075137108     -136.887599414
    140      267.976524876       11.333952425     -136.503191306
    141      262.238516831       12.353419323     -136.062319291
    142      265.032961298       11.269306032     -135.907108442
    143      262.848399823        9.442560190     -135.045399200
    144      265.574268730        7.936228796     -135.358396117
    145      268.242521793        6.337279250     -135.668592764
    146      270.819613340        4.604458533     -135.974299362
    147      279.660984636        0.000000000     -137.120234655
    148      285.435167096        0.000000000     -137.982701423
    149      293.662572042        1.441014470     -139.335343145
    150      293.616376340        2.808431554     -139.655242807
    151      261.836668847       10.583458653     -134.956770076
    152      285.369898799        5.389313556     -138.395674670
    153      287.990985914        3.981961079     -138.796525745
    154      290.822857595        3.048250303     -139.133465638
    155      275.053572452        9.374024666     -135.971170474
    156      277.694903631        7.994805664     -136.323031381
    157      280.223307143        6.452307121     -136.804750543
    158      282.532314689        4.727646562     -137.642178733
    159      285.136142971        3.310302322     -138.113417611
    160      287.962496687        2.372827862     -138.498403297
    161      290.842928511        1.640744967     -138.928154445
    162      269.377824748       10.010294936     -135.778465847
    163      272.115619072        8.782860935     -135.798532609
    164      274.761406706        7.396984647     -136.089342998
    165      277.299184610        5.845286138     -136.490121072
    166      279.645593719        4.072206793     -137.091570833
    167      282.250964474        2.650875358     -137.550131408
    168      285.077863730        1.716944976     -137.955551665
    169      287.953779119        0.962002772     -138.392725089
    170      290.860662583        0.271008674     -138.731180091
    171      266.427110590        9.566330506     -135.454820247
    172      269.154205166        8.299438585     -135.683036502
    173      271.804275818        6.886623591     -135.950938971
    174      274.351389147        5.307514918     -136.277844501
    175      276.721880897        3.486141122     -136.660055262
    176      279.334162880        2.043334716     -137.087739037
    177      282.170784692        1.094549667     -137.492202492
    178      285.050649891        0.295541337     -137.926063814
    179      276.465073321        1.353459238     -136.679598058
    180      279.289806241        0.364607733     -137.068645504
    181      263.415504179        9.885832834     -149.214318860
    182      266.091133397        8.215579593     -148.979849347
    183      268.690395389        6.441293221     -148.731575253
    184      271.189279203        4.539899647     -148.468695319
    185      279.621020774        0.000000000     -147.363369473
    186      285.384932836        0.000000000     -146.482423765
    187      293.619752812        1.248387698     -145.150195033
    188      293.574181522        2.637296458     -144.844613936
    189      289.647122805        0.355470435     -145.849607975
    190      292.542579888        1.039217608     -145.342760709
    191      283.844549783        0.406730628     -146.720034003
    192      286.750256175        1.057521369     -146.241889156
    193      289.641687094        1.728001650     -145.703742344
    194      292.507208498        2.436449014     -145.086635069
    195      278.117357680        0.536045322     -147.582926969
    196      280.988400802        1.285004786     -147.158993723
    197      283.899573967        1.889541288     -146.707666984
    198      286.787499885        2.534247908     -146.178380517
    199      289.640141868        3.224166508     -145.533424838
    200      278.165575178        2.277064087     -147.568699830
    201      281.091377848        2.886920842     -147.095594960
    202      283.987379204        3.555969135     -146.544422976
    203      286.847316220        4.268333048     -145.882032135
    204      275.728992632        4.005419345     -147.992043964
    205      278.672781291        4.552551012     -147.723059426
    206      281.592857451        5.165909361     -147.371833606
    207      284.436537657        5.858855878     -146.701450905
    208      273.353738027        5.837171039     -148.316204724
    209      276.308958625        6.353853609     -148.146941047
    210      279.239506902        6.956591032     -147.882608132
    211      282.122770155        7.638239643     -147.395561975
    212      270.841955593        7.486567827     -148.592442318
    213      273.804026926        7.972306054     -148.484952147
    214      276.745144733        8.559566859     -148.342626972
    215      268.227600268        8.976325701     -148.823318382
    216      271.191447528        9.438246582     -148.660123108
    217      274.130326748        9.980147537     -148.366847526
    218      265.516942229       10.287853502     -149.029013233
    219      268.482003948       10.714068080     -148.840325518
    220      297.027164919        3.680379656     -141.177928626
    221      297.058295066        3.868872952     -142.810046971
    222      296.860581982        1.471655845     -139.657280276
    223      296.826688237        1.342803706     -144.809722763
    224      295.370510750        0.967024335     -145.035518545
    225      295.308098069        2.365639156     -144.571904817
    226      300.130155067        2.926882168     -141.667703968
    227      300.083764268        2.756917619     -143.125205207
    228      300.111445757        1.150793598     -139.966656389
    229      300.083552280        1.114507424     -144.558670828
    230      298.508422823        0.797781860     -144.764619952
    231      298.449273313        1.878206040     -144.403240347
    232      303.904163304        2.075636353     -142.200089318
    233      303.965334775        1.122101140     -140.642072603
    234      303.942411962        1.080945377     -143.911818676
    235      302.040586584        0.765942118     -144.365470155
    236      305.937608928        0.714737321     -143.726016309
    237      309.962405455        0.988975634     -142.401461699
    238      309.411488233        0.607980397     -141.434551382
    239      311.044927126        0.445192386     -142.993715049
    240      319.050312195        0.145883723     -142.287743078
    241      317.830176190        0.203482107     -142.393384259
    242      317.398126444        0.124584617     -142.149390129
    243      318.445343341        0.097483464     -142.426268680
    244       18.298247949        3.951051393      -11.999224729
    245       36.458315309        8.043419613      -24.159686710
    246       54.466893823       12.284992067      -36.492844515
    247       72.309041524       16.684248097      -49.011037913
    248       89.967957410       21.250308201      -61.727552397
    249      107.424637200       25.992962523      -74.656620932
    250      124.657641688       30.922738818      -87.813530713
    251      141.642652566       36.050924992     -101.214600014
    252      174.463797463       37.243592924     -117.140727072
    253      187.917442394       33.713974372     -120.411454417
    254      201.363252419       30.010997636     -123.518417447
    255      214.796154565       26.123567821     -126.450877422
    256      228.209868109       22.039350415     -129.197589800
    257      241.596727071       17.744487161     -131.746786567
    258      173.998563505       37.721317173     -121.924773817
    259      187.633642801       34.249061462     -126.706388606
    260      201.242277302       30.609260432     -131.438306178
    261      214.819456013       26.790189523     -136.118905830
    262      228.359195837       22.778882403     -140.746682745
    263      241.854420890       18.560914692     -145.320313479
    0.0000153 
    0.0000152 
    0.0005982 
    0.0005924 
    0.0005866 
    0.0005808 
    0.0005749 
    0.0005691 
    0.0005631 
    0.0005572 
    0.0005512 
    0.0000577 
    0.0000715 
   -0.0000348 
    0.0001855 
    0.0001828 
    0.0001802 
    0.0001776 
    0.0001751 
    0.0001726 
    0.0001702 
    0.0002316 
    0.0002286 
    0.0002255 
    0.0002225 
    0.0002195 
    0.0002165 
    0.0002135 
    0.0003183 
    0.0001074 
    0.0000807 
    0.0003487 
   -0.1517647 
   -0.1639066 
   -0.1391082 
   -0.1234337 
   -0.1429528 
   -0.1117669 
   -0.1586868 
   -0.1568874 
   -0.1830378 
   -0.1840773 
   -0.1855360 
   -0.1867096 
   -0.1490050 
   -0.1495449 
   -0.1499784 
   -0.1507752 
   -0.1517328 
   -0.1727474 
   -0.1744788 
   -0.1760412 
   -0.1775747 
   -0.1786102 
   -0.1604354 
   -0.1606096 
   -0.1607902 
   -0.1610137 
   -0.1621509 
    0.0000383 
    0.0001401 
    0.0001738 
   -0.1688226 
   -0.1689062 
   -0.1698282 
    0.0013337 
   -0.1729377 
   -0.1736188 
   -0.1721618 


  -0.364382123267765    0.097203869585602    0.056038179005263    0.393214148266679    0.022689130000000    0.073676490666666 
  -0.374763783526297    0.124816137675198    0.063303483435304    0.381411726656787    0.054080219814462    0.081936073803871 
  -0.363153051552519    0.116913650206945    0.049714209242124    0.391617263847603   -0.002919010832818    0.081892975234820 
  -0.343680620266673    0.181489380133333    0.015617411599999    0.393214148266679    0.022689130000000    0.073676490666666 
  -0.310806214814885    0.219273067248709    0.062289716192232    0.363315098801129   -0.062455664261288    0.051621053498301 
  -0.365105344000002    0.117836128133334    0.060561819600002    0.391419129199994   -0.000090367333333    0.084633714266666 
  -0.361270576560263    0.118959252388638    0.041014317739890    0.395253896639733    0.001032756921971    0.065086212406554 
  -0.365105344000002    0.117836128133334    0.060561819600002    0.393136888133336   -0.034285044533333    0.067713052133335 
  -0.392470900328539    0.088461597657694   -0.010195479316055    0.372175258824541    0.033066490177990    0.080329355658843 
  -0.341110540084398    0.210903017786936   -0.000389666176611    0.386175527845567    0.066442673930934    0.083002312415173 
  -0.343805609600001    0.204169148666666    0.013872328266666    0.388522543727537    0.072306900319487    0.070582177322867 
  -0.343805609600001    0.204169148666666    0.013872328266666    0.393339137600007    0.000009361466667    0.075421573999999 
  -0.385828584139511    0.026898576178835    0.011657554985917    0.393339137600007    0.000009361466667    0.075421573999999 
  -0.348846975066673    0.145070236933332    0.030063963733335    0.386252774399994   -0.036509510533334    0.099080266400002 
  -0.348846975066673    0.145070236933332    0.030063963733335    0.385651157733332   -0.039956859866667    0.099965049466668 
  -0.383963521208280    0.044950314053868    0.001643923089290    0.388256726721875   -0.049182731416053    0.102709335087732 
  -0.343680620266673    0.181489380133333    0.015617411599999    0.391419129199994   -0.000090367333333    0.084633714266666 
  -0.391555972831931   -0.007681169793855    0.039394101441631    0.386252774399994   -0.036509510533334    0.099080266400002 
  -0.278335775684552    0.249945686619421    0.079810940567591    0.393136888133336   -0.034285044533333    0.067713052133335 
  -0.266078767754211    0.294238775141605    0.052739199629727    0.352122829333333   -0.122256074933334    0.145745641199998 
  -0.257617539494975    0.303689851644189    0.038453539362512    0.364594548168340   -0.108325335185271    0.124688800187505 
  -0.258735269916001    0.302561963806821    0.043756848942673    0.335886526961332   -0.140658450864393    0.165605408980891 
  -0.360824349466664    0.148302500933334    0.089986049600001    0.352122829333333   -0.122256074933334    0.145745641199998 
  -0.289557114925181    0.273896891675813    0.044486908956933    0.369679906891608   -0.106356276774729    0.115452231252311 
  -0.296452859866667    0.256197254400001    0.084789476133335    0.304975633599997   -0.179543364800000    0.186735716666666 
  -0.305243435480386    0.260627742836196    0.029983836648573    0.355273136933336   -0.118543046400000    0.102132190666669 
  -0.333107894292364    0.217240755145672    0.045649023296009    0.393660422852598   -0.058771252054735    0.080551150716406 
  -0.252123873963117    0.309827145801901    0.024425575262304    0.349304619503547   -0.125913473398099    0.126371815795634 
  -0.296452859866667    0.256197254400001    0.084789476133335    0.355273136933336   -0.118543046400000    0.102132190666669 
  -0.361815936666668    0.115309181733333    0.058741909466664    0.363889554266674   -0.086117886800000    0.142917873866664 
  -0.372591074400005    0.112164312800000    0.092813816933335    0.363889554266674   -0.086117886800000    0.142917873866664 
  -0.381547561333347    0.086680378666666    0.085143862533334    0.344157929599995   -0.114746689866666    0.169319826933334 
  -0.361815936666668    0.115309181733333    0.058741909466664    0.372682196133337   -0.069717915066666    0.128642995199997 
  -0.381547561333347    0.086680378666666    0.085143862533334    0.316195572799999   -0.155160938666667    0.190238949466664 
  -0.349604410266663    0.172684927066667    0.093489282399999    0.365018298533338   -0.113674664533334    0.118179413733333 
  -0.384342656850292    0.010412078749542    0.059880249936883    0.344157929599995   -0.114746689866666    0.169319826933334 
  -0.373906322933332    0.112812343466667    0.091823214666670    0.323836811200014   -0.129028973866667    0.196918301599999 
  -0.373906322933332    0.112812343466667    0.091823214666670    0.366967655999997   -0.109675756266667    0.116832547066667 
  -0.349604410266663    0.172684927066667    0.093489282399999    0.316195572799999   -0.155160938666667    0.190238949466664 
  -0.360824349466664    0.148302500933334    0.089986049600001    0.304975633599997   -0.179543364800000    0.186735716666666 
  -0.393320646654560   -0.013558094814747    0.056730729901615    0.372682196133337   -0.069717915066666    0.128642995199997 
  -0.379895378588480    0.080440669606265    0.097298149226582    0.370633677655140   -0.092243001339599    0.114290102373420 
  -0.372591074400005    0.112164312800000    0.092813816933335    0.385651157733332   -0.039956859866667    0.099965049466668 
  -0.381756621237928    0.078977588290031    0.100584504491310    0.323836811200014   -0.129028973866667    0.196918301599999 
  -0.390825282391202   -0.001889942978654    0.033508618986435    0.384261598133329   -0.052290958800000    0.115118567066668 
  -0.394214283861992   -0.009090360143577    0.067576606960774    0.371058718666670   -0.061601347733333    0.148346781999999 
  -0.376980186168058    0.076520177854497    0.079277876782934    0.370885211655024   -0.092581276427351    0.112735244047433 
  -0.365870722872260    0.053147615629594    0.174462092447932    0.356684877294524   -0.069818178808686    0.091410134027490 
  -0.395602727106815   -0.018519102518060    0.056305156703506    0.378901005333334   -0.056198864800000    0.129802708266667 
  -0.374132194799995    0.048874777466667    0.158545855733333    0.381134606702687   -0.062016255893582    0.105353437487759 
  -0.381634550533333    0.041817036266667    0.143500872266668    0.390248817909537   -0.051113266655493    0.035172329113322 
  -0.379304889866671    0.045268712133333    0.147964879999999    0.387253971392992   -0.054738755501765    0.075742382422219 
  -0.384049732528609    0.038168999923551    0.138738817331281    0.391188937638461   -0.052017351993983   -0.012899959292878 
  -0.390220115794517    0.032008824872747    0.084905473262914    0.333480305528553   -0.075511718009225    0.214783339229201 
  -0.286707698266666    0.261065636266667    0.100836699199999    0.365018298533338   -0.113674664533334    0.118179413733333 
  -0.347655052800004    0.176683835333333    0.092142415733334    0.384721215999995   -0.078182771866667    0.077539159466668 
  -0.335375361712712    0.213069690835179    0.033474013479143    0.390387975999996   -0.064791001733333    0.062979973200000 
  -0.286707698266666    0.261065636266667    0.100836699199999    0.390387975999996   -0.064791001733333    0.062979973200000 
  -0.347655052800004    0.176683835333333    0.092142415733334    0.366967655999997   -0.109675756266667    0.116832547066667 
  -0.292374458266666    0.247673866133333    0.115395885466667    0.385288893177509   -0.084141543464420    0.071697315505225 
  -0.331729204828604    0.222338708578664    0.032762428182136    0.381923904927477   -0.086307800775975    0.064631824373569 
  -0.352842795733333    0.160372032133334    0.100629930400002    0.382626686399999   -0.087117065200000    0.078245774000000 
  -0.292374458266666    0.247673866133333    0.115395885466667    0.384721215999995   -0.078182771866667    0.077539159466668 
  -0.352842795733333    0.160372032133334    0.100629930400002    0.379533473066666   -0.094494575066667    0.086026674133336 
  -0.378473555866663    0.091274114666666    0.095675637333337    0.369211854933322   -0.103076446400001    0.115912614266665 
  -0.378473555866663    0.091274114666666    0.095675637333337    0.378243337200009   -0.099743512000000    0.085912428133338 
  -0.379976545333337    0.079338907733334    0.102775182933332    0.377714091199997   -0.103426751466667    0.085465687333332 
  -0.379976545333337    0.079338907733334    0.102775182933332    0.366951290951639   -0.088880565258912    0.143584863215234 
  -0.372952259866664    0.114162716400000    0.090789035866669    0.378243337200009   -0.099743512000000    0.085912428133338 
  -0.372952259866664    0.114162716400000    0.090789035866669    0.373379530533331   -0.116003433200000    0.086517394666665 
  -0.376374496133326    0.091560426400000    0.101771874666667    0.381316140400008   -0.091205232800000    0.084462379066667 
  -0.376374496133326    0.091560426400000    0.101771874666667    0.367435375466675   -0.136617057200000    0.083435688533329 
  -0.379002801866674    0.087590875200000    0.095228896533331    0.369665440266666   -0.128174142666666    0.085329029999995 
  -0.379002801866674    0.087590875200000    0.095228896533331    0.377714091199997   -0.103426751466667    0.085465687333332 
  -0.371662124000007    0.119411653333333    0.090903281866667    0.379533473066666   -0.094494575066667    0.086026674133336 
  -0.351063777599999    0.087055627466666    0.171641681599999    0.381316140400008   -0.091205232800000    0.084462379066667 
  -0.293569150960911    0.246338570126617    0.118334573621308    0.382626686399999   -0.087117065200000    0.078245774000000 
  -0.371662124000007    0.119411653333333    0.090903281866667    0.369211854933322   -0.103076446400001    0.115912614266665 
  -0.362089951600001    0.131485664133334    0.108901551066666    0.373379530533331   -0.116003433200000    0.086517394666665 
  -0.362089951600001    0.131485664133334    0.108901551066666    0.379675991064114   -0.033545995773942    0.104834654508112 
  -0.376666350133329    0.101992006933333    0.089600671199999    0.341569564400008   -0.178656453200000    0.108345460266666 
  -0.376666350133329    0.101992006933333    0.089600671199999    0.369665440266666   -0.128174142666666    0.085329029999995 
  -0.345036136964068    0.106571228374758    0.095450417343995    0.274974640430739   -0.257049537974758    0.137644651056005 
  -0.381212223866669    0.089551188266667    0.082339583333332    0.337023690666668   -0.191097271866666    0.101084372399998 
  -0.381212223866669    0.089551188266667    0.082339583333332    0.271881440296219   -0.258504819484160    0.136523622304757 
  -0.379190602805598    0.066365852700972    0.110477061288520    0.341569564400008   -0.178656453200000    0.108345460266666 
  -0.294997971589588    0.215192876918616    0.104874556686072    0.385412623722924   -0.026388694251949    0.104490330380594 
  -0.386897887326110    0.073316893042054    0.080585488340054    0.331406085824639   -0.223154061123686    0.028263065216753 
  -0.372467976533335    0.103825774000000    0.103823046533334    0.333995577599997   -0.200008023866666    0.094955642533334 
  -0.381232866666664    0.079147960666667    0.093335555066665    0.337023690666668   -0.191097271866666    0.101084372399998 
  -0.384260979733335    0.070237208666667    0.087206825200000    0.333995577599997   -0.200008023866666    0.094955642533334 
  -0.372467976533335    0.103825774000000    0.103823046533334    0.371341895066666   -0.124351709600000    0.085486860399995 
  -0.388584901555593    0.060620891501038    0.074165820481847    0.293391464044407   -0.266149472765629    0.063919567148515 
  -0.395587804122450    0.052768018281016    0.080784440569182    0.331111065004088   -0.223851691036086    0.028269819602469 
  -0.370761748666663    0.107473119466666    0.105168464400000    0.335701805466670   -0.196360678400000    0.096301060399999 
  -0.380151751946023    0.094687023785673    0.090999813506844    0.293870642161951   -0.264213808642982    0.064876087720534 
  -0.384260979733335    0.070237208666667    0.087206825200000    0.297715385866665   -0.256533155600000    0.076960571866668 
  -0.369618974875923    0.090435992729570    0.055610051350146    0.297715385866665   -0.256533155600000    0.076960571866668 
  -0.370761748666663    0.107473119466666    0.105168464400000    0.283436639396136   -0.278421488207131    0.049132137669739 
  -0.381232866666664    0.079147960666667    0.093335555066665    0.367435375466675   -0.136617057200000    0.083435688533329 
  -0.337748647466666    0.135486078133333    0.166650602000004    0.371341895066666   -0.124351709600000    0.085486860399995 
  -0.373202634000002    0.050998505066667    0.139803322000000    0.382272787430500   -0.059415903312596    0.082404545187401 
  -0.373202634000002    0.050998505066667    0.139803322000000    0.387446707200002   -0.059411219333334    0.081175902133331 
  -0.378769205866661    0.045664620266667    0.126298955466666    0.388454801333326   -0.054991721333334    0.078142020399999 
  -0.378769205866661    0.045664620266667    0.126298955466666    0.387909878144885   -0.054253994303415    0.049214007135431 
  -0.372194539866678    0.055418003066667    0.136769440266668    0.384657025199999   -0.075921258933333    0.080495780800000 
  -0.351063777599999    0.087055627466666    0.171641681599999    0.384657025199999   -0.075921258933333    0.080495780800000 
  -0.381686024799994    0.027714614800000    0.117792532799998    0.385537982399993   -0.072941726800000    0.069635597733331 
  -0.381686024799994    0.027714614800000    0.117792532799998    0.383943802800006   -0.062430498800000    0.071807726666664 
  -0.387604021866665    0.014031900133334    0.099658266266670    0.375630578266661   -0.089648449200000    0.044871447733336 
  -0.372194539866678    0.055418003066667    0.136769440266668    0.388454801333326   -0.054991721333334    0.078142020399999 
  -0.357194344399992    0.055261614000000    0.174928158533335    0.387446707200002   -0.059411219333334    0.081175902133331 
  -0.387604021866665    0.014031900133334    0.099658266266670    0.385537982399993   -0.072941726800000    0.069635597733331 
  -0.340039830668985    0.062356365655929    0.058440946463745    0.372592595599993   -0.144548438800000    0.020694779866665 
  -0.384993837200000    0.037104295333333    0.110037349733333    0.380073902133328   -0.098824624400000    0.051254414400000 
  -0.367271050442089   -0.020571587927087    0.159811747653811    0.395310603778635   -0.075364687817321   -0.063875162636830 
  -0.384993837200000    0.037104295333333    0.110037349733333    0.388921962703394   -0.054573910278690   -0.081817643545382 
  -0.392475143733335   -0.008619519066667    0.079477715199998    0.371910169138641   -0.118767315345804    0.028094261755007 
  -0.391695568449372   -0.013001031167771    0.081783398639539    0.371539031683955   -0.116681380501105    0.026996580106205 
  -0.374802264282455   -0.016096352381517    0.078752286707499    0.353258579772559   -0.188181922839320    0.031991450810812 
  -0.390131708085006   -0.051534141111995    0.081079799302703    0.373185202952764   -0.142116620570854    0.028965935532554 
  -0.392475143733335   -0.008619519066667    0.079477715199998    0.372592595599993   -0.144548438800000    0.020694779866665 
  -0.382139941600000    0.039914797733333    0.118039449600000    0.380073902133328   -0.098824624400000    0.051254414400000 
  -0.372907762266671    0.068908763200000    0.128081386133332    0.383943802800006   -0.062430498800000    0.071807726666664 
  -0.382139941600000    0.039914797733333    0.118039449600000    0.389630002688312   -0.053442421712763    0.003996637773785 
  -0.372907762266671    0.068908763200000    0.128081386133332    0.337596759733333   -0.192027626400000    0.096447472133332 
  -0.335853693200003    0.139819130133333    0.166797013733337    0.337596759733333   -0.192027626400000    0.096447472133332 
  -0.335853693200003    0.139819130133333    0.166797013733337    0.284228082655062   -0.275183482024502    0.049078844358445 
  -0.371270646824904    0.073509104458100    0.130693181838883    0.339233875175101   -0.187427285141900    0.099059267838883 
  -0.336883637891787    0.140168148723665    0.164223856342816    0.286125549924623   -0.275826479029006    0.053819372628447 
  -0.367610770786841    0.105910974730974    0.114463529725461    0.339441832271647   -0.185586184843813    0.098137085968138 
  -0.360457381911232    0.090994432320916    0.140612086703970    0.280990412681656   -0.281608464063709    0.045633094698959 
  -0.389999249333338    0.000496664400000    0.090856253866669    0.365428277326648   -0.063231145052363    0.125538196576377 
  -0.391778979005921   -0.012288329676685    0.083106766565034    0.365349635285948   -0.063796083671986    0.125195765079521 
  -0.389999249333338    0.000496664400000    0.090856253866669    0.375630578266661   -0.089648449200000    0.044871447733336 
  -0.337748647466666    0.135486078133333    0.166650602000004    0.335701805466670   -0.196360678400000    0.096301060399999 
  -0.357194344399992    0.055261614000000    0.174928158533335    0.367308482296397   -0.067229738973613    0.091980798621240 
  -0.383170304157346   -0.069215592585216    0.067187422287369    0.354917841176634   -0.174591005005596   -0.059844896760201 
  -0.385380932956314   -0.076721783735658    0.077618084419305    0.352177490533328   -0.183895866933333   -0.046914787600000 
  -0.390842207994922   -0.081381133150143    0.027370487288689    0.370185026529457   -0.150381425916203    0.019391305840347 
  -0.386918464259845   -0.056723353493059    0.085615675206236    0.379943279846798   -0.123561395674816    0.020643385281093 
  -0.381708391544582   -0.047434864765417    0.065344726185884    0.375057968988751   -0.132270900765417    0.039650775919216 
  -0.391132923333331   -0.079709468933333    0.031158451066669    0.352771684533332   -0.184783505066667   -0.038774718533333 
  -0.391727117333335   -0.078821830800000    0.023018382000002    0.365039243199999   -0.163657866800000   -0.002675568266667 
  -0.391727117333335   -0.078821830800000    0.023018382000002    0.352177490533328   -0.183895866933333   -0.046914787600000 
  -0.394855187466669   -0.064456313333333    0.015399480933335    0.365039243199999   -0.163657866800000   -0.002675568266667 
  -0.379980623513909   -0.074684689057176    0.089763926320620    0.330743284121526   -0.191981238389294   -0.095122484794845 
  -0.368330571794928   -0.047387333388883    0.142508029432187    0.313159923636283   -0.229450190109673   -0.101514278638384 
  -0.377254633450007   -0.056993023422719    0.127538618908027    0.353913184762505   -0.185584155855680   -0.033153893022993 
  -0.372330780790563   -0.081554918714771    0.115483367607673    0.313881440009437   -0.223287394048104   -0.096639849325664 
  -0.389883004400000   -0.080936131066667    0.041950596133332    0.338370387199999   -0.206893134533333   -0.053437076533335 
  -0.391132923333331   -0.079709468933333    0.031158451066669    0.337120468266668   -0.205666472400000   -0.064229221599999 
  -0.384896129333333   -0.087391969200000    0.073414386666669    0.312854547866664   -0.236410579333333   -0.080193301466663 
  -0.389883004400000   -0.080936131066667    0.041950596133332    0.307867672799997   -0.229954741200000   -0.111657092000000 
  -0.378344548000003   -0.088222265866667    0.100466124933337    0.307867672799997   -0.229954741200000   -0.111657092000000 
  -0.393039395066664   -0.071702829333333    0.028303542800002    0.338370387199999   -0.206893134533333   -0.053437076533335 
  -0.378344548000003   -0.088222265866667    0.100466124933337    0.349478282000003   -0.187646996933334   -0.053446809999999 
  -0.375617758134561   -0.084047259168794    0.110899139822422    0.337120468266668   -0.205666472400000   -0.064229221599999 
  -0.394284118399999   -0.068048140800000    0.018453870266668    0.352771684533332   -0.184783505066667   -0.038774718533333 
  -0.393428554400005   -0.059195257333333    0.043152746666669    0.375671046555809   -0.125183577495833   -0.007222824407850 
  -0.393428554400005   -0.059195257333333    0.043152746666669    0.363612610133335   -0.168918922800000   -0.030428834000001 
  -0.396659275820265   -0.040243879870824    0.035970364926363    0.363612610133335   -0.168918922800000   -0.030428834000001 
  -0.395113486899277   -0.010174522209510    0.078372582991098    0.376255929865679   -0.142199932645901   -0.019448533420780 
  -0.394770286646969    0.092252634900683    0.052500869792349    0.374345711085627   -0.208482568053489   -0.043641005851406 
  -0.396523470901197   -0.013713831178371    0.045364117188083    0.375407085309591   -0.144330682460394   -0.039320430168213 
  -0.396523470901197   -0.013713831178371    0.045364117188083    0.363449187599993   -0.200844185866667   -0.041732922266669 
  -0.396659275820265   -0.040243879870824    0.035970364926363    0.353342753600001   -0.188375332533333   -0.035720329200001 
  -0.394284118399999   -0.068048140800000    0.018453870266668    0.339615110533335   -0.210547823066667   -0.043587404000001 
  -0.394855187466669   -0.064456313333333    0.015399480933335    0.353342753600001   -0.188375332533333   -0.035720329200001 
  -0.391323046933607   -0.077899102824995    0.033632998006252    0.316065566666665   -0.242849839466667   -0.050961434799998 
  -0.391323046933607   -0.077899102824995    0.033632998006252    0.339615110533335   -0.210547823066667   -0.043587404000001 
  -0.394644652904786   -0.060867708791078    0.031284142610183    0.343612206266668   -0.231042762266666   -0.040760879733333 
  -0.389828376266663   -0.078142089466667    0.057535409466667    0.316065566666665   -0.242849839466667   -0.050961434799998 
  -0.394644652904786   -0.060867708791078    0.031284142610183    0.355767075066668   -0.213193272800000   -0.041359552933333 
  -0.393039395066664   -0.071702829333333    0.028303542800002    0.312854547866664   -0.236410579333333   -0.080193301466663 
  -0.384896129333333   -0.087391969200000    0.073414386666669    0.347177104266674   -0.188979232000000   -0.062831850400001 
  -0.384418357479872   -0.062880307722402    0.100885948423099    0.377582890799999   -0.124494770133333   -0.044925319066666 
  -0.385088733965159   -0.051871872302955    0.097530718139586    0.378063786542422   -0.132391690505886   -0.042518438763433 
  -0.380645725733333   -0.089554500933333    0.091081084533334    0.347177104266674   -0.188979232000000   -0.062831850400001 
  -0.384690466266670   -0.087923595200000    0.075104827066669    0.347382767333337   -0.189510858000000   -0.061141410000001 
  -0.384690466266670   -0.087923595200000    0.075104827066669    0.376847162133330   -0.124996594666667   -0.051331424800003 
  -0.381381454400002   -0.090056325466667    0.084674978799997    0.376847162133330   -0.124996594666667   -0.051331424800003 
  -0.381381454400002   -0.090056325466667    0.084674978799997    0.384057576533329   -0.097611052666667   -0.057300153066664 
  -0.380645725733333   -0.089554500933333    0.091081084533334    0.377582890799999   -0.124494770133333   -0.044925319066666 
  -0.384617727600001   -0.087451051466667    0.072380217600001    0.376919900799999   -0.124524050933333   -0.054056034266671 
  -0.385172058779013   -0.053225331231719    0.097906864379368    0.381431110697899   -0.077695679395695   -0.057719268631940 
  -0.389828376266663   -0.078142089466667    0.057535409466667    0.347382767333337   -0.189510858000000   -0.061141410000001 
  -0.382241663688045   -0.092513744887634    0.083829423193879    0.388401090621383   -0.089808532979033   -0.041176134927211 
  -0.384736798836653   -0.092717062121849    0.073052975863054    0.387101341769993   -0.089914443611484   -0.046789728663056 
  -0.384617727600001   -0.087451051466667    0.072380217600001    0.384057576533329   -0.097611052666667   -0.057300153066664 
  -0.387083897066668   -0.088861524666667    0.062221503333334    0.383455385200000   -0.100658960533333   -0.058289789866668 
  -0.385219918933331   -0.090498959333333    0.071390580799997    0.383455385200000   -0.100658960533333   -0.058289789866668 
  -0.385219918933331   -0.090498959333333    0.071390580799997    0.387584461866671   -0.092132546400000   -0.045127333599999 
  -0.385270696379519   -0.092373474827459    0.070004357859139    0.389078201199668   -0.091186642354308   -0.035501627923422 
  -0.387503640792165   -0.091498550494118    0.058856274494117    0.387584461866671   -0.092132546400000   -0.045127333599999 
  -0.380952836941628   -0.090536051696403    0.089482471746231    0.383628959074955   -0.097131326436930   -0.062107646012897 
  -0.387610538400001   -0.082986041200000    0.061779889733335    0.376919900799999   -0.124524050933333   -0.054056034266671 
  -0.390665217978810   -0.112096245023977    0.049867851271585    0.348304264400000   -0.192374187466667   -0.057024503333340 
  -0.388906879199999   -0.081005418933333    0.061652316133329    0.348304264400000   -0.192374187466667   -0.057024503333340 
  -0.388906879199999   -0.081005418933333    0.061652316133329    0.378216241599997   -0.126504673200000   -0.053928460666665 
  -0.382545274533337   -0.091983397066667    0.054418797199999    0.378216241599997   -0.126504673200000   -0.053928460666665 
  -0.375070404961051   -0.120476370248471    0.048604464801561    0.372673242413562   -0.152644632972445   -0.047757144582122 
  -0.376474674882957   -0.127855615402891    0.050064806914512    0.376631056000004   -0.131846867333333   -0.051872992799997 
  -0.382545274533337   -0.091983397066667    0.054418797199999    0.369392547650067   -0.140139164213427   -0.045205253921247 
  -0.384130460133330   -0.097325591200000    0.056474265066667    0.376631056000004   -0.131846867333333   -0.051872992799997 
  -0.381538790485398   -0.085504626124845    0.042438489932968    0.327839572988396   -0.252002040238030   -0.040365236901885 
  -0.387083897066668   -0.088861524666667    0.062221503333334    0.385800551033310   -0.103339906166667   -0.059429556166670 
  -0.387005748937664   -0.090336224666667    0.063264098438647    0.388353931096353   -0.090336224666667   -0.038315242049361 
  -0.377790389825810   -0.121535911000000    0.050555534569825    0.374484392412913   -0.121535911000000   -0.051072342784914 
  -0.384130460133330   -0.097325591200000    0.056474265066667    0.377654427566673   -0.133641070900000   -0.054031708033334 
  -0.385088261444452   -0.098513779000000    0.057784509711111    0.384802733222202   -0.098513779000000   -0.057211059355558 
  -0.385619306949015   -0.103703621058823    0.057372257592157    0.383982026533333   -0.106534444000000   -0.057848176266668 
  -0.387610538400001   -0.082986041200000    0.061779889733335    0.383982026533333   -0.106534444000000   -0.057848176266668 
  -0.382984405115017   -0.059658157020709    0.101320731634739    0.349478282000003   -0.187646996933334   -0.053446809999999 
  -0.375864246019999    0.137636834418338   -0.051330915711534    0.372913513564317    0.135488440804765    0.051996555274907 
  -0.375915773499997    0.134011330500000   -0.054889373999998    0.372892520131845    0.134011330500000    0.050546760839330 
  -0.375915773499997    0.134011330500000   -0.054889373999998    0.382805749600000    0.099861261866667    0.056524432799999 
  -0.375345696377311    0.135370771914579   -0.051262843772800    0.381774696110643    0.096765063418755    0.053159795639468 
  -0.385095763250007    0.101682657000000   -0.059402559500001    0.383425845016664    0.101682657000000    0.058056868233335 
  -0.385095763250007    0.101682657000000   -0.059402559500001    0.387427518933335    0.086772098800000    0.063752646266664 
  -0.386248883999997    0.093606791200000   -0.052304157466669    0.388042516666663    0.091079227226667    0.059966831848887 
  -0.386248883999997    0.093606791200000   -0.052304157466669    0.386060944400000    0.091166289733333    0.067579635466666 
  -0.380090961066670    0.110935989200000   -0.062103710400000    0.387427518933335    0.086772098800000    0.063752646266664 
  -0.376376749866669    0.132274573466667   -0.054627480933330    0.382805749600000    0.099861261866667    0.056524432799999 
  -0.376376749866669    0.132274573466667   -0.054627480933330    0.388156421999997    0.080604866933333    0.060176898533333 
  -0.374426149200000    0.132983940533333   -0.051723730133331    0.390107022666666    0.081314234000000    0.063080649333331 
  -0.374426149200000    0.132983940533333   -0.051723730133331    0.385056789066668    0.085960882666667    0.070571528933336 
  -0.380819864133332    0.117103221066667   -0.058527962666669    0.388156421999997    0.080604866933333    0.060176898533333 
  -0.324877672800001    0.230447367733334   -0.056445884533332    0.391051235241646    0.114241114570315    0.052207099713918 
  -0.380090961066670    0.110935989200000   -0.062103710400000    0.385524122533335    0.089397370800000    0.071752908266668 
  -0.380819864133332    0.117103221066667   -0.058527962666669    0.385421264604446    0.108878920231111    0.058465013422223 
  -0.388040012639844    0.088867608750000   -0.046025992381959    0.387206656634735    0.088867608750000    0.062896642221752 
  -0.322479540933333    0.222084022666667   -0.083661928799999    0.390107022666666    0.081314234000000    0.063080649333331 
  -0.316700613999994    0.244233559200000   -0.043221434666665    0.388096705410369    0.070349579836959    0.035158533886557 
  -0.319128677180049    0.269809037277710   -0.037792141043002    0.386735211640324    0.084690579838416    0.038202914899819 
  -0.316700613999994    0.244233559200000   -0.043221434666665    0.392505154533334    0.072950888933333    0.035864605066665 
  -0.333184508533335    0.253519143200000   -0.035050657866664    0.394258741581850    0.066878427776043    0.032104120860020 
  -0.356750562400005    0.222700432133334   -0.031262601733332    0.399580242954147    0.011544211210212    0.031191522797262 
  -0.346568265599997    0.236571516266667   -0.033103212533335    0.397654618329373    0.041813201485617    0.029711662985354 
  -0.365067528934663    0.210818572914325   -0.029529095733672    0.398324461317313   -0.028713868052304    0.034129031037040 
  -0.334904324533333    0.219919571733333   -0.036831679200001    0.393294384974965    0.048038058380470    0.031105444437770 
  -0.334904324533333    0.219919571733333   -0.036831679200001    0.394029413066664    0.068891009333333    0.022568490266660 
  -0.315176355466663    0.240173679600000   -0.056517549466669    0.394029413066664    0.068891009333333    0.022568490266660 
  -0.333990893200000    0.215793659333333   -0.045068146666665    0.394942844399998    0.064765096933333    0.014332022799996 
  -0.333990893200000    0.215793659333333   -0.045068146666665    0.390739770266669    0.080364989733334    0.035244388666668 
  -0.315176355466663    0.240173679600000   -0.056517549466669    0.389343488000001    0.081781113200000    0.046830109333333 
  -0.348343919733331    0.195458737066667   -0.023356128133328    0.394942844399998    0.064765096933333    0.014332022799996 
  -0.361421071866668    0.174870373466667   -0.027425980133334    0.396961336825992   -0.015275653870088    0.033342840954600 
  -0.361421071866668    0.174870373466667   -0.027425980133334    0.395179634666670    0.061589450800000    0.021759369866667 
  -0.361259144000004    0.170109533066666   -0.024026988000003    0.395341562533334    0.056828610400000    0.025158361999998 
  -0.359348160298099    0.101957412067261   -0.015247375857529    0.395341562533334    0.056828610400000    0.025158361999998 
  -0.348580710000003    0.198634383200000   -0.030783475200000    0.395179634666670    0.061589450800000    0.021759369866667 
  -0.362470136902397    0.174425224231390   -0.023733442199888    0.400096395132094   -0.053541312028163    0.038082810192322 
  -0.348343919733331    0.195458737066667   -0.023356128133328    0.392149040933335    0.078301440666667    0.018976690000000 
  -0.348580710000003    0.198634383200000   -0.030783475200000    0.396526175488316    0.020540620628623    0.031012414940006 
  -0.324877672800001    0.230447367733334   -0.056445884533332    0.392505154533334    0.072950888933333    0.035864605066665 
  -0.322479540933333    0.222084022666667   -0.083661928799999    0.386133514133333    0.089206439066667    0.073489597866668 
  -0.387578993397783    0.088030776162627   -0.046336012921474    0.384473793647933    0.094205812879013    0.071479590171633 
  -0.386785705866661    0.091837872266667   -0.048130884666667    0.384568754607818    0.094661543602404    0.071264733972452 
  -0.386785705866661    0.091837872266667   -0.048130884666667    0.385524122533335    0.089397370800000    0.071752908266668 
  -0.380558294533338    0.107499501066667   -0.063285089733332    0.385056789066668    0.085960882666667    0.070571528933336 
  -0.380558294533338    0.107499501066667   -0.063285089733332    0.382069520533332    0.094459648533333    0.082280969999999 
  -0.319269567066666    0.214658696800000   -0.110321417333334    0.389343488000001    0.081781113200000    0.046830109333333 
  -0.319269567066666    0.214658696800000   -0.110321417333334    0.381324935466667    0.094981855066667    0.088318778799999 
  -0.373349424133335    0.136229496933333   -0.048805661200000    0.380352264400002    0.091989146666667    0.085994090533332 
  -0.373349424133335    0.136229496933333   -0.048805661200000    0.386133514133333    0.089206439066667    0.073489597866668 
  -0.387586818021118    0.091773156202090   -0.044599706587701    0.382069520533332    0.094459648533333    0.082280969999999 
  -0.313780073199996    0.238757556133334   -0.068103270133334    0.390739770266669    0.080364989733334    0.035244388666668 
  -0.382275550666668    0.105028999200000   -0.059571969199999    0.380352264400002    0.091989146666667    0.085994090533332 
  -0.382275550666668    0.105028999200000   -0.059571969199999    0.381028685442114    0.092911536966635    0.089677354883736 
  -0.381402538255489    0.090199515034900   -0.058185988980324    0.383752227150139    0.046647912171662    0.094001205136545 
  -0.386588565422909    0.093639664807131   -0.050070578313923    0.380512393422909    0.091548169859536    0.090814724580588 
  -0.376978307279017    0.137158916857254   -0.036596602272208    0.384698553623310    0.056692352741136    0.098619094277072 
  -0.321437141733334    0.212069710666667   -0.109255836000000    0.379157360799998    0.092392868933333    0.089384360133333 
  -0.321437141733334    0.212069710666667   -0.109255836000000    0.356734232318856    0.050467291273860    0.167112862531005 
  -0.340556342378094    0.201837130744674   -0.068256572890751    0.386020674987633    0.066141370478696    0.104310939436996 
  -0.372376753066669    0.139222205333333   -0.046480972933333    0.380191817989664    0.054671579917752    0.108299789846218 
  -0.305972627388950    0.240108282592947   -0.099426448111711    0.359102721406522    0.054761577545142    0.168618296030784 
  -0.372376753066669    0.139222205333333   -0.046480972933333    0.381324935466667    0.094981855066667    0.088318778799999 
  -0.308502333599995    0.237251168666667   -0.092548142666665    0.379157360799998    0.092392868933333    0.089384360133333 
  -0.348642398000000    0.189410757066666   -0.003229407199998    0.391850562666665    0.072253460666667    0.039103410933330 
  -0.332581622533333    0.213730110266667   -0.061335845333334    0.384435100399999    0.090886481466667    0.064939487600001 
  -0.341441131461701    0.149548491364915   -0.013456266271460    0.385174908589462    0.089894071235879    0.061891819527955 
  -0.348642398000000    0.189410757066666   -0.003229407199998    0.394767215237091    0.036796317632835    0.048269331353990 
  -0.313780073199996    0.238757556133334   -0.068103270133334    0.384435100399999    0.090886481466667    0.064939487600001 
  -0.362060687651495    0.169327410954865   -0.016241156847511    0.391850562666665    0.072253460666667    0.039103410933330 
  -0.361259144000004    0.170109533066666   -0.024026988000003    0.391055385635156    0.071477550910557    0.046827399629579 
  -0.361027673112365    0.160804962783243   -0.013637057032051    0.395846270342594    0.039288569770027    0.049176087771242 
  -0.362672119406808    0.098993021869697    0.005843939490707    0.390681765958604    0.052672886807439    0.054725885486901 
  -0.332211267709020    0.210305707687043   -0.062423452851023    0.384805455224313    0.087462078887043    0.063851880082312 
  -0.332581622533333    0.213730110266667   -0.061335845333334    0.392149040933335    0.078301440666667    0.018976690000000 
  -0.308502333599995    0.237251168666667   -0.092548142666666    0.366655376453092    0.063291736430682    0.148082524681302 
  -0.331067259792476    0.211809460312128   -0.067392129047407    0.364982440830092    0.061405519748507    0.149947560310373 
  -0.388544733990161    0.089880248167371   -0.043962990344936    0.386060944400000    0.091166289733333    0.067579635466666 
  -0.171396972730094    0.103358867662812    0.013832076650352    0.196494320811189   -0.035343419095802    0.034865045808268 
  -0.137204739672125    0.137139950326823    0.049456722370280    0.182412065738793   -0.042737858993490    0.055225721163053 
  -0.171231148321815    0.103406466883730    0.013380175756440    0.187171359059090   -0.038019537290075    0.060271768457857 
  -0.187765110868072    0.036571269046213    0.059523412931604    0.152734362601407   -0.111810423846213    0.057024121268396 
  -0.196412984132323    0.032513127889496    0.035299400725272    0.168667081573923   -0.107431716811310    0.019124879598911 
  -0.182898655114012    0.037825627486936    0.045734718549141    0.166657758366623   -0.108221584270911    0.017573346685168 
  -0.149450666259426    0.109435817376760    0.050525189369909    0.147375303199333   -0.122002022518651    0.058282707033447 
  -0.191908125847629   -0.033855893369543    0.047815272381783    0.190037651619442   -0.031604618510613   -0.027721472492428 
  -0.188445682852335   -0.051832374586084    0.048677593808764    0.191525396319004   -0.039328764347250   -0.027350949675430 
  -0.191654937174291   -0.049951943930561    0.028436179411850    0.193558689463113   -0.041828108814734   -0.011184815542753 
  -0.189172536807585   -0.051214301130228    0.043602170311049    0.195812383117048   -0.042974163435111    0.002583913266497 
  -0.191787645838114   -0.048093542017049    0.029420661516913    0.194006104665662   -0.048093542017049   -0.014503907512740 
  -0.194698635757053    0.046048777857143   -0.012285801441264    0.193178532769489    0.046048777857143    0.024042270243173 
  -0.195021823026077    0.044879614158172   -0.009878890933240    0.191605679231712    0.049445525881641    0.029710495158731 
  -0.194752797047117    0.044416664783679   -0.010926936598645    0.193200197285514    0.046701623086529    0.023498724306125 
  -0.193961693557094    0.044457271145450   -0.014941582185503    0.191605679231712    0.049445525881641    0.029710495158731 
  -0.193806120487314    0.042011370290220   -0.010074980902487    0.187631959003675    0.053061862886091    0.052558867114745 
  -0.193487218614619    0.044362528907484   -0.027534643567401    0.187739020958258    0.053851195463452    0.046697297235982 
  -0.193095979970066    0.043551239201806   -0.027360048682731    0.190057893970066    0.049042678131527    0.047732121816064 
  -0.190572437924665    0.031820162568474   -0.028063049748447    0.191747282470148    0.036603556751582    0.045970659322732 
  -0.195543722273023    0.044119822458949   -0.002116661945987    0.191154061006914    0.048788050745535    0.036427431609997 
  -0.091305740353044    0.037317794257792    0.016945768894695    0.099275837188659   -0.004624323351066    0.019880204834564 
  -0.090728771347011    0.034960457515884    0.022077552927624    0.092275131313677   -0.029294972549218    0.026505821705708 
  -0.089906372452039    0.040217669256435    0.018248519444516    0.094627597944575   -0.014256752937271    0.015552896607345 
  -0.094507569809474    0.016257201794961    0.023860335024658    0.090480106523913   -0.041113720273126    0.011300825417366 
  -0.093733111287296    0.021068351179845    0.028844876203555    0.092695439686038   -0.027351461255949    0.025559070443241 
  -0.099278573453467    0.004202640817437    0.019772235167960    0.091158125614022   -0.039400616893728    0.011881795366656 
  -0.095210192848246   -0.015911533829387    0.026036782268860    0.097758028712503   -0.020230552819454   -0.008314213450305 
  -0.095322998753697   -0.016359177028326    0.025590174659356    0.098627871046055   -0.016778791998912   -0.004870438023147 
  -0.097218060652342   -0.018927443475329    0.013803035100180    0.097992874243156   -0.018927443475329   -0.008053559163893 
  -0.097249845226486   -0.019320625539124    0.013813679035596    0.098101123967092   -0.017588370953225   -0.008089809549543 
  -0.098164211379444    0.018553066511628   -0.006641612278797    0.097472616231093    0.018553066511628    0.011421274554145 
  -0.098539135210214    0.016658363032448   -0.005075473561605    0.097635083224426    0.019374104685939    0.010742614443362 
  -0.098413957842263    0.016470654872037   -0.005691778350396    0.097217052721521    0.020000957111263    0.012800767646435 
  -0.098050569040807    0.017889574206805   -0.007257274451944    0.097221589040200    0.020018670013414    0.012781224971538 
  -0.098614369357679    0.017291303529687   -0.002110692154660    0.096245214300321    0.019190287014380    0.018412648969804 
  -0.097970748955546    0.018859273446932   -0.008203296486232    0.094600827945591    0.013868112462100    0.028797703771954 
  -0.097954348356969    0.019449248443938   -0.006193452511608    0.094599171774085    0.013808535381769    0.028594744940586 
  -0.098748767443107    0.016272956024928   -0.003558232833800    0.096279110186406    0.019447119475248    0.018777726149345 
  -0.075241949556455    0.025315943472272    0.010720003093848    0.079018922976035   -0.004547211416095    0.016321126063106 
  -0.075731033366328    0.023377949288487    0.011205469207655    0.076716450263778   -0.013670757594895    0.018606567652466 
  -0.075916011429256    0.014566394808179    0.017743341097700    0.075378999231679   -0.024839617082780    0.010928543996332 
  -0.075479613594011    0.018208317605567    0.020251089711941    0.076716701765279   -0.013675928907051    0.018615616213399 
  -0.078615776054283    0.004901378549485    0.017197386196720    0.075393810642250   -0.024786593007033    0.010931539206402 
  -0.075695162433014   -0.011335618541275    0.023425786146773    0.078339065268958   -0.015174756691338   -0.006849997623395 
  -0.077073059462102   -0.014809020145499    0.015899417139190    0.077692905201723   -0.015474889614264   -0.011299835784730 
  -0.077220387915050   -0.014921477152663    0.014793558420790    0.078417923623126   -0.014921477152663   -0.005857791656374 
  -0.075679791680831   -0.011267194409637    0.023489187338181    0.079042120742055   -0.012045049070893   -0.003950038396399 
  -0.078301263144306    0.014852209978432   -0.007595481253126    0.077638084434768    0.015474386487189    0.012014642364375 
  -0.078327682607268    0.015318842360000   -0.006164891920630    0.077646890922422    0.015318842360000    0.011537779253543 
  -0.079037281013304    0.012421094075183   -0.003364293509220    0.075919489588575    0.011215564309809    0.022730551956762 
  -0.077989930764148    0.015879673164980   -0.008550018258597    0.076644379054191    0.013654189599362    0.018617288987522 
  -0.078613867936977    0.014975775545724   -0.006265739345374    0.075917926384993    0.011206132652053    0.022741263837847 
  -0.078332342072227    0.014794810403026   -0.007390127115661    0.076632971136380    0.013618045859558    0.018655932404128 
  -0.058005162450639    0.012209895117252    0.009502028085374    0.058748129914846   -0.004890979284201    0.012975301325635 
  -0.058589033837030    0.004962835409215    0.013419774574150    0.058184149721902   -0.012708520398955    0.008197916178558 
  -0.057968308874852    0.012720433642380    0.009811037900413    0.058180732135651   -0.012751232167737    0.008217785153694 
  -0.056590141842816   -0.006258032433147    0.019043130568573    0.059120369796725   -0.011285019686583   -0.004339425658439 
  -0.057790651735352   -0.011228788234155    0.011725902404100    0.058691833816038   -0.011228788234155   -0.005001513166602 
  -0.056815520314341   -0.006575939589206    0.018324798567822    0.058495252548265   -0.012166777581717   -0.006331815263137 
  -0.058722870364116    0.011662105635198   -0.005160962877015    0.057710302336516    0.010562872616737    0.012736837420645 
  -0.058855872702564    0.010829353348485   -0.003697909622142    0.057752863084820    0.010829353348485    0.012268660379086 
  -0.059148939907365    0.011167503609583   -0.003712569111309    0.056802732473082    0.006619677858893    0.018286168557606 
  -0.058551671906636    0.012324011852516   -0.005702832050298    0.056862008389297    0.006452232826963    0.018140093272064 
  -0.058755452795805    0.011501899658398   -0.004945840714758    0.056930408932338    0.006728180786302    0.017886003604287 
  -0.039278607738371    0.004297186199018    0.006475293468885    0.039420223245571   -0.004317718549256    0.005543921900519 
  -0.039569207923795    0.005134951898468    0.004245763472348    0.039492487015819   -0.004526046386140    0.006098340829047 
  -0.039339515518470    0.004417078345887    0.006798785376958    0.039585968307835   -0.004643974592662    0.004663620790244 
  -0.039549135582268    0.005167953528997    0.003109637531482    0.039533994897830   -0.004457801842556    0.003748929753188 
  -0.038068633502589   -0.007514559116823    0.009298339904892    0.039188454986178   -0.004980585600271   -0.001303017742414 
  -0.038944389691520   -0.003019139941865    0.008713506762353    0.039581306371267   -0.006997164725556   -0.001040670170115 
  -0.038126506213024   -0.006831240415730    0.010107503982380    0.039345193576941   -0.006831240415730   -0.003494503785611 
  -0.039226523602782   -0.002409724535246    0.006683866694009    0.039160149643311   -0.006087457000350   -0.004070424963822 
  -0.039353876957079    0.005947227026522   -0.001621913518952    0.038227434617912    0.006570269362829    0.009913420957978 
  -0.039334682887245    0.006644662477612   -0.003886317536017    0.038229481985361    0.006644662477612    0.009671884529492 
  -0.039590003141722    0.006959769260505   -0.001059705622932    0.039302744651763    0.001959188954521    0.007353146702021 
  -0.039208835698618    0.006119852063849   -0.004228181347520    0.039409387524373    0.001724197261956    0.006466671849097 
  -0.024876623733133    0.001977373099151    0.001803702512073    0.024867791667351   -0.001563117955329    0.002197128340224 
  -0.025021954552851    0.000331644737861    0.000936129060847    0.025001623239665   -0.000929444022325    0.001248773479658 
  -0.024876507685464    0.001977561781084    0.001802165308183    0.024958686091160   -0.001415332689306    0.000993112236275 
  -0.024931677326757   -0.002089551942117    0.001615923839067    0.024891262960684   -0.003084287435672   -0.000024628221979 
  -0.024931914360792   -0.000298548559101    0.002073544845992    0.024891253775613   -0.003014886040646   -0.000006895404400 
  -0.025026877837550   -0.000268895171291    0.000429090275428    0.025007129919389   -0.001041083519236    0.000035630693312 
  -0.024932714330811   -0.000312072623400    0.002073151193518    0.025007984179287   -0.001041475229009    0.000050545763504 
  -0.024895976356115   -0.001730341902778    0.001571183572331    0.025025828157717   -0.001730341902778   -0.000193264611983 
  -0.024825222001764    0.003505378938602   -0.000225703074474    0.024947335779025    0.001270775497214    0.001588695056621 
  -0.025021786323492    0.001317344108108   -0.000268776388647    0.024946073850995    0.001317344108108    0.001552023617685 
  -0.025002774954766    0.001383700382259   -0.000177389164404    0.024953361542340    0.001342780679866    0.001587055386979 
  -0.025021165349981    0.001643227851536    0.000011507119790    0.024988843600756    0.000842053603690    0.001222602697834 
  -0.024999651353289    0.000950260689765   -0.000543001810868    0.025003818288069    0.000359718000763    0.000836640109486 
  -0.025041498148894   -0.000394406440897    0.000043802797299    0.025037956265242   -0.000394406414603   -0.000177010124233 
  -0.025031177760643   -0.000351857697941   -0.000245706735710    0.025034850410670   -0.000407211185569   -0.000089884089361 
  -0.025045038466550   -0.000508258636302    0.000174424270508    0.025025290548390   -0.000801720054226    0.000290296698232 
  -0.025011158812683   -0.000449319571831   -0.001428376790679    0.024947114518312   -0.000449319649976   -0.002073428660013 
  -0.025032837558250   -0.000330382599573   -0.000413188620687    0.025028912373156   -0.000330382577547   -0.000689061791416 
  -0.024991791994133   -0.000409509756436   -0.000993595616823    0.025016559977926   -0.000306569774971   -0.000514392085581 
  -0.025035214512685    0.000407211211786    0.000195538917259    0.025030813241167    0.000351857775223    0.000351361584683 
  -0.025033084029126    0.000801720085965    0.000088882923485    0.025037250963906    0.000508258604562    0.000204755375134 
  -0.025036836265930    0.000394406472387    0.000227959977392    0.025036202139990    0.000394406446093    0.000243630144483 
  -0.025016840427147    0.000306569947015    0.000520343004220    0.024991507374337    0.000409509884050    0.000999546420006 
  -0.024947128900793    0.000449319571831    0.002072687329394    0.025010948402991    0.000449319649976    0.001432461492816 
  -0.025029177120320    0.000330382727853    0.000675071713429    0.025032500810846    0.000330382705827    0.000485400414402 
  -0.024914127816972   -0.000436344185114   -0.002208965762882    0.024909267382907   -0.000444176579890   -0.002270700212926 
  -0.024901991260724   -0.000439194004077   -0.002174528829550    0.024888048030943   -0.000439194004077   -0.002330909171216 
  -0.024956511988853   -0.000449319610903   -0.001508676725346    0.024892467694481   -0.000449319610903   -0.001993128725346 
  -0.024981080462737    0.000173863012329    0.000973694761882    0.024844268603775   -0.000197659483591   -0.001107405911523 
  -0.024890373166211   -0.000439417540522   -0.002391680130739    0.024892025086058   -0.000439270524092   -0.002405243451439 
  -0.024884770438861   -0.000439364048540   -0.002378316931019    0.024882229375415   -0.000439364048540   -0.002428607436432 
  -0.024909267202620    0.000444176571805    0.002270707961310    0.024914122796626    0.000436344164717    0.002208973450911 
  -0.024888053100271    0.000439193987144    0.002330898084650    0.024901989249730    0.000439193987144    0.002174547309650 
  -0.024892529948901    0.000449319610903    0.001994081127772    0.024956349451099    0.000449319610903    0.001511067694439 
  -0.024844268729385    0.000197659477964    0.001107406853538    0.024981078660662   -0.000173863006703   -0.000973693756853 
  -0.024892027859274    0.000439270537634    0.002405217116336    0.024890377860247    0.000439417612666    0.002391654113397 
  -0.024882227903801    0.000439364099358    0.002428594840785    0.024884772704483    0.000439364099358    0.002378283053977 


       -0.394 
PELAGIC TRAWL		:           0 
Boat to door distance	:      199.96 
Boat Z force 		(N):      -20138 
Boat X force 		(N):       30651 
Warp tension		(N):       34177 
Bottom bridle tension	(N):        9276 
Top bridle tension	(N):       11582 
Head line immersion	(m):      -136.4 
Bottom line immersion 	(m):      -148.1 
Door immersion 		(m):      -114.9 
bottom drag (N)				:            0 
catch drag (N)				:            0 
element drag (N)				:        10795 
surface drag (N)				:        14256 
forces along X Y and Z axes (N)		:  30651.12374   6549.11353 -20137.58471 
maximal catch diameter (m) 			:        0.000 
thickness of the catch (m) 			:        0.000 
volume of the catch (m3) 			:       0.0000 
current amplitude (m/s)			:        2.058 
filtered surface (m2) 				:       151.70 
Drag of panels (N): 
1		2835.481176
2		1487.469831
3		1567.589333
4		417.025841
5		125.384954
6		124.209093
7		322.757415
8		180.703905
9		178.644438
10		333.582845
11		232.853306
12		230.653374
13		242.105103
14		210.662326
15		208.356680
16		338.341755
17		345.554090
18		344.365176
19		232.067015
20		376.148222
21		376.233062
22		645.314663
23		645.293266
24		1127.459661
25		1127.459303
