      1      262.926027483       12.571365222     -132.161780359
      2      268.123391112       10.534938321     -132.416922101
      3      281.985406678        9.163372129     -133.587142721
      4      303.894856862        2.550403069     -137.130611472
      5      303.872639878        2.623563891     -140.956736926
      6      282.268231713        9.778014213     -144.883994730
      7      268.528957605       11.231915191     -145.767793695
      8      263.420583772       13.446008853     -145.985807869
      9      281.844530226       10.166541209     -139.231320020
     10      281.743931438       10.100961021     -138.440348416
     11      262.739661266       11.554064248     -131.589674372
     12      280.641185106        1.699489596     -133.606020682
     13      280.690987066        0.000000000     -133.608408770
     14      303.938374456        0.000000000     -136.529608159
     15      263.144998093       12.435861692     -146.364237547
     16      280.680544173        1.698015271     -144.708998067
     17      280.739442817        0.000000000     -144.708430918
     18      303.932921199        0.000000000     -141.614717884
     19      307.798614737        1.838672834     -137.465723427
     20      307.780757040        1.921385835     -140.615113746
     21      307.862913261        0.000000000     -136.951915427
     22      307.851115467        0.000000000     -141.185867300
     23      311.750575598        1.505669684     -137.900565185
     24      311.736384785        1.535711801     -140.242922755
     25      311.808270747        0.000000000     -137.370668244
     26      311.791269604        0.000000000     -140.748461011
     27      316.493109294        1.100050162     -138.382840643
     28      316.485913071        1.083685984     -139.778144997
     29      316.541754232        0.000000000     -137.897966715
     30      316.514899810        0.000000000     -140.185191401
     31      321.256286714        0.741114969     -138.768245572
     32      321.252773167        0.691695857     -139.421903023
     33      321.278346132        0.000000000     -138.422960858
     34      321.256933629        0.000000000     -139.676735565
     35      329.240246475        0.225816387     -139.046977301
     36      329.239330897        0.212006789     -139.201015262
     37      329.239105209        0.000000000     -138.980739998
     38      329.239282111        0.000000000     -139.245371188
     39      339.253583815        0.037000138     -139.136475251
     40      339.253427343        0.000000000     -139.135672330
     41      339.253376742        0.000000000     -139.173165583
     42      359.268656541        0.000000000     -139.223989502
     43      359.266060944       -0.130377908     -139.148583289
     44      359.268656529        0.000000000     -139.224001978
     45      381.678156453        0.000000000     -139.411080224
     46      381.672599291       -0.008160445     -139.412670422
     47      381.678156458        0.000000000     -139.411080243
     48        0.000000000        0.000000000        0.000000000
     49      160.228711143       40.054676686     -112.783344740
     50      162.888135705       39.250204070     -111.651345572
     51      162.216273090       39.780523733     -115.013988828
     52      257.543831367       13.551174596     -130.961238172
     53      257.996220331       14.608419210     -146.754561195
     54      258.797493554       14.608418926     -148.589946114
     55      365.252424262        0.000000000     -139.278553311
     56      371.228803357        0.000000000     -139.313583060
     57      377.197084634        0.000000000     -139.118552224
     58      375.714940496       -0.238550466     -139.272829727
     59      369.741871174       -0.220856982     -139.201267477
     60      363.763875913       -0.185423953     -139.154920301
     61      365.252423666        0.000000000     -139.278552460
     62      371.228803202        0.000000000     -139.313578724
     63      377.197084657        0.000000000     -139.118552147
     64      345.259674295        0.000000000     -139.197644186
     65      351.264630585        0.000000000     -139.214284601
     66      353.272058837       -0.050324126     -139.149178074
     67      347.267760662       -0.010617592     -139.136487878
     68      345.259657937        0.000000000     -139.200474930
     69      351.264626041        0.000000000     -139.214326046
     70      265.246295792       11.833010372     -132.363470071
     71      272.934499794       10.005758072     -132.805349569
     72      277.613336718        9.609777143     -133.180023478
     73      286.342311479        7.956669351     -134.204152724
     74      290.061828362        6.560931304     -135.143567511
     75      293.716569761        5.028246576     -136.054233999
     76      297.654505242        3.898907745     -136.468182196
     77      303.916869019        2.625842617     -137.168101351
     78      304.167031319        3.550587236     -137.873113106
     79      304.439334222        4.347652888     -139.092628574
     80      304.045160217        3.302933353     -140.448706002
     81      299.532417947        3.587443144     -141.372747322
     82      295.489874231        4.586817217     -141.847518472
     83      291.790519191        6.087002072     -142.517503461
     84      288.324217579        7.725621196     -143.748767361
     85      277.637476645       10.134751596     -144.867962393
     86      272.986068839       10.710663058     -145.395869934
     87      266.424448882       12.436158299     -145.787238762
     88      266.501979498       13.017879319     -145.226965963
     89      269.626400014       12.546230537     -144.351780768
     90      272.715349848       12.044527847     -143.373513212
     91      275.760644870       11.513725651     -142.280513576
     92      278.725250186       10.930684435     -141.007258914
     93      278.759816546       10.555454400     -137.246621396
     94      275.700264594       10.986985564     -136.149586124
     95      272.609624023       11.394394199     -135.132951786
     96      269.503926101       11.785628272     -134.156648432
     97      266.389286915       12.164479978     -133.204239986
     98      299.205636565        4.169378446     -141.125000906
     99      302.154836688        3.765903487     -140.646879364
    100      288.654257388        8.028887468     -143.329497729
    101      291.157461457        7.111409108     -141.949897325
    102      293.882919913        6.309876238     -140.981714052
    103      296.817720895        5.886663702     -140.517401131
    104      299.752959032        5.467223550     -140.057812085
    105      302.673462820        5.006661383     -139.543758841
    106      280.472204161       10.193646081     -144.345934697
    107      283.409114562       10.178453422     -143.714714699
    108      286.234166350        9.724683474     -142.806448314
    109      288.550086038        8.485604758     -141.353345419
    110      291.241554286        7.607173610     -140.354467867
    111      294.166928696        7.137680046     -139.864427260
    112      297.079634717        6.630234423     -139.341141885
    113      299.939122998        5.944789049     -138.736352893
    114      302.523194902        4.572787384     -138.064372866
    115      271.820089882       11.050222619     -145.367899953
    116      274.769916822       11.129696981     -144.795355552
    117      277.704243916       11.093805039     -144.154556006
    118      280.583277475       10.842309446     -143.338039204
    119      283.345068225       10.338534935     -142.272705539
    120      285.765234674        9.442682395     -140.738534132
    121      288.449732852        8.547031220     -139.735205066
    122      291.363757935        8.015747263     -139.240978199
    123      294.248815731        7.390623733     -138.692428748
    124      297.050786380        6.478094145     -138.117978021
    125      299.623327151        5.070386161     -137.474869203
    126      302.081769473        3.372513444     -137.168726185
    127      269.150097250       12.171120741     -145.243548705
    128      272.067936426       12.017658695     -144.538758096
    129      274.945786899       11.754200528     -143.715822489
    130      277.770285911       11.422324156     -142.749019058
    131      280.478239280       10.881909574     -141.569762490
    132      282.924207502       10.115461061     -140.008021464
    133      285.592145109        9.230235811     -139.075399902
    134      288.508801499        8.698760942     -138.608914078
    135      291.364995850        7.948948252     -138.071518624
    136      294.140206400        6.934142786     -137.542340693
    137      296.680952632        5.429707175     -136.998133242
    138      285.578648009        9.208136461     -138.189637926
    139      288.422001978        8.375076936     -137.651833654
    140      291.185008930        7.292733803     -137.148185923
    141      293.729707856        5.794029010     -136.576561370
    142      282.864423061        9.903235322     -137.111889227
    143      285.730802448        9.169227628     -136.584121299
    144      288.505694905        8.129806223     -136.085940365
    145      290.984285854        6.479849658     -135.674921257
    146      280.113595278       10.374162623     -136.002480777
    147      283.012159611        9.795200884     -135.475425474
    148      285.831024247        8.899174338     -134.962689969
    149      274.357566526       11.202331779     -135.343279797
    150      277.299840371       10.719664023     -135.008111141
    151      280.200326863       10.156587278     -134.487939338
    152      283.003821406        9.348241281     -134.059150231
    153      271.533048172       11.555089386     -134.381266934
    154      274.428814334       10.910201800     -134.143520052
    155      277.302175548       10.241881835     -133.708564553
    156      268.686551456       11.821113198     -133.455050973
    157      271.520270044       11.015938077     -133.396562095
    158      274.359329803       10.137910091     -133.116225130
    159      265.803778398       12.003458821     -132.623366205
    160      268.581668845       11.009101187     -132.766731588
    161      265.795088279       10.206564377     -131.939072829
    162      268.819408757        8.764648838     -132.277838626
    163      271.771210324        7.156205503     -132.608640800
    164      274.684202904        5.324056240     -132.929596780
    165      277.564784472        3.670071944     -133.249846533
    166      286.308026540        0.000000000     -134.300670441
    167      292.154753494        0.000000000     -135.061515516
    168      298.050663185        0.000000000     -135.827333556
    169      303.925324745        1.018971310     -136.648652220
    170      303.889124845        2.015457263     -136.934161955
    171      264.992953059       10.728316411     -131.864880465
    172      297.716388608        3.409538156     -136.314886656
    173      300.571782847        2.497645138     -136.549725395
    174      286.999655641        7.051115107     -134.170446139
    175      289.557061686        5.557029894     -134.655452880
    176      292.025875559        4.003801753     -135.370195934
    177      294.815977688        2.929345159     -135.675556896
    178      297.656104061        1.994477225     -135.983104334
    179      300.582825906        1.377207150     -136.292786350
    180      278.689944035        9.120491360     -133.197441540
    181      281.416899853        7.874265099     -133.305893493
    182      284.081838832        6.545825566     -133.676319077
    183      286.644849845        5.051720634     -134.130472487
    184      289.110748449        3.473382012     -134.792872246
    185      291.900186034        2.414480135     -135.136342295
    186      294.730304679        1.468734217     -135.483297766
    187      297.652108834        0.854301903     -135.828515157
    188      300.600648244        0.370128246     -136.156605140
    189      275.729927831        8.705019533     -132.914219334
    190      278.449700540        7.451888827     -133.129813966
    191      281.119252857        6.112319474     -133.439599651
    192      283.692254837        4.608152949     -133.808897323
    193      286.168143769        2.984237137     -134.314735817
    194      288.963795139        1.938351798     -134.671929409
    195      291.788614131        0.974036696     -135.035251474
    196      294.710011656        0.354603577     -135.403157748
    197      269.976553109        9.624611219     -132.487777222
    198      272.745908107        8.428256114     -132.712053135
    199      275.468158103        7.134636308     -132.960219553
    200      278.143144847        5.753144598     -133.241348570
    201      280.724569525        4.212941834     -133.559077059
    202      283.207101537        2.525628701     -133.905302138
    203      286.014720651        1.481711227     -134.263653355
    204      288.837407021        0.480525456     -134.630793404
    205      267.004219973        9.653650997     -132.070246003
    206      269.765012079        8.304180457     -132.371498367
    207      272.490374809        6.873120172     -132.671871811
    208      283.108557419        0.792784778     -133.903317398
    209      266.586095458       10.864642524     -146.135887221
    210      269.584736106        9.348598772     -145.883869905
    211      272.514845860        7.691790984     -145.620439337
    212      275.351130713        5.858502104     -145.346491412
    213      278.089903152        3.829270214     -145.043553910
    214      280.694576425        1.638211525     -144.707609762
    215      286.342829513        0.000000000     -143.960981827
    216      292.165576760        0.000000000     -143.147740421
    217      298.054553624        0.000000000     -142.335585212
    218      303.915838099        1.067786393     -141.468515575
    219      303.871740827        2.104207841     -141.169518840
    220      264.960501898       11.664862403     -146.210562883
    221      300.990065153        0.527377577     -141.926630689
    222      295.111208671        0.499584919     -142.724090627
    223      298.044634327        1.025032518     -142.264418928
    224      300.964123971        1.570936761     -141.751831988
    225      289.255344724        0.690028146     -143.551430732
    226      292.203001145        1.168741418     -143.108864303
    227      295.133966542        1.683953543     -142.619144699
    228      298.046767189        2.227795272     -142.067702915
    229      300.943890666        2.755382178     -141.434012416
    230      283.532959710        1.045801869     -144.340430275
    231      286.442862941        1.712504677     -143.936366085
    232      289.389180757        2.157428801     -143.488617665
    233      292.314373351        2.657265053     -142.974491301
    234      295.215517824        3.190434721     -142.371532401
    235      298.090279136        3.698164237     -141.636536797
    236      283.641388332        2.769879889     -144.318191020
    237      286.599888518        3.205821980     -143.881647824
    238      289.530112693        3.713527917     -143.364802701
    239      292.424856894        4.252636586     -142.712722182
    240      278.329903233        4.006776975     -144.965976637
    241      281.266916969        4.580419526     -144.697719801
    242      284.233180896        4.972315240     -144.424700241
    243      287.176435364        5.442886430     -144.057347112
    244      290.082544166        5.955141004     -143.505047498
    245      275.793397603        5.771941318     -145.240121030
    246      278.757760984        6.213718671     -145.013529022
    247      281.733400270        6.587878620     -144.816827966
    248      284.686064033        7.053268817     -144.517674320
    249      287.594181924        7.566983586     -143.972255772
    250      273.168945849        7.405834165     -145.496299258
    251      276.149872727        7.696430051     -145.269777059
    252      279.130122785        8.044394440     -145.147450184
    253      282.102489384        8.462919825     -145.102900044
    254      270.493758298        8.949736252     -145.735798816
    255      273.483196129        9.080279604     -145.464152070
    256      276.453032044        9.400055397     -145.148697405
    257      267.765643763       10.393402307     -145.963512370
    258      270.750843145       10.332916107     -145.641008020
    259      307.803836466        1.876032961     -137.489580951
    260      307.944994659        2.712793558     -138.270334413
    261      307.940032338        2.785297468     -139.520142820
    262      307.841307808        1.025990631     -137.130437647
    263      307.828458574        1.071565315     -141.009344518
    264      305.880496441        0.712323806     -141.304272907
    265      305.839741537        1.767536433     -140.979229500
    266      311.751495271        1.515029221     -137.911891693
    267      311.785031757        1.946453778     -138.698610218
    268      311.775416135        1.877913272     -139.678565534
    269      309.035311445        2.233378635     -139.924784088
    270      309.091381104        2.543133696     -138.899487757
    271      309.016624079        2.019199482     -137.928474377
    272      311.793415249        0.783343324     -137.512256487
    273      311.774308343        0.830107188     -140.609272680
    274      309.811938712        0.554551744     -140.892289521
    275      309.779530117        1.340559489     -140.635698259
    276      316.493405261        1.104582736     -138.387234631
    277      316.492909082        1.294291221     -139.070517611
    278      313.180290865        1.651745116     -139.655244460
    279      313.195684909        1.745551863     -138.716950434
    280      316.521757915        0.728787508     -138.099146933
    281      312.965813256        0.952399871     -137.743720764
    282      312.989216249        0.201947401     -137.518909902
    283      316.501356364        0.748019732     -140.006746821
    284      314.144467301        0.493214509     -140.392619729
    285      314.117349525        1.187953702     -140.097683522
    286      321.256376768        0.743706832     -138.772733456
    287      317.857440776        1.094748387     -139.256550412
    288      317.862685010        1.046112758     -138.655335782
    289      317.884731424        0.635487799     -138.236966647
    290      318.877265415        0.420121333     -139.826935627
    291      325.985531889        0.382352657     -138.973561647
    292      329.240253887        0.226056762     -139.047317314
    293      324.477376088        0.466437293     -139.294855622
    294      324.162754438        0.513908923     -139.179926467
    295      323.572088256        0.378159412     -138.758236832
    296      326.566740919        0.108136435     -138.841785849
    297      325.243888398        0.134673813     -139.407660334
    298      334.177692747        0.086837833     -139.108008618
    299      334.341487675        0.095174276     -139.150604952
    300      333.116960122        0.121195161     -139.133043673
    301      335.245304253        0.000000000     -139.095259930
    302      333.191769045        0.077579202     -139.081678007
    303      335.245630907        0.000000000     -139.172858126
    304       18.426584407        3.846821698      -11.836306739
    305       36.729390232        7.826021015      -23.819744650
    306       54.897005046       11.944704531      -35.960503088
    307       72.916674435       16.210498953      -48.269547488
    308       90.774127222       20.631595942      -60.758681713
    309      108.453289885       25.216778012      -73.440551977
    310      125.936125875       29.975484469      -86.328758715
    311      143.202272589       34.917836261      -99.437847902
    312      176.419728024       36.024940057     -114.916038862
    313      189.954047723       32.663401923     -118.028271556
    314      203.488271996       29.158792935     -120.978674212
    315      217.018988927       25.503739455     -123.757506158
    316      230.542011452       21.690197728     -126.354633621
    317      244.052320979       17.709293869     -128.759530933
    318      175.954849483       36.647656952     -119.733864708
    319      189.680552997       33.375955142     -124.396540948
    320      203.390516144       29.956928932     -128.999261416
    321      217.081402579       26.381311400     -133.539242392
    322      230.749235558       22.638971128     -138.013662595
    323      244.389359181       18.718766708     -142.419706789
    0.0000182 
    0.0000182 
    0.0006156 
    0.0006098 
    0.0006040 
    0.0005982 
    0.0005924 
    0.0005865 
    0.0005807 
    0.0005748 
    0.0005688 
    0.0000632 
    0.0000742 
   -0.0000370 
    0.0002034 
    0.0002007 
    0.0001981 
    0.0001956 
    0.0001930 
    0.0001906 
    0.0001882 
    0.0002401 
    0.0002370 
    0.0002340 
    0.0002309 
    0.0002279 
    0.0002250 
    0.0002220 
    0.0003193 
    0.0001493 
    0.0000940 
    0.0003550 
    0.0000637 
    0.0000068 
    0.0000158 
    0.0000119 
    0.0000126 
    0.0000084 
    0.0000843 
    0.0000095 
   -0.0306426 
   -0.0310390 
   -0.0280842 
   -0.0055312 
   -0.0398120 
   -0.0427261 
    0.0000792 
    0.0000797 
    0.0000799 
    0.0000797 
    0.0000321 
    0.0000228 
   -0.0349874 
   -0.0304688 
   -0.0284975 
   -0.0250716 
   -0.0153569 
    0.0000321 
    0.0000281 
    0.0000247 
    0.0000209 
    0.0000162 
    0.0000058 
   -0.0035933 
    0.0000445 
    0.0001299 
    0.0001580 
    0.0001746 
    0.0010050 
    0.0007405 
    0.0001349 
    0.0013337 
   -0.0018012 
   -0.0036198 
   -0.0044128 
   -0.0050013 


  -0.375744484396530    0.133679201951172    0.025638070680447    0.393310258666588    0.010596581600023    0.076339253466612 
  -0.376334630347894    0.133641740044488    0.023850212145606    0.390265410072861    0.010403297491878    0.067114825961837 
  -0.367624431388179    0.137500020488518    0.015495870946518    0.390317738411178    0.009188477877856    0.080077004698898 
  -0.360264052799918    0.118394895199964    0.034212994133475    0.393310258666588    0.010596581600023    0.076339253466612 
  -0.355404678425514    0.092645393735391    0.130121150107703    0.391588053466679   -0.002025687866655    0.084162666400012 
  -0.355208628554491    0.094235074790612    0.129496622508959    0.393258370237919    0.011518166631180    0.078841780867986 
  -0.367560748214575    0.136538860527892    0.015864742586419    0.391243612533511   -0.004785592266654    0.085439939466729 
  -0.369061365999990    0.120021194400006    0.025517158800111    0.392801977950040    0.012367716127831    0.075416073456634 
  -0.324319247967716    0.216877807298188    0.069045191132599    0.371644702595668   -0.081728962897668    0.123346916438871 
  -0.376778278266852    0.088514136533336    0.050223399333413    0.391588053466679   -0.002025687866655    0.084162666400012 
  -0.350957378111553    0.182930247005599   -0.010409668978530    0.391741152243541   -0.013544841309263    0.087972656047433 
  -0.355999017600084    0.149453082933325    0.016580166400089    0.396021760712100    0.014878974466754    0.065056912438724 
  -0.380913777181646    0.098689339361037   -0.019051360021659    0.389045223466754   -0.020461606133338    0.093972081199998 
  -0.379148017151677    0.118461226905983   -0.030087959215595    0.387090680469711   -0.024179980081146    0.084726424801150 
  -0.355999017600084    0.149453082933325    0.016580166400089    0.389045223466754   -0.020461606133338    0.093972081199998 
  -0.375065541866494    0.077335294666617    0.078536019466742    0.383871141199817   -0.033532745733325    0.108868906933314 
  -0.369061365999990    0.120021194400006    0.025517158800111    0.383871141199817   -0.033532745733325    0.108868906933314 
  -0.386717307829284    0.072165645756706   -0.003913273003785    0.383713396399912   -0.035127755600005    0.109724747599921 
  -0.367794268933517    0.088052731866614    0.058497802266667    0.376599868266840   -0.044250182933322    0.128907124133389 
  -0.375065541866494    0.077335294666617    0.078536019466742    0.368238766666847   -0.067169934800013    0.142044488666587 
  -0.367794268933517    0.088052731866614    0.058497802266667    0.383713396399912   -0.035127755600005    0.109724747599921 
  -0.360264052799918    0.118394895199964    0.034212994133475    0.391243612533511   -0.004785592266654    0.085439939466729 
  -0.392521604146618    0.049837852643507    0.011116005929644    0.376599868266840   -0.044250182933322    0.128907124133389 
  -0.376778278266852    0.088514136533336    0.050223399333413    0.376673571733333   -0.060502659733316    0.121102184666665 
  -0.278933904850084    0.287071028739816    0.002990207842305    0.346853718028748   -0.099798583074082    0.165404763621699 
  -0.322678805066668    0.226106134133396    0.069739922000122    0.376673571733333   -0.060502659733316    0.121102184666665 
  -0.322678805066668    0.226106134133396    0.069739922000122    0.333760542533363   -0.122330447999949    0.183946720533334 
  -0.291958684621933    0.264656865070211    0.021435305855254    0.333760542533363   -0.122330447999949    0.183946720533333 
  -0.385213083333338    0.081846861466638    0.071165703333334    0.368238766666847   -0.067169934800013    0.142044488666587 
  -0.309516941577813    0.244892282889278    0.066823854339818    0.363394460800032   -0.106871049333341    0.129091103066662 
  -0.307958317995496    0.251569403063968    0.056813081712941    0.365927843830033   -0.096018074226489    0.112819617264791 
  -0.352182083600034    0.172972982933336    0.083632824666684    0.358862433066687   -0.117124153066691    0.133183673600001 
  -0.347650055866689    0.183226086666686    0.079540254133345    0.363394460800032   -0.106871049333341    0.129091103066662 
  -0.318170416866890    0.229280233025629    0.085966663806070    0.391525136733080   -0.056119472574429    0.066861749939256 
  -0.347650055866689    0.183226086666686    0.079540254133345    0.308789291733342   -0.165210495466659    0.193747052666557 
  -0.371313515200010    0.127610351600023    0.081974838266774    0.308789291733342   -0.165210495466659    0.193747052666557 
  -0.395652131132969    0.034110162831339    0.022309811009410    0.361060449199825   -0.072055277599955    0.157234209066549 
  -0.387461783205356    0.040781779011276    0.023525501449999    0.326129096266861   -0.102193135066666    0.208232136799961 
  -0.397833659772022    0.031946889445082    0.034874311585075    0.358321855720184   -0.074770954251743    0.173007121113396 
  -0.382243859333516    0.072449951866675    0.093725739866704    0.322688859866670   -0.119447005333274    0.204556187599997 
  -0.382243859333516    0.072449951866675    0.093725739866704    0.361060449199825   -0.072055277599955    0.157234209066549 
  -0.378803622933325    0.089703822133284    0.097401689066669    0.357933090400017   -0.119420156666725    0.133777208799969 
  -0.385213083333338    0.081846861466638    0.071165703333334    0.322688859866670   -0.119447005333274    0.204556187599997 
  -0.379626215851048    0.055536418665174    0.028108449259195    0.334972890291674   -0.085539970323251    0.213404786669241 
  -0.390815179021667    0.073054149325866    0.076124539488361    0.355725014266674   -0.118030033333370    0.124349541599978 
  -0.385851645301491    0.086400884297849    0.071605850591050    0.361610774893987   -0.102203468706244    0.118991278173508 
  -0.378803622933325    0.089703822133284    0.097401689066669    0.326129096266861   -0.102193135066666    0.208232136799961 
  -0.371313515200010    0.127610351600023    0.081974838266774    0.358862433066687   -0.117124153066691    0.133183673600001 
  -0.352182083600034    0.172972982933336    0.083632824666684    0.391306797599994   -0.056428338133352    0.061908389466642 
  -0.320490972824133    0.230433231364326    0.065724159192297    0.378861403975868   -0.056175562502387    0.117086421858841 
  -0.397971597849500    0.032854781685879    0.024969332889626    0.369067774824236   -0.067721416914305    0.148052935824575 
  -0.380096127777841    0.104967713476519   -0.020762989216401    0.385367964649955   -0.048697677075097    0.101669883605488 
  -0.385998254829997    0.077129140606825   -0.005469910703455    0.380730061325036   -0.055721186536265    0.116183203169824 
  -0.375134605744759    0.050984352387030    0.137982220045466    0.397748156329127   -0.035918180262961    0.026167653159128 
  -0.365520284564658    0.055371940291134    0.165799765895907    0.391601100742778   -0.062854050205638    0.054131447337525 
  -0.377141141456496    0.048281160493247    0.131273137361830    0.397758974595310   -0.041801629991138    0.011833731680498 
  -0.380172557226805    0.039826928123103    0.122952545733980    0.385831529318017   -0.097408499259075   -0.024441289919163 
  -0.378617840939945    0.044455064122879    0.127066907833396    0.394696217527321   -0.065215062287591    0.000851612551507 
  -0.371318179608213    0.052470409003515    0.150746991759771    0.394208563337348   -0.054543218349212    0.048176634160172 
  -0.392212049402973    0.054464422254243    0.010458184323230    0.375423373889032   -0.061833932649024    0.131407242246367 
  -0.372242857866680    0.125314347999989    0.082568373466741    0.357933090400017   -0.119420156666725    0.133777208799969 
  -0.318388755999975    0.228971367466706    0.081013303333456    0.391306797599994   -0.056428338133352    0.061908389466642 
  -0.354384872233643    0.185681944881996    0.024644016543380    0.397706761077138   -0.044094147575621    0.062352149345292 
  -0.318388755999975    0.228971367466706    0.081013303333456    0.393226683066640   -0.053796661200002    0.063749538933287 
  -0.353438959866685    0.166802179199991    0.087063182800023    0.390049921333343   -0.062599141866697    0.065338747599981 
  -0.320250354133282    0.226842675066705    0.078542303866724    0.391365084933333   -0.055925353600002    0.061278539466556 
  -0.355157099213626    0.182802530942148    0.027823010624974    0.383791991238628   -0.070041970806325    0.056499149655473 
  -0.356443242000031    0.155068116400003    0.095556026666785    0.388360802799987   -0.067659416399990    0.069771383333318 
  -0.353438959866685    0.166802179199991    0.087063182800023    0.391365084933333   -0.055925353600002    0.061278539466556 
  -0.320250354133282    0.226842675066705    0.078542303866724    0.392518686235409   -0.059031923765138    0.069178985645746 
  -0.357876596049770    0.178119911850616    0.025733126709180    0.393226683066640   -0.053796661200002    0.063749538933287 
  -0.372242857866680    0.125314347999989    0.082568373466741    0.390049921333343   -0.062599141866697    0.065338747599981 
  -0.380660858133350    0.091068490533329    0.084275216133411    0.388536677733350   -0.070837860933365    0.065896915599914 
  -0.373756101466673    0.117075628933320    0.083126541466675    0.388536677733350   -0.070837860933365    0.065896915599914 
  -0.390687131999986    0.067916735866665    0.055903486933376    0.388887518666669   -0.070863315866675    0.062198109866646 
  -0.381011699066668    0.091093945466639    0.087974021866679    0.388887518666669   -0.070863315866675    0.062198109866646 
  -0.380660858133350    0.091068490533329    0.084275216133411    0.384674372799994   -0.083349803999999    0.073139926799994 
  -0.381011699066668    0.091093945466639    0.087974021866679    0.355725014266674   -0.118030033333370    0.124349541599978 
  -0.384509317466692    0.074443269200008    0.082788016533349    0.380825913466651   -0.099975025333319    0.071652727199933 
  -0.377442531466666    0.101385241333312    0.086495084933351    0.381265104133369   -0.091392716533278    0.080638532266649 
  -0.392399182933324    0.056817157866670    0.055957996000063    0.379113862533313   -0.111074603333315    0.071707236266620 
  -0.390687131999986    0.067916735866665    0.055903486933376    0.380825913466651   -0.099975025333319    0.071652727199933 
  -0.384509317466692    0.074443269200008    0.082788016533349    0.373596086533348   -0.121670611733310    0.076593430266636 
  -0.377442531466666    0.101385241333312    0.086495084933351    0.384674372799994   -0.083349803999999    0.073139926799994 
  -0.373756101466673    0.117075628933320    0.083126541466675    0.388360802799987   -0.067659416399990    0.069771383333318 
  -0.361896659733323    0.092679848133323    0.143699826533335    0.389120572775253   -0.088392927192060    0.069259811950614 
  -0.356443242000031    0.155068116400003    0.095556026666785    0.389400505066669   -0.061408288933318    0.068540432533276 
  -0.351646809484737    0.192187006279897    0.018795153844707    0.393624066378548   -0.053793771769344    0.071073323008021 
  -0.311129344148690    0.243238532554018    0.054422104476018    0.363685878148739   -0.103942594553944    0.126388219257330 
  -0.364578642933331    0.125083688800043    0.107654126400159    0.381265104133369   -0.091392716533278    0.080638532266649 
  -0.364578642933331    0.125083688800043    0.107654126400159    0.350323540090240   -0.133481335031178    0.139696238046384 
  -0.367298931769239    0.101812078988286    0.084078196511072    0.344542920533316   -0.182933555333383    0.089597336933173 
  -0.385111549066687    0.071107346133280    0.082449982933338    0.373596086533348   -0.121670611733310    0.076593430266636 
  -0.357813183591606    0.119419873942829    0.091829641301981    0.321506129858254   -0.225695294209573    0.070772421098011 
  -0.386649033466650    0.066346503600069    0.078600488400154    0.344542920533316   -0.182933555333383    0.089597336933173 
  -0.386649033466650    0.066346503600069    0.078600488400154    0.314297160180524   -0.238963650063618    0.067465129565263 
  -0.393704041615517    0.050694813610782    0.075076278991901    0.360348876096116   -0.173994003347446    0.018925278247885 
  -0.388077330666647    0.060806485466699    0.076751643733364    0.343005436133353   -0.187694397866593    0.085747842399989 
  -0.385111549066687    0.071107346133280    0.082449982933338    0.343005436133353   -0.187694397866593    0.085747842399989 
  -0.394026329333337    0.047812135599967    0.052553969333349    0.368400926933380   -0.144312417733323    0.067153030799936 
  -0.392399182933324    0.056817157866670    0.055957996000063    0.370028073333394   -0.135307395466620    0.070557057466651 
  -0.392316602533333    0.047909468533292    0.063564794800012    0.338766164266667   -0.200591414800000    0.072560993466637 
  -0.388077330666647    0.060806485466699    0.076751643733364    0.370028073333394   -0.135307395466620    0.070557057466651 
  -0.395318268783185    0.044324902726576    0.063987674070514    0.359183863779148   -0.177032391819051    0.015142125164591 
  -0.380298381266967    0.072266789976326    0.066061178351845    0.327792309599999   -0.226383028933452    0.040819069066545 
  -0.393499303466638    0.048576244666678    0.056209582933366    0.338766164266667   -0.200591414800000    0.072560993466637 
  -0.396017840402412    0.043248179896909    0.064518554730439    0.324091071730920   -0.231044317569835    0.041772828996973 
  -0.392316602533333    0.047909468533292    0.063564794800012    0.327792309599999   -0.226383028933452    0.040819069066545 
  -0.400569720494229    0.034353039321289    0.057015201961695    0.358632456376438   -0.178079446919819    0.014410008990333 
  -0.393499303466638    0.048576244666678    0.056209582933366    0.322880355741557   -0.233605635260869    0.045767134129842 
  -0.321717732039427    0.225724386694087    0.078241808584881    0.389400505066669   -0.061408288933318    0.068540432533276 
  -0.358826603999933    0.105886758933296    0.142361647333401    0.379113862533313   -0.111074603333315    0.071707236266620 
  -0.373793631647338    0.056811812458891    0.132055385665501    0.393676868619339   -0.053610741674454    0.044161921665508 
  -0.366777037733315    0.062790306800000    0.147921126666756    0.382183918266704   -0.097867692533341    0.070369057066686 
  -0.376602447199987    0.047034347599991    0.128268381733396    0.396577770717790   -0.039067722572856    0.018422309443158 
  -0.376602447199987    0.047034347599991    0.128268381733396    0.392303179333347   -0.064355700800012    0.044689154133349 
  -0.375167320933330    0.046066853333333    0.132582618133343    0.392303179333347   -0.064355700800012    0.044689154133349 
  -0.366777037733315    0.062790306800000    0.147921126666756    0.391309334740807   -0.061131812942642    0.049980768255370 
  -0.375167320933330    0.046066853333333    0.132582618133343    0.386475244400003   -0.077194898533357    0.070274040399924 
  -0.362485711600016    0.083463100799985    0.147826109999994    0.369985660933321   -0.138589520666569    0.066424124533300 
  -0.382803471600005    0.025405036933333    0.115278811866654    0.386102154933330   -0.085985011466669    0.031699584266607 
  -0.374911033066671    0.048184852533302    0.131664818133318    0.386731532266663   -0.075076899333388    0.069356240399899 
  -0.374911033066671    0.048184852533302    0.131664818133318    0.375848618133349   -0.119470206133298    0.068364733999946 
  -0.362485711600016    0.083463100799985    0.147826109999994    0.386475244400003   -0.077194898533357    0.070274040399924 
  -0.361896659733323    0.092679848133323    0.143699826533335    0.382183918266704   -0.097867692533341    0.070369057066686 
  -0.386420175333357    0.011372607600011    0.103916638000101    0.386731532266663   -0.075076899333388    0.069356240399899 
  -0.384369741066651    0.024312749733332    0.110891302400053    0.377829145066660   -0.107356682799999    0.007798517066662 
  -0.379532895466665    0.035469841599998    0.123495461466700    0.386102154933330   -0.085985011466669    0.031699584266607 
  -0.388783736059167    0.015758787769208    0.099417235673797    0.380628526453421   -0.111950829135702   -0.038661675774129 
  -0.382744084954534    0.027922950416649    0.087892170608763    0.370385392933334   -0.132581017866672   -0.019115384400069 
  -0.387805905333335    0.014098170266669    0.099594394266755    0.377829145066660   -0.107356682799999    0.007798517066662 
  -0.384369741066651    0.024312749733332    0.110891302400053    0.391747891968141   -0.075539667900961   -0.007439725942515 
  -0.391813493199978   -0.000911585333341    0.083977400933323    0.377766998125279   -0.127532207446824    0.032347994328990 
  -0.387805905333335    0.014098170266669    0.099594394266755    0.383114828533310   -0.089109328666710    0.057994066533346 
  -0.388844015712484   -0.001003040745973    0.095659573744301    0.366623441418134   -0.150420265655027   -0.014325068713809 
  -0.395909782994844   -0.013958877321863    0.066255566772826    0.375950435852614   -0.133318228352009    0.024488976302793 
  -0.392379432666644   -0.013862899199989    0.078978589733254    0.378541301200001   -0.117070398133368    0.037378261999845 
  -0.391813493199978   -0.000911585333341    0.083977400933323    0.370385392933334   -0.132581017866672   -0.019115384400069 
  -0.382803471600005    0.025405036933333    0.115278811866654    0.383114828533310   -0.089109328666710    0.057994066533346 
  -0.386420175333357    0.011372607600011    0.103916638000101    0.373799272400000   -0.107779466266651    0.057171880933242 
  -0.379532895466665    0.035469841599998    0.123495461466700    0.396266486470192   -0.049796073079339    0.006980352585012 
  -0.357241869999992    0.111609656000050    0.141632741066765    0.339293190133367   -0.199827305733289    0.076216607066654 
  -0.394026329333337    0.047812135599966    0.052553969333349    0.339293190133367   -0.199827305733289    0.076216607066654 
  -0.376960378800019    0.059875592399950    0.120471965066614    0.373799272400000   -0.107779466266651    0.057171880933242 
  -0.356622754399988    0.102582415333256    0.149766719466641    0.326871591036519   -0.224718171479659    0.048744276698566 
  -0.366056266933356    0.091442753066588    0.120218681733316    0.330478793200003   -0.219994208666751    0.054802547733205 
  -0.356622754399988    0.102582415333256    0.149766719466641    0.375848618133349   -0.119470206133298    0.068364733999946 
  -0.366056266933356    0.091442753066588    0.120218681733316    0.303364665031248   -0.259769556360233    0.024297230211370 
  -0.359143703225204    0.100573641378534    0.138831008448359    0.309979587017181   -0.251031826569104    0.042108145870856 
  -0.365464779874579    0.091002970201073    0.134916598959804    0.330478793200003   -0.219994208666751    0.054802547733205 
  -0.391002025276621    0.055592252232945    0.079376802076947    0.324252351677130   -0.229751065151958    0.058495123598779 
  -0.361793346768042    0.090950810275712    0.144366835255595    0.324460847734690   -0.230141305230298    0.046226628087769 
  -0.391416936075073   -0.009536593743590    0.082419137961806    0.369307660005374   -0.116874454847794    0.039130999711138 
  -0.392379432666644   -0.013862899199989    0.078978589733254    0.370065230098818   -0.113469269148880    0.041839015994862 
  -0.393341268273803   -0.021553749904294    0.074052194882762    0.378541301200001   -0.117070398133368    0.037378261999845 
  -0.392501541496971   -0.021397944799704    0.073954063536784    0.369981133439193   -0.118658674070349    0.038378612122457 
  -0.390674843979183    0.007819167114959    0.087497110634145    0.369544603754174   -0.111332906751703    0.040752353567287 
  -0.375519267584154    0.053533254713281    0.088610571514550    0.335202635652327   -0.214919315950994    0.038229292943210 
  -0.376960378800019    0.059875592399950    0.120471965066614    0.334150444718968   -0.210288618377660    0.061492084218851 
  -0.357241869999992    0.111609656000050    0.141632741066765    0.369985660933321   -0.138589520666569    0.066424124533300 
  -0.358826603999933    0.105886758933296    0.142361647333401    0.368400926933380   -0.144312417733323    0.067153030799936 
  -0.384897853725701    0.086947286340413    0.068524667240153    0.383098240392384   -0.089893866340423    0.049576929559870 
  -0.387237737902810   -0.058831514754691    0.077886480077986    0.355847607704688   -0.154213683527841   -0.042670419595969 
  -0.391968815103925   -0.044365532034095    0.054925424654125    0.370944864621944   -0.149356923683186   -0.010199496308574 
  -0.394229515939212   -0.055348432078603    0.041154868255262    0.370108630490343   -0.148520167537458   -0.016974384801065 
  -0.394668827200000   -0.055396243599985    0.037762960800137    0.371178171093730   -0.148403766324941   -0.008716497808401 
  -0.395626575066656   -0.056316836266671    0.023477270266691    0.362636361200013   -0.167084094133342   -0.028745950933429 
  -0.394668827200000   -0.055396243599985    0.037762960800137    0.363594109066670   -0.166163501466657   -0.014460260399983 
  -0.393840796298033   -0.048645581521716    0.053840356569399    0.363594109066670   -0.166163501466657   -0.014460260399983 
  -0.396757179456904   -0.028565599041262    0.039999236611666    0.370359450143080   -0.151177823841279   -0.016859711655090 
  -0.368658802575829   -0.047422093797309    0.149311274588987    0.340987472666688   -0.199211361733341   -0.064667565466649 
  -0.364823797631313   -0.040064316874261    0.145783931436994    0.346198546551041   -0.189213481750054   -0.069460582958525 
  -0.389042241199998   -0.067371938799988    0.065883608266752    0.355325197200000   -0.177125271066653   -0.049390077866663 
  -0.395011463333321   -0.057800812266686    0.031562590133323    0.355940308933335   -0.178609247066668   -0.041304758000031 
  -0.395626575066656   -0.056316836266671    0.023477270266691    0.355325197200000   -0.177125271066653   -0.049390077866663 
  -0.388294912133309   -0.067374568000015    0.069997385733336    0.341734801733378   -0.199213990933368   -0.060553788000065 
  -0.388294912133309   -0.067374568000015    0.069997385733336    0.329175183066657   -0.207097085466680   -0.095299073866677 
  -0.389042241199998   -0.067371938799988    0.065883608266752    0.340987472666688   -0.199211361733341   -0.064667565466649 
  -0.393679334400031   -0.059142357999987    0.042876688533408    0.341734801733378   -0.199213990933368   -0.060553788000065 
  -0.366037384492724   -0.041404365556922    0.149305222943557    0.337633660975410   -0.206910372988973   -0.064659823062137 
  -0.386615174641108   -0.065809916373753    0.080451922043892    0.357752263758890   -0.175563248640418   -0.034821764089524 
  -0.397538991599996   -0.042300335866668    0.022612588400095    0.362636361200013   -0.167084094133342   -0.028745950933429 
  -0.394834305209466    0.012845395644135    0.073340435128140    0.375579792525215   -0.147473186498063   -0.026266531842945 
  -0.396311084800019    0.003871970400019    0.055670829200009    0.374306978790088   -0.155207244427158   -0.041495694856482 
  -0.397869296533327   -0.036901789200008    0.026955493200001    0.369247333066657   -0.159514014000025   -0.029903455066756 
  -0.397408945649660   -0.029978633615926    0.040300092291416    0.376106104729988   -0.138719028478465   -0.019512370984847 
  -0.397452803733328   -0.016543420933325    0.045407302400088    0.369247333066657   -0.159514014000025   -0.029903455066756 
  -0.363014528006283    0.165999775429835    0.039381787842580    0.375040515512555   -0.164851358467766   -0.043085049130166 
  -0.373502883531795    0.132457989546194    0.046144818038268    0.369392468860266   -0.182913825077625   -0.039443114037179 
  -0.358991350981045    0.174813436388672    0.035557232268414    0.368105614133348   -0.179929405333369   -0.040166981866677 
  -0.363014528006283    0.165999775429835    0.039381787842580    0.369518583944334   -0.176833981795957   -0.041510194341005 
  -0.396311084800019    0.003871970400019    0.055670829200009    0.368105614133348   -0.179929405333369   -0.040166981866677 
  -0.397452803733328   -0.016543420933325    0.045407302400088    0.362966666133343   -0.172482640800002   -0.033088855733335 
  -0.396814401333336   -0.047889983466675    0.026433477466742    0.356664899199995   -0.184198894666675   -0.037483868933384 
  -0.397869296533327   -0.036901789200008    0.026955493200001    0.362966666133343   -0.172482640800002   -0.033088855733335 
  -0.395734863373618   -0.049091666043115    0.035667280357801    0.347313668063297   -0.225091868333182   -0.039386467210158 
  -0.396814401333336   -0.047889983466675    0.026433477466742    0.343066930666669   -0.200555536666669   -0.049239689599979 
  -0.395011463333321   -0.057800812266686    0.031562590133323    0.343066930666669   -0.200555536666669   -0.049239689599979 
  -0.397037772533342   -0.034868818133348    0.038446365600002    0.356664899199995   -0.184198894666675   -0.037483868933384 
  -0.358991350981045    0.174813436388672    0.035557232268414    0.360223245760492   -0.198218943092832   -0.040803689655622 
  -0.371218839460552    0.146123189109174    0.032638628590673    0.363381697333330   -0.190808038000025   -0.040049792533421 
  -0.371218839460552    0.146123189109174    0.032638628590673    0.353912681489126   -0.230711685165588   -0.039761993367009 
  -0.395734863373618   -0.049091666043115    0.035667280357801    0.357967808359719   -0.198421742576443   -0.040262954175585 
  -0.395691374933350   -0.052694815333341    0.033309368533344    0.344189957066654   -0.205360368533335   -0.042363798533377 
  -0.397037772533342   -0.034868818133348    0.038446365600002    0.363381697333330   -0.190808038000025   -0.040049792533421 
  -0.397538991599996   -0.042300335866668    0.022612588400095    0.355940308933335   -0.178609247066668   -0.041304758000031 
  -0.393679334400031   -0.059142357999987    0.042876688533408    0.328786480533283   -0.210445149600001   -0.088319967866623 
  -0.387240230508243   -0.061436954612468    0.098570215780483    0.366195304569788   -0.162823976294818   -0.019102437129173 
  -0.386721455999979   -0.064025732933344    0.085243968000130    0.380719231866669   -0.121585735733340   -0.031311831866678 
  -0.393442367305719   -0.037340781996393    0.077360560195126    0.380719231866669   -0.121585735733340   -0.031311831866678 
  -0.390723581640879   -0.042046279985224    0.083954702650896    0.382746741045810   -0.125094817191347   -0.026394311324130 
  -0.383074829195531   -0.044025729556085    0.092057389044145    0.375660244004409   -0.123260875822773   -0.033901373889357 
  -0.388683614666684   -0.070722632133336    0.076976491733391    0.328786480533283   -0.210445149600001   -0.088319967866623 
  -0.388683614666684   -0.070722632133336    0.076976491733391    0.372013617199961   -0.143260879200032   -0.040714794933372 
  -0.388772220533307   -0.068648669866677    0.071895280133352    0.371925011333337   -0.141186916933373   -0.045796006533412 
  -0.388772220533307   -0.068648669866677    0.071895280133352    0.378683516399966   -0.124649057866669   -0.041006325066796 
  -0.386721455999979   -0.064025732933344    0.085243968000130    0.372013617199961   -0.143260879200032   -0.040714794933372 
  -0.391518785999998   -0.063483778266668    0.061921718133347    0.371925011333337   -0.141186916933373   -0.045796006533412 
  -0.388757171466682   -0.067089055066673    0.075549474800012    0.378683516399966   -0.124649057866669   -0.041006325066796 
  -0.392347290666658   -0.065219316666684    0.063751523866665    0.330118524266656   -0.216522108266698   -0.067445132533366 
  -0.389062774210849   -0.066300538764489    0.073440726894685    0.390535182077557   -0.083091192968862   -0.039182187561356 
  -0.391160428030088   -0.025850663163473    0.075553408642612    0.390085685087433   -0.074423367435974   -0.038729470302638 
  -0.388757171466682   -0.067089055066673    0.075549474800012    0.390229579333391   -0.082302676666679   -0.041290935466683 
  -0.389260093459798   -0.067272701295372    0.073216646052361    0.394086956972848   -0.065592127420450   -0.035148700131633 
  -0.390762276266711   -0.069720699599995    0.061902825733337    0.389573887333313   -0.081924308533338   -0.046028985466796 
  -0.390106584266634   -0.070099067733336    0.066640875733450    0.390229579333391   -0.082302676666679   -0.041290935466683 
  -0.391240762556844   -0.068342546274498    0.056954212854873    0.392980724023534   -0.067520295058826   -0.041081671388243 
  -0.390762276266711   -0.069720699599995    0.061902825733337    0.393138588000018   -0.064556487600004   -0.043745331066702 
  -0.391278194925468   -0.068435820047047    0.056819803843108    0.393654506658776   -0.065841367152952   -0.038662309176473 
  -0.392279623733316   -0.066626443466673    0.056714321200021    0.389573887333313   -0.081924308533338   -0.046028985466796 
  -0.390106584266634   -0.070099067733336    0.066640875733450    0.377349152666640   -0.126099455733327   -0.046260729466697 
  -0.392225406399977   -0.065959669466673    0.059739505600029    0.377349152666640   -0.126099455733327   -0.046260729466697 
  -0.394805630933335   -0.061147791466684    0.054591157200033    0.331004268266671   -0.224975084400041   -0.046163343866677 
  -0.395691374933350   -0.052694815333341    0.033309368533344    0.330118524266656   -0.216522108266698   -0.067445132533366 
  -0.393209931733334   -0.060885409466675    0.054436807200068    0.374349215199997   -0.139188996533348   -0.047780162266694 
  -0.394805630933335   -0.061147791466684    0.054591157200033    0.372753515999996   -0.139451378533357   -0.047625812266729 
  -0.392347290666658   -0.065219316666684    0.063751523866665    0.372753515999996   -0.139451378533357   -0.047625812266729 
  -0.392822331156288   -0.067489215920506    0.038443328913465    0.331004268266671   -0.224975084400041   -0.046163343866677 
  -0.388462657023394   -0.087323766209436    0.045275452024319    0.335680049001274   -0.246247777104467   -0.038835844460899 
  -0.387488430933384   -0.091856859866667    0.048044794266665    0.379859751453567   -0.131754379938339   -0.045815120182396 
  -0.371318486683101   -0.142967855826031    0.045341048024948    0.379318865802506   -0.130044713912412   -0.045724679700746 
  -0.392582290189121   -0.098729310897328    0.046228338054708    0.374349215199997   -0.139188996533348   -0.047780162266694 
  -0.393209931733334   -0.060885409466675    0.054436807200068    0.376642532266662   -0.128575346933332   -0.048442942000016 
  -0.392822331156288   -0.067489215920506    0.038443328913465    0.344189957066654   -0.205360368533335   -0.042363798533377 
  -0.393416387833340   -0.065983186377781    0.052852524511256    0.389519669999974   -0.082591082533338   -0.049054169866804 
  -0.392225406399977   -0.065959669466673    0.059739505600029    0.389519669999974   -0.082591082533338   -0.049054169866804 
  -0.392267449866704   -0.067296044727279    0.051355141297022    0.392760719599993   -0.067296044727279   -0.042281472436354 
  -0.392279623733316   -0.066626443466673    0.056714321200021    0.393176013342830   -0.064934748885718   -0.048443475171441 
  -0.391518785999998   -0.063483778266668    0.061921718133347    0.376642532266662   -0.128575346933332   -0.048442942000016 
  -0.393126821078795   -0.064473377636367    0.052834126545612    0.392994471054513   -0.064473377636367   -0.049274945454528 
  -0.371472919042396   -0.144142686909087    0.045228699987889    0.377465677490971   -0.144142686909087   -0.047072856145450 
  -0.387488430933384   -0.091856859866667    0.048044794266665    0.374033782085759   -0.132938581114283   -0.046469407371426 
  -0.389017942557533   -0.087368264727274    0.050799992363748    0.390545651309098   -0.087368264727274   -0.050646017636350 
  -0.393494281333362   -0.065801498666673    0.053927742666663    0.389586435857135   -0.082746814857145   -0.049975785428582 
  -0.390200231611072   -0.091211862344446    0.050941159955659    0.376358182666634   -0.133491436133330   -0.048952006533420 
  -0.393494281333362   -0.065801498666673    0.053927742666663    0.376358182666634   -0.133491436133330   -0.048952006533420 
  -0.392235960833369   -0.067067748300006    0.051233153077826    0.393138588000018   -0.064556487600004   -0.043745331066702 
  -0.370573176266716   -0.041504488644033    0.132875167411140    0.329175183066657   -0.207097085466680   -0.095299073866677 
  -0.374649307066670    0.139440249199998   -0.050593126399940    0.388335361466685    0.092003752799994    0.054606812666642 
  -0.390926990006203    0.132158655314949   -0.050191588119136    0.328547563295425    0.133694850650891    0.044019972189300 
  -0.379946651063384    0.133595004952225   -0.048929893066460    0.372468919066697    0.139440249199998    0.049066752400002 
  -0.321692819936897    0.281312929152628   -0.039473087373561    0.370361663939825   -0.125307489934343    0.070114697745059 
  -0.374649307066670    0.139440249199998   -0.050593126399940    0.372468919066697    0.139440249199998    0.049066752400002 
  -0.377864259789521    0.126042421244516   -0.048638262718729    0.392321409389562    0.103834648088844    0.051603496718742 
  -0.388030938133306    0.092003752799994   -0.053825374799969    0.388335361466685    0.092003752799994    0.054606812666642 
  -0.388030938133306    0.092003752799994   -0.053825374799969    0.392750921466707    0.066611322533343    0.056486639199882 
  -0.392445993733319    0.066611322533343   -0.051800721999962    0.392750921466707    0.066611322533343    0.056486639199882 
  -0.392445993733319    0.066611322533343   -0.051800721999962    0.391401537199977    0.070317010266677    0.054527269733308 
  -0.387761003466676    0.089220866533328   -0.051303156799876    0.393020856133338    0.063828436266676    0.059008857199975 
  -0.373529947866624    0.140983361600017   -0.050909991333242    0.387987097466665    0.088893707733343    0.053875225333256 
  -0.373529947866624    0.140983361600017   -0.050909991333242    0.392842375466663    0.059323216533338    0.059699789333327 
  -0.375176051733365    0.131824984400008   -0.050633781599974    0.392842375466663    0.059323216533338    0.059699789333327 
  -0.375176051733365    0.131824984400008   -0.050633781599974    0.390795386266639    0.068694950000016    0.065295947199881 
  -0.371905631866662    0.139785757200026   -0.052404021199982    0.390025679200024    0.066644833600012    0.068550181866647 
  -0.371905631866662    0.139785757200026   -0.052404021199982    0.394466691466626    0.058125612133346    0.058205759466587 
  -0.374997571066691    0.136330204133347   -0.051324713733326    0.393020856133338    0.063828436266676    0.059008857199975 
  -0.323740939563931    0.250648496484670   -0.036527640865094    0.384457073636074    0.085728885017983    0.049843774734881 
  -0.387761003466676    0.089220866533328   -0.051303156799876    0.391123420799992    0.070059679866670    0.061289559866634 
  -0.374997571066691    0.136330204133347   -0.051324713733326    0.387987097466665    0.088893707733343    0.053875225333256 
  -0.316596181733333    0.241405284933388   -0.050603837466675    0.394466691466626    0.058125612133346    0.058205759466587 
  -0.344520474912893    0.229331212419122   -0.031154384160930    0.362225427630891   -0.162618531208614    0.057825515811709 
  -0.338200750666677    0.235355245733366   -0.036552585733311    0.358645055584800   -0.166031382725982    0.060883809062478 
  -0.338200750666677    0.235355245733366   -0.036552585733311    0.391601831466672    0.076485673466701    0.035767578133300 
  -0.330158284065386    0.260415807099543   -0.034250999761788    0.376870548646864   -0.109240212808364    0.066099564530956 
  -0.349926900533334    0.217852379600004   -0.034157097066596    0.352526080804384   -0.183212022822582    0.052438527080678 
  -0.371978635737401    0.171047366125405   -0.023996928723548    0.366640228671113   -0.154488103033782    0.031730304956557 
  -0.372025550174092    0.170572102643212   -0.030660588023453    0.366741319219554   -0.153464012168426    0.046089061466498 
  -0.357611439094410    0.204445910042532   -0.030408718718444    0.355972674262719   -0.177199085297590    0.050757341386648 
  -0.356691673466662    0.205853611600013   -0.031933274399944    0.357338272068517   -0.175109037463532    0.048493797467779 
  -0.366290923230151    0.186537562247572   -0.029191757287335    0.360901330422422   -0.167939288503418    0.047476198625044 
  -0.349926900533334    0.217852379600004   -0.034157097066596    0.395248450800015    0.058903647066674    0.030212267733308 
  -0.347718434266494    0.197694850666669   -0.034166404933315    0.397456917066855    0.038746118133338    0.030202959866589 
  -0.334554131333334    0.217773219333339   -0.042107896133302    0.395248450800015    0.058903647066674    0.030212267733308 
  -0.356691673466662    0.205853611600013   -0.031933274399944    0.397456917066855    0.038746118133338    0.030202959866589 
  -0.347718434266494    0.197694850666669   -0.034166404933315    0.396751904799999    0.049887993200015    0.026226807466632 
  -0.334554131333334    0.217773219333339   -0.042107896133302    0.395501856933333    0.052252761866665    0.036402607999942 
  -0.355556879733513    0.184513273733363   -0.025916668133258    0.398591710800004    0.017405780266688    0.036219566133275 
  -0.367471807687671    0.188687395991185   -0.029963143119046    0.396588323435130   -0.034729314601406    0.050660387373498 
  -0.369283014017303    0.155108723571270   -0.020317123918270    0.398026584266881   -0.008064826666676    0.043000579999913 
  -0.364313731199816    0.167018200399972   -0.023580793333330    0.396067673413732    0.038402357716860    0.041393151620982 
  -0.364244908570283    0.163763940735432   -0.024093761971018    0.395978122000179    0.042636772400005    0.042060621999910 
  -0.369332598041443    0.156884946981031   -0.020391752760729    0.396694125102939    0.039667183806449    0.040995097654480 
  -0.364313731199816    0.167018200399972   -0.023580793333330    0.398026584266881   -0.008064826666676    0.043000579999913 
  -0.363748604666694    0.192488807333336   -0.030361807199968    0.398591710800004    0.017405780266688    0.036219566133275 
  -0.355556879733513    0.184513273733363   -0.025916668133258    0.397366674399829    0.046395251866677    0.016310249999951 
  -0.363748604666694    0.192488807333336   -0.030361807199968    0.364120876133471   -0.160402740618870    0.045994468824508 
  -0.316596181733333    0.241405284933388   -0.050603837466675    0.391601831466672    0.076485673466701    0.035767578133300 
  -0.315561016266626    0.235532434666706   -0.072406988933320    0.395501856933333    0.052252761866665    0.036402607999942 
  -0.392724110133304    0.066353992133336   -0.045038431866635    0.391123420799992    0.070059679866670    0.061289559866634 
  -0.392380806133368    0.070317010266677   -0.041588374000003    0.390103059466704    0.072054508800012    0.061082015200001 
  -0.393561883733347    0.067086715733339   -0.037775521733317    0.389265285866660    0.072787232400014    0.068344925333319 
  -0.392724110133304    0.066353992133336   -0.045038431866635    0.390103059466704    0.072054508800012    0.061082015200001 
  -0.388089038000029    0.087856136666673   -0.047296769466629    0.390795386266639    0.068694950000016    0.065295947199881 
  -0.371234754399984    0.140835048533367   -0.052041519999966    0.390696556666702    0.067694124933354    0.068912683066662 
  -0.375945758799980    0.129774868000004   -0.047379546933208    0.388373419600036    0.072512230533348    0.073525571199991 
  -0.371234754399984    0.140835048533367   -0.052041519999966    0.386819263066673    0.071089289066681    0.080394519999993 
  -0.388980904266653    0.087581134800007   -0.042116123599957    0.388373419600036    0.072512230533348    0.073525571199991 
  -0.388980904266653    0.087581134800007   -0.042116123599957    0.387682247466682    0.071102810666675    0.077641753066651 
  -0.377499915333343    0.128351926533337   -0.040510598133206    0.386819263066673    0.071089289066681    0.080394519999993 
  -0.388089038000029    0.087856136666673   -0.047296769466629    0.389265285866660    0.072787232400014    0.068344925333319 
  -0.315561016266626    0.235532434666706   -0.072406988933320    0.390696556666702    0.067694124933354    0.068912683066662 
  -0.393561883733347    0.067086715733339   -0.037775521733317    0.387682247466682    0.071102810666675    0.077641753066651 
  -0.375945758799980    0.129774868000004   -0.047379546933208    0.390025679200024    0.066644833600012    0.068550181866647 
  -0.377499915333343    0.128351926533337   -0.040510598133206    0.386283130266634    0.070344920800013    0.084492066533293 
  -0.390380021466702    0.086823244933345   -0.035265810133315    0.390548546047642    0.010528585563450    0.075151181305010 
  -0.382055205383132    0.122552045604814   -0.022329427584643    0.393927205127465    0.025029258681994    0.080401462622863 
  -0.380481537333314    0.125704274533330   -0.027003250799999    0.389984198998317    0.017130986878701    0.092112263758359 
  -0.372088124000023    0.141626915333356   -0.045491970799996    0.385965893466634    0.071881155866669    0.086944069199963 
  -0.372088124000023    0.141626915333356   -0.045491970799996    0.377678693883541    0.060585268778642    0.112954650623084 
  -0.338139731301937    0.211748099497163   -0.046567115551933    0.381294733714993    0.068054282031194    0.112840130731608 
  -0.378235740095117    0.133851121430060   -0.029140896777940    0.383301508266663    0.067697268800007    0.097999413866501 
  -0.378053831134053    0.132761482667117   -0.029302966681737    0.391168514272030    0.020573726113438    0.090990386389189 
  -0.380481537333314    0.125704274533330   -0.027003250799999    0.383301508266663    0.067697268800007    0.097999413866501 
  -0.312308363733337    0.227000589066703   -0.105643375466650    0.385965893466634    0.071881155866669    0.086944069199963 
  -0.390380021466702    0.086823244933345   -0.035265810133315    0.386283130266634    0.070344920800013    0.084492066533293 
  -0.312308363733337    0.227000589066703   -0.105643375466650    0.341820759423745    0.044746325936862    0.203116991176705 
  -0.333304083466669    0.215408450666690   -0.052283696666613    0.396751904799999    0.049887993200015    0.026226807466632 
  -0.333304083466669    0.215408450666690   -0.052283696666613    0.392433929066662    0.062742825333355    0.048980417199967 
  -0.332049510800001    0.214717651599983   -0.061376961066632    0.393688501733330    0.062052026266649    0.039887152799948 
  -0.332049510800001    0.214717651599983   -0.061376961066632    0.387481173599963    0.068300609866664    0.073639948533328 
  -0.313823643866666    0.230581135066708   -0.092339254800015    0.392433929066662    0.062742825333356    0.048980417199967 
  -0.344476619866661    0.187953467733391   -0.078030096533257    0.393688501733330    0.062052026266649    0.039887152799948 
  -0.356945432133163    0.180754794266691   -0.000166296133299    0.395978122000179    0.042636772400005    0.042060621999910 
  -0.356945432133163    0.180754794266691   -0.000166296133299    0.396315546533333    0.055803384666709    0.005940018666687 
  -0.360665380218312    0.164955033873521    0.027686702199902    0.392595598448183    0.040003624273540    0.033793016999889 
  -0.360735455529127    0.171072286355983    0.024931724540921    0.392157493986023    0.078248129757424    0.016569147543958 
  -0.347103664666664    0.194202109333330   -0.044082962399996    0.396315546533333    0.055803384666709    0.005940018666687 
  -0.364435790338625    0.163509616131742   -0.021708542281854    0.394569884610174    0.040760483117758    0.059657669527508 
  -0.344476619866661    0.187953467733391   -0.078030096533257    0.387749052133510    0.068495302533354    0.072722473066635 
  -0.347103664666664    0.194202109333330   -0.044082962399996    0.397366674399829    0.046395251866677    0.016310249999951 
  -0.350401816771638    0.184389290656722   -0.054625848757506    0.381823855228534    0.064931125456685    0.096126720842386 
  -0.331781632266455    0.214912344266674   -0.062294436533326    0.376852777442827    0.068053937259961    0.113473841661178 
  -0.322259663235686    0.221230961391122   -0.086536379293532    0.341093303096679    0.044324556683869    0.204513743957996 
  -0.351105471745175    0.185182930510841   -0.051693105953935    0.377784374223441    0.069487183803691    0.112962754542654 
  -0.331781632266454    0.214912344266674   -0.062294436533326    0.387749052133510    0.068495302533354    0.072722473066635 
  -0.313823643866666    0.230581135066708   -0.092339254800015    0.387481173599963    0.068300609866664    0.073639948533328 
  -0.392380806133368    0.070317010266677   -0.041588374000003    0.391401537199977    0.070317010266677    0.054527269733308 
  -0.185276377966225    0.074997877680906    0.012747724839574    0.199593697764603   -0.018617569683141    0.029413340044292 
  -0.167151424386066    0.099012165182437    0.048497265380244    0.193429691386091   -0.029364196182400    0.041907896486430 
  -0.185894883856494    0.073877397687169    0.014404208855281    0.194322237925202   -0.028167301352250    0.043531376914741 
  -0.174935659363448    0.076667692558347    0.046371884606012    0.175266480763440   -0.081501286558349    0.036948675860654 
  -0.191721331330517    0.025154469170785    0.035476137192476    0.182310785130511   -0.080938508970830    0.016574093607469 
  -0.194344225967667    0.025948368203104    0.044251378775032    0.176190699100991   -0.079086078336475    0.037049652424964 
  -0.199351615681586    0.018995600283905    0.030174207579864    0.182674132350417   -0.080645229220712    0.016826566686615 
  -0.201321264910759    0.014566366017150    0.027201613679142    0.180352592902633   -0.086429706729481    0.008511059836176 
  -0.196089336918592    0.025034329410107    0.024028261805457    0.190286119755492   -0.066554854549872    0.002486019717503 
  -0.195813220751063   -0.022772710954147    0.038187004416113    0.195275995772418   -0.027364308751370   -0.019775058393756 
  -0.193952865565525   -0.033047136206451    0.038579209028565    0.196366193036637   -0.033385282804365   -0.019545220350551 
  -0.195078971383323   -0.034550653749996    0.030040012016702    0.196519334916672   -0.033848721649998   -0.018138530683301 
  -0.194076238197276   -0.033147443008962    0.037620012293816    0.197522068102719   -0.032445510908964   -0.010558530406187 
  -0.195791949883327   -0.033965710333331    0.025083498766595    0.196661930616672   -0.033965710333331   -0.017147228033280 
  -0.196485807999993    0.035616190300008   -0.016641544950026    0.195333618799999    0.035616190300008    0.026243513449931 
  -0.196465834200001    0.035546258700001   -0.016424266799885    0.194796213299975    0.035924150900005    0.029492838900066 
  -0.196465834200001    0.035546258700001   -0.016424266799885    0.195326960866669    0.035639500833343    0.026171087399884 
  -0.196306672833318    0.035513536766675   -0.017724653433405    0.194796213299975    0.035924150900005    0.029492838900066 
  -0.196946667991103    0.035301886679348   -0.012898014100199    0.193096596573488    0.033288563561964    0.044717045900580 
  -0.196800071000064    0.033667140800002   -0.019028933999942    0.193148377627367    0.032711137900935    0.042551479667594 
  -0.196800071000064    0.033667140800002   -0.019028933999942    0.193860252866731    0.035427622400005    0.038962049666609 
  -0.195419676664834    0.027126313115405   -0.020351652742715    0.195503938955304    0.021549602132993    0.040294338328563 
  -0.197251363724949    0.034704082850001   -0.009973525524992    0.194010683775026    0.035081975050005    0.035943580174959 
  -0.096637479195711    0.023841706610318    0.009907663664651    0.099822242112699   -0.003771191587806    0.017247790646348 
  -0.096559817414308    0.024102077071570    0.010018667673505    0.098294569909452   -0.008892896357090    0.015064248938807 
  -0.094373317557961    0.030323563913096    0.013713688393314    0.099023403194901   -0.006819067409914    0.016295922512077 
  -0.095871422068268    0.023224203337336    0.015958306903353    0.095911953947476   -0.021563899942399    0.020957824619550 
  -0.095642477595008    0.015749520491289    0.024655913836997    0.095807888300518   -0.018166317571850    0.017004367785012 
  -0.094082378046836    0.030756531299095    0.014408236131113    0.098296054635294   -0.007901485550184    0.014559553688492 
  -0.095961418485673    0.023023509721423    0.017324685078571    0.096281939219027   -0.020738826188090    0.015340492121435 
  -0.097444245270819    0.010832531579690    0.019152275519867    0.093003266335694   -0.036450884938759    0.006833516307158 
  -0.095847312182285    0.017513228497772    0.024380666515565    0.096319974653490   -0.022575586595974    0.017692485933767 
  -0.098512383292794    0.007220466824988    0.019075724410703    0.097394500426036   -0.021601285391651    0.007148226422609 
  -0.097928786232289    0.006664133262618    0.019224378269650    0.093223512191231   -0.034556158741045    0.006800742335346 
  -0.099474148522259    0.002137372146220    0.019113831163067    0.097086918785424   -0.023239253403747    0.007077110163988 
  -0.099647745480529    0.002252677297815    0.014748773364119    0.096746141736066   -0.023012905259588   -0.001491654702772 
  -0.099054405523356    0.003957362607040    0.016408914058967    0.097213826349182   -0.022688986797634    0.006259289638697 
  -0.097808668617377   -0.010526743429406    0.018648681851406    0.099130905713826   -0.014642646620576   -0.008264624536157 
  -0.097811069535740   -0.010653631236714    0.018533720030738    0.099174548984130   -0.012336113021572   -0.006174878424217 
  -0.098386348812723   -0.013055721631474    0.012828624745336    0.098881525487287   -0.013055721631474   -0.008109016104757 
  -0.098400729053186   -0.013022014602426    0.012866815069480    0.098953426675222   -0.013224256743007   -0.008299967687288 
  -0.098735199012455    0.013863793600003   -0.009063291362516    0.098272507837535    0.013863793600003    0.012807023087481 
  -0.098910554635676    0.013390615791440   -0.007905340495863    0.098330959711942    0.014021519536190    0.012421039465263 
  -0.098844155205478    0.013466786839235   -0.008445903840767    0.098118481549915    0.013777772200004    0.014150842050033 
  -0.098683856916582    0.013892467400002   -0.009511231016700    0.098118481549915    0.013777772200004    0.014150842050033 
  -0.099031891407116    0.012913921701216   -0.006938084232859    0.097617851621515    0.012303464996357    0.018171694798511 
  -0.099135407871102    0.014293847871776   -0.007151255027003    0.097928401013472    0.008163686484677    0.018811207180944 
  -0.099211484756438    0.015580222024102   -0.006141433639019    0.097933442750857    0.008078436403450    0.018744284695604 
  -0.099098082523588    0.014066227364034   -0.005917701527261    0.097620729493391    0.012253364798069    0.018127330375486 
  -0.078611874841335    0.014759349418060    0.005124546622184    0.079384922493239   -0.004546483237373    0.013067499892191 
  -0.077916826437142    0.013504156621070    0.012133406068362    0.078173243016988   -0.011676409843143    0.013998734994786 
  -0.077335419797051    0.018817563266297    0.009016254665522    0.078723221904192   -0.006650217721311    0.011050080229658 
  -0.078158664092212    0.012446717644255    0.013877006988285    0.078569171932215   -0.009945204390922    0.011144167038383 
  -0.078684633053511    0.014147084872447    0.005015659535726    0.078855581504661   -0.009000918141083    0.012275308931675 
  -0.078502659660957    0.009720477430157    0.012105825058726    0.078515891100963   -0.014779370363499    0.006115054407908 
  -0.078422258484767    0.011250559634603    0.013482075148257    0.078832766324770   -0.008749046381271    0.011539098878411 
  -0.079222299985999    0.003724664095925    0.013759360416417    0.078578468520531   -0.014257995290957    0.005971268724630 
  -0.079472925040688    0.002377112611782    0.013342299327329    0.078000465826999   -0.017362369977405    0.004792212820125 
  -0.079238003688885    0.003683385101956    0.010983232983846    0.078541089287076   -0.014356250916629   -0.000636696043936 
  -0.078829193710160    0.005249102079746    0.011799860497226    0.077934887440602   -0.016753756626286    0.009179299609980 
  -0.078305304130649   -0.008818199474637    0.014112676562846    0.079396082701508   -0.009573596357442   -0.004225602396758 
  -0.078190691645581   -0.006237124180587    0.016017444113749    0.079327592706738   -0.011115992312706   -0.005363851161915 
  -0.078782519678929   -0.010677939507654    0.009379352362853    0.079178666271134   -0.010211214684921   -0.005603666084240 
  -0.078295834169683   -0.008706291243500    0.014241596092832    0.079315587962273   -0.010524817161422   -0.005321419368532 
  -0.078560794427120   -0.009229253836339    0.012282743117874    0.079050627740164   -0.011047779684533   -0.007280272082310 
  -0.078763740403483   -0.010628810578945    0.009652362599999    0.079019042429838   -0.010628810578945   -0.007924253099979 
  -0.078566099092420   -0.009332250499853    0.012238457756144    0.079099334212457   -0.010102083046814   -0.006873651942795 
  -0.078183812620923   -0.005880000632272    0.016188553933691    0.079361096716457   -0.009376636600611   -0.004530467745683 
  -0.078918668011081    0.010960322422225   -0.007738794011128    0.078535672188928    0.010960322422225    0.011036859655538 
  -0.079005298569903    0.011229754490923   -0.007221765280753    0.078552998300692    0.010906436008485    0.010933453909463 
  -0.079005298570568    0.011229754651785   -0.007221765409352    0.078562968766611    0.008493507433335    0.012862430266671 
  -0.078924127326618    0.011453685420003   -0.008103908133354    0.078562968766611    0.008493507433335    0.012862430266671 
  -0.079308238277490    0.011216005268813   -0.005379759545827    0.078673612854117    0.002577836322606    0.014773904262444 
  -0.079308379595739    0.010529317311959   -0.005393019733239    0.078342774054317    0.007436711202463    0.014720981990784 
  -0.079326075669642    0.010818032527173   -0.005395296541162    0.078659663039475    0.002266599908049    0.014761753483721 
  -0.079239307639885    0.010232351669685   -0.005368181564976    0.078328959666093    0.007496104318248    0.014716014358191 
  -0.059563135260288    0.007551824843764    0.004529153478575    0.059595101328517   -0.003803479211619    0.008166534745950 
  -0.059355425491240    0.007834062155610    0.005260251000694    0.059484315186774   -0.003954016102486    0.007776589323140 
  -0.059368925078232    0.008331338105395    0.005820132307715    0.059560043828751   -0.006743585323247    0.004635822788947 
  -0.059560697002089    0.007165459295011    0.004078695937403    0.059611674731328   -0.006429694874297    0.005104671042493 
  -0.059602590334545    0.003459385234880    0.005255978099994    0.059472022796364   -0.007217276935296    0.001250917532156 
  -0.059425926214461    0.004195765504440    0.010053538756857    0.058900475400207   -0.012242759537258   -0.002252586092268 
  -0.059543665954923    0.003287766843814    0.008753194020179    0.059530167895810   -0.007386625657833    0.004701882459884 
  -0.059535952135921    0.003325969637265    0.008833530252715    0.059545928222663   -0.007140214700744    0.004904435834649 
  -0.059532746771331    0.003467138048529    0.008799554519639    0.059544360772550   -0.007209247235444    0.004921050252503 
  -0.058611358531122   -0.004345695559478    0.012412555726497    0.059497294491291   -0.007135308564457   -0.003639551980086 
  -0.059062086897888   -0.003285099986963    0.010337818192379    0.059737185106969   -0.007699788068378   -0.002535316921621 
  -0.058966052084796   -0.006646456470856    0.008946692010876    0.059367324992371   -0.007978370807034   -0.004909540018437 
  -0.058996241679783   -0.007140312348315    0.008675506741288    0.059418555820228   -0.007140312348315   -0.004449346833682 
  -0.059106235975940   -0.003326535785954    0.010007151294593    0.059442664159111   -0.007976208581161   -0.004741214133037 
  -0.059398866307746    0.008260425263526   -0.004480259103900    0.059127085361549    0.006750341607296    0.008061167300760 
  -0.059419611145863    0.007002022216668   -0.004621900350016    0.059131234329172    0.007002022216668    0.008089495549983 
  -0.059725441701557    0.007936106431288   -0.002385233599075    0.059247870072129    0.002444107096676    0.009454564316323 
  -0.059475842548580    0.007865769952081   -0.004726614322376    0.059412391342759    0.002683283539601    0.008613065411786 
  -0.059397756658900    0.008242848380223   -0.004478227469092    0.059390513214840    0.002577633592859    0.008543472308966 
  -0.039841988643030    0.003362366432516    0.001322809640100    0.039862329541190   -0.002454521691622    0.003219266188734 
  -0.039911188143525    0.002115743345680    0.003306226689909    0.039824143202207   -0.004621002057740    0.001031699538541 
  -0.039848542695751    0.003093779490630    0.003491315424817    0.039930001326588   -0.002968318972863    0.001344462029951 
  -0.039828057565617    0.002936258308356    0.002936196009956    0.039862042718764   -0.002445748689921    0.003186048701047 
  -0.039949230768153    0.002831045224330    0.001964551850053    0.040006446535322   -0.001740507349269    0.002356862928821 
  -0.039977032679624    0.001650716194866    0.002419442756494    0.039980997429099   -0.002395584806794    0.001769875177542 
  -0.039996959228517    0.001320041289216    0.001754345910464    0.039945767428759   -0.002980215748229    0.000593988563236 
  -0.039965676331935    0.002489319088250    0.001392761637442    0.039983376854330   -0.002219877533894    0.001554761038312 
  -0.039820434203455   -0.000955846450109    0.004076117479563    0.039904038863500   -0.004671201002719   -0.000761933067458 
  -0.039815821224105   -0.000755548318578    0.004010269990268    0.039928702173311   -0.003600306360000   -0.001113986893340 
  -0.039640085774187   -0.003401991431817    0.004327947928392    0.039864371228495   -0.004133171441287   -0.000817323171868 
  -0.039900714751803   -0.001290792177913    0.002925980122557    0.039880641315709   -0.002681034575558   -0.001760949118261 
  -0.039626053475092   -0.003488272096771    0.004334117083918    0.039981537294909   -0.003488272096771   -0.001243674316129 
  -0.039658914343402   -0.003557951943413    0.004414776334676    0.039928702173312   -0.003600306360000   -0.001113986893340 
  -0.039913772850010   -0.001233436215475    0.002755413399145    0.040005086263871   -0.003227642485801   -0.000135431625779 
  -0.039867317811975    0.004841192872626   -0.000812398383875    0.039825017008310    0.002191509419410    0.003403365763643 
  -0.039996131850005    0.002693476260003   -0.001088961034998    0.039827352969978    0.002693476260003    0.003224682734973 
  -0.039934864879245    0.003024173080549   -0.000683350382778    0.039847775293565    0.002803708533519    0.003359886285713 
  -0.040003050163926    0.003754371954755   -0.000077080394101    0.039943645794521    0.001777027597965    0.002507452981362 
  -0.039953722608868    0.002278971445368   -0.001427850196709    0.039954580693390    0.001449961816096    0.002208015249842 
  -0.025008980972350    0.000707381862399    0.000890612176734    0.025019306277063   -0.000550207622609    0.000828776048042 
  -0.025023740402235    0.000328335377718    0.000840609283908    0.024993878673725   -0.001296765462388    0.000529245396636 
  -0.025054484816467    0.000158189841891    0.000508510473203    0.025053203565477   -0.000384514931914    0.000440069829600 
  -0.025009878293782    0.000647287384509    0.000803048958889    0.025015632735887   -0.000796228202401    0.000470301286648 
  -0.025023014102358    0.000503033163613    0.000456607635413    0.025016765087543   -0.000783792994863    0.000500165714395 
  -0.025023200012348    0.000523469875277    0.000480293225674    0.025015131410870   -0.000604206200415    0.000708301900866 
  -0.025018871017668   -0.000888972354987    0.000755580658942    0.025006648525577   -0.001529428802242   -0.000046206231537 
  -0.025022182871994   -0.000227420970461    0.000665367667219    0.025005576913647   -0.001315371574509   -0.000075396319209 
  -0.025052277488492   -0.000356630709815    0.000260316559957    0.025049261136501   -0.000356630709815   -0.000244838440044 
  -0.025012459526388   -0.000731879264151    0.000718163745912    0.025039199173611   -0.000731879264151   -0.000236169020767 
  -0.025022352951570   -0.000229953334830    0.000666119106422    0.025040462164060   -0.000795954914702   -0.000229525024236 
  -0.025050827605244   -0.000427275501104    0.000305688816923    0.025056059355368   -0.000687870313852   -0.000032096804637 
  -0.025018054354450    0.001472574377077   -0.000058952777652    0.025018576832577    0.000797931633002    0.000533986605771 
  -0.025037682516636    0.000658956308016   -0.000072624136179    0.025015224116699    0.000658956308016    0.000531651380477 
  -0.025057400026163    0.000785549889108    0.000071748004097    0.025048064670043    0.000448108013651    0.000291191956955 
  -0.025046415568326    0.000356630709815    0.000355566210063    0.025050407369171    0.000356630709815    0.000351722997568 
  -0.025023085298588    0.000136015827160   -0.000589454319719    0.025026285354899   -0.000161361863967   -0.000589533110386 
  -0.025022171605355    0.000102339078532   -0.000573759445262    0.025019130811293    0.000102339078532   -0.000712429570263 
  -0.025027537142665   -0.000356630709815    0.000265955126625    0.025024520790674   -0.000356630709815   -0.000250477006713 
  -0.024976122594143    0.001590570998935   -0.000729293538149    0.025026158602272    0.000922758322932   -0.000724331919497 
  -0.025015207203561    0.000522527432431   -0.000615562036724    0.025020610921458    0.000191639649097   -0.000721313670058 
  -0.025014000468571    0.000485055809522   -0.000620668965628    0.025011161756459    0.000485055809522   -0.000681324596879 
  -0.025026126659833    0.000161361856934    0.000616817566243    0.025023245556651   -0.000136015844903    0.000616738709307 
  -0.025019058032132   -0.000102339060777    0.000719102097005    0.025022342834539   -0.000102339060777    0.000603676130338 
  -0.025024175745418    0.000356630709815    0.000467433549653    0.025028167546262    0.000356630709815    0.000239855657979 
  -0.025026158484704   -0.000922758228583    0.000724452116500    0.024976122707955   -0.001590571093284    0.000729413844288 
  -0.025020565274340   -0.000191639599370    0.000721713023278    0.025015250765853   -0.000522527368917    0.000615961394350 
  -0.025011143076070   -0.000485055725367    0.000681563404638    0.025014047473928   -0.000485055725367    0.000621088829638 
  -0.024905442394351    0.002019895680313   -0.000887326110492    0.024911184780661    0.001724620438646   -0.001273552577159 
  -0.024928067480652    0.001562050551755   -0.000691656174628    0.024978103488781    0.000951278770112   -0.000761969283019 
  -0.024943345812725    0.001787233535400   -0.000833373639827    0.024921385195528    0.001787233535400   -0.001288072048159 
  -0.024910407875352    0.002128759517696   -0.000852554639710    0.024892751249682    0.002128759517696   -0.001144469214708 
  -0.024841280000995    0.000078655524564    0.001640482888429    0.024948406875706    0.000078655524564   -0.001609828223013 
  -0.024903385784882    0.002299300526287    0.000206402990001    0.024832291523457    0.002299300526287    0.001831659956673 
  -0.024888675076638    0.002244939366115   -0.000612673086216    0.024886902606668    0.002097493666121   -0.001209025169542 
  -0.024874567345560    0.000784918855818    0.002406213897196    0.024824536021460    0.002706844805102    0.001239655730007 
  -0.024892753896713   -0.002128759148366    0.001144421109771    0.024910408903222   -0.002128759148366    0.000852535576441 
  -0.024886905086900   -0.002097493277653    0.001208983266018    0.024888675499981   -0.002244938986248    0.000612631147905 
  -0.024911186942340   -0.001724620066953    0.001273544248534    0.024905443553781   -0.002019895328305    0.000887317756118 
  -0.024978099222530   -0.000951278946431    0.000762089601319    0.024928063445782   -0.001562050375436    0.000691776359470 
  -0.024921385630370   -0.001787233225323    0.001288040177460    0.024943340511325   -0.001787233225323    0.000833452827460 
  -0.024948406825219   -0.000078655524564    0.001609828939114    0.024841279852445   -0.000078655524564   -0.001640483238728 
  -0.024824536248288   -0.002706844446609   -0.001239656097868    0.024874567122488   -0.000784918759482   -0.002406214538783 
  -0.024832292065860   -0.002299300127369   -0.001831652996043    0.024903386725829   -0.002299300127369   -0.000206431521038 


       -0.384 
PELAGIC TRAWL		:           0 
Boat to door distance	:      199.99 
Boat Z force 		(N):      -20441 
Boat X force 		(N):       31751 
Warp tension		(N):       35267 
Bottom bridle tension	(N):       10170 
Top bridle tension	(N):       12004 
Head line immersion	(m):      -133.6 
Bottom line immersion 	(m):      -144.7 
Door immersion 		(m):      -112.8 
bottom drag (N)				:            0 
catch drag (N)				:            0 
element drag (N)				:        10300 
surface drag (N)				:        15850 
forces along X Y and Z axes (N)		:  31751.13232   6562.57307 -20440.54008 
maximal catch diameter (m) 			:        0.000 
thickness of the catch (m) 			:        0.000 
volume of the catch (m3) 			:       0.0000 
current amplitude (m/s)			:        2.058 
filtered surface (m2) 				:       142.55 
Drag of panels (N): 
1		2965.694570
2		1624.743200
3		1754.908808
4		307.735370
5		137.530019
6		138.492798
7		311.116227
8		204.285017
9		204.777732
10		341.669821
11		255.912872
12		255.892541
13		266.013841
14		225.526342
15		224.210166
16		397.452030
17		387.816743
18		387.226501
19		279.816296
20		453.404299
21		453.437646
22		777.443962
23		777.416384
24		1358.598419
25		1358.598566
