      1      265.411829893       13.020170220     -129.762545350
      2      269.881116582       11.316859671     -129.556687109
      3      281.531779442       10.834157624     -130.449873669
      4      299.458354006        4.845875361     -133.600859633
      5      299.463474896        4.988875509     -139.311208675
      6      281.881786886       11.986853359     -142.905191142
      7      270.331260126       12.099497997     -143.505284242
      8      265.923047627       13.747214460     -143.179799584
      9      281.799327565       11.580689473     -137.197435097
     10      281.845114611       11.518566178     -136.401149296
     11      265.236678692       11.531275790     -128.885555939
     12      281.161150266        1.698728962     -130.496418480
     13      281.230100153        0.000000000     -130.497088455
     14      299.341123054        0.000000000     -132.831198152
     15      265.606696971       12.164086255     -143.806493760
     16      281.124776536        1.699621427     -142.690177051
     17      281.168888209        0.000000000     -142.691827429
     18      299.401084221        0.000000000     -140.128719286
     19      302.447031990        3.570709329     -134.069993139
     20      302.464259411        3.708626668     -138.874031787
     21      302.556927334        0.000000000     -133.119884083
     22      302.613103826        0.000000000     -139.924548216
     23      305.650461100        3.006287869     -134.451953847
     24      305.672259561        3.115647738     -138.517317677
     25      305.804009960        0.000000000     -133.437309729
     26      305.855387282        0.000000000     -139.631891446
     27      309.502638159        2.375873267     -134.915457969
     28      309.520998693        2.464532371     -138.089792684
     29      309.670880634        0.000000000     -133.914762224
     30      309.729567706        0.000000000     -139.278200309
     31      313.356934485        1.828753716     -135.448878648
     32      313.368712017        1.877130513     -137.570426312
     33      313.544564886        0.000000000     -134.360783564
     34      313.573358755        0.000000000     -138.781597555
     35      319.828034065        0.865950536     -136.099672708
     36      319.816979363        0.794428530     -136.898424956
     37      319.833604003        0.000000000     -135.821648434
     38      319.799045463        0.000000000     -137.102920332
     39      328.055047707        0.157151665     -136.501274188
     40      328.050807597        0.000000000     -136.427818051
     41      328.052428939        0.000000000     -136.540274761
     42      344.660583170        0.000000000     -136.595356472
     43      344.665082798        0.074032229     -136.382453783
     44      344.660653199        0.000000000     -136.596467762
     45      363.260917560        0.000000000     -136.683823620
     46      363.268291717        0.001610560     -136.677263843
     47      363.260917811        0.000000000     -136.683823902
     48        0.000000000        0.000000000        0.000000000
     49      162.122207977       38.330588229     -110.710062249
     50      164.805497051       37.566919927     -109.606422054
     51      164.087139277       38.075032907     -112.962867674
     52      260.013154019       13.482107246     -128.344709297
     53      260.421693526       14.266190896     -144.091562445
     54      261.222959383       14.266191034     -145.926950599
     55      350.642858805        0.000000000     -136.673084266
     56      356.617670734        0.000000000     -136.689975134
     57      357.289081791        0.071987446     -136.390071519
     58      351.315886264        0.070860528     -136.396175014
     59      350.642859581        0.000000000     -136.673090592
     60      356.617670092        0.000000000     -136.689969163
     61      334.058396172        0.000000000     -136.478374483
     62      340.065544062        0.000000000     -136.518888210
     63      338.688851109        0.059361037     -136.455370924
     64      332.681669750        0.076217421     -136.480645433
     65      334.058585555        0.000000000     -136.510831976
     66      340.065645722        0.000000000     -136.522891343
     67      267.493907783       12.666849881     -129.927624467
     68      274.651849534       11.284240306     -129.997017539
     69      285.358323875       10.247983966     -130.561770980
     70      288.749800120        9.187263061     -131.275460882
     71      292.060838052        7.901761974     -132.065908372
     72      295.322778327        6.443729538     -132.875138478
     73      299.869499812        5.695657280     -134.664187336
     74      300.259844108        6.770848925     -135.981325174
     75      300.145112494        6.495427826     -137.450090303
     76      299.690267986        5.383272319     -138.654820528
     77      296.047525512        6.331308588     -140.036822881
     78      292.866823763        7.862404993     -140.960426410
     79      289.687606513        9.361052612     -141.887688692
     80      286.348136387       10.664460051     -142.500024683
     81      277.423984336       11.635247258     -142.800317899
     82      273.060913404       11.964556352     -143.227434022
     83      268.593244887       13.346456635     -143.573793670
     84      268.433492090       13.468619637     -142.559008078
     85      271.098029767       13.155199482     -141.812024106
     86      273.732696339       12.825542578     -140.973416231
     87      276.327637058       12.474685675     -140.021052721
     88      278.940952776       12.087431898     -138.875745326
     89      279.519274476       11.867637226     -135.257139337
     90      276.870001278       12.168800454     -134.094643723
     91      274.177722245       12.386547927     -132.965819783
     92      271.435691541       12.566464964     -131.862464934
     93      268.602444715       12.744795306     -130.775985821
     94      292.133579945        8.757632857     -140.979336600
     95      294.778819774        7.748799934     -139.982593826
     96      297.334418122        6.621879024     -138.885885732
     97      281.244260489       11.828270065     -142.215712952
     98      284.212561941       11.797870002     -141.756395996
     99      287.172074944       11.588272338     -141.290243220
    100      289.849964794       10.603704308     -140.357056063
    101      292.368081954        9.388822696     -139.264245916
    102      294.790853315        8.034410058     -138.120690691
    103      297.577757411        7.046224150     -137.594527764
    104      272.514231480       12.655256829     -143.193276402
    105      275.491228424       12.693787826     -142.795959725
    106      278.447380415       12.544433737     -142.289245793
    107      281.376019662       12.291869658     -141.676785268
    108      284.218278852       11.833326129     -140.825548925
    109      286.957611406       11.173934026     -139.789313378
    110      289.564194916       10.251246219     -138.619662111
    111      292.052038466        9.070652356     -137.422839110
    112      294.870568503        8.166558254     -136.910360537
    113      297.745209275        7.580541015     -136.267821816
    114      269.679392231       13.621201926     -143.014496587
    115      272.631682598       13.334413613     -142.541822114
    116      275.551073756       12.983744417     -141.921895953
    117      278.431488785       12.565282736     -141.171471728
    118      281.274098252       12.095258620     -140.310743063
    119      284.022324454       11.501433773     -139.246383296
    120      286.667964823       10.776272130     -138.017412975
    121      289.223385167        9.846720990     -136.736152198
    122      292.069265543        9.016561937     -136.217702414
    123      294.867259462        8.105517167     -135.590627773
    124      297.559922170        6.912863455     -134.974655916
    125      278.334343601       12.262978919     -139.736061363
    126      281.098615973       11.816881036     -138.638200058
    127      283.771407935       11.254096009     -137.375717351
    128      286.354840394       10.481972584     -136.049921353
    129      289.239849363        9.794866707     -135.557903557
    130      292.081851867        9.029497758     -134.952920277
    131      294.816186798        7.948991162     -134.335592087
    132      297.271122365        6.361051172     -133.647136764
    133      283.486645863       11.014504497     -135.252892882
    134      286.407841622       10.462157706     -134.799469913
    135      289.288603356        9.843403417     -134.208941426
    136      292.076038385        8.915144678     -133.582434653
    137      294.482075817        7.228977148     -132.959122233
    138      280.682058428       11.411214489     -134.180184607
    139      283.636066036       11.036196621     -133.790497672
    140      286.556122382       10.614841724     -133.232497440
    141      289.436059684        9.997652915     -132.651101417
    142      277.826755782       11.748179667     -133.213840916
    143      280.801483539       11.494496917     -132.904652587
    144      283.728804415       11.122564851     -132.358576824
    145      286.653819925       10.742657698     -131.806930906
    146      274.941368996       12.064452274     -132.329648318
    147      277.928104333       11.878781648     -132.113893431
    148      280.848196808       11.449160242     -131.576573430
    149      283.730019062       11.041074828     -131.195213770
    150      272.044396147       12.368264271     -131.491601877
    151      275.037893225       12.214988674     -131.363398129
    152      277.914147356       11.613748745     -130.957613708
    153      280.777395408       11.110893231     -130.654922093
    154      272.121031842       12.482731134     -130.691546967
    155      274.958406284       11.680423845     -130.427922956
    156      269.187298402       12.710344870     -130.073850859
    157      271.990262086       11.644569142     -129.960669045
    158      267.690869350       10.342329637     -129.129242249
    159      270.550238606        8.782911018     -129.432824546
    160      273.252499153        7.204108532     -129.716204199
    161      275.854622525        5.573616260     -129.981571212
    162      278.367001933        3.860661750     -130.229017059
    163      285.595925049        0.000000000     -130.974385315
    164      291.124156142        0.000000000     -131.808258455
    165      299.351455429        1.560311038     -133.081681779
    166      299.355675153        3.213277017     -133.432637310
    167      267.421951964       11.244367050     -129.117834622
    168      288.121290619        8.926060629     -131.001067525
    169      290.757905065        7.612334311     -131.551646486
    170      293.313341207        6.222777189     -132.194964513
    171      295.978051340        4.935087351     -132.687801171
    172      279.715948629       10.376136186     -130.007411360
    173      282.493955782        9.436132531     -130.057296422
    174      285.223191464        8.289190363     -130.543585263
    175      287.895639631        6.974945126     -130.908185422
    176      290.465928068        5.548872351     -131.511844536
    177      293.177639455        4.300021106     -131.819209059
    178      295.864053841        3.274089753     -132.679461206
    179      273.895953971       10.847809457     -129.712428903
    180      276.754258273        9.939241227     -129.786756502
    181      279.550281010        8.861330104     -129.936214816
    182      282.290250360        7.692646568     -130.298515391
    183      284.965209646        6.375319499     -130.639027261
    184      287.554305746        4.927655594     -131.097420561
    185      290.263377873        3.684024181     -131.455058190
    186      293.004466984        2.608005537     -132.042235804
    187      295.783265510        1.584634744     -132.540532348
    188      270.933820129       10.452174682     -129.430249690
    189      273.788167556        9.495347012     -129.645697996
    190      276.585308556        8.389808409     -129.882275506
    191      279.334200508        7.178163491     -130.157456170
    192      282.015298572        5.832246442     -130.470255860
    193      284.616042282        4.347522803     -130.825573907
    194      287.331940072        3.088014222     -131.204985833
    195      290.100437326        1.958795406     -131.622769549
    196      292.873929683        0.852201735     -132.067206326
    197      270.798392191        9.365659866     -129.415826878
    198      273.600639163        8.123414500     -129.690503919
    199      276.362264627        6.783571467     -129.972653953
    200      279.061373246        5.327242993     -130.262066112
    201      281.679860050        3.740051603     -130.557763288
    202      284.422811613        2.407340519     -130.892398710
    203      287.212204147        1.213687820     -131.251667601
    204      282.295635410        0.893129168     -130.160135926
    205      268.568608829       10.481463797     -143.654246776
    206      271.223884354        8.857933842     -143.508360516
    207      273.798886712        7.193049549     -143.348249604
    208      276.297519491        5.466506399     -143.166613369
    209      278.714095698        3.657352620     -142.954943344
    210      286.271627569        0.000000000     -143.316662741
    211      291.191689653        0.000000000     -141.268059707
    212      299.400264361        1.383584106     -139.961640542
    213      299.414719902        3.118100994     -139.686937261
    214      267.460245993       11.906642203     -143.694154661
    215      295.427504086        0.403585601     -140.641377728
    216      298.323846445        1.160193591     -140.146992095
    217      289.730139466        0.676168144     -141.492581354
    218      292.612600918        1.394509651     -141.044866556
    219      295.502304188        2.110590932     -140.528903121
    220      298.359798393        2.886822201     -139.932177561
    221      284.737380485        0.441860488     -143.206365832
    222      286.941588018        1.850472552     -141.886546967
    223      289.848486198        2.497395093     -141.510330564
    224      292.758468152        3.148829917     -141.169495932
    225      295.653014203        3.849308624     -140.801283917
    226      298.454921845        4.413330639     -139.887255368
    227      284.121419327        2.960544938     -142.257034224
    228      287.056090077        3.552897295     -141.914051481
    229      289.969992632        4.201842942     -141.532530886
    230      292.851911638        4.901736215     -141.029412898
    231      295.700044042        5.532660196     -140.299278983
    232      281.494586494        4.503743036     -142.551735333
    233      284.449583992        5.009665644     -142.290170272
    234      287.376321398        5.637922251     -142.003246409
    235      290.271575722        6.329233707     -141.585547699
    236      293.140342990        6.958386782     -140.949608628
    237      278.950518292        6.196528333     -142.791254735
    238      281.923064052        6.606224927     -142.630678537
    239      284.865563875        7.200590273     -142.514380316
    240      287.789765397        7.852867741     -142.308974267
    241      290.674691519        8.466857963     -141.753243812
    242      276.306888219        7.737648284     -143.016998217
    243      279.293701678        8.041436020     -142.899855957
    244      282.240101404        8.619914648     -142.825584445
    245      285.167532445        9.267344650     -142.662761421
    246      273.591967312        9.154715595     -143.227596848
    247      276.588102817        9.335082955     -143.119810423
    248      279.537302023        9.897103874     -143.081642704
    249      282.467382008       10.538809091     -142.968175618
    250      270.817884383       10.448299936     -143.429388620
    251      273.817578832       10.489744910     -143.290635688
    252      276.779887827       10.934591743     -143.088412261
    253      279.724879136       11.506409321     -143.022454565
    254      267.987235956       11.591757594     -143.630739152
    255      270.982372278       11.473173247     -143.462373430
    256      302.969883020        5.031010560     -134.917938701
    257      303.342268430        5.997690864     -136.487191161
    258      302.923499270        4.990848035     -138.032616894
    259      302.534966556        1.461297845     -133.475173190
    260      302.580941105        1.453486507     -139.622240471
    261      301.133700915        1.046632204     -139.853638844
    262      301.101270068        2.726013119     -139.399249024
    263      306.076221990        4.325105736     -135.359235765
    264      306.173488715        4.648683105     -137.170130403
    265      305.778629322        1.138997469     -133.699648905
    266      305.821119367        1.207798794     -139.413796845
    267      304.257469720        0.850172243     -139.632482868
    268      304.184100034        2.124623823     -139.187157569
    269      309.772632264        3.423440571     -136.067655257
    270      309.625686089        1.222133549     -134.256229624
    271      309.665102565        1.272400551     -138.867592419
    272      307.779359361        0.844182927     -139.286145935
    273      307.675365951        2.099825364     -138.713306759
    274      313.489750689        2.319062896     -136.680883602
    275      311.654057913        0.873394325     -138.723726551
    276      315.338541021        1.724471710     -136.765167906
    277      318.225692743        1.128883977     -136.173928192
    278      314.707675529        1.027564490     -135.086837207
    279      317.642919644        0.432230137     -135.283138213
    280      316.681604538        0.643004343     -137.928806440
    281      324.291005435        0.380746496     -136.452631619
    282      323.502155013        0.431464601     -136.662369099
    283      322.581542799        0.564961808     -136.454003332
    284      322.691870807        0.329262034     -136.146130693
    285      323.919197313        0.174459885     -136.749308634
    286       18.557697308        3.706066844      -11.676177277
    287       37.006040581        7.534090101      -23.485299730
    288       55.335446675       11.490322599      -35.436279218
    289       73.535261154       15.581459714      -47.538694429
    290       91.593628962       19.814678399      -59.802848490
    291      109.497261433       24.197658694      -72.239771304
    292      127.231339401       28.738644659      -84.861331093
    293      144.779223072       33.446467755      -97.680232324
    294      178.397214339       34.490738316     -112.764792904
    295      191.995994596       31.301195088     -115.776797739
    296      205.599913637       27.993741814     -118.634239461
    297      219.206671794       24.563527112     -121.328647118
    298      232.813456246       21.005355687     -123.851263410
    299      246.416946220       17.313595417     -126.193058781
    300      177.881540466       35.083594700     -117.611637387
    301      191.669089935       31.968027227     -122.198678215
    302      205.447805542       28.721440623     -126.720762323
    303      219.215396650       25.336385680     -131.174568265
    304      232.969126873       21.804803046     -135.556662079
    305      246.705819367       18.117923202     -139.863529923
    0.0000138 
    0.0000138 
    0.0006368 
    0.0006310 
    0.0006253 
    0.0006195 
    0.0006137 
    0.0006079 
    0.0006020 
    0.0005962 
    0.0005903 
    0.0000695 
    0.0000775 
   -0.0000397 
    0.0002241 
    0.0002214 
    0.0002188 
    0.0002163 
    0.0002137 
    0.0002113 
    0.0002089 
    0.0002507 
    0.0002477 
    0.0002446 
    0.0002416 
    0.0002386 
    0.0002356 
    0.0002327 
    0.0003741 
    0.0001490 
    0.0000884 
    0.0003885 
   -0.1550644 
   -0.1605527 
   -0.1456634 
   -0.1131497 
   -0.1440361 
   -0.1127515 
   -0.1423231 
   -0.1553872 
   -0.1559440 
   -0.0587979 
   -0.0958012 
   -0.1131430 
   -0.1221733 
   -0.1261784 
   -0.1462558 
   -0.0729078 
   -0.0968480 
   -0.1071277 
   -0.1128392 
   -0.1136622 
   -0.0801786 
   -0.1035035 
   -0.1165035 
   -0.1245524 
   -0.1292665 
   -0.1321101 
   -0.1500253 
   -0.1505920 
   -0.1507324 
   -0.1501625 
   -0.1217771 
   -0.1233694 
    0.0000210 
    0.0000752 
    0.0001144 
   -0.1695803 
   -0.1690027 
   -0.1697527 
    0.0013337 
   -0.1730138 
   -0.1737141 
   -0.1718509 


  -0.370965692365615    0.148396401733636   -0.020061497846674    0.396819262090425    0.030066579465377    0.046948314865685 
  -0.371089480818044    0.141381408713996   -0.021124556403801    0.397024647137219    0.041705586507832    0.048712100802221 
  -0.346970450016339    0.030490360611326    0.123950911359092    0.371990199618206   -0.128062599223928    0.072309084848390 
  -0.370711758404774    0.129690852357532   -0.018202057440185    0.396359183595220    0.014288484224199    0.059164178959815 
  -0.320223608301677    0.169951754608255    0.111505109004183    0.395773526933340   -0.004053341733333    0.061242260800001 
  -0.320223608301677    0.169951754608255    0.111505109004183    0.394601733733331   -0.027946355200000    0.062153703466667 
  -0.359646647748995   -0.048528535917683    0.134026766938313    0.395931410843312    0.021178374487163    0.053279073500872 
  -0.372917343199992    0.095488489600000   -0.009804378799997    0.395773526933340   -0.004053341733333    0.061242260800001 
  -0.377978566533329    0.128792679600000    0.023837308666668    0.377159936718289   -0.008771471312656    0.092791510436935 
  -0.359677443323312    0.174247881914065   -0.023102099034477    0.394151891020367    0.033432097924533    0.049209908287627 
  -0.395420926452395    0.000975814347041    0.014862806374589    0.395369527353142   -0.039889913581411    0.087303746144942 
  -0.399264585412466    0.035357667999166    0.018532281940557    0.387041599606321    0.034604102664859    0.095254276537872 
  -0.377978566533329    0.128792679600000    0.023837308666668    0.396932925866668    0.005137466266666    0.052975556933336 
  -0.386174221200001    0.058574757333333    0.048979978666663    0.394153598800002   -0.019913878533333    0.067561857600003 
  -0.372917343199992    0.095488489600000   -0.009804378799997    0.394153598800002   -0.019913878533333    0.067561857600003 
  -0.394452680782623    0.000051952775875    0.028445723498781    0.393638715599998   -0.038238441733333    0.063023263066664 
  -0.381272776799998    0.085416771600000    0.033885014799997    0.389252154399999   -0.046755892800000    0.082656821466670 
  -0.386174221200001    0.058574757333333    0.048979978666663    0.390485232933330   -0.033675210533333    0.081661403333328 
  -0.381272776799998    0.085416771600000    0.033885014799997    0.393638715599999   -0.038238441733333    0.063023263066664 
  -0.370893630999569    0.132591665952375   -0.016240304224197    0.396932925866668    0.005137466266666    0.052975556933336 
  -0.393862645599225    0.000995206634235    0.050868863924390    0.389252154400000   -0.046755892800000    0.082656821466670 
  -0.378205637200002    0.065866620800000    0.010614763733330    0.390485232933330   -0.033675210533333    0.081661403333328 
  -0.253651055536301    0.309686201335428   -0.006541602583134    0.360960612757328   -0.122981415836818    0.122011891177964 
  -0.304482020133332    0.246142860133333    0.082970738266670    0.357051980000006   -0.131275737333333    0.124424954266669 
  -0.294908063110825    0.261107856331926    0.070041453318709    0.366625937022513   -0.116310741134740    0.111495669318709 
  -0.253651055536300    0.309686201335427   -0.006541602583134    0.352698643866658   -0.134511056400000    0.132899036533335 
  -0.378205637200002    0.065866620800000    0.010614763733330    0.394601733733331   -0.027946355200000    0.062153703466667 
  -0.304482020133332    0.246142860133333    0.082970738266670    0.352698643866658   -0.134511056400000    0.132899036533335 
  -0.321431709333334    0.218669701600000    0.095779721333334    0.340746446399999   -0.150256121333333    0.146227745866668 
  -0.373851605066655    0.114989803066666    0.085944507333333    0.335748954666656   -0.161984214933333    0.145708019599999 
  -0.321431709333334    0.218669701600000    0.095779721333334    0.335748954666656   -0.161984214933333    0.145708019599999 
  -0.373851605066655    0.114989803066666    0.085944507333333    0.323036181466667   -0.180588351733333    0.152474030000000 
  -0.267004207817451    0.298316735386915    0.011412721986889    0.357845408104252   -0.130128873113815    0.125978822215283 
  -0.385647118400000    0.076030629066667    0.075699024666665    0.357051980000006   -0.131275737333333    0.124424954266669 
  -0.392557413333338    0.034924332133333    0.068640781599997    0.378967892000007   -0.061139137200000    0.113498179066672 
  -0.393839478933326    0.032673838800000    0.061959239333335    0.378967892000007   -0.061139137200000    0.113498179066672 
  -0.392635267124576    0.007605245181187    0.064169715113628    0.384055337200001   -0.055794890800000    0.100056563333332 
  -0.392604116933330    0.036455077066667    0.067375138666667    0.379014595599998   -0.062669882133334    0.114763822000001 
  -0.392557413333338    0.034924332133333    0.068640781599997    0.365244340533332   -0.087918947066667    0.138164739599999 
  -0.392604116933330    0.036455077066667    0.067375138666667    0.384055337200001   -0.055794890800000    0.100056563333332 
  -0.386164012400006    0.070003454800000    0.080299884799998    0.347544468000001   -0.123025040933333    0.155953502266667 
  -0.385647118400000    0.076030629066667    0.075699024666665    0.347544468000001   -0.123025040933333    0.155953502266667 
  -0.389827797466667    0.042059635066667    0.081091098400001    0.366430160266668   -0.079176646266666    0.141914635600002 
  -0.391371593600002    0.043666632933333    0.072390677600000    0.352752049199997   -0.096688219066667    0.163862709466666 
  -0.386207585066662    0.063709850533333    0.085559416533336    0.340722712533337   -0.123940152000000    0.170834770266667 
  -0.391371593600002    0.043666632933333    0.072390677600000    0.366430160266668   -0.079176646266666    0.141914635600002 
  -0.393839478933326    0.032673838800000    0.061959239333335    0.365244340533332   -0.087918947066667    0.138164739599999 
  -0.391967286799998    0.022362706533334    0.076624226666668    0.379014595599998   -0.062669882133334    0.114763822000001 
  -0.386164012400006    0.070003454800000    0.080299884799998    0.331712473333331   -0.157412515066666    0.159576400133331 
  -0.294908063110825    0.261107856331926    0.070041453318709    0.372091117195566   -0.109002482394157    0.099023241387064 
  -0.386207585066662    0.063709850533333    0.085559416533336    0.352752049199997   -0.096688219066667    0.163862709466666 
  -0.395258995010315   -0.001612840964673    0.044332645327359    0.391991461707922   -0.041639520214200    0.095479336538345 
  -0.393261720656876    0.010883653314698    0.072442793329031    0.382526109715693   -0.047792011792935    0.120251865833066 
  -0.394450863202468    0.002155498867462    0.061332559572260    0.387933361458170   -0.044154499711454    0.106116588549071 
  -0.381060644032314    0.015001325809922    0.120774903319563    0.383842832796282   -0.053027468101782    0.141487599734998 
  -0.360037889509178    0.048534559779056    0.171392786088036    0.356372261600003   -0.075038003600001    0.168331027600001 
  -0.391967286799998    0.022362706533334    0.076624226666668    0.368569649599999   -0.059479717733333    0.146381507333335 
  -0.367169937305413    0.024561469561386    0.157031045197004    0.360787706127427   -0.060196284498937    0.177222368773440 
  -0.354792030813531    0.054294140379830    0.097564522517307    0.363949440013540   -0.066718799379836    0.061692637682769 
  -0.355994984384402    0.025590466996101    0.112743242818163    0.368569649599999   -0.059479717733333    0.146381507333335 
  -0.391569471891713    0.013477895924744    0.073440100480470    0.378616780691714   -0.053785071524744    0.117947948186199 
  -0.348295297279510    0.066370159402235    0.059207574439530    0.344457661199999   -0.102949790000000    0.176772799733332 
  -0.389827797466667    0.042059635066667    0.081091098400001    0.356372261600003   -0.075038003600001    0.168331027600000 
  -0.267004207817451    0.298316735386915    0.011412721986889    0.340746446399999   -0.150256121333333    0.146227745866668 
  -0.365175313199992    0.138165639733333    0.093046877466664    0.331712473333331   -0.157412515066666    0.159576400133331 
  -0.339141974266666    0.188337471200000    0.102026005466666    0.371587212800000   -0.131758121066667    0.070155056933334 
  -0.382472636400000    0.084700212533333    0.091497446000002    0.344457661199999   -0.102949790000000    0.176772799733332 
  -0.377153773199999    0.103475817866667    0.091558254933333    0.375804004933335   -0.120545880266666    0.068330476400001 
  -0.365175313199992    0.138165639733333    0.093046877466664    0.371587212800000   -0.131758121066667    0.070155056933334 
  -0.377153773199999    0.103475817866667    0.091558254933333    0.340722712533337   -0.123940152000000    0.170834770266667 
  -0.322626635961381    0.223774728509831    0.092633571515975    0.355071874494715   -0.167195378376498    0.079547490884025 
  -0.360958521066656    0.149377880533334    0.091222296933332    0.375804004933335   -0.120545880266666    0.068330476400001 
  -0.360958521066656    0.149377880533334    0.091222296933332    0.383285436266654   -0.078135631866667    0.085671829466666 
  -0.332995661148029    0.190054883685450    0.096880489172554    0.393641595548030   -0.041767482752117    0.063750207494112 
  -0.312101470660150    0.241963028047185    0.065532426244983    0.358859384698826   -0.160650267860742    0.069795067875051 
  -0.339141974266666    0.188337471200000    0.102026005466666    0.323036181466667   -0.180588351733333    0.152474030000000 
  -0.373507061333339    0.113333824400000    0.092354416400000    0.379450716799996   -0.110687873733333    0.069126637866668 
  -0.373944991333330    0.052894665600000    0.143027769999996    0.286518360235849   -0.097761162584564    0.264317260243149 
  -0.382425937466670    0.071004255066667    0.106270462800001    0.384667862533335   -0.091614116933333    0.065602372800000 
  -0.379435822393635    0.050439036750039    0.130733889871794    0.282016370175130   -0.110698710050767    0.261199738158686 
  -0.370776734485974    0.061999411011463    0.145221713246797    0.282016370175130   -0.110698710050767    0.261199738158686 
  -0.373944991333330    0.052894665600000    0.143027769999996    0.389492767866667   -0.073646238800000    0.060456395866667 
  -0.382425937466671    0.071004255066667    0.106270462800001    0.285179012394392   -0.094901217576011    0.258512386673378 
  -0.377255490666660    0.103773969333333    0.087973180933333    0.384667862533335   -0.091614116933333    0.065602372800000 
  -0.377255490666660    0.103773969333333    0.087973180933333    0.373065855866669   -0.121472636000000    0.083609952133334 
  -0.369570078133340    0.076538522000000    0.134529632133335    0.393867681066657   -0.050002382400000    0.051958258000006 
  -0.369570078133340    0.076538522000000    0.134529632133335    0.384101564533338   -0.082500571866667    0.078737131600000 
  -0.377601032133339    0.088972133200000    0.101124485866668    0.378933667199991   -0.102049193200000    0.080664437333333 
  -0.377601032133339    0.088972133200000    0.101124485866668    0.389492767866667   -0.073646238800000    0.060456395866667 
  -0.382472636400000    0.084700212533333    0.091497446000002    0.379450716799996   -0.110687873733333    0.069126637866668 
  -0.377944332933331    0.061106706133333    0.118112678000000    0.393867681066657   -0.050002382400000    0.051958258000006 
  -0.373507061333339    0.113333824400000    0.092354416400000    0.383285436266654   -0.078135631866667    0.085671829466666 
  -0.311869438874702    0.242985738388156    0.066467457454164    0.369170855410535   -0.115201116542506    0.111347766826956 
  -0.383726641733324    0.069996820266667    0.090292539066669    0.373065855866669   -0.121472636000000    0.083609952133334 
  -0.358589854774479    0.146090246826716    0.101875748708486    0.373887403307811   -0.109367433626716    0.093959601824846 
  -0.371387679333338    0.123197412133333    0.085027666133332    0.378933667199991   -0.102049193200000    0.080664437333333 
  -0.371387679333338    0.123197412133333    0.085027666133332    0.359021694399992   -0.159020494933333    0.082129580933334 
  -0.383726641733324    0.069996820266667    0.090292539066669    0.359021694399992   -0.159020494933333    0.082129580933334 
  -0.372433134799993    0.108520754533334    0.099197180133334    0.384101564533338   -0.082500571866667    0.078737131600000 
  -0.377953727442657    0.073597928393426    0.083483052283308    0.325907821309328   -0.216956814393427    0.092135326116693 
  -0.365831382933334    0.138150360933333    0.085208510533331    0.364577990799997   -0.144067546133334    0.082310425333333 
  -0.367997307551723    0.124915184888639    0.084500938336855    0.329490666885056   -0.198490155955306    0.092501615263143 
  -0.388006638610688    0.053619585394341    0.084658274483828    0.363301691277357   -0.142643260061008    0.087763845516175 
  -0.362393578008213    0.138708213282120    0.098472590828624    0.308646442721177   -0.249796160911496    0.040531181248255 
  -0.365353121733331    0.128820468800000    0.100420991200000    0.371658003866658   -0.123767831866667    0.083534236399998 
  -0.372433134799993    0.108520754533333    0.099197180133334    0.364577990799997   -0.144067546133334    0.082310425333333 
  -0.351997160133336    0.144334431599999    0.124177764800000    0.383991640266656   -0.082291841200001    0.077519469733333 
  -0.364330796533333    0.102858440933333    0.130192531466666    0.371658003866658   -0.123767831866667    0.083534236399998 
  -0.365353121733331    0.128820468800000    0.100420991200000    0.327324742266668   -0.211725332000000    0.091794043066667 
  -0.364330796533333    0.102858440933333    0.130192531466666    0.389340846133344   -0.056180652933333    0.074400030933331 
  -0.351997160133336    0.144334431599999    0.124177764800000    0.320804990933334   -0.224822337333333    0.083108322666669 
  -0.371872873066665    0.115723463466667    0.091735270800003    0.291965742834747   -0.272706931448161    0.029166535276105 
  -0.362483842035747    0.126741226353111    0.115134047088718    0.291965742834747   -0.272706931448161    0.029166535276105 
  -0.364678291015780    0.123119231113071    0.109765505046150    0.308123860050889   -0.246037537820261    0.068696062912819 
  -0.376537526683990    0.110407959520528    0.088587777043097    0.304115573264501   -0.258861858074563    0.037364682140232 
  -0.371872873066665    0.115723463466667    0.091735270800003    0.320804990933334   -0.224822337333333    0.083108322666669 
  -0.365831382933334    0.138150360933333    0.085208510533331    0.327324742266668   -0.211725332000000    0.091794043066667 
  -0.370965301199999    0.099333971066667    0.112556068133335    0.383991640266656   -0.082291841200001    0.077519469733333 
  -0.361174460500432    0.133397904145704    0.108840187849743    0.383501375700430   -0.062155655479037    0.068053938550255 
  -0.376975728933333    0.067696416933333    0.116522748799999    0.389340846133344   -0.056180652933333    0.074400030933331 
  -0.384911434871913    0.040437469046113    0.126628272616923    0.279233828592260   -0.122760386544772    0.257066926787529 
  -0.380707019466665    0.044928690400000    0.128845825466669    0.279233828592260   -0.122760386544772    0.257066926787529 
  -0.391594305929310    0.034951250769093    0.125462304845593    0.279764665863645   -0.118000872287702    0.233063647693948 
  -0.384718238133337    0.042169680933333    0.117892346399996    0.279764665863645   -0.118000872287702    0.233063647693948 
  -0.384718238133337    0.042169680933333    0.117892346399996    0.396630367599990   -0.033824366666667    0.041225110533336 
  -0.384081014266667    0.043546052133333    0.104267119200002    0.390309450133342   -0.049590942133333    0.072810101733330 
  -0.377944332933331    0.061106706133333    0.118112678000000    0.390309450133342   -0.049590942133333    0.072810101733330 
  -0.385361481066669    0.044827603466666    0.100066040266665    0.389345663333340   -0.057282854133333    0.071642666800002 
  -0.383117227466664    0.051237964133333    0.105434554133330    0.389345663333340   -0.057282854133333    0.071642666800002 
  -0.384081014266667    0.043546052133333    0.104267119200002    0.390002067999990   -0.050654287066667    0.073552789066669 
  -0.383117227466664    0.051237964133333    0.105434554133330    0.398231378266663   -0.024756083466667    0.028767318266671 
  -0.380707019466665    0.044928690400000    0.128845825466669    0.396630367599990   -0.033824366666667    0.041225110533336 
  -0.385361481066669    0.044827603466666    0.100066040266665    0.398231378266663   -0.024756083466667    0.028767318266671 
  -0.405583643797534    0.032835020305996    0.127915683834371    0.299433803346264   -0.097498830706810    0.182434853594855 
  -0.386263046533334    0.040508266266666    0.111739525466669    0.299433803346265   -0.097498830706810    0.182434853594855 
  -0.391535417074740    0.033609629023841    0.114229795636104    0.398520672923487   -0.032426363308030   -0.017495101943230 
  -0.387987714260422    0.044920594580250    0.097117867665489    0.398205806927081   -0.029658346180250    0.009556120334511 
  -0.391164458666662    0.030348498133333    0.082359481066665    0.398205806927081   -0.029658346180250    0.009556120334511 
  -0.388914851066670    0.035698994666667    0.089580154933333    0.383500550800007   -0.080165323866666    0.054104589466666 
  -0.393320813726840   -0.055316978343934    0.048080073359210    0.373728491199995   -0.142103430400000    0.015090908533337 
  -0.385599888680363   -0.025956901502046    0.033877539200619    0.399633584497433   -0.043595087781634   -0.032561150024883 
  -0.391164458666663    0.030348498133333    0.082359481066665    0.378316592266666   -0.106974305200000    0.035149868133332 
  -0.388914851066670    0.035698994666667    0.089580154933333    0.399132943733328   -0.020436746266667    0.017093833066667 
  -0.386263046533334    0.040508266266666    0.111739525466669    0.399132943733328   -0.020436746266667    0.017093833066667 
  -0.391206593600001    0.021945133733333    0.082527962933329    0.383500550800007   -0.080165323866666    0.054104589466666 
  -0.391206593600001    0.021945133733333    0.082527962933329    0.384242967199998   -0.054411388533333    0.050847954666665 
  -0.389840115066659    0.039788950666667    0.081562284799998    0.339454067620423   -0.165336315995092    0.132054348764207 
  -0.394098809600011    0.008890013333333    0.070625433599999    0.381766406933336   -0.067047401866667    0.040358882000002 
  -0.393683153866664    0.009309120400000    0.072038890266667    0.381766406933336   -0.067047401866667    0.040358882000002 
  -0.393683153866664    0.009309120400000    0.072038890266667    0.339454067620423   -0.165336315995092    0.132054348764207 
  -0.389840115066659    0.039788950666667    0.081562284799998    0.384242967199998   -0.054411388533333    0.050847954666665 
  -0.370965301199999    0.099333971066667    0.112556068133335    0.314820084479521   -0.233623138323279    0.079827776165609 
  -0.370657615597498    0.043158867620975    0.030031707526952    0.375455216924056   -0.112411177423002    0.066374804600731 
  -0.374084764681898    0.083463690812775    0.114965244685920    0.314820084479521   -0.233623138323279    0.079827776165609 
  -0.376975728933333    0.067696416933333    0.116522748799999    0.390002067999990   -0.050654287066667    0.073552789066669 
  -0.395752559733334   -0.004780627066667    0.062300521466670    0.380684649068097   -0.084751179400274    0.027182545316070 
  -0.395485057469583   -0.006666794718672    0.060031667284341    0.380380159063764   -0.082604209918672    0.029765115684344 
  -0.391079027378806   -0.049967698664222    0.069710848904720    0.374613384931665   -0.139991924965203    0.023629160944488 
  -0.391540335495911   -0.051527551067920    0.069300276639935    0.383081974904375   -0.111356507691932    0.031166353626986 
  -0.395752559733334   -0.004780627066667    0.062300521466670    0.373728491199995   -0.142103430400000    0.015090908533337 
  -0.395054816769716   -0.010441515433341    0.066649194149272    0.382110884817982   -0.097788748150131    0.056385387029916 
  -0.394098809600011    0.008890013333333    0.070625433599999    0.378316592266666   -0.106974305200000    0.035149868133332 
  -0.365021100273560    0.110354163979501    0.122437627650243    0.308123860050890   -0.246037537820261    0.068696062912819 
  -0.395808723826421   -0.024783897875569    0.054426018955580    0.383146308818564   -0.101209241952603    0.017410855674297 
  -0.390293185437845   -0.035917970975169    0.062031299693747    0.368606561878737   -0.071858235056698   -0.002637750563006 
  -0.389027442001759   -0.073639035804699    0.059200158604241    0.370400953733330   -0.125333820666667   -0.006651341600002 
  -0.387776603365984   -0.071400690247775    0.067429885646030    0.362534708234013   -0.139410277181109   -0.058406261420635 
  -0.392489969600001   -0.076640323600000    0.016144214133336    0.370400953733330   -0.125333820666667   -0.006651341600002 
  -0.391377345965278   -0.055328980573783    0.064340613840167    0.384743696478685   -0.089784150575434    0.006885600074518 
  -0.391334292042166   -0.045274165833458    0.057931743596134    0.384664995691173   -0.108163935300124    0.018600749329471 
  -0.395329660533336   -0.062869559333333    0.007191907999997    0.372803031599998   -0.143721483066666   -0.019927775199998 
  -0.394892047466669   -0.058252661200001    0.029420647733332    0.381107240266670   -0.121142430666667   -0.009910346533331 
  -0.394892047466669   -0.058252661200001    0.029420647733332    0.372803031599998   -0.143721483066666   -0.019927775199998 
  -0.395478762266665   -0.059185895333333    0.018807800799997    0.381107240266670   -0.121142430666667   -0.009910346533331 
  -0.392489969600001   -0.076640323600000    0.016144214133336    0.363898090933336   -0.152925622400001   -0.064838512133334 
  -0.386413220666661   -0.084916035466667    0.060997634933331    0.363898090933336   -0.152925622400001   -0.064838512133334 
  -0.369896682249161   -0.050354278054106    0.136046177305064    0.351107007366458   -0.167512797052663   -0.076141806569123 
  -0.369047796647035   -0.065061690892867    0.141296674181592    0.351548592800001   -0.175163509066667   -0.073410528133335 
  -0.368324790156414   -0.064386311379136    0.142122645449138    0.340724818933336   -0.185274282933333   -0.085775736933332 
  -0.381635391199999   -0.084985224666667    0.085794808533334    0.351548592800001   -0.175163509066667   -0.073410528133335 
  -0.391058813866668   -0.079539172666667    0.032675982933335    0.365329246666670   -0.155824471466667   -0.048306743333334 
  -0.391058813866668   -0.079539172666667    0.032675982933335    0.356326422266663   -0.175232698266667   -0.048613354533332 
  -0.390723997999999   -0.079950083600000    0.035887754800001    0.356661238133332   -0.175643609200000   -0.045401582666667 
  -0.390723997999999   -0.079950083600000    0.035887754800001    0.342705124933332   -0.190143036666666   -0.080487881866668 
  -0.386413220666661   -0.084916035466667    0.060997634933331    0.356326422266663   -0.175232698266667   -0.048613354533332 
  -0.394139980266671   -0.068597743600000    0.018807896133334    0.356661238133332   -0.175643609200000   -0.045401582666667 
  -0.381635391199999   -0.084985224666667    0.085794808533334    0.340724818933336   -0.185274282933333   -0.085775736933332 
  -0.373020818685786   -0.059084488994870    0.133064993194163    0.360579631567857   -0.141042119757231   -0.067102624916655 
  -0.394139980266671   -0.068597743600000    0.018807896133334    0.365329246666670   -0.155824471466667   -0.048306743333334 
  -0.396812232637790    0.000558241889330    0.066513086718395    0.384273652104633   -0.120596010750088   -0.022285091966885 
  -0.396421263507528    0.001150263744937    0.036578583795185    0.384422708472924   -0.120370303345296   -0.033697574301056 
  -0.394951178933328   -0.052751303333334    0.037623895066664    0.383158074696487   -0.088640498587087   -0.004967950892987 
  -0.394951178933328   -0.052751303333334    0.037623895066664    0.380579656933332   -0.127577022666667   -0.028726440799998 
  -0.398636715333335   -0.017291619466667    0.030649482400001    0.380579656933332   -0.127577022666667   -0.028726440799998 
  -0.400237298522332    0.064150903079642    0.042312378291834    0.387780710461298   -0.175809069324671   -0.038743149943310 
  -0.395677916223944    0.004297215701671    0.036696121541541    0.377620857823941   -0.149165857835004   -0.034773079941538 
  -0.279219151863725   -0.166282540656357    0.010416314570945    0.407188842258352   -0.192474745822336   -0.041445320779011 
  -0.398636715333335   -0.017291619466667    0.030649482400001    0.372952133333327   -0.147405147066667   -0.031543667999999 
  -0.264922117088064   -0.177719018196145    0.008361945428888    0.373632929599997   -0.165632715466667   -0.036623605466669 
  -0.397955919066665   -0.035519187866667    0.025569544933330    0.366518926933334   -0.161552655733333   -0.036690755199997 
  -0.396258117466664   -0.052612269866667    0.024640295599996    0.368216728533336   -0.178645737733333   -0.037620004533331 
  -0.396258117466664   -0.052612269866667    0.024640295599996    0.357479741866670   -0.179455606533333   -0.041706625333336 
  -0.395478762266665   -0.059185895333333    0.018807800799997    0.372952133333327   -0.147405147066667   -0.031543667999999 
  -0.235349167861447   -0.243333746281518    0.003916061787597    0.368216728533336   -0.178645737733333   -0.037620004533331 
  -0.234285347495491   -0.272108110418368    0.007255350809037    0.368714891715671   -0.192120126142134   -0.036056290490160 
  -0.240076063561089   -0.240197231040613    0.004094905741880    0.382604472571489   -0.188192675369660   -0.038164370476754 
  -0.231923734077888   -0.271558190881173    0.007932255186438    0.359881149200002   -0.194177129866667   -0.038588287866666 
  -0.397955919066665   -0.035519187866667    0.025569544933330    0.373632929599997   -0.165632715466666   -0.036623605466669 
  -0.395329660533336   -0.062869559333333    0.007191907999997    0.366518926933334   -0.161552655733333   -0.036690755199997 
  -0.393321476533333   -0.072409740933333    0.022502853466665    0.357479741866670   -0.179455606533333   -0.041706625333336 
  -0.388216309599996   -0.082828900933333    0.055256530000001    0.345212813333334   -0.193021854000000   -0.061119106666668 
  -0.379655085200003   -0.089853978400000    0.091082663599999    0.355294684399996   -0.171691978400000   -0.065711554399998 
  -0.374662168513794   -0.054175708981472    0.130178716509881    0.355294684399996   -0.171691978400000   -0.065711554399998 
  -0.380243203735683   -0.054816740499589    0.115304371594104    0.359229240383829   -0.171240059661781   -0.055225338049951 
  -0.379655085200003   -0.089853978400000    0.091082663599999    0.342705124933332   -0.190143036666666   -0.080487881866668 
  -0.373388251333328   -0.084675499333333    0.115812281599998    0.361561518266672   -0.166513499333333   -0.040981936399999 
  -0.391768461866665   -0.077351038800000    0.036246220533333    0.346765828000002   -0.197963151866666   -0.047375739600000 
  -0.393321476533333   -0.072409740933333    0.022502853466665    0.345212813333334   -0.193021854000000   -0.061119106666668 
  -0.388568210933333   -0.082132923333333    0.048553449200002    0.361209616933335   -0.165817521733333   -0.047685017199998 
  -0.388568210933333   -0.082132923333333    0.048553449200002    0.358188584799996   -0.136790847066667   -0.114700286266668 
  -0.388216309599996   -0.082828900933333    0.055256530000001    0.361561518266672   -0.166513499333333   -0.040981936399999 
  -0.390858373466669   -0.079467994533333    0.033342980933332    0.361209616933335   -0.165817521733333   -0.047685017199998 
  -0.373388251333328   -0.084675499333333    0.115812281599998    0.358188584799996   -0.136790847066667   -0.114700286266668 
  -0.375349007308221   -0.055284743461182    0.129326417220696    0.344141342219275   -0.189701213089137   -0.079551753424591 
  -0.381278247600001   -0.088811228800000    0.084963386933335    0.365478548133327   -0.143469152533333   -0.078290348533335 
  -0.382499943709331   -0.095849500081162    0.081507171397046    0.367300277175999   -0.125616846318838   -0.080395176063716 
  -0.375732856478612   -0.095354421705127    0.102627045788463    0.375170326657375   -0.125041075505827   -0.055832989877263 
  -0.387911443600008   -0.097657734533333    0.063110136266668    0.370506470133341   -0.136449439066667   -0.066439539200000 
  -0.381278247600001   -0.088811228800000    0.084963386933335    0.370506470133341   -0.136449439066667   -0.066439539200000 
  -0.384315194975014   -0.089274012924966    0.072944171417855    0.382999030560801   -0.109482406901467   -0.041036924904061 
  -0.388686742744205   -0.101527537445449    0.066756717811369    0.377914965277545   -0.123733130421218   -0.048232870078033 
  -0.387203954399994   -0.086561350800000    0.055928834000000    0.365478548133327   -0.143469152533333   -0.078290348533335 
  -0.377453262506257   -0.041247383984908    0.103424725998121    0.366230998543948   -0.137185810883298   -0.085039014629834 
  -0.387911443600009   -0.097657734533333    0.063110136266668    0.383842729530509   -0.107515541419995   -0.038729808185973 
  -0.391490964266670   -0.080996160000000    0.035708082533336    0.349131573866665   -0.211625518666667   -0.039426290133330 
  -0.393856710133332   -0.067333793200000    0.027758633066666    0.346765828000002   -0.197963151866666   -0.047375739600000 
  -0.255522191296368   -0.312664147794426    0.030804350296783    0.365726875066669   -0.177694811200000   -0.044618056266669 
  -0.391490964266670   -0.080996160000000    0.035708082533336    0.362119705333331   -0.167934477466666   -0.050588256799999 
  -0.391768461866665   -0.077351038800000    0.036246220533333    0.362119705333331   -0.167934477466666   -0.050588256799999 
  -0.235165755198129   -0.282819160701338    0.016333178389536    0.349131573866665   -0.211625518666667   -0.039426290133330 
  -0.362032589643614   -0.127835202491302   -0.112238021306329    0.371225907910292   -0.098661992442038    0.112148691306326 
  -0.245412967040421   -0.294660041530086    0.025807838483339    0.342136183853511   -0.219708847163351   -0.032958292436174 
  -0.387883794533332   -0.090756493733333    0.041678283066665    0.365726875066669   -0.177694811200000   -0.044618056266669 
  -0.236938004081023   -0.285007177119912    0.015201574232321    0.356995588012724   -0.201916615908399   -0.034405013953688 
  -0.385097757200000   -0.099347678133333    0.049480259733332    0.371919004533333   -0.159153693200000   -0.047902518800000 
  -0.387883794533332   -0.090756493733333    0.041678283066665    0.369132967200001   -0.150562508800000   -0.055704495466667 
  -0.385097757200000   -0.099347678133333    0.049480259733332    0.369798980933327   -0.147545822800000   -0.059258236933332 
  -0.387617708768235   -0.113626898000000    0.053737181764698    0.383955141072960   -0.113626898000000   -0.042316813058788 
  -0.387203954399994   -0.086561350800000    0.055928834000000    0.369798980933327   -0.147545822800000   -0.059258236933332 
  -0.384282486426661   -0.103987269066667    0.056274082133333    0.370614251706666   -0.152185413733333   -0.052464414533331 
  -0.336088827676501   -0.119083889066667   -0.023715909357462    0.310684044165031   -0.119083889066667   -0.094424805892910 
  -0.362923375546667   -0.161825042666667    0.059207588533333    0.374174103519998   -0.161825042666667   -0.051975496799998 
  -0.346612379386669   -0.170373273386667    0.066078482800000    0.308930118880003   -0.127632119786667   -0.079459073866666 
  -0.283623493733338   -0.201894846800000    0.097635037866667    0.371919004533333   -0.159153693200000   -0.047902518800000 
  -0.283623493733338   -0.201894846800000    0.097635037866667    0.337625572629699   -0.066925510205574    0.022212631303214 
  -0.390858373466669   -0.079467994533333    0.033342980933332    0.369132967200001   -0.150562508800000   -0.055704495466667 
  -0.393856710133332   -0.067333793200000    0.027758633066666    0.359881149200002   -0.194177129866667   -0.038588287866666 
  -0.383561770999989    0.110465122000000    0.027574227250000    0.372380913084713    0.110465122000000   -0.064991676971331 
  -0.383561770999989    0.110465122000000    0.027574227250000    0.293894337733332    0.187814941866667    0.175975848666667 
  -0.365387546750000    0.169042036000000   -0.056130411750004    0.290620731116673    0.169042036000000    0.217016659449995 
  -0.365387546750000    0.169042036000000   -0.056130411750004    0.384328193599996    0.095778867600000    0.059695306400003 
  -0.371806859733336    0.156573921066667   -0.052528748399997    0.287625051724450    0.163223582364444    0.218697435679998 
  -0.379796517040340    0.114505094368661    0.054316382976469    0.373914960640344    0.112111095898009   -0.054096332576474 
  -0.376022492133332    0.148009651466667   -0.049398300933338    0.293894337733332    0.187814941866667    0.175975848666667 
  -0.338264297643006    0.228993119743120   -0.038592240084551    0.292808886308521    0.254281491416605    0.047665252355611 
  -0.373778600689385    0.105885601149088    0.044343362943916    0.291650446289384    0.229938992184246    0.082234184789412 
  -0.371806859733336    0.156573921066667   -0.052528748399997    0.384328193599996    0.095778867600000    0.059695306400003 
  -0.368548629333335    0.147051392266667   -0.062061867733333    0.387586423999998    0.086256338800000    0.050162187066667 
  -0.375320422400000    0.132123206666667   -0.053798510399997    0.386178981200002    0.100881065333333    0.065918084400001 
  -0.372319482799996    0.140733626933333   -0.053829455600002    0.387997593866665    0.086857976533333    0.045444617600000 
  -0.368548629333335    0.147051392266667   -0.062061867733333    0.385293769333331    0.095477504133333    0.068795124666663 
  -0.386412279979759    0.100896400250000   -0.043924538897643    0.384449527076109    0.100896400250000    0.063059479047764 
  -0.376022492133332    0.148009651466667   -0.049398300933338    0.387586423999998    0.086256338800000    0.050162187066667 
  -0.350244377733338    0.205759746400000   -0.039293481200002    0.301238808080191    0.270629923004515    0.048158688768536 
  -0.350244377733338    0.205759746400000   -0.039293481200002    0.391289433333335    0.078980314266667    0.045731032400003 
  -0.339209093599993    0.225704706266666   -0.031935920266665    0.393999666400002    0.067456347733333    0.034875341466670 
  -0.347534144666671    0.194235779866667   -0.050149172133335    0.393999666400002    0.067456347733333    0.034875341466670 
  -0.336869325333335    0.212874571066667   -0.045401101999998    0.390231654133337    0.083767547600000    0.038256515066666 
  -0.336869325333335    0.212874571066667   -0.045401101999998    0.396339434666659    0.054626212533333    0.021410159733337 
  -0.372319482799996    0.140733626933333   -0.053829455600002    0.391289433333335    0.078980314266667    0.045731032400003 
  -0.339209093599993    0.225704706266666   -0.031935920266665    0.292338854626194    0.252645520700288    0.050976741126254 
  -0.347534144666671    0.194235779866667   -0.050149172133335    0.388520340666666    0.086526086266667    0.050869412666668 
  -0.375320422400000    0.132123206666667   -0.053798510399997    0.389625727279996    0.115468909911111    0.058451625679999 
  -0.350125211185104    0.217157168475377   -0.033034574546063    0.300484932742430    0.259024062338965    0.051796604370941 
  -0.361662330555172    0.206860393185898   -0.029105599434778    0.306902169156030    0.251294866904960    0.052609480505041 
  -0.361989454266662    0.188942308133334   -0.028079817466664    0.306690516409927    0.239701662948508    0.053273173055685 
  -0.361989454266662    0.188942308133333   -0.028079817466664    0.398241794533336    0.040505031466667    0.015618968000005 
  -0.352484009733340    0.205482660133333   -0.030099130933335    0.299158139075302    0.252457302432044    0.053447753426672 
  -0.372799968355119    0.200783874890350   -0.026120564845177    0.317182303981024    0.228209221247124    0.051371685102887 
  -0.385351537719503    0.200215395630643   -0.023843500108654    0.337080743302897    0.174975942260745    0.047276628367289 
  -0.377419790266663    0.152461021066667   -0.026846737599999    0.344417702998445    0.130802584051195    0.044498598360513 
  -0.405907568552873    0.204940910921817   -0.022619970525237    0.383944998025996    0.057985810890542    0.038633884464670 
  -0.369877723866671    0.172477912133333   -0.026905569600001    0.319407390343839    0.206656195151616    0.050773958464473 
  -0.369877723866671    0.172477912133333   -0.026905569600001    0.399484733999998    0.024048981333333    0.014371523333337 
  -0.360746514800000    0.172486258000000   -0.029327262133332    0.399484733999998    0.024048981333333    0.014371523333337 
  -0.360746514800000    0.172486258000000   -0.029327262133332    0.392853296799998    0.077130483733333    0.009902868266666 
  -0.377419790266663    0.152461021066667   -0.026846737599999    0.399959259866667    0.005525996533333    0.018500390933332 
  -0.378027540533329    0.131123778266667   -0.022898365600001    0.394974532666667    0.059312911066666    0.026963123600001 
  -0.369403198000001    0.153954927333333   -0.022776702000006    0.393226560800000    0.074936122533333    0.005089029200000 
  -0.369403198000001    0.153954927333333   -0.022776702000006    0.399959259866667    0.005525996533333    0.018500390933332 
  -0.389514227074827    0.118857695759931   -0.032041009712642    0.406895676095259   -0.062530690336098    0.025444429602304 
  -0.384756901753060    0.089396575776685   -0.030151952663220    0.399351509600001   -0.015811246266667    0.022448762933330 
  -0.376337819359928    0.109171153299707   -0.034745546094645    0.396422968169068    0.040679296052342    0.042722220700695 
  -0.376528155820596    0.111789330353856   -0.012968533195606    0.396473917379400    0.039978463153855    0.036892956004395 
  -0.380238751568974    0.125747736778544   -0.025031543059158    0.402933950880963    0.013011589291707    0.026508735708391 
  -0.378027540533329    0.131123778266667   -0.022898365600001    0.399351509600001   -0.015811246266667    0.022448762933330 
  -0.350581649866664    0.191361479066667   -0.035890322666667    0.392333309733340    0.079248712800000    0.015506429466666 
  -0.350581649866664    0.191361479066667   -0.035890322666667    0.398241794533336    0.040505031466667    0.015618968000005 
  -0.352484009733341    0.205482660133333   -0.030099130933335    0.396339434666659    0.054626212533333    0.021410159733337 
  -0.385650402438209    0.100889644749262   -0.042665235636612    0.386178981200002    0.100881065333333    0.065918084400001 
  -0.376205634266671    0.126719645466667   -0.050921470133335    0.385293769333331    0.095477504133333    0.068795124666663 
  -0.376205634266671    0.126719645466667   -0.050921470133335    0.385533245226716    0.104525257192374    0.068045036064809 
  -0.377658982266360    0.126390205836517   -0.047229335870668    0.380999227333336    0.103497502533333    0.079563408000001 
  -0.384642934322779    0.100576459284405   -0.044432102476815    0.384523253161120    0.101395771404515    0.068821849713753 
  -0.371796735999995    0.140401736666667   -0.048404660533333    0.388520340666666    0.086526086266667    0.050869412666668 
  -0.371796735999995    0.140401736666667   -0.048404660533333    0.385939473466669    0.093397160933333    0.049094935333331 
  -0.360904558666668    0.128331523066667   -0.115880847466667    0.385939473466669    0.093397160933333    0.049094935333331 
  -0.345822831200000    0.191477241200000   -0.062762069733337    0.384255867466663    0.093319103066666    0.067082398399998 
  -0.365844804800001    0.138431864666667   -0.085412374799997    0.380999227333336    0.103497502533333    0.079563408000001 
  -0.345822831200000    0.191477241200000   -0.062762069733337    0.390231654133337    0.083767547600000    0.038256515066666 
  -0.375135212381912    0.123923051834076   -0.054897453927199    0.377062517812524    0.107345899612071    0.091524543421211 
  -0.365844804800001    0.138431864666667   -0.085412374799997    0.387997593866665    0.086857976533333    0.045444617600000 
  -0.362564436832902    0.117859163712756   -0.103813675927967    0.373587685600000    0.075202935333333    0.121870473199999 
  -0.360904558666668    0.128331523066667   -0.115880847466667    0.378766018138422    0.107873621832828    0.084224440920818 
  -0.367317040400000    0.149243940933333   -0.054936481999997    0.379750987200002    0.084123197466667    0.097351188666668 
  -0.373480342000001    0.140323678800000   -0.030417197466666    0.373587685600000    0.075202935333333    0.121870473199999 
  -0.354855768227372    0.174261523764653   -0.068357239367116    0.375959725772972    0.068664718594886    0.123514783332759 
  -0.367317040400000    0.149243940933333   -0.054936481999997    0.363498453600344    0.043647135763566    0.136935540699878 
  -0.341293473599997    0.190096878133333   -0.086710619333333    0.379750987200002    0.084123197466667    0.097351188666668 
  -0.351455171642065    0.133475190439543   -0.137683566647412    0.356258862742425    0.050844226072269    0.174702530622376 
  -0.344044788799996    0.190332998933334   -0.074151306799998    0.386033909866668    0.092174860800000    0.055693161333337 
  -0.373480342000001    0.140323678800000   -0.030417197466666    0.384255867466663    0.093319103066666    0.067082398399998 
  -0.341293473599997    0.190096878133333   -0.086710619333333    0.365061241105463    0.055939632498962    0.138263322252940 
  -0.350061662800006    0.189243250000000   -0.041493883866667    0.392853296799998    0.077130483733333    0.009902868266666 
  -0.350061662800006    0.189243250000000   -0.041493883866667    0.389893536266663    0.086970329066666    0.027387473200001 
  -0.330908043333337    0.203151204533333   -0.096456875733334    0.389893536266663    0.086970329066666    0.027387473200001 
  -0.330908043333337    0.203151204533333   -0.096456875733334    0.382502302400000    0.083887076666667    0.084791876133333 
  -0.334767669733333    0.208355736266667   -0.068151187599998    0.386033909866668    0.092174860800000    0.055693161333337 
  -0.349631060266665    0.188596921200000   -0.047171620533334    0.390324138800005    0.086324000266667    0.021709736533334 
  -0.367655226133335    0.138331715866666   -0.000902607600005    0.394974532666667    0.059312911066666    0.026963123600001 
  -0.367655226133335    0.138331715866666   -0.000902607600005    0.390677331333336    0.085560695599999    0.015128944799998 
  -0.372294830184774    0.045403939844088    0.047618615379420    0.392665507866673    0.076242343733333    0.008794359466670 
  -0.360020058266665    0.169528592133333   -0.040721892933334    0.390677331333336    0.085560695599999    0.015128944799998 
  -0.360020058266665    0.169528592133333   -0.040721892933334    0.389566878599204    0.079208727292976    0.047990629741211 
  -0.365667049599998    0.129013364000000   -0.007237192933333    0.392665507866673    0.076242343733333    0.008794359466670 
  -0.360373250799997    0.170291896800000   -0.034141101199998    0.390324138800005    0.086324000266667    0.021709736533334 
  -0.349631060266665    0.188596921200000   -0.047171620533334    0.385593139519721    0.081933455685932    0.070944268039913 
  -0.360373250799997    0.170291896800000   -0.034141101199998    0.393226560800000    0.074936122533333    0.005089029200000 
  -0.347685588616183    0.188738402808358   -0.053723115592073    0.384656816266670    0.081865362933333    0.074097394000000 
  -0.328753529466667    0.201129490800000   -0.107151357866667    0.364782769145103    0.068025296575784    0.149857323753256 
  -0.337804169077338    0.195374493732756   -0.085595787212726    0.350970071676340    0.059242267216207    0.182754509921003 
  -0.334448942803583    0.200870853185273   -0.093574220033482    0.372975418142804    0.068397337562050    0.130327095114762 
  -0.352268278248177    0.173921202690993   -0.065646821957433    0.384597482996504    0.076392777983584    0.063969131761981 
  -0.372626771487846    0.046724602505145    0.049974999567086    0.391337743468846    0.081524991137151    0.018219890435652 
  -0.365667049599999    0.129013364000000   -0.007237192933333    0.391034935935911    0.077944724963006    0.020709111002798 
  -0.363601332578645    0.136957365566841   -0.030315097471195    0.388250567782917    0.067237050706852    0.051815686476987 
  -0.328753529466667    0.201129490800000   -0.107151357866667    0.384656816266670    0.081865362933333    0.074097394000000 
  -0.344044788799996    0.190332998933334   -0.074151306799998    0.382502302400000    0.083887076666667    0.084791876133333 
  -0.376552775859381    0.111043388561101   -0.012046558022587    0.395982915238779    0.025102003363707    0.055280083153141 
  -0.334767669733333    0.208355736266667   -0.068151187599998    0.392333309733340    0.079248712800000    0.015506429466666 
  -0.162040218937900    0.109698236600417    0.027876520641538    0.185419178367257   -0.069041852316134    0.039787233393595 
  -0.161347284888529    0.105374309435298    0.051055117597828    0.191670250066999   -0.031230613911545    0.029260225381148 
  -0.160335636948506    0.119795404426836    0.025616182948852    0.191576301293776   -0.032569858652114    0.031622664533952 
  -0.161825288734666    0.103978900248865    0.055569389739092    0.189743232734667   -0.036856044982199    0.047458992460908 
  -0.190623880620096    0.033767499668090    0.051266940560326    0.165798161203579   -0.098212848765757    0.053349896941933 
  -0.184169499626089    0.050225534590744    0.049935463880341    0.191818272872919   -0.031864130438932    0.047982198330636 
  -0.191943685541403    0.025792807219473    0.032738646328218    0.165920727270147   -0.097472264555365    0.055070560433624 
  -0.185384565809038    0.065776112399834    0.042077752814960    0.158510999922047   -0.121320082584022    0.027424128680654 
  -0.193563604944360    0.021069357388672    0.026301512698102    0.159390210663956   -0.116514303006323    0.029120005121419 
  -0.188256166350697   -0.053783057887784    0.041718351530441    0.182645074703027   -0.035433549664486   -0.032525505642914 
  -0.184431928771466   -0.064612808005272    0.050543263135983    0.189399964542175   -0.054562530935534   -0.016937743507159 
  -0.192124257354273   -0.046123896935523    0.032066505629620    0.191466175272909   -0.053254293989120   -0.016112885421043 
  -0.191926776726048   -0.051794922117108    0.035967938757752    0.191645461717702   -0.058402839202295   -0.012570897118542 
  -0.193007037573072   -0.047755040659329    0.029001665094407    0.194442388825924   -0.047755040659329   -0.005780053143557 
  -0.193918327270249    0.049839628761905   -0.004471733238773    0.193075110508100    0.049839628761905    0.020127389428844 
  -0.192970918603281    0.052788086829342   -0.008887738850261    0.190429698365735    0.053534404817137    0.030447691182975 
  -0.192612700294104    0.052017712844901   -0.010239705674924    0.192552859717641    0.048968395128706    0.022434578403304 
  -0.192678850232388    0.048108484488708   -0.009307190384824    0.190429698365735    0.053534404817137    0.030447691182975 
  -0.187255339834099    0.060258661329492   -0.029321559644653    0.188219042824421    0.055375828706372    0.047635116594935 
  -0.188621333816215    0.050014729688712   -0.009617989907133    0.182381693391393    0.070580568766635    0.049629006124347 
  -0.181885722287977    0.034374549550194   -0.034922029727297    0.184287532855816    0.057785158236299    0.053431495413915 
  -0.188260169755239    0.062153392386649   -0.027971210563118    0.182263433289886    0.066605866857096    0.055638612207226 
  -0.192705194338698    0.056738054591308   -0.002767716095642    0.190659639147138    0.056952454256962    0.035743567404945 
  -0.084112165021984    0.052803831126898    0.012185606076161    0.099732499851127   -0.009191050822431    0.016433822532469 
  -0.082419479300466    0.047506772498321    0.031121194928083    0.096378451300466   -0.013945344864987    0.020392996171917 
  -0.083862248387685    0.053217095442317    0.011730090192423    0.096519588212038   -0.014503949392583    0.022289904456554 
  -0.096107439491095    0.014662868977123    0.024005422044725    0.083694592491095   -0.046885545777123    0.028302993288608 
  -0.099886320967230    0.007513903872064    0.017013630863787    0.082799613967714   -0.055236367505979    0.010697125237113 
  -0.096433572926357    0.012377343199396    0.019404644176492    0.082428347648621   -0.055759322322206    0.010440024892401 
  -0.085942439438063    0.038424037246665    0.032933542474585    0.082700215271397   -0.049209949546665    0.027429612125415 
  -0.094847393868086   -0.022393330270545    0.022613436955919    0.096753733313210   -0.023336744953219   -0.009718294771149 
  -0.095392919428452   -0.023925518507238    0.020311809025513    0.098332562071732   -0.018902373720578   -0.003057055350029 
  -0.097387036965408   -0.018733429044538    0.013875860500943    0.098221929155155   -0.018733429044538   -0.005246320726303 
  -0.097268936536004   -0.019073302350490    0.013759023678130    0.097819710807914   -0.017575911835830   -0.004848405883775 
  -0.098028600483924    0.019771447511628   -0.005507830199040    0.097291256676368    0.019771447511628    0.012122238019584 
  -0.098250428984857    0.018817814622605   -0.002864927951710    0.097387382360106    0.020184688430205    0.010976980379074 
  -0.097986175010007    0.018101260670032   -0.003657034436679    0.096504904770033    0.022577624262417    0.013622224305239 
  -0.097674373773947    0.018498818523114   -0.006172671191308    0.096508797101788    0.022582587126181    0.013590820668267 
  -0.098402938706108    0.018880363601342   -0.001548558534295    0.095337374338768    0.024760219315443    0.019528952272797 
  -0.098167782315136    0.019626673614961   -0.003380770848826    0.094830112877642    0.023150336180240    0.023481261167823 
  -0.097004394741651    0.024117140426704   -0.008321974895512    0.094282628880421    0.021037146409681    0.025806565481039 
  -0.097505254439336    0.022403198769353   -0.005061994065739    0.095110973765054    0.023871742227608    0.020415058724106 
  -0.069171617016364    0.037888513737271    0.013220745530577    0.079297492877923   -0.006917997170669    0.013995251364119 
  -0.068069147663316    0.040621478187897    0.011640420242678    0.072476029580887   -0.023828051532288    0.023773419726787 
  -0.075656248610356    0.012555446565692    0.020330206123230    0.068532347831226   -0.040195890088314    0.010070941105040 
  -0.079580888152677    0.005759811929811    0.014053709949492    0.068376703149905   -0.040465393663322    0.009822025698609 
  -0.074746563124938    0.016373154344048    0.023922538791614    0.072152783929940   -0.025001883723849    0.024367982312892 
  -0.075327693253607   -0.016856196084292    0.021198654722727    0.077679410955200   -0.017406118077295   -0.007394852021166 
  -0.076911440863547   -0.016896887982645    0.014683672566377    0.077579349454580   -0.013076597897036   -0.007780040379707 
  -0.075556651986966   -0.017553947214353    0.020252577798195    0.078891302400644   -0.013712882125287   -0.002387213680630 
  -0.077047644227056   -0.016251689040173    0.014128242510722    0.078249620381386   -0.016251689040173   -0.005046711271033 
  -0.078213681846419    0.016883658540000   -0.003738523277596    0.077377149388806    0.016883658540000    0.010466054719198 
  -0.078402854005398    0.015562104302500   -0.004729539184081    0.075960518280958    0.018360877144836    0.017282157746979 
  -0.078357567402535    0.015530375566906   -0.004928039231525    0.077425111240845    0.017334752864365    0.010862560037175 
  -0.077743808405971    0.016376830419903   -0.006020416913854    0.075982475428591    0.018388021035421    0.017239150111522 
  -0.078162818063562    0.016241576882532   -0.004950422397681    0.074360584917153    0.015213255371327    0.025472951686028 
  -0.078255158434195    0.016677771345111   -0.003416710103252    0.075585019625898    0.017543833819015    0.019497100650754 
  -0.077753739450876    0.017628066779012   -0.005871142635522    0.074367287809266    0.015235973479543    0.025457865371983 
  -0.078641596462198    0.015245161359631   -0.002764379342778    0.075718882709660    0.018040093443037    0.019271131670214 
  -0.055285830119995    0.018991140325285    0.013571116841045    0.058608475377631   -0.006329428413885    0.013129793158403 
  -0.055305616067872    0.019098827518685    0.014200128553309    0.058686565428988   -0.006754442091048    0.010647245583653 
  -0.059114853521835    0.004096973928380    0.012590136907887    0.053743663994022   -0.024936993872240    0.010331363571841 
  -0.056509796557837    0.014680778047930    0.014139125258983    0.053864036814753   -0.024447944161026    0.010402938243596 
  -0.056036543455199   -0.010611850865260    0.018805050078718    0.058545952265042   -0.012917229328249   -0.005360911549599 
  -0.057886830507695   -0.012229805608769    0.010134283652913    0.058791347858322   -0.012229805608769   -0.003300202504990 
  -0.056044970357276   -0.010587995485712    0.018825701187689    0.058420038724365   -0.012560785729477   -0.005052345694019 
  -0.058551840699586    0.012784620537042   -0.003892787025744    0.057226393163867    0.013376807928147    0.012335167008238 
  -0.058551491876490    0.013233247348485   -0.002930727168706    0.057226281540476    0.013233247348485    0.012027307853986 
  -0.058516758608905    0.013552019784424   -0.004751745970194    0.055655482133849    0.010118535936187    0.020195467593859 
  -0.057895412563536    0.014636066469457   -0.006163640081836    0.055304947525561    0.009125079264720    0.021494921638798 
  -0.058617658456076    0.012646808689074   -0.003562181130392    0.055650979903315    0.010078144705203    0.020248546912553 
  -0.036038176957224    0.015315266106093    0.008576555214734    0.038292138784590   -0.007085675471131    0.007988359775021 
  -0.038358399747796    0.009586358097811    0.006600544010470    0.039055165071422   -0.005201672166394    0.008638188963000 
  -0.037709548399998    0.009183115672025    0.008491884842268    0.035945711409170   -0.015694561132599    0.007869491596018 
  -0.038956515978765    0.007230068743009    0.007311334789161    0.039131987439082   -0.006094798806501    0.005367272321950 
  -0.038910888987372    0.005358572067952    0.008047476694013    0.039149773600963   -0.006824339409706    0.005654232708504 
  -0.039039267502265    0.005139480943987    0.008484737472025    0.038495356293334   -0.007941169773333    0.007883196186667 
  -0.038670237310185    0.008060340126400    0.006179980567724    0.038495356293334   -0.007941169773333    0.007883196186667 
  -0.037356948942464   -0.010561623465286    0.009758642884413    0.038940327853856   -0.004870897344841   -0.000576405888633 
  -0.037910780337422   -0.004365647147667    0.012112856220026    0.039248837959772   -0.008322347239890   -0.001887813317196 
  -0.037698389305880   -0.003881560514286    0.012923788294042    0.037779702269384   -0.008760053149948   -0.008865039768495 
  -0.038030817403888   -0.009396307326087    0.008189696142338    0.037741348964538   -0.009396307326087   -0.009411227291610 
  -0.037469097711689   -0.008809112591861    0.010924894803290    0.039136588200000   -0.007937791373333   -0.002617346746667 
  -0.037998922549754   -0.004063681202152    0.011540002517942    0.039136588200000   -0.007937791373333   -0.002617346746667 
  -0.039009265480707    0.006566902936251   -0.001038879965686    0.037282288788724    0.009273860886533    0.011259734336994 
  -0.037573434037307    0.009597079746269   -0.009911912242204    0.037435444142687    0.009597079746269    0.010313277560832 
  -0.039139288928738    0.008817658340600   -0.001747585669802    0.037660402953687    0.002728560687681    0.013320683108733 
  -0.037534901828624    0.008864920721026   -0.009662871836883    0.037796710587747    0.002732576067295    0.012648205793087 
  -0.024573932444445    0.002758353728175    0.003956079230158    0.024676290796296   -0.002096112931878    0.003439774917990 
  -0.024638914182783    0.003046575177829    0.002291099315182    0.024680622912186   -0.002115327695189    0.003550773578988 
  -0.024671492577409    0.003170786095349    0.003103248039467    0.024771221417089   -0.002460750591224    0.001292238097930 
  -0.024951968857227    0.001460306500396    0.001571509492731    0.024924882741457   -0.001523649742498    0.002131414137449 
  -0.024556940399847    0.002691148065256    0.003728965678122    0.024817891167945   -0.002656160122865    0.001547161984356 
  -0.024637243362759   -0.003302960350728    0.002946392647931    0.024686753922759   -0.004394377747050   -0.000475065767931 
  -0.024570795223575   -0.000658409481659    0.004603423409146    0.024684807742950   -0.004471833211834   -0.000523598049640 
  -0.024576067632163   -0.000712451577086    0.004593383016411    0.024894133179658   -0.002326251162085   -0.000124973861286 
  -0.024986968841175   -0.000154219901184    0.001086988475859    0.024919127081175   -0.002360206738816    0.000088309716140 
  -0.024625053173120   -0.003228059156863    0.002930594935510    0.024876572589994   -0.003228059156863   -0.000721058718492 
  -0.024610851449353    0.004896774866816   -0.000944918142932    0.024770263893797    0.002164812066518    0.002762654818488 
  -0.024948616001457    0.002357566013514   -0.000717882714929    0.024770962616108    0.002357566013514    0.002671575775944 
  -0.024884196735289    0.002448129966111   -0.000570919412833    0.024795656668139    0.002392282195343    0.002727911708414 
  -0.024955682489766    0.003107894870950   -0.000179397262569    0.024893690314734    0.001487498298328    0.002190988731328 
  -0.024887776616399    0.001747739904037   -0.001086344554524    0.024929676904399    0.000766686735963    0.001710353722524 
  -0.025031723678538   -0.000609739280198    0.000321506206371    0.025031512777695   -0.000609739239548   -0.000099797386976 
  -0.025029279180933   -0.000508601001689   -0.000133479461406    0.025030562139991   -0.000649070781813    0.000077141436642 
  -0.025042690839987   -0.000819730773432    0.000476142251749    0.024974849079987   -0.001694695866568    0.000699155940251 
  -0.025009764505280   -0.000592257780498   -0.001287620854244    0.024937770457279   -0.000592257883502   -0.002118822169756 
  -0.025029345718417   -0.000474888258009   -0.000265055877786    0.025030218362902   -0.000474888226350   -0.000602670229275 
  -0.024994687277771   -0.000563285686309   -0.000947481488693    0.025016740082825   -0.000440511454789   -0.000337282538880 
  -0.025029685003953    0.000609739418405    0.000172792570454    0.025021618461272    0.000609739377756    0.000418149084245 
  -0.025032075135135    0.000649070945799    0.000182518540944    0.025027764517213    0.000508601093179    0.000393139428216 
  -0.024987820900381    0.001694695776754    0.000200497785751    0.025029721188381    0.000819730863246    0.000423511382250 
  -0.024938158782865    0.000592257780498    0.002111995196021    0.025009032366866    0.000592257883502    0.001312228467979 
  -0.025030826956227    0.000474888365650    0.000568301943612    0.025028006100240    0.000474888333991    0.000467807187425 
  -0.025017553365751    0.000440511583275    0.000369307771429    0.024993873994844    0.000563285814795    0.000979506721242 
  -0.024913170673288   -0.000557571064509   -0.002174983959431    0.024905581881019   -0.000581329124434   -0.002277764715985 
  -0.024901938640066   -0.000566884224000   -0.002160097180533    0.024888160768267   -0.000566884224000   -0.002300854413867 
  -0.024962145503167   -0.000592257832000   -0.001379355703667    0.024890151455167   -0.000592257832000   -0.002027087320333 
  -0.024972993289063    0.000280359905435    0.001144186503622    0.024855006777070   -0.000306128865434   -0.001249142935615 
  -0.024883727177533   -0.000579580833467   -0.002419167003667    0.024892902214134   -0.000570189850133   -0.002368304545333 
  -0.024878490789224   -0.000575899568000   -0.002417292200110    0.024884780469002   -0.000575899568000   -0.002371212403911 
  -0.024905592037201    0.000581329126317    0.002277815332131    0.024913151934101    0.000557571070485    0.002175034593284 
  -0.024888168953109    0.000566884224000    0.002300842742947    0.024901918638557    0.000566884224000    0.002160187984614 
  -0.024890423133000    0.000592257832000    0.002031373623667    0.024961296717000    0.000592257832000    0.001392850040333 
  -0.024855010446045    0.000306128884984    0.001249145271395    0.024972992942039   -0.000280359924985   -0.001144184327401 
  -0.024892904046862    0.000570189848819    0.002368256770213    0.024883731566884    0.000579580833326    0.002419119234904 
  -0.024884782584940    0.000575899568000    0.002371193111690    0.024878495362576    0.000575899568000    0.002417226067881 


       -0.384 
PELAGIC TRAWL		:           0 
Boat to door distance	:      200.02 
Boat Z force 		(N):      -20859 
Boat X force 		(N):       33069 
Warp tension		(N):       36597 
Bottom bridle tension	(N):       11204 
Top bridle tension	(N):       12537 
Head line immersion	(m):      -130.5 
Bottom line immersion 	(m):      -142.7 
Door immersion 		(m):      -110.7 
bottom drag (N)				:            0 
catch drag (N)				:            0 
element drag (N)				:        10050 
surface drag (N)				:        17420 
forces along X Y and Z axes (N)		:  33069.33875   6542.02488 -20859.14967 
maximal catch diameter (m) 			:        0.000 
thickness of the catch (m) 			:        0.000 
volume of the catch (m3) 			:       0.0000 
current amplitude (m/s)			:        2.058 
filtered surface (m2) 				:       165.56 
Drag of panels (N): 
1		3039.293614
2		1783.943165
3		1895.856070
4		421.287599
5		159.924590
6		166.519083
7		544.280334
8		221.828882
9		224.363376
10		583.221878
11		285.593575
12		289.561244
13		369.349917
14		264.332235
15		274.246203
16		476.680896
17		464.332575
18		483.118624
19		283.731425
20		460.428982
21		456.939140
22		777.248425
23		777.205502
24		1358.361012
25		1358.358858
