      1      268.035064719       13.042872305     -123.045013402
      2      273.316495351       11.301120676     -122.968922176
      3      287.346702762       11.322398409     -123.285226657
      4      309.169183443        4.249843322     -126.313501704
      5      308.775681588        2.805231052     -129.494218497
      6      286.192985815        9.058286641     -131.253387269
      7      272.057823987       10.551324770     -131.866177719
      8      266.800566082       12.451086628     -131.976296744
      9      286.495725270       10.607626985     -129.034820889
     10      286.958053520       10.807297359     -128.413201577
     11      267.826109675       11.699498227     -122.458333328
     12      286.320482826        1.699536733     -123.671704498
     13      286.367321707        0.000000000     -123.672629998
     14      309.205815890        0.000000000     -125.408952693
     15      266.559535568       11.470175729     -132.186391777
     16      285.167984907        1.696864969     -131.294607307
     17      285.254129772        0.000000000     -131.294054011
     18      308.726444411        0.000000000     -129.691544159
     19      313.001119389        3.166608180     -126.422290153
     20      312.697806510        2.084560020     -129.236388280
     21      313.096876650        0.000000000     -125.604948168
     22      312.699703793        0.000000000     -129.455144386
     23      316.909353334        2.620474741     -126.627192830
     24      316.661896290        1.660439707     -129.014439583
     25      317.011635732        0.000000000     -125.828429714
     26      316.680400198        0.000000000     -129.218977742
     27      321.622669885        2.069978650     -127.052400613
     28      321.440313336        1.230199086     -128.760547811
     29      321.699406254        0.000000000     -126.275486571
     30      321.451649480        0.000000000     -128.932981512
     31      326.321641586        1.445120615     -127.559818655
     32      326.226560500        0.867812590     -128.520449357
     33      326.382995746        0.000000000     -126.773878630
     34      326.225367554        0.000000000     -128.662268221
     35      334.223190467        0.458278838     -128.020634674
     36      334.211953932        0.328030341     -128.265687345
     37      334.226271786        0.000000000     -127.796095669
     38      334.213348073        0.000000000     -128.320315674
     39      344.222633721        0.072007124     -128.134135395
     40      344.222786075        0.000000000     -128.105190473
     41      344.222708708        0.000000000     -128.163233778
     42      364.238731785        0.000000000     -128.161582031
     43      364.235997430        0.071917397     -127.981463206
     44      364.238921196        0.000000000     -128.162815089
     45      386.653028791        0.000000000     -127.927251328
     46      386.647723259        0.003509704     -127.919535403
     47      386.653028826        0.000000000     -127.927251304
     48        0.000000000        0.000000000        0.000000000
     49      164.392636324       37.315002029     -107.702561842
     50      166.911695943       37.633250798     -106.104471086
     51      166.732737115       36.403556062     -109.344202901
     52      262.538810828       13.510013131     -122.077530221
     53      261.290150210       13.362374565     -132.397094105
     54      262.091415973       13.362374675     -134.232482301
     55      370.222430529        0.000000000     -128.184285411
     56      376.198870555        0.000000000     -128.202940064
     57      382.169815575        0.000000000     -128.226793824
     58      380.703411659        0.045279134     -127.907481989
     59      374.730602349        0.065182453     -127.911289545
     60      368.752436017        0.077459787     -127.927974353
     61      370.222445658        0.000000000     -128.184522234
     62      376.198873365        0.000000000     -128.202956781
     63      382.169815881        0.000000000     -128.226797165
     64      350.229004042        0.000000000     -128.136666673
     65      356.234901247        0.000000000     -128.146572918
     66      358.260705634        0.061217540     -128.080366057
     67      352.256022447        0.067568176     -128.104560679
     68      360.237280913        0.022510633     -128.120768096
     69      354.232923321        0.021171813     -128.128017238
     70      348.226936551        0.025426869     -128.122697373
     71      350.229120125        0.000000000     -128.150532010
     72      356.234686296        0.000000000     -128.142054537
     73      360.237121104        0.039503425     -128.091109590
     74      354.232735578        0.039625714     -128.114551384
     75      348.226926928        0.044452098     -128.132326356
     76      270.300112929       12.616761052     -123.116541048
     77      278.243580783       11.235772664     -123.167826257
     78      282.831638198       11.027694576     -123.420266807
     79      291.351353586       10.237648840     -123.724237697
     80      294.974985623        9.278956698     -123.974513610
     81      298.484574614        7.922972105     -124.733538473
     82      301.859192341        6.270881535     -125.665714096
     83      305.601412358        5.151364081     -126.107503570
     84      309.195567918        4.309377096     -126.349508655
     85      309.516610834        5.111256477     -126.979431247
     86      309.835924796        6.042162800     -128.072691847
     87      309.558852011        4.998608489     -128.882513390
     88      308.979382416        3.421715102     -129.368676119
     89      304.666916943        3.751025057     -129.757087043
     90      300.857286150        4.753317026     -130.017427882
     91      297.192001607        6.047405004     -130.467126325
     92      293.498204383        7.263391082     -130.897626872
     93      289.757091314        8.128884028     -130.988102460
     94      281.301347485        9.402530767     -131.394047290
     95      276.691640980        9.926642531     -131.608365871
     96      269.947494700       11.480050684     -131.901425262
     97      269.569496726       12.208777875     -131.635552945
     98      272.532662673       11.942890522     -131.246973916
     99      275.491941490       11.671672111     -130.833294287
    100      278.446934396       11.395120547     -130.393366025
    101      281.397143514       11.112694405     -129.925945640
    102      284.341632553       10.823461227     -129.427665607
    103      284.698768300       11.558618497     -126.939634425
    104      281.878992480       12.004310174     -126.017349684
    105      278.975627993       12.305616774     -125.324414590
    106      276.052816406       12.542937426     -124.690873182
    107      273.120448251       12.741793882     -124.089006301
    108      270.186159746       12.920547172     -123.490171111
    109      303.037317317        4.763034697     -129.767651535
    110      306.002407154        4.345178405     -129.508277998
    111      291.876090141        8.234350319     -130.707138638
    112      294.828308719        7.751355493     -130.429451668
    113      297.717099996        7.093598213     -129.944610070
    114      300.655809287        6.586445468     -129.602937935
    115      303.608436634        6.144808695     -129.291694520
    116      306.560717022        5.699842710     -128.982794875
    117      280.162656740        9.720338803     -131.392466108
    118      283.160689962        9.716699783     -131.139237921
    119      286.153294552        9.642204409     -130.870244702
    120      289.133907986        9.407545496     -130.577288139
    121      292.085776338        8.955863917     -130.253819817
    122      294.993650899        8.356586291     -129.803955436
    123      297.931992072        7.845224814     -129.455286888
    124      300.877275415        7.379345046     -129.105844049
    125      303.813966198        6.889253372     -128.722023474
    126      306.782480235        6.695883254     -128.320436963
    127      274.294635040       10.603189236     -131.674234064
    128      277.289598327       10.581805114     -131.393118935
    129      280.280823214       10.503445528     -131.092667171
    130      283.266743342       10.353881479     -130.771031639
    131      286.242426969       10.108241765     -130.419736598
    132      289.203605004        9.760024712     -130.037644134
    133      292.139245552        9.278128583     -129.610185674
    134      295.083977415        8.782688246     -129.267993674
    135      298.030578026        8.314776570     -128.908577038
    136      300.952837086        7.771931649     -128.471212804
    137      303.847161491        7.182956834     -127.924650261
    138      306.647740752        6.257168003     -127.354539582
    139      271.482549882       11.647573520     -131.737905104
    140      274.475188404       11.618660963     -131.458640330
    141      277.460998635       11.499979789     -131.139032562
    142      280.437346009       11.300115212     -130.778380874
    143      283.398673203       11.006268812     -130.365736746
    144      286.335231931       10.594553528     -129.885454773
    145      289.240302422       10.035803534     -129.365051008
    146      292.187252550        9.545596936     -129.043048711
    147      295.132423437        9.068597792     -128.689722372
    148      298.053466958        8.527477256     -128.246795662
    149      300.936743119        7.887480678     -127.705495098
    150      303.744129200        6.986172067     -127.139838761
    151      306.320229011        5.588629048     -126.488900554
    152      289.250003253       10.135901040     -128.833729430
    153      292.204981642        9.677631271     -128.421157454
    154      295.138917065        9.181996176     -127.928256080
    155      298.017076486        8.497311465     -127.361139475
    156      300.802302645        7.490307799     -126.820652502
    157      303.376533563        6.076399094     -126.159321611
    158      289.836675748       10.940921617     -127.276619722
    159      292.760812722       10.543535759     -126.704221343
    160      295.662080021        9.947640843     -126.195120408
    161      298.447238072        8.951097960     -125.670851591
    162      287.298960991       11.859938113     -125.966250303
    163      290.254519552       11.656083636     -125.484683124
    164      293.186781939       11.193891492     -125.043531860
    165      295.860597512        9.938364554     -124.514662144
    166      284.452752515       12.494674127     -125.261233342
    167      287.378614376       12.083654458     -124.740701911
    168      290.278957649       11.685826152     -124.486113324
    169      292.923517581       10.340299598     -124.042978949
    170      281.539530985       12.869889290     -124.650320835
    171      284.427406507       12.190863102     -124.204002228
    172      287.306703590       11.642926531     -124.066108422
    173      278.619863245       12.967688527     -123.966612755
    174      281.459252166       12.171239259     -123.755789362
    175      284.335759006       11.412566052     -123.693583066
    176      275.691451293       12.985220295     -123.313981462
    177      278.481051769       11.973002220     -123.431081913
    178      272.715344193       12.649938588     -123.127969044
    179      275.506487515       11.645098945     -123.166935292
    180      270.520503634       10.494493006     -122.672781363
    181      273.383676015        9.152267655     -122.886067219
    182      276.219590237        7.754046888     -123.081491145
    183      279.021246233        6.290140990     -123.259261619
    184      281.753999688        4.707563762     -123.424594317
    185      284.408442200        3.001820170     -123.574708244
    186      291.708490543        0.000000000     -124.057815896
    187      297.514018707        0.000000000     -124.544008282
    188      303.362802957        0.000000000     -125.040726810
    189      309.194638970        1.382420050     -125.556583537
    190      309.149330849        2.836185651     -125.920595082
    191      270.545248877       11.059150108     -122.649938401
    192      299.720127362        6.810936906     -124.915245141
    193      302.302195432        5.397837080     -125.512564675
    194      305.117062942        4.363999729     -125.710968247
    195      307.986434110        3.488951540     -125.936159496
    196      288.971276439       10.190796803     -123.518348412
    197      291.693912499        9.050532523     -123.538426409
    198      294.345642014        7.678588358     -123.833873110
    199      296.860050032        6.115943228     -124.323605847
    200      299.427067523        4.695917722     -124.956547807
    201      302.249585852        3.689667244     -125.130495920
    202      305.097064866        2.799073002     -125.459348016
    203      308.014363385        2.119992028     -125.660319253
    204      283.262510511       10.486271664     -123.257184483
    205      286.032414778        9.613133937     -123.314645216
    206      288.769343969        8.387263631     -123.398037186
    207      291.426578832        7.010961946     -123.614604556
    208      293.950827626        5.437554322     -124.011031827
    209      296.527461372        3.992533088     -124.541062877
    210      299.352911404        2.998468784     -124.744059182
    211      302.198148344        2.093622640     -125.059249988
    212      305.111335075        1.401821995     -125.284437589
    213      308.034638394        0.729060447     -125.402860992
    214      277.432082797       10.909434593     -123.023938420
    215      280.295420071       10.056215311     -123.095654167
    216      283.097775572        8.989603379     -123.192625503
    217      285.833166183        7.763027262     -123.318963487
    218      288.490527031        6.383927446     -123.524147908
    219      291.019708025        4.798644665     -123.837528577
    220      293.606573238        3.323752720     -124.217966932
    221      296.437128724        2.344341496     -124.440547067
    222      299.281547513        1.422630391     -124.727464340
    223      302.192902623        0.719925787     -124.967614723
    224      274.467126382       10.465641642     -122.880958960
    225      277.336121931        9.556881939     -122.990128853
    226      280.140590786        8.469029826     -123.119122264
    227      282.878102684        7.225864175     -123.272767674
    228      285.538297723        5.829578726     -123.459502470
    229      288.072634111        4.223206170     -123.694304340
    230      290.663821665        2.714562347     -123.962313438
    231      293.504378209        1.739352789     -124.195588433
    232      296.350670766        0.785982126     -124.446290536
    233      271.492885579       10.415986068     -122.681659787
    234      274.348883434        9.288431970     -122.848652963
    235      277.164831027        8.074365050     -123.018287086
    236      279.916200024        6.731857713     -123.193124885
    237      282.591007163        5.252518360     -123.371961216
    238      285.139042508        3.574219406     -123.557179677
    239      287.738882284        1.991788101     -123.761845543
    240      290.593976443        1.026080026     -123.972548075
    241      269.600983361       10.018159621     -132.077208516
    242      272.438248488        8.630194028     -131.963160951
    243      275.261059557        7.215485461     -131.837630952
    244      278.065779163        5.768513557     -131.700534266
    245      280.842480020        4.273879335     -131.552286343
    246      283.569735766        2.699331058     -131.393952179
    247      285.189509502        1.585579690     -131.293798429
    248      290.958161320        0.000000000     -130.911699474
    249      296.785291363        0.000000000     -130.502633288
    250      302.757469323        0.000000000     -130.084756662
    251      308.738677797        0.857943192     -129.652684746
    252      308.750864309        1.807180492     -129.576338598
    253      268.879925861       10.867671888     -132.069588744
    254      305.747821632        0.435460198     -129.874726069
    255      299.776218636        0.497424364     -130.290991146
    256      302.775809806        0.908819050     -130.069582458
    257      305.770289566        1.327081662     -129.832771645
    258      293.860536587        0.805658066     -130.706457211
    259      296.843696582        1.218239758     -130.497566329
    260      299.835094137        1.531535444     -130.281180616
    261      302.819164107        1.867741783     -130.048202438
    262      305.789518526        2.275900990     -129.793581604
    263      288.096853384        0.945282146     -131.105706534
    264      290.979972710        1.763880386     -130.899489032
    265      293.961334377        2.112756580     -130.695735346
    266      296.951615912        2.372717301     -130.483239541
    267      299.934369089        2.685332143     -130.254171343
    268      302.902163540        3.084713344     -129.988821540
    269      288.064705288        2.628701143     -131.088453626
    270      291.070315020        2.983334028     -130.888392465
    271      294.077504098        3.243864251     -130.678516702
    272      297.071015214        3.575782872     -130.441240558
    273      300.046758780        3.999842852     -130.166666001
    274      285.385148439        4.067528483     -131.242209563
    275      288.374196019        4.330935915     -131.070052994
    276      291.368692383        4.524610900     -130.914899276
    277      294.353403401        4.813328462     -130.749745938
    278      297.318644087        5.208672466     -130.499180243
    279      282.670777551        5.445412295     -131.388741597
    280      285.663291143        5.650575810     -131.232402021
    281      288.660287092        5.811368781     -131.106225124
    282      291.648006432        6.090797784     -130.987732459
    283      294.617570025        6.482932549     -130.791657964
    284      279.911140925        6.736529461     -131.530234430
    285      282.907172075        6.876639162     -131.379314355
    286      285.906012153        7.000708270     -131.261569412
    287      288.893787329        7.272045264     -131.136681351
    288      277.109102729        7.939960265     -131.668732534
    289      280.107426130        8.003630610     -131.513312758
    290      283.107888444        8.085203500     -131.385101951
    291      286.095562488        8.349876174     -131.234117671
    292      274.266621210        9.053491340     -131.805908109
    293      277.264117264        9.021201486     -131.639146710
    294      280.262720795        9.039508601     -131.488574786
    295      271.399689658       10.109737684     -131.942695139
    296      274.394617600        9.973735240     -131.757362518
    297      313.329508319        4.337991058     -127.123364637
    298      313.540583731        4.799898272     -128.328705703
    299      312.982332540        3.231888975     -128.911754534
    300      313.067205361        1.447376332     -125.791484312
    301      312.699540928        0.809023658     -129.412245911
    302      310.715662925        0.539468922     -129.548731070
    303      310.727141844        1.498205360     -129.453194127
    304      317.203447954        3.724482780     -127.270770325
    305      316.962493362        2.989466867     -128.478070704
    306      316.999917928        1.170121175     -125.938692513
    307      316.676112574        0.628385725     -129.189470162
    308      314.689163251        0.408029286     -129.320437265
    309      314.681297312        1.089288701     -129.246561690
    310      321.623985854        2.078637317     -127.061825216
    311      321.631387312        2.302486806     -127.972019659
    312      317.985432833        2.172922662     -128.669089424
    313      318.206656959        3.056698982     -127.989654762
    314      318.163650397        2.889726388     -126.974221440
    315      321.680504255        1.108879015     -126.524629153
    316      321.445590982        0.651176890     -128.877954913
    317      319.064026073        0.383888576     -129.056763668
    318      319.053547267        1.041687075     -128.965957429
    319      326.278929117        1.242628804     -128.207530850
    320      322.714133886        1.604465971     -128.360535432
    321      322.804746735        2.092683204     -127.730819685
    322      322.839476370        1.270815848     -126.777879084
    323      322.868709814        0.209850403     -126.417826497
    324      323.835339218        0.382255977     -128.760240813
    325      330.792745095        0.818388066     -127.851304785
    326      334.223195069        0.458503067     -128.022749961
    327      329.675940396        0.620587585     -128.385724433
    328      328.912357884        0.804735914     -128.296702014
    329      331.909348652        0.629600904     -128.091957454
    330      328.305837061        0.854492083     -127.389832998
    331      331.262645480        0.353077426     -127.539989603
    332      330.216843377        0.146506622     -128.464750000
    333      338.938438006        0.178076554     -128.107280496
    334      339.489778839        0.142121108     -128.175307047
    335      337.863605953        0.210243717     -128.172573309
    336      340.216006508        0.000000000     -128.071285115
    337      337.964166272        0.187760892     -128.059964026
    338      340.215162091        0.000000000     -128.199443922
    339      336.212055181        0.207623181     -128.242240498
    340       18.738654899        3.618262003      -11.411825316
    341       37.381749720        7.353268775      -22.941694219
    342       55.921113625       11.210872903      -34.597524065
    343       74.347685484       15.197337712      -46.387832767
    344       92.651411770       19.319374962      -58.321794991
    345      110.821043977       23.584166093      -70.409246095
    346      128.844079332       27.999422785      -82.660794464
    347      146.706511752       32.573412262      -95.087826292
    348      180.554606464       34.695039078     -109.167458231
    349      194.212657633       31.602635548     -112.002573575
    350      207.881891064       28.347901701     -114.591131874
    351      221.557050332       24.921948690     -116.913631148
    352      235.231222414       21.314866940     -118.949766138
    353      248.895568559       17.515313032     -120.678417639
    354      180.235497179       33.363561112     -112.901087735
    355      193.741493133       30.243928479     -116.375661001
    356      207.249973423       27.042234778     -119.764674800
    357      220.760115863       23.755943157     -123.064799051
    358      234.270940385       20.382410752     -126.272602720
    359      247.781371861       16.918858185     -129.384572377
    0.0000110 
    0.0000110 
    0.0006394 
    0.0006337 
    0.0006280 
    0.0006223 
    0.0006165 
    0.0006107 
    0.0006050 
    0.0005991 
    0.0005933 
    0.0000465 
    0.0000995 
   -0.0000358 
    0.0001531 
    0.0001504 
    0.0001479 
    0.0001454 
    0.0001430 
    0.0001406 
    0.0001384 
    0.0003332 
    0.0003304 
    0.0003277 
    0.0003250 
    0.0003224 
    0.0003197 
    0.0003171 
    0.0002950 
    0.0000486 
    0.0001945 
    0.0004979 
    0.0000304 
    0.0000069 
    0.0000035 
    0.0000024 
    0.0000214 
    0.0000160 
    0.0000751 
    0.0000238 
   -0.0029126 
   -0.0033473 
   -0.0038035 
   -0.0043855 
   -0.0055817 
   -0.0066595 
   -0.0071024 
    0.0000350 
    0.0000336 
    0.0000317 
    0.0000291 
    0.0000261 
    0.0000214 
    0.0000162 
   -0.0058834 
   -0.0060938 
   -0.0062982 
   -0.0066190 
   -0.0072662 
   -0.0084513 
   -0.0098350 
    0.0001146 
    0.0001134 
    0.0001123 
    0.0001111 
    0.0001100 
    0.0001086 
    0.0001061 
    0.0000205 
    0.0001072 
    0.0001446 
    0.0001525 
    0.0010523 
    0.0007892 
    0.0001874 
    0.0013337 
   -0.0018212 
   -0.0036331 
   -0.0045258 
   -0.0051097 


  -0.382870310861997    0.117634786518620   -0.008211558344237    0.399328438305209   -0.002851216326599    0.037482017112931 
  -0.378647108308335    0.128830686594696    0.007227508500305    0.400609524148603    0.002935802925996    0.032660925779719 
  -0.371930395095454    0.136530542290918   -0.010262350494504    0.399243806456270   -0.021847335346328    0.029619597325640 
  -0.382677056403682    0.116356447825261   -0.008921572937379    0.401546662450890   -0.017524315103687    0.029332287849114 
  -0.383074455098889    0.114862174810699   -0.000087043698215    0.399495811148921   -0.000578020114305    0.030820927185589 
  -0.376211792874767    0.095633788159688    0.020471841939046    0.398813302170459    0.011023374944462    0.029153546008842 
  -0.383982233131807    0.104899432669120    0.006209433370176    0.398829984912936   -0.010447944733755    0.040060235300344 
  -0.383074455098889    0.114862174810699   -0.000087043698215    0.399737762945855   -0.000485202592175    0.033763758231953 
  -0.376183129570430    0.092640060800875    0.021430730011971    0.399013945300817   -0.009932716567229    0.035865762519321 
  -0.384873494716529    0.094890276060398    0.013228408373717    0.399013945300817   -0.009932716567229    0.035865762519321 
  -0.365369263681697    0.157847419104684    0.014924366319350    0.387368243574489   -0.080156025509793    0.042872615726759 
  -0.378822990016216    0.128140483484818    0.007450009862598    0.399737762945855   -0.000485202592175    0.033763758231953 
  -0.375254656448093    0.138247446544470   -0.008736185893213    0.399328438305209   -0.002851216326599    0.037482017112931 
  -0.385272460031427    0.097973736418939   -0.013307619854694    0.399951029952908   -0.004930804274531    0.032982670297804 
  -0.374944687673792    0.139251237814227   -0.008489472065078    0.396367925330526   -0.019251569772473    0.031311068037562 
  -0.387467214743392    0.083131370477387   -0.005460112167575    0.395561520528978   -0.034615536157637    0.048677685672041 
  -0.388763570619116    0.071596172266906   -0.001169218772359    0.399018469530908   -0.003855007596355    0.037235303284797 
  -0.375976610504404    0.132871234819626   -0.006182052175905    0.398122683716095   -0.019941873175951    0.042884737522862 
  -0.383982233131807    0.104899432669120    0.006209433370176    0.398122683716095   -0.019941873175951    0.042884737522862 
  -0.392106227884636    0.046462753619060    0.010477913334570    0.398108030856626   -0.015824156458599    0.042614369017652 
  -0.375976610504404    0.132871234819626   -0.006182052175905    0.398108030856626   -0.015824156458599    0.042614369017652 
  -0.394096083952182    0.035022460796048    0.017533302948270    0.394570508958767   -0.036162454810622    0.055157283886452 
  -0.390974013680142    0.053823062584194    0.007029350281691    0.395088792977973   -0.035451647032288    0.051810537158663 
  -0.377252977732231    0.126164497684949   -0.000979897907443    0.396846316488268   -0.026648610310628    0.048086891791324 
  -0.374944687673792    0.139251237814227   -0.008489472065078    0.399018469530908   -0.003855007596355    0.037235303284797 
  -0.375254656448093    0.138247446544470   -0.008736185893213    0.398829984912936   -0.010447944733755    0.040060235300344 
  -0.384873494716529    0.094890276060398    0.013228408373717    0.397415124519095   -0.031287855081527    0.039060875125233 
  -0.329449714347784    0.219182399830463    0.047164800553716    0.388998504290181   -0.042338259551649    0.027785011952417 
  -0.365624287300996    0.156426023587489    0.017313399937109    0.397415124519095   -0.031287855081527    0.039060875125233 
  -0.365624287300996    0.156426023587489    0.017313399937109    0.393629143693405   -0.064399310084186    0.037024929328474 
  -0.328915409636857    0.216636893216553    0.048230945194382    0.393629143693405   -0.064399310084186    0.037024929328474 
  -0.385530802243109    0.093426169231315    0.021006872113890    0.396757816992514   -0.032751961910609    0.046839338865406 
  -0.315340093415578    0.247348259593674    0.009579059206990    0.394022215996674   -0.063393542498886    0.033173530449565 
  -0.330149606236140    0.226845496969118    0.001629974314325    0.397900903567588   -0.058023763524736    0.035255436663962 
  -0.317722822792106    0.242941369136522    0.010243522399481    0.385172170350870   -0.087700970731183    0.064645546486713 
  -0.317615846644012    0.243432624932487    0.009956200449787    0.386634178278703   -0.080987138899625    0.060718811641843 
  -0.315909055504226    0.245891781756759    0.011214292276842    0.383401587307456   -0.090581136555857    0.063697889808044 
  -0.365670984021214    0.160601123150736    0.023417580108791    0.393582446973187   -0.060224210520939    0.043129109500156 
  -0.363126546353222    0.168398410400535    0.018753951176351    0.391827905414637   -0.067620365972994    0.045556284596758 
  -0.363126546353222    0.168398410400535    0.018753951176351    0.385172170350870   -0.087700970731183    0.064645546486713 
  -0.379167168776022    0.119736939645452    0.007199980289878    0.394823737933810   -0.046428940391138    0.050945661892013 
  -0.385530802243109    0.093426169231315    0.021006872113890    0.393582446973187   -0.060224210520939    0.043129109500156 
  -0.394949511775745    0.031454769108550    0.020184699983943    0.396846316488268   -0.026648610310628    0.048086891791324 
  -0.379167168776022    0.119736939645452    0.007199980289878    0.394843625948723   -0.039179519950106    0.055019217062727 
  -0.384289511282486    0.107221439361117    0.028823424505746    0.394823737933810   -0.046428940391138    0.050945661892013 
  -0.377252977732231    0.126164497684949   -0.000979897907443    0.396757816992514   -0.032751961910609    0.046839338865406 
  -0.380587379597334    0.122872305635940    0.025835968287197    0.391418739704015   -0.064252817206560    0.056994461335724 
  -0.384289511282486    0.107221439361117    0.028823424505746    0.387716608018862   -0.079903683481384    0.059981917554273 
  -0.386525750651344    0.101023326723459    0.032684622093980    0.387342732089238   -0.074499999214611    0.069387168627937 
  -0.382449743036568    0.111270508731510    0.020291914801768    0.391418739704015   -0.064252817206560    0.056994461335724 
  -0.392187979434730    0.079648041444446    0.035912059906433    0.392926683741507   -0.065360879722366    0.042933639526810 
  -0.397019147540281    0.033888963324145    0.030959789550515    0.391541163673264   -0.054895371305080    0.064037596403902 
  -0.380587379597334    0.122872305635940    0.025835968287197    0.391778823130843   -0.068181530221507    0.046489139750137 
  -0.382449743036568    0.111270508731510    0.020291914801768    0.391541163673264   -0.054895371305080    0.064037596403902 
  -0.365670984021214    0.160601123150736    0.023417580108791    0.387716608018862   -0.079903683481384    0.059981917554273 
  -0.396867811341758    0.026567986835409    0.027494649733787    0.394843625948723   -0.039179519950106    0.055019217062727 
  -0.386525750651344    0.101023326723459    0.032684622093980    0.392630915095409   -0.066058711581654    0.045625599879391 
  -0.364786136920249    0.160693998738817    0.014573379046412    0.398253274899842   -0.027019879930199    0.036320854234536 
  -0.394453446728482    0.056550962157785    0.031203457465027    0.387342732089238   -0.074499999214611    0.069387168627937 
  -0.397701667072850    0.027424506173781    0.031602868975588    0.393361215760115   -0.037656818904112    0.062322717937040 
  -0.392028796614612    0.076383255158578    0.032350475804471    0.391653221180563   -0.039242589435424    0.071426312342505 
  -0.322755031452646    0.107331591068086    0.210509593076105    0.391570254535228   -0.009004324897931    0.079506963149893 
  -0.307607322525502    0.104471061589002    0.086716235368815    0.400072972516143   -0.064536986817300    0.037607627147511 
  -0.396424374159608    0.043075121344684    0.032309644049630    0.392598538572239   -0.038564423713009    0.066437337735662 
  -0.389708211592764    0.031642753613614    0.084472187651642    0.393130391287383    0.053907292466239    0.051434809491766 
  -0.391238467391387    0.023833772063006    0.079844691994998    0.394344356678533    0.020426887028340    0.063934789896126 
  -0.391108186629718    0.022240933158153    0.080937765284173    0.389661657101464   -0.036245657486113    0.017761961490839 
  -0.390982420581895    0.026514194170951    0.080248917528670    0.393833654502828    0.039829512880868    0.058182014792985 
  -0.387115264931943    0.040174213244067    0.092391345970094    0.393505355297270    0.043325379997110    0.058348664180381 
  -0.375970109335920    0.059425556997701    0.122971298738778    0.393346440497127    0.016972858147542    0.073995097205419 
  -0.396551096886751    0.025703245075783    0.026130443019915    0.393999054068703   -0.036873541924436    0.058657101633052 
  -0.317534403997615    0.243121436119567    0.021961813354183    0.391827905414637   -0.067620365972994    0.045556284596758 
  -0.317534403997615    0.243121436119567    0.021961813354183    0.395345311664414   -0.055714172253705    0.034583138240009 
  -0.338951811029835    0.213258454688650    0.002819859898167    0.400611756658743   -0.047138170098992    0.033798520633106 
  -0.363175628637017    0.167837246152022    0.019686806329730    0.391778823130843   -0.068181530221507    0.046489139750137 
  -0.363175628637017    0.167837246152022    0.019686806329730    0.393683646235900   -0.058884903052929    0.041499122053987 
  -0.319196069426130    0.239950705320343    0.028877797168161    0.393683646235900   -0.058884903052929    0.041499122053987 
  -0.330444482043506    0.227111988105627    0.001552401466990    0.395345311664414   -0.055714172253705    0.034583138240009 
  -0.320943503209178    0.239610474139699    0.030719051408730    0.395384818857387   -0.058988566813584    0.039345365094447 
  -0.364154829127475    0.164604846802930    0.024780062739304    0.393637385074339   -0.059328797994228    0.041186619335015 
  -0.319196069426130    0.239950705320343    0.028877797168161    0.393637385074339   -0.059328797994228    0.041186619335015 
  -0.366233443192429    0.158588088271858    0.034769520061726    0.391558771009386   -0.065345556525299    0.051176076657437 
  -0.364154829127475    0.164604846802930    0.024780062739304    0.392704445745441   -0.062117302402021    0.046592378463561 
  -0.321648827481426    0.232202838097684    0.032029731233150    0.398911440218628   -0.021950386603508    0.032791965972345 
  -0.341000947903698    0.209617976062042    0.001729850613749    0.386267798541696   -0.072621520485246    0.026168455642183 
  -0.379559651884711    0.124724203221568    0.026302268110715    0.392704445745441   -0.062117302402021    0.046592378463561 
  -0.386229982005246    0.101721158582746    0.029992661741399    0.392880081493498   -0.062388223456247    0.047922218157824 
  -0.379735287632767    0.124995124275794    0.024972428416451    0.392880081493498   -0.062388223456247    0.047922218157824 
  -0.391633239623995    0.078707213952533    0.027909237480215    0.393609440431643   -0.066518821250874    0.033084011925311 
  -0.391633239623995    0.078707213952533    0.027909237480215    0.392689451667146   -0.063599885811484    0.047110178595741 
  -0.386420611831598    0.100509496227510    0.029180622179316    0.392689451667146   -0.063599885811484    0.047110178595741 
  -0.386229982005246    0.101721158582746    0.029992661741399    0.392926683741507   -0.065360879722366    0.042933639526810 
  -0.386420611831598    0.100509496227510    0.029180622179316    0.389634541302068   -0.072379322868978    0.058315231208913 
  -0.381483881592029    0.117690436877889    0.033441422662190    0.395801871640394   -0.025782682400411    0.053544868136400 
  -0.390325572674753    0.081204463888652    0.035808655757758    0.393997118616388   -0.061102635875365    0.055009596873284 
  -0.390325572674753    0.081204463888652    0.035808655757758    0.389472469380659   -0.072149404818796    0.059056894609663 
  -0.315774119250083    0.168438712811398    0.152605030901177    0.391191389697519   -0.066084679301994    0.065720183182549 
  -0.315774119250083    0.168438712811398    0.152605030901177    0.393997118616388   -0.061102635875365    0.055009596873284 
  -0.386582683753007    0.100739414277692    0.029922285580066    0.389472469380659   -0.072149404818796    0.059056894609663 
  -0.381483881592029    0.117690436877889    0.033441422662190    0.389634541302068   -0.072379322868978    0.058315231208913 
  -0.379559651884711    0.124724203221568    0.026302268110715    0.391558771009386   -0.065345556525299    0.051176076657437 
  -0.338361967592793    0.122535532699192    0.174715922496961    0.382899734457369   -0.000557690658428    0.059621590605924 
  -0.366233443192429    0.158588088271858    0.034769520061726    0.395801871640394   -0.025782682400411    0.053544868136400 
  -0.379735287632767    0.124995124275794    0.024972428416451    0.392630915095409   -0.066058711581654    0.045625599879391 
  -0.391375832482042    0.064943144007601    0.052771560256305    0.385909920750381   -0.078529975270700    0.072875005730515 
  -0.356282231536119    0.177374201989381    0.043265501910301    0.393225269407452   -0.038233627147229    0.064710703808953 
  -0.388055782966156    0.093936512552698    0.029220688472475    0.384436821537232   -0.085332876995694    0.072173408622924 
  -0.386582683753007    0.100739414277692    0.029922285580066    0.385909920750381   -0.078529975270700    0.072875005730515 
  -0.391375832482042    0.064943144007601    0.052771560256305    0.373410568111118   -0.123438510806314    0.076014757247704 
  -0.354438579180277    0.178957994232058    0.048180956290584    0.384007007628242   -0.046152588360611    0.040133431907542 
  -0.387879206715543    0.057905861192612    0.053327013127550    0.345304011896114   -0.182026704316632    0.092441066915540 
  -0.388846297329324    0.086400884158627    0.040318916842272    0.346040575154881   -0.193318134886095    0.043670761987788 
  -0.388630669847402    0.081956203307057    0.032461702295957    0.344962437745269   -0.171094730628248    0.082956834719361 
  -0.387148206981692    0.097200541810294    0.028626776138342    0.373410568111118   -0.123438510806314    0.076014757247704 
  -0.394031689327670    0.041499492111286    0.057572453762320    0.376066424956747   -0.099994858909999    0.071213863741689 
  -0.395696015990104    0.078047554557247    0.032085570412416    0.342927066672708   -0.197115102886722    0.039928331792400 
  -0.389288884422065    0.081310771489091    0.045914083007170    0.374318144095582   -0.120174481548719    0.075420844913572 
  -0.388055782966156    0.093936512552698    0.029220688472475    0.374318144095582   -0.120174481548719    0.075420844913572 
  -0.313999528666674    0.193377250449680    0.155469208950584    0.383754589473059   -0.091291294912057    0.075615547299450 
  -0.389288884422065    0.081310771489091    0.045914083007170    0.383754589473059   -0.091291294912057    0.075615547299450 
  -0.392243540669187    0.067218097635367    0.042558167866357    0.371363487848460   -0.134267155402443    0.072064929772758 
  -0.388606652357892    0.087269189405454    0.042471944330644    0.384436821537232   -0.085332876995694    0.072173408622924 
  -0.392492726500495    0.065036006146060    0.043943859102118    0.339176695529164   -0.207939696193207    0.044093947313351 
  -0.395331982557664    0.061213070048264    0.044069290039612    0.343048411150188   -0.202726597723050    0.043922905001465 
  -0.383555245366713    0.082884658438460    0.078146811241694    0.343230789048251   -0.188521160620791    0.088177452112738 
  -0.392492726500495    0.065036006146060    0.043943859102118    0.343230789048251   -0.188521160620791    0.088177452112738 
  -0.383965840332516    0.084343929434024    0.082326602781398    0.344990485780998   -0.194775193468138    0.070264018854730 
  -0.314008609664567    0.194772021486886    0.153306788111811    0.371363487848460   -0.134267155402443    0.072064929772758 
  -0.392243540669187    0.067218097635367    0.042558167866357    0.343479974879559   -0.186339069131485    0.086791760876976 
  -0.387148206981692    0.097200541810294    0.028626776138342    0.343479974879559   -0.186339069131485    0.086791760876976 
  -0.317080579013411    0.181538611046570    0.163204631530853    0.389884929934192   -0.052984781066821    0.076319783812225 
  -0.388606652357892    0.087269189405454    0.042471944330644    0.391191389697519   -0.066084679301994    0.065720183182549 
  -0.314008609664567    0.194772021486886    0.153306788111811    0.303107717643760   -0.253071582241166    0.044815913653351 
  -0.379494463441089    0.084631468632638    0.094002261519171    0.394074474833966   -0.027180596823792    0.064208957273919 
  -0.338361967592793    0.122535532699192    0.174715922496961    0.389884929934192   -0.052984781066821    0.076319783812225 
  -0.389289032063940    0.013039898296948    0.091161077305446    0.393363268803396    0.043572372845869    0.055150859299436 
  -0.388429537297414    0.050028688330204    0.081455000904272    0.390114914742435   -0.054802622536666    0.069404190776483 
  -0.334172422693018    0.148339716942221    0.162605095958655    0.394074474833966   -0.027180596823792    0.064208957273919 
  -0.388429537297414    0.050028688330204    0.081455000904272    0.392775203983119    0.048800088378297    0.052272916921591 
  -0.330039744223086    0.166166753216706    0.153545139737673    0.390968318289727   -0.061625619234463    0.058820168498200 
  -0.334172422693018    0.148339716942221    0.162605095958655    0.386835639819795   -0.079452655508948    0.067880124719181 
  -0.393494382438598    0.014294485819582    0.071559957677732    0.386712436518314   -0.053043774164077    0.033945144970183 
  -0.383454023532621    0.057009442919764    0.099197495021735    0.390968318289727   -0.061625619234463    0.058820168498200 
  -0.395753912142944   -0.002616512347982    0.059761715594376    0.383906277719795   -0.073058209515360    0.018385840879265 
  -0.393494382438598    0.014294485819582    0.071559957677732    0.385050069601251   -0.090536825047288    0.059509147549943 
  -0.330039744223086    0.166166753216706    0.153545139737673    0.371354406850567   -0.132872384365237    0.069902508933984 
  -0.383454023532621    0.057009442919764    0.099197495021735    0.390114914742435   -0.054802622536666    0.069404190776483 
  -0.317080579013411    0.181538611046570    0.163204631530853    0.386835639819795   -0.079452655508948    0.067880124719181 
  -0.395753912142944   -0.002616512347982    0.059761715594376    0.385050069601251   -0.090536825047288    0.059509147549943 
  -0.396814279963314   -0.044704227655955    0.024801655671712    0.391246683027463   -0.017649779482194    0.033355325272079 
  -0.390454926907546    0.002337569111936    0.087017505807883    0.378585189522247   -0.106193235692218    0.028109785838872 
  -0.394913229368453   -0.064579429408858    0.008925386139336    0.371328816728449   -0.120167666993500    0.013186818958735 
  -0.385349612212892   -0.033765402884906   -0.001963385388040    0.391581181907073   -0.054914436167133   -0.009871755399899 
  -0.396814279963314   -0.044704227655955    0.024801655671712    0.371946730190780   -0.134962410009259   -0.015613393483028 
  -0.390454926907546    0.002337569111936    0.087017505807883    0.394126706544133    0.026398054514748    0.061942341614769 
  -0.397093386239014   -0.026431605205104    0.043294326485983    0.371946730190780   -0.134962410009259   -0.015613393483028 
  -0.394348674274846   -0.034115417447020    0.039090417794990    0.384617029596865   -0.109443093397436    0.009609887890916 
  -0.397235563793519   -0.048913741546869    0.031956370338097    0.386842437178343   -0.100991641142532    0.012549788760102 
  -0.396608567248920   -0.043720436653186    0.035219549434375    0.387092150044640   -0.098923312278957    0.013849409646997 
  -0.396011397604088   -0.046164826724873    0.033435144378136    0.372152442905175   -0.133978619006489   -0.005195499720365 
  -0.397093386239014   -0.026431605205104    0.043294326485983    0.383534245276905   -0.101156427647014    0.008294172744907 
  -0.396608567248920   -0.043720436653186    0.035219549434375    0.372152442905175   -0.133978619006489   -0.005195499720365 
  -0.389289032063940    0.013039898296948    0.091161077305446    0.378585189522247   -0.106193235692218    0.028109785838872 
  -0.387709905304033    0.065591287990150    0.074322471493718    0.386712436518314   -0.053043774164077    0.033945144970183 
  -0.379494463441089    0.084631468632638    0.094002261519171    0.391388465994255    0.030976142389173    0.057901187638971 
  -0.387709905304033    0.065591287990150    0.074322471493718    0.356508743019375   -0.167403591725959    0.070515962199405 
  -0.344885408054279    0.131635545855984    0.154158593003094    0.285691515206092   -0.273454753594220    0.027003279661852 
  -0.396708090956380    0.021330722376076    0.049961831855815    0.352607990889176   -0.179403540492243    0.059084583267831 
  -0.391610657434232    0.053591339223866    0.062891092562144    0.352607990889176   -0.179403540492243    0.059084583267831 
  -0.391610657434232    0.053591339223866    0.062891092562144    0.292483911431648   -0.252917513180995    0.061552633390315 
  -0.344885408054279    0.131635545855984    0.154158593003094    0.356508743019375   -0.167403591725959    0.070515962199405 
  -0.377063189874002    0.083085728611478    0.103336559685882    0.272646462881316   -0.293137120447881    0.006399743731724 
  -0.383905020750285    0.040557559719795    0.051239600711016    0.297737752714760   -0.261804177793165    0.053608437289708 
  -0.352626371915764    0.129660857791197    0.137731053630747    0.291967975105225   -0.271853654470945    0.040322911939813 
  -0.396300541237118   -0.005719949531701    0.056000653586815    0.352372866087314   -0.163797386023318    0.055600648189783 
  -0.396125944585833   -0.030714730479637    0.049670047460017    0.383534245276905   -0.101156427647014    0.008294172744907 
  -0.392276212204680   -0.058881502982772    0.025213313710191    0.371065221903023   -0.034655108164640    0.076463839367177 
  -0.396125944585833   -0.030714730479637    0.049670047460017    0.369781977775972   -0.025266183996929    0.084616083950453 
  -0.396468378242395   -0.034884326357275    0.046130416550322    0.384159253273524   -0.109609148799185    0.011130262809246 
  -0.381721877165344    0.090219489323395    0.075261991011709    0.356578249307190   -0.136122552149708    0.061156802361402 
  -0.396300541237118   -0.005719949531701    0.056000653586815    0.383906277719795   -0.073058209515360    0.018385840879265 
  -0.313999528666674    0.193377250449680    0.155469208950584    0.371354406850567   -0.132872384365237    0.069902508933984 
  -0.310659319087860    0.118914347767073    0.104564256495558    0.388882318454165   -0.011578270831039    0.103050371278903 
  -0.390703920031553   -0.056886577050351    0.029883413890747    0.371619068236712   -0.141340737618193   -0.043975755692226 
  -0.389532505484566   -0.086666824309324    0.004499600000506    0.377734392429516   -0.061082995421217    0.033907650699187 
  -0.389853458507142   -0.090086849412702    0.001119078526722    0.371315331977993   -0.129483497488782   -0.033702778776503 
  -0.396018791391582   -0.048255698093013    0.033626465272203    0.389931668038635   -0.080083003711275    0.008953769140101 
  -0.395612058587722   -0.057340847010144    0.021537375405939    0.381778303216856   -0.113762570918743   -0.009562099569310 
  -0.393287554827656   -0.040408454119783    0.035677032232105    0.384102806976922   -0.096830178028382    0.004577557256856 
  -0.395612058587722   -0.057340847010144    0.021537375405939    0.369320569030257   -0.116418363497164   -0.007661431113331 
  -0.395327522069169   -0.059172393462447    0.019063928092849    0.390277302699841   -0.085541351395993    0.001672500550424 
  -0.396578888249829   -0.038130648549131    0.041905144120948    0.382792440004157   -0.095923323326256    0.007057133487828 
  -0.394573085291631   -0.066577782989814    0.014070041920564    0.381778303216856   -0.113762570918743   -0.009562099569310 
  -0.391848221454878   -0.077021715421083    0.027160426189893    0.369320569030257   -0.116418363497164   -0.007661431113331 
  -0.391848221454878   -0.077021715421083    0.027160426189893    0.363018141274999   -0.152035237338862   -0.002677066224025 
  -0.385316953843709   -0.077076210107088    0.060812306043666    0.356624673473124   -0.139105562570775   -0.016081402890914 
  -0.378445404348634   -0.084222325783578    0.082413449275502    0.344087449085368   -0.190553716520411   -0.074274783825072 
  -0.389208424319668   -0.089016854890871    0.029235807147673    0.335254402396193   -0.208352683949189   -0.065297698240509 
  -0.386255170244090   -0.090508574440006    0.053666571134215    0.353563935420251   -0.182925888709980   -0.039392893442808 
  -0.389208424319668   -0.089016854890871    0.029235807147673    0.353563935420251   -0.182925888709980   -0.039392893442808 
  -0.391285227490888   -0.083137407841157    0.016269295113282    0.364923892149750   -0.163449374180495   -0.011118929293485 
  -0.389942470580127   -0.088435852262716    0.018718563120433    0.364923892149750   -0.163449374180495   -0.011118929293485 
  -0.391490371514245   -0.083231515903884    0.010543159792691    0.364718748126393   -0.163543482243222   -0.016845064614076 
  -0.391285227490888   -0.083137407841157    0.016269295113282    0.373647400127091   -0.142214924328177   -0.012929511405988 
  -0.391473573527871   -0.083604599963356    0.012060886404470    0.354314779667084   -0.183879975397607   -0.027357922803789 
  -0.391490371514245   -0.083231515903884    0.010543159792691    0.354297981680710   -0.183506891338135   -0.028875649415568 
  -0.391473573527871   -0.083604599963356    0.012060886404470    0.336566505880364   -0.209787683142346   -0.052856969493325 
  -0.394008466487670   -0.071621744894069    0.006159441749990    0.364718748126393   -0.163543482243222   -0.016845064614076 
  -0.389942470580127   -0.088435852262716    0.018718563120433    0.354297981680710   -0.183506891338135   -0.028875649415568 
  -0.394291304869125   -0.069409807054681    0.009800431799166    0.373647400127091   -0.142214924328177   -0.012929511405988 
  -0.393630574340439   -0.073913162691989    0.008619391763015    0.337224132540344   -0.211371037435675   -0.041784089182242 
  -0.393550269547330   -0.060425763493499    0.043550604100979    0.363018141274999   -0.152035237338862   -0.002677066224025 
  -0.393630574340439   -0.073913162691989    0.008619391763015    0.354314779667084   -0.183879975397607   -0.027357922803789 
  -0.396565440352189   -0.006620743178725    0.026573223018050    0.390311597700423   -0.087624385081856   -0.021614412840560 
  -0.395892353476760   -0.034567223940702    0.045569110737491    0.390600063504178   -0.099601448265561   -0.013473318103657 
  -0.398298466386867   -0.035793329184429    0.018863451955925    0.380799713959717   -0.150340546451816   -0.022265756803720 
  -0.396565440352189   -0.006620743178725    0.026573223018050    0.382532739994394   -0.121167960446111   -0.014555985741595 
  -0.394573085291631   -0.066577782989814    0.014070041920564    0.373929180549597   -0.145046948393043   -0.017199121527386 
  -0.398298466386867   -0.035793329184429    0.018863451955925    0.373929180549597   -0.145046948393043   -0.017199121527386 
  -0.395327522069169   -0.059172393462447    0.019063928092849    0.382532739994394   -0.121167960446111   -0.014555985741595 
  -0.388448457418219    0.091478302719160    0.027372153174278    0.385093537242870   -0.150688057444782   -0.022128010798134 
  -0.388952777784493    0.031402775116914    0.003551369441243    0.384913422826344   -0.172143603017013   -0.030635433559933 
  -0.386082967612811   -0.054465725733269   -0.014965702303175    0.381756317350278   -0.178963380068543   -0.028438114051860 
  -0.386082967612811   -0.054465725733269   -0.014965702303175    0.375459679143167   -0.161875589336421   -0.022617883080511 
  -0.388952777784493    0.031402775116914    0.003551369441243    0.380799713959717   -0.150340546451816   -0.022265756803720 
  -0.396767967793297   -0.052621970127808    0.013444690402800    0.375459679143167   -0.161875589336421   -0.022617883080511 
  -0.394920354655877   -0.065867528231078    0.010619038498813    0.366849199645268   -0.179000978185879   -0.023311706567239 
  -0.396767967793297   -0.052621970127808    0.013444690402800    0.365001586507848   -0.165755420082610   -0.020486054663252 
  -0.392972074688062   -0.076941382183980    0.011672167248357    0.356640951782128   -0.197245247148429   -0.023844844041220 
  -0.394920354655877   -0.065867528231078    0.010619038498813    0.354692671814314   -0.186171393195527   -0.024897972790764 
  -0.392972074688062   -0.076941382183980    0.011672167248357    0.337911518408540   -0.214183007524845   -0.031306915978602 
  -0.334802989969285   -0.217981839144140   -0.021053240600997    0.356640951782128   -0.197245247148429   -0.023844844041220 
  -0.394008466487670   -0.071621744894069    0.006159441749990    0.354692671814314   -0.186171393195527   -0.024897972790764 
  -0.357981516723885   -0.176686689246679   -0.026454693645667    0.366849199645268   -0.179000978185879   -0.023311706567239 
  -0.378096316240749   -0.128127264575996   -0.025281623667155    0.373554132817556   -0.195187453076107   -0.023702729893409 
  -0.357981516723885   -0.176686689246679   -0.026454693645667    0.364367127366995   -0.211010297114250   -0.022044359692997 
  -0.334802989969285   -0.217981839144140   -0.021053240600997    0.339738046071208   -0.223773193821838   -0.024695794892591 
  -0.378096316240749   -0.128127264575996   -0.025281623667155    0.378121896267188   -0.186429435617330   -0.026056523535171 
  -0.394291304869125   -0.069409807054681    0.009800431799166    0.365001586507848   -0.165755420082610   -0.020486054663252 
  -0.381037338541620   -0.089445184203995    0.085047649670764    0.335254402396193   -0.208352683949189   -0.065297698240509 
  -0.349392167294327   -0.010042003456260    0.162410575024318    0.344275742555017   -0.188413310149979   -0.079642604527644 
  -0.361904381560225   -0.036362981290475    0.167165965730060    0.331351037663595   -0.215602012623533   -0.074730442682507 
  -0.384370630493902   -0.046866030835437    0.097688739291441    0.375315668063665   -0.137844980124648   -0.026453809571054 
  -0.387389118273151   -0.058348315048146    0.094074185332053    0.370930315282587   -0.154526799196927   -0.031705145808731 
  -0.388527066485648   -0.050356132403917    0.082607649369789    0.380694581716106   -0.133328381044959   -0.006937117714289 
  -0.382330278614033   -0.089910998007095    0.077396310183182    0.375315668063665   -0.137844980124648   -0.026453809571054 
  -0.383350387836178   -0.093589247664666    0.074135582377052    0.344275742555017   -0.188413310149979   -0.079642604527644 
  -0.387896320835497   -0.090451854084028    0.041676535894857    0.336566505880364   -0.209787683142346   -0.052856969493325 
  -0.387896320835497   -0.090451854084028    0.041676535894857    0.342268998716660   -0.189336734107061   -0.084392261409431 
  -0.386614153438692   -0.093784617843597    0.055397990655505    0.376335777285810   -0.134166730467077   -0.023193081764924 
  -0.383350387836178   -0.093589247664666    0.074135582377052    0.376335777285810   -0.134166730467077   -0.023193081764924 
  -0.386223259757215   -0.092159794570325    0.051524898440088    0.376726670967287   -0.132541907193806   -0.027066173980342 
  -0.386614153438692   -0.093784617843597    0.055397990655505    0.343551166113465   -0.192669497866630   -0.070670806648783 
  -0.381343643997820   -0.092665823707584    0.078885239258839    0.342268998716660   -0.189336734107061   -0.084392261409431 
  -0.389451751209685   -0.089170715731163    0.043079459349434    0.343551166113465   -0.192669497866630   -0.070670806648783 
  -0.382330278614033   -0.089910998007095    0.077396310183182    0.382582822463852   -0.116673091871690   -0.030025499963436 
  -0.381343643997820   -0.092665823707584    0.078885239258839    0.335786839126545   -0.202754393967023   -0.054585862769127 
  -0.385249232609597   -0.091983805027814    0.063574864123224    0.379663868468288   -0.118745898892409   -0.043846946023393 
  -0.385249232609597   -0.091983805027814    0.063574864123224    0.386549058171271   -0.076873886526815   -0.026067771992148 
  -0.391463448588442   -0.055222499939456    0.070635946871587    0.389373701798019   -0.093583570657887   -0.029277355059586 
  -0.382582747130650   -0.107021072665086    0.062773631775462    0.388973135879405   -0.090544129833426   -0.026796165035569 
  -0.386223259757215   -0.092159794570325    0.051524898440088    0.379663868468288   -0.118745898892409   -0.043846946023393 
  -0.386522202928601   -0.094060048211786    0.053346403722323    0.379364925296901   -0.120646152533870   -0.042025440741158 
  -0.386522202928601   -0.094060048211786    0.053346403722323    0.388973135879405   -0.090544129833426   -0.026796165035569 
  -0.387070441276895   -0.095756004411438    0.050117555296420    0.388424897531111   -0.092240086033078   -0.030025013461471 
  -0.388880110773683   -0.089465633209956    0.044238086380939    0.379364925296901   -0.120646152533870   -0.042025440741158 
  -0.387909625413375   -0.094791304821407    0.037060423810447    0.389773775854026   -0.089701539782865   -0.015789787125391 
  -0.387070441276895   -0.095756004411438    0.050117555296420    0.390536670523554   -0.090578539410166   -0.003919667592688 
  -0.387660362478960   -0.094904752292125    0.038118106567519    0.389150618517988   -0.089417921106069   -0.018433994018069 
  -0.389124326938054   -0.090919494425465    0.042243048692095    0.389773775854026   -0.089701539782865   -0.015789787125391 
  -0.382349876479735   -0.109507598706156    0.054402027798729    0.388390959252117   -0.084327814730749   -0.005867155093737 
  -0.389124326938054   -0.090919494425465    0.042243048692095    0.388424897531111   -0.092240086033078   -0.030025013461471 
  -0.387582946111775   -0.042028487817283    0.071063458245216    0.382582822463852   -0.116673091871690   -0.030025499963436 
  -0.388771024040913   -0.087216971770473    0.040468281946600    0.376726670967287   -0.132541907193806   -0.027066173980342 
  -0.392943188472244   -0.076725132781159    0.019096564966655    0.337911518408540   -0.214183007524845   -0.031306915978602 
  -0.392943188472244   -0.076725132781159    0.019096564966655    0.344915361771670   -0.196652259341109   -0.050725114014902 
  -0.391145547025394   -0.086531568480974    0.018283288334368    0.345491673793974   -0.201152509673279   -0.035734546437673 
  -0.392366876449940   -0.081225383113329    0.034087132543884    0.345491673793974   -0.201152509673279   -0.035734546437673 
  -0.389991917383948   -0.096369899532894    0.026729052728318    0.378740872564064   -0.130027941011704   -0.031103332710834 
  -0.389991917383948   -0.096369899532894    0.026729052728318    0.346645303435419   -0.210990840725199   -0.027288782043723 
  -0.390815946867891   -0.085187954256684    0.023133766715553    0.344915361771670   -0.196652259341109   -0.050725114014902 
  -0.391145547025394   -0.086531568480974    0.018283288334368    0.339738046071208   -0.223773193821838   -0.024695794892591 
  -0.292240123534157   -0.228959694240617   -0.007011426776756    0.347643750211060   -0.236778806742893   -0.017635682501632 
  -0.312424242248381   -0.165658036177404    0.019976498814298    0.318669426409626   -0.060946861597525   -0.020099898795658 
  -0.346529629377486   -0.128360217923330    0.024373073545742    0.380679221189818   -0.128761076604932   -0.028093671034647 
  -0.290043540627747   -0.285693219479543    0.014225392215845    0.346645303435419   -0.210990840725199   -0.027288782043723 
  -0.392366876449940   -0.081225383113329    0.034087132543884    0.377407398136059   -0.130588163233116   -0.029677351383176 
  -0.292240123534157   -0.228959694240617   -0.007011426776756    0.353925668216251   -0.227432478853997   -0.020015190284511 
  -0.390783566306194   -0.084886435325185    0.037489840446125    0.379255838564131   -0.122894813973352   -0.038255636306819 
  -0.388771024040913   -0.087216971770473    0.040468281946600    0.379255838564131   -0.122894813973352   -0.038255636306819 
  -0.389254903987081   -0.090828067191061    0.030758563862777    0.389643198804999   -0.089610112548461   -0.027274271954709 
  -0.388880110773683   -0.089465633209956    0.044238086380939    0.388180681366740   -0.093693947248587   -0.032020051150315 
  -0.390783566306194   -0.084886435325185    0.037489840446125    0.388180681366740   -0.093693947248587   -0.032020051150315 
  -0.389451751209685   -0.089170715731163    0.043079459349434    0.377407398136059   -0.130588163233116   -0.029677351383176 
  -0.389901014569526   -0.089990723374273    0.036393520915970    0.389936885433383   -0.089990723374273   -0.029835616069797 
  -0.388382717139922   -0.106251029122587    0.032767914727006    0.379176525898146   -0.138264082403085   -0.030397746754417 
  -0.388053568758194   -0.095103035126122    0.029738714404505    0.379505674279873   -0.127116088406620   -0.033426947076919 
  -0.350292880827829   -0.128260003252930    0.024650229762223    0.361862963938104   -0.128260003252930   -0.026707889952243 
  -0.388053568758194   -0.095103035126122    0.029738714404505    0.380679221189818   -0.128761076604932   -0.028093671034647 
  -0.390119427652020   -0.092192601355124    0.035573332263302    0.388844820020914   -0.101000113278526   -0.033936559333138 
  -0.386754922426756   -0.098247765802463    0.032352917215599    0.387315499463976   -0.098247765802463   -0.032472734311455 
  -0.391033402021935   -0.080665160891918    0.032661151216225    0.379505674279873   -0.127116088406620   -0.033426947076919 
  -0.391033402021935   -0.080665160891918    0.032661151216225    0.378740872564064   -0.130027941011704   -0.031103332710834 
  -0.389212331914023   -0.091132555851711    0.032992576709890    0.389856059170289   -0.091132555851711   -0.016104207719147 
  -0.390815946867891   -0.085187954256684    0.023133766715553    0.337224132540344   -0.211371037435675   -0.041784089182242 
  -0.381507724717744    0.126037619427399   -0.025867607951174    0.386983369017480    0.107421075418097    0.027365635024436 
  -0.388261282139525    0.100473764851042   -0.025076485256401    0.379029814924237    0.126037619427399    0.025112996998625 
  -0.390515796954605    0.100211043124815   -0.025186769739105    0.347466607513115    0.122359515260218    0.023569014240775 
  -0.390515796954605    0.100211043124815   -0.025186769739105    0.384415910061830    0.109146432056524    0.027495666919636 
  -0.355166475917966    0.222770242063585   -0.022076638239071    0.386229384138111    0.124244823224450    0.027487157387691 
  -0.381507724717744    0.126037619427399   -0.025867607951174    0.379029814924237    0.126037619427399    0.025112996998625 
  -0.389967303413702    0.107421075418097   -0.027176523048327    0.386983369017480    0.107421075418097    0.027365635024436 
  -0.389967303413702    0.107421075418097   -0.027176523048327    0.398790303054307    0.066323248570894    0.028218952296478 
  -0.397500091643216    0.066323248570894   -0.027497931168985    0.398790303054307    0.066323248570894    0.028218952296478 
  -0.397500091643216    0.066323248570894   -0.027497931168985    0.398713641220062    0.058061359705563    0.028004079113729 
  -0.397149703854363    0.058061359705563   -0.024424254725447    0.398713641220062    0.058061359705563    0.028004079113729 
  -0.397149703854363    0.058061359705563   -0.024424254725447    0.398780821961608    0.056331065852351    0.029605509767627 
  -0.391002940553373    0.096108719097636   -0.027543357653584    0.399945489287378    0.054852624790354    0.029521158400435 
  -0.391002940553373    0.096108719097636   -0.027543357653584    0.397754665914636    0.055010892250432    0.027852117691221 
  -0.388702322878324    0.115309434292741   -0.025195279271050    0.386229384138111    0.124244823224450    0.027487157387691 
  -0.388702322878324    0.115309434292741   -0.025195279271050    0.397514888938948    0.046516825858853    0.027167158043301 
  -0.384314960649082    0.119268909674246   -0.026422535703894    0.397514888938948    0.046516825858853    0.027167158043301 
  -0.384314960649082    0.119268909674246   -0.026422535703894    0.398853007377162    0.041772758180505    0.028851428385876 
  -0.385469247538420    0.116076993119152   -0.025687615807597    0.398704204673534    0.034661429508857    0.028332774047491 
  -0.385469247538420    0.116076993119152   -0.025687615807597    0.400747964278852    0.047284384685264    0.026674821506754 
  -0.384075183673394    0.127762976065825   -0.025737576055974    0.397754665914636    0.055010892250432    0.027852117691221 
  -0.357274246600794    0.191843645302521   -0.020500791587438    0.384964721728414    0.105688865167811    0.028432665378671 
  -0.359482533466159    0.179680251523088   -0.024221403900519    0.400958543672300    0.034737363026492    0.027983435028959 
  -0.384075183673394    0.127762976065825   -0.025737576055974    0.384415910061830    0.109146432056524    0.027495666919636 
  -0.359482533466159    0.179680251523088   -0.024221403900519    0.400747964278852    0.047284384685264    0.026674821506754 
  -0.370226780870356    0.199284562888407   -0.019766389702890    0.391863716477751    0.076490569432723    0.029712521945574 
  -0.361916118432176    0.183717841525836   -0.019537604574953    0.388539451502479    0.082717257977752    0.029621007894399 
  -0.361916118432176    0.183717841525836   -0.019537604574953    0.398539677413487    0.035120990905831    0.022954209193673 
  -0.367951550075312    0.172148955540474   -0.018865711049250    0.399001812279122    0.027355135434561    0.020845276823498 
  -0.367951550075312    0.172148955540474   -0.018865711049250    0.393228854954777    0.060209205023963    0.030252929137758 
  -0.363634099473688    0.209939770226569   -0.021111221895675    0.387508662877572    0.098450415198192    0.028676837501966 
  -0.373962614099613    0.192929587198009   -0.018279558200728    0.395633280564498    0.051896952360949    0.030018467998349 
  -0.376374809274330    0.188627809026736   -0.016737333206083    0.396955679900617    0.021145517005473    0.029214722416012 
  -0.387933244712406    0.121461648803602   -0.019538569317854    0.386731715529436   -0.100417306817070    0.019467172180233 
  -0.380180974094102    0.181502013439952   -0.013647907670510    0.391899895941638   -0.060390397059504    0.023394279945128 
  -0.378302016889158    0.185062079064388   -0.015206341970797    0.395103836342572   -0.017585190082424    0.027049582399554 
  -0.373605092833380    0.160457440574023   -0.018466413785207    0.395847793324237    0.032413664386558    0.029906354647662 
  -0.367482542379048    0.163475113574835   -0.019588311154106    0.399470819975386    0.018681293468922    0.020122676718643 
  -0.361453983566541    0.175951986054566   -0.021646536945127    0.399001812279122    0.027355135434561    0.020845276823498 
  -0.373605092833380    0.160457440574023   -0.018466413785207    0.399470819975386    0.018681293468922    0.020122676718643 
  -0.373299459337583    0.150265526368200   -0.017866453682598    0.399845343736585    0.016542547725675    0.015699325679202 
  -0.379107848824568    0.135676116788870   -0.016777860265347    0.400061641890276    0.010876385416322    0.017094774197127 
  -0.373299459337583    0.150265526368200   -0.017866453682598    0.399776453471183    0.008489379263098    0.020722636821252 
  -0.367482542379048    0.163475113574835   -0.019588311154106    0.399599459897566    0.021439062754593    0.016823586296982 
  -0.379107848824568    0.135676116788870   -0.016777860265347    0.399776453471183    0.008489379263098    0.020722636821252 
  -0.387493977361988    0.111891174193202   -0.016820837002852    0.399323725493158   -0.018133659163797    0.024711016176677 
  -0.382257540172069    0.140832845837535   -0.018238270705107    0.399666140524922   -0.004305313901931    0.022234853284332 
  -0.384781579655545    0.139723823929637   -0.017750807534658    0.397237265718971   -0.039543389730286    0.025426378124219 
  -0.382257540172069    0.140832845837535   -0.018238270705107    0.392730522372825   -0.044122730018537    0.025230425158967 
  -0.382599955203833    0.127004500575668   -0.015762107812763    0.399911089277937   -0.010413714481077    0.025771957885053 
  -0.382525184670972    0.117124774302917   -0.011384554731477    0.399813804192111    0.002440948734377    0.020076256504854 
  -0.387358813624661    0.113485420096072   -0.016605513314659    0.399999544179794   -0.010162429649447    0.025787634617643 
  -0.382599955203833    0.127004500575668   -0.015762107812763    0.399323725493158   -0.018133659163797    0.024711016176677 
  -0.378997535878307    0.148470809953899   -0.018290076728427    0.399666140524922   -0.004305313901931    0.022234853284332 
  -0.361453983566541    0.175951986054566   -0.021646536945127    0.399266181863769    0.025823331364008    0.020687162439598 
  -0.378997535878307    0.148470809953899   -0.018290076728427    0.395382043938231   -0.002948682438229    0.028283076302606 
  -0.357274246600794    0.191843645302521   -0.020500791587438    0.398539677413487    0.035120990905831    0.022954209193673 
  -0.396268243575901    0.063114513655685   -0.025980851882279    0.399945489287378    0.054852624790354    0.029521158400435 
  -0.392095422463588    0.083028852487787   -0.028213087668144    0.398853007377162    0.041772758180505    0.028851428385876 
  -0.392095422463588    0.083028852487787   -0.028213087668144    0.399263968039857    0.055768348290204    0.031574775065341 
  -0.395785097497651    0.062551796093539   -0.024011586584565    0.399263968039857    0.055768348290204    0.031574775065341 
  -0.395785097497651    0.062551796093539   -0.024011586584565    0.397409965735695    0.064013177324006    0.034191072909156 
  -0.393483394549268    0.072088016044645   -0.028724105728187    0.397409965735695    0.064013177324006    0.034191072909156 
  -0.393483394549268    0.072088016044645   -0.028724105728187    0.397875995954178    0.044827511847063    0.031063757005298 
  -0.396268243575901    0.063114513655685   -0.025980851882279    0.398780821961608    0.056331065852351    0.029605509767627 
  -0.384639335755204    0.109012048076939   -0.027462520668363    0.397875995954178    0.044827511847063    0.031063757005298 
  -0.383214908539655    0.116152926636786   -0.026036954826130    0.400958543672300    0.034737363026492    0.027983435028959 
  -0.383214908539655    0.116152926636786   -0.026036954826130    0.397700423551684    0.041681978921404    0.030542426379213 
  -0.361174895274689    0.170766219860604   -0.031517676489879    0.399134815412405    0.044255816059564    0.031636819205365 
  -0.381780516678934    0.118726763774946   -0.024942561999978    0.399134815412405    0.044255816059564    0.031636819205365 
  -0.381780516678934    0.118726763774946   -0.024942561999978    0.395705926888589    0.053250826729510    0.035379973753428 
  -0.362348241654740    0.165006078674276   -0.041134050680046    0.397961469032354    0.038495674873236    0.022020445015198 
  -0.384463763352710    0.112157581002598   -0.026941190042279    0.397700423551684    0.041681978921404    0.030542426379213 
  -0.361174895274689    0.170766219860604   -0.031517676489879    0.399266181863769    0.025823331364008    0.020687162439598 
  -0.384639335755204    0.109012048076939   -0.027462520668363    0.396047255941327    0.054421227675090    0.033949444575417 
  -0.384463763352710    0.112157581002598   -0.026941190042279    0.398704204673534    0.034661429508857    0.028332774047491 
  -0.384980664807942    0.107841647131359   -0.026031991490352    0.395705926888589    0.053250826729510    0.035379973753428 
  -0.394846104343636    0.062496066395729   -0.028965734061925    0.397458449521760    0.042561887294263    0.037609955251567 
  -0.382256174483462    0.120992515527734   -0.020799493602685    0.396958851386312    0.040629109895189    0.040021666118833 
  -0.384980664807942    0.107841647131359   -0.026031991490352    0.395381514882666    0.033015449244656    0.036992325236499 
  -0.380720634684462    0.122017267780102   -0.023712594836396    0.396326570390698    0.040207153150852    0.041221178205447 
  -0.380720634684462    0.122017267780102   -0.023712594836396    0.396765808883060    0.056541330734665    0.036609940917011 
  -0.363748625807913    0.161177281823322   -0.044335232177320    0.395365424729888    0.052712533883710    0.033408759419736 
  -0.362348241654740    0.165006078674276   -0.041134050680046    0.396765808883060    0.056541330734665    0.036609940917011 
  -0.363748625807914    0.161177281823322   -0.044335232177321    0.390516570789461    0.034282202528768    0.056997994797920 
  -0.359802303441398    0.172406567868675   -0.041425069564134    0.393433417819958    0.042582109787717    0.059148984602646 
  -0.376479287244818    0.137718306112610   -0.021973726176800    0.398898247194359    0.049727240021286    0.042275514889750 
  -0.360143208195185    0.169901344390246   -0.038997029489095    0.395365424729888    0.052712533883710    0.033408759419736 
  -0.394846104343636    0.062496066395729   -0.028965734061925    0.396047255941327    0.054421227675090    0.033949444575417 
  -0.360719595886917    0.170329243011731   -0.031731536127389    0.397961469032354    0.038495674873236    0.022020445015198 
  -0.367236658540029    0.158578598545917   -0.020712571771886    0.399845343736585    0.016542547725675    0.015699325679202 
  -0.367236658540029    0.158578598545917   -0.020712571771886    0.398362578678181    0.037257200439817    0.015799021975552 
  -0.373083161183892    0.144599364058847   -0.016471005164673    0.398370023454080    0.036178265847615    0.016651741462601 
  -0.367229213764131    0.157499663953716   -0.019859852284837    0.398370023454080    0.036178265847615    0.016651741462601 
  -0.373096645427229    0.143710788022712   -0.012991509216965    0.399207419800584    0.019440929410125    0.031160609306531 
  -0.373096645427230    0.143710788022713   -0.012991509216965    0.398356539210742    0.035289689811481    0.020131237410309 
  -0.361120705532744    0.171567717445151   -0.025510113087743    0.398362578678181    0.037257200439817    0.015799021975552 
  -0.373083161183892    0.144599364058847   -0.016471005164673    0.400061641890276    0.010876385416322    0.017094774197127 
  -0.379385656270496    0.106250832442631   -0.010330864698775    0.398326569462979    0.014299842147187    0.023596750669155 
  -0.377971568725565    0.127915278193266   -0.029194160164039    0.397456234064651    0.013766815211333    0.025340240556833 
  -0.379285590770691    0.110139600511845   -0.013481384494195    0.398770256109778    0.031542492892754    0.009627464886988 
  -0.379355686522733    0.127240680106924   -0.013796377957620    0.398356539210742    0.035289689811481    0.020131237410309 
  -0.382495003278029    0.118328236028749   -0.010590606127239    0.399952797448128    0.007983206643946    0.023732598735919 
  -0.367229213764131    0.157499663953716   -0.019859852284837    0.396425202831391    0.051721224430721    0.020316192236825 
  -0.379355686522733    0.127240680106924   -0.013796377957620    0.399813804192111    0.002440948734377    0.020076256504854 
  -0.368651725527664    0.117795822188874   -0.004986271922058    0.395949249611767    0.038436855328219    0.025292691301705 
  -0.364346016576209    0.161138217462300   -0.040014425829967    0.389514181430988    0.036559992082966    0.055192529847984 
  -0.360719595886917    0.170329243011731   -0.031731536127389    0.395941812421620    0.052284635262225    0.026143266058030 
  -0.366283758887015    0.156397698528467   -0.031256924407498    0.395941812421620    0.052284635262225    0.026143266058030 
  -0.360143208195184    0.169901344390246   -0.038997029489095    0.393841828188876    0.045583415089808    0.056240146483551 
  -0.361120705532744    0.171567717445151   -0.025510113087743    0.399599459897566    0.021439062754593    0.016823586296982 
  -0.179131180864469    0.087407211027720   -0.002429648327474    0.201764601153819   -0.018908998461147    0.016378798355629 
  -0.180230685971471    0.089804325553621   -0.000121719178556    0.199199088015809   -0.013315728570585    0.021763968934137 
  -0.179691491474462    0.082984311212280    0.028997122571239    0.198163009178694   -0.013414028429223    0.024990976689182 
  -0.159584630284709    0.119873854968622    0.011185315340388    0.198215944379573   -0.014747608196285    0.021225539744531 
  -0.160009000766798    0.119696166854927    0.013123035756257    0.197225746823795   -0.015162213696190    0.025746886305047 
  -0.197031151979708    0.020045148798968    0.029061876436973    0.175743555989166   -0.082105566223616    0.043822158725637 
  -0.197212651750568    0.015235617271276    0.021218156884954    0.175320056422993   -0.093327809126858    0.025520142079970 
  -0.189454455024169    0.052875082090368    0.036907514103864    0.175382760896045   -0.083668896380350    0.043448556931975 
  -0.198192902772059    0.039278343309633    0.014441142197254    0.171808480882205   -0.098811998407061    0.021565736891395 
  -0.196698435317286    0.041100849629725    0.016237533413656    0.175295569949491   -0.094559485685187    0.025757314400343 
  -0.192955132713371   -0.042562188804283    0.032322507102893    0.191910259318159   -0.031840846494389   -0.011643211196892 
  -0.192118049146836   -0.051706659370189    0.023878754934291    0.195138590331658   -0.045211040887084    0.000388679800376 
  -0.194180473943590   -0.046080671421593    0.014720802224381    0.194925602012779   -0.046080671421593   -0.004878745293519 
  -0.192639276750724   -0.051493687004023    0.017962909643491    0.194617362623524   -0.044998068478324   -0.005527166673594 
  -0.191304422012840   -0.049950634605750    0.037350422654618    0.194975864904859   -0.045562245839971   -0.002305653743690 
  -0.198533527949411    0.026973446097029   -0.010589328568580    0.198792410210996    0.026973446097029    0.013050648743103 
  -0.197698512692426    0.031847432854668   -0.010395367223416    0.198387800334922    0.026955473655668    0.013648515939184 
  -0.197698512679799    0.031847432693999   -0.010395367289668    0.198514071787792    0.025348783898039    0.012985994983466 
  -0.198398657990720    0.026979436910816   -0.010788617633940    0.198387800334922    0.026955473655668    0.013648515939184 
  -0.197627753475194    0.030897513273076   -0.012314447169425    0.198440187540054    0.032384969216864    0.017404189992404 
  -0.197191730154893    0.033486604502742   -0.008979755764732    0.197095373579580    0.037376526709357    0.018749624144103 
  -0.196498097858200    0.020274858549292   -0.014188144027036    0.197804270447262    0.032254118295704    0.018510254621857 
  -0.197627753475194    0.030897513273076   -0.012314447169425    0.197195994345804    0.037974009300819    0.019519168314417 
  -0.197641532475262    0.035682075045878   -0.008058381461324    0.198444780540689    0.030790115079950    0.015985501233879 
  -0.091989093735658    0.039286231690838    0.002567126221044    0.101473294757827   -0.001041933199320    0.008253998656747 
  -0.080895647503716    0.058327529278722    0.008592865285581    0.099504020532214   -0.006060552699353    0.010842095745070 
  -0.091989093735658    0.039286231690838    0.002567126221044    0.099504020532214   -0.006060552699353    0.010842095745070 
  -0.098607452620621    0.011488480167959    0.013729651069765    0.091571605556560   -0.026885387312950    0.026448384448155 
  -0.100442423039895    0.003891812000833    0.010964854310401    0.089496125376108   -0.042937907928624    0.012404295172061 
  -0.099299279347439    0.006137639962734    0.009048287977733    0.089496125376108   -0.042937907928624    0.012404295172061 
  -0.083539785828934    0.051385917740856    0.013794961519943    0.091571605556560   -0.026885387312950    0.026448384448155 
  -0.096578801064702   -0.015666896402412    0.015880495750630    0.097987610513760   -0.020983394079079   -0.002433084737074 
  -0.096820878788218   -0.017041406380594    0.015060375118815    0.098879165008940   -0.015921174673169    0.000587359380074 
  -0.097673680326587   -0.019502019576357    0.007424751958399    0.098064273780796   -0.019502019576357   -0.003749325333448 
  -0.097765790206129   -0.019996552562850    0.007150644866209    0.098524823178502   -0.017029354643890   -0.002378789872499 
  -0.099539628726048    0.010200732156626   -0.005488571103071    0.099495191521486    0.010200732156626    0.006319761062946 
  -0.099479222384053    0.010642467634962   -0.005089251739857    0.099475056074154    0.010053486997180    0.006186654608541 
  -0.099439350526005    0.010341112993645   -0.005202283137495    0.099347466117874    0.011017821928955    0.006548355110824 
  -0.099490386924844    0.009928368899183   -0.005564769119031    0.099347466117874    0.011017821928955    0.006548355110824 
  -0.099529516545868    0.011055666578679   -0.004611222832753    0.099107023431301    0.012923297893709    0.008124515706748 
  -0.099579214423119    0.011317262649157   -0.004843560257405    0.099256117063057    0.012138509682273    0.008821527980704 
  -0.099111883914455    0.015824415573729   -0.004741065710671    0.099063686853607    0.010282623183920    0.008779324343814 
  -0.099126473849548    0.014414400164479   -0.004364903251862    0.099089499815695    0.012777265831055    0.008113806147460 
  -0.075884974917294    0.025230185071592    0.003978486472648    0.080892053821398   -0.001150841008928    0.006968201523180 
  -0.072016514914565    0.029459535884246    0.018839675033449    0.078706957895883   -0.008678919929810    0.012630160592677 
  -0.073005431267743    0.032942977122838    0.002150200148205    0.078554816984301   -0.008143006124989    0.010062550182856 
  -0.072449327952680    0.027531887641012    0.020023579582878    0.078874783392089   -0.007931464344043    0.012171095474551 
  -0.073406313112448    0.031399813527470    0.003437522350388    0.079418254910409   -0.004819268739450    0.007289855866146 
  -0.076179180052328    0.024293779951845    0.004491755669966    0.079531355071866   -0.005481714687761    0.009342071560776 
  -0.077016959833080    0.014376283989026    0.016779548914037    0.076819587635952   -0.020345603703888    0.007492302894407 
  -0.078504750604063    0.007441387175828    0.013465709528995    0.075872811690781   -0.024758719857741    0.005383496013016 
  -0.076822950949464    0.007564741948302    0.008261450036746    0.068980427981534   -0.037004955535941    0.008900616025434 
  -0.075498266595955    0.018151643476083    0.017150153888617    0.068466774831764   -0.041110080882705    0.005453975534216 
  -0.079689125470690    0.003102163648221    0.010679731660932    0.075153726950328   -0.027393248428074    0.003692009450264 
  -0.072290468227342    0.028239411776147    0.019589039180936    0.078532623969571   -0.009455362544055    0.013107028686533 
  -0.077237972659337   -0.011921117031224    0.017101346462422    0.078884601635915   -0.014448947811786   -0.004583158863311 
  -0.077757745467229   -0.013764350886143    0.013087511759295    0.078261798762887   -0.015805756191634   -0.006443709584986 
  -0.077228226572095   -0.011967130251839    0.016897657437150    0.078791317658022   -0.014008535557331   -0.002633563907132 
  -0.077973271316057   -0.015601615661085    0.008921118275653    0.078285746079424   -0.015601615661085   -0.005980776975693 
  -0.079565238381650    0.008530857243258   -0.004339582525439    0.079476404339524    0.008530857243258    0.005193625155933 
  -0.079597116635963    0.008149904963250   -0.004423549821763    0.079385496988706    0.008909610483134    0.005960291822730 
  -0.079597116635963    0.008149904963250   -0.004423549821763    0.079482779990387    0.008607047699260    0.005210418615198 
  -0.079547056911486    0.008455106595283   -0.004492915858799    0.079385496988706    0.008909610483134    0.005960291822730 
  -0.079699130725339    0.009104694013265   -0.003726708412276    0.079556491621002    0.006544554514054    0.006899873329675 
  -0.079570920483308    0.009679060666452   -0.003472456738268    0.079312442595258    0.009085557198692    0.006654830916908 
  -0.079661070943704    0.010605845721579   -0.003563753084182    0.079557136702047    0.006569997763348    0.006902635284388 
  -0.079653629271727    0.008551386510082   -0.003686251729366    0.079328984352941    0.009311092029966    0.006697589915127 
  -0.058172544712424    0.014491192111915    0.004284221439101    0.060379937836486   -0.001209377557791    0.005429714711845 
  -0.057372443907125    0.016745904321239    0.006075046434141    0.059899877353307   -0.002562204883386    0.004355219714821 
  -0.057436930242877    0.016845271953672    0.005681924590207    0.060014743632962   -0.002739203469560    0.005055467963337 
  -0.058297996267682    0.014012816603924    0.004113928871755    0.059752680060196   -0.003601255097744    0.004578251875112 
  -0.057959989657530    0.013897584239246    0.007081569833280    0.058814239044153   -0.009847748031673    0.005872674080177 
  -0.058774441175070    0.006458901938401    0.010835589156654    0.058566362495336   -0.012111694818886    0.007015201700334 
  -0.059233246529023    0.004546541268413    0.009895655957076    0.057248845464658   -0.017603277970214    0.004316065808668 
  -0.058849522225260    0.004999353933628    0.010266250473163    0.058700709848111   -0.009500031686926    0.008033956030037 
  -0.057942673456878    0.013977034789652    0.006908647900286    0.058537179833729   -0.011118956838166    0.008639425008080 
  -0.057899660587763   -0.008910219290499    0.013109149005127    0.059075926059693   -0.010637124480318   -0.002375058804755 
  -0.057835784260937   -0.005966737995856    0.014943640663401    0.059037600263597   -0.012403213257103   -0.003475753799720 
  -0.058446212392425   -0.011605132828823    0.007366977749074    0.058825525239462   -0.010647120255274   -0.002367348663033 
  -0.057924277306399   -0.008979790845580    0.012962136977763    0.058508946188604   -0.012239518037075   -0.005761085251048 
  -0.058191397420513   -0.010295044048852    0.010614885829829    0.058776066302718   -0.010924264833802   -0.003413834103113 
  -0.058456323521513   -0.011658355749576    0.007215562468714    0.058633413786795   -0.011658355749576   -0.005244238989867 
  -0.057906647771793   -0.005953857122149    0.014690427504803    0.058683282709315   -0.012338808888570   -0.004741819592712 
  -0.059744215868952    0.006777836271848   -0.002938220578616    0.059622637942957    0.006289552295475    0.004042458085536 
  -0.059724297571063    0.006370932958204   -0.002760848581190    0.059618654283379    0.006370932958204    0.004006983686051 
  -0.059854924436510    0.007473944765593   -0.002404259012847    0.059747584912353    0.004302509511489    0.004792145657893 
  -0.059754483539488    0.006810157063111   -0.002898108677855    0.059769584125504    0.004174812433669    0.004693284169377 
  -0.059743616120759    0.006769001121910   -0.002935413031160    0.059765016659661    0.004192109858232    0.004708962810621 
  -0.039604625180333    0.005712647553300    0.001092396689067    0.040038014401763   -0.001421765547528    0.002893347228729 
  -0.039190459959608    0.006424690492365    0.005460509018296    0.039759959573470   -0.003724799579320    0.003175653936122 
  -0.039008180493500    0.008659465712237    0.003103944418937    0.039977969634632   -0.001718425093730    0.002690842423709 
  -0.039104124068926    0.007777573517882    0.003313491504650    0.039760341478632   -0.003718815127112    0.003166156645184 
  -0.039638765631606    0.005552336961948    0.001376728828947    0.040111248007360   -0.001077888352518    0.002283435320299 
  -0.039751257597309    0.004605616604487    0.001889558988235    0.039931115787729   -0.002518052997046    0.001997439150151 
  -0.039515954325923    0.005033896931861    0.004246612456669    0.039987276145755   -0.002439403244395    0.002584060720140 
  -0.039901203278147    0.002594289974778    0.002162050484944    0.039891999523162   -0.003042746900448    0.002068523888423 
  -0.039505510545803    0.004994152382915    0.004191012382825    0.039959876899776   -0.002335133462726    0.002729927454426 
  -0.039757627508031    0.004565104224402    0.001727330034939    0.039959876899776   -0.002335133462726    0.002729927454426 
  -0.039074489264762   -0.000857147775732    0.008615138772498    0.039483496130910   -0.007646018949810   -0.000551479780175 
  -0.039086448778153   -0.000663711501064    0.008322996009212    0.039424112256547   -0.006685528747856   -0.002002088060289 
  -0.038912452124051   -0.006358144258655    0.006482570733281    0.039430208749065   -0.005836966415157    0.000149834541446 
  -0.039473633277844   -0.001447286837834    0.006430453895388    0.039518616039317   -0.005242915181426   -0.003152512220350 
  -0.038860859705442   -0.005604403595101    0.007130534776510    0.039571900697787   -0.005604403595101   -0.003091635621992 
  -0.038909598446702   -0.005960944868882    0.007489853653242    0.039424112256547   -0.006685528747856   -0.002002088060289 
  -0.039472140237216   -0.001452617570143    0.006448513633441    0.039741079092899   -0.006037194295487   -0.000461611250433 
  -0.039990191323308    0.002930132430610   -0.001178923796902    0.039889613874595    0.002930132430610    0.002240601678928 
  -0.039970135068542    0.002662257242010   -0.001244969805961    0.039949782638893    0.002126506864809    0.002042463651749 
  -0.039921767578225    0.003456507735662   -0.000921359158978    0.039912421789623    0.003105590865627    0.002326456558236 
  -0.039890309484686    0.004690039066222   -0.001258927029303    0.039900376542030    0.002633273931632    0.002455710690317 
  -0.039953648435827    0.004179772569816   -0.000716643066289    0.039950928768440    0.002232002582785    0.002079192248625 
  -0.024925081830256    0.001807644388442    0.001225861927521    0.025029999111078   -0.000589898915048    0.001041553719715 
  -0.024953477580155    0.001387253466847    0.001359257309760    0.024948108742766   -0.001648852380959    0.001108568692675 
  -0.025035490408364    0.000680576738910    0.000593820470808    0.025049978186500   -0.000193085532951    0.000684426987150 
  -0.024928948482178    0.001768136086187    0.001207297675955    0.024989957793021   -0.000999029224283    0.000849310632810 
  -0.025008786743553    0.001105666554762    0.000344766101440    0.025009575319779   -0.000836249956103    0.001061248317219 
  -0.025008119354864    0.001133163406818    0.000283329050133    0.025012007647413   -0.000736036461066    0.000837338262948 
  -0.024918018395098   -0.001441840134458    0.001852264484603    0.024945407898751   -0.002631749539491    0.000143637779753 
  -0.024994037062213    0.000315081950348    0.001173203868126    0.024926005644801   -0.002183330095252   -0.000029678946628 
  -0.025041153466367   -0.000576056993386    0.000443467860397    0.025043591124313   -0.000576056993386    0.000019650887991 
  -0.024915391865542   -0.001380594797434    0.001822173817390    0.024999064145403   -0.001380594797434   -0.000471071564734 
  -0.024997125140087    0.000299216210472    0.001183927910159    0.025015700121638   -0.001722503232672   -0.000341163105740 
  -0.025041556089532   -0.000652129644611    0.000449143902397    0.025040312621398   -0.001195505724792    0.000065870087133 
  -0.025019418187824    0.001297644881637   -0.000267478601227    0.024995698623934    0.001297644881637    0.000739785993117 
  -0.024998157848255    0.001713123400746   -0.000248015875242    0.025031307305542    0.000505904839862    0.000728759431117 
  -0.025002427394402    0.001778448120954   -0.000247561976575    0.024990035026127    0.001137377135198    0.000733147118233 
  -0.025019418187824    0.001297644881637   -0.000267478601227    0.025013680913009    0.000161442445780    0.000712623393080 
  -0.025043229201241    0.000968157523869   -0.000079458183340    0.025047123643979    0.000624209690112    0.000448547432007 
  -0.025047766251695    0.000576056993386    0.000006473665512    0.025046566462345    0.000576056993386    0.000459100466077 
  -0.025025155811460   -0.000538744572948   -0.000249942151853    0.025026029237434   -0.000548976612232   -0.000289179627749 
  -0.025024735559740   -0.000530559904479   -0.000248289197367    0.025024061695291   -0.000587295741879   -0.000296918460114 
  -0.025025072060553   -0.000569358537978    0.000274404176603    0.025027509718499   -0.000582755448793    0.000188714571785 
  -0.025024594705060   -0.000547787904372   -0.000133946603746    0.025027671500068   -0.000575444899329    0.000050319537440 
  -0.025026020475929   -0.000552758018054    0.000055558800108    0.025025795915276   -0.000552758018054   -0.000206742862934 
  -0.024982501574209   -0.000579499405056   -0.001339057130733    0.025019940238683   -0.000489960853934   -0.000511418209623 
  -0.024980904098808   -0.000600057735539   -0.001600136800343    0.025024653777212   -0.000550620619185   -0.001281764395261 
  -0.025013724427736   -0.000494087885235   -0.000548274404406    0.025027692231291   -0.000469385824178   -0.000442481665001 
  -0.025012068662325   -0.000489693218685   -0.000533550093904    0.025019940238683   -0.000489960853934   -0.000511418209623 
  -0.025022066010445   -0.000489361583703   -0.000677213442635    0.025001874855238   -0.000489361583703   -0.000771020401189 
  -0.025024306670635   -0.000460256801614   -0.000290323944310    0.025024836705429   -0.000460256801614   -0.000372875985292 
  -0.025014964860869   -0.000534373773783   -0.000498540309403    0.025024061695291   -0.000587295741879   -0.000296918460114 
  -0.025027414961702    0.000555651228338    0.000227570674082    0.025024323800821    0.000537318927145    0.000397716268063 
  -0.025021320269703    0.000595670514863    0.000267833613874    0.025023022022090    0.000528771119316    0.000389116417794 
  -0.025027263715275    0.000586259875910    0.000156009210999    0.025026063925925    0.000565854110862    0.000309564920589 
  -0.025027414961702    0.000555651228338    0.000227570674082    0.025026013510449    0.000555651228338    0.000333418741617 
  -0.025028620791656    0.000576994415911    0.000195250315105    0.025023644789768    0.000549337421299    0.000379516453996 
  -0.025022945632501    0.000534565992639    0.001173566905334    0.024976165388958    0.000616112362084    0.001728063226279 
  -0.025009267082102    0.000493792807917    0.000831442018164    0.025017201040153    0.000493792807917    0.000701688564768 
  -0.025030527669752    0.000516361587352    0.000551408839390    0.024971912050988    0.000605900134728    0.001379047725871 
  -0.025024383975400    0.000495321421542    0.000343789406186    0.025015107139370    0.000488548242751    0.000525486539633 
  -0.025018999214633    0.000484800607056    0.000318829605720    0.025013956995976    0.000490795407630    0.000530817760620 
  -0.025023327333549    0.000600950874558    0.000298183920774    0.025015702141555    0.000548028903374    0.000499805781824 
  -0.025024383975400    0.000495321421542    0.000343789406186    0.025022000786858    0.000495321421542    0.000414435015231 
  -0.024906130746773   -0.000544377311463   -0.002152821955837    0.024911922023749   -0.000646688429894   -0.002013781892991 
  -0.024930824533722   -0.000605960114700   -0.001736469125300    0.024974574212126   -0.000544718240023   -0.001145432070303 
  -0.024940062865597   -0.000619678294628   -0.001911241069210    0.024924093327240   -0.000619678294628   -0.002100435906672 
  -0.024909353185079   -0.000521459620935   -0.002218788947577    0.024894313700146   -0.000521459620935   -0.002374244383570 
  -0.024864295830158   -0.000028077629703   -0.001725852380945    0.024949184342694   -0.000028077629703    0.001602397574934 
  -0.024890564795390   -0.000362233071135   -0.002408191619464    0.024867310375365   -0.000362233071135   -0.002606972955720 
  -0.024887084789219   -0.000399385932755   -0.002356557161418    0.024886326123370   -0.000565246922129   -0.002324827524258 
  -0.024879758941340   -0.000104975325430   -0.002480257756778    0.024863434362500   -0.000454510306008   -0.002581123145596 
  -0.024912048606795    0.000646688441291    0.002015676455129    0.024906007069780    0.000544377316892    0.002154716526085 
  -0.024976086186050    0.000544718244083    0.001155296577493    0.024929305942508    0.000605960110640    0.001746333554120 
  -0.024923835728830    0.000619678294628    0.002100138781811    0.024938868121034    0.000619678294628    0.001919245913493 
  -0.024894311074212    0.000521459620935    0.002373893900641    0.024909253154648    0.000521459620935    0.002220272669469 
  -0.024949183128031    0.000028077629703   -0.001602416465236    0.024864294046666    0.000028077629703    0.001725870880126 
  -0.024886351364021    0.000565246931318    0.002324961263499    0.024887062452017    0.000399385932268    0.002356690902510 
  -0.024867306511292    0.000362233071135    0.002606970247973    0.024890547784340    0.000362233071135    0.002408300386853 
  -0.024863435789908    0.000454510298871    0.002581149868405    0.024879756681410    0.000104975324143    0.002480284481275 


     5789.000 
PELAGIC TRAWL		:           0 
Boat to door distance	:      200.04 
Boat Z force 		(N):      -20478 
Boat X force 		(N):       33522 
Warp tension		(N):       36786 
Bottom bridle tension	(N):        7653 
Top bridle tension	(N):       16659 
Head line immersion	(m):      -123.7 
Bottom line immersion 	(m):      -131.3 
Door immersion 		(m):      -107.7 
bottom drag (N)				:            0 
catch drag (N)				:            0 
element drag (N)				:         9368 
surface drag (N)				:        18555 
forces along X Y and Z axes (N)		:  33521.82627   6414.08728 -20477.84763 
maximal catch diameter (m) 			:        0.000 
thickness of the catch (m) 			:        0.000 
volume of the catch (m3) 			:       0.0000 
current amplitude (m/s)			:        2.058 
filtered surface (m2) 				:        99.22 
