      1      266.380360100       13.395493431     -125.253121313
      2      271.630260446       11.447061224     -125.205438340
      3      285.262992491       10.453971874     -126.161831649
      4      307.554933783        3.952233643     -128.965013358
      5      307.300983656        2.957903842     -132.088661637
      6      284.713451425        9.407184864     -133.280455408
      7      270.806453496       10.492365349     -133.695338542
      8      265.583057906       12.511738134     -133.684866611
      9      285.416346400       11.827361846     -131.178420415
     10      285.604578743       12.428026611     -130.684685355
     11      266.040417203       11.313984620     -124.894927227
     12      284.374915798        2.210920538     -126.133097071
     13      284.588460906       -1.182741129     -126.154617104
     14      266.149088508      -10.172532007     -124.580998122
     15      271.740002205      -10.289950172     -124.878624009
     16      285.451503368       -9.665576072     -125.558163653
     17      307.622807687       -3.342702303     -129.096697249
     18      265.274221060       11.340112520     -133.889246460
     19      283.887882930        2.000053407     -133.361125380
     20      283.506082208       -1.377870233     -133.437929522
     21      265.017250503      -10.682775085     -134.336182362
     22      270.499380218       -9.576226878     -134.048592932
     23      284.193742242       -7.266117678     -133.440066628
     24      307.336217651       -1.934503374     -132.027315147
     25      265.337319462      -11.744549226     -134.167448720
     26      266.462946902      -12.163516854     -124.928913041
     27      285.470929788      -10.904250667     -131.021693649
     28      285.135620823      -10.477376195     -131.609367747
     29      311.429656497        3.035226667     -129.292184979
     30      311.258413156        2.324536474     -131.825833447
     31      311.480678292       -2.309263370     -129.316418983
     32      311.267708027       -1.249972401     -131.760202203
     33      315.367502048        2.568370181     -129.639004013
     34      315.244752864        2.019142306     -131.665916390
     35      315.416748219       -1.810957116     -129.628002319
     36      315.251790683       -0.942477640     -131.627393352
     37      320.099168837        2.018511360     -130.039900461
     38      320.028762944        1.664837493     -131.466829303
     39      320.144998431       -1.223437251     -129.980598520
     40      320.033375406       -0.595859791     -131.473661171
     41      324.842531142        1.546503121     -130.438261439
     42      324.818157970        1.345002421     -131.241515833
     43      324.886627692       -0.717239267     -130.322090243
     44      324.820091679       -0.299021101     -131.312225346
     45      332.809800576        0.871704764     -130.822330565
     46      332.801919169        0.872081714     -131.046343266
     47      332.806896432        0.070027969     -130.760771316
     48      332.806018338        0.178577084     -130.976341521
     49      342.807747778        0.627209978     -130.925819175
     50      342.808241453        0.394098728     -130.921861808
     51      362.817637580        0.364949429     -130.922902704
     52      362.817458850        0.681474563     -130.928300620
     53      385.300530868        0.524611319     -130.927898817
     54      385.300505391        0.544609671     -130.928239880
     55        0.000000000        0.000000000        0.000000000
     56      163.306185374       37.971004611     -109.093451509
     57      165.790214469       38.957982512     -107.731040689
     58      165.715732806       36.855114551     -110.490123451
     59      260.830925346       13.334824460     -124.503532838
     60      260.058489790       13.383369781     -133.993140805
     61      260.859754619       13.383370959     -135.828529411
     62      163.353873207      -37.687823562     -109.120214028
     63      165.699021071      -36.803368346     -110.769387131
     64      165.858969150      -37.908977815     -107.484250861
     65      259.858809833      -12.860375919     -134.514094432
     66      260.920773965      -12.131030889     -124.125668079
     67      260.660074837      -12.860375582     -136.349482960
     68       18.657590063        3.670423630      -11.527026699
     69       37.212181588        7.461827287      -23.180213663
     70       55.654751576       11.380417121      -34.968130212
     71       73.975268963       15.432842348      -46.900000153
     72       92.162573617       19.626235558      -58.985761123
     73      110.204152146       23.968236147      -71.236070408
     74      128.086052113       28.467053445      -83.662419616
     75      145.792603058       33.131493476      -96.277138959
     76      179.370504186       35.975181166     -111.019233503
     77      192.964481282       32.794333017     -114.055476757
     78      206.566195356       29.401009208     -116.814129221
     79      220.167307812       25.778983028     -119.267975347
     80      233.756330369       21.909548434     -121.388201967
     81      247.317794151       17.770505326     -123.144271292
     82      179.192278088       33.753823284     -114.093856306
     83      192.670608848       30.572860488     -117.620527403
     84      206.149948178       27.309784474     -121.067218465
     85      219.629453535       23.962035903     -124.430940924
     86      233.108130430       20.526945768     -127.708616568
     87      246.584895916       17.001704886     -130.897096181
     88       18.662052760       -3.642062332      -11.528743389
     89       37.221307171       -7.404390092      -23.183874144
     90       55.668746120      -11.293164186      -34.973991780
     91       73.994343491      -15.315007822      -46.908354428
     92       92.186942784      -19.477026861      -58.996938759
     93      110.234032399      -23.786833483      -71.250446463
     94      128.121659225      -28.252609308      -83.680419667
     95      145.834148819      -32.883132478      -96.299246053
     96      179.153616656      -33.657136219     -114.414924210
     97      192.608915783      -30.424572567     -117.981361858
     98      206.063980137      -27.102792015     -121.465559732
     99      219.517780820      -23.688757540     -124.864296654
    100      232.969108614      -20.179284875     -128.174250847
    101      246.416633211      -16.571007127     -131.392018498
    102      179.445577847      -34.827128995     -110.653922778
    103      193.042017405      -31.566854922     -113.594535132
    104      206.643121995      -28.116680666     -116.286127946
    105      220.242026175      -24.463809534     -118.707702398
    106      233.829665766      -20.593700248     -120.837189638
    107      247.394311240      -16.489449387     -122.651373723
    108      307.632090216       -3.334988644     -129.046898243
    0.0006305 
    0.0006248 
    0.0006191 
    0.0006134 
    0.0006076 
    0.0006018 
    0.0005960 
    0.0005901 
    0.0005843 
    0.0000383 
    0.0001012 
   -0.0000316 
    0.0001276 
    0.0001249 
    0.0001223 
    0.0001198 
    0.0001174 
    0.0001150 
    0.0001128 
    0.0003446 
    0.0003418 
    0.0003391 
    0.0003364 
    0.0003337 
    0.0003310 
    0.0003284 
    0.0002517 
    0.0000285 
    0.0002491 
    0.0004710 
    0.0000076 
    0.0000018 
    0.0000293 
    0.0000298 
   -0.0326707 
    0.0000106 
   -0.0173451 
    0.0001375 
    0.0000030 
    0.0001299 
    0.0000882 
    0.0004892 
    0.0000638 
    0.0000638 
    0.0013337 
   -0.0007350 
    0.0006293 
    0.0006236 
    0.0006178 
    0.0006121 
    0.0006063 
    0.0006005 
    0.0005947 
    0.0005888 
    0.0005830 
    0.0000973 
    0.0000439 
   -0.0000342 
    0.0003267 
    0.0003239 
    0.0003212 
    0.0003185 
    0.0003158 
    0.0003131 
    0.0003105 
    0.0001446 
    0.0001420 
    0.0001394 
    0.0001369 
    0.0001345 
    0.0001322 
    0.0001299 
    0.0003684 
    0.0003077 
    0.0000309 
    0.0002920 
    0.0000144 
    0.0000418 
    0.0000015 
    0.0000109 
   -0.0227478 
    0.0001528 
   -0.0295127 
    0.0000139 
    0.0000115 
    0.0013337 
    0.0004709 
   -0.0007351 


  -0.376416493855921    0.115583989559052   -0.002334406951257    0.391894935168642    0.018148320838019    0.016718949723034 
  -0.373235937380902    0.094360091827155    0.019938909180175    0.396665769881171   -0.013687525759827    0.050128923920181 
  -0.355332337117246    0.177857538315888    0.039857440031842    0.392978805714457   -0.057724585319906    0.058889571961435 
  -0.358886496141481    0.167992441583724    0.032687645308612    0.382316328641750   -0.087319875516397    0.037380187791744 
  -0.374378906966662    0.091911847708392    0.084410142700006    0.362992698566675   -0.157713672274766    0.066351647500213 
  -0.380250558752795   -0.019644418003735    0.039252476517148    0.375920707199384   -0.111146997236089   -0.004122026855475 
  -0.384484372860741    0.019349336400334    0.108631280840276    0.373098164460754   -0.085151160966709    0.042130509359943 
  -0.360397462231098    0.162570283297525    0.038274120313854    0.367653180145197   -0.134160860411722    0.050972973371496 
  -0.391831250706675   -0.080050298115723    0.047376485504402    0.366457630906663   -0.155465454341412   -0.046555497561338 
  -0.399274517367185   -0.009505471713573    0.022179365214457    0.366689971900929   -0.182061281639859   -0.024763396880215 
  -0.389259342830735   -0.070545748246494    0.026908559115598    0.363885723030723   -0.164970004210641   -0.026087571172535 
  -0.385988947987488   -0.061576486365510    0.046832796018891    0.387579802276032   -0.088675519552183   -0.048521144162801 
  -0.398448408441239    0.023914620470919   -0.028983773673450    0.379883350452457   -0.039341938465379   -0.070614238356564 
  -0.373027324586664   -0.139468394212222    0.047092817278385    0.387263665119915   -0.086775716921775   -0.048527486144740 
  -0.364590067438668   -0.153854572014795    0.062383865367444    0.389248423495722   -0.088512140642279   -0.045342338196316 
  -0.368787447958961   -0.179795817559919    0.031472379640011    0.399350978347546   -0.008387011786794   -0.021258991928147 
  -0.366490991274476   -0.158724307383667    0.028816992072520    0.391149347331530   -0.083642405273408   -0.011775464901392 
  -0.401425867117579    0.045728274628489   -0.023497009879482    0.381778437574837    0.122507366657034    0.023558070051040 
  -0.391580693935079   -0.079039157644166   -0.020542102143273    0.369776634101054    0.186098097040132    0.017965056800053 
  -0.388585374086076    0.005928483869109   -0.016878066706083    0.368937944543333    0.162307157416415    0.016939126877640 
  -0.397324720626501    0.030910312148603   -0.023781499573125    0.396605659504120    0.068934733075907    0.022529530389406 
  -0.371741336259532    0.149814482501786   -0.019402258248110    0.395329007545285    0.061817844841000    0.021707114590837 
  -0.370279863284475    0.160438505061031   -0.017196846078689    0.395733244751152    0.064756404272281    0.022317122212166 
  -0.372273237399601    0.186801182259897   -0.010562421600007    0.395159459712545   -0.060553369357439    0.013850565571405 
  -0.372546023111248    0.153596093310881   -0.010180031966635    0.396133694397001    0.058036234031904    0.012484888309361 
  -0.377922733616457   -0.104570130198567    0.002051095804163    0.382543722872406   -0.031958156198606   -0.028385886894040 
  -0.379512110385524   -0.066474476906288   -0.060262054373180    0.380159657718806    0.025185323739813   -0.121855612160053 
  -0.385963413233089   -0.104682082466732   -0.061466978233146    0.318901620234483    0.190056976866278   -0.056067841365844 
  -0.369036078150117   -0.136348094358237   -0.077612689966706    0.369683625483399    0.095058941191762   -0.104504976566527 
  -0.393556911658391   -0.062099750758222   -0.038801682025021    0.362160958958369    0.169141701325051   -0.022221614008150 
  -0.385342708323452   -0.025775967153329   -0.020464702148437    0.371652287116784    0.132097073497567    0.010602934967560 
  -0.395966027219464   -0.025343460619775   -0.051161619459813    0.364570074519442    0.132385411186603   -0.009861676573358 
  -0.376151162190449   -0.112205522347602   -0.055833164957077    0.367962875447683    0.152439777461924   -0.027898774985502 
  -0.195730933237652    0.040551995812906    0.018529196348759    0.198584988920858   -0.028707159262885    0.023698278117672 
  -0.192829170960739    0.049401526661210    0.027514467759676    0.196457029917789   -0.035196815218309    0.017109079082999 
  -0.192702080412448   -0.051813455046016    0.015261154755466    0.193497507556720   -0.023312547912831   -0.016105328827421 
  -0.190108771551610   -0.049357848950729    0.025925788503449    0.180826242557220    0.041644189953499   -0.075724794518456 
  -0.192622668175202   -0.031041983256863    0.013567832469369    0.193395725675179   -0.049935138515829   -0.013935014348058 
  -0.196757599592391    0.036180444342577   -0.014648383825145    0.196616768213659    0.017978781036170    0.013653971037277 
  -0.197763615831699    0.016691611616714   -0.012953614123506    0.197404085270509    0.033230910995541    0.012327629531646 
  -0.195555658562359   -0.038430809537408   -0.019561203550967    0.192006154145783    0.056085659020728   -0.021168516782251 
  -0.197598054642886   -0.029197266760504   -0.023822139693739    0.193503911271502    0.049314394317665   -0.018043830277551 
  -0.098737873819911    0.011754063262506    0.011203916402311    0.099965365659874   -0.006261784512504    0.009065207367553 
  -0.098089381814582    0.013152016718781    0.013948910158202    0.099516409656185   -0.007229598443771    0.007164827075013 
  -0.098179943256057   -0.012000627293193    0.008729944466121    0.098512687654715   -0.017589422010834   -0.008655608695842 
  -0.098342420506450   -0.018672179648849    0.007761404325620    0.098639058849464   -0.012400436845324   -0.007902299697675 
  -0.099640108664882    0.008321387439826   -0.003528453912918    0.099592555833792    0.011689558141231    0.003268163115626 
  -0.099669300689414    0.011791259868606   -0.004074241825086    0.099615260741761    0.008990768474402    0.003692664825090 
  -0.099638929695025   -0.005944060280019   -0.007205849347382    0.097989354335062    0.014628855040013   -0.012788060982502 
  -0.100045754452082   -0.005480512839605   -0.008411436316737    0.098271002243794    0.014307937581264   -0.011953423849872 
  -0.079177665335965    0.008697242324562    0.007947109583139    0.079918779999122   -0.004974359514029    0.007073194016732 
  -0.078615614782067    0.010262769433323    0.010735432220519    0.079597608254037   -0.005868946433321    0.005479866795372 
  -0.078615048215855   -0.008242121811970    0.007000007149767    0.078922629383610   -0.013515922557146   -0.006602007545741 
  -0.078750931096178   -0.014526405638619    0.005888497073146    0.079017126615104   -0.009145633804603   -0.005829028456923 
  -0.079717843613287    0.006361007844617   -0.002525521846245    0.079686887492482    0.008811457148650    0.002571373309351 
  -0.079741109786307    0.009106831509631   -0.003359764644331    0.079703067521435    0.006901924955214    0.003151532006497 
  -0.079685404607823   -0.004837438855232   -0.005910733368445    0.078510425397344    0.011443517381555   -0.009805715589350 
  -0.080022993788635   -0.004040005197998   -0.006560985082707    0.078703333500665    0.010987841005993   -0.009434143181201 
  -0.059654881092495    0.005755211946526    0.004188707153879    0.059938290069188   -0.003412180551171    0.005151460218061 
  -0.059152334580317    0.006601836850607    0.007810720244752    0.059711111508888   -0.003794901398221    0.003514111834516 
  -0.059082709745983   -0.004845509613738    0.005530957775574    0.059361801834618   -0.009481973854594   -0.004795697041389 
  -0.059212500113585   -0.010420844258343    0.004343522725550    0.059443962709522   -0.005952633574981   -0.004044017973025 
  -0.059843132410920    0.004093425498397   -0.001682301390054    0.059830893746368    0.006311786666134    0.002129829953378 
  -0.059873261640671    0.006852354162632   -0.002807792279113    0.059849966378045    0.004565308887857    0.002842296662966 
  -0.059850621689900   -0.002680223352339   -0.004366252616592    0.059076947120126    0.007543225282570   -0.007146946255423 
  -0.060055427668450   -0.002465290251984   -0.004980373707370    0.059169530644675    0.007446063744053   -0.006869329871921 
  -0.039793161348673    0.003403347453604    0.003164944699822    0.039982100666468   -0.001841326523368    0.003061833548139 
  -0.039794438101061    0.003371987368333    0.003111524278037    0.039919539799457   -0.003377970701657    0.000444232880679 
  -0.039852245768587   -0.001014749793452    0.002257348817780    0.039831047637169   -0.004836905644480   -0.001808011233896 
  -0.039554828351875   -0.006324250091390    0.002315948820609    0.039740889744298   -0.003227405554164   -0.001825774997819 
  -0.039952074001200    0.001408567268413   -0.002062640356867    0.039922153059604    0.003653510322804    0.001551678714519 
  -0.039920845772432    0.004098805562419   -0.000901274741185    0.039912686662730    0.002838002547269    0.001199627116734 
  -0.039944339425914   -0.001780405324266   -0.002910779468348    0.039428556379398    0.005022406611086   -0.004764686446328 
  -0.039934302524982   -0.001810785313494   -0.002825705135766    0.039920364525045    0.003533787138883   -0.000596044149786 
  -0.024968231768388    0.000609963013608    0.001015801486596    0.025041207759120   -0.000613453291381    0.001058390189322 
  -0.025002935071684   -0.001615643021107    0.000429719438753    0.024990027764998   -0.001947364956657   -0.000156122776566 
  -0.025001881527519   -0.001509510647496    0.000414598330867    0.025005830927468   -0.000355379352495   -0.000382939394862 
  -0.025016944368042    0.001387597639990   -0.000330648574280    0.024998725839159    0.001694645159995    0.000019529707607 
  -0.025016052547483    0.001311513089990   -0.000313182328614    0.025012103147535    0.000553376910000    0.000281523392609 
  -0.025008525419977   -0.000171948304678   -0.000864746734658    0.025000394920013    0.001177032702822   -0.001131273681914 
  -0.025010164140048   -0.001000275731244    0.000018931274143    0.025014113539996   -0.000864614268747    0.000012727661862 
  -0.025011030238895   -0.001229663912245    0.000022892783886    0.025012460078562   -0.001302537159750    0.000020290544098 
  -0.025013719858703    0.000968881623748   -0.000014528348108    0.025009770458754    0.000896008376243   -0.000017130587896 
  -0.025012853759856    0.001198269804749   -0.000018489857851    0.025011423920188    0.001333931267246   -0.000024693470133 
  -0.024980447903477   -0.001114028433525    0.000021524175032    0.024981877743145   -0.001418172638470    0.000021659152951 
  -0.024980890634247   -0.000257395506461    0.000006915488571    0.024981094450244    0.000097408694029   -0.000004186984634 
  -0.024981707462079    0.001088698435753   -0.000016040427389    0.024980277622412    0.001443502636242   -0.000027142900594 
  -0.024981264731309    0.000232065508689   -0.000001431740928    0.024981060915312   -0.000072078696256   -0.000001296763009 


        0.000 
PELAGIC TRAWL		:           0 
Boat to door starboard	:      200.03 
Boat to door port	:      200.03 
Boat Z force 		(N):      -40756 
Boat X force 		(N):       65781 
Warp tension		(N):       36226 
Bottom bridle tension	(N):        6379 
Top bridle tension	(N):       17228 
Head line immersion	(m):      -126.2 
Bottom line immersion 	(m):      -133.4 
Door immersion starboard	(m):      -109.1 
Door immersion port	(m):      -109.1 
bottom drag (N)				:            0 
catch drag (N)				:            0 
element drag (N)				:        19036 
surface drag (N)				:        35545 
forces along X Y and Z axes (N)		:  65780.74934     62.55575 -40755.80082 
maximal catch diameter (m) 			:        0.000 
thickness of the catch (m) 			:        0.000 
volume of the catch (m3) 			:       0.0000 
current amplitude (m/s)			:        2.058 
filtered surface (m2) 				:       196.99 
