      1      261.112161733       12.069073900     -128.790520843
      2      266.386731075       10.188349816     -128.843961379
      3      280.236290420        9.209235853     -129.560122808
      4      302.633329951        3.077708573     -133.237389625
      5      302.661547588        3.414418416     -137.446554580
      6      280.774528491       10.140941119     -142.019988385
      7      267.293264066       11.321291373     -143.602441049
      8      262.049883175       13.193631998     -143.001222976
      9      280.304715504       10.031249911     -135.463119461
     10      280.109288445        9.958534238     -134.690720681
     11      260.864809352       10.734338357     -128.088420261
     12      279.385171842        1.699973952     -129.903167205
     13      279.406417887        0.000000000     -129.898566305
     14      302.592616598        0.000000000     -132.548904758
     15      261.698810328       11.528690278     -143.742501986
     16      279.798150214        1.700151104     -141.971026006
     17      279.810852135        0.000000000     -141.981168635
     18      302.781839477        0.000000000     -138.824974725
     19      306.487673452        2.164697881     -133.626235613
     20      306.516847882        2.438865741     -137.152721792
     21      306.528357189        0.000000000     -132.888819798
     22      306.666762614        0.000000000     -138.329433087
     23      310.434067907        1.760849394     -133.980469729
     24      310.464744291        2.017839957     -136.802591875
     25      310.484531196        0.000000000     -133.246110544
     26      310.590220663        0.000000000     -137.836658262
     27      315.175351734        1.298237890     -134.379573869
     28      315.205269593        1.517275727     -136.397332850
     29      315.229240116        0.000000000     -133.727972726
     30      315.270790889        0.000000000     -137.088776307
     31      319.928142403        0.893506468     -134.763239671
     32      319.956410001        1.052341331     -135.983631055
     33      319.949692483        0.000000000     -134.419978410
     34      319.977558249        0.000000000     -136.459071094
     35      327.894318658        0.337217725     -135.238627088
     36      327.891945031        0.395547155     -135.529081762
     37      327.897821587        0.000000000     -135.203801944
     38      327.895090615        0.000000000     -135.540482005
     39      337.895286226        0.129079081     -135.420066179
     40      337.895999511        0.000000000     -135.406334516
     41      337.895638262        0.000000000     -135.429188382
     42      357.902041759        0.000000000     -135.439038975
     43      357.902623491        0.139128588     -135.343273443
     44      357.903341836        0.000000000     -135.445906822
     45      380.384722647        0.000000000     -135.303103913
     46      380.382255705        0.009561755     -135.303135861
     47      380.379348227        0.000000000     -135.303506600
     48        0.000000000        0.000000000        0.000000000
     49      162.676961644       37.035566163     -110.351167865
     50      165.407272176       36.159906108     -109.467968153
     51      164.505322450       36.934622561     -112.727759386
     52      255.707387460       12.852525039     -127.544958317
     53      256.592045602       13.803317596     -144.099604389
     54      257.393317419       13.803316948     -145.934989925
     55       18.596928874        3.586768757      -11.651214302
     56       37.088659644        7.290239686      -23.432385385
     57       55.466106083       11.116326270      -35.352143296
     58       73.719180136       15.071357197      -47.419761632
     59       91.836673699       19.162113286      -59.645214384
     60      109.806038352       23.395847627      -72.039178178
     61      127.613303923       27.780344075      -84.613144146
     62      145.242805825       32.323939849      -97.379417622
     63      178.304526610       33.128246507     -112.425589131
     64      191.205497206       30.003032578     -115.267241025
     65      204.108751658       26.781013853     -117.987616373
     66      217.012654050       23.458742992     -120.581262931
     67      229.915262846       20.032564137     -123.042568720
     68      242.814369442       16.498559077     -125.365774986
     69      177.709760385       34.060999435     -117.371044311
     70      190.902867817       31.058344720     -121.964522027
     71      204.082100744       27.918691341     -126.505772823
     72      217.244497509       24.633345564     -130.992359798
     73      230.386519465       21.192806467     -135.421820249
     74      243.504020483       17.586631401     -139.791710581
   -0.0125083 
    0.0000902 
    0.0006421 
    0.0006364 
    0.0006306 
    0.0006249 
    0.0006191 
    0.0006132 
    0.0006074 
    0.0006015 
    0.0005956 
    0.0000788 
    0.0000711 
   -0.0000400 
    0.0002554 
    0.0002529 
    0.0002504 
    0.0002480 
    0.0002456 
    0.0002432 
    0.0002409 
    0.0002290 
    0.0002260 
    0.0002231 
    0.0002201 
    0.0002172 
    0.0002143 
    0.0002114 
    0.0003358 
    0.0002679 
    0.0000980 
    0.0003268 
    0.0000090 
    0.0000169 
    0.0000026 
    0.0000087 
   -0.0242381 
    0.0001969 
   -0.0249138 
    0.0000782 
    0.0000619 
    0.0000664 
    0.0001346 
    0.0003744 
    0.0013337 
   -0.0008870 


  -0.374515241321998    0.108383453807150    0.021117808574473    0.374459403817450    0.009940636760713    0.080738442411805 
  -0.380757079480220    0.059591268139966    0.067800227166791    0.365096646580117   -0.063247641740062    0.150762070300282 
  -0.382385221016437    0.106644741266697    0.071677190982275    0.343299809217540   -0.121187875866468    0.082802565012820 
  -0.376528976291738    0.109366431516616    0.087697826350269    0.360868543391635   -0.113022805116711    0.130864471116803 
  -0.372225642391697    0.095947968124961    0.104042762558408    0.376459041558272   -0.120924580958383    0.066977166541981 
  -0.388076993998863   -0.018149943536853    0.026697714709288    0.378752960233790   -0.107427897257836   -0.007854922360432 
  -0.379942534239874    0.042210793239907    0.118003996760208    0.384175933406449   -0.067187406073329    0.053015932340181 
  -0.376005355416618    0.107465216828554    0.065974207625943    0.375199137216631   -0.117085498057186    0.054287648231160 
  -0.394422980213018    0.038999181499754    0.053967222714158    0.370407249799910   -0.180687288100046   -0.036294938879959 
  -0.394842345829728   -0.062198364928471    0.015809511158703    0.370524672172588   -0.152351975100143   -0.025610779644431 
  -0.387829351877216   -0.050180074601059    0.061659015347565    0.386167582367012   -0.075440683480559   -0.033557592204817 
  -0.385020242183339   -0.113331596799809    0.044479034216506    0.387853048183338   -0.113331596799809   -0.043865580883452 
  -0.392738131109052   -0.069448150689575    0.053446765494728    0.368420457451912   -0.145102189339039   -0.063248033980456 
  -0.383696583766556    0.113343406933297   -0.051927056566555    0.382002994300082    0.113343406933297    0.053279407100157 
  -0.361986797720183    0.196570783480060   -0.035429519600040    0.399603838430145   -0.014814207500206    0.010004352642852 
  -0.359204347176660    0.160341797516708   -0.076503681772885    0.387100869376666    0.080823631483394    0.075104756658636 
  -0.358206596077422    0.173467340638852   -0.044773058094517    0.386103118277428    0.067698088361249    0.043374132980268 
  -0.384902690099248    0.080597358100698   -0.031335920491083    0.379992817078929    0.058766658878965    0.087597967225943 
  -0.193129695074914    0.045350535500098    0.029389437837706    0.192643454574939   -0.049919999833426    0.029385331812294 
  -0.192817952324982    0.044447999446394    0.034475031382271    0.192414843224989   -0.049258140060710    0.025655896546281 
  -0.193797325231616   -0.036002958153079    0.037708224442919    0.192966440476514   -0.026807420887730   -0.023657512871545 
  -0.196170609292414   -0.032798452742427    0.028168718893999    0.197403449807570   -0.032798452742427   -0.005822785106173 
  -0.196517592183324    0.036952511227271   -0.006948122884756    0.191974721516681    0.036952511227271    0.042606040915101 
  -0.192028533746885    0.027873031203144   -0.023130946410023    0.189573597236725    0.041808977286687    0.051261969777453 
  -0.098927483104963    0.008598215377502    0.012412668169998    0.098620719264986   -0.011168121007500    0.015808553290003 
  -0.098720641437497    0.009525029133335    0.016202699106246    0.098477521187510   -0.011809761300000    0.013184685718754 
  -0.098281408007557   -0.010040512299419    0.015715534899980    0.098754474716861   -0.015130393293607   -0.007140932400000 
  -0.098563382006081   -0.011897631040541    0.013894155035114    0.099245318343922   -0.011897631040541   -0.003970382264863 
  -0.098934264549347    0.013634053763513   -0.005332435577695    0.097238637900689    0.013634053763513    0.019306305672309 
  -0.099046049136606    0.016197425393023   -0.006016710029651    0.097302854578476    0.012161478572091    0.019699399506411 
  -0.079244948657047    0.006613491085086    0.009175359082483    0.078930023825471   -0.008919152527191    0.012064209138581 
  -0.079082749884661    0.007196210607334    0.012295979958670    0.078837338812679   -0.009252135111332    0.010280997209331 
  -0.078584957860447   -0.007518775998559    0.013002950239630    0.079130506930720   -0.011517433666307   -0.005063932023429 
  -0.078716815006708   -0.008713005973155    0.012404198400221    0.079440148993288   -0.008713005973155   -0.003657874333131 
  -0.078449244008253    0.010183058570470   -0.007824139135905    0.077569763525057    0.010183058570470    0.017105259364096 
  -0.079280055297151    0.012705634370989   -0.004518497868177    0.077923553978224    0.009108851650632    0.015697593943868 
  -0.059635774849970    0.004426492191262    0.005471675678772    0.059307081849990   -0.006273409202899    0.008718921809605 
  -0.059469244193851    0.004624543892065    0.008799312566667    0.059231800868457   -0.006362939423810    0.007214647600008 
  -0.059001638044319   -0.004775992755302    0.009732194820439    0.059545965135230   -0.008337521285103   -0.003150365093184 
  -0.058869261676108   -0.005655104227848    0.010822610676558    0.059142047498892   -0.005655104227848   -0.006477531423396 
  -0.058968441670882    0.006660388170891   -0.004862200991643    0.058700742329118    0.006660388170891    0.010880429333405 
  -0.059554712918162    0.009643184311101   -0.003425203101651    0.058892881645454    0.005682833133343    0.010409480445088 
  -0.039823395713325    0.002465171004842    0.004018418421522    0.039604267046672   -0.003696449012600    0.005441979904063 
  -0.039818259607611    0.002471279285632    0.003921418288025    0.039855936226682   -0.003397143253900    0.000688973362745 
  -0.039694488363607   -0.002873660512846    0.004549476711599    0.039876345578797   -0.004666478457618   -0.001652757209490 
  -0.039715076695182   -0.002461443248173    0.004173315801399    0.039766214344815   -0.002461443248173   -0.003664919538654 
  -0.039610622297171    0.002887205510953   -0.004509731992392    0.039564701362848    0.002887205510953    0.004676158897550 
  -0.039722291706961    0.005504100270298   -0.001269708408032    0.039543825479119    0.003376417290890    0.005281860635873 
  -0.024994396939855    0.000323214740087    0.001435226949833    0.025016374967647   -0.000863302054911    0.001254168179783 
  -0.024982958203334   -0.001353085195556    0.000647070749734    0.025014095349999   -0.001644405693330   -0.000337513914196 
  -0.024989738529996   -0.001032632648004    0.000616184734020    0.025001151090006   -0.001032632648004   -0.000396478126014 
  -0.025018838267507    0.001984660701669   -0.000234538147462    0.024990877520830    0.001531314009447    0.000335873640825 
  -0.025004185405500    0.001032632648004   -0.000205256433490    0.024998552829500    0.001032632648004    0.000351211681478 
  -0.025003465301246   -0.001045194531759    0.000013862384019    0.025014877861256   -0.001020070764249    0.000205844223987 
  -0.025012206666018   -0.001113028704035   -0.000725243682237    0.025002898953976   -0.001113028704035   -0.000807004829772 
  -0.025012445755501    0.001032632648004    0.000093875674003    0.025006813179501    0.001032632648004    0.000052079573985 
  -0.025014918341251    0.001100466820280    0.000725076111963    0.025003424821250    0.001125590587790    0.000917057951931 
  -0.024982022982698   -0.000969065556291   -0.000810721569327    0.024972715270656   -0.001256991851780   -0.000721526942682 
  -0.024961021006330   -0.000076494040273   -0.000150783373762    0.025000492078110   -0.000076494040273    0.000151294541775 
  -0.024979087194424    0.001113028704035    0.000662844563080    0.024967593674423    0.001113028704035    0.000979289500814 
  -0.024954109302451    0.000220457188018   -0.000041631401297    0.025000628950902   -0.000067469107471    0.000047563225348 


     5779.000 
PELAGIC TRAWL		:           0 
Boat to door distance	:      200.03 
Boat Z force 		(N):      -20989 
Boat X force 		(N):       33415 
Warp tension		(N):       36929 
Bottom bridle tension	(N):       12770 
Top bridle tension	(N):       11449 
Head line immersion	(m):      -129.9 
Bottom line immersion 	(m):      -142.0 
Door immersion 		(m):      -110.4 
bottom drag (N)				:            0 
catch drag (N)				:            0 
element drag (N)				:         9795 
surface drag (N)				:        18020 
forces along X Y and Z axes (N)		:  33415.25553   6385.08861 -20989.36423 
maximal catch diameter (m) 			:        0.000 
thickness of the catch (m) 			:        0.000 
volume of the catch (m3) 			:       0.0000 
current amplitude (m/s)			:        2.058 
filtered surface (m2) 				:       153.53 
