      1      266.541921020       12.738090107     -123.947729202
      2      271.775085901       10.764076570     -124.225843369
      3      285.459824337       10.168251773     -125.375087465
      4      307.714091313        3.780939985     -128.343413647
      5      307.463396511        2.548980193     -131.514984604
      6      284.692782905        8.628475771     -133.070308491
      7      270.747151794        9.903903663     -133.419810463
      8      265.562168025       12.019847774     -133.451051428
      9      285.347065260       10.922368954     -130.716409956
     10      285.505822644       11.493038111     -130.178698407
     11      266.181802011       10.602274133     -124.003275242
     12      284.646538625        1.700149304     -125.406250685
     13      284.655693107        0.000000000     -125.401511906
     14      307.723018752        0.000000000     -127.310389769
     15      265.241639887       10.898726011     -133.666267254
     16      283.872701560        1.699791489     -132.929551470
     17      283.903718590        0.000000000     -132.932629901
     18      307.365660058        0.000000000     -131.571449251
     19      311.551070843        2.697706084     -128.526063906
     20      311.368946770        1.763351311     -131.195538378
     21      311.618927214        0.000000000     -127.616292113
     22      311.343944226        0.000000000     -131.358254038
     23      315.485213190        2.181061964     -128.871493185
     24      315.343612245        1.390082662     -130.988800011
     25      315.550276734        0.000000000     -127.979500599
     26      315.331684937        0.000000000     -131.140430776
     27      320.209144144        1.562089310     -129.262003159
     28      320.119635141        0.989350562     -130.742891283
     29      320.238322013        0.000000000     -128.639865951
     30      320.118013344        0.000000000     -130.864807911
     31      324.942106618        0.987992028     -129.653055445
     32      324.909067210        0.676195410     -130.470282330
     33      324.945440526        0.000000000     -129.341173634
     34      324.909370808        0.000000000     -130.621392188
     35      332.902336896        0.321708228     -130.009116655
     36      332.897095923        0.277960048     -130.260087125
     37      332.906020456        0.000000000     -129.979997165
     38      332.900293400        0.000000000     -130.297523164
     39      342.907280239        0.115545902     -130.167367686
     40      342.907985238        0.000000000     -130.148908258
     41      342.907480606        0.000000000     -130.181650002
     42      362.915135627        0.000000000     -130.193665820
     43      362.915704796        0.132316216     -130.090931219
     44      362.916467185        0.000000000     -130.200360729
     45      385.398232564        0.000000000     -130.054775924
     46      385.395860498        0.008732245     -130.059033831
     47      385.393018280        0.000000000     -130.062993514
     48        0.000000000        0.000000000        0.000000000
     49      163.382575317       37.897903138     -109.003141274
     50      165.873270308       38.483381286     -107.436495647
     51      165.769258246       36.895744088     -110.520114819
     52      260.955673444       12.575328176     -123.588879718
     53      260.065386706       13.036759802     -133.810920565
     54      260.866656859       13.036759673     -135.646306832
     55       18.665713066        3.661312631      -11.516651547
     56       37.228589274        7.443762142      -23.159433646
     57       55.679586707       11.353586091      -34.936953764
     58       74.008649463       15.397469329      -46.858480311
     59       92.204585291       19.582584885      -58.934002847
     60      110.254839669       23.916618082      -71.174238914
     61      128.145407983       28.407830368      -83.590749710
     62      145.860553948       33.065086910      -96.195945545
     63      179.464490771       35.432713853     -110.615828263
     64      193.067337100       32.190703349     -113.546212010
     65      206.675828903       28.744125844     -116.204017309
     66      220.281803736       25.078105260     -118.564289750
     67      233.874251694       21.175512813     -120.600710408
     68      247.438617977       17.016089826     -122.285463502
     69      179.241353237       33.750173115     -114.101558825
     70      192.714680447       30.521600732     -117.603507068
     71      206.188367136       27.207391578     -121.022901044
     72      219.661461607       23.804777312     -124.356607197
     73      233.132845202       20.310862971     -127.601397617
     74      246.601293781       16.722593968     -130.753968347
    0.0000429 
    0.0000470 
    0.0006278 
    0.0006221 
    0.0006164 
    0.0006106 
    0.0006049 
    0.0005991 
    0.0005933 
    0.0005874 
    0.0005816 
    0.0000403 
    0.0000993 
   -0.0000325 
    0.0001335 
    0.0001309 
    0.0001283 
    0.0001258 
    0.0001234 
    0.0001211 
    0.0001189 
    0.0003361 
    0.0003333 
    0.0003306 
    0.0003279 
    0.0003252 
    0.0003226 
    0.0003200 
    0.0002724 
    0.0000227 
    0.0002905 
    0.0004098 
    0.0000086 
    0.0000015 
    0.0000359 
    0.0000171 
   -0.0308209 
    0.0000059 
   -0.0192767 
    0.0001561 
    0.0000007 
    0.0001062 
    0.0000454 
    0.0004289 
    0.0013337 
   -0.0008659 


  -0.374631441906982    0.122076740067444   -0.004109414211628    0.394583581139530    0.013546509951165    0.012873025532560 
  -0.373888532866667    0.098412682500000    0.023770455059999    0.395697944700001   -0.021949576400001    0.054692829440000 
  -0.360667651650002    0.168089937200000    0.040195154916667    0.392419128449993   -0.053956105800000    0.067347154883337 
  -0.363153167891666    0.158672255875000    0.032925398591666    0.384962579725000   -0.082209149775000    0.045537885908333 
  -0.371287768825000    0.095415310316667    0.089502194216667    0.369754491925000   -0.139574854916667    0.070618170516667 
  -0.382812581299991   -0.036123614958140    0.037027128979068    0.375388389700005   -0.109743687772094   -0.022893856113954 
  -0.379278032479999    0.024901039920000    0.124619384100000    0.377744755579999   -0.069060584520000    0.035500980633334 
  -0.364765779678572    0.154934107166667    0.037374155459524    0.371928488307143   -0.119735255966667    0.053242157597619 
  -0.399520277857160   -0.011557316928571    0.015897723357143    0.369294732280002   -0.178042496580001   -0.028059508860000 
  -0.389813595984123   -0.084260054873016    0.031552456396824    0.366576861355552   -0.157685729955556   -0.032442834111111 
  -0.384380261325850   -0.068116728904422    0.058088301348979    0.384744646591156   -0.086207352115986   -0.015924061430612 
  -0.383845128616667   -0.113343286933331    0.032130549650000    0.385065726216665   -0.113343286933331   -0.031498712450000 
  -0.389493837302857   -0.087101431396191    0.048759800861904    0.366257102674286   -0.154844353432381   -0.049650178576191 
  -0.393100159799999    0.113319432600003   -0.022481115433333    0.388964555800001    0.113319432600003    0.022891572900001 
  -0.372621233460001    0.183978690439999   -0.014734315680000    0.393250850500006   -0.071058739142859    0.017604056499999 
  -0.374824047652381    0.140917407911428   -0.026726390617619    0.398254943223809    0.057045000145713    0.022704761446191 
  -0.373710619555554    0.150906623922221   -0.012054338461112    0.397141515126983    0.047055784134921    0.008032709289684 
  -0.390053342182653    0.067344861104082   -0.021770782182313    0.394042585162245    0.036695146773468    0.024075461651701 
  -0.193000962037500    0.050960878762500    0.017396119600002    0.196036363254166   -0.035388299212500    0.027095121599999 
  -0.190953637921429    0.058561551450000    0.020459552082142    0.194534992235715   -0.040962125850000    0.024848604446429 
  -0.191612126077552   -0.046148957613266    0.036539268896938    0.191794318710205   -0.031013082896938   -0.015457148937754 
  -0.193767296266668   -0.040874334606061    0.029079538306060    0.195823549933335   -0.040874334606061   -0.001510696093940 
  -0.198535381975759    0.026717444106061   -0.008194371862120    0.199293034824243    0.026717444106061    0.013125149437878 
  -0.195875899396938    0.023675442918367   -0.016318013220407    0.197870520886734    0.028344561020408    0.017470352955101 
  -0.098304629787499    0.015264060990000    0.010711342020000    0.099720639237500   -0.007354267970000    0.010461726240000 
  -0.097974133522917    0.014862675443750    0.014197137125001    0.099491834131251   -0.007076385668750    0.008048483475000 
  -0.097722336619187   -0.012178837316279    0.017098725398256    0.098511364188954   -0.019189838079070   -0.006519983619187 
  -0.097844119459460   -0.014736905162162    0.015107189082433    0.098723356540541   -0.014736905162162   -0.003053235217568 
  -0.099612927856080    0.009392450418919   -0.004421049354055    0.099774107693918    0.009392450418919    0.006470113745947 
  -0.099308491423837    0.013432533227326   -0.004790050663372    0.099599218679651    0.007071551784302    0.006682093221512 
  -0.078893731576316    0.011200490028070    0.007592743231579    0.079835931607895   -0.005171661101754    0.007995552810526 
  -0.078448980676666    0.011898169504000    0.010743113218667    0.079581788236666   -0.005570335088000    0.006195341389333 
  -0.078169470834774   -0.008547027707568    0.014223030040180    0.078872860499639   -0.015032020551892   -0.004579866948288 
  -0.077938263359172   -0.010483820872483    0.015181506703355    0.078329912607494   -0.010483820872483   -0.006830671696644 
  -0.079761255573043    0.006639936657718   -0.003775482013982    0.079783024660291    0.006639936657718    0.005411946819351 
  -0.079574592825946    0.009684452467387   -0.003770628497297    0.079703536696217    0.005343468202883    0.005409880010811 
  -0.059579766490406    0.006633595952326    0.003719366735756    0.059963945653198   -0.003008053882558    0.005783271461919 
  -0.058984433696826    0.008312602429762    0.007826423662302    0.059694822609524   -0.003767056810714    0.003926656686905 
  -0.058940986462879   -0.004657793899242    0.009601314241667    0.059235712412374   -0.011120885999747   -0.003317100019445 
  -0.058817880728956   -0.006253114101266    0.010740281550159    0.058860082096044   -0.006253114101266   -0.006792410524842 
  -0.059893889806329    0.004279717784810   -0.002086305031171    0.059890046793671    0.004279717784810    0.003999088043829 
  -0.059863805415530    0.006412799405051   -0.003099741639773    0.059880187203409    0.003580640615152    0.004331222730682 
  -0.039769824136163    0.003598500460930    0.003161860242636    0.040025943578023   -0.001181472414419    0.003173231889147 
  -0.039773282724047    0.003564048211111    0.003114831565079    0.039856472771667   -0.002869632655556    0.000868826688889 
  -0.039780050706456   -0.002921695101266    0.003754241562658    0.039808184951181   -0.005415790367089   -0.001122327545781 
  -0.039776012350730   -0.002348235240876    0.003406668676898    0.039829786949270   -0.002348235240876   -0.002981566633102 
  -0.039977952208175    0.002028905459854   -0.001346089360875    0.039931273711825    0.002028905459854    0.001892600879124 
  -0.039940784067110    0.003417749404937   -0.000732178856224    0.039938222058671    0.002288540974810    0.002007367531329 
  -0.024994645809861    0.000663258460370    0.001243814814074    0.025043173337639   -0.000258182719630    0.001079985834074 
  -0.024991894135278   -0.001271862118333    0.000557402521945    0.025024636890833   -0.001587766575000   -0.000298562610833 
  -0.024999271963000   -0.000924367216000    0.000569953156500    0.025010551947000   -0.000924367216000   -0.000274602308500 
  -0.025036119046667    0.001332568858333   -0.000107011800833    0.025007697028889    0.001138187123889    0.000439776591945 
  -0.025019570951000    0.000924367216000   -0.000175424377000    0.025016365079000    0.000924367216000    0.000403941433000 
  -0.025004890704250   -0.000945330108500    0.000052129840250    0.025016170688250   -0.000903404323500    0.000243221007750 
  -0.025013491338249   -0.001058529728000   -0.000765929855500    0.025004384634251   -0.001058529728000   -0.000877823760500 
  -0.025012836159750    0.000924367216000    0.000137646936750    0.025009630287750    0.000924367216000    0.000090870119250 
  -0.025016629808250    0.001037566835500    0.000779890496250    0.025004431584250    0.001079492620500    0.000970981663750 
  -0.024982504131999   -0.000921214204666   -0.000857318350222    0.024973397428001   -0.001195845251334   -0.000786435265778 
  -0.024962242290887   -0.000069857959996   -0.000120258850664    0.025000195346890   -0.000069857959996    0.000188385362670 
  -0.024980044773112    0.001058529728000    0.000722805841111    0.024967846549111    0.001058529728000    0.001028066318890 
  -0.024955213036004    0.000207173483330   -0.000003764078228    0.025000688523996   -0.000067457563338    0.000067119006216 


        0.000 
PELAGIC TRAWL		:           0 
Boat to door distance	:      200.03 
Boat Z force 		(N):      -20291 
Boat X force 		(N):       32792 
Warp tension		(N):       36057 
Bottom bridle tension	(N):        6675 
Top bridle tension	(N):       16803 
Head line immersion	(m):      -125.4 
Bottom line immersion 	(m):      -132.9 
Door immersion 		(m):      -109.0 
bottom drag (N)				:            0 
catch drag (N)				:            0 
element drag (N)				:         9512 
surface drag (N)				:        17679 
forces along X Y and Z axes (N)		:  32791.55435   6371.95917 -20291.10790 
maximal catch diameter (m) 			:        0.000 
thickness of the catch (m) 			:        0.000 
volume of the catch (m3) 			:       0.0000 
current amplitude (m/s)			:        2.058 
filtered surface (m2) 				:       100.95 
