      1        0.000000000        0.000000000       -8.351108904
      2        3.202159441        0.000000000       -9.992919843
      3        3.202038179        0.006335432      -10.000000000
      4        0.000000000        1.569117301      -10.000000000
      5        3.201959506        0.001476149       -9.993065226
      6        3.201853471        0.002819452       -9.993687484
      7        3.201836238        0.003933989       -9.994662151
      8        3.201870270        0.004876764       -9.995803604
      9        3.201996036        0.005442149       -9.997171162
     10        3.202017745        0.005889197       -9.998585444
     11        1.352634872        0.000000000       -8.418919263
     12        2.046812101        1.485691802      -10.000000000
     13        2.423004863        1.184241081       -9.683648370
     14        3.079527295        0.402855865       -9.596325655
     15        1.016067061        1.344519567       -9.572022387
     16        1.714823839        0.713009433       -8.904813317
     17        0.296946238        0.768549994       -8.877025683
    0.0476940 
    0.0389540 
    0.0364888 
    0.0365899 
    0.0396107 
    0.0383891 
    0.0383890 


  -0.034068332569745   -0.022846365100999    0.038079107403457    0.034937838917172   -0.031575506687409    0.033360453497701 
  -0.034847434020195   -0.016898073475708    0.042797761309213    0.033379636016273   -0.019678923436827    0.042797761309213 
  -0.035409051212099   -0.023561582394485    0.038941752647698    0.037619276201879   -0.030145072100439    0.031635163009219 
  -0.035168241558693   -0.031773552054216    0.032938606925404    0.033066931252314   -0.047281230474817   -0.001637009985623 
  -0.020142027675385    0.043822746393466    0.031635163009219    0.037619276201879   -0.030145072100439    0.031635163009219 
  -0.035956041134606   -0.028798478660015    0.034749835184008    0.034937838917172   -0.031575506687409    0.033360453497701 
  -0.029694623783528   -0.045472653355221    0.019613856001946    0.029694623783528   -0.017292038681377    0.046341787837642 
  -0.035956041134606   -0.028798478660015    0.034749835184008    0.032825332459067   -0.025629126028981    0.038773798246611 
  -0.031755247788664   -0.038427499686760    0.027143468448252    0.035876495798937   -0.038427499686760    0.023752950498723 
  -0.035832918368885   -0.034956214652517    0.024642048119224    0.035060961682892   -0.037733242679912    0.023252666432917 
  -0.035409051212099   -0.023561582394485    0.038941752647698    0.032826121598908   -0.039069260815086    0.004366135736670 
  -0.025969845966659    0.039221770039109    0.010677044839638    0.025963767256932   -0.039346943519659   -0.010281045922897 
  -0.012236812787969    0.039786602386860    0.039975146038766    0.012201598348115   -0.039944910150866   -0.039592229701349 
  -0.016820040355271    0.039592013638008    0.030206620005986    0.032826121598908   -0.039069260815086    0.004366135736670 
  -0.012228826327877    0.039758443068129    0.039950609543813    0.012233651542279   -0.040070513542617   -0.039677702922680 
  -0.012234978108824    0.039779054586360    0.039970623931600    0.012225449166725   -0.040043031515103   -0.039651017069185 
  -0.012209289756557    0.039708114695205    0.039873079815576    0.012238979697641   -0.040084239461341   -0.039698847392224 
  -0.012179242133365    0.039665603875914    0.039720479577544    0.012235223745728   -0.040078925610325   -0.039679772367477 
  -0.040106506945497   -0.020142793238765    0.019520305113727    0.021544312016439   -0.020142793238765   -0.032946380879538 
  -0.025969684292379    0.039221873005790    0.010677079555226    0.025963962967892   -0.039346818875790   -0.010281003898767 


        3.201 
catch drag (N)				:         3351 
element drag (N)				:            0 
surface drag (N)				:            0 
forces along X Y and Z axes (N)		:   3350.91915      0.00000      0.00000 
maximal catch diameter (m) 			:        0.014 
thickness of the catch (m) 			:        0.002 
volume of the catch (m3) 			:       0.0000 
current amplitude (m/s)			:        1.900 
filtered surface (m2) 				:         1.29 
