      1        1.300119055        0.510246840      -10.145011013
      2        2.015384520        0.510247699      -10.145008227
      3        1.307133085        0.462105296      -10.145010986
      4        2.008386594        0.462104004      -10.145008254
      5        1.307717035        0.413465725      -10.145010983
      6        2.007819000        0.413464399      -10.145008256
      7        1.307771197        0.364822724      -10.145010983
      8        2.007779491        0.364821542      -10.145008256
      9        1.307781422        0.316179695      -10.145010983
     10        2.007782097        0.316178669      -10.145008256
     11        1.307787231        0.267536665      -10.145010983
     12        2.007787286        0.267535797      -10.145008256
     13        1.307791840        0.218893635      -10.145010983
     14        2.007791844        0.218892925      -10.145008256
     15        1.307795508        0.170250604      -10.145010983
     16        2.007795508        0.170250052      -10.145008256
     17        1.307798258        0.121607574      -10.145010983
     18        2.007798258        0.121607180      -10.145008256
     19        1.307800091        0.072964544      -10.145010983
     20        2.007800091        0.072964307      -10.145008256
     21        1.307801007        0.024321513      -10.145010983
     22        2.007801007        0.024321435      -10.145008256
     23        1.307801007       -0.024321517      -10.145010983
     24        2.007801007       -0.024321438      -10.145008256
     25        1.307800091       -0.072964547      -10.145010983
     26        2.007800091       -0.072964311      -10.145008256
     27        1.307798258       -0.121607578      -10.145010983
     28        2.007798258       -0.121607183      -10.145008256
     29        1.307795508       -0.170250608      -10.145010983
     30        2.007795508       -0.170250056      -10.145008256
     31        1.307791839       -0.218893638      -10.145010983
     32        2.007791844       -0.218892928      -10.145008256
     33        1.307787231       -0.267536668      -10.145010983
     34        2.007787286       -0.267535801      -10.145008256
     35        1.307781422       -0.316179698      -10.145010983
     36        2.007782097       -0.316178673      -10.145008256
     37        1.307771197       -0.364822728      -10.145010983
     38        2.007779491       -0.364821546      -10.145008256
     39        1.307717035       -0.413465728      -10.145010983
     40        2.007819000       -0.413464402      -10.145008256
     41        1.307133085       -0.462105300      -10.145010986
     42        2.008386594       -0.462104007      -10.145008254
     43        1.300119055       -0.510246844      -10.145011013
     44        2.015384520       -0.510247703      -10.145008227
     45        0.000000000        0.494939649      -10.145015282
     46        1.464735534        0.486573795      -10.367389554
     47        0.000000000       -0.494939649      -10.145015282
     48        1.464735534       -0.486573795      -10.367389554
     49        3.019548675        0.494973796      -10.751493012
     50        3.019548675       -0.494973796      -10.751493012
     51        2.191671104       -0.000000000       -9.545795116
     52        0.000000000        0.000000000       -9.650000000
     53        0.000000000        0.000000000      -10.640024190
     54        3.044351336        0.000000000      -10.257140257
     55        2.994923172        0.000000000      -11.245856836
    0.0204937 
    0.0204954 
    0.0218078 
    0.0017907 
    0.0001457 
    0.0000118 
    0.0000010 
    0.0000001 
    0.0000000 
    0.0000000 
    0.0000000 
    0.0000000 
    0.0000000 
    0.0000000 
    0.0000000 
    0.0000000 
    0.0000000 
    0.0000000 
    0.0000001 
    0.0000010 
    0.0000118 
    0.0001457 
    0.0017907 
    0.0218078 
    0.0135379 
    0.0133974 
    0.0133965 
    0.0133965 
    0.0133965 
    0.0133965 
    0.0133965 
    0.0133965 
    0.0133965 
    0.0133965 
    0.0133965 
    0.0133965 
    0.0133965 
    0.0133965 
    0.0133965 
    0.0133965 
    0.0133965 
    0.0133965 
    0.0133965 
    0.0133974 
    0.0135379 
    0.0135339 
    0.0133941 
    0.0133932 
    0.0133932 
    0.0133932 
    0.0133932 
    0.0133932 
    0.0133932 
    0.0133932 
    0.0133932 
    0.0133932 
    0.0133932 
    0.0133932 
    0.0133932 
    0.0133932 
    0.0133932 
    0.0133932 
    0.0133932 
    0.0133932 
    0.0133941 
    0.0135339 
   -0.0413848 
   -0.0413848 
    0.0010428 
    0.0010428 
    0.0009858 
    0.0009858 
    0.0001609 
    0.0001609 
    0.0000718 
    0.0000718 
    0.0000055 
   -0.0000009 
   -0.0000009 
    0.0000055 
   -0.0000011 
    0.0000011 
    0.0000011 
   -0.0000011 




        0.000 
