      1        0.000000000        0.000000000       -9.650000000
      2        0.000000000        0.451044851      -10.101294505
      3        1.252043473        0.519526638       -9.802755478
      4        1.234821209        0.003827768       -9.698316160
      5        1.254640947       -0.499161574       -9.862829801
      6        0.000000000       -0.451033043      -10.101280505
      7        2.570307502        0.468537221      -10.001440220
      8        2.617268288       -0.012943289       -9.585457248
      9        2.517821405       -0.430558329      -10.057457182
     10        0.000000000        0.000000000      -10.552526404
     11        0.914178351        0.555799325      -10.432147870
     12        0.916875644       -0.462922214      -10.492276769
     13        2.470541084        0.050945977      -10.473380687
     14        0.917645596        0.507385974      -10.428841617
     15        1.248887382        0.471826472       -9.811776646
     16        0.918077072        0.458802726      -10.431215148
     17        1.248770802        0.423302936       -9.815160020
     18        0.918255721        0.410242780      -10.434051888
     19        1.248900670        0.374749177       -9.818076476
     20        0.918410599        0.361684886      -10.436924905
     21        1.249047338        0.326193121       -9.820953616
     22        0.918560321        0.313127071      -10.439799519
     23        1.249192145        0.277636790       -9.823826207
     24        0.918706400        0.264569172      -10.442672912
     25        1.249333572        0.229080348       -9.826697076
     26        0.918848960        0.216011178      -10.445544856
     27        1.249471497        0.180523807       -9.829566454
     28        0.918988009        0.167453087      -10.448415334
     29        1.249605909        0.131967170       -9.832434359
     30        0.919123548        0.118894899      -10.451284344
     31        1.249736807        0.083410436       -9.835300795
     32        0.919255577        0.070336616      -10.454151888
     33        1.249864191        0.034853606       -9.838165762
     34        0.919384097        0.021778237      -10.457017967
     35        1.249988061       -0.013703319       -9.841029261
     36        0.919509106       -0.026780238      -10.459882581
     37        1.250108416       -0.062260339       -9.843891294
     38        0.919630605       -0.075338807      -10.462745731
     39        1.250225257       -0.110817454       -9.846751860
     40        0.919748593       -0.123897471      -10.465607419
     41        1.250338583       -0.159374664       -9.849610962
     42        0.919863069       -0.172456229      -10.468467647
     43        1.250448394       -0.207931968       -9.852468598
     44        0.919974023       -0.221015080      -10.471326435
     45        1.250554702       -0.256489367       -9.855324751
     46        0.920081332       -0.269574010      -10.474184012
     47        1.250657628       -0.305046874       -9.858179193
     48        0.920183483       -0.318132856      -10.477043197
     49        1.250758688       -0.353604651       -9.861029097
     50        0.920261865       -0.366689596      -10.479938672
     51        1.250876540       -0.402164681       -9.863839698
     52        0.920087472       -0.415216317      -10.483296981
     53        1.251240746       -0.450748325       -9.866183004
     54        0.000000000        0.248294931       -9.724586927
     55        0.000000000        0.414548852       -9.923520856
     56        0.328320966        0.413490699      -10.049587685
     57        0.682408184        0.402467660       -9.981568883
     58        1.010564071        0.493934983       -9.856655986
     59        1.239364372        0.324356968       -9.735873857
     60        1.234822335        0.135070391       -9.696017572
     61        1.238547224       -0.176787544       -9.741430576
     62        1.249400332       -0.376696884       -9.797083603
     63        0.921442673       -0.415426839       -9.944150414
     64        0.574325119       -0.375744594      -10.035894773
     65        0.218862108       -0.418211289      -10.069281186
     66        0.000000000       -0.376569202       -9.852945268
     67        0.000000000       -0.177759452       -9.686544247
     68        1.130012797        0.400428324       -9.778959919
     69        0.778816318        0.376349168       -9.846899405
     70        0.953560720        0.306046056       -9.779647283
     71        1.116388464        0.199003116       -9.734581246
     72        0.432921557        0.345586372       -9.935487050
     73        0.597530639        0.292619337       -9.834981472
     74        0.774467177        0.216814762       -9.780674310
     75        0.939628688        0.107333569       -9.753536197
     76        1.113410502        0.013862226       -9.720919887
     77        0.088325124        0.381992847       -9.954657863
     78        0.249360473        0.293642995       -9.875412660
     79        0.418066923        0.207552051       -9.811038607
     80        0.597090202        0.124230393       -9.779052098
     81        0.763710416        0.013833931       -9.771330271
     82        0.941245425       -0.078065584       -9.764635749
     83        1.119468476       -0.168769480       -9.760390224
     84        0.104277311        0.239537602       -9.748816628
     85        0.255499789        0.108559225       -9.749479486
     86        0.430944231        0.013647801       -9.764908313
     87        0.597104096       -0.096049567       -9.784555192
     88        0.775675524       -0.185374400       -9.797407866
     89        0.955353809       -0.272780106       -9.807822879
     90        1.133135667       -0.363929022       -9.818671505
     91        0.090478485        0.012944604       -9.689066486
     92        0.256687306       -0.082823319       -9.745941925
     93        0.418713161       -0.184175137       -9.805110724
     94        0.597809292       -0.265824380       -9.840937947
     95        0.778968204       -0.346912115       -9.866077919
     96        0.958748610       -0.431574033       -9.889482036
     97        0.096746145       -0.202015513       -9.760989371
     98        0.252332217       -0.281755858       -9.858131903
     99        0.431751062       -0.328655746       -9.933032048
    100        0.621149211       -0.361897212       -9.988018533
    101        0.089051052       -0.366989297       -9.936138316
    102        0.266223422       -0.392526872      -10.025365287
    103        1.610511883        0.429631508       -9.821163024
    104        1.972202323        0.345756632       -9.865499965
    105        2.329267157        0.298764110       -9.943680172
    106        2.606281694        0.376711669       -9.761671873
    107        2.621687363        0.166768433       -9.610340524
    108        2.590720403       -0.255093150       -9.674186232
    109        2.548815442       -0.406762767       -9.880233045
    110        2.313993690       -0.245846581       -9.983232166
    111        1.956343668       -0.324692178       -9.932191638
    112        1.593953061       -0.398433979       -9.909335872
    113        2.490045731        0.309784066       -9.910029276
    114        2.147463041        0.273996101       -9.864089206
    115        2.322143422        0.221877473       -9.846139767
    116        2.471559159        0.233654000       -9.724316992
    117        1.782608355        0.341730802       -9.801952623
    118        1.958697595        0.249126239       -9.802851001
    119        2.136286496        0.173348750       -9.790435272
    120        2.308108181        0.118715354       -9.715104360
    121        2.474943118        0.034911390       -9.643366494
    122        1.415868872        0.406737619       -9.781284892
    123        1.588919892        0.307590289       -9.765625174
    124        1.767451891        0.218181939       -9.753165229
    125        1.947368592        0.131756104       -9.739631124
    126        2.124387468        0.040010214       -9.723235978
    127        2.301974657       -0.048820649       -9.698886727
    128        2.461271345       -0.169302434       -9.687608740
    129        1.411476388        0.222684674       -9.729473765
    130        1.589016141        0.130608128       -9.730963630
    131        1.769581745        0.044646876       -9.733670683
    132        1.946173518       -0.048872035       -9.742039647
    133        2.127011378       -0.134262449       -9.744655572
    134        2.310125526       -0.197595726       -9.794244668
    135        2.482209949       -0.284644633       -9.847256481
    136        1.410862730        0.041594233       -9.712541286
    137        1.590377366       -0.044153705       -9.733098597
    138        1.766509708       -0.134871707       -9.760454827
    139        1.948190148       -0.215596666       -9.782275435
    140        2.139454450       -0.236781944       -9.836769410
    141        2.319289139       -0.231614336       -9.924137046
    142        1.412965995       -0.136436127       -9.736146282
    143        1.587946204       -0.222951938       -9.779718799
    144        1.769409129       -0.298099827       -9.817464441
    145        1.959419183       -0.313539776       -9.877946547
    146        1.413957560       -0.318928688       -9.802746262
    147        1.594464390       -0.387624962       -9.854708883
    148        0.000000000        0.248316836      -10.478002997
    149        0.000000000        0.414576278      -10.279073395
    150        0.301292964        0.482866908      -10.109839377
    151        0.576098289        0.510942849      -10.234700405
    152        0.650438173       -0.447164929      -10.348694651
    153        0.374466130       -0.441440647      -10.223518324
    154        0.000000000       -0.376598379      -10.349625004
    155        0.000000000       -0.177767771      -10.516002874
    156        0.783739466       -0.404469315      -10.345843669
    157        0.505377942       -0.391924092      -10.226771898
    158        0.686924132       -0.310543761      -10.247237376
    159        0.865178816       -0.230766297      -10.290379295
    160        0.195307202       -0.393819570      -10.178864915
    161        0.356295842       -0.314844528      -10.267444326
    162        0.524450909       -0.221975940      -10.323120978
    163        0.699732955       -0.125980702      -10.330972040
    164        0.880932490       -0.049773006      -10.294098464
    165        0.195162858       -0.285570859      -10.382246068
    166        0.353316650       -0.166441008      -10.410466504
    167        0.523100046       -0.061357766      -10.398979265
    168        0.699653353        0.016551718      -10.346445211
    169        0.858109201        0.123364009      -10.287425482
    170        0.194233344       -0.081143598      -10.496590943
    171        0.353215510        0.030960387      -10.450137395
    172        0.522390670        0.105143278      -10.373475471
    173        0.681523557        0.212423124      -10.317191923
    174        0.832619392        0.336585834      -10.275314999
    175        0.194957504        0.151463921      -10.470969886
    176        0.353251104        0.211501712      -10.364485046
    177        0.505629555        0.289061745      -10.260728661
    178        0.655005817        0.415746358      -10.228543858
    179        0.192525706        0.321663487      -10.319397044
    180        0.336256397        0.366406540      -10.187714870
    181        2.497130323        0.293097838      -10.384669804
    182        2.539242060        0.444751082      -10.178653306
    183        2.481693332       -0.338729061      -10.297200894
    184        2.466118161       -0.128763166      -10.448484206
    185        1.416579365        0.427738877       -9.870016672
    186        1.776331917        0.355379326       -9.904772428
    187        1.580274802        0.335809958       -9.939110231
    188        1.424473430        0.239302927       -9.859030803
    189        2.136295747        0.300929653       -9.970686539
    190        1.938776452        0.277696274       -9.991820898
    191        1.742607915        0.244241970      -10.011802297
    192        1.590358531        0.148572343       -9.924234481
    193        1.425669113        0.050507182       -9.867126213
    194        2.461280969        0.364543840      -10.078758293
    195        2.283214864        0.277127748      -10.104285512
    196        2.094715796        0.210614196      -10.097572101
    197        1.903060413        0.153933955      -10.090033942
    198        1.753152105        0.058783411       -9.997974152
    199        1.591600693       -0.039627363       -9.933030459
    200        1.425751999       -0.138027692       -9.879993768
    201        2.376849828        0.279730582      -10.280995385
    202        2.227319678        0.154585722      -10.236415689
    203        2.059742792        0.063785195      -10.175732609
    204        1.900818436       -0.030470881      -10.099115186
    205        1.740500954       -0.129404805      -10.031871344
    206        1.578497125       -0.229670739       -9.970937465
    207        1.414546559       -0.329073041       -9.913920269
    208        2.368221213        0.087663587      -10.361598572
    209        2.217737693       -0.010365308      -10.273512396
    210        2.066549109       -0.104829407      -10.182810126
    211        1.912687827       -0.203511132      -10.101588930
    212        1.754358124       -0.303437984      -10.031199790
    213        1.590513890       -0.400169713       -9.969502196
    214        2.351871399       -0.128716407      -10.363065201
    215        2.257043923       -0.165229912      -10.190800973
    216        2.108436039       -0.236906103      -10.077758537
    217        1.948883830       -0.315540033       -9.986325031
    218        2.432353594       -0.261005960      -10.200473226
    219        2.305041854       -0.255814620      -10.046312087
    220        1.010715660        0.545432540      -10.252323785
    221        1.107249089        0.535068977      -10.072497650
    222        0.614270851        0.406622028      -10.004348099
    223        0.475578597        0.425731399      -10.035125115
    224        1.021301912        0.489687108      -10.015358418
    225        0.894757426        0.452885796      -10.097536150
    226        0.741334415        0.471008614      -10.144737870
    227        0.972640713        0.518622837      -10.269622381
    228        1.013386351       -0.473273822      -10.312437875
    229        1.109891972       -0.483627552      -10.132596499
    230        1.021300888       -0.437967380      -10.073069398
    231        0.873451278       -0.412606046      -10.153708954
    232        0.967383031       -0.437323795      -10.328547481
    233        0.610696378       -0.382722382      -10.042114814
    234        0.720551844       -0.428087803      -10.202968253
    235        0.457751246       -0.423205900      -10.105290435
    0.0204981 
    0.0204613 
    0.0218075 
    0.0218065 
    0.0218058 
    0.0017890 
    0.0001454 
    0.0000118 
    0.0000010 
    0.0000001 
    0.0000000 
    0.0000000 
    0.0000000 
    0.0000000 
    0.0000000 
    0.0000000 
    0.0000000 
    0.0000000 
    0.0000000 
    0.0000000 
    0.0000001 
    0.0000010 
    0.0000118 
    0.0001454 
    0.0017889 
    0.0218059 
    0.0218054 
    0.0218048 
    0.0135381 
    0.0133980 
    0.0133971 
    0.0133971 
    0.0133971 
    0.0133971 
    0.0133971 
    0.0133971 
    0.0133971 
    0.0133970 
    0.0133970 
    0.0133970 
    0.0133970 
    0.0133970 
    0.0133970 
    0.0133970 
    0.0133970 
    0.0133970 
    0.0133970 
    0.0133979 
    0.0135379 
    0.0135044 
    0.0133643 
    0.0133634 
    0.0133634 
    0.0133634 
    0.0133634 
    0.0133634 
    0.0133634 
    0.0133634 
    0.0133634 
    0.0133634 
    0.0133634 
    0.0133634 
    0.0133634 
    0.0133634 
    0.0133634 
    0.0133634 
    0.0133634 
    0.0133634 
    0.0133643 
    0.0135043 
   -0.0413951 
   -0.0413944 
   -0.1637938 
   -0.0981762 
   -0.0928897 
   -0.1116364 
   -0.2013896 
   -0.1011393 
   -0.0969417 
   -0.1173704 
   -0.2489192 
   -0.0786703 
   -0.0651847 
   -0.0749339 
   -0.2877258 
   -0.0755566 
   -0.0736928 
   -0.1075260 
    0.0001946 
    0.0003764 
    0.0003462 
    0.0002279 
    0.0001910 
    0.0001398 
   -0.5780839 
   -0.5646465 
   -0.5349238 
   -0.5821136 
   -0.5324611 
   -0.5529064 
   -0.0000244 
   -0.0000056 
   -0.0000009 
    0.0000010 
   -0.0000013 
   -0.0000025 
   -0.0000029 
   -0.0000014 
   -0.0000034 
   -0.0000013 
   -0.0000022 
   -0.0000133 
   -0.0000089 
   -0.0000029 
   -0.0000039 
   -0.0000035 
   -0.0000035 
   -0.0000112 
   -0.0000092 
   -0.0000035 
   -0.0000029 
   -0.0000033 
   -0.0000052 
   -0.0000077 


  -0.019191278971910   -0.004375483682515    0.003544756374814    0.015398197140815   -0.001299204138106    0.012403520828330 
  -0.018461218625211   -0.002422911694619    0.007302293931982    0.014370877949395   -0.006178326908848    0.012472976000314 
  -0.018356108451960   -0.005194337699357    0.006007438961068    0.016103534898551   -0.008834985167052    0.007924520339160 
  -0.018461218625211   -0.002422911694619    0.007302293931982    0.015998424725300   -0.006063559162314    0.009219375310075 
  -0.018356108451960   -0.005194337699357    0.006007438961068    0.016460908141996   -0.005296703566335    0.010050557745932 
  -0.014508316193963   -0.005410539367373    0.012659603218343    0.016103534898551   -0.008834985167052    0.007924520339160 
  -0.019191278971910   -0.004375483682515    0.003544756374814    0.016217442829309   -0.005477787565945    0.010346636577225 
  -0.012617874802617    0.002416408958087    0.015332244891065    0.012617874802617   -0.007630123104660    0.010063990712589 
  -0.017826750226920   -0.009045062674536    0.000750506180885    0.014988838517318    0.000101669559500    0.013241795886509 
  -0.017826750226920   -0.009045062674536    0.000750506180885    0.017292897616422   -0.006637147079101    0.007544454833014 
  -0.017347834489738   -0.010005089776564    0.000053487888382    0.017149222895267   -0.006349138948493    0.007753560320765 
  -0.017645207684456   -0.009438226743593   -0.000068736439013    0.017474440158886   -0.007030311148157    0.006725212213116 
  -0.016889563695395   -0.008649630496064    0.000533010498690    0.015621653580788   -0.010867336550160    0.006155151619737 
  -0.017645207684456   -0.009438226743593   -0.000068736439013    0.015621653580788   -0.010867336550160    0.006155151619737 
  -0.017946371519787   -0.008506728590392    0.002394286498547    0.016870645074169   -0.008609094457370    0.006437405283411 
  -0.017946371519787   -0.008506728590392    0.002394286498547    0.017693653797677   -0.007580457495548    0.005430716210745 
  -0.017909354331937   -0.008923129458135   -0.000102702709955    0.016282774398144   -0.010704293995727    0.004506603654837 
  -0.017182423112307   -0.009324096955489   -0.001222720014443    0.016282774398144   -0.010704293995727    0.004506603654837 
  -0.017737697496070   -0.009258436891111    0.000162221244975    0.016516151171385   -0.010948119309231    0.002713811324596 
  -0.017909354331937   -0.008923129458135   -0.000102702709955    0.017693653797677   -0.007580457495548    0.005430716210745 
  -0.018128567970728   -0.008372983110744    0.001191793292416    0.017474440158886   -0.007030311148157    0.006725212213116 
  -0.017737697496070   -0.009258436891111    0.000162221244975    0.017902327821395   -0.008332165796267    0.003198650957174 
  -0.017373328131968   -0.009795411197517   -0.001523467814636    0.016919124463681   -0.009133246522302    0.005509096322145 
  -0.018128567970728   -0.008372983110744    0.001191793292416    0.016460908141996   -0.005296703566335    0.010050557745932 
  -0.016256713424384   -0.009899282573410    0.006155912098118    0.016870645074169   -0.008609094457370    0.006437405283411 
  -0.014896758666315   -0.005874120948583    0.011987125602987    0.014896758666315   -0.010751271138392    0.007906267271586 
  -0.011934209643508   -0.001454366922421    0.013269911157000    0.013529428348096   -0.012791157612005    0.007314212400503 
  -0.015488136904862   -0.008460081385090    0.006022106180247    0.014108254348251   -0.014199218387068   -0.000047091958734 
  -0.012925497871156   -0.012490440480312    0.008777509127589    0.012925497871156   -0.012339052650812   -0.001318816395969 
  -0.016502130400359   -0.009561462108752    0.006041300058326    0.017544444221960   -0.009491142418825   -0.001542882655228 
  -0.016614597023819   -0.011058259195969    0.001414378485716    0.017544444221960   -0.009491142418825   -0.001542882655228 
  -0.016614597023819   -0.011058259195969    0.001414378485716    0.016662021449752   -0.011039646133301    0.000772182715974 
  -0.014508316193963   -0.005410539367373    0.012659603218343    0.015122247843748   -0.013097837663407   -0.000066285836813 
  -0.017425692552794   -0.009647111970973    0.001896638796517    0.016620882069525   -0.009576792281046   -0.005687543917038 
  -0.012925497871156   -0.012732460895290    0.003343523634157    0.012925497871156   -0.012661746537448   -0.008564130387212 
  -0.014452779438442   -0.012968868291658   -0.004827171266298    0.015558607122390   -0.007974034517202   -0.009714253222561 
  -0.017425692552794   -0.009647111970973    0.001896638796517    0.016615986461925   -0.010969736799228   -0.001964687933958 
  -0.013820877904758   -0.013575684195428   -0.003627926927933    0.013820877904758   -0.006305290781837   -0.013012175153064 
  -0.015994116046004   -0.011919219368311   -0.001504744639320    0.013458671547883   -0.006029213310651   -0.012658311438295 
  -0.014269273943290   -0.013854262443072    0.002297492190457    0.016620882069525   -0.009576792281046   -0.005687543917038 
  -0.015994116046004   -0.011919219368311   -0.001504744639320    0.016202585472318   -0.010135181861433   -0.005916879899686 
  -0.016502130400359   -0.009561462108752    0.006041300058326    0.015122247843748   -0.013097837663407   -0.000066285836813 
  -0.016256713424384   -0.009899282573410    0.006155912098118    0.017902327821395   -0.008332165796267    0.003198650957174 
  -0.017675977558696   -0.009166954771639   -0.001895495040196    0.016516151171385   -0.010948119309231    0.002713811324596 
  -0.017591827217703   -0.009349963715181   -0.001779407363647    0.016662021449752   -0.011039646133301    0.000772182715974 
  -0.017591827217703   -0.009349963715181   -0.001779407363647    0.017378181415294   -0.009347134253545    0.003261630960048 
  -0.017354637692566   -0.009316676183509   -0.003468720793664    0.017378181415294   -0.009347134253545    0.003261630960048 
  -0.017344478566951   -0.009280189444399   -0.003416743733953    0.017344317663242   -0.009468756717243    0.003088374094347 
  -0.017675977558696   -0.009166954771639   -0.001895495040196    0.016919124463681   -0.009133246522302    0.005509096322145 
  -0.017216507718428   -0.009192781024376   -0.004371586124484    0.017753500914569   -0.009189951562739    0.000669452199211 
  -0.017839093542401   -0.008812557033178   -0.002055553169212    0.016202585472318   -0.010135181861433   -0.005916879899686 
  -0.017839093542401   -0.008812557033178   -0.002055553169212    0.017857142757223   -0.008932483242553   -0.001285267361396 
  -0.016556990168992   -0.010730881541709   -0.003277211724822    0.017857142757223   -0.008932483242553   -0.001285267361396 
  -0.016556990168992   -0.010730881541709   -0.003277211724822    0.017822305041033   -0.009070389607959    0.000424552456012 
  -0.017786623154440   -0.008044998039669   -0.004353008098778    0.017967828516832   -0.008740570602368   -0.001041501363645 
  -0.017786623154440   -0.008044998039669   -0.004353008098778    0.017909613145184   -0.008164924249044   -0.003582722290961 
  -0.016660632011646   -0.010988349861895   -0.001322492164216    0.017753500914569   -0.009189951562739    0.000669452199211 
  -0.016605822988630   -0.006283136559323   -0.009209410081715    0.017909613145184   -0.008164924249044   -0.003582722290961 
  -0.017216507718428   -0.009192781024376   -0.004371586124484    0.017822305041033   -0.009070389607959    0.000424552456012 
  -0.016660632011646   -0.010988349861895   -0.001322492164216    0.016615986461925   -0.010969736799228   -0.001964687933958 
  -0.016411466693193   -0.010401062536118   -0.004743265544480    0.017967828516832   -0.008740570602368   -0.001041501363645 
  -0.016798334647260   -0.009175437282641   -0.005172202075493    0.017170936214436   -0.008886093852208    0.000860760452908 
  -0.016230267488690   -0.010006536153810   -0.006038880071516    0.017596986583363   -0.009509418005585    0.000210751955891 
  -0.015989060375707   -0.009599410586876   -0.006264158969121    0.017074371171901   -0.010391523400609    0.000698856234036 
  -0.017638560436479   -0.007413200951262   -0.005825503963515    0.018115891234793   -0.008108773513961   -0.002513997228382 
  -0.017638560436479   -0.007413200951262   -0.005825503963515    0.017778185787867   -0.009114891623277   -0.001084862571145 
  -0.017438705680224   -0.006764501163858   -0.007081053072699    0.017387282102954   -0.009834049749177   -0.001439462133301 
  -0.016181432700318   -0.008173137292360   -0.008451022516469    0.016930091928443   -0.009321818429722   -0.000941291426476 
  -0.017438705680224   -0.006764501163858   -0.007081053072699    0.017978040544121   -0.008466191835873   -0.002340411680330 
  -0.016411466693193   -0.010401062536118   -0.004743265544480    0.017778185787867   -0.009114891623277   -0.001084862571145 
  -0.013820994215484    0.006153346676617   -0.013081991681196    0.017978040544121   -0.008466191835873   -0.002340411680330 
  -0.016998216723343   -0.009002603427652   -0.005484551750447    0.017604014045948   -0.009260567204683    0.001537518081976 
  -0.015781899367224   -0.001498509651839   -0.012194061365422    0.018115891234793   -0.008108773513961   -0.002513997228382 
  -0.016328116463060   -0.008523343956657   -0.007800641290739    0.012120489243923    0.000176093430301   -0.015165614934036 
  -0.016328116463060   -0.008523343956657   -0.007800641290739    0.017941884552486   -0.004689988784287   -0.007490014410482 
  -0.016552764016318   -0.006387112657267   -0.009233323964061    0.017717236999229   -0.002553757484897   -0.008922697083804 
  -0.016605822988630   -0.006283136559323   -0.009209410081715    0.018939814856199   -0.003324146606477   -0.005498648512090 
  -0.016638094395933   -0.009758072024080   -0.005302117962194    0.017941884552486   -0.004689988784287   -0.007490014410482 
  -0.016552764016318   -0.006387112657267   -0.009233323964061    0.018980464780140   -0.001958217944467   -0.005993584520674 
  -0.014274340895305   -0.006853268943754   -0.012228500887268    0.016991674480438   -0.002164446937098   -0.007657169670998 
  -0.016269637821980   -0.005782664937306   -0.008748300502051    0.017717236999229   -0.002553757484897   -0.008922697083804 
  -0.016581523077101   -0.005986217362596   -0.009450908081380    0.018964778019713   -0.001739547783737   -0.006112266766485 
  -0.016440976725480   -0.002630808836738   -0.010594397987668    0.018939814856199   -0.003324146606477   -0.005498648512090 
  -0.012721578846657   -0.007751172784742   -0.009401156248710    0.012721578846657    0.000304788625620   -0.015432367427031 
  -0.016307169505972   -0.001975831490360   -0.011410135270724    0.018404585978165   -0.005944055991991   -0.002235699379866 
  -0.015781899367224   -0.001498509651839   -0.012194061365422    0.018691096962936   -0.005683698625525   -0.002663295431520 
  -0.014125152734196    0.004904133676687   -0.012560087948523    0.019194674618970   -0.003469339836153   -0.004428026611023 
  -0.016638094395933   -0.009758072024080   -0.005302117962194    0.015558607122390   -0.007974034517202   -0.009714253222561 
  -0.018959396837710   -0.000402583018690    0.006354734272894    0.017209647124195   -0.008790070622593    0.001921040151285 
  -0.017650450069258   -0.008238065061226    0.004541103441222    0.016382539954652   -0.011278901984998    0.002147058677206 
  -0.019464301093699   -0.002289388947444    0.003987813243948    0.016382539954652   -0.011278901984998    0.002147058677206 
  -0.019368846288869   -0.003414051317943    0.003632744829322    0.017305101929024   -0.009914732993092    0.001565971736658 
  -0.019368846288869   -0.003414051317943    0.003632744829322    0.017608924018616   -0.009260456320600   -0.000089837803301 
  -0.019464301093699   -0.002289388947444    0.003987813243948    0.017209647124195   -0.008790070622593    0.001921040151285 
  -0.017744350326510   -0.008490561507724    0.003615140896956    0.017305101929024   -0.009914732993092    0.001565971736658 
  -0.018959396837710   -0.000402583018690    0.006354734272894    0.017526071796195   -0.007176053081260    0.000141075919956 
  -0.018180411609294   -0.002476800850725    0.007959096545996    0.017526071796195   -0.007176053081260    0.000141075919956 
  -0.018180411609294   -0.002476800850725    0.007959096545996    0.016077857423572    0.001101995604433    0.003365089542507 
  -0.008026177100587   -0.015875315498398    0.009141094422552    0.016077857423572    0.001101995604433    0.003365089542507 
  -0.016790230892468   -0.008790659256273    0.006388950971244    0.011623596228854    0.006692760334402    0.014835740342723 
  -0.016790230892468   -0.008790659256273    0.006388950971244    0.017468038140398   -0.005211862801116    0.001794943967756 
  -0.019124570351886   -0.003094429982391    0.004968577141574    0.017853199955599   -0.008940834985049    0.001245994508951 
  -0.019124570351886   -0.003094429982391    0.004968577141574    0.017758890109041   -0.007577748811471    0.001241572838166 
  -0.018585692646645   -0.004852872268385    0.005570449420047    0.017758890109041   -0.007577748811471    0.001241572838166 
  -0.018891790432150   -0.004159264639386    0.005080414857491    0.017182168501707   -0.005463339651883    0.007533091271734 
  -0.017778684648261   -0.008710922836173    0.000596044107822    0.017701887676771   -0.009174589023884    0.001639514622159 
  -0.018891790432150   -0.004159264639386    0.005080414857491    0.017991670028778   -0.008642583468466    0.001353410554083 
  -0.018876544615289   -0.002486986258030    0.006123820549637    0.017468038140398   -0.005211862801116    0.001794943967756 
  -0.017778684648261   -0.008710922836173    0.000596044107822    0.017991670028778   -0.008642583468466    0.001353410554083 
  -0.018585692646645   -0.004852872268385    0.005570449420047    0.014941573676596    0.001177652680556    0.012182277457399 
  -0.018876544615289   -0.002486986258030    0.006123820549637    0.017608924018616   -0.009260456320600   -0.000089837803301 
  -0.017843575007192   -0.008757381110021    0.002220159904335    0.017853199955599   -0.008940834985049    0.001245994508951 
  -0.017665405294640   -0.008761426387364    0.003345618916554    0.017211201671773   -0.010167229439590    0.000640009192393 
  -0.017650450069258   -0.008238065061226    0.004541103441222    0.017211201671773   -0.010167229439590    0.000640009192393 
  -0.017665405333923   -0.008761426469325    0.003345619145792    0.017604039528218   -0.009347617629127   -0.001652371168795 
  -0.017815341080623   -0.008901389511106    0.001842234460667    0.018056560387709   -0.008596125194617   -0.000270705242430 
  -0.017920437884468   -0.008880058029120    0.000057208608584    0.017951463583863   -0.008574793712631   -0.002055731094513 
  -0.017741137075311   -0.009228242288447   -0.000304768551258    0.017613234187196   -0.009071800238203   -0.002735623054983 
  -0.017843575007192   -0.008757381110021    0.002220159904335    0.018056560387709   -0.008596125194617   -0.000270705242430 
  -0.017741137075311   -0.009228242288447   -0.000304768551258    0.017951463583863   -0.008574793712631   -0.002055731094513 
  -0.017604200438071   -0.009401331146946    0.001324001684440    0.017604039534339   -0.009347617693117   -0.001652371370956 
  -0.016130129618030   -0.011774097159438   -0.001103324240216    0.017215440305692   -0.008216834828954   -0.004461977938339 
  -0.017330096638175   -0.009453600969152   -0.001821861873195    0.017702698205351   -0.008607930165697   -0.002489579749390 
  -0.017412130187228   -0.009509918444947   -0.002526428779917    0.017511286590892   -0.008739337609221   -0.004133569198408 
  -0.017541054214385   -0.009117557295250    0.000714362696664    0.017751380722938   -0.008685478705828   -0.003074862342434 
  -0.017920437884468   -0.008880058029120    0.000057208608584    0.017659177272297   -0.009351891053871   -0.000836896448000 
  -0.017815341080623   -0.008901389511106    0.001842234460667    0.017753975274918   -0.009207654587346   -0.000148986483670 
  -0.017744350326510   -0.008490561507724    0.003615140896956    0.017753975274918   -0.009207654587346   -0.000148986483670 
  -0.008026177100587   -0.015875315498398    0.009141094422552    0.011623596228854    0.006692760334402    0.014835740342723 
  -0.013472253444726   -0.014305766910119    0.003735488085920    0.014941573676596    0.001177652680556    0.012182277457399 
  -0.013472253444726   -0.014305766910119    0.003735488085920    0.015012820354124   -0.006688556658805    0.011397646743729 
  -0.014674424445098   -0.013185704370940   -0.003302596964825    0.016683493730561   -0.008380396428921    0.007173786544523 
  -0.016345097821534   -0.011493864600825    0.000921263234381    0.015012820354124   -0.006688556658805    0.011397646743729 
  -0.016345097821534   -0.011493864600825    0.000921263234381    0.017182168501707   -0.005463339651883    0.007533091271734 
  -0.017821395052735   -0.008888224866160   -0.001880366962337    0.017659177272297   -0.009351891053871   -0.000836896448000 
  -0.017821395052735   -0.008888224866160   -0.001880366962337    0.017758718884366   -0.008883086316848    0.002434925035075 
  -0.017296846103281   -0.008373203899314   -0.005552023301531    0.017758718884366   -0.008883086316848    0.002434925035075 
  -0.017966380969568   -0.008599967213452   -0.001841517998399    0.018083785969792   -0.008539041404807   -0.000261592438932 
  -0.018372071257086   -0.007870514011387   -0.000813161792083    0.016683493730561   -0.008380396428921    0.007173786544523 
  -0.017966380969568   -0.008599967213452   -0.001841517998399    0.017613234187196   -0.009071800238203   -0.002735623054983 
  -0.014674424445098   -0.013185704370940   -0.003302596964825    0.014043128014607   -0.012487398805106    0.006857350749101 
  -0.018372071257086   -0.007870514011387   -0.000813161792083    0.017701887676771   -0.009174589023884    0.001639514622159 
  -0.017296846103281   -0.008373203899314   -0.005552023301531    0.015929668750682   -0.012048178468653    0.001127798715338 
  -0.015189541090574   -0.009509499805285   -0.008887881824153    0.013822363737974   -0.010911882562682    0.004463657237960 
  -0.011479203540775    0.000505117711682   -0.012517592675487    0.013573064016237   -0.012039337585413   -0.003447181412467 
  -0.014803257769527   -0.008371418673984   -0.007553279684183    0.012148469346771   -0.015843567464984   -0.001319618701908 
  -0.015114581820649   -0.002829329159951   -0.010663592778200    0.015929668750682   -0.012048178468653    0.001127798715338 
  -0.017067107689175   -0.003918621859582   -0.004252474233802    0.018311414897342   -0.006333327674485   -0.004958909626517 
  -0.017496327967309   -0.008544179954119   -0.004576884436345    0.018311414897342   -0.006333327674485   -0.004958909626517 
  -0.009759952924686    0.009832257310655   -0.014424757269282    0.005332233400886   -0.013231623222794   -0.010892976566951 
  -0.015114581820649   -0.002829329159951   -0.010663592778200    0.017208442296111   -0.008704890713779   -0.005301181309754 
  -0.016292081046170    0.005303029703596   -0.007688056535438    0.017208442296111   -0.008704890713779   -0.005301181309754 
  -0.009593896556103    0.001594940259440   -0.011125620506487    0.005403400415993   -0.016761901959029   -0.009479060811468 
  -0.017882122975560   -0.008133421680496   -0.003761986387516    0.018168043963800   -0.008072495871851   -0.002182060828049 
  -0.017496327967309   -0.008544179954119   -0.004576884436345    0.018083785969792   -0.008539041404807   -0.000261592438932 
  -0.016292081046170    0.005303029703596   -0.007688056535438    0.007198555721310   -0.011937558192206   -0.012817748205192 
  -0.017878101899166   -0.008250316104880   -0.003518900568741    0.018146292520019   -0.007514788893778   -0.003774564179799 
  -0.017856350455385   -0.008808023082954   -0.001926397216991    0.018168043963800   -0.008072495871851   -0.002182060828049 
  -0.018003526664713   -0.007675783145864   -0.004117713654687    0.019001005418180   -0.001543994894553   -0.006048210558750 
  -0.017878101899166   -0.008250316104880   -0.003518900568741    0.019126430183727   -0.002118527853570   -0.005449397472804 
  -0.017882122975560   -0.008133421680496   -0.003761986387516    0.019126430183727   -0.002118527853570   -0.005449397472804 
  -0.017494473878899   -0.008952513493721   -0.003724444182451    0.018146292520019   -0.007514788893778   -0.003774564179799 
  -0.016231124990141   -0.011025305278926   -0.002251427789360    0.016979784325216   -0.006469652942436   -0.007140887495344 
  -0.016537096052816   -0.010911026872182   -0.002807035043846    0.018050683044579   -0.006869627366041   -0.005196262104642 
  -0.018311655782142   -0.005055386445335   -0.005666490464660    0.018183823514936    0.002353132153834   -0.007990256840959 
  -0.017398864403459   -0.009597675021458   -0.002302746257609    0.018050683044579   -0.006869627366041   -0.005196262104642 
  -0.018503969737710   -0.005081140327297   -0.005637848153334    0.017735090951946    0.002293039762588   -0.007923424781199 
  -0.017029521830507   -0.006387506888165   -0.004503070090985    0.016901689563300    0.003685252596664   -0.009153677214633 
  -0.017494473878899   -0.008952513493721   -0.003724444182451    0.019001005418180   -0.001543994894553   -0.006048210558750 
  -0.018003526664713   -0.007675783145864   -0.004117713654687    0.017983468939115    0.000516760849398   -0.008736763611391 
  -0.017398864403459   -0.009597675021458   -0.002302746257609    0.017498020807123   -0.008651581032710   -0.004357251720717 
  -0.018544432251705   -0.005721310479775   -0.004834863609831    0.017220569942911    0.002163249249101   -0.009938916394423 
  -0.018377937194796   -0.005490322279986   -0.004471111488915    0.017609058409033    0.002702221715276   -0.009090161445619 
  -0.010853316934924    0.007456556784151   -0.003675639219975    0.009529454626130   -0.011014618014825   -0.011098140784279 
  -0.017067107689175   -0.003918621859582   -0.004252474233802    0.017983468939115    0.000516760849398   -0.008736763611391 
  -0.017856350455385   -0.008808023082954   -0.001926397216991    0.017498020807123   -0.008651581032710   -0.004357251720717 
  -0.008895516815142    0.007646221751386    0.012052836354659    0.018701687507068    0.007073793494036   -0.000464796268510 
  -0.007600705294253    0.007675101961763    0.014765494888045    0.019043041799426    0.006099373471125    0.000407283057295 
  -0.009059637369327    0.007965493646469    0.011578310904472    0.018154618993116    0.008138033144313   -0.002046547769134 
  -0.013086233570969    0.007131358912982    0.001807958618628    0.016098863971625    0.007897504181376   -0.008857941106741 
  -0.014908210045779    0.007707956394120   -0.004067242768134    0.018701687507068    0.007073793494036   -0.000464796268510 
  -0.014908210045779    0.007707956394120   -0.004067242768134    0.018154618993116    0.008138033144313   -0.002046547769134 
  -0.016113298367601    0.002927366901883   -0.011480174185108    0.016098863971625    0.007897504181376   -0.008857941106741 
  -0.009681533333744    0.009392555417701    0.009860629325972    0.019043041799426    0.006099373471125    0.000407283057295 
  -0.013249095266814    0.007119243805193    0.002349240276260    0.015555991652140    0.007857120488745   -0.007053668914634 
  -0.009681533333744    0.009392555417701    0.009860629325972    0.017825468318156    0.007977746400230   -0.004314191890997 
  -0.002699538916736    0.007110813501042    0.013788372043540    0.002649589038946    0.011754400185129   -0.012674873908845 
  -0.016544586106051    0.010478559443941   -0.004059274526542    0.017528204534399    0.009599523831950   -0.000785106213971 
  -0.016247322322295    0.008856782012222   -0.007588360203568    0.017825468318156    0.007977746400230   -0.004314191890997 
  -0.016544586106051    0.010478559443941   -0.004059274526542    0.018119953571720    0.007620769635546    0.003687357606295 
  -0.017663290867128    0.006462293578641   -0.006800722518923    0.017528204534399    0.009599523831950   -0.000785106213971 
  -0.017663290867128    0.006462293578641   -0.006800722518923    0.018119953571720    0.007620769635546    0.003687357606295 
  -0.016247322322295    0.008856782012222   -0.007588360203568    0.016815506716600    0.009286858762415   -0.005567665204568 
  -0.017113425958967    0.005553493289246   -0.008734552655556    0.016815506716600    0.009286858762415   -0.005567665204568 
  -0.015023630947834    0.001324707013360   -0.013135391488697    0.015009196551858    0.009500164069899   -0.007202723803152 
  -0.016113298367601    0.002927366901883   -0.011480174185108    0.015815379125234    0.011912985149778   -0.002822043675016 
  -0.015012527566314    0.008292545217343   -0.010288985059355    0.014919576140633    0.012150180917887   -0.001145502516070 
  -0.015023630947834    0.001324707013360   -0.013135391488697    0.015023630947834    0.006118759451195   -0.011699058444121 
  -0.015012527566314    0.008292545217343   -0.010288985059355    0.015012527566314    0.011590515531094   -0.006348801874349 
  -0.014941026469636    0.012102291186190   -0.005506800148207    0.014941026469636    0.013293104708541    0.000289152957275 
  -0.015908330550915    0.008529740985453   -0.008612443900410    0.015815379125234    0.011912985149778   -0.002822043675016 
  -0.016988453571638    0.009231815365335   -0.005115813012736    0.015898216605516    0.011210398501227    0.004645354810335 
  -0.015908330550915    0.008529740985453   -0.008612443900410    0.016978339626238    0.010508324121345    0.001148723922662 
  -0.016988453571638    0.009231815365335   -0.005115813012736    0.017655330702907    0.007790948410599    0.005253405474494 
  -0.015825800590390    0.012050353338575   -0.002083249064419    0.015898216605516    0.011210398501227    0.004645354810335 
  -0.014809669723229    0.010983894088872    0.007692502314077    0.014809669723229    0.005642050105567    0.012200457928548 
  -0.014996731096655    0.013180612777332    0.001178762344509    0.014996731096655    0.011651070820134    0.006273578293312 
  -0.015052849508683    0.011377906562962    0.002956826235080    0.014809669723229    0.005642050105567    0.012200457928548 
  -0.015825800590390    0.012050353338575   -0.002083249064419    0.016917516001169    0.007418289043705    0.007666192442481 
  -0.014924315081530    0.011609681019668   -0.003711472547396    0.014996731096655    0.011651070820134    0.006273578293312 
  -0.017113425958967    0.005553493289246   -0.008734552655556    0.016978339626238    0.010508324121345    0.001148723922662 
  -0.008361874875967    0.008504908050620    0.012544031693345    0.016505809860379    0.008865393767312   -0.006997594258371 
  -0.018127913735941    0.006632472353694   -0.005234674650724    0.015845584797061    0.010681229163632    0.005901972879495 
  -0.004824953904337    0.008112354909782    0.015730837884618    0.006400321370006    0.009986974169705   -0.016102754804864 
  -0.017658564419768    0.008905911420448   -0.002976644149246    0.015845584797061    0.010681229163632    0.005901972879495 
  -0.018127913735941    0.006632472353694   -0.005234674650724    0.017655330702907    0.007790948410599    0.005253405474494 
  -0.009053233167529    0.002694971174329    0.012518418465139    0.006770904228649    0.014618730342997   -0.011851120236368 
  -0.016913956643607    0.010635843411532    0.000899042478562    0.015913288650670    0.010727984585638    0.005628354774998 
  -0.017726268273377    0.008859155998442   -0.002703026044749    0.015913288650670    0.010727984585638    0.005628354774998 
  -0.017589400206886    0.007663862100125    0.005646326201885    0.015237845087391    0.007756003274231    0.010375638498320 
  -0.016913956643607    0.010635843411532    0.000899042478562    0.015829359947952    0.006003779116663    0.010648483985462 
  -0.015064648194173    0.001013795229083    0.013125735727069    0.015064648194173    0.004196000954909    0.012271248522724 
  -0.016072539733406    0.011016177551865    0.004508800178166    0.015237845087391    0.007756003274231    0.010375638498320 
  -0.016937315754585    0.007734479495007    0.007301379078688    0.014373069066212    0.004474305217373    0.013168217398842 
  -0.014940649920334    0.010633570622414    0.007982830155165    0.014373069066212    0.004474305217373    0.013168217398842 
  -0.017589400206886    0.007663862100125    0.005646326201885    0.015109583539022    0.012416271064774    0.004187692388012 
  -0.016072539733406    0.011016177551865    0.004508800178166    0.015829359947952    0.006003779116663    0.010648483985462 
  -0.017761357533666    0.007916052371982    0.004677114107141    0.008976728751191    0.011032310668316   -0.010325960393307 
  -0.009607048739096    0.011020277799961    0.013647745408976    0.007058067858351    0.010301904685262   -0.012436697170210 
  -0.016630196501754    0.007399499836616    0.004963319886838    0.009375962056572    0.010849998008775   -0.010224946588708 
  -0.016937315754585    0.007734479495007    0.007301379078688    0.014937626212243    0.012668461336631    0.003218480293269 
  -0.013171414855073    0.009566362981748    0.011619991300091    0.014309117701219    0.012373957018064   -0.000866111507206 
  -0.018764299559391    0.006860051229538    0.000925004363156    0.013110642407437    0.011794033071162   -0.003157894422264 
  -0.013737024577135    0.013027967556272    0.004938529094659    0.015298934714827    0.006316149012648    0.010826447352299 
  -0.017761357533666    0.007916052371982    0.004677114107141    0.014937626212243    0.012668461336631    0.003218480293269 
  -0.017658564419768    0.008905911420448   -0.002976644149246    0.015109583539022    0.012416271064774    0.004187692388012 
  -0.017726268273377    0.008859155998442   -0.002703026044749    0.016917516001169    0.007418289043705    0.007666192442481 
   0.016409342354894   -0.004482697900755   -0.010518657361924   -0.019587040562508    0.000962269396184   -0.003927246299030 
   0.013201381153697    0.006577972989044   -0.013507812151947   -0.010902653370463   -0.010399338113787   -0.007731807271902 
   0.014691911786769   -0.002380190479272   -0.013359897327034   -0.017806610417523   -0.008741609138535   -0.002552721910972 
   0.013201381153697    0.006577972989044   -0.013507812151947   -0.019297141050595    0.000216554329781   -0.002700636735884 
   0.016409342354894   -0.004482697900755   -0.010518657361924   -0.019297141050595    0.000216554329781   -0.002700636735884 
   0.006464733100972    0.007001318335977   -0.017584347738838   -0.010902653370463   -0.010399338113787   -0.007731807271902 
   0.016582003399396   -0.007425218207720   -0.008360940420640   -0.019587040562508    0.000962269396184   -0.003927246299030 
   0.016582003399396   -0.007425218207720   -0.008360940420640   -0.019393251878277   -0.000189263068695   -0.004885364784116 
   0.016453589170073   -0.009178776106249   -0.006726119350858   -0.019393251878277   -0.000189263068695   -0.004885364784116 
   0.016369543707145   -0.009192891885854   -0.006909355851723   -0.019605711570529   -0.001956936746830   -0.003433780215200 
   0.016369543707145   -0.009192891885854   -0.006909355851723   -0.015580137170908   -0.009650703124819    0.008007942798541 
   0.016453589170073   -0.009178776106249   -0.006726119350858   -0.015664182633836   -0.009664818904424    0.007824706297676 
   0.016233311343645   -0.009156798862656   -0.007269206637559   -0.019605711570529   -0.001956936746830   -0.003433780215200 
   0.015593934352297   -0.006708207841423   -0.010575120283316   -0.019751929416035   -0.002323337865881   -0.002113435885641 
   0.016244453501368   -0.007768305162820   -0.008704846948534   -0.019616853728251   -0.003345430446666   -0.001998139904225 
   0.016588510147209   -0.009073058372037   -0.006520367844565   -0.015224938367344   -0.009566962634200    0.008756781591536 
   0.016588510147209   -0.009073058372037   -0.006520367844565   -0.016468941874767   -0.009806516169982    0.005710826802317 
   0.016233311343645   -0.009156798862656   -0.007269206637559   -0.015580137170908   -0.009650703124819    0.008007942798541 
   0.016045249758626   -0.009030801466195   -0.007823164482621   -0.019616853728251   -0.003345430446666   -0.001998139904225 
   0.016244453501368   -0.007768305162820   -0.008704846948534   -0.019751929416035   -0.002323337865881   -0.002113435885641 
   0.016279357350501   -0.008978893235351   -0.007373967069242   -0.015224938367344   -0.009566962634200    0.008756781591536 
   0.005263174963489    0.005476326556201   -0.016056613990757   -0.013706289024589   -0.013957652266599   -0.004167095193046 
   0.009363496356424    0.000260283428136   -0.017670987272832   -0.017806610417523   -0.008741609138535   -0.002552721910972 
   0.014691911786769   -0.002380190479272   -0.013359897327034   -0.018849906850507   -0.006651355228032    0.000671341158078 
   0.013260388161786   -0.005602847362488   -0.013884358846559   -0.018849906850507   -0.006651355228032    0.000671341158078 
   0.011769191071009   -0.004425284339284   -0.012785537507621   -0.012632052525169   -0.014781415207496    0.004725218783175 
   0.010764697386559   -0.003212871811741   -0.016547936841830   -0.014975871122220   -0.011952452643228   -0.004053712996645 
   0.014090153590984   -0.006692213528123   -0.012518288308797   -0.014953015045144   -0.012514486018656    0.004457969584351 
   0.009434309943699   -0.010936316818619   -0.013839537963981   -0.012093233803482   -0.013278869250726    0.004968449657720 
   0.009363496356424    0.000260283428136   -0.017670987272832   -0.014953015045144   -0.012514486018656    0.004457969584351 
   0.013260388161786   -0.005602847362488   -0.013884358846559   -0.019165538321922   -0.005668024071438    0.000753815896470 
   0.014090153590984   -0.006692213528123   -0.012518288308797   -0.016757688577835   -0.009080052765014    0.006068308062531 
   0.015668237905873   -0.009014876056065   -0.008569866680497   -0.016757688577835   -0.009080052765014    0.006068308062531 
   0.015799490101774   -0.007415050235242   -0.009777978726328   -0.015892435600684   -0.009425607560708    0.007661742284499 
   0.015668237905873   -0.009014876056065   -0.008569866680497   -0.014990830775469   -0.009515054403356    0.009205979004915 
   0.016045249758626   -0.009030801466195   -0.007823164482621   -0.014990830775469   -0.009515054403356    0.009205979004915 
   0.015799490101774   -0.007415050235242   -0.009777978726328   -0.015048352067046   -0.009802889472133    0.008808617645000 
   0.011045568444096   -0.015408316714617   -0.006407916339457   -0.011677414705271   -0.010264418025979    0.009964556512856 
   0.013413370585056   -0.011835109973840   -0.008955280552227   -0.015048352067046   -0.009802889472133    0.008808617645000 
   0.012359186475666   -0.012602629580685    0.000535098267958   -0.010801669350891   -0.008393959936691    0.014593232917800 
   0.013413370585056   -0.011835109973840   -0.008955280552227   -0.015118858357132   -0.009446409929843    0.009070226962640 
   0.009762905504357   -0.015709683295437    0.000082751736686   -0.001714685951310    0.002480728064943    0.016176445777251 
   0.014766633080658   -0.008925429213417   -0.010114103400913   -0.015892435600684   -0.009425607560708    0.007661742284499 
   0.009741492657037   -0.010163160831608   -0.011222210344271   -0.011376474139026   -0.011474838614366    0.011075547437044 
   0.015593934352297   -0.006708207841423   -0.010575120283316   -0.019165538321922   -0.005668024071438    0.000753815896470 
   0.016279357350501   -0.008978893235351   -0.007373967069242   -0.016468941874767   -0.009806516169982    0.005710826802317 
   0.014766633080658   -0.008925429213417   -0.010114103400913   -0.016155141202241   -0.009841077373146    0.006494369286566 
   0.016593158023028   -0.009013454438515   -0.006590424584993   -0.016155141202241   -0.009841077373146    0.006494369286566 
   0.014890026117107   -0.008977744257519   -0.009884088560133   -0.016031748165792   -0.009893392417248    0.006724384127346 
   0.014890026117107   -0.008977744257519   -0.009884088560133   -0.016584869386953   -0.009840032898111    0.005303669088971 
   0.016593158023028   -0.009013454438515   -0.006590424584993   -0.016584869386953   -0.009840032898111    0.005303669088971 
   0.017218687308628   -0.007410632695905   -0.006971758514460   -0.016031748165792   -0.009893392417248    0.006724384127346 
   0.017123427433869   -0.009142796574903   -0.004817991361793   -0.017003859161427   -0.009736777967116    0.004008450319545 
   0.017266361235209   -0.009172752619318   -0.004212098542762   -0.017218259863437   -0.009691843900494    0.003099611091000 
   0.015274512570075   -0.009164304775320   -0.009094369721581   -0.016200382933985   -0.010026593415913    0.006093387927522 
   0.017130997933841   -0.009134981396487   -0.004804609893244   -0.017122709297765   -0.009718505940139    0.003517854397222 
   0.019049481330661   -0.006040050526423   -0.000799084730996   -0.009482747611526   -0.003651350482425    0.017226422783871 
   0.019049481330661   -0.006040050526423   -0.000799084730996   -0.015386128202490   -0.009868172508777    0.008122119661073 
   0.019574821193403   -0.003339497088332    0.002383039272055   -0.014860788339748   -0.007167619070686    0.011304243664124 
   0.019660581460075   -0.001890851734528    0.003144644971538   -0.015955220899872   -0.007863392953491    0.009143350549858 
   0.016573067345326   -0.007435852604377   -0.008369494048187   -0.015386128202490   -0.009868172508777    0.008122119661073 
   0.019660581460075   -0.001890851734528    0.003144644971538   -0.014860788339748   -0.007167619070686    0.011304243664124 
   0.007101658181887   -0.013282066194320    0.004711855948099   -0.003488850832956    0.004099139465688    0.019262515251526 
   0.009742321956542   -0.012259207473511    0.005810827761221   -0.012731174044247    0.000519133942856    0.015416113905596 
   0.011310365286343   -0.007989582436554    0.004173739326169   -0.009072406274711    0.010481592362421    0.011596240890473 
   0.018926880685789    0.004232275572415    0.004885637319161   -0.016688921674158   -0.001740265646548    0.010884342897481 
   0.017530967164573   -0.009577604748070   -0.000967225269934   -0.012731174044247    0.000519133942856    0.015416113905596 
   0.019574821193403   -0.003339497088332    0.002383039272055   -0.015832970328107   -0.009992685220111    0.007038913964232 
   0.017530967164573   -0.009577604748070   -0.000967225269934   -0.009482747611526   -0.003651350482425    0.017226422783871 
   0.017586099914506   -0.007376724500104   -0.006026232477750   -0.015832970328107   -0.009992685220111    0.007038913964232 
   0.017586099914506   -0.007376724500104   -0.006026232477750   -0.016395056525704   -0.009940230152298    0.005701719577328 
   0.017596733076448   -0.007109667187707   -0.005558192709676   -0.016384423363761   -0.009673172839901    0.006169759345402 
   0.014421799713751   -0.009737495614867   -0.009858757048999   -0.015542343669380   -0.009367039312751    0.006466106904745 
   0.015274512570075   -0.009164304775320   -0.009094369721581   -0.016395056525704   -0.009940230152298    0.005701719577328 
   0.017596733076448   -0.007109667187707   -0.005558192709676   -0.016449467487293   -0.010117847434796    0.005237374236367 
   0.018814980809787    0.002798261689980    0.004214647723865   -0.016950021384829   -0.005086298038896    0.009318700508456 
   0.018850976705179    0.003087465834637    0.005925532372300   -0.016986017280221   -0.005375502183553    0.007607815860021 
   0.018549426676987    0.003904056780866    0.006378002227407   -0.017689634012669   -0.003470123309019    0.008663578855272 
   0.017395502029063    0.005253346478338    0.005195486979516   -0.016535709364744   -0.004819413006491    0.009846094103164 
   0.019452570621639   -0.001210204821712    0.004487475857681   -0.016384423363761   -0.009673172839901    0.006169759345402 
   0.019452570621639   -0.001210204821712    0.004487475857681   -0.015955220899872   -0.007863392953491    0.009143350549858 
   0.017218687308628   -0.007410632695905   -0.006971758514460   -0.016200382933985   -0.010026593415913    0.006093387927522 
   0.016573067345326   -0.007435852604377   -0.008369494048187   -0.015118858357132   -0.009446409929843    0.009070226962640 
   0.009820574288276    0.003545158554006   -0.017058440353011   -0.015545303514394   -0.001090939213339   -0.007747747192778 
   0.004789635550839    0.006740553445231   -0.017806954624211   -0.012654448553898   -0.003680131201177   -0.008217773262561 
   0.015272180965577    0.003442705690929   -0.012446701413225   -0.012654448553898   -0.003680131201177   -0.008217773262561 
   0.014009216015325    0.003047338545975   -0.013945115005928   -0.013750410014798   -0.004023218437042   -0.009518049687307 
   0.008979851650178    0.004001719054276   -0.017276131437240   -0.008209583770870   -0.005074654798212   -0.005848285096483 
  -0.002548426824979    0.007998273918456   -0.018153361616442   -0.008124674830426   -0.003762285822672   -0.007090391484611 
   0.004710057837186    0.006320456322131   -0.018381537430182   -0.012479377583861   -0.002755917530357   -0.006953691089425 
   0.007788328650157    0.006573704087161   -0.017208623036013   -0.006057323735399   -0.004047199788931   -0.006901443768525 
   0.007788328650157    0.006573704087161   -0.017208623036013   -0.015342301096766    0.001812281815091   -0.004720171998170 
   0.012706356391729    0.006438658651627   -0.014038977171998   -0.012329679718773   -0.000657114096877   -0.000550321405467 
   0.019993977799880    0.000081368141695    0.000486433868460   -0.013753042476857    0.000584543509546   -0.003387314158374 
   0.019737268889952    0.003012066404092    0.001170530060650   -0.013869225389119    0.001910937124719   -0.003077701656423 
   0.012857175252246    0.006130349215382   -0.004396199250300   -0.014014898016620    0.003292165929627   -0.003634089094573 
   0.004739210097838    0.005783612809586   -0.018306544819496   -0.018455472775802    0.002706141345287   -0.004760252562970 
   0.004765898900636    0.005081966639682   -0.018747311993947   -0.018364730846287    0.000320544367612   -0.006258860956104 
   0.007510136536544    0.007012426310592   -0.016237567688047   -0.016999528098981    0.004508355906504   -0.005101313622205 
   0.007437098962587    0.006940882991984   -0.016243753806806   -0.019138482818261    0.002413161465076   -0.005282478291231 
   0.017817676103186    0.004310606080574   -0.000525503806912   -0.018157679449468    0.004811931432743   -0.006866715334731 
   0.012706356391729    0.006438658651627   -0.014038977171998   -0.013869225389119    0.001910937124719   -0.003077701656423 
   0.014542621459847    0.004933502548831   -0.011497353110447   -0.015342301096766    0.001812281815091   -0.004720171998170 
  -0.014920681520218    0.001650189935602   -0.008045133639008    0.013127866835591   -0.001750664374840   -0.014987220507611 
  -0.014784960956411    0.002536133355295   -0.008063955567411    0.012956012913993   -0.002872475592815   -0.014963387551739 
  -0.015103023792032    0.003419944554644   -0.007910184193441    0.009088486889523   -0.003973905163263   -0.016790437222013 
  -0.014784960956411    0.002536133355295   -0.008063955567411    0.006000933506160   -0.004362464400408   -0.018095336305293 
  -0.005373346015386    0.006032521271623   -0.003363209702097    0.012344870878019   -0.003099513103712   -0.015268629895027 
  -0.008907697920609    0.000251317516672    0.006257113214209    0.017367792040188   -0.002737048975560   -0.004902300781691 
  -0.013317608694701   -0.002909941426624   -0.005416453141719    0.012373415788377   -0.002251835169352   -0.013802831940544 
  -0.015294513196460   -0.004048351828851   -0.006317562143911    0.019974650054067   -0.000982085506868    0.000230209211699 
  -0.014534566869162   -0.003194441894211   -0.003906297496248    0.016795283785245   -0.004554564700837   -0.009857731489642 
  -0.015294513196460   -0.004048351828851   -0.006317562143911    0.010985546541236   -0.004536542145713   -0.016085343959419 
  -0.018576286635949   -0.001157478100923   -0.007320564894747    0.011938953374593   -0.002107049834510   -0.013960146192829 
  -0.016325961079650   -0.001324885069704   -0.005595201760157    0.008287762159877   -0.001835429200783   -0.016759577013661 
  -0.015289943419561   -0.001548175653481   -0.004925929963519    0.010985546541236   -0.004536542145713   -0.016085343959419 
  -0.015289943419561   -0.001548175653481   -0.004925929963519    0.009393175316113   -0.002471774844726   -0.017483852728336 
  -0.012675932627610    0.004071621031293   -0.006775553442065    0.005042284265795   -0.005060413344043   -0.018680973634995 
  -0.009313265711051    0.005651294200476   -0.006912413210251   -0.000563008366576   -0.007693555731320   -0.018452460289059 
  -0.007322028974514    0.006695650377795   -0.006718691698106    0.009393175316113   -0.002471774844726   -0.017483852728336 
  -0.017748045883577   -0.001144287223591   -0.006086889376597    0.006935072852097   -0.002067886414836   -0.018644812141413 
  -0.018070897454132   -0.001313396962982   -0.006173957114703    0.005692442878482   -0.002718776328850   -0.018979928928736 
  -0.018518287524652   -0.001354295010678   -0.007432638994714    0.007761772213043   -0.001842485327540   -0.017200420810222 


       -0.014 
