      1        0.000000000        0.000000000       -9.650000000
      2        0.000000000        0.494839174      -10.145061072
      3        1.166083701        0.511245356       -9.877835798
      4        1.118764249       -0.002787919       -9.557204915
      5        1.197769453       -0.508569998       -9.859552906
      6        0.000000000       -0.494860676      -10.145084753
      7        2.414472430        0.462720771       -9.919072625
      8        2.366813548       -0.039243486       -9.433532396
      9        2.251254591       -0.514932311       -9.933889622
     10        0.000000000        0.000000000      -10.640171675
     11        0.856710168        0.490095717      -10.522371285
     12        0.888650272       -0.529742365      -10.504220025
     13        2.294602469       -0.012253201      -10.419093247
     14        0.861278586        0.442190681      -10.515226553
     15        1.164584698        0.462928009       -9.883301561
     16        0.863082792        0.393600312      -10.513856213
     17        1.165879466        0.414304531       -9.882961634
     18        0.864655153        0.344990881      -10.512959933
     19        1.167399284        0.365693304       -9.882143810
     20        0.866205238        0.296380064      -10.512100910
     21        1.168933971        0.317083237       -9.881285854
     22        0.867750091        0.247769050      -10.511243626
     23        1.170466449        0.268473183       -9.880423349
     24        0.869291099        0.199157937      -10.510385195
     25        1.171995333        0.219863046       -9.879559187
     26        0.870828377        0.150546731      -10.509525380
     27        1.173520511        0.171252820       -9.878693603
     28        0.872361934        0.101935433      -10.508664162
     29        1.175041975        0.122642504       -9.877826615
     30        0.873891774        0.053324045      -10.507801538
     31        1.176559726        0.074032099       -9.876958224
     32        0.875417898        0.004712566      -10.506937508
     33        1.178073765        0.025421605       -9.876088428
     34        0.876940306       -0.043899003      -10.506072071
     35        1.179584094       -0.023188978       -9.875217227
     36        0.878459001       -0.092510661      -10.505205225
     37        1.181090714       -0.071799649       -9.874344621
     38        0.879973985       -0.141122409      -10.504336970
     39        1.182593626       -0.120410408       -9.873470609
     40        0.881485257       -0.189734246      -10.503467306
     41        1.184092831       -0.169021255       -9.872595188
     42        0.882992820       -0.238346172      -10.502596233
     43        1.185588333       -0.217632189       -9.871718358
     44        0.884496665       -0.286958186      -10.501723769
     45        1.187080142       -0.266243209       -9.870840098
     46        0.885996681       -0.335570297      -10.500850149
     47        1.188568371       -0.314854307       -9.869960173
     48        0.887491484       -0.384182598      -10.499978260
     49        1.190054411       -0.363465387       -9.869075686
     50        0.888964031       -0.432796232      -10.499143642
     51        1.191555340       -0.412075261       -9.868151028
     52        0.890204568       -0.481422213      -10.498783545
     53        1.193281118       -0.460666265       -9.866748220
     54        0.523484535       -0.137708184       -9.668653072
     55        1.766535736       -0.054143714       -9.415814666
     56        0.461725655        0.230508760      -10.630704720
     57        1.743303940       -0.045627550      -10.296678767
    0.0204996 
    0.0204713 
    0.0217884 
    0.0017880 
    0.0001454 
    0.0000118 
    0.0000010 
    0.0000001 
    0.0000000 
    0.0000000 
    0.0000000 
   -0.0000000 
   -0.0000000 
    0.0000000 
    0.0000000 
   -0.0000000 
    0.0000000 
    0.0000000 
    0.0000001 
    0.0000010 
    0.0000118 
    0.0001454 
    0.0017891 
    0.0218018 
    0.0135390 
    0.0133992 
    0.0133982 
    0.0133981 
    0.0133981 
    0.0133981 
    0.0133981 
    0.0133980 
    0.0133980 
    0.0133980 
    0.0133980 
    0.0133979 
    0.0133979 
    0.0133979 
    0.0133978 
    0.0133978 
    0.0133978 
    0.0133978 
    0.0133977 
    0.0133986 
    0.0135386 
    0.0135128 
    0.0133729 
    0.0133720 
    0.0133720 
    0.0133719 
    0.0133719 
    0.0133719 
    0.0133718 
    0.0133718 
    0.0133718 
    0.0133717 
    0.0133717 
    0.0133717 
    0.0133716 
    0.0133716 
    0.0133716 
    0.0133715 
    0.0133715 
    0.0133715 
    0.0133724 
    0.0135123 
   -0.0413944 
   -0.0413946 
   -0.1916056 
   -0.1679669 
   -0.2187426 
   -0.3399227 
   -0.2799006 
   -0.2622222 
   -0.4936010 
   -0.5045543 
   -0.0000041 
   -0.0000019 
    0.0000003 
   -0.0000497 
   -0.0000091 
   -0.0000124 
   -0.0000105 
   -0.0000114 


  -0.014148230678597   -0.007670850880964    0.011901939540691    0.014148230678597   -0.010656525933811    0.006433655721346 
  -0.016703242059101   -0.010392347210806    0.001830043895301    0.014812533637528   -0.009948936888052    0.009052348589147 
  -0.014981460882651   -0.010734530797827   -0.007249221322496    0.017907579549415   -0.007998138794407   -0.003948852414313 
  -0.016751776377625   -0.010850163172330    0.001481213347261    0.014999204093387   -0.008188106266805    0.010394004543146 
  -0.014510513880729   -0.007903786732233   -0.011273333084727    0.017861633500447   -0.008274308947148   -0.003556256144827 
  -0.014148230678597   -0.007671345920978   -0.010894210586893    0.014148230678597   -0.010656827262515   -0.007442261747619 
  -0.017202016241874   -0.009663110058477    0.003293494046173    0.015449443957636   -0.009375159380658    0.008581723844234 
  -0.016000564598055   -0.008412222309791    0.008559452770919    0.015209153628873   -0.009625336930395    0.007528532099285 
  -0.016825928885190   -0.007860200163711   -0.007433050106433    0.012545967505777   -0.009757904460727   -0.011098698991943 
  -0.015757131399088   -0.008273794926685    0.008085706126213    0.013991987634034   -0.010317473845927    0.009897265322813 
  -0.014044058269160   -0.009453959436657   -0.009089678520246    0.012293070177047   -0.009613017254096   -0.010948096408869 
  -0.014511768945048   -0.009487390146509   -0.009973648639476    0.017437887611812   -0.009245279445726   -0.001224425097333 
  -0.013991686515672    0.005789067368876   -0.013066898975922    0.013991686515672    0.012539105814616   -0.005269653687331 
  -0.013204688821656    0.011615231046194    0.000873498277198    0.013724107299707    0.010558210164328   -0.010009388753392 
  -0.013794373456088    0.006461106792163    0.012960444370848    0.012166540714515    0.006317365660365    0.001526801548171 
  -0.012632406028599    0.013308817826366   -0.003659709373785    0.012040922614246    0.005577072575587    0.003323574925969 
  -0.013991686515672    0.005788512324012    0.012493755423368    0.013991686515672    0.012538864490762    0.005843674312360 
   0.011229677010551   -0.009280827716133   -0.013708949315356   -0.015669305205866   -0.008310800877061   -0.004810332963769 
   0.014821957019310   -0.009483400867410   -0.007152536248728   -0.016387761207618   -0.008270286246806   -0.006121615577094 
   0.012777065939000   -0.009790437332828    0.007403239026147   -0.013560062507207   -0.009631379515389    0.009261656914771 
   0.014283812674418   -0.009200455267042   -0.010555717224383   -0.013697039483154   -0.009685014248642    0.010894289301182 
   0.012859313977094   -0.009870844537264    0.007272678157262   -0.014464790926247   -0.008746900266593    0.010697826472514 
   0.008946928156692   -0.000457798098939   -0.017883045594863   -0.014207400698169   -0.000329596548957   -0.007685472266529 
  -0.014526575971405   -0.000024547352030   -0.007872028321850    0.009490998947649   -0.000967295706127   -0.017578387024809 


        0.000 
