      1      450.411319820       27.831231543      -99.707986730
      2      456.403486352       26.038246260      -99.410350999
      3      455.567207589       23.018920646      -99.103773693
      4      450.288857022       27.126300538      -99.358018226
      5      450.025635983       17.978990203      -99.336432164
      6      455.723403622       21.555477635      -99.141706363
      7      456.236713669       18.809099656      -99.469113699
      8      450.110638664       17.295090456      -99.638570612
      9      456.718645307       19.083557396     -100.000161019
     10      450.373479796       16.922762202      -99.942707725
     11      450.615489046       28.117701992     -100.000000605
     12      456.977596796       26.008388109     -100.000128900
     13      458.194426681       24.337086650      -99.310398549
     14      458.122589819       20.437806953      -99.336459572
     15      458.222619609       21.454335470     -100.000085882
     16      458.336095821       23.551345540     -100.000098858
     17      461.854740377       23.461920220      -99.162239852
     18      461.770080401       22.315345899      -99.255390462
     19      461.812384582       21.177340206      -99.144803360
     20      461.766726131       22.314790156      -99.457235286
     21      465.553947357       22.800623948      -99.063639945
     22      465.550136022       22.301861999      -99.057365635
     23      465.535459336       21.708775032      -99.035525394
     24      465.549912200       22.171624803      -99.073937970
     25      469.437603238       22.654482288      -98.905800983
     26      469.422227494       22.211537912      -98.891023654
     27      469.428909231       21.749965916      -98.868262069
     28      469.406438589       22.147563963      -98.905925483
     29      471.776399563       22.509737116      -98.792226683
     30      471.762443849       22.191568118      -98.766763322
     31      471.788906551       21.894629875      -98.763749793
     32      450.058529348       72.582406538      -99.724499233
     33      456.191633712       70.919784225      -99.512685719
     34      455.633352552       68.329476555      -99.240488946
     35      449.957325066       71.941567745      -99.431940133
     36      450.247824128       63.252408195      -99.415311475
     37      455.857209572       66.949079371      -99.247309902
     38      456.494135187       64.361084287      -99.511357343
     39      450.354872819       62.625914915      -99.680346816
     40      456.969832273       64.272828550     -100.000149282
     41      450.560958329       62.283376325      -99.940610315
     42      450.273560232       72.907342694      -99.991599880
     43      456.687832793       70.946630892     -100.000125512
     44      458.304618263       69.457945792      -99.447415699
     45      458.267334485       66.130270645      -99.414674445
     46      458.467296868       66.647374334     -100.000052159
     47      458.433526178       68.747161926     -100.000060667
     48      461.991250370       68.563633033      -99.318100849
     49      461.969487574       67.760839832      -99.270281152
     50      461.976679802       66.941595344      -99.304297129
     51      461.965886654       67.753670882      -99.612150357
     52      465.867369119       68.068361358      -99.436343750
     53      465.869391625       67.712764117      -99.327912744
     54      465.856891788       67.356993638      -99.476318317
     55      469.237459789       68.128834915      -99.320996472
     56      471.585705302       67.921254732      -99.215002484
     57      471.555675957       67.646179901      -99.069774292
     58      471.584386221       67.448440065      -99.192968576
     59      469.240040601       67.260072111      -99.334289815
     60      469.215030376       67.703752739      -99.181205075
     61      468.362595000       68.205717416      -99.377770531
     62      468.344483646       67.698620163      -99.117916739
     63      468.358676494       67.192651061      -99.377734158
     64      468.009764312       68.207059860     -100.000018669
     65      468.005877234       67.193990401     -100.000000442
     66      473.303368291       22.259272671      -98.709004439
     67      473.307030921       22.249979706      -98.708474336
     68      473.145811677       67.728867175      -99.149341459
     69      473.147186920       67.718966597      -99.149694326
     70      392.637383625        0.643300320      -99.488645496
     71      440.694798539       14.409813381      -99.805352180
     72      392.690665471       43.736897833     -100.000033170
     73      440.939312521       30.640424873      -99.863271505
     74      381.598224625       42.263141653      -99.314882174
     75      336.870081468       21.095288158      -92.216083641
     76      381.158082929       -1.133690568      -98.876266980
     77      392.682623731       46.485455716     -100.000033169
     78      440.879488878       59.778897609      -99.851497818
     79      392.508896675       89.094628104      -99.487465941
     80      440.605241535       75.460164907      -99.857459402
     81      381.022953656       90.856586027      -98.876704547
     82      336.688923370       68.714246100      -92.231673913
     83      381.576707970       47.886242289      -99.322759751
     84        0.000000000       40.000000000        0.000000000
     85        0.000000000       47.000000000        0.000000000
     86      382.476877438       -1.961272421      -98.076718161
     87      382.336179207       -1.772292068     -100.002183564
     88      388.272132844       -0.441276815      -99.328142122
     89      382.203408438       91.491598208     -100.002182804
     90      382.343520763       91.680904353      -98.076707621
     91      388.141612124       90.171063435      -99.327307915
     92      386.845135729       45.093896127     -100.000937592
     93      387.819747001       44.869268898     -100.000025313
     94      387.818403393       45.324338058     -100.000025576
     95      468.012767970       68.173819137      -99.994535116
     96      468.359369901       68.172500161      -99.383269630
     97      468.013204203       68.140026050      -99.993573564
     98      468.358706466       68.138711301      -99.384245057
     99      468.013185172       68.106217290      -99.993412069
    100      468.358495786       68.104903385      -99.384419154
    101      468.013086134       68.072408304      -99.993388925
    102      468.358362660       68.071094657      -99.384453725
    103      468.012972202       68.038599358      -99.993389299
    104      468.358241966       68.037285866      -99.384463623
    105      468.012854670       68.004790424      -99.993393275
    106      468.358122408       68.003477070      -99.384468767
    107      468.012735495       67.970981496      -99.993397399
    108      468.358002030       67.969668276      -99.384472611
    109      468.012615018       67.937172572      -99.993401074
    110      468.357880491       67.935859487      -99.384475753
    111      468.012493296       67.903363653      -99.993404194
    112      468.357757733       67.902050701      -99.384478297
    113      468.012370341       67.869554737      -99.993406742
    114      468.357633745       67.868241920      -99.384480261
    115      468.012246153       67.835745827      -99.993408715
    116      468.357508525       67.834433143      -99.384481649
    117      468.012120734       67.801936920      -99.993410112
    118      468.357382073       67.800624371      -99.384482461
    119      468.011994083       67.768128018      -99.993410934
    120      468.357254390       67.766815604      -99.384482697
    121      468.011866200       67.734319121      -99.993411180
    122      468.357125475       67.733006840      -99.384482357
    123      468.011737085       67.700510228      -99.993410849
    124      468.356995327       67.699198082      -99.384481441
    125      468.011606739       67.666701339      -99.993409943
    126      468.356863948       67.665389328      -99.384479949
    127      468.011475161       67.632892456      -99.993408462
    128      468.356731337       67.631580579      -99.384477881
    129      468.011342352       67.599083577      -99.993406404
    130      468.356597494       67.597771834      -99.384475238
    131      468.011208310       67.565274703      -99.993403771
    132      468.356462420       67.563963095      -99.384472018
    133      468.011073037       67.531465833      -99.993400562
    134      468.356326113       67.530154360      -99.384468222
    135      468.010936532       67.497656969      -99.993396778
    136      468.356188575       67.496345630      -99.384463850
    137      468.010798793       67.463848109      -99.993392421
    138      468.356049807       67.462536905      -99.384458898
    139      468.010659809       67.430039255      -99.993387511
    140      468.355909819       67.428728185      -99.384453348
    141      468.010519523       67.396230406      -99.993382151
    142      468.355768671       67.394919470      -99.384447097
    143      468.010377595       67.362421563      -99.993376939
    144      468.355626702       67.361110759      -99.384439545
    145      468.010232065       67.328612735      -99.993375330
    146      468.355485870       67.327302044      -99.384427239
    147      468.010071644       67.294803982      -99.993397238
    148      468.355357469       67.293493297      -99.384390259
    149      468.009831222       67.260996062      -99.993557506
    150      468.355306622       67.259684772      -99.384213746
    151      468.009135696       67.227207280      -99.994517867
    152      468.355708638       67.225891859      -99.383235869
    153      465.867189132       67.890252708      -99.338693659
    154      465.865127479       68.069139448      -99.354993224
    155      466.550529808       68.077617319      -99.435241186
    156      467.236657327       67.998300116      -99.474061795
    157      467.902494156       68.171202807      -99.396788376
    158      468.358278712       68.005590278      -99.328223108
    159      468.350426451       67.806700486      -99.196540426
    160      468.356951852       67.534505010      -99.247795420
    161      468.359603518       67.339458749      -99.350838832
    162      467.693727656       67.281899240      -99.438101560
    163      467.017658599       67.368146643      -99.466421092
    164      466.334228042       67.367158936      -99.470112427
    165      465.853842576       67.435457948      -99.345538303
    166      465.862300994       67.602722472      -99.332251474
    167      468.128701291       68.075508141      -99.352734471
    168      467.463639004       68.052178269      -99.380018599
    169      467.796189633       67.966925928      -99.339523149
    170      468.125454622       67.871947947      -99.268348537
    171      466.788696953       68.006274692      -99.394726559
    172      467.123506712       67.971198362      -99.363805676
    173      467.458515295       67.875037318      -99.331817682
    174      467.787412538       67.782019937      -99.256454892
    175      468.115018433       67.708503345      -99.157583665
    176      466.101752784       68.080235297      -99.360288264
    177      466.440918087       67.993808953      -99.357367034
    178      466.779777095       67.906360743      -99.351234283
    179      467.115107132       67.807298633      -99.335484230
    180      467.448853663       67.706803216      -99.303597681
    181      467.786901088       67.631949891      -99.252377204
    182      468.124858595       67.540938958      -99.250571466
    183      466.103738061       67.900961362      -99.343584080
    184      466.442566988       67.813075531      -99.341371016
    185      466.777997747       67.713060772      -99.337518018
    186      467.113144850       67.612145896      -99.332619187
    187      467.456317064       67.543425451      -99.325755002
    188      467.794913937       67.454702569      -99.329341991
    189      468.127575491       67.346629505      -99.342971280
    190      466.105147861       67.720250934      -99.335040499
    191      466.440515711       67.620184170      -99.340327991
    192      466.775821121       67.520049832      -99.348129826
    193      467.119469035       67.454407861      -99.359096597
    194      467.458596245       67.369192135      -99.374950299
    195      467.791737048       67.263963340      -99.396630331
    196      466.097492034       67.550365692      -99.340824229
    197      466.432797161       67.450426035      -99.349925707
    198      466.780207519       67.424199777      -99.383374510
    199      467.122059046       67.388685215      -99.449530055
    200      466.093669691       67.418856188      -99.374473141
    201      466.436469168       67.385566901      -99.436776092
    202      469.220618176       67.990662459      -99.257030748
    203      469.214821708       67.824374520      -99.169608795
    204      469.211474116       67.514274859      -99.204697713
    205      469.228228700       67.362405912      -99.277736660
    206      468.791629748       68.124542717      -99.328295563
    207      468.782326531       67.937912697      -99.253766163
    208      468.780707413       67.759102593      -99.140224385
    209      468.781475424       67.585330149      -99.174836073
    210      468.784086810       67.383485648      -99.289929023
    211      466.543733307       68.048339145      -99.520714695
    212      467.217037038       68.080052711      -99.624041062
    213      468.009006309       68.019454346      -99.999984212
    214      468.008262399       67.831848868      -99.999962321
    215      468.007558884       67.644243441      -99.999961184
    216      468.006856231       67.456638019      -99.999969669
    217      467.409275099       67.285439153      -99.682626698
    218      466.736385192       67.340318600      -99.586174240
    219      465.836859816       67.413366609      -99.549768906
    220      465.847000051       67.585214568      -99.563351146
    221      465.851588587       67.778081689      -99.584999035
    222      465.841700673       67.935080066      -99.570063589
    223      467.619716438       67.283463227      -99.808068537
    224      466.969525518       67.335174173      -99.616428500
    225      467.293009491       67.379735579      -99.727438509
    226      467.615880173       67.469722303      -99.816579483
    227      466.289652103       67.368633970      -99.556448150
    228      466.624863489       67.393001993      -99.597225983
    229      466.956344482       67.462395738      -99.679146840
    230      467.285593223       67.561000166      -99.745276395
    231      467.623442173       67.640176764      -99.790999753
    232      466.278722967       67.444749723      -99.593537632
    233      466.614975989       67.529621104      -99.640968760
    234      466.946040765       67.629518388      -99.695117853
    235      467.281397686       67.707007814      -99.758729107
    236      467.608316707       67.805100982      -99.836284041
    237      466.284093615       67.638378772      -99.606398243
    238      466.617476078       67.738417440      -99.643217178
    239      466.957780834       67.812736377      -99.677525695
    240      467.292927194       67.898618580      -99.730513660
    241      467.621555158       67.989439482      -99.809641526
    242      466.286423524       67.845835198      -99.606145921
    243      466.629146195       67.914430101      -99.624608292
    244      466.970722247       67.986280128      -99.650452195
    245      467.308027359       68.067644306      -99.696376538
    246      466.287057856       67.968223015      -99.594072917
    247      466.633777504       68.016386666      -99.592693344
    248      468.361867760       68.018112603      -99.377764667
    249      468.361160961       67.830507616      -99.377757779
    250      468.360444375       67.642902664      -99.377750863
    251      468.359714311       67.455297771      -99.377743895
    252      469.234919930       67.398916548      -99.344739217
    253      469.223442268       67.561383079      -99.351784147
    254      469.205178848       67.745733283      -99.356986299
    255      469.223972090       67.922681857      -99.352293212
    256      468.797397475       68.127973554      -99.362208337
    257      468.799519082       67.951444859      -99.393318946
    258      468.798621835       67.763358125      -99.400488050
    259      468.798424687       67.575724426      -99.385262363
    260      468.793588337       67.374839083      -99.367717781
    261      468.120029277       68.206639177      -99.805569107
    262      468.230287992       68.206219325      -99.611116067
    263      466.785096823       68.038476070      -99.512862651
    264      467.461499662       68.109835959      -99.490569141
    265      467.119164095       68.079393184      -99.556803909
    266      468.123312171       68.171590559      -99.488766982
    267      467.783313667       68.134756929      -99.563357543
    268      467.443385499       68.105141550      -99.641385211
    269      467.745056158       68.151989013      -99.802066115
    270      468.116132846       67.193572848      -99.805545464
    271      468.226382396       67.193154368      -99.611087125
    272      468.122742025       67.218684163      -99.480802632
    273      467.453849772       67.294987016      -99.527276249
    274      467.783608238       67.255290946      -99.559309565
    275      466.774343213       67.352320696      -99.541193133
    276      467.109777217       67.314166324      -99.588523554
    277      467.444403376       67.283749386      -99.640815689
    278      467.749820646       67.258315214      -99.790626190
    279      452.656649907       25.776410811      -99.222900341
    280      453.543062984       19.913010590      -99.190834475
    281      453.045659549       17.469606536     -100.000147419
    282      454.518891854       27.190510004     -100.000163762
    283      452.372819165       70.670929901      -99.323879681
    284      453.743013297       65.223846507      -99.281062022
    285      453.240119537       62.794688319     -100.000131678
    286      454.192973703       72.050406129     -100.000157618
    287      399.558417491        2.402780649      -99.695091170
    288      406.465141418        4.222656693      -99.850628913
    289      413.355400582        6.107476459      -99.953068873
    290      420.226699559        8.062377467     -100.000004004
    291      427.076093356       10.093171696      -99.997018994
    292      433.900174228       12.206478457      -99.933233538
    293      399.639659378       42.079104665     -100.000029126
    294      406.573834296       40.360416057     -100.000029124
    295      413.491245518       38.575526667     -100.000029124
    296      420.389610874       36.718420522     -100.000029118
    297      427.266186364       34.782255427     -100.000015686
    298      434.117622274       32.759214335      -99.967786947
    299      375.309909606       38.986353151      -98.443126157
    300      368.982218873       35.800143147      -97.521833298
    301      362.618840045       32.700488549      -96.552311268
    302      356.223079949       29.683607334      -95.535805309
    303      349.797941030       26.745961450      -94.473509806
    304      343.346121271       23.884225356      -93.366568150
    305      343.277988839       18.118829108      -93.277161352
    306      349.662233408       15.079806248      -94.302925213
    307      356.020958278       11.976053172      -95.292663914
    308      362.352171537        8.805283988      -96.245644285
    309      368.653695853        5.565105453      -97.161103561
    310      374.923187508        2.252994085      -98.038252354
    311      399.622173115       48.182784266     -100.000029126
    312      406.547187543       49.938438953     -100.000029124
    313      413.455894327       51.757134939     -100.000029124
    314      420.346239590       53.644171459     -100.000029115
    315      427.215783218       55.605516242     -100.000010303
    316      434.061536972       57.647904019      -99.958858704
    317      399.433430842       87.348906805      -99.693674575
    318      406.344131634       85.544160691      -99.849301424
    319      413.238932518       83.676011552      -99.952197668
    320      420.115446262       81.739519714     -100.000004841
    321      426.970860040       79.729104818     -100.000009773
    322      433.802084995       77.638383473      -99.960015890
    323      374.779780725       87.484686528      -98.040625435
    324      368.502670778       84.186480943      -97.165497729
    325      362.194126556       80.959377327      -96.252139065
    326      355.856437001       77.800898180      -95.301333362
    327      349.491730116       74.708693680      -94.313838410
    328      343.101953319       71.680518927      -93.290382864
    329      343.185406087       65.975214387      -93.386506404
    330      349.658489935       63.163078743      -94.496124871
    331      356.105703002       60.274653637      -95.559342468
    332      362.524328415       57.306526667      -96.574928876
    333      368.911335121       54.255058592      -97.541598881
    334      375.263375877       51.116350116      -98.458011908
    335      287.845111398       24.340673287      -82.827377532
    336      239.135358418       27.405772982      -71.865898948
    337      190.742092578       30.284926963      -59.535153832
    338      142.653653738       32.978215290      -46.023743303
    339       94.850318527       35.489984729      -31.501289031
    340       47.307749261       37.827533157      -16.116966708
    341       47.287766377       49.488026444      -16.129377923
    342       94.808548507       52.167264613      -31.524667636
    343      142.588208191       55.048638525      -46.055735755
    344      190.650998279       58.141027130      -59.572242256
    345      239.016540495       61.449997352      -71.903126231
    346      287.696348782       64.976307011      -82.858080184
    0.0002753 
   -0.0043824 
   -0.0011864 
   -0.0016704 
   -0.0185042 
   -0.0002865 
   -0.0007108 
   -0.0593952 
   -0.3151036 
    0.0000255 
    0.0000088 
   -0.0008598 
    0.0000372 
   -0.0008566 
    0.0000093 
    0.0000267 
   -0.4285128 
   -0.3424308 
   -0.3761604 
   -0.3389380 
   -0.3399299 
   -0.3477350 
   -0.3819688 
   -0.3392282 
   -0.3405010 
    0.0001835 
    0.0001816 
    0.0001797 
    0.0001778 
    0.0001759 
    0.0001741 
    0.0001723 
    0.0001609 
    0.0001590 
    0.0001571 
    0.0001552 
    0.0001533 
    0.0001515 
    0.0001497 
    0.0001943 
    0.0001954 
    0.0001964 
    0.0001975 
    0.0001986 
    0.0001997 
    0.0002009 
    0.0002557 
    0.0002546 
    0.0002535 
    0.0002524 
    0.0002514 
    0.0002503 
    0.0002493 
    0.0001863 
   -0.1103833 
   -0.0002542 
   -0.0007046 
   -0.0677018 
   -0.0006890 
   -0.0011535 
   -0.1392255 
   -0.4037343 
    0.0000258 
    0.0000086 
   -0.0009650 
    0.0000282 
   -0.0006962 
    0.0000093 
    0.0000260 
   -0.4094963 
   -0.3352084 
   -0.3733221 
   -0.3335718 
   -0.3147064 
   -0.3377085 
   -0.3574496 
   -0.3340777 
   -0.3141367 
    0.0001753 
    0.0001734 
    0.0001716 
    0.0001697 
    0.0001678 
    0.0001660 
    0.0001641 
    0.0001848 
    0.0001829 
    0.0001810 
    0.0001791 
    0.0001773 
    0.0001754 
    0.0001736 
    0.0002505 
    0.0002515 
    0.0002526 
    0.0002536 
    0.0002547 
    0.0002558 
    0.0002569 
    0.0001944 
    0.0001933 
    0.0001922 
    0.0001910 
    0.0001900 
    0.0001889 
    0.0001878 
    0.0004258 
    0.0004373 
    0.0004492 
    0.0004615 
    0.0004741 
    0.0004870 
    0.0005000 
    0.0004962 
    0.0004831 
    0.0004702 
    0.0004576 
    0.0004453 
    0.0004334 
    0.0004220 
    0.0000564 
    0.0000560 
    0.0001062 
    0.0001153 
    0.0000561 
    0.0000532 
    0.0001172 
    0.0000917 
   -0.0000895 
    0.0001451 
    0.0001487 
    0.0000939 
    0.0000945 
   -0.0000899 
    0.0001494 
    0.0001458 
    0.0000952 
    0.0000946 
    0.0001933 
    0.0001868 
    0.0001627 
    0.0001771 
    0.0001622 
    0.0001767 
    0.0001848 
    0.0001861 
    0.0218873 
    0.0218871 
    0.0218868 
    0.0038499 
    0.0006679 
    0.0001158 
    0.0000201 
    0.0000035 
    0.0000006 
    0.0000001 
    0.0000000 
    0.0000000 
    0.0000000 
    0.0000000 
    0.0000000 
    0.0000000 
    0.0000000 
    0.0000000 
    0.0000000 
    0.0000000 
    0.0000000 
    0.0000000 
    0.0000000 
    0.0000000 
    0.0000000 
    0.0000001 
    0.0000006 
    0.0000035 
    0.0000201 
    0.0001158 
    0.0006679 
    0.0038500 
    0.0218877 
    0.0218875 
    0.0218872 
   -0.0460289 
   -0.0460269 
   -0.0239654 
   -0.0117330 
   -0.0110762 
   -0.0575809 
   -0.0255413 
   -0.0236551 
   -0.0255196 
   -0.0376832 
   -0.0328905 
   -0.0274659 
    0.0001203 
    0.0001548 
    0.0001693 
    0.0001365 
    0.0002362 
    0.0001581 
    0.0130780 
    0.0130775 
    0.0130763 
    0.0130763 
    0.0130767 
    0.0130735 
    0.0130740 
    0.0130740 
    0.0130740 
    0.0130740 
    0.0249580 
    0.0249538 
    0.0245327 
    0.0245287 
    0.0245197 
    0.0245158 
    0.0245194 
    0.0245154 
    0.0245193 
    0.0245154 
    0.0245193 
    0.0245154 
    0.0245193 
    0.0245154 
    0.0245194 
    0.0245154 
    0.0245194 
    0.0245154 
    0.0245194 
    0.0245154 
    0.0245194 
    0.0245154 
    0.0245194 
    0.0245154 
    0.0245194 
    0.0245154 
    0.0245194 
    0.0245154 
    0.0245194 
    0.0245154 
    0.0245194 
    0.0245154 
    0.0245194 
    0.0245154 
    0.0245194 
    0.0245154 
    0.0245194 
    0.0245154 
    0.0245194 
    0.0245154 
    0.0245194 
    0.0245154 
    0.0245194 
    0.0245155 
    0.0245194 
    0.0245155 
    0.0245194 
    0.0245155 
    0.0245194 
    0.0245155 
    0.0245194 
    0.0245155 
    0.0245194 
    0.0245155 
    0.0245198 
    0.0245159 
    0.0245328 
    0.0245288 
    0.0249582 
    0.0249539 


  -0.038751656966802   -0.007079851919940    0.007041668139359    0.034041549344028   -0.020032879039234    0.006418658936904 
  -0.039061276379513   -0.008369450897718    0.002458463353388    0.029105576820369   -0.027574901649433    0.001191266479938 
  -0.037972722706349   -0.006898292395972    0.002610036923034    0.034820483604481   -0.019851319515267    0.001987027720579 
  -0.032063832911991   -0.024153927132097   -0.000722472235311    0.038174666805611   -0.008541048808232   -0.003175234145718 
  -0.035336033566865   -0.018093045907732   -0.005020583727770    0.038605367459283   -0.008210790514648   -0.006600125811168 
  -0.035174270011170   -0.019340203870241   -0.001455976889999    0.038767131014978   -0.009457948477157   -0.003035518973396 
  -0.026154704475755   -0.026658241138573   -0.014362154264690    0.039296761074809    0.008041828440795   -0.000844701384106 
  -0.022125868548380   -0.007822607386796   -0.016092207029921    0.036729857579537    0.016139508600270   -0.000000135998287 
  -0.019831848080557   -0.025019513948447   -0.016719277437409    0.037859748257718    0.007669390443039   -0.000308991572125 
  -0.036157425614207    0.017384145512101   -0.000000512676978    0.018760139440106   -0.016479353061202    0.017872570284907 
  -0.039034028076746    0.009271919880089    0.000001631571348    0.028825566765638   -0.023595442329730    0.014599062177889 
  -0.037176344866740    0.009482636409098   -0.000462320429609    0.017679467505601   -0.024859741503781    0.017382774183632 
  -0.035453990100606   -0.011329512816990    0.002190100909261    0.023334008028605   -0.032428829414324    0.002253048453049 
  -0.037439799144136   -0.013842525390975    0.002985123985014    0.036903703159390   -0.015256576825429   -0.003179609231264 
  -0.025559508019746   -0.030659154704144   -0.002776279530340    0.032998784064153   -0.009143424701474   -0.001968754324825 
  -0.029699776136049   -0.026891249867249    0.001671303364463    0.033604676959222   -0.009694825409312   -0.002619620114308 
  -0.013588869313792   -0.015663223133638   -0.016608058297314    0.028192858344950    0.023980124347112    0.000515715269106 
  -0.018920480759803   -0.007803424427589   -0.017017132616501    0.021485347170936    0.033868258203110    0.000001073383677 
  -0.019407128931718    0.035100608133857   -0.000000429171669    0.015774586879738   -0.014953400178624    0.017685052480597 
  -0.027076057799756    0.024379833781442    0.000103998509203    0.009678771625656   -0.023475041330543    0.017768059098726 
  -0.038114922247543   -0.011722877146928   -0.003144990720063    0.036099208531920   -0.015576511448870    0.000927119053342 
  -0.036646137028949   -0.014169175940763   -0.001258305560437    0.037653379435570   -0.012926197700778    0.003891331798449 
  -0.036383769502417   -0.013828542083036   -0.000777628608113    0.035847673517671   -0.015270560133367    0.000583143361862 
  -0.034974297822255    0.012153292801263   -0.014678606544558    0.037539164233387    0.013911540974258   -0.002337452688266 
  -0.036289007882551    0.012519523641615   -0.011230813157866    0.035201901903972    0.014562618023773    0.003791957776964 
  -0.033845276096501    0.018374330363429   -0.003883421542353    0.035940853384083    0.008938290208523    0.010907122351964 
  -0.037511272473821    0.013788466288729    0.002939568857210    0.033878730421841    0.006358741666504    0.014745054451719 
  -0.033860503695684    0.020603807682059   -0.005428686697495    0.035886864623345    0.016842800701847    0.005428454983736 
  -0.038241812302874   -0.010312658209431   -0.002361079503335    0.036226098587251   -0.016986730386367    0.000143207836615 
  -0.037864078459077   -0.008177860150410   -0.001875676436635    0.037737033962438   -0.008447538150286    0.002084820103418 
  -0.036847995423842   -0.015610590243207   -0.000092229689583    0.037855237830462   -0.011484783398334    0.002725255927595 
  -0.038045167646789   -0.009749943783542   -0.001616244253416    0.037555944774725   -0.010019621783417    0.002344252286637 
  -0.037904753245077    0.011476579573118   -0.005704869996187    0.036817647266497    0.015605562092269   -0.001733985384715 
  -0.037590979621699    0.009145816380258   -0.004473182759989    0.038072741760007    0.006282509320826    0.003192763560076 
  -0.036195750429906    0.016991758537306    0.001683007237683    0.038291327717488    0.010320862034646    0.005340693571927 
  -0.037764608075656    0.011914972613002   -0.003661339410078    0.037899113306051    0.009051665553570    0.004004606909987 
  -0.038900081059021   -0.006851282550230   -0.001473817786627    0.038773036562382   -0.009774115750466    0.001682961453411 
  -0.038977177119832   -0.006479165396693   -0.001417130993322    0.038464652319136   -0.008285647136319    0.001909708626634 
  -0.038823136667874   -0.008104775440294   -0.001293273500013    0.039045861234021   -0.007280957759800    0.002051993000005 
  -0.038965526155516   -0.008981541913667   -0.001299415793368    0.038476303283452   -0.010788023653293    0.002027423826588 
  -0.038693617881794    0.007302254010295   -0.002312842849965    0.039175380020102    0.008126071690788    0.001032423650053 
  -0.038939774589275    0.006867242516749   -0.002307848436644    0.038190753190178    0.006386025716603    0.001052401303338 
  -0.038317147993878    0.009910055349995   -0.001576314620018    0.039355969627524    0.006987222149759    0.001580464620020 
  -0.038498011274528    0.010723927483359   -0.001508491120037    0.038632516504924    0.010242710683213    0.001851758619946 
  -0.039236201150167   -0.004969986733178   -0.001646616183344    0.038723676349470   -0.009794825799835    0.002139193816656 
  -0.039236201150167   -0.004969986733178   -0.001646616183344    0.038771010682725   -0.005635646533165    0.002495394883300 
  -0.038892243633372   -0.007360036700053   -0.001691645783327    0.039774333700287   -0.002537904733053    0.001792096750006 
  -0.038892243633372   -0.007360036700053   -0.001691645783327    0.039114968199520   -0.008025696500041    0.002450365283318 
  -0.039707799366378    0.004215568133176   -0.002369594833319    0.038958777967281    0.009037700100176    0.001114147700014 
  -0.038460527932996    0.010861058283206   -0.001890829999999    0.039499349566642    0.006036219216549    0.001894980000001 
  -0.039707799366378    0.004215568133176   -0.002369594833319    0.039499349566642    0.006036219216549    0.001894980000001 
  -0.039055216223930   -0.006241778181053    0.006106765026238    0.035162743845437   -0.018405867704294    0.005145508050051 
  -0.039251538155596   -0.007422462611352    0.002406530423779    0.032605333870548   -0.023414533460265    0.000833907349978 
  -0.038695988027778   -0.006521761122959    0.002550381270277    0.035521972041588   -0.018685850646200    0.001589124294090 
  -0.031091121691532   -0.025371071529927   -0.000496354705910    0.038673569488467   -0.005438393756395   -0.002647067210953 
  -0.035121794294544   -0.018647210143931   -0.004525131885547    0.039239051647661   -0.005448685238699   -0.005668535076096 
  -0.034951891691785   -0.019714383120554   -0.001342494530085    0.039408954250420   -0.006515858215323   -0.002485897720634 
  -0.029095154005494   -0.024646223523809   -0.012137860787615    0.039399429520205    0.007519294027993   -0.000875314161807 
  -0.022882064148237   -0.017455818581032   -0.014811700898856    0.037297127364243    0.014781402310844   -0.000000176039915 
  -0.021923149656525   -0.029815039377217   -0.015183253353524    0.037769428531802    0.008694024903768   -0.000183179487737 
  -0.036689104272578    0.016231988782183   -0.000000472146027    0.021652768478588   -0.017045524143772    0.014771374967724 
  -0.039194134704456    0.008569365648609    0.000085577380213    0.028442590494117   -0.024816173449131    0.013269454971823 
  -0.037856193967854    0.008619839393666   -0.000140066796968    0.020414946074506   -0.025119015919472    0.014623320034908 
  -0.036773904789978   -0.009685442094036    0.002279831196877    0.028682873486442   -0.027855248775759    0.001665049571175 
  -0.038113240930719   -0.011863835394112    0.002914210005728    0.037835003781509   -0.012969561225237   -0.002669872289303 
  -0.023617125997924   -0.032239709067856   -0.002091870951639    0.032847932011584   -0.005267466063319   -0.001734903555846 
  -0.027874543171891   -0.028728650016067    0.002191165474327    0.033470968671189   -0.005781279583093   -0.002361689374280 
  -0.012151932174398   -0.027719271419095   -0.014923471744269    0.026566995390404    0.025044855148907    0.000111594805497 
  -0.016265110766058   -0.020663013678887   -0.015011072445743    0.021392351355734    0.033922082628524    0.000001387471384 
  -0.024938476925943    0.031420985228245   -0.000000926359317    0.021633145771564   -0.013195757893657    0.014171310153199 
  -0.031474322368012    0.020813674583232    0.000333648527609    0.016437986574022   -0.021627209944821    0.014437254294089 
  -0.037254942428653   -0.005392465285058   -0.000439225339168    0.036736780617591   -0.013721658548456    0.001577789553556 
  -0.037050642288885   -0.012989702275510   -0.001306249213591    0.037221885813781   -0.006516118867225    0.000496344999459 
  -0.036974230574287   -0.012084014444486   -0.001485470341785    0.036695993425076   -0.012749382174864    0.001729808058210 
  -0.033248022727852    0.001831054722401   -0.012361036890827    0.038375263317528    0.011428014227236   -0.002648648083532 
  -0.035186342037361    0.004018437369173   -0.009596292254415    0.034929362322846    0.015316694488164    0.002266453492312 
  -0.035190747199714    0.014177569325692   -0.002338843771991    0.035794645200393    0.005107243793220    0.009340022533838 
  -0.037692653858951    0.013499434423724    0.002249447448511    0.034387322704572    0.004725792910863    0.011920936345370 
  -0.035456275327651    0.018184075979170   -0.003879136523735    0.034853227292252    0.019312131019189    0.003878984595837 
  -0.038939878223353    0.005014741644475    0.007667228731603    0.038651667365260   -0.004914701491303    0.002792125658009 
  -0.039100332886525   -0.008392474854568    0.001163388548497    0.038582171075463   -0.010721648978945   -0.000024824334109 
  -0.038904857733688   -0.007555164579384    0.001254609837634    0.039090406492544   -0.008544642179065    0.000212351026842 
  -0.038899928347488   -0.007506228807541    0.001061457056418    0.039098152671147   -0.008467743106149   -0.000091174783565 
  -0.039367971950119   -0.007116581619314   -0.000071211883507    0.038606714297057   -0.007937225692396   -0.001124602734807 
  -0.038697836804845   -0.006837462127398   -0.002752464242022    0.038972265902872   -0.000224325205852   -0.009017736078936 
  -0.038725582258036   -0.010183524441113    0.000194637502611    0.038896825782933   -0.009322296701622   -0.001004541716743 
  -0.039454866823060   -0.006593349307796    0.000297397534927    0.038543214195575   -0.007554863606404   -0.000855234305056 
  -0.039919903796616   -0.001008371410646   -0.002378330660007    0.038117026482873    0.006081938394707   -0.004232221823781 
  -0.038789680871439    0.009418417256808   -0.002904208856546    0.038532701156924    0.009916714600529   -0.004425629905557 
  -0.038425805049425    0.008214785766091   -0.001004117243800    0.039338426157965    0.007251530695909   -0.000218284366116 
  -0.039331639155259    0.007291813652136    0.000445388151942    0.038441727006495    0.006838039137970    0.000898801878662 
  -0.038134143923170    0.008208588846294    0.004449014185179    0.039784258576236    0.000359495618931    0.004147262591493 
  -0.038368961465220    0.010613899329104    0.004091003256643    0.038972859465900    0.008670913789807    0.002910175505203 
  -0.038636769616562    0.009013513290254   -0.001310611841406    0.039049737812140    0.008344526220442   -0.000637698012626 
  -0.039895297752833   -0.002758090302336    0.001111890881292    0.038379552680038   -0.009677429735624    0.004645023814861 
  -0.039342703993370   -0.006453072804341    0.003290002240489    0.038821021880086   -0.008512841869817    0.004577973616650 
  -0.038997345307351   -0.006794710819466   -0.002602654937765    0.039024174059626   -0.008713805419297    0.001111704495582 
  -0.039733241512854   -0.001729792145392    0.000823528406497    0.038732263344217   -0.007439368887388    0.004017411326615 
  -0.038768750150113   -0.004273464931723   -0.003541503146510    0.039725758947240   -0.002317862934913   -0.000564972987155 
  -0.038319865599665   -0.010039809453125   -0.005551675018151    0.039827778173267   -0.003628395909357   -0.001021830275564 
  -0.038313090442413   -0.009718068048595   -0.005990914310042    0.039831763560107   -0.003439136249113   -0.001280206343981 
  -0.039170791369849   -0.007566956620401   -0.002914348343304    0.038850727997128   -0.009486051220232    0.000800011090043 
  -0.039302857165810    0.003108533263673   -0.002825577035505    0.038841996836710    0.009387465063155    0.001885130930557 
  -0.039482971940198    0.003777826258557   -0.002729117026700    0.038449982300826    0.010844161681478    0.002095073317080 
  -0.039562139077067    0.004033135559329   -0.002707617945559    0.037918431463633    0.012558381469332    0.002239424307042 
  -0.038078015517507    0.012115269661035   -0.001967484566308    0.039769407146722    0.003810100725066    0.002389862361325 
  -0.039654677584402    0.004517095389029   -0.002713226939407    0.039676662270157    0.003363149060680    0.002345995139684 
  -0.038703891960731    0.010086019098283   -0.000760599658715    0.039570958472140    0.003166679664995    0.002772533274854 
  -0.034458490327429    0.000613428926699    0.006102710469389    0.033035714807798    0.005203786634607    0.007573506467774 
  -0.034521309567127    0.000201382920697    0.005765609387023    0.033794759306166    0.001126979024473    0.005875865786087 
  -0.034777886609390   -0.001246573907993    0.003735952498076    0.033916530329185   -0.008642634406709    0.000292123000254 
  -0.034521309567127    0.000201382920697    0.005765609387023    0.034173107371449   -0.007194677578019    0.002321779889202 
  -0.034777886609390   -0.001246573907993    0.003735952498076    0.033480975935811   -0.003507632997260    0.003092088296437 
  -0.033718002576040   -0.009284759090532    0.001378295397961    0.033916530329185   -0.008642634406709    0.000292123000254 
  -0.034458490327429    0.000613428926699    0.006102710469389    0.034154261599540   -0.007318291379820    0.002220649564492 
  -0.033940858129677   -0.001537483122931    0.005737078732860    0.033620623874931    0.001648638837561    0.005884424982336 
  -0.033758088597009   -0.009155733688233    0.001289982846722    0.032825594288672    0.008134535419086    0.009017324754574 
  -0.033758088597009   -0.009155733688233    0.001289982846722    0.032748140106641   -0.006822746484071    0.004018395643603 
  -0.033159983438088   -0.011153942240919    0.001298888823775    0.032568708558965   -0.006223283918266    0.004015723850487 
  -0.033251165861554   -0.010858221332079    0.001321132207539    0.033255062842096   -0.008525234127917    0.004049545004420 
  -0.033228403193208   -0.010024447569054    0.001453118991563    0.032796774409365   -0.009988266157815    0.003501623291196 
  -0.033251165861554   -0.010858221332079    0.001321132207539    0.032796774409365   -0.009988266157815    0.003501623291196 
  -0.034372961772772   -0.006483761905244    0.001257139300577    0.033885900772430   -0.008744820994511    0.000613275098938 
  -0.034372961772772   -0.006483761905244    0.001257139300577    0.033500858288892   -0.009616104390507    0.003198799397390 
  -0.033767433752621   -0.009188860967757    0.000770546691021    0.032926498890163   -0.009497798077302    0.007117461190296 
  -0.033160358724996   -0.010514893675720    0.003852218736909    0.032926498890163   -0.009497798077302    0.007117461190296 
  -0.034340816293172   -0.006773868504311   -0.000366654798081    0.032889724324826   -0.009301738111471    0.007536279008657 
  -0.033767433752621   -0.009188860967757    0.000770546691021    0.033500858288892   -0.009616104390507    0.003198799397390 
  -0.034013229199417   -0.008097990705167    0.001621292298051    0.033255062842096   -0.008525234127917    0.004049545004420 
  -0.034340816293172   -0.006773868504311   -0.000366654798081    0.033533003768491   -0.009906210989574    0.001575005298731 
  -0.032924058885004   -0.010567913338721    0.002909966618954    0.032138832756857   -0.009321065867297    0.010258301583481 
  -0.034013229199417   -0.008097990705167    0.001621292298051    0.033480975935811   -0.003507632997260    0.003092088296437 
  -0.033721010685309   -0.009328521193703    0.000986326699382    0.033885900772430   -0.008744820994511    0.000613275098938 
  -0.033704347566103   -0.009196382285026    0.001397184357069    0.033910512851659   -0.008692291712142    0.000232772142716 
  -0.033718531554867   -0.009268289928019    0.001472327882726    0.033917059308011   -0.008659103569223    0.000198090515490 
  -0.033732284111098   -0.009274540340230    0.001064785042881    0.033873264124999   -0.008796502452414   -0.000210426942867 
  -0.033585069785531   -0.008676199200065    0.001480289929551    0.033805319051661   -0.009072659901721   -0.000402198429023 
  -0.033741912649259   -0.009282459694963    0.000633051699656    0.033543075920653   -0.010001475907960    0.000385299799997 
  -0.033710938533147   -0.009423786112089   -0.000203378799353    0.033543075920653   -0.010001475907960    0.000385299799997 
  -0.033710938533147   -0.009423786112089   -0.000203378799353    0.033374653113560   -0.010049541716710    0.003188654905320 
  -0.033718002576040   -0.009284759090532    0.001378295397961    0.033882892663161   -0.008788583097682    0.000221306400358 
  -0.033748203547162   -0.009287660197911   -0.000280997300354    0.033536785022750   -0.010006676410909   -0.000528749200012 
  -0.034113582583548   -0.007806788870432    0.000752614184398    0.033100635320971   -0.007913446128877   -0.001372432755893 
  -0.034342864442774   -0.006811989197294   -0.000097589341481    0.033530512714333   -0.009993965694657   -0.000910147800438 
  -0.033748203547162   -0.009287660197911   -0.000280997300354    0.033514710356428   -0.010091487588345    0.000489883101845 
  -0.034323727242867   -0.006857419191951    0.000085808232252    0.033477885414590   -0.009869033209352   -0.001414491128203 
  -0.034302367763223   -0.006981847804533   -0.000049623799654    0.033481445327864   -0.009889771311449   -0.001437063133520 
  -0.034272182475104   -0.007045614222421    0.000445820164077    0.033536785022750   -0.010006676410909   -0.000528749200012 
  -0.034302367763223   -0.006981847804533   -0.000049623799654    0.033530540921396   -0.010013433799332   -0.000780183500559 
  -0.033741912649259   -0.009282459694963    0.000633051699656    0.033882892663161   -0.008788583097682    0.000221306400358 
  -0.033721010685309   -0.009328521193703    0.000986326699382    0.033533003768491   -0.009906210989574    0.001575005298731 
  -0.033804208317957   -0.008992801001925    0.001189364509382    0.032889724324826   -0.009301738111471    0.007536279008657 
  -0.033855887504438   -0.007521672109550   -0.004714278901419    0.033374653113560   -0.010049541716710    0.003188654905320 
  -0.033855887504438   -0.007521672109550   -0.004714278901419    0.032760589499122   -0.007351659192229    0.009887122706516 
  -0.033368978598372   -0.007614216329377    0.000929539295507    0.032760589499122   -0.007351659192229    0.009887122706516 
  -0.033265871559315   -0.007411000356086    0.000751556474613    0.032416899368935   -0.008029045769866    0.010480398776161 
  -0.033804208317957   -0.008992801001925    0.001189364509382    0.032138832756857   -0.009321065867297    0.010258301583481 
  -0.032811734576887   -0.007655345404235   -0.009479353920221    0.033804742426673   -0.007485332486914    0.005122047687713 
  -0.033732372982195   -0.009209606408899   -0.001551063902758    0.033530540921396   -0.010013433799332   -0.000780183500559 
  -0.033732372982195   -0.009209606408899   -0.001551063902758    0.034317221322993   -0.006872044518498    0.000686418493363 
  -0.033058402393959   -0.008852444015308   -0.007337779797177    0.034317221322993   -0.006872044518498    0.000686418493363 
  -0.033058402393959   -0.008852444015308   -0.007337779797177    0.033795750756752   -0.009101093293368    0.000180573817222 
  -0.033684802827025   -0.008901758980730   -0.003334159492307    0.033859687306068   -0.008872288192603   -0.000358698900929 
  -0.033684802827025   -0.008901758980730   -0.003334159492307    0.034364791478163   -0.006564197090329   -0.001096677096186 
  -0.033570881290279   -0.009465731983724   -0.002902150602827    0.033804742426673   -0.007485332486914    0.005122047687713 
  -0.033926151649376   -0.003020808405471   -0.002427791301606    0.034364791478163   -0.006564197090329   -0.001096677096186 
  -0.032811734576887   -0.007655345404235   -0.009479353920221    0.033795750756752   -0.009101093293368    0.000180573817222 
  -0.033570881290279   -0.009465731983724   -0.002902150602827    0.033514710356428   -0.010091487588345    0.000489883101845 
  -0.032994465844644   -0.008623638914543   -0.007877052515329    0.033859687306068   -0.008872288192603   -0.000358698900929 
  -0.032443710619866   -0.008458873306469   -0.007818216889718    0.033690531283872   -0.007952641996790   -0.005169651190745 
  -0.033000928405941   -0.010184261878066   -0.005676567363261    0.033272617944315   -0.009246683425487   -0.003563414045902 
  -0.032995337272038   -0.010121106838111   -0.004764258967159    0.033260503820858   -0.009383519345389   -0.005540082237457 
  -0.033631769165316   -0.008551043398673   -0.004560830796090    0.033912720967777   -0.008521572610546   -0.001585370204712 
  -0.033631769165316   -0.008551043398673   -0.004560830796090    0.033266155383018   -0.010807306389010   -0.001362928893835 
  -0.033583844247602   -0.008266616501953   -0.005365905091745    0.033221489151396   -0.010991998002475   -0.001209023389321 
  -0.033222536395820   -0.010959907155115   -0.001071600776861    0.033090104478021   -0.010012619583143   -0.002770588594734 
  -0.033583844247602   -0.008266616501953   -0.005365905091745    0.033314080300732   -0.010522879492291   -0.002168003189489 
  -0.032994465844644   -0.008623638914543   -0.007877052515329    0.033266155383018   -0.010807306389010   -0.001362928893835 
  -0.032830868145767    0.007114694875641   -0.009825806488740    0.033314080300732   -0.010522879492291   -0.002168003189489 
  -0.032218449633461   -0.008163224682744   -0.010980292298972    0.033202465813326   -0.008593214014860    0.001681512195973 
  -0.033653719897131    0.001949308004495   -0.007457975599449    0.033912720967777   -0.008521572610546   -0.001585370204712 
  -0.033912746996714   -0.003156984700293   -0.002454743402244    0.034319061365443   -0.003293124116822   -0.005231596911837 
  -0.033912746996714   -0.003156984700293   -0.002454743402244    0.034741035799073   -0.002622625795941   -0.003344880298259 
  -0.034373835069118   -0.003863287604152   -0.005340158206070    0.034279947726668   -0.003328928699800   -0.006230295102085 
  -0.033926151649376   -0.003020808405471   -0.002427791301606    0.034185152720022   -0.003551456200580   -0.006615554502555 
  -0.034302395970286   -0.006962379699858   -0.000179588099533    0.034741035799073   -0.002622625795941   -0.003344880298259 
  -0.034373835069118   -0.003863287604152   -0.005340158206070    0.034086038200097   -0.003690907599125   -0.005607813563315 
  -0.033969431743472   -0.004511419445962   -0.007026093252829    0.034221461608266   -0.003059234018424   -0.006139537544676 
  -0.034130268569078   -0.003769759072178   -0.006776509969953    0.034279947726668   -0.003328928699800   -0.006230295102085 
  -0.034116836453237   -0.003701347138163   -0.006741093696816    0.034226219263305   -0.003602576435859   -0.006371960194631 
  -0.034646399998911   -0.004246778950152   -0.002568870623159    0.034185152720022   -0.003551456200580   -0.006615554502555 
  -0.033999655388975   -0.004353832283902   -0.007076167192626    0.034304576633399   -0.003492598714090   -0.006001834210234 
  -0.034401470594563   -0.002382766341109   -0.003944598038045    0.033205435102630   -0.011007506636749   -0.001112644843010 
  -0.033653719897131    0.001949308004495   -0.007457975599449    0.033613299119410   -0.008644556993692   -0.003029032603776 
  -0.032900855225133    0.005372143582570   -0.009501593877137    0.033594028618197   -0.003552674320007   -0.003464853635899 
  -0.034302395970286   -0.006962379699858   -0.000179588099533    0.033530512714333   -0.009993965694657   -0.000910147800438 
  -0.034848309526704   -0.003147759067593    0.000828944985073    0.032448981943017   -0.009061797548736    0.005196180277491 
  -0.033334695065286   -0.009150187614162    0.000005573462146    0.032903066281442   -0.010862526112707    0.004949168820613 
  -0.033929431553997   -0.008364520610553    0.001971031149091    0.032999109832986   -0.010298481376177    0.005481908841934 
  -0.033223083010373   -0.010093245483694    0.004401978765671    0.032437856960748   -0.009795731733427    0.008766288119937 
  -0.033334695065286   -0.009150187614162    0.000005573462146    0.032404373344274   -0.009512814372567    0.007447366528879 
  -0.033223083058320   -0.010093245638153    0.004401978905217    0.033061171289361   -0.007787764769197    0.006952198900366 
  -0.034683271159713   -0.003518764215825    0.000914663554405    0.032999109832986   -0.010298481376177    0.005481908841934 
  -0.033751591115241   -0.008215582690783    0.004307962799046    0.032902618803579   -0.007224465640890    0.006923994056293 
  -0.033848506569166   -0.007895087978872    0.002268551607177    0.033268859782424   -0.008733705937239    0.006473643702222 
  -0.032367931513343   -0.007696898841729   -0.008609457789431    0.033614752177348   -0.008714616461530   -0.004378410291032 
  -0.033430771551383   -0.009147304470111    0.004880534103361    0.033268859782424   -0.008733705937239    0.006473643702222 
  -0.033386528130446   -0.008997459680700    0.001878044278204    0.033416337852215   -0.008234223305868   -0.003534655714968 
  -0.033537951103110   -0.008662627936975    0.000917241494849    0.033614752177348   -0.008714616461530   -0.004378410291032 
  -0.033350380936239   -0.009109429997574    0.000489923232497    0.032994754938100   -0.009838358007842   -0.002839187035173 
  -0.032875946654682   -0.010060708541904   -0.006556254612105    0.033137085222567   -0.010123741571141   -0.004953040388553 
  -0.033350380936239   -0.009109429997574    0.000489923232497    0.033427182010477   -0.008267814400930   -0.003951092028680 
  -0.032875946654682   -0.010060708541904   -0.006556254612105    0.034551405053040   -0.005126186153428   -0.000747640085651 
  -0.032591368658029   -0.007887750225518   -0.007063293790692    0.032856535180332   -0.011616874007520   -0.003241046383490 
  -0.033171393864950   -0.010075215494021   -0.004817744033788    0.034625845105857   -0.004888980876676   -0.001475871521890 
  -0.032866749725362   -0.009623954487364   -0.007152506491533    0.034554164131836   -0.004995159937066   -0.000926515649479 
  -0.032683122117988   -0.008226497535978   -0.005572028844618    0.032550690181270   -0.012746032198356    0.001729838924139 
  -0.032595396612448   -0.008567576105526   -0.008268248617168    0.032856535180332   -0.011616874007520   -0.003241046383490 
  -0.034616967302073    0.003562577690278    0.001749274009625    0.033521138585866    0.002436802303303   -0.004077783299267 
  -0.034466202930457    0.005782782004134    0.001920251701063    0.033305760912128   -0.000734918145063   -0.004322037144178 
  -0.034466202930457    0.005782782004134    0.001920251701063    0.032348397285966    0.004456140603210   -0.011101000897747 
  -0.034614052195934    0.005174772987088    0.000368835102807    0.033521138585866    0.002436802303303   -0.004077783299267 
  -0.033983229834058    0.004753026553423    0.005323208676658    0.033305760912128   -0.000734918145063   -0.004322037144178 
  -0.034824724655402    0.003495326328977    0.000624960449541    0.032828614074770    0.002212631098969   -0.007825495166215 
  -0.029597165068474    0.008862600121250    0.013817111734825    0.030063048391282   -0.000282275148862   -0.017920262670696 
  -0.030281649502277    0.011035818258302    0.013648655688109    0.029898023005800    0.007590089346408   -0.014499750296339 
  -0.032670694695628    0.009627235204356    0.008063002791651    0.030063048391282   -0.000282275148862   -0.017920262670696 
  -0.033666500895652    0.008266015903013    0.004829166897471    0.032287068199150    0.008998672400354   -0.008914097399881 
  -0.032670694695628    0.009627235204356    0.008063002791651    0.032287068199150    0.008998672400354   -0.008914097399881 
  -0.033028695009517    0.009127786297978    0.007130308800549    0.032924874085285    0.009860442795319   -0.006612955496803 
  -0.033666500895652    0.008266015903013    0.004829166897471    0.033148099320772    0.006939374502089   -0.008192085701339 
  -0.029688539287514    0.011211881477862    0.014764499968515    0.029758467661150    0.007548662706511   -0.014762301891728 
  -0.034270438921907    0.006310344177905    0.003289519550588    0.032348397285966    0.004456140603210   -0.011101000897747 
  -0.034136849302126    0.006722536599092    0.003817808000770    0.033148099320772    0.006939374502089   -0.008192085701339 
  -0.034830175882243    0.003440972230511    0.000513787998579    0.032826978706717    0.002196324869429   -0.007858846901504 
  -0.034614052195934    0.005174772987088    0.000368835102807    0.033625302214580    0.008487138114093   -0.004743112803376 
  -0.033209455071581    0.010804988081781    0.002322037382444    0.034223478515373    0.006379807815261   -0.003680261379879 
  -0.033209455071581    0.010804988081781    0.002322037382444    0.033746519908159    0.008557916811464   -0.003608098486681 
  -0.033088237378001    0.010875766779152    0.003457051699139    0.033625302214580    0.008487138114093   -0.004743112803376 
  -0.034830175882243    0.003440972230511    0.000513787998579    0.033737262272175    0.004170603059880   -0.004222736195039 
  -0.033088237378001    0.010875766779152    0.003457051699139    0.033106477640325    0.009989728398305   -0.005414909306498 
  -0.033955245747086    0.006851822202078    0.005015854191075    0.033106477640325    0.009989728398305   -0.005414909306498 
  -0.033955245747086    0.006851822202078    0.005015854191075    0.033784895004112    0.007917659808886   -0.004572335810441 
  -0.032856468712185    0.010889905190562    0.005190067503253    0.033338246306141    0.010003866809716   -0.003681893502385 
  -0.033269617570988    0.010746378248805    0.001646092924252    0.033502608413544    0.009999264374201   -0.001620860720069 
  -0.033105255463585    0.010741775813290    0.003707125706568    0.033338246306141    0.010003866809716   -0.003681893502385 
  -0.033105255463585    0.010741775813290    0.003707125706568    0.034030475603004    0.007431893701002   -0.003430851702542 
  -0.034209450031037    0.006864989838368    0.002775563996368    0.033220658675529    0.008834847851070   -0.001282019398435 
  -0.032856468712185    0.010889905190562    0.005190067503253    0.033535692064441    0.007748942600917   -0.006361125391466 
  -0.033269617570988    0.010746378248805    0.001646092924252    0.033728471158337    0.008540333861571   -0.003810881824138 
  -0.034136849302126    0.006722536599092    0.003817808000770    0.032924874085285    0.009860442795319   -0.006612955496803 
  -0.033028695009517    0.009127786297978    0.007130308800549    0.033784895004112    0.007917659808886   -0.004572335810441 
  -0.029509604150965    0.009789009119761    0.016074413115008    0.029579869435711    0.008971533092475   -0.016073564578673 
  -0.034204448686756    0.006683104994109    0.003227064610050    0.033535692064441    0.007748942600917   -0.006361125391466 
  -0.034204448686756    0.006683104994109    0.003227064610050    0.032691902092921    0.009809316796211   -0.007755493400494 
  -0.032361685173623    0.010572856290648    0.008120341192176    0.032691902092921    0.009809316796211   -0.007755493400494 
  -0.032361685173623    0.010572856290648    0.008120341192176    0.034030475603004    0.007431893701002   -0.003430851702542 
  -0.030361887470201    0.008567713507960    0.013635571477512    0.028849340876366    0.007924708282359   -0.018164000267955 
  -0.032863463929300    0.010169372405142    0.005291740305582    0.034272267137288    0.006859490292854   -0.001846237103528 
  -0.030052213558858    0.007868389526063    0.014025233871158    0.031376058662604    0.010565460475290   -0.011360982375549 
  -0.030727171647946    0.008044300986993    0.012590575687859    0.030797523157672    0.010716241727516   -0.012590689389805 
  -0.029763877996411    0.007792997733006    0.014640566323275    0.029838268996222    0.010967550038259   -0.014642755453508 
  -0.031352779888721    0.007820482403206    0.011326498803888    0.032862796382233    0.009082090196472   -0.007912786599189 
  -0.031538951278486    0.009351759804881    0.010577038094799    0.032862796382233    0.009082090196472   -0.007912786599189 
  -0.029763119163274    0.007792999656219    0.014639889702599    0.029838919424625    0.010967551686727   -0.014643335414088 
  -0.032220494731058    0.008766154791788    0.008006146505444    0.033514635988058    0.008588220310443   -0.005298796497871 
  -0.031538951278486    0.009351759804881    0.010577038094799    0.033514635988058    0.008588220310443   -0.005298796497871 
  -0.031352779888721    0.007820482403206    0.011326498803888    0.030212957242377    0.010961085158025   -0.013863714026156 
  -0.034208833920053    0.005379291396710    0.003053537499693    0.034157605186300    0.007185002697089   -0.002584390298009 
  -0.032863463929300    0.010169372405142    0.005291740305582    0.034157605186300    0.007185002697089   -0.002584390298009 
  -0.033694474269510    0.003010653805325    0.005775885097900    0.034671964836843    0.004816365105704    0.000137957300198 
  -0.034209450031037    0.006864989838368    0.002775563996368    0.034272883248272    0.005373791851196   -0.001568263600203 
  -0.032847890640897    0.004773690297345    0.009194115285153    0.034681351065314    0.004746401988889    0.000357301786432 
  -0.032868305317283    0.005149868009262    0.009117978332740    0.034768113439957    0.003147646713242    0.000680883834190 
  -0.032676008111056    0.001812431224339    0.010203831400723    0.034671964836843    0.004816365105704    0.000137957300198 
  -0.033694474269510    0.003010653805325    0.005775885097900    0.033730511224570    0.008136417807890   -0.004592434300746 
  -0.034208833920053    0.005379291396710    0.003053537499693    0.034272267137288    0.006859490292854   -0.001846237103528 
  -0.030446036852327   -0.002424610691664    0.017092808497064    0.030532984196398    0.007345169948071   -0.011828545899153 
  -0.032669608173279    0.001751550236359    0.010300835986331    0.034660764945733    0.004922906834669   -0.000031800724616 
  -0.032790023923365   -0.000735877369057    0.010346250316129    0.034634961570715    0.004389886633508   -0.000022069082516 
  -0.032220494731058    0.008766154791788    0.008006146505444    0.033730511224570    0.008136417807890   -0.004592434300746 
  -0.029667896776315    0.010184800528693    0.015484307471830    0.030424096770910    0.006860645578171   -0.012926334481721 
   0.033109864883054   -0.011260832564326    0.001450542363212   -0.034073271959679   -0.003464385864617   -0.003686023791665 
   0.033272942921608   -0.008571677966376    0.000351498273985   -0.034024348548113   -0.002657639485232   -0.004015737018434 
   0.033429561758954   -0.010309638840202    0.001197227147486   -0.033502285756959   -0.008450842397986   -0.001196640773428 
   0.033714446473022   -0.009202027104787   -0.001914420126195   -0.033502285756959   -0.008450842397986   -0.001196640773428 
   0.032608819985203   -0.010893464802287    0.002824943969729   -0.032698544686023   -0.007915208598622   -0.003541854369346 
   0.032748151716072   -0.010360016849301    0.001719951431265   -0.032535991000009   -0.007292852653472   -0.004831012330888 
   0.031264517260395   -0.010015773953955    0.004049012555501   -0.031284232061655   -0.008747595943507   -0.002526443854184 
   0.030406236007374   -0.009522614339809    0.003129684524735   -0.032285560190180   -0.008172243060337   -0.003598993223410 
   0.033630130756733   -0.009505808504132   -0.001913923252328   -0.033719855457552   -0.009302864896777    0.001197012852711 
   0.033649175562845   -0.009457633854424   -0.001196324038353   -0.033719855457552   -0.009302864896777    0.001197012852711 
   0.033536587094330   -0.009611651490046    0.002815346702218   -0.031710245155518   -0.008823368905490   -0.002295131506693 
   0.033686243650420   -0.009497565184622   -0.000226445681320   -0.033705958451680   -0.009265804712841    0.001749014382637 
   0.033673945587302   -0.009496900422102   -0.000577646888827   -0.033746951995406   -0.009263588837774    0.000578343690947 
   0.033263316989920   -0.010824945457157    0.001176114507236   -0.033746951995406   -0.009263588837774    0.000578343690947 
   0.034478322363087   -0.005646342593530    0.002092732464013   -0.033330556108596   -0.010600310510708   -0.001388239460369 
   0.034173391419495   -0.004477239694394    0.002228355050473   -0.033623847551311   -0.009663474311738   -0.001113517461425 
   0.033357818197633   -0.010518471226492    0.000771400044312   -0.033431947969696   -0.008242008068892   -0.000770704518798 
   0.034184922740998   -0.004556092097475    0.002249861939348   -0.033672855667699   -0.009328351598644   -0.001204921739144 
   0.032470443889270   -0.010374811751305    0.003384997318829   -0.032954078894755   -0.009713722543625   -0.001630539120647 
   0.033634299858494   -0.009494690448951   -0.001748322793350   -0.033705958451680   -0.009265804712841    0.001749014382637 
   0.032154160829682    0.001167671302574   -0.006448315454437   -0.033574531167372   -0.003762987020079   -0.009165150481149 
   0.032258597491318    0.001454933227073   -0.007033689099175   -0.033922653372827   -0.004720526768408   -0.007213904998690 
   0.032661036171224    0.012569744067938    0.000513437681897   -0.033922653372827   -0.004720526768408   -0.007213904998690 
   0.032904865720098    0.010226447456280   -0.000755330051502   -0.034735418183544    0.003090458552360   -0.002984681053357 
   0.032181400470455    0.002492096997355   -0.007278840205674   -0.033999850393690   -0.003683362998126   -0.007459056105189 
   0.028672664311178    0.007676692117245   -0.018546258289027   -0.032530082211821   -0.005715693264480   -0.005535767630772 
   0.029162587038468    0.006999248695126   -0.017905162130888   -0.033999850393690   -0.003683362998126   -0.007459056105189 
   0.029897279429436    0.005983189795175   -0.016943412977963   -0.033448831100463   -0.004445407173090   -0.006737744240496 
   0.032181400470455    0.002492096997355   -0.007278840205674   -0.034233556740082   -0.003044277504058   -0.006623476806854 
   0.033406727163560    0.004091711399862   -0.004394125805000   -0.034233556740082   -0.003044277504058   -0.006623476806854 
   0.033852872572395   -0.004112760989888   -0.006771496910824   -0.034653880657957    0.000662118701164   -0.003302166444348 
   0.033406727163560    0.004091711399862   -0.004394125805000   -0.034777125192554    0.002928546554657   -0.002645434379643 
   0.033757526966825   -0.001262522802833   -0.004981703272627   -0.034558535074861   -0.002188118814049   -0.005091959660665 
   0.033608817182761    0.001511715779659   -0.006100221130624   -0.034352847863008   -0.002488018084766   -0.006227291472694 
   0.032422140466269    0.002574836605599   -0.008458130185841   -0.033992816744268   -0.002961537895814   -0.007802766787020 
   0.029944966248293    0.005950941833168   -0.016910421675337   -0.033770717127744   -0.004227733429541   -0.006960435533223 
   0.030167065864816    0.004684746299441   -0.016068090421540   -0.033992816744268   -0.002961537895814   -0.007802766787020 
   0.030215573340046    0.005198642858675   -0.016376114139324   -0.033831576633637   -0.001057112586124   -0.008907649304055 
   0.030167065864816    0.004684746299441   -0.016068090421540   -0.033990799670239   -0.002743948898927   -0.007896578918341 
   0.030185383848083    0.005788074714635   -0.016743435961275   -0.033665534427836   -0.004298987793899   -0.006887379283321 
   0.032422140466269    0.002574836605599   -0.008458130185841   -0.032269368841547   -0.004354566831652   -0.002087449523506 
   0.033877333818230   -0.004841262913214   -0.006866742428362   -0.034735418108739    0.003090457393305   -0.002984681523465 
  -0.034488049346757   -0.001240173786895   -0.005836880148861    0.033855013204092   -0.001141403074714   -0.005467746609762 
  -0.034053743733047    0.002997077343562   -0.007513119335539    0.033553161964146   -0.005627662952078   -0.004681166140505 
  -0.033888125127626    0.002767587652771   -0.007932059900703    0.033001100185303   -0.004862697647593   -0.003284698195094 
  -0.034397493927600    0.000105704826252   -0.006072854425130    0.033553161937703   -0.005627663174492   -0.004681166029715 
  -0.034412216844806   -0.002337718754139   -0.005945445216309    0.033778676506932   -0.000885533326600   -0.005058889508156 
  -0.034670657886601   -0.001471461151607   -0.004561242608435    0.033855013204092   -0.001141403074714   -0.005467746609762 
  -0.034371767369319    0.001856186014545   -0.006342257701853    0.033584879217403   -0.002816741493336   -0.005737777408520 
  -0.034420992282610    0.000670986916156   -0.005149891132963    0.033543400355620   -0.003815437200460   -0.004733042106842 
  -0.034407255509683    0.001917930800283   -0.006124730502258    0.033543400355620   -0.003815437200460   -0.004733042106842 
  -0.034407255509683    0.001917930800283   -0.006124730502258    0.032975846617484   -0.003969607000900   -0.003203331595921 
  -0.033913378695445    0.003660678299464   -0.007850693301530    0.032975846617484   -0.003969607000900   -0.003203331595921 
  -0.031972739405303    0.004310888875673   -0.004214025308822    0.027930974972628   -0.005691928926650   -0.020309407071008 
  -0.033185862374007    0.003904460210162   -0.006486819459559    0.029547876497926   -0.005150149520316   -0.017278685950809 
  -0.033913378695445    0.003660678299464   -0.007850693301530    0.028577854736009   -0.005475192067913   -0.019097184406771 
  -0.033920486198582    0.002845843999577   -0.008150612399707    0.033462615928585   -0.003041693801606   -0.005229213493371 
  -0.033936467855493    0.002657093886153   -0.008152920797475    0.033462615928585   -0.003041693801606   -0.005229213493371 
  -0.031846521559609    0.002300568406078   -0.001175313975269    0.030541726959325   -0.002543417198009   -0.014981050102260 
  -0.032981433116092    0.005126622940809   -0.005986293330204    0.029274495839380   -0.006779823598041   -0.017945605964857 
  -0.033920486198582    0.002845843999577   -0.008150612399707    0.030541726959325   -0.002543417198009   -0.014981050102260 
  -0.034108506804488   -0.003413695333544   -0.007068717195410    0.029479418328180   -0.005227038457249   -0.017748801625728 
  -0.032881552843823    0.005721813906531   -0.005742743001871    0.029502793604566   -0.005419387104963   -0.017388919500096 
  -0.033493776978206    0.004062119462082   -0.009321437939533    0.033001100215637   -0.004862697548014   -0.003284698301969 
  -0.038406813432236    0.000958794490185   -0.001656166749899    0.037941622964793   -0.011564427756528    0.002504945449855 
  -0.037512064216877   -0.013832716490308   -0.001331660941701    0.038394154283792    0.003934775057201    0.001432111908381 
  -0.038538372007667   -0.001653893138488   -0.001446180837433    0.038599415841950    0.001499010386837    0.001455015887527 
  -0.037983631167476   -0.008806304397929   -0.001386303950088    0.037922587333193    0.008961187149580    0.001377468899994 
  -0.038278443098383    0.011387504798219   -0.002317863516536    0.038069993298646   -0.001135717448494    0.001843248683218 
  -0.039503148455782    0.000225108407095    0.000778944241754    0.038502170287145   -0.009394269439875    0.004061995491358 
  -0.038591513078306   -0.010058827233095   -0.003135094317071    0.039548521875433    0.003467499366459   -0.000971381816594 
  -0.039759123177404   -0.002025929442550    0.001990649454195    0.039782043895253    0.001860919808350   -0.001996530570847 
  -0.039081477835794   -0.006680658482677   -0.001078915691913    0.039058557117945    0.006845668116877    0.001084796808565 
  -0.038991667028586    0.008749811148339   -0.001825141524664    0.039013651714341   -0.000869566698631    0.001457909724940 


      367.548 
1 horizontal opening babord				(m):      11.198 
1 horizontal opening tribord				(m):       6.711 
1 ecartement panneaux   				(m):      93.642 
Immersion corde de dos tribord 1			(m):     -99.415 
Immersion corde de dos tribord 2			(m):     -99.513 
Immersion corde de dos babord 1  			(m):     -99.142 
Immersion corde de dos babord 2  			(m):     -99.104 
bottom drag (N)				:            0 
catch drag (N)				:            0 
element drag (N)				:        11254 
surface drag (N)				:         7462 
node drag (N)				:          225 
forces along X Y and Z axes (N)		:  18940.80519     58.45576  -6767.96246 
maximal catch diameter (m) 			:        0.000 
thickness of the catch (m) 			:        0.000 
volume of the catch (m3) 			:       0.0000 
current amplitude (m/s)			:        1.650 
filtered surface (m2) 				:        14.21 
