      1      449.921654504       26.709531295      -99.617356726
      2      455.921133434       24.741969999      -99.389642789
      3      455.144958047       21.896459206      -98.998667899
      4      449.831376706       26.009515073      -99.240351047
      5      449.367765852       16.600182813      -99.265601173
      6      454.947966877       20.366524258      -99.009068273
      7      455.517292402       17.892920385      -99.426274898
      8      449.450932314       15.991899870      -99.616434626
      9      455.986779707       18.020600395     -100.000112231
     10      449.716557852       15.619941321      -99.970601968
     11      450.204205424       27.071922915      -99.971219603
     12      456.441921584       24.607339743     -100.000131007
     13      457.753562117       23.011222103      -99.323715378
     14      457.603840655       19.474881766      -99.454779647
     15      457.798604768       20.168482318     -100.000097435
     16      457.985932423       22.260195201     -100.000103222
     17      461.277516908       21.621398371      -99.178223824
     18      461.255346315       20.955064161      -99.009283702
     19      461.236830724       20.622482394      -99.053175451
     20      461.286226979       21.079832987      -99.537000002
     21      465.188809299       21.304088763      -98.946981566
     22      465.194270288       21.010292457      -98.844890555
     23      465.190308546       20.809451713      -98.965545279
     24      465.197917300       21.039602723      -99.024297499
     25      469.162927736       21.280622227      -98.703766424
     26      469.163730982       21.053992272      -98.730347675
     27      469.164399420       20.825639501      -98.752210167
     28      469.163904052       21.053225993      -98.733367107
     29      471.549750126       21.277315875      -98.597007966
     30      471.549386286       21.045111052      -98.606747553
     31      471.552716108       20.828809718      -98.706166322
     32      449.853749590       72.732999874      -99.641969447
     33      456.011400095       70.875968326      -99.433857471
     34      455.517151422       68.448179751      -99.081173830
     35      449.791335731       72.038841643      -99.296829482
     36      449.835795684       63.187328676      -99.317362102
     37      455.436938494       66.920928188      -99.080582528
     38      456.013845513       64.595810821      -99.442490171
     39      449.924675687       62.618060146      -99.643149949
     40      456.475837157       64.530159981     -100.000109681
     41      450.153332542       62.269487278      -99.956783995
     42      450.155256555       73.138629199      -99.953910409
     43      456.513228999       70.989503457     -100.000125309
     44      458.173804556       69.373849304      -99.407875179
     45      458.118429497       66.185562456      -99.421723694
     46      458.275652191       66.687429577     -100.000090215
     47      458.256589103       68.787418284     -100.000100889
     48      461.819584693       68.090291690      -99.272026363
     49      461.817778973       67.729522947      -99.153441324
     50      461.812947386       67.354759121      -99.188863033
     51      461.823727874       67.667642606      -99.503001709
     52      465.790878380       67.923083926      -99.363885455
     53      465.793107562       67.692878694      -99.247939770
     54      465.790729893       67.450244231      -99.314232370
     55      469.175505024       68.130081127      -99.210062965
     56      471.531018972       67.993543311      -99.110394784
     57      471.504742169       67.694639833      -99.014365755
     58      471.528579209       67.426673990      -99.177281606
     59      469.180449636       67.243373326      -99.205905399
     60      469.164399680       67.680288214      -99.074109700
     61      468.299386540       68.194146183      -99.263694366
     62      468.299059071       67.691819382      -98.977885495
     63      468.299399210       67.182224323      -99.215387022
     64      467.916313440       68.165338157      -99.867107127
     65      467.916294122       67.153414663      -99.818780783
     66      473.107171875       21.064326046      -98.573664830
     67      473.109055988       21.054540855      -98.574519078
     68      473.066867475       67.702294617      -99.054294355
     69      473.067336286       67.692306697      -99.054054699
     70      392.100371614       -1.078833740      -99.496674671
     71      440.096849965       12.890310927      -99.819459026
     72      392.416720468       43.184368837     -100.000033170
     73      440.557875631       29.706565247      -99.832835765
     74      381.355727619       41.693893563      -99.333914154
     75      336.758408205       20.212935756      -92.364443312
     76      380.642807015       -2.838229885      -98.879396851
     77      392.410551033       45.987805417     -100.000033170
     78      440.519945339       59.586918115      -99.838120804
     79      392.385301164       89.297624566      -99.489129204
     80      440.471449684       75.631208760      -99.803702081
     81      380.903789336       91.053078399      -98.878200832
     82      336.661405322       68.709824859      -92.299859025
     83      381.345789819       47.433603702      -99.331750885
     84        0.000000000       40.000000000        0.000000000
     85        0.000000000       47.000000000        0.000000000
     86      381.943177360       -3.690408342      -98.075534045
     87      381.803226898       -3.513579354     -100.002212114
     88      387.736873879       -2.169857473      -99.333353442
     89      382.080446636       91.697692526     -100.002193310
     90      382.219924148       91.882557478      -98.076239716
     91      388.018188973       90.374617979      -99.328297800
     92      386.578657489       44.573090664     -100.000966296
     93      387.552054231       44.343265562     -100.000025371
     94      387.551019545       44.807306429     -100.000025599
     95      467.919709350       68.132400677      -99.860205917
     96      468.296022524       68.160699886      -99.267443491
     97      467.920320490       68.098692440      -99.857662591
     98      468.295441990       68.126901942      -99.266779532
     99      467.920437648       68.064929779      -99.855894170
    100      468.295353237       68.093123791      -99.265337734
    101      467.920468141       68.031160184      -99.854259848
    102      468.295348870       68.059351585      -99.263760597
    103      467.920482657       67.997389484      -99.852648301
    104      468.295358191       68.025580508      -99.262159509
    105      467.920493456       67.963618618      -99.851040219
    106      468.295368939       67.991809651      -99.260553784
    107      467.920502663       67.929847746      -99.849432255
    108      468.295378986       67.958038855      -99.258946771
    109      467.920510647       67.896076895      -99.847823827
    110      468.295387965       67.924268093      -99.257339051
    111      467.920517473       67.862306071      -99.846214835
    112      468.295395812       67.890497359      -99.255730724
    113      467.920523150       67.828535275      -99.844605262
    114      468.295402516       67.856726653      -99.254121809
    115      467.920527681       67.794764506      -99.842995103
    116      468.295408074       67.822955975      -99.252512307
    117      467.920531066       67.760993765      -99.841384360
    118      468.295412486       67.789185324      -99.250902220
    119      467.920533306       67.727223052      -99.839773031
    120      468.295415752       67.755414701      -99.249291548
    121      467.920534401       67.693452367      -99.838161117
    122      468.295417873       67.721644106      -99.247680290
    123      467.920534349       67.659681709      -99.836548618
    124      468.295418848       67.687873539      -99.246068446
    125      467.920533152       67.625911080      -99.834935534
    126      468.295418678       67.654103000      -99.244456018
    127      467.920530810       67.592140479      -99.833321864
    128      468.295417361       67.620332489      -99.242843004
    129      467.920527322       67.558369905      -99.831707609
    130      468.295414899       67.586562006      -99.241229404
    131      467.920522688       67.524599360      -99.830092769
    132      468.295411291       67.552791551      -99.239615219
    133      467.920516909       67.490828843      -99.828477343
    134      468.295406537       67.519021124      -99.238000449
    135      467.920509983       67.457058354      -99.826861333
    136      468.295400638       67.485250725      -99.236385093
    137      467.920501910       67.423287893      -99.825244741
    138      468.295393596       67.451480355      -99.234769148
    139      467.920492678       67.389517460      -99.823627586
    140      468.295385421       67.417710014      -99.233152596
    141      467.920482222       67.355747049      -99.822009966
    142      468.295376178       67.383939707      -99.231535337
    143      467.920470176       67.321976633      -99.820392465
    144      468.295366235       67.350169462      -99.229916790
    145      467.920454411       67.288206053      -99.818778429
    146      468.295357719       67.316399439      -99.228293605
    147      467.920422668       67.254434402      -99.817187171
    148      468.295362893       67.282630575      -99.226646471
    149      467.920304247       67.220656877      -99.815730069
    150      468.295452466       67.248868687      -99.224864040
    151      467.919691771       67.186859702      -99.815049571
    152      468.296033892       67.215161209      -99.222305382
    153      472.328025008       20.903352349      -98.489829624
    154      472.321114384       21.125243767      -98.446298193
    155      472.288800237       67.559355696      -98.930659545
    156      472.299399004       67.792537878      -98.941472472
    157      465.792442714       67.780715438      -99.273278658
    158      465.791444014       67.864659435      -99.323781052
    159      466.478104098       67.934400464      -99.352872170
    160      467.165477530       67.965248098      -99.340722809
    161      467.837882309       68.116838176      -99.265569003
    162      468.307783675       67.998994905      -99.225891623
    163      468.303580228       67.792214382      -99.059698459
    164      468.313042721       67.545410263      -99.149288433
    165      468.307574584       67.330121636      -99.229355568
    166      467.631483035       67.308272739      -99.256353306
    167      466.957296707       67.406363628      -99.313252836
    168      466.271490642       67.437381117      -99.321446620
    169      465.791367953       67.529437965      -99.278980397
    170      465.792266489       67.627030861      -99.257857522
    171      468.076594336       68.054800723      -99.241088628
    172      467.406251187       67.972969772      -99.271632937
    173      467.750316193       67.929111645      -99.224769936
    174      468.083753935       67.858306680      -99.145339956
    175      466.722941894       67.896916670      -99.310422777
    176      467.069646463       67.877146695      -99.266726978
    177      467.413797829       67.832876437      -99.220848568
    178      467.746360155       67.766394216      -99.134304405
    179      468.073156852       67.701303771      -99.027185533
    180      466.033816413       67.871456072      -99.326214992
    181      466.380698024       67.825943264      -99.316102565
    182      466.726476750       67.808291965      -99.264862038
    183      467.071688998       67.759893695      -99.233456918
    184      467.415390674       67.694665897      -99.222704957
    185      467.748446038       67.630049348      -99.136684025
    186      468.085748188       67.536965614      -99.128742456
    187      466.034967522       67.785050171      -99.280070307
    188      466.382239867       67.745015193      -99.262128421
    189      466.728077771       67.694023458      -99.244310522
    190      467.071648497       67.629013363      -99.228341831
    191      467.413922523       67.558010629      -99.210228359
    192      467.751086695       67.464434472      -99.201161663
    193      468.080117184       67.345039272      -99.201309980
    194      466.035747001       67.695883562      -99.255935056
    195      466.381821119       67.643529336      -99.253418603
    196      466.725844409       67.579146652      -99.249148969
    197      467.068910420       67.509895127      -99.244191860
    198      467.406564989       67.417730124      -99.241474850
    199      467.735469837       67.298000506      -99.240114243
    200      466.034554845       67.600600189      -99.263249202
    201      466.380446216       67.548250695      -99.274152362
    202      466.724563325       67.491847237      -99.304187674
    203      467.062776193       67.425466514      -99.306665593
    204      466.034241449       67.508466310      -99.288000016
    205      466.376534049       67.456320117      -99.314875013
    206      469.162612795       68.001302397      -99.151461100
    207      469.161924561       67.824097276      -99.076116064
    208      469.163027184       67.497974520      -99.089570928
    209      469.171537624       67.348587084      -99.150070924
    210      468.731253613       68.129258401      -99.219212225
    211      468.726497675       67.937827572      -99.143152378
    212      468.734351985       67.752025217      -99.015083550
    213      468.733825114       67.575333688      -99.044580316
    214      468.727917567       67.375387290      -99.141466780
    215      466.470313761       67.977829661      -99.393351879
    216      467.147351912       68.045658069      -99.442495230
    217      467.916327982       67.977946259      -99.858129345
    218      467.916334464       67.790554050      -99.849158132
    219      467.916335094       67.603161001      -99.840205378
    220      467.916325723       67.415767241      -99.831266927
    221      467.341735608       67.285177736      -99.475889742
    222      466.671160274       67.368342603      -99.382595663
    223      465.789055446       67.543396812      -99.350494543
    224      465.787591693       67.636349287      -99.383197762
    225      465.786306860       67.733622485      -99.391516430
    226      465.784401275       67.822097520      -99.384005169
    227      467.553363193       67.262952141      -99.597327090
    228      466.912371007       67.393844941      -99.417128290
    229      467.245160962       67.411775449      -99.524039417
    230      467.587365394       67.466987676      -99.572502054
    231      466.236629402       67.463209496      -99.339816736
    232      466.581312339       67.503013977      -99.385744043
    233      466.918060557       67.527186507      -99.477208077
    234      467.262489703       67.580667551      -99.508978656
    235      467.608594110       67.625261589      -99.535887188
    236      466.237568132       67.568912448      -99.385277757
    237      466.580434346       67.612009978      -99.440842112
    238      466.925094329       67.665350708      -99.470299509
    239      467.270780892       67.710237922      -99.501761742
    240      467.608669265       67.793745777      -99.538655586
    241      466.236371782       67.671034976      -99.415388805
    242      466.581208444       67.724402019      -99.442741925
    243      466.926945459       67.769327548      -99.473679339
    244      467.264485228       67.852485077      -99.514406105
    245      467.590513755       67.966510121      -99.571059357
    246      466.235677391       67.772392358      -99.414270027
    247      466.582410973       67.816082713      -99.433543135
    248      466.922757994       67.895569193      -99.452224061
    249      467.252682714       68.006544804      -99.488787507
    250      466.237032915       67.830359785      -99.389924995
    251      466.576967558       67.912966002      -99.400971270
    252      468.299390464       68.006753294      -99.254749388
    253      468.299419571       67.819360355      -99.245803334
    254      468.299434841       67.631967402      -99.236857296
    255      468.299426051       67.444574419      -99.227911346
    256      469.175565225       67.381052023      -99.203231459
    257      469.169543807       67.543007129      -99.215713347
    258      469.171303420       67.744889572      -99.228104677
    259      469.171927956       67.945889141      -99.231632784
    260      468.737248265       68.127960477      -99.247117452
    261      468.737737404       67.941316377      -99.251362757
    262      468.737753849       67.754041125      -99.238560487
    263      468.737780084       67.566399159      -99.233412410
    264      468.734323756       67.367863918      -99.217728640
    265      468.036027345       68.174339275      -99.678542740
    266      468.155735563       68.183341395      -99.489974879
    267      466.712498515       67.977551984      -99.381809286
    268      467.392624346       68.064206150      -99.343151976
    269      467.048642017       68.032362842      -99.399490514
    270      468.056251487       68.164358459      -99.356652880
    271      467.713880010       68.117679757      -99.412697072
    272      467.371612336       68.075254693      -99.472567619
    273      467.663303363       68.119240712      -99.651744639
    274      468.036018732       67.162418905      -99.630222903
    275      468.155737897       67.171422161      -99.441661614
    276      468.060314231       67.203207068      -99.305668500
    277      467.388521885       67.314754918      -99.326101235
    278      467.719032547       67.246678035      -99.370226488
    279      466.710412884       67.388798204      -99.356572421
    280      467.043921825       67.331445059      -99.385083026
    281      467.377753720       67.284326881      -99.438321311
    282      467.674539576       67.240081466      -99.600075363
    283      452.692232138       25.929096893      -99.466767656
    284      455.285723371       23.030155955      -99.141937416
    285      453.715544249       23.311644931      -99.026794673
    286      452.180787184       24.610072893      -99.106391512
    287      451.969773343       25.844441917      -99.362707970
    288      453.673863927       24.807556555      -99.214669007
    289      451.132782526       17.556571258      -99.164161836
    290      452.800766073       18.675476953      -99.073453728
    291      455.194394763       18.842312861      -99.230012489
    292      452.815289497       16.837064868      -99.509268972
    293      453.678846294       17.540998654      -99.338927439
    294      454.218323708       17.073740943     -100.000094253
    295      452.338169637       16.374403542     -100.000085733
    296      452.139242682       26.543830004     -100.000066407
    297      454.038526881       25.898243618     -100.000110996
    298      457.516403144       21.481535030      -99.007542833
    299      457.463418725       20.278492791      -99.123780515
    300      458.469344613       21.774302098      -99.093887657
    301      460.343992965       21.095286601      -98.936790773
    302      458.428077324       20.533808370      -99.057484069
    303      458.659577013       20.074607690      -99.995457897
    304      460.409984005       21.015484376      -99.765845972
    305      458.737692047       22.087639089     -100.000014547
    306      462.744610062       21.113005711      -98.977769355
    307      462.745359682       20.914081788      -99.246746321
    308      467.175405405       21.097989799      -98.834649086
    309      467.176138881       21.020162853      -98.850685477
    310      470.357019366       21.013319005      -98.674907914
    311      470.356762203       21.088595911      -98.666781017
    312      452.674034896       71.992006644      -99.501314343
    313      455.579482733       69.514915270      -99.213418685
    314      453.887356849       69.633845214      -99.111194356
    315      452.210902607       70.751401897      -99.178797690
    316      451.944587125       71.951099111      -99.422370969
    317      453.707675072       71.015788352      -99.290656699
    318      451.606682097       64.132511409      -99.219464847
    319      453.281976858       65.240230807      -99.134569455
    320      455.687143015       65.492193620      -99.268800009
    321      453.305254264       63.501897518      -99.533682296
    322      454.171802653       64.190960650      -99.383831264
    323      454.685948631       63.624477547     -100.000091510
    324      452.789539389       62.970514629     -100.000079336
    325      452.110016568       72.690480028     -100.000057403
    326      454.038117561       72.136893252     -100.000106790
    327      457.961802636       68.186566707      -99.137209687
    328      457.990710334       66.902595014      -99.193904524
    329      458.948268952       68.342242950      -99.206537067
    330      460.838941979       67.790651458      -99.146837736
    331      458.890464423       67.338653163      -99.169288203
    332      459.147494020       66.668157938      -99.821252149
    333      460.883873312       67.648108994      -99.654833036
    334      459.095650294       68.500569487      -99.934304145
    335      463.328912061       67.810110798      -99.199163492
    336      463.323237975       67.580880318      -99.344832683
    337      470.332813842       67.608623974      -99.037235811
    338      470.339231610       67.768071513      -99.181669848
    339      399.018030504        0.693365739      -99.705211445
    340      405.920232826        2.530106245      -99.860280205
    341      412.804520459        4.436554275      -99.959444428
    342      419.668016755        6.418585307     -100.000009678
    343      426.507316377        8.482899779     -100.000003412
    344      433.318559061       10.637214682      -99.943446344
    345      399.355969280       41.486301256     -100.000029126
    346      406.279076891       39.723613816     -100.000029124
    347      413.183851047       37.890497258     -100.000029124
    348      420.067702151       35.980341015     -100.000029116
    349      426.927501064       33.985597791     -100.000009944
    350      433.759333354       31.897627105      -99.953415529
    351      375.092931712       38.363085620      -98.483593562
    352      368.788025654       35.126328043      -97.582663182
    353      362.445006883       31.979356466      -96.632487329
    354      356.067454022       28.918164017      -95.634362688
    355      349.658608244       25.939004047      -94.589530381
    356      343.221377646       23.038357753      -93.499176480
    357      343.121574881       17.136020175      -93.407751508
    358      349.457413029       13.991390274      -94.414831452
    359      355.763721159       10.776587052      -95.384929268
    360      362.038126011        7.489015058      -96.317265137
    361      368.278028163        4.125954943      -97.211025245
    362      374.480615953        0.684539928      -98.065364169
    363      399.342670360       47.715105069     -100.000029126
    364      406.259060754       49.504313039     -100.000029124
    365      413.157721339       51.360637414     -100.000029124
    366      420.036316133       53.289956588     -100.000029115
    367      426.892053647       55.298921744     -100.000008278
    368      433.721470518       57.395069869      -99.953214011
    369      399.309455946       87.550523846      -99.695859496
    370      406.219567290       85.743577413      -99.851419789
    371      413.113510544       83.872285983      -99.953608039
    372      419.988825777       81.931565780     -100.000004270
    373      426.842611212       79.915663847      -99.996767336
    374      433.671513452       77.818025728      -99.932436723
    375      374.677144591       87.648188713      -98.052730040
    376      368.415242945       84.318552171      -97.187823533
    377      362.120702280       81.061495090      -96.284316236
    378      355.795915659       77.874462022      -95.343008019
    379      349.443105253       74.755029180      -94.364671352
    380      343.064303789       71.700881496      -93.350048457
    381      343.136479177       65.917681869      -93.447611303
    382      349.586066305       63.049219178      -94.549737284
    383      356.007453512       60.101016360      -95.605026075
    384      362.397650084       57.069406979      -96.612219838
    385      368.753313748       53.950477951      -97.570001856
    386      375.070742706       50.740035153      -98.476995408
    387      287.733723983       23.625437128      -83.036488695
    388      239.030008515       26.843739163      -72.094505887
    389      190.648867207       29.861791608      -59.751533787
    390      142.578098284       32.679921380      -46.204697875
    391       94.796968080       35.303165849      -31.630774776
    392       47.279964938       37.739782232      -16.184664916
    393       47.277084468       49.481140383      -16.161001756
    394       94.788565730       52.155189719      -31.585117878
    395      142.560880792       55.033369268      -46.140146152
    396      190.618870925       58.124821647      -59.673061581
    397      238.982665301       61.435296754      -72.009449887
    398      287.664057749       64.965592283      -82.955011860
    0.0001479 
    0.0002391 
    0.0021083 
    0.0014775 
    0.0013585 
    0.0284000 
    0.0005524 
    0.0008114 
    0.0006464 
   -0.1161086 
   -0.2772183 
    0.0000287 
    0.0000256 
    0.0000169 
    0.0000004 
    0.0000402 
   -0.0001927 
    0.0000158 
    0.0000268 
    0.0000298 
   -0.2750198 
   -0.3372222 
   -0.3349214 
   -0.3453485 
   -0.3278872 
   -0.3054620 
   -0.3394648 
   -0.3428496 
   -0.3696415 
   -0.3349272 
   -0.3103597 
    0.0001745 
    0.0001726 
    0.0001707 
    0.0001688 
    0.0001669 
    0.0001651 
    0.0001633 
    0.0001590 
    0.0001572 
    0.0001553 
    0.0001534 
    0.0001515 
    0.0001497 
    0.0001479 
    0.0001917 
    0.0001927 
    0.0001938 
    0.0001948 
    0.0001959 
    0.0001971 
    0.0001982 
    0.0002490 
    0.0002479 
    0.0002469 
    0.0002458 
    0.0002448 
    0.0002438 
    0.0002428 
    0.0001788 
   -0.0278304 
    0.0040864 
    0.0034885 
    0.0033570 
    0.0195711 
    0.0003964 
    0.0006275 
    0.0004630 
   -0.1726322 
   -0.3478961 
    0.0000267 
    0.0000235 
    0.0000147 
   -0.0001871 
    0.0000358 
   -0.0004824 
    0.0000119 
    0.0000230 
    0.0000261 
   -0.2575918 
   -0.3323763 
   -0.3302438 
   -0.3405961 
   -0.3189297 
   -0.3015960 
   -0.3309720 
   -0.3278403 
   -0.3417338 
   -0.3214882 
   -0.3024783 
    0.0001711 
    0.0001693 
    0.0001674 
    0.0001655 
    0.0001636 
    0.0001618 
    0.0001600 
    0.0001827 
    0.0001807 
    0.0001788 
    0.0001770 
    0.0001751 
    0.0001733 
    0.0001714 
    0.0002489 
    0.0002499 
    0.0002510 
    0.0002520 
    0.0002531 
    0.0002541 
    0.0002552 
    0.0001921 
    0.0001909 
    0.0001898 
    0.0001887 
    0.0001876 
    0.0001866 
    0.0001855 
    0.0004153 
    0.0004268 
    0.0004387 
    0.0004510 
    0.0004636 
    0.0004765 
    0.0004896 
    0.0004915 
    0.0004784 
    0.0004656 
    0.0004530 
    0.0004407 
    0.0004288 
    0.0004173 
    0.0000582 
    0.0000620 
    0.0000961 
    0.0001115 
    0.0000608 
    0.0000625 
    0.0000989 
    0.0000852 
   -0.0000873 
    0.0001415 
    0.0001445 
    0.0000895 
    0.0000898 
   -0.0000895 
    0.0001484 
    0.0001450 
    0.0000940 
    0.0000935 
    0.0001907 
    0.0001845 
    0.0001608 
    0.0001729 
    0.0001604 
    0.0001725 
    0.0001758 
    0.0001839 
    0.0218852 
    0.0218849 
    0.0218846 
    0.0038495 
    0.0006678 
    0.0001158 
    0.0000201 
    0.0000035 
    0.0000006 
    0.0000001 
    0.0000000 
    0.0000000 
    0.0000000 
    0.0000000 
    0.0000000 
   -0.0000000 
   -0.0000000 
    0.0000000 
    0.0000000 
    0.0000000 
    0.0000000 
    0.0000000 
    0.0000000 
    0.0000000 
    0.0000000 
    0.0000001 
    0.0000006 
    0.0000035 
    0.0000201 
    0.0001158 
    0.0006679 
    0.0038498 
    0.0218869 
    0.0218866 
    0.0218862 
   -0.0460277 
   -0.0460289 
   -0.0179899 
   -0.0168965 
   -0.0094775 
   -0.0450241 
   -0.0183941 
   -0.0192054 
   -0.0233476 
   -0.0272295 
   -0.0328645 
   -0.0294277 
    0.0006685 
    0.0005596 
    0.0001781 
    0.0005717 
    0.0004467 
    0.0001906 
    0.0130768 
    0.0130768 
    0.0130766 
    0.0130767 
    0.0130770 
    0.0130737 
    0.0130743 
    0.0130743 
    0.0130745 
    0.0130745 
    0.0249578 
    0.0249537 
    0.0245325 
    0.0245288 
    0.0245196 
    0.0245159 
    0.0245192 
    0.0245155 
    0.0245192 
    0.0245155 
    0.0245192 
    0.0245155 
    0.0245192 
    0.0245155 
    0.0245192 
    0.0245155 
    0.0245192 
    0.0245155 
    0.0245192 
    0.0245155 
    0.0245192 
    0.0245155 
    0.0245192 
    0.0245155 
    0.0245192 
    0.0245155 
    0.0245192 
    0.0245155 
    0.0245192 
    0.0245155 
    0.0245192 
    0.0245155 
    0.0245192 
    0.0245155 
    0.0245192 
    0.0245155 
    0.0245192 
    0.0245155 
    0.0245192 
    0.0245155 
    0.0245192 
    0.0245155 
    0.0245192 
    0.0245155 
    0.0245192 
    0.0245155 
    0.0245192 
    0.0245155 
    0.0245192 
    0.0245155 
    0.0245192 
    0.0245155 
    0.0245192 
    0.0245155 
    0.0245196 
    0.0245159 
    0.0245325 
    0.0245288 
    0.0249579 
    0.0249538 


  -0.039341816348862   -0.004609924526882    0.005666616676571    0.034667686164114   -0.018039375484240    0.005999633788242 
  -0.037899584498004   -0.009467938395378    0.003707122663572    0.034081811680188   -0.020737707240012    0.002960779259987 
  -0.038305689466014   -0.008294752832783    0.008109692502660    0.034833466465369   -0.018628948013184    0.006390525920416 
  -0.038505674673304   -0.009671988629759    0.004989316437734    0.034550154088375   -0.020580032058900    0.001969993161771 
  -0.039341816348862   -0.004609924526882    0.005666616676571    0.034081811680188   -0.020737707240012    0.002960779259987 
  -0.039572525326566   -0.004612937546705    0.003741914276648    0.026864324066500   -0.029623343333330    0.001212193183349 
  -0.038212016720352   -0.002957209739137    0.004199404866440    0.033666867097570   -0.021344704295491    0.003499646132310 
  -0.032728432548163   -0.005040307529462    0.003651273843534    0.028588275959977   -0.028303714499953    0.000562535480000 
  -0.033539704027446   -0.005661309333404    0.003956995115699    0.026864324066500   -0.029623343333330    0.001212193183349 
  -0.038497232212133   -0.010391029924786    0.003465562225926    0.030695141300122   -0.025968559239990    0.001591936779992 
  -0.031576482411874   -0.024868342720546   -0.000946844926464    0.036505040132038   -0.005615885219383   -0.003472039393563 
  -0.035300333480629   -0.019127768900234   -0.002028786740040    0.038991222740737   -0.007173632389355   -0.005424466889700 
  -0.033359670940172   -0.022378113900107   -0.001814162160009    0.038911793822028   -0.008367573083959   -0.004148410437612 
  -0.030310969379995   -0.026026284140041   -0.002178298999982    0.039807958761400   -0.001897023977569   -0.003594124794054 
  -0.035609898561691   -0.017300047856320   -0.005827969302637    0.038808608640442   -0.006095449950694   -0.007665625043402 
  -0.034080031793388   -0.019090415700032   -0.003908941792892    0.038652463914870   -0.007184001731932   -0.004902531105450 
  -0.033954460905910   -0.020827358566433   -0.004009284934602    0.038093374513911    0.000549529233541   -0.004455765233876 
  -0.030310969379995   -0.026026284140041   -0.002178298999982    0.036960624823515   -0.006032744130401   -0.003915362860030 
  -0.024460655260481   -0.026381832661754   -0.017507543273761    0.037741932159071    0.007783905211341   -0.000200823826290 
  -0.022527972457559   -0.018492904517407   -0.018062107983768    0.038553114485037    0.011095032661660   -0.000433584779449 
  -0.022406827387488   -0.018861646483629   -0.018117375550160    0.037603081421597    0.013986748020655   -0.000000170399670 
  -0.020491466207826   -0.017875728646128   -0.017539440486695    0.036632371122561    0.013487082156573   -0.000293069474913 
  -0.021142231948858   -0.015068097827963   -0.017388650530541    0.035369119978204    0.018937189038893   -0.000000359560025 
  -0.035344039754117    0.018983880516935    0.000000294279431    0.019562580658552   -0.014904175787204    0.018499348690779 
  -0.037985683976367    0.012911727718253    0.000000891780443    0.020677040703576   -0.023500020727593    0.020583476137604 
  -0.038700745163186    0.010561858220850    0.000576936079900    0.020664495838260   -0.023541246285485    0.020593582123337 
  -0.037374577916180    0.008817864128599   -0.000602887402061    0.023247031921415   -0.026937445130100    0.018296031251984 
  -0.036668377225659    0.012186613380013    0.000701723611079    0.018157980309947   -0.022113398508182    0.019243288891012 
  -0.038775247951861   -0.009213604619061    0.003969208175877    0.023304394028708   -0.032465346597385    0.002061879250639 
  -0.036613890528535   -0.016108560661849    0.002911563050023    0.031573700002563   -0.024484160978201    0.002218291673668 
  -0.036334154593599   -0.006691153737012    0.004035735784979    0.031590975133565   -0.023902587722813    0.002287715114994 
  -0.036661669860600   -0.015241272606411    0.000044629532591    0.035601981479260   -0.008819572173883   -0.002369383172593 
  -0.031820752071122   -0.024190111292032   -0.002050061517212    0.037820735466105   -0.012921123238126   -0.003329449903753 
  -0.036551238692928   -0.014835914637275   -0.000014363161409    0.031626459443074   -0.023412459062771   -0.000245646188591 
  -0.027660686804423   -0.028912543919143   -0.000897859000627    0.039222238858276   -0.005081047876340   -0.006129439387463 
  -0.032005836660876   -0.022856300195943   -0.002481192619321    0.036135893426995   -0.000779318186151   -0.007254075968868 
  -0.016800391701879   -0.019061993478560   -0.015491312811356    0.031027279731226    0.022931084689490   -0.001897697279210 
  -0.020889263542005   -0.012899397933989   -0.013982718756150    0.025883215158164    0.030684027471369    0.000000211370889 
  -0.022057297697918    0.033530636312293   -0.000000396928433    0.016099084723627   -0.014273536262588    0.017343674980398 
  -0.027530249108342    0.025074658919736    0.000643863526018    0.011748790012777   -0.020994954190005    0.017855779444193 
  -0.039204496752457   -0.007448900408200    0.003188000440031    0.033917898295686   -0.021013949895977    0.003002554200013 
  -0.038586344133669   -0.010212627010327   -0.002651858212125    0.037526655709941   -0.013848218732401    0.000327104479132 
  -0.038117659138436   -0.011710685166994    0.003453793465766    0.033374479488675   -0.018883057516581    0.002869657687145 
  -0.038117658808957   -0.011710684742774    0.003453793487548    0.037492967040262   -0.013580309939912    0.003141937679972 
  -0.037416962380169   -0.003732080430167    0.003257692180011    0.037492967040262   -0.013580309939912    0.003141937679972 
  -0.038318312819033   -0.011229564619834   -0.002413865919947    0.035576873379259   -0.013532879821141   -0.005400226844681 
  -0.036813086458118   -0.005179370561987    0.005634938182855    0.036285215196160   -0.010685729676272   -0.001612554325716 
  -0.037796845291028   -0.007411629606512   -0.000879547665681    0.037355997886570   -0.000506983893339   -0.000165493977186 
  -0.035297386620133   -0.017384910180390   -0.006449858820711    0.039427442900362   -0.006250705421043   -0.003285408622153 
  -0.038586344195230   -0.010212624997263   -0.002651858367841    0.037141896488820   -0.001266575863712   -0.000646120608280 
  -0.038318312819033   -0.011229564619834   -0.002413865919947    0.037392640047263   -0.013339749907309    0.000208108328284 
  -0.032790168512555   -0.003968187872147   -0.019401945136028    0.037509811416068    0.013978612415993   -0.001112592432016 
  -0.033751477499056    0.021469661429739   -0.000225680041089    0.035313778179322    0.018790966550411    0.000134547040766 
  -0.032241551087263    0.011580222114920   -0.006337884770461    0.037235502703422    0.006204407422460   -0.007644622614799 
  -0.033445839160277    0.021443094260113   -0.004683371500359    0.035008139840543    0.018817533720037    0.004592238500037 
  -0.034041004300318   -0.001548727220126   -0.016549529670001    0.035008139840543    0.018817533720037    0.004592238500037 
  -0.033445839160277    0.021443094260113   -0.004683371500359    0.035804485924658    0.013876080298995    0.011257588117593 
  -0.034249970069595    0.004830779446532   -0.016987188673366    0.035426071379097    0.006058520386721    0.005467556506766 
  -0.034027472492636    0.016360148511816   -0.004237274877738    0.033820089849550   -0.003465734606959    0.012779564830066 
  -0.031262027554253    0.010753664492147    0.003465108610029    0.025303814579962    0.008503435557558    0.013878169441936 
  -0.035880176681526    0.017476666394438    0.002971618978741    0.033317661594936   -0.003162950096418    0.014734519096230 
  -0.029401357620153    0.014372647636137   -0.000003567668227    0.032746494316363    0.022979368133520    0.000003464328913 
  -0.039302282028899   -0.007496377681767    0.000017492733082    0.038774410766941   -0.008368722556492    0.004004891124057 
  -0.039563102875614   -0.005920901860902    0.000327558312379    0.038837007770153   -0.008746836753500    0.003930475385026 
  -0.039134554425061   -0.006160814100030   -0.000969303739281    0.039403389281333   -0.003360359124977    0.000304404352697 
  -0.039600107496233   -0.002878448186996   -0.004867667961202    0.039468049430106   -0.003816243279565    0.000845843827964 
  -0.039702300233645   -0.004878766319905   -0.001273417544307    0.039261452829187   -0.003039847179946    0.000228375901440 
  -0.039387336152192   -0.004977444748468    0.000162074441895    0.039569369117745   -0.004815765451695    0.003240959258010 
  -0.038150628750010    0.006654357833353   -0.010063440482325    0.039326730059511    0.004234941999900   -0.001456191684275 
  -0.039389219253130    0.003302078849432   -0.006196256633960    0.039623991780260    0.005039488956041   -0.002384315807882 
  -0.038174088249109    0.006720599164340   -0.008258994192702    0.039238756937888    0.004483346991101    0.005310481901811 
  -0.039763045473578    0.003947734209804   -0.001842040577398    0.039459445441286    0.004868467123675    0.004419238344130 
  -0.039191729314601    0.008072973363873    0.000933647601873    0.038984346671515    0.004821440540984    0.007608642350455 
  -0.039385570361698    0.003172427080614   -0.004914547258132    0.039639195494563    0.004499273252632    0.002956139924733 
  -0.039750446620999   -0.003652648560013   -0.002617653240048    0.039731922119206   -0.004121979280065    0.002246649599960 
  -0.039675525566325   -0.004431823426658   -0.001813559033312    0.039543467500198   -0.002262868039903   -0.002208265099927 
  -0.039549889153653   -0.005671230920099    0.001156384099946    0.039731922119206   -0.004121979280065    0.002246649599960 
  -0.039750446620999   -0.003652648560013   -0.002617653240048    0.039777221485789   -0.003901683273400    0.001731611539948 
  -0.039713071911097   -0.004168223479976   -0.002479474505683    0.039768745568830   -0.003844467719994    0.001787227734298 
  -0.039753142779369   -0.003687104879918   -0.002523278059955    0.039775424046875   -0.003924654153337    0.001794528326677 
  -0.039765210779834    0.003890467040000   -0.001969506199995    0.039716606700092    0.004214222799983    0.002297196039986 
  -0.039685871633290    0.003915277933356   -0.002441361333333    0.039382271600998    0.004900923400123    0.005018559100064 
  -0.039462981567227    0.003457477533263   -0.004255603373385    0.039716606700092    0.004214222799983    0.002297196039986 
  -0.039765210779834    0.003890467040000   -0.001969506199995    0.039748698512204    0.003695749359945    0.002597608199934 
  -0.039745046705564    0.004123131674330   -0.002070558819991    0.039737322034641    0.003653800954279    0.002793744020017 
  -0.039774829738055    0.003886661880067   -0.001754353739895    0.039742285873390    0.003693212586656    0.002741043173334 
  -0.039758429557865   -0.003680445655643   -0.002438686500128    0.039785204422655   -0.003873886177771    0.001552644800027 
  -0.039770652666574   -0.003739894790490   -0.002129603619071    0.039790093666139   -0.003850106523832    0.001429011647605 
  -0.039708565976187   -0.003463083055669   -0.003376665022055    0.039819560044243   -0.003746961410999    0.000062706055575 
  -0.039749606665981   -0.003639788488977   -0.002380229666613    0.039737478664655   -0.004100372277615    0.002055576766459 
  -0.039774510173561   -0.003774724859987   -0.001853004026687    0.039836046093586   -0.003669050959919   -0.000318209193267 
  -0.039761425289388   -0.003718730455537   -0.002333825188913    0.039783706556893   -0.003893028577718    0.001605075455635 
  -0.039772946545924    0.003878480333277   -0.001800801666768    0.039756434278294    0.003707736066668    0.002428903666707 
  -0.039830929005159    0.003681038785651    0.000124134404700    0.039779627261988    0.003786712685718    0.001658929238120 
  -0.039788838605844    0.003862568666691   -0.001451431193308    0.039771907726868    0.003752356933349    0.002107184073368 
  -0.039832174811697    0.003676138022144    0.000099972877701    0.039782741778331    0.003798964594486    0.001719333055615 
  -0.039783634277281    0.003874252377796   -0.001561743377768    0.039751090412616    0.003705622088927    0.002548432811207 
  -0.039722404160199   -0.002227637980122    0.004298896689183    0.035461166033891   -0.015994437336805    0.005079793030274 
  -0.037800056216269   -0.011077169002416    0.003754844747117    0.035261758940513   -0.018706215179895    0.002634285399901 
  -0.038118348049664   -0.009534808827442    0.007657452136502    0.035717815011576   -0.017163584672376    0.005617161901845 
  -0.038214312182446   -0.010783763723081    0.004917640191956    0.035581865823468   -0.018932937441199    0.001735761647071 
  -0.039722404160199   -0.002227637980122    0.004298896689183    0.035261758940513   -0.018706215179895    0.002634285399901 
  -0.039835141590264   -0.002206509753367    0.003121475486589    0.031196794350063   -0.025014551366538    0.001287300233328 
  -0.039070065882869   -0.001032621878831    0.003453006963945    0.035022172887038   -0.019145111993860    0.002944957620109 
  -0.034429165313196   -0.007661264828454    0.003289144038912    0.032595891459807   -0.023713309260028    0.000600410520068 
  -0.035087563953075   -0.008273614055047    0.003612386256917    0.031196794350063   -0.025014551366538    0.001287300233328 
  -0.038105822234027   -0.011720389910658    0.003528570855367    0.033529084839889   -0.022351133659930    0.001352066679980 
  -0.031690612294197   -0.024716137955912   -0.000793925397063    0.036694702713981   -0.003858553404101   -0.002970424222897 
  -0.035417728260213   -0.018903654660082   -0.001957945100019    0.039302545510351   -0.005693548198696   -0.004908191769432 
  -0.033505895220165   -0.022154387960140   -0.001697907840018    0.039240288840905   -0.006806594845563   -0.003898575162397 
  -0.030306807239892   -0.026024659400081   -0.002300625100055    0.039915704239746   -0.000339540570447   -0.002807909076611 
  -0.035711051125570   -0.017204019281242   -0.005520525039853    0.039129512780144   -0.004690924180280   -0.007009776767999 
  -0.034240636674037   -0.018993392920499   -0.003394581816407    0.038975781917512   -0.005668636631292   -0.004509377793897 
  -0.034055526523306   -0.020748010385705   -0.003635628542989    0.038151601047552    0.002143588377495   -0.003436145990933 
  -0.030306807239892   -0.026024659400081   -0.002300625100055    0.037192872533531   -0.004329621124001   -0.003512836115974 
  -0.026343074995381   -0.025725048864437   -0.015662824740008    0.037775917745847    0.008296405464962   -0.000018877559729 
  -0.023979989995756   -0.020929403023151   -0.017134808788271    0.038767747746898    0.010309225748851   -0.000636696191038 
  -0.023872931715112   -0.021282628408656   -0.017215967130188    0.037928184847079    0.013079258362483   -0.000000243480664 
  -0.021357315218640   -0.022403820750805   -0.016963143061407    0.036653263507188    0.013647481716532   -0.000128375412132 
  -0.021798023728801   -0.020103068073011   -0.016897197489648    0.035797770516876    0.018113648679309   -0.000000363419895 
  -0.036398697616090    0.016873379337314    0.000000272337699    0.021191761132802   -0.020313837853344    0.017159359116082 
  -0.038562019861354    0.011071735520515    0.000000987739738    0.021092605364763   -0.026764381819296    0.019249749402395 
  -0.039095200261243    0.008962983420408    0.000922939880458    0.021083251373204   -0.026801377270269    0.019265923913955 
  -0.038098853580844    0.008134083827147   -0.000634997640939    0.023023505333835   -0.028415550078219    0.016232045741053 
  -0.037823587143659    0.010971736634806    0.000703884160536    0.019680514664169   -0.026573155871155    0.017905614079697 
  -0.039454723596268   -0.005525513444928    0.003999263000529    0.028938474635797   -0.027613170118624    0.001367942298392 
  -0.036135143641393   -0.016997171512815    0.003371000420548    0.033903332039453   -0.021197961378634    0.001364109380459 
  -0.038026565427672   -0.003388119437604    0.004009754136272    0.033786527027804   -0.020357532502479    0.001403555703721 
  -0.036086006427541   -0.017346852161354    0.000841356464013    0.036664160387107   -0.008332581698793   -0.001975253203974 
  -0.032305127144063   -0.023591753242458   -0.001523527982385    0.038397063392035   -0.011194828027633   -0.003059158575240 
  -0.036012192794422   -0.016989656298077    0.000808537055728    0.034006869594797   -0.021191632776750   -0.000793754505706 
  -0.027893039251940   -0.028671339253554   -0.001451636877837    0.039590826664595   -0.003424207879967   -0.004767448079555 
  -0.032536293037529   -0.022235991218775   -0.001733154627022    0.036292739008044    0.001146798336619   -0.004967409196599 
  -0.017265716993764   -0.024529635374428   -0.015745862503047    0.031265463781840    0.022540215980726   -0.001151698406496 
  -0.021680292214595   -0.017949749368729   -0.014830188880986    0.025711643342730    0.030818137084669    0.000000278085774 
  -0.024905144343491    0.031458359614528   -0.000000348857081    0.022782463651160   -0.016421666793746    0.015185623471968 
  -0.032194943998452    0.021163946726876    0.001099649953160    0.016988007515165   -0.024604405242906    0.016059981500621 
  -0.039745336688403   -0.004221630672880    0.002658533631999    0.035361956264187   -0.018521311743951    0.002697495423954 
  -0.035990163466868   -0.017442330068298   -0.000984653021283    0.036568317449560   -0.008237104819026   -0.000149243764034 
  -0.039458652978908   -0.006227051619035    0.002773095633143    0.035218614409439   -0.017518601270874    0.002640214423381 
  -0.039458652771321   -0.006227051100093    0.002773095517445    0.037813460540330   -0.011031829839957    0.001193986619978 
  -0.038519584550332   -0.000476889720883    0.001906779230011    0.037813460540330   -0.011031829839957    0.001193986619978 
  -0.038969551120930   -0.009039965900087   -0.000449009339970    0.039240034411684   -0.007849896364424   -0.000599744865790 
  -0.039182715225994   -0.003395877304638    0.002184091770444    0.039139721891654   -0.005193854672448    0.000639361539111 
  -0.039056935898175   -0.007234132054005   -0.000402456498737    0.038941898112850   -0.001688816183676   -0.000440917525111 
  -0.036006067508012   -0.016964264250371   -0.004003747368808    0.039762513036592   -0.004124926150704   -0.002696815666511 
  -0.035990162954028   -0.017442329463504   -0.000984653093212    0.039773565351940   -0.004457140904896   -0.000598801347342 
  -0.038969551120930   -0.009039965900087   -0.000449009339970    0.038058011336179   -0.012438287071179   -0.000417065615403 
  -0.034414737672243   -0.007124855072036   -0.013314453496055    0.037788659296129    0.013214337176124   -0.001333342352047 
  -0.035329897948709    0.016896087187879   -0.008148380205193    0.034293023429200    0.019752143792180    0.005887340285163 
  -0.033099878663746    0.006432956151666   -0.013678683390273    0.037131229791881    0.006435431564273   -0.001151227404938 
  -0.035764460360222    0.017049209860061   -0.005589422180094    0.034727585840712    0.019599021119998    0.003328382260064 
  -0.035945274399951   -0.003932513100099   -0.010983591190000    0.034727585840712    0.019599021119998    0.003328382260064 
  -0.035764460360222    0.017049209860061   -0.005589422180094    0.038455228182743    0.009172193581632    0.006300938209396 
  -0.037419641245110    0.004284388134032   -0.011159307834271    0.037676319531030    0.003165218651736    0.003679815548606 
  -0.036396727757678    0.013386655057184   -0.004504165533412    0.036298080591422   -0.003323581628184    0.010003578533369 
  -0.033986983778723    0.014481290443597    0.000405185164026    0.031864303086391    0.000555402377185    0.014780089450860 
  -0.036522402014659    0.016266572496904    0.002122202336966    0.036263999436986   -0.002542587068260    0.011800559650759 
  -0.033630530097323    0.018973911547558   -0.002631907880257    0.033290117811989    0.018525886793026    0.002631717273726 
  -0.039695058491636   -0.003276028713938    0.003654795706587    0.039767782867976   -0.004235692309019    0.001501485194378 
  -0.039775711439135   -0.003929097547669    0.001797626170478    0.039732718104795   -0.004660634429417    0.001025827139078 
  -0.039707408295852   -0.003408028405426    0.003445708245778    0.039716325350407   -0.004785691023555    0.000630287441006 
  -0.039780202200765   -0.003934632449411    0.001180252499886    0.039715877748680   -0.004681390310947   -0.001289324125643 
  -0.039689584950360   -0.003289821730086    0.003459868043250    0.039779467956766   -0.004265138075530    0.001085347462099 
  -0.039818343485759   -0.003844294027162   -0.000077090131329    0.039710205508001   -0.004621856775380   -0.001198049538721 
  -0.039796449495526   -0.004098971524779   -0.000579620152781    0.039715581264958   -0.004684389201627   -0.001321438616269 
  -0.039799646727663   -0.003663276586500    0.000048075989777    0.039742221307857   -0.003464158905442   -0.003220753306151 
  -0.039815138052102   -0.004146069997728    0.000674399743284    0.039700100266777   -0.004776878239954   -0.001517773767132 
  -0.039704554447921   -0.003464367125247    0.002331568822285    0.039764390764115   -0.004440939203040   -0.000051069084620 
  -0.039827424519481    0.003729691394589   -0.001125217043764    0.039676724321967    0.004654040225865   -0.002138378265506 
  -0.039406754596842    0.003851556376661   -0.005736972744243    0.039663432882763    0.003598050409107   -0.001742519541422 
  -0.039807529812470    0.003496693916285   -0.001286555011396    0.039759618934513    0.003683217399597   -0.002810619797305 
  -0.039389984754215    0.004140355743862   -0.005604466505179    0.039726319792614    0.004681048036109   -0.001245621144930 
  -0.039820356086365    0.003722978441321   -0.001005819980868    0.039688618319269    0.004642744391732   -0.001937469758529 
  -0.039852317285996    0.003358644520544    0.001247253073988    0.039680814645155    0.004604107993950   -0.000571239637335 
  -0.039554710421367    0.004139031677772    0.001410086871189    0.039971095811654    0.002352952630727   -0.000116676473249 
  -0.039670306630553    0.004940542882745    0.002354100896017    0.039571659464297    0.005122530546254    0.003145312103939 
  -0.039811467801294    0.003937620382206    0.000205541661878    0.039695832836007    0.004816966737508   -0.000954221721762 
  -0.039838716059937   -0.003519412119196    0.000975947363898    0.038678415541125   -0.008070672652934    0.004298220063633 
  -0.039085960059146   -0.007883999366018    0.003240380177856    0.039024019000031   -0.008064461682559    0.003540673129791 
  -0.038734985655535   -0.009937684263872   -0.001057155558033    0.039053215273342   -0.008552054131464    0.001315116671162 
  -0.039749180500234   -0.003007323187825    0.000323273385434    0.038873287066803   -0.006956126078697    0.002877694248239 
  -0.038799421567001   -0.005844593555325   -0.002572511321813    0.039593989566606   -0.003087601211395   -0.002858017044238 
  -0.039083759679880   -0.008520117316011   -0.000462143992495    0.039025313340848   -0.008438648732768    0.001362717614398 
  -0.038769714566911   -0.007892480507983   -0.003317519570421    0.039586562816584   -0.002575629473231   -0.002671764982086 
  -0.038765943554152   -0.007671979734943   -0.003357836981422    0.039531883149391   -0.005772889640438   -0.002087162713069 
  -0.038562577765668   -0.009818753328658   -0.004066422682945    0.039708408000559   -0.003708731195439   -0.003112296249236 
  -0.039029488480237   -0.008550012764397   -0.002156803238923    0.038905963860992   -0.007858218381726    0.000765292830716 
  -0.039355291360557    0.003140529802945   -0.000356735926482    0.038915694405670    0.009250551936164    0.000597390507228 
  -0.039491378263917    0.005994112459211   -0.002174940615345    0.038949450633194    0.008581847228234    0.001051570683436 
  -0.039354189237663    0.003133686973198   -0.000340690234675    0.038918093143898    0.009235658717457    0.000632313485911 
  -0.038778489036437    0.008095475828452   -0.001550849928271    0.039489306309608    0.003612925992592    0.002169589081740 
  -0.039672028444782    0.005081369422555   -0.000889461644644    0.039712691161695    0.004366452594066    0.002004242010833 
  -0.038899712879029    0.009277245274061   -0.001724232952003    0.038955921101081    0.008812714488791    0.001406703346639 
  -0.039143588592210    0.008196087932659   -0.000967820625148    0.039373543008851    0.003644827398921    0.002354452074588 
  -0.038842959028617    0.009321388964759   -0.002167394021640    0.039001324191626    0.008848029449295    0.001052174411161 
  -0.034041202771763   -0.005256263693399    0.002330771691306    0.034289726513086    0.002349046505012    0.006209755689522 
  -0.034175975766525   -0.004841876307762    0.002050552154221    0.034546596027778   -0.003710222507972    0.003151880653374 
  -0.034224387019094   -0.007097340599616   -0.000567978801746    0.034688161090344   -0.004551280800266    0.001011242699241 
  -0.034175975766525   -0.004841876307762    0.002050552154221    0.034736572342913   -0.002295816508412    0.003629773655207 
  -0.034224387019094   -0.007097340599616   -0.000567978801746    0.034670456885743   -0.001976997501220    0.004369579899254 
  -0.034573050179029   -0.004089309300545    0.003603225801029    0.034688161090344   -0.004551280800266    0.001011242699241 
  -0.034041202771763   -0.005256263693399    0.002330771691306    0.034696140444485   -0.002171500292720    0.003545707794082 
  -0.034589997776144   -0.004547957796054    0.002803077326444    0.034670802630663   -0.003798398061484    0.002926123101707 
  -0.033202394012361   -0.011066800310909   -0.000466456463002    0.034038083885266    0.004092207490265    0.007048924135815 
  -0.033202394012361   -0.011066800310909   -0.000466456463002    0.033831920907593   -0.002883705204205    0.002587974437429 
  -0.032352287039637   -0.013267497146342    0.001677101704585    0.033576888815775   -0.002223496153575    0.001944906987153 
  -0.032627814330135   -0.012568907808829    0.001631869200288    0.034406500589819   -0.004385812702125    0.004686300100720 
  -0.032187334919783   -0.011542868075774    0.001609273585943    0.033027048416264   -0.007972259722136    0.002171000715961 
  -0.032627814330135   -0.012568907808829    0.001631869200288    0.033027048416264   -0.007972259722136    0.002171000715961 
  -0.034316971272187   -0.006885472995286    0.000186494000783    0.034577872632650   -0.001765129896890    0.005124052701784 
  -0.034316971272187   -0.006885472995286    0.000186494000783    0.034415136585631   -0.004427025795665    0.004587840995381 
  -0.033651836403294   -0.009623520793171    0.000392136795701    0.033343774210255   -0.007080496493134    0.007942997996571 
  -0.032406106274342   -0.011944673548527    0.005672267296715    0.033343774210255   -0.007080496493134    0.007942997996571 
  -0.034210883055118   -0.007298274200878   -0.001260834994450    0.033256232640923   -0.006648222104931    0.008654416309605 
  -0.033651836403294   -0.009623520793171    0.000392136795701    0.034415136585631   -0.004427025795665    0.004587840995381 
  -0.033660472399106   -0.009582307699631    0.000490595901039    0.034406500589819   -0.004385812702125    0.004686300100720 
  -0.034210883055118   -0.007298274200878   -0.001260834994450    0.034521224802700   -0.004839827001257    0.003140512000148 
  -0.031824100861918   -0.011236295436716    0.004384816820853    0.031403756168840   -0.009441756865838    0.012234499582777 
  -0.033660472399106   -0.009582307699631    0.000490595901039    0.034670456885743   -0.001976997501220    0.004369579899254 
  -0.034423688340121   -0.006327677204231    0.000273361698886    0.034577872632650   -0.001765129896890    0.005124052701784 
  -0.034603599718596   -0.004216847441801    0.003134623885209    0.034703469724715   -0.004177552258272    0.001915615514676 
  -0.034575295180374   -0.004674058186028    0.002325335071638    0.034690406091689   -0.003966531914782    0.002289133428632 
  -0.034612994914050   -0.004440673669343    0.002004603470936    0.034690942797442   -0.004475987228327    0.000408921628979 
  -0.034634283495469   -0.004193698746567    0.002228136057026    0.034700768296558   -0.004589975654224    0.000305752743091 
  -0.034649286588166   -0.004913163097093    0.000619336500274    0.034583790406100   -0.005099173500413    0.001781789899843 
  -0.034361122736721   -0.006587023703388   -0.001085360401419    0.034583790406100   -0.005099173500413    0.001781789899843 
  -0.034361122736721   -0.006587023703388   -0.001085360401419    0.034370167572638   -0.006522779800336    0.001075196097362 
  -0.034573050179029   -0.004089309300545    0.003603225801029    0.034727234471558   -0.004003497800576    0.001794188599641 
  -0.034625665180505   -0.005049412199033   -0.000910808099486    0.034607411813761   -0.005235422602352    0.000251645300082 
  -0.034714271251623   -0.004460766839526    0.000534974408149    0.034594117955019   -0.004946066444837   -0.001951796122078 
  -0.034685767299353   -0.004565675125102   -0.001033630090724    0.034589137112647   -0.005234949401493   -0.001090316000352 
  -0.034625665180505   -0.005049412199033   -0.000910808099486    0.034357072613761   -0.006501009500366    0.001596869100688 
  -0.034689639641116   -0.004589295084064   -0.001040292142743    0.034599786052494   -0.005169994514350   -0.001071995357300 
  -0.034726627412931   -0.004292914699265   -0.000983059900055    0.034593621423858   -0.005120597783550   -0.001062456650185 
  -0.034719105382075   -0.004355546418612   -0.000266277018091    0.034607411813761   -0.005235422602352    0.000251645300082 
  -0.034726627412931   -0.004292914699265   -0.000983059900055    0.034402328979161   -0.006438268396776    0.000426963399714 
  -0.034649286588166   -0.004913163097093    0.000619336500274    0.034727234471558   -0.004003497800576    0.001794188599641 
  -0.034423688340121   -0.006327677204231    0.000273361698886    0.034521224802700   -0.004839827001257    0.003140512000148 
  -0.033739377972626   -0.009191246404968    0.001103555108735    0.033256232640923   -0.006648222104931    0.008654416309605 
  -0.033096948123404   -0.007172831896283   -0.008840055206693    0.034370167572638   -0.006522779800336    0.001075196097362 
  -0.033096948123404   -0.007172831896283   -0.008840055206693    0.032679669687030   -0.006509044496804    0.010711887197363 
  -0.032846238509892   -0.007138347746644    0.000037726438945    0.032679669687030   -0.006509044496804    0.010711887197363 
  -0.032640819610755   -0.006840597485321   -0.000364253263545    0.031994940023240   -0.007501545367880    0.012051819538997 
  -0.033739377972626   -0.009191246404968    0.001103555108735    0.031403756168840   -0.009441756865838    0.012234499582777 
  -0.032471081403662   -0.007125442300132   -0.010949849201602    0.033305536406772   -0.006461654900653    0.008602093202454 
  -0.034580408815106   -0.004986671095443   -0.002080713800460    0.034402328979161   -0.006438268396776    0.000426963399714 
  -0.034580408815106   -0.004986671095443   -0.002080713800460    0.034227402572617   -0.007100273398476    0.001811347196971 
  -0.033452351529752   -0.007203871901240   -0.007354433403576    0.034227402572617   -0.007100273398476    0.001811347196971 
  -0.033452351529752   -0.007203871901240   -0.007354433403576    0.033730215007847   -0.009308373400702    0.000794156900081 
  -0.034501210233759   -0.004811550203169   -0.003396350095005    0.033716417232631   -0.009357615701775    0.000906669602456 
  -0.034501210233759   -0.004811550203169   -0.003396350095005    0.034306601153963   -0.006925152506201    0.000495710902426 
  -0.034374217695597   -0.006565253403417   -0.000563687398093    0.033305536406772   -0.006461654900653    0.008602093202454 
  -0.034434709553625   -0.001804788996571   -0.005999581402870    0.034306601153963   -0.006925152506201    0.000495710902426 
  -0.032471081403662   -0.007125442300132   -0.010949849201602    0.033730215007847   -0.009308373400702    0.000794156900081 
  -0.034374217695597   -0.006565253403417   -0.000563687398093    0.034357072613761   -0.006501009500366    0.001596869100688 
  -0.033466149304968   -0.007253114202312   -0.007241920701200    0.033716417232631   -0.009357615701775    0.000906669602456 
  -0.031671581841130   -0.009572613799604   -0.006859314026175    0.033069946841886   -0.005068298099657   -0.010280979770259 
  -0.032792419210299   -0.012173597972311   -0.001211576087342    0.032229318815010   -0.007019036229188   -0.006045176316135 
  -0.032806379218560   -0.010171116402366   -0.000568752293047    0.032259565499576   -0.011357746297403   -0.007437961203773 
  -0.034452170632460   -0.004670434793692   -0.004031318701837    0.033765456833930   -0.009216500292298    0.000271700995624 
  -0.034452170632460   -0.004670434793692   -0.004031318701837    0.032903048909679   -0.011939519999187   -0.000014831702276 
  -0.034464734711509   -0.004703876600418   -0.003880426297407    0.032467360439130   -0.013090858400761    0.000131333036946 
  -0.033161291678699   -0.009942159172092    0.005146802044134    0.031993381154472   -0.011186028374697   -0.003151295450887 
  -0.034464734711509   -0.004703876600418   -0.003880426297407    0.032890484830631   -0.011972961805913    0.000136060702154 
  -0.033466149304968   -0.007253114202312   -0.007241920701200    0.032903048909679   -0.011939519999187   -0.000014831702276 
  -0.034219321712634    0.005561298704458   -0.004093780925780    0.032890484830631   -0.011972961805913    0.000136060702154 
  -0.031552240644070   -0.008035839112540   -0.012846115307529    0.032811374248255   -0.008397976588294    0.002690423006009 
  -0.034378879574507    0.000773638996809   -0.006519074297164    0.033765456833930   -0.009216500292298    0.000271700995624 
  -0.034620476703003   -0.003978438498164   -0.001384765399334    0.034708836539289   -0.004158348918774   -0.001734064066136 
  -0.034620476703003   -0.003978438498164   -0.001384765399334    0.034411710879783   -0.005640345798791   -0.003003531200322 
  -0.034802927582012   -0.003552711999558   -0.001068733899153    0.034229260000774   -0.005214619300185   -0.002687499700141 
  -0.034434709553625   -0.001804788996571   -0.005999581402870    0.033821286813048   -0.006638072298918   -0.000247791898670 
  -0.034539819279445   -0.003089595703982   -0.002500339300121    0.034411710879783   -0.005640345798791   -0.003003531200322 
  -0.034802927582012   -0.003552711999558   -0.001068733899153    0.033813190231825   -0.006479341909657   -0.000435475126528 
  -0.034548798958305   -0.003391448543869   -0.001473995029171    0.034131308082876   -0.005229036256678   -0.002504602170931 
  -0.034818166732525   -0.003431095174226   -0.000971026823841    0.034229260000774   -0.005214619300185   -0.002687499700141 
  -0.034724802685295   -0.003167450219182   -0.001478197079074    0.033855803811853   -0.006269199120361   -0.000658818679212 
  -0.034825193180377   -0.003116203429089   -0.001584862775762    0.033821286813048   -0.006638072298918   -0.000247791898670 
  -0.034750904585915   -0.003792083628539   -0.001733080686253    0.034687098558804   -0.004127289773836   -0.001792116613956 
  -0.034579623740491   -0.001858759423055   -0.002455439200222    0.032839009053503   -0.011667848323057    0.003234513799171 
  -0.034378879574507    0.000773638996809   -0.006519074297164    0.032948505871312   -0.010231994639495    0.001017985564475 
  -0.034155683906368    0.004575414918739   -0.004067138284030    0.032635933605570   -0.008029426663039    0.000029490135151 
  -0.034539819279445   -0.003089595703982   -0.002500339300121    0.034589137112647   -0.005234949401493   -0.001090316000352 
  -0.034581460330807   -0.002229567101932    0.000461031023964    0.032812269201040   -0.007157648329952    0.004586523409139 
  -0.032574610618309   -0.010020268921952   -0.000513799846189    0.033414324114789   -0.009494858875957    0.004294074148093 
  -0.033657069332155   -0.009300313361677    0.002394359700136    0.033181475530232   -0.009842769535628    0.005211624998602 
  -0.032532111271478   -0.011201013027678    0.006419530956089    0.032111766620435   -0.009477037207071    0.010199783785610 
  -0.032574610618309   -0.010020268921952   -0.000513799846189    0.032099016816386   -0.009122813975354    0.008119784544927 
  -0.032532111364230   -0.011201013189048    0.006419531249353    0.033317542354177   -0.007379222312425    0.006387351552251 
  -0.034470698432050   -0.003035103463635    0.000648561500803    0.033181475530232   -0.009842769535628    0.005211624998602 
  -0.033633119461614   -0.007940943823214    0.005558519907377    0.032987239781830   -0.006401201078865    0.006129048037727 
  -0.033563199239018   -0.008972027792836    0.002377864061924    0.033494375840689   -0.008748484306155    0.005156639537895 
  -0.032045176765560   -0.005680473901017   -0.012009922953169    0.033443541766316   -0.008960437998244   -0.005130370843266 
  -0.032708944850742   -0.009831751195318    0.007650243263709    0.033494375840689   -0.008748484306155    0.005156639537895 
  -0.032808600826375   -0.010284962629942    0.004760952639578    0.033162189255246   -0.010259189088238   -0.004474329209209 
  -0.033496228866268   -0.008708714899027    0.002180694243079    0.033443541766316   -0.008960437998244   -0.005130370843266 
  -0.033121120463932   -0.008073425075397    0.002271491077612    0.032983870876012   -0.010157944323249   -0.003817613877087 
  -0.033469970552735   -0.009429786925694   -0.003991988616351    0.032879215849371   -0.010564852878338   -0.005696657785275 
  -0.033121120463932   -0.008073425075397    0.002271491077612    0.033068433363979   -0.009595727821874   -0.005221167677799 
  -0.033469970552735   -0.009429786925694   -0.003991988616351    0.034321014538935   -0.005508956675341   -0.002058010983695 
  -0.032460263350526   -0.008450170314200   -0.008608378310428    0.031913449686224   -0.013078690232683    0.000601665614279 
  -0.033314799786239   -0.010094192599644   -0.003658936390720    0.034458309896432   -0.005390423151596   -0.002929580789718 
  -0.033145277789720   -0.009500397122632   -0.005473799363589    0.034418422367839   -0.005530139734422   -0.002502554207866 
  -0.032603593385850   -0.008357708041532   -0.006300174562645    0.031435682694779   -0.012770482523570    0.008295681440963 
  -0.032504204389588   -0.006915949571349   -0.010290312015905    0.031913449686224   -0.013078690232683    0.000601665614279 
  -0.033112599103463    0.010680823729862    0.002900073490805    0.034468293711808    0.003980448094769   -0.004592730701187 
  -0.033105866746570    0.010916903593012    0.003138424692882    0.034458676059103    0.003643191147412   -0.004933232418440 
  -0.033105866746570    0.010916903593012    0.003138424692882    0.033278995548108    0.001793050793101   -0.010691112709395 
  -0.034374420734747    0.006589847105225    0.000046628602190    0.034468293711808    0.003980448094769   -0.004592730701187 
  -0.032598857318470    0.011959677847009    0.004396175479511    0.034458676059103    0.003643191147412   -0.004933232418440 
  -0.033050661472310    0.010852359617510    0.003857540352925    0.034674752482319    0.004552234386927   -0.001401174494120 
  -0.027223339251035    0.010001222321482    0.016940911495230    0.030232512136885   -0.003175084993818   -0.017348192570495 
  -0.023473752921489    0.014926562265413    0.021241722919437    0.026873973038578    0.005476991226291   -0.018759219330361 
  -0.030820223083913    0.014882330791559    0.007328767294995    0.030232512136885   -0.003175084993818   -0.017348192570495 
  -0.032710040526615    0.011541105805743    0.004683134005106    0.034220443201002    0.005521222700145   -0.004846263705919 
  -0.030820223083913    0.014882330791559    0.007328767294995    0.034220443201002    0.005521222700145   -0.004846263705919 
  -0.032487569097623    0.011367987504703    0.006352339808004    0.034442914629994    0.005348104399104   -0.003177057903021 
  -0.032710040526615    0.011541105805743    0.004683134005106    0.033674821768062    0.002417253005832   -0.009146403397172 
  -0.027917242866744    0.012750452906936    0.016829083870710    0.027919500084521    0.005989016957697   -0.017720951318896 
  -0.032952761471769    0.011404635740716    0.002668811392225    0.033278995548108    0.001793050793101   -0.010691112709395 
  -0.033762621074550    0.008482347097937    0.003636596497188    0.033674821768062    0.002417253005832   -0.009146403397172 
  -0.034428765847163    0.006168255076620   -0.000821369769539    0.034261321169863    0.003147003024660   -0.002804847530859 
  -0.034374420734747    0.006589847105225    0.000046628602190    0.034286621428259    0.004309752998545   -0.005556435502174 
  -0.034613572210525    0.005187449153030    0.000159999614335    0.034467196915215    0.004107798346298   -0.003430321514295 
  -0.034613572210525    0.005187449153030    0.000159999614335    0.034493937218263    0.005024803645740   -0.003171104414464 
  -0.034406256420522    0.005902499800226    0.002545330702046    0.034286621428259    0.004309752998545   -0.005556435502174 
  -0.034428765847163    0.006168255076620   -0.000821369769539    0.034522638824224    0.004402040123375   -0.003724732329458 
  -0.034406256420522    0.005902499800226    0.002545330702046    0.034465998282877    0.005334072999548   -0.002945739698110 
  -0.033739537421667    0.008468315698381    0.003867914702099    0.034465998282877    0.005334072999548   -0.002945739698110 
  -0.033739537421667    0.008468315698381    0.003867914702099    0.034610440672964    0.004459403800855   -0.002690853199614 
  -0.034388588504731    0.005905131099735    0.002755758400313    0.034483666198668    0.005336704299057   -0.002735311999842 
  -0.034620378604971    0.004814423769429    0.001836336537700    0.034550939499682    0.005321314429138   -0.001724458737600 
  -0.034553105303956    0.004799033899511    0.002847189799942    0.034483666198668    0.005336704299057   -0.002735311999842 
  -0.034553105303956    0.004799033899511    0.002847189799942    0.034573701533805    0.004492552904325   -0.003093741403403 
  -0.034713547374032    0.003823474002595    0.002328065999789    0.034522988868964    0.005024029499088   -0.001576939898974 
  -0.034388588504731    0.005905131099735    0.002755758400313    0.034568656326456    0.004488721401601   -0.003146223302734 
  -0.034620378604971    0.004814423769429    0.001836336537700    0.034491895299929    0.004912896030660   -0.002668203337455 
  -0.033762621074550    0.008482347097937    0.003636596497188    0.034442914629994    0.005348104399104   -0.003177057903021 
  -0.032487569097623    0.011367987504703    0.006352339808004    0.034610440672964    0.004459403800855   -0.002690853199614 
  -0.023671878797628    0.011790478470240    0.022927790325773    0.023672815905493    0.006948897513395   -0.023821635433111 
  -0.033781321768174    0.008497633299127    0.003412544598979    0.034568656326456    0.004488721401601   -0.003146223302734 
  -0.033781321768174    0.008497633299127    0.003412544598979    0.033788837269708    0.008350785499080   -0.003689384397019 
  -0.034383543297383    0.005908962602459    0.002808240299645    0.033788837269708    0.008350785499080   -0.003689384397019 
  -0.034383543297383    0.005908962602459    0.002808240299645    0.034573701533805    0.004492552904325   -0.003093741403403 
  -0.023668336585653    0.010772270755010    0.023260023953857    0.023675852087187    0.006076148043198   -0.023536863751897 
  -0.034453448617114    0.004675516498446    0.004013620402404    0.034673358220647    0.004369035503261   -0.001927310800941 
  -0.024644158159231    0.009548212879526    0.022139992793577    0.022828607156788    0.007728221519417   -0.025380369888990 
  -0.023666587699392    0.010335912410707    0.023402739861502    0.023666524693794    0.008403392546144   -0.024298015259340 
  -0.025062981885969    0.009210646783201    0.021599241458018    0.025062333699389    0.009528574033148   -0.022496362766008 
  -0.033783104096585    0.004003468299459    0.008227184997507    0.032602852700967    0.011402504397921   -0.005665325196533 
  -0.034418403703410    0.005873930001022    0.002424948101120    0.032602852700967    0.011402504397921   -0.005665325196533 
  -0.025063415892704    0.009210630125365    0.021598887760838    0.025061961693616    0.009528559755002   -0.022496665935019 
  -0.034172723361394    0.004308411599595    0.006218204394229    0.033753976863682    0.008315752897643   -0.004072676595544 
  -0.034418403703410    0.005873930001022    0.002424948101120    0.033753976863682    0.008315752897643   -0.004072676595544 
  -0.033783104096585    0.004003468299459    0.008227184997507    0.027113653035706    0.010753774302274   -0.019350382931883 
  -0.034537805810851    0.001427707197506    0.004361814000312    0.034034702119402    0.007948647998792   -0.001868092603719 
  -0.034453448617114    0.004675516498446    0.004013620402404    0.034034702119402    0.007948647998792   -0.001868092603719 
  -0.034579043631959    0.001739680899945    0.005125279105131    0.033993464298294    0.008260621701231   -0.001104627498900 
  -0.034713547374032    0.003823474002595    0.002328065999789    0.034849099783828    0.001973268698172    0.000106437199582 
  -0.034461933567994    0.004913144781457    0.001560850022026    0.034924583925639    0.002300169931831   -0.000123727593747 
  -0.034187080349410    0.003372659381452    0.001801243314311    0.033756457746658    0.008847232881849   -0.001145399085957 
  -0.034661093452681    0.004545881742687    0.001719700140197    0.033993464298294    0.008260621701231   -0.001104627498900 
  -0.034579043631959    0.001739680899945    0.005125279105131    0.032992471965775    0.011097561097785   -0.003656344593254 
  -0.034537805810851    0.001427707197506    0.004361814000312    0.034673358220647    0.004369035503261   -0.001927310800941 
  -0.031084940800925    0.000208056588773    0.016085644665884    0.028065945963586    0.009414217227914   -0.016576808931279 
  -0.034315368859629    0.003430208709149    0.002479702854473    0.033388446260452    0.010213049509922   -0.002434632248883 
  -0.034146987649370    0.000152885840155    0.007401706520874    0.033424527948364    0.009510766037995   -0.001379917177512 
  -0.034172723361394    0.004308411599595    0.006218204394229    0.032992471965775    0.011097561097785   -0.003656344593254 
  -0.024161555982431    0.012462474934412    0.021876559929836    0.026284427557772    0.003364916371146   -0.018215073321447 
   0.033515516171894   -0.009957311865116    0.001665190262988   -0.033771021037297   -0.003199258564092   -0.003205891620362 
   0.033668648061402   -0.007343066046537    0.000600062408452   -0.033725081470445   -0.002414984818518   -0.003525429976723 
   0.033681761708092   -0.009415659429414    0.001481569801650   -0.033681369314811   -0.009323629428108   -0.000587071999397 
   0.033730283203923   -0.009340780568170    0.000162541499452   -0.033681369314811   -0.009323629428108   -0.000587071999397 
   0.033400032223727   -0.008291722091904    0.002108564229810   -0.033398387719302   -0.010435803107127   -0.000828337230024 
   0.033421848862813   -0.008262591998326    0.001321753076088   -0.033372934973701   -0.010401817997952   -0.001746283576033 
   0.033351177845779   -0.009364364047509    0.001041896630772   -0.033348554344443   -0.009399832553628   -0.000527088930675 
   0.033321142267445   -0.009980868800856    0.000967128784966   -0.033383595852499   -0.010119088099199   -0.000614318084116 
   0.033718400880684   -0.009346292744336    0.000852579079708   -0.033716756376258   -0.009381232454696    0.000427647920078 
   0.033719667085489   -0.009358061476147    0.000466957475294   -0.033716756376258   -0.009381232454696    0.000427647920078 
   0.033131381159447   -0.011117038135145    0.001933373922546   -0.033307342465755   -0.009071206162196   -0.000694240922883 
   0.033719470269943   -0.009373910205210    0.000383793005136   -0.033716846768606   -0.009390286395927    0.000131014694961 
   0.033718661999573   -0.009368164442440    0.000471436227011   -0.033719541003170   -0.009371133853362    0.000423158767880 
   0.033373908189564   -0.010482390246069    0.001145218231912   -0.033719541003170   -0.009371133853362    0.000423158767880 
   0.034219563072385   -0.006460381431423    0.001691254908400   -0.033617421266492   -0.009735129170450   -0.000443066107650 
   0.034153253277949   -0.005032167343308    0.000701936352797   -0.033619856404721   -0.009735936791356   -0.000027419248205 
   0.033453227176276   -0.010225259888951    0.000989729982628   -0.033455144380798   -0.008514032662969   -0.000095135396401 
   0.034167085823539   -0.005339931784608    0.000991755154209   -0.033678644723479   -0.008427937915833   -0.001259149154207 
   0.033053071233002   -0.010962551889956    0.002085332691836   -0.033398704046607   -0.008890972209475   -0.000516955692044 
   0.033718373762979   -0.009349008926705    0.000763589112173   -0.033716846768606   -0.009390286395927    0.000131014694961 
   0.032012054270757    0.006204021996994   -0.006944650856269   -0.033917121584655   -0.004839978995773   -0.007212456138836 
   0.032112101560505    0.005966613514330   -0.007318011397437   -0.034250612550483   -0.004048617386896   -0.005967921001611 
   0.032989872071193    0.011110391930179    0.001547460348744   -0.034250612550483   -0.004048617386896   -0.005967921001611 
   0.033168048699137    0.009611870034352    0.000705233063705   -0.034844534386265    0.000946453434665   -0.003160497934696 
   0.032125566392625    0.005347360699361   -0.006954509601249   -0.034237147718363   -0.004667870201865   -0.005604419205423 
   0.027427978985808    0.004618607555219   -0.021246351173928   -0.032541898999170   -0.004364354663241   -0.002921946043539 
   0.027993061892206    0.004719779401427   -0.020352193453300   -0.034237147718363   -0.004667870201865   -0.005604419205423 
   0.028840748221872    0.004871661831762   -0.019011007997682   -0.033601382971113   -0.004553958379114   -0.004598530113710 
   0.032125566392625    0.005347360699361   -0.006954509601249   -0.034398232898684   -0.003184330799610   -0.005633853799701 
   0.033614350186718    0.005481085800076   -0.001768122801300   -0.034398232898684   -0.003184330799610   -0.005633853799701 
   0.033878414561510    0.003970885646035   -0.002089235419692   -0.034796553270563    0.001147555451666   -0.002681587066585 
   0.033614350186718    0.005481085800076   -0.001768122801300   -0.034869499198797    0.001564737633636   -0.002592881961874 
   0.033902213109301    0.003125047292475   -0.001834747018635   -0.034820351812745    0.001993393605850   -0.002936075407655 
   0.033800534356635    0.003447755138150   -0.003100366688620   -0.034478615360354   -0.002704132777384   -0.005389857691070 
   0.032297031924469    0.004289185102539   -0.007307710496001   -0.034226767366840   -0.004242506396432   -0.005987054694452 
   0.028892405605670    0.004899767562705   -0.018959665634144   -0.033950070311748   -0.004743672062981   -0.004945091067587 
   0.029169102660762    0.004398601896156   -0.017917702007279   -0.034226767366840   -0.004242506396432   -0.005987054694452 
   0.029203441998335    0.004734993606802   -0.018262906418658   -0.034113892336259   -0.002993742165962   -0.007235258575420 
   0.029169102660762    0.004398601896156   -0.017917702007279   -0.034226609264472   -0.004097928879506   -0.006102144671482 
   0.029152932449484    0.005041859880945   -0.018699958993750   -0.033836089817579   -0.004681506673751   -0.004831469412414 
   0.032297031924469    0.004289185102539   -0.007307710496001   -0.031838877230666   -0.004181453141447    0.001997084714499 
   0.033892808885733    0.004031216406063   -0.001945562035828   -0.034844534330515    0.000946453005384   -0.003160498138603 
  -0.034817363979427   -0.000635397943095   -0.003521363174616    0.033763249375782   -0.003737147154449   -0.002701984692817 
  -0.034247470441456    0.002762265808468   -0.006678291821071    0.033171162352538   -0.007046823091534   -0.000988338821678 
  -0.034192224684929    0.003072811165827   -0.005836750117324    0.032987009910582   -0.008081973834166   -0.003793476618607 
  -0.034639737786430    0.000357505323783   -0.004035457219720    0.033171162322363   -0.007046823276516   -0.000988338618383 
  -0.034902637406322   -0.001710915842804   -0.001976259951869    0.033777469634859   -0.003548503555614   -0.003006867093628 
  -0.034854494131759   -0.001072255145851   -0.003008451914880    0.033763249375782   -0.003737147154449   -0.002701984692817 
  -0.034397536883753    0.002210837580195   -0.006087235818241    0.033457552321563   -0.004317866475611   -0.005546010821686 
  -0.034524113229043    0.000528685442190   -0.002889011710288    0.033350894079217   -0.005735314498679   -0.002851060503741 
  -0.034460006029576    0.001669014101620   -0.005898179105078    0.033350894079217   -0.005735314498679   -0.002851060503741 
  -0.034460006029576    0.001669014101620   -0.005898179105078    0.033051066179030   -0.006807688297555   -0.004412525303985 
  -0.034128168416481    0.004347096702438   -0.006455798802702    0.033051066179030   -0.006807688297555   -0.004412525303985 
  -0.031866312454967    0.004097244259348   -0.002476102359839    0.026526048482363   -0.006663232591547   -0.021840151530681 
  -0.033280042649891    0.004253329329141   -0.004963369109702    0.028410834824988   -0.006871539903639   -0.018523679792394 
  -0.034128168416481    0.004347096702438   -0.006455798802702    0.027280000469534   -0.006746516739243   -0.020513586049727 
  -0.034127882673977    0.003764884596519   -0.006809482294665    0.033383189534629   -0.004711817802655   -0.005323828493572 
  -0.034132779692024    0.003613440297578   -0.006878281604291    0.033383189534629   -0.004711817802655   -0.005323828493572 
  -0.031482071852310    0.003407889161911    0.000886208177353    0.029678585590977   -0.004424541499924   -0.016175405206236 
  -0.032948734756748    0.005799519579971   -0.004566800254357    0.027968365032448   -0.008933258390581   -0.019051983555019 
  -0.034127882673977    0.003764884596519   -0.006809482294665    0.029678585590977   -0.004424541499924   -0.016175405206236 
  -0.034516649008403   -0.002845625009839   -0.005051334856926    0.028253440350931   -0.007361413919707   -0.018963886354552 
  -0.032787103952874    0.006552501029990   -0.004373875290908    0.028337806869875   -0.007212157933395   -0.018611012209993 
  -0.033804600892378    0.004522866598671   -0.007890104786076    0.032987009940399   -0.008081973722623   -0.003793476776558 
  -0.038941607724671    0.001454665339574   -0.000745904850230    0.038929479723346   -0.009194826106166    0.000421251950076 
  -0.038942099000651    0.001033287148373   -0.001830833750241    0.038931936103245   -0.007087935150162    0.005845896450129 
  -0.038836971000346   -0.004685204986221   -0.007054007999799    0.038980022998716    0.006601351858983   -0.000471645800300 
  -0.039004446172331   -0.007804055074837    0.004213116499971    0.039035848056044    0.007640968555188   -0.004227353966890 
  -0.038820942035189   -0.000122109316506   -0.009159855416609    0.038931936103245   -0.007087935150162    0.005845896450129 
  -0.039030642799852   -0.003348672415820   -0.000865624762272    0.038786351199209    0.007937884429383    0.005716737437227 
  -0.038751878311174    0.006464175561515   -0.004059533524931    0.039119209136842   -0.004185315884224   -0.002892376724624 
  -0.039349977375247    0.003290515825052    0.006389688049781    0.039318575491533   -0.003127429305403   -0.006375450582862 
  -0.038543496381658    0.003866054091845   -0.008445141616367    0.038494063348293    0.003609048524784    0.010264447549684 
  -0.038834159291301    0.002299492716858    0.000197973091762    0.037958265857870   -0.012262941983380    0.003002994541912 
  -0.039083086799384    0.001199745690190   -0.000038490099911    0.039202903398288   -0.006764206850038    0.004185310500276 
  -0.038239989161918   -0.006637451487650   -0.007705887862048    0.038697864687995    0.006644183862862   -0.001544542512560 
  -0.038915082176031   -0.006897248050026    0.006175749100250    0.038922895692699    0.006730782716988   -0.006171754833327 
  -0.038408335398682   -0.002167987916683   -0.009615838866327    0.039202903398288   -0.006764206850038    0.004185310500276 
  -0.038450911218667   -0.003727723494145   -0.000903226668621    0.038486942631245    0.009553911856367    0.005258118680867 
  -0.038407607086980    0.008665744500141   -0.004924313162871    0.038384818062191   -0.005896690200097   -0.002119291712721 
  -0.038385143824799    0.004761861049632    0.005635102750132    0.038377330308131   -0.004595395716594   -0.005639097017056 
  -0.038439332957830    0.005326360641852   -0.009003505783762    0.038479995674743    0.004121461374769    0.010118286149951 


       -0.033 
1 horizontal opening babord				(m):      11.462 
1 horizontal opening tribord				(m):       6.715 
1 ecartement panneaux   				(m):      95.573 
Immersion corde de dos tribord 1			(m):     -99.317 
Immersion corde de dos tribord 2			(m):     -99.434 
Immersion corde de dos babord 1  			(m):     -99.009 
Immersion corde de dos babord 2  			(m):     -98.999 
bottom drag (N)				:            0 
catch drag (N)				:            0 
element drag (N)				:        11108 
surface drag (N)				:         7315 
node drag (N)				:          225 
forces along X Y and Z axes (N)		:  18648.15852     44.63657  -6689.61829 
maximal catch diameter (m) 			:        0.000 
thickness of the catch (m) 			:        0.000 
volume of the catch (m3) 			:       0.0000 
current amplitude (m/s)			:        1.650 
filtered surface (m2) 				:        17.22 
