      1      267.997708597       13.045630845     -123.149923086
      2      273.278915976       11.303350932     -123.077958826
      3      287.308350905       11.325632829     -123.407084510
      4      309.128832643        4.251145797     -126.441288622
      5      308.733852693        2.806108980     -129.622330145
      6      286.150980299        9.059843973     -131.373149178
      7      272.015420633       10.552768753     -131.973479081
      8      266.758234456       12.452926608     -132.079837954
      9      286.455392122       10.610837400     -129.151020221
     10      286.917826500       10.810590585     -128.529506465
     11      267.789000470       11.701432960     -122.562976185
     12      286.281812497        1.699537622     -123.788301048
     13      286.328622248        0.000000000     -123.789238124
     14      309.165834468        0.000000000     -125.536898279
     15      266.516908471       11.471658567     -132.289499727
     16      285.125314434        1.696866478     -131.409687994
     17      285.211454532        0.000000000     -131.409183629
     18      308.684502312        0.000000000     -129.819436706
     19      312.960621585        3.167873543     -126.551333796
     20      312.656020207        2.085375159     -129.365845324
     21      313.056784290        0.000000000     -125.733916637
     22      312.657828064        0.000000000     -129.584833757
     23      316.868715194        2.621659964     -126.757309849
     24      316.620145569        1.661117566     -129.145299762
     25      316.971407718        0.000000000     -125.958015141
     26      316.638593949        0.000000000     -129.350267511
     27      321.581813099        2.071085964     -127.184177996
     28      321.398622654        1.230744765     -128.893145101
     29      321.658936656        0.000000000     -126.406540711
     30      321.409910793        0.000000000     -129.065940161
     31      326.280463115        1.445951347     -127.693491278
     32      326.184923851        0.868212085     -128.654741454
     33      326.342290076        0.000000000     -126.906349328
     34      326.183676585        0.000000000     -128.796719283
     35      334.181691132        0.458466691     -128.157423023
     36      334.170362896        0.328213638     -128.402744873
     37      334.184881104        0.000000000     -127.932467053
     38      334.171739760        0.000000000     -128.457442842
     39      344.181071642        0.072027111     -128.274604221
     40      344.181234488        0.000000000     -128.245766594
     41      344.181137630        0.000000000     -128.303756261
     42      364.197167572        0.000000000     -128.306524165
     43      364.194455250        0.072295902     -128.126554218
     44      364.197356680        0.000000000     -128.307755472
     45      386.611494596        0.000000000     -128.075221480
     46      386.606190147        0.003511406     -128.067505584
     47      386.611494616        0.000000000     -128.075221466
     48        0.000000000        0.000000000        0.000000000
     49      164.364423763       37.316554961     -107.744751235
     50      166.884339281       37.635296879     -106.148108809
     51      166.703692343       36.405005117     -109.387520268
     52      262.502137690       13.512422957     -122.178400430
     53      261.247517277       13.364238256     -132.496603887
     54      262.048749717       13.364239368     -134.332006721
     55      370.180863754        0.000000000     -128.329943606
     56      376.157299005        0.000000000     -128.349364790
     57      382.128236790        0.000000000     -128.374091725
     58      380.661881693        0.045604408     -128.054595979
     59      374.689069853        0.065638499     -128.057621280
     60      368.710899735        0.077945612     -128.073611671
     61      370.180879311        0.000000000     -128.330181094
     62      376.157301946        0.000000000     -128.349383225
     63      382.128237049        0.000000000     -128.374094972
     64      350.187440952        0.000000000     -128.279256987
     65      356.193335962        0.000000000     -128.290416006
     66      358.219150797        0.061269958     -128.224538271
     67      352.214465743        0.067533238     -128.247371900
     68      360.195720807        0.022592625     -128.265234825
     69      354.191361780        0.021260807     -128.271550805
     70      348.185377737        0.025434389     -128.264744122
     71      350.187551550        0.000000000     -128.292904421
     72      356.193121235        0.000000000     -128.285846516
     73      360.195564989        0.039616719     -128.235581425
     74      354.191176702        0.039698090     -128.257992632
     75      348.185364292        0.044491356     -128.274118850
     76      270.262719620       12.619657659     -123.223423562
     77      278.205745041       11.237754880     -123.282536847
     78      282.793479439       11.029776541     -123.538087324
     79      291.312629519       10.240484047     -123.847131538
     80      294.936008240        9.281461998     -124.098303332
     81      298.445254889        7.924903472     -124.857140241
     82      301.819259002        6.272320697     -125.790409869
     83      305.561192000        5.152667760     -126.233734823
     84      309.155225494        4.310725609     -126.477330184
     85      309.476367842        5.113191632     -127.107911958
     86      309.795739845        6.045389335     -128.202588882
     87      309.517869153        5.000567652     -129.011596840
     88      308.937748432        3.422910237     -129.497047662
     89      304.625065582        3.752002690     -129.883691075
     90      300.815394016        4.754434376     -130.142518031
     91      297.150020321        6.048546161     -130.591313718
     92      293.456174896        7.264684748     -131.020683790
     93      289.715141544        8.130326978     -131.108734005
     94      281.259250428        9.404385487     -131.509325284
     95      276.649444584        9.928312862     -131.719385697
     96      269.905159365       11.481702643     -132.007287660
     97      269.527415430       12.210779577     -131.741022079
     98      272.490860919       11.945077612     -131.354456358
     99      275.450430309       11.674056518     -130.942733676
    100      278.405724401       11.397712771     -130.504704796
    101      281.356245365       11.115504114     -130.039127589
    102      284.301056345       10.826497650     -129.542624083
    103      284.658935016       11.561902432     -127.055331021
    104      281.839711932       12.007688617     -126.131403607
    105      278.936799608       12.308991131     -125.436574919
    106      276.014390328       12.546195884     -124.801137056
    107      273.082396444       12.744869820     -124.197389482
    108      270.148498536       12.923440472     -123.596589307
    109      302.995618499        4.764288874     -129.893810037
    110      305.960833058        4.346473871     -129.635666180
    111      291.834295453        8.235820561     -130.828655579
    112      294.786630944        7.752884541     -130.552057742
    113      297.675670763        7.095311777     -130.068413118
    114      300.614579863        6.588240341     -129.728295252
    115      303.567391479        6.146744155     -129.418557771
    116      306.519837537        5.701962880     -129.110933237
    117      280.120597694        9.722189581     -131.506450904
    118      283.118801764        9.718683105     -131.255206372
    119      286.111576142        9.644235439     -130.988074580
    120      289.092362027        9.409560821     -130.696876197
    121      292.044387097        8.957829146     -130.374894956
    122      294.952494975        8.358729576     -129.926282445
    123      297.891058630        7.847496305     -129.579269788
    124      300.836563901        7.381819946     -129.231403832
    125      303.773488522        6.892029257     -128.848964150
    126      306.742258168        6.699098695     -128.449038268
    127      274.252411468       10.605005514     -131.783296242
    128      277.247583529       10.583854283     -131.504427695
    129      280.239027365       10.505662449     -131.206143850
    130      283.225167452       10.356232058     -130.886512611
    131      286.201083557       10.110673400     -130.537148525
    132      289.162492711        9.762482485     -130.156836111
    133      292.098345529        9.280697855     -129.730732128
    134      295.043300407        8.785389460     -129.390271191
    135      297.990110705        8.317620965     -129.032384004
    136      300.912593371        7.774927918     -128.596321082
    137      303.807128914        7.185623091     -128.051211931
    138      306.607852798        6.259472001     -127.482378052
    139      271.440385599       11.649657074     -131.845045858
    140      274.433234728       11.620993246     -131.568068116
    141      277.419286402       11.502517401     -131.250684339
    142      280.395886119       11.302815429     -130.892059645
    143      283.357472190       11.009082545     -130.481218245
    144      286.294290270       10.597415093     -130.002499286
    145      289.199638190       10.038665763     -129.483653571
    146      292.146809864        9.548631675     -129.163474978
    147      295.092197433        9.071843948     -128.811739467
    148      298.013465957        8.530877098     -128.370157902
    149      300.897002421        7.890802716     -127.830363804
    150      303.704543588        6.989161302     -127.266024217
    151      306.280094036        5.590331755     -126.615682313
    152      289.209795606       10.139237245     -128.951811376
    153      292.165019153        9.681180368     -128.541004555
    154      295.099214974        9.185759876     -128.049636393
    155      297.977625032        8.500933593     -127.484124171
    156      300.762896485        7.493284929     -126.945229763
    157      303.336562284        6.078070517     -126.284631335
    158      289.796951659       10.944209131     -127.394211743
    159      292.721500204       10.546605213     -126.824067808
    160      295.623039702        9.950679412     -126.316555835
    161      298.408388195        8.953792958     -125.793946580
    162      287.259657355       11.863744374     -126.083388606
    163      290.215537680       11.659359331     -125.604036194
    164      293.148054372       11.197183080     -125.164572314
    165      295.821853179        9.940904588     -124.637402559
    166      284.413880496       12.499227030     -125.377292607
    167      287.339874419       12.086494108     -124.858868347
    168      290.240224676       11.689319855     -124.607358567
    169      292.884735744       10.343060428     -124.166172644
    170      281.501040178       12.874146653     -124.764373430
    171      284.388933009       12.193492572     -124.320658290
    172      287.268170815       11.645857751     -124.186006496
    173      278.581842983       12.971517277     -124.078593075
    174      281.421087044       12.173982002     -123.870394986
    175      284.297458929       11.415041987     -123.811927745
    176      275.653888841       12.987995165     -123.423878795
    177      278.443093938       11.975770180     -123.543768410
    178      272.677855091       12.652683167     -123.236713947
    179      275.468734362       11.647595064     -123.277667427
    180      270.483168013       10.496171537     -122.779238233
    181      273.346099911        9.153656909     -122.994421672
    182      276.181774877        7.755132922     -123.191702749
    183      278.983208352        6.290939761     -123.371273914
    184      281.715729978        4.708065712     -123.538332933
    185      284.369937620        3.002029895     -123.690121364
    186      291.669422635        0.000000000     -124.177498596
    187      297.474633671        0.000000000     -124.666781453
    188      303.323076139        0.000000000     -125.166322402
    189      309.154610880        1.382817654     -125.684396149
    190      309.109115331        2.837072422     -126.048465906
    191      270.507968744       11.060990618     -122.756679595
    192      299.680514482        6.812442540     -125.039419755
    193      302.262250771        5.399086945     -125.637611489
    194      305.076970982        4.365094778     -125.837288182
    195      307.946222958        3.489973153     -126.063618219
    196      288.932762012       10.193358264     -123.640093871
    197      291.655333238        9.052773204     -123.660657225
    198      294.306786916        7.680355857     -123.956381594
    199      296.820767514        6.117153719     -124.446531578
    200      299.387398251        4.696872841     -125.080469618
    201      302.209778696        3.690466532     -125.255762522
    202      305.057106435        2.799798709     -125.585732028
    203      307.974300258        2.120587378     -125.787813259
    204      283.224461871       10.488364475     -123.374845077
    205      285.994174316        9.615257037     -123.433730470
    206      288.730955762        8.389124554     -123.518112324
    207      291.387938675        7.012419909     -123.735208993
    208      293.911770085        5.438529805     -124.132377384
    209      296.488027679        3.993275618     -124.663600106
    210      299.313326666        2.999074298     -124.868020996
    211      302.158409440        2.094158821     -125.184400058
    212      305.071471696        1.402228728     -125.410788042
    213      307.994676911        0.729265703     -125.530404664
    214      277.394369960       10.911333345     -123.137779204
    215      280.257530545       10.058292281     -123.210497799
    216      283.059726055        8.991394103     -123.308907963
    217      285.794924383        7.764525848     -123.436536824
    218      288.452015214        6.385070781     -123.642807280
    219      290.980803449        4.799368777     -123.957221628
    220      293.567355773        3.324256206     -124.338917847
    221      296.397757361        2.344735466     -124.562939354
    222      299.242018482        1.422967172     -124.851206791
    223      302.153231775        0.720137788     -125.092662569
    224      274.429606351       10.467543285     -122.990880349
    225      277.298420661        9.558500661     -123.101993407
    226      280.102690432        8.470378278     -123.232707725
    227      282.839978235        7.226939476     -123.387899195
    228      285.499903938        5.830349972     -123.576029036
    229      288.033881142        4.223619081     -123.812142394
    230      290.624800575        2.714777688     -124.081541546
    231      293.465197818        1.739498401     -124.316344855
    232      296.311344903        0.786096026     -124.568476092
    233      271.455550693       10.417706150     -122.788921832
    234      274.311324336        9.289884851     -122.957868828
    235      277.127040355        8.075546394     -123.129358719
    236      279.878166022        6.732768363     -123.305941241
    237      282.552704272        5.253139733     -123.486413526
    238      285.100406992        3.574499905     -123.673129149
    239      287.700005838        1.991867365     -123.879290091
    240      290.554955770        1.026112961     -124.091615876
    241      269.558342461       10.019414188     -132.182257041
    242      272.395603268        8.631239950     -132.070025873
    243      275.218418177        7.216327199     -131.946307461
    244      278.023140223        5.769139996     -131.811016728
    245      280.799834992        4.274271346     -131.664562890
    246      283.527080641        2.699484175     -131.507996881
    247      285.146831689        1.585579667     -131.408893837
    248      290.915704817        0.000000000     -131.030250473
    249      296.743032736        0.000000000     -130.624470320
    250      302.715396467        0.000000000     -130.209730112
    251      308.696754674        0.858332151     -129.780532535
    252      308.708971040        1.807877510     -129.704196383
    253      268.837356443       10.869053705     -132.174376353
    254      305.705824679        0.435642377     -130.001182698
    255      299.734058592        0.497519170     -130.414444529
    256      302.733739902        0.909097481     -130.194600753
    257      305.728306853        1.327581807     -129.959267461
    258      293.818180580        0.805708685     -130.826692163
    259      296.801445049        1.218376350     -130.619530729
    260      299.792940632        1.531857026     -130.404837017
    261      302.777107074        1.868303560     -130.173487031
    262      305.747560881        2.276658788     -129.920357364
    263      288.054290878        0.945291382     -131.222574687
    264      290.937517948        1.763954151     -131.018113593
    265      293.918995105        2.112927080     -130.816209561
    266      296.909388144        2.373094756     -130.605538720
    267      299.892246812        2.685974576     -130.378203079
    268      302.860160239        3.085564727     -130.114485024
    269      288.022151155        2.628799811     -131.205400183
    270      291.027887882        2.983540398     -131.007304059
    271      294.035198474        3.244298495     -130.799344973
    272      297.028831636        3.576509923     -130.563916038
    273      300.004714380        4.000798846     -130.291102528
    274      285.342630230        4.067855710     -131.357594381
    275      288.331794136        4.331361455     -131.187598847
    276      291.326391660        4.525243406     -131.034650781
    277      294.311201830        4.814197626     -130.871691950
    278      297.276592392        5.209732166     -130.623187991
    279      282.628288507        5.445963294     -131.502501717
    280      285.620918822        5.651217957     -131.348538428
    281      288.618007384        5.812201064     -131.224855078
    282      291.605802563        6.091826479     -131.108792115
    283      294.575524538        6.484073631     -130.915373563
    284      279.868671405        6.737298644     -131.642300639
    285      282.864825836        6.877502696     -131.493904984
    286      285.863760055        7.001774986     -131.378789346
    287      288.851619453        7.273325573     -131.256400015
    288      277.066642707        7.940943509     -131.779026457
    289      280.065099906        8.004715577     -131.626215392
    290      283.065674264        8.086526932     -131.500776965
    291      286.053462207        8.351451675     -131.352493856
    292      274.224138587        9.054633901     -131.914358510
    293      277.221778422        9.022447483     -131.750172913
    294      280.220527573        9.041053774     -131.602574875
    295      271.357174539       10.111027811     -132.049240009
    296      274.352261888        9.975129961     -131.866425633
    297      313.289048058        4.339751406     -127.252795541
    298      313.499923755        4.802201163     -128.459751391
    299      312.940895610        3.233223807     -129.041455792
    300      313.027025168        1.447935691     -125.920276197
    301      312.657677839        0.809414091     -129.541845971
    302      310.673766456        0.539728366     -129.677539963
    303      310.685287167        1.498838257     -129.581896938
    304      317.162855458        3.726241305     -127.401201433
    305      316.921202711        2.990780699     -128.609023338
    306      316.959654608        1.170734261     -126.068253799
    307      316.634314061        0.628699054     -129.320692622
    308      314.647331403        0.408238525     -129.450960746
    309      314.639485762        1.089769590     -129.376909906
    310      321.583125485        2.079745762     -127.193609187
    311      321.590155776        2.303559778     -128.104349433
    312      317.943900886        2.173839442     -128.800358435
    313      318.165597580        3.058107274     -128.120807919
    314      318.122951413        2.891160714     -127.104749842
    315      321.639908958        1.109468199     -126.656018054
    316      321.403865214        0.651478854     -129.010797698
    317      319.022262825        0.384077932     -129.188913552
    318      319.011805508        1.042153332     -129.097877888
    319      326.237461855        1.243229208     -128.341613280
    320      322.672654470        1.605219842     -128.493433624
    321      322.763601857        2.093785958     -127.863455353
    322      322.798754674        1.271517651     -126.909755933
    323      322.828159342        0.209933026     -126.549378429
    324      323.793637008        0.382443028     -128.893915636
    325      330.751360057        0.818805671     -127.986648060
    326      334.181694961        0.458690476     -128.159540961
    327      329.634334160        0.620890770     -128.521225815
    328      328.870796685        0.805118128     -128.431838814
    329      331.867842442        0.629913996     -128.227978599
    330      328.264715206        0.855076698     -127.523874971
    331      331.221423101        0.353366878     -127.675035103
    332      330.175202582        0.146572755     -128.600541394
    333      338.896890028        0.178147795     -128.245924444
    334      339.448207691        0.142211062     -128.314211395
    335      337.822038998        0.210384316     -128.310891328
    336      340.174469545        0.000000000     -128.210351265
    337      337.922636530        0.187850034     -128.198208948
    338      340.173580814        0.000000000     -128.338608825
    339      336.170467636        0.207751063     -128.380032443
    340       18.736326030        3.618343850      -11.415625230
    341       37.376931048        7.353450078      -22.949489398
    342       55.913629807       11.211173242      -34.609520396
    343       74.337345061       15.197778785      -46.404247262
    344       92.638005215       19.319980719      -58.342856378
    345      110.804341478       23.584962863      -70.435195373
    346      128.823828237       28.000439383      -82.691885455
    347      146.682433661       32.574680057      -95.124326104
    348      180.525863094       34.697757640     -109.217908911
    349      194.182519278       31.605868687     -112.060295223
    350      207.850364052       28.351462270     -114.656585192
    351      221.524157296       24.925619653     -116.987274443
    352      235.197003711       21.318401607     -119.032050361
    353      248.860083326       17.518436195     -120.769782245
    354      180.204632722       33.365384201     -112.951623585
    355      193.708766948       30.246036489     -116.433679362
    356      207.215344351       27.044529587     -119.830443503
    357      220.723543682       23.758317156     -123.138589342
    358      234.232385860       20.384746353     -126.354688800
    359      247.740796755       16.921027336     -129.475230957
    0.0000110 
    0.0000110 
    0.0006395 
    0.0006338 
    0.0006280 
    0.0006223 
    0.0006166 
    0.0006108 
    0.0006050 
    0.0005992 
    0.0005934 
    0.0000465 
    0.0000995 
   -0.0000358 
    0.0001530 
    0.0001504 
    0.0001479 
    0.0001454 
    0.0001429 
    0.0001406 
    0.0001384 
    0.0003332 
    0.0003304 
    0.0003277 
    0.0003250 
    0.0003223 
    0.0003197 
    0.0003171 
    0.0002949 
    0.0000486 
    0.0001943 
    0.0004979 
    0.0000303 
    0.0000069 
    0.0000035 
    0.0000024 
    0.0000214 
    0.0000160 
    0.0000751 
    0.0000238 
   -0.0029024 
   -0.0033367 
   -0.0037926 
   -0.0043737 
   -0.0055694 
   -0.0066468 
   -0.0070893 
    0.0000350 
    0.0000336 
    0.0000317 
    0.0000291 
    0.0000261 
    0.0000214 
    0.0000162 
   -0.0058765 
   -0.0060867 
   -0.0062909 
   -0.0066118 
   -0.0072593 
   -0.0084443 
   -0.0098281 
    0.0001144 
    0.0001133 
    0.0001122 
    0.0001110 
    0.0001099 
    0.0001084 
    0.0001059 
    0.0000205 
    0.0001073 
    0.0001446 
    0.0001526 
    0.0010519 
    0.0007886 
    0.0001871 
    0.0013337 
   -0.0018213 
   -0.0036328 
   -0.0045254 
   -0.0051095 


  -0.382867817570391    0.117661445834495   -0.007896450469292    0.399356274800001   -0.002820164133333    0.037182472933337 
  -0.378635609582778    0.128837494230886    0.007687378180609    0.400635932663813    0.002961968405963    0.032352961214352 
  -0.371919434354231    0.136551362176562   -0.010002161225539    0.399267140933216   -0.021798611752161    0.029312297262622 
  -0.382674795342127    0.116384527189155   -0.008608126093484    0.401571861144908   -0.017477147112002    0.029013575448610 
  -0.383068555333337    0.114888626933333    0.000269761199994    0.399520856824158   -0.000546769527970    0.030487112645856 
  -0.376192221348059    0.095694323849707    0.020974287251687    0.398832985563543    0.011021134947951    0.028877204761838 
  -0.383969919866665    0.104930579200000    0.006541669600002    0.398859178133337   -0.010425577866667    0.039771179333339 
  -0.383068555333337    0.114888626933333    0.000269761199994    0.399760542666665   -0.000467530133334    0.033499270933332 
  -0.376163135895233    0.092701825219047    0.021937196895235    0.399036583733323   -0.009926355466667    0.035617572266672 
  -0.384854491999992    0.094932882533334    0.013541595866661    0.399036583733323   -0.009926355466667    0.035617572266672 
  -0.365341073408337    0.157909594317025    0.015223121529570    0.387382054901281   -0.080150106802951    0.042848114968158 
  -0.378812227692121    0.128145560864068    0.007918656874616    0.399760542666665   -0.000467530133334    0.033499270933332 
  -0.375246506799999    0.138285195066666   -0.008485389466671    0.399356274800001   -0.002820164133333    0.037182472933337 
  -0.385280421689543    0.097979724707357   -0.013018904236283    0.399976942370801   -0.004857934085252    0.032660215527443 
  -0.374936782533329    0.139286874666667   -0.008233282133331    0.396388391456211   -0.019188752139412    0.030999924761779 
  -0.387470251874976    0.083112475249993   -0.005147878071431    0.395597281999934   -0.034592432999980    0.048402267857146 
  -0.388763727574999    0.071573504275000   -0.000845914725001    0.399046550533330   -0.003821843733334    0.036930365599998 
  -0.375965461733335    0.132913993600000   -0.005938731866672    0.398152011599996   -0.019924052133334    0.042617498533332 
  -0.383969919866665    0.104930579200000    0.006541669600002    0.398152011599996   -0.019924052133334    0.042617498533332 
  -0.392099309825015    0.046434338000002    0.010832280900000    0.398140223200001   -0.015796779333333    0.042317836933338 
  -0.375965461733335    0.132913993600000   -0.005938731866672    0.398140223200001   -0.015796779333333    0.042317836933338 
  -0.394085481125006    0.034993444325001    0.017907698775000    0.394609252000017   -0.036136145866669    0.054896357600004 
  -0.390969000575008    0.053795644000001    0.007373183700001    0.395126065199982   -0.035426928666665    0.051542096133335 
  -0.377237511066664    0.126211116133333   -0.000739604533332    0.396879962266667   -0.026626929600000    0.047816625866672 
  -0.374936782533329    0.139286874666667   -0.008233282133331    0.399046550533330   -0.003821843733334    0.036930365599998 
  -0.375246506799999    0.138285195066666   -0.008485389466671    0.398859178133337   -0.010425577866667    0.039771179333339 
  -0.384854491999992    0.094932882533334    0.013541595866661    0.397438117999999   -0.031289949066666    0.038826451066666 
  -0.329389262459804    0.219218811939009    0.047494814162969    0.389008026113397   -0.042346026686997    0.027571633387661 
  -0.365591123466667    0.156498701333332    0.017570584266665    0.397438117999999   -0.031289949066666    0.038826451066666 
  -0.365591123466667    0.156498701333332    0.017570584266665    0.393644732133339   -0.064391469333334    0.036879711600003 
  -0.328854266149754    0.216675146151598    0.048568806664508    0.393644732133339   -0.064391469333334    0.036879711600003 
  -0.385503795999997    0.093481677200000    0.021297022933330    0.396788813999994   -0.032741154400000    0.046581878133334 
  -0.315287439785360    0.247410495860408    0.009706921276064    0.394038925014634   -0.063392557872925    0.032987332076066 
  -0.330107273147631    0.226906146685652    0.001712653013550    0.397920451084118   -0.058022175904782    0.035081145137851 
  -0.317673006468226    0.242997657935044    0.010463159032598    0.385205309200001   -0.087676368533333    0.064485949866666 
  -0.317566776632230    0.243486936260636    0.010181995300050    0.386657131122591   -0.080989499513121    0.060643341366681 
  -0.315855703594883    0.245954932909578    0.011348058428665    0.383431258135043   -0.090563260363474    0.063622111076225 
  -0.365632512933333    0.160659280666667    0.023621704800000    0.393603342666673   -0.060230889999999    0.042930832133338 
  -0.363090105066673    0.168455706533333    0.018950756400000    0.391854546666665   -0.067609524800000    0.045349048800002 
  -0.363090105066673    0.168455706533333    0.018950756400000    0.385205309200001   -0.087676368533333    0.064485949866666 
  -0.379148182266666    0.119787886000000    0.007457370666665    0.394854553866670   -0.046425455333334    0.050708321866671 
  -0.385503795999997    0.093481677200000    0.021297022933330    0.393603342666673   -0.060230889999999    0.042930832133338 
  -0.394936997475000    0.031427488225000    0.020562598175000    0.396879962266667   -0.026626929600000    0.047816625866672 
  -0.379148182266666    0.119787886000000    0.007457370666665    0.394878142799992   -0.039164384533334    0.054778853333331 
  -0.384252584800000    0.107287111866666    0.029074512666663    0.394854553866670   -0.046425455333334    0.050708321866671 
  -0.377237511066664    0.126211116133333   -0.000739604533332    0.396788813999994   -0.032741154400000    0.046581878133334 
  -0.380553259466660    0.122929103866667    0.026073375599996    0.391447042400000   -0.064237950666667    0.056813864399999 
  -0.384252584800000    0.107287111866666    0.029074512666663    0.387747717066660   -0.079879942666667    0.059815001466666 
  -0.386494311866674    0.101062387733333    0.032943807600001    0.387379722666666   -0.074499910666667    0.069179428666670 
  -0.382426992133340    0.111324347733333    0.020578243333330    0.391447042400000   -0.064237950666667    0.056813864399999 
  -0.392150286399985    0.079688689425007    0.036242858866682    0.392956223200000   -0.065337878400000    0.042690479066664 
  -0.396994257124985    0.033886068725000    0.031325384050000    0.391575743999996   -0.054888993600000    0.063829194533336 
  -0.380553259466660    0.122929103866667    0.026073375599996    0.391808487333333   -0.068164436133333    0.046268354266666 
  -0.382426992133340    0.111324347733333    0.020578243333330    0.391575743999996   -0.054888993600000    0.063829194533336 
  -0.365632512933333    0.160659280666667    0.023621704800000    0.387747717066660   -0.079879942666667    0.059815001466666 
  -0.396849518300014    0.026548811950001    0.027877286124996    0.394878142799992   -0.039164384533334    0.054778853333331 
  -0.386494311866674    0.101062387733333    0.032943807600001    0.392660650399997   -0.066041119333334    0.045394791600002 
  -0.364757712915376    0.160755104014309    0.014862607648246    0.398271528551289   -0.027033546385690    0.036118474448246 
  -0.394421636625010    0.056572786125002    0.031542114624995    0.387379722666666   -0.074499910666667    0.069179428666670 
  -0.397679401324996    0.027413128975000    0.031982471649999    0.393402795200025   -0.037627820933335    0.062076960933337 
  -0.391992935249990    0.076422823943188    0.032679080977284    0.391697414000036   -0.039210954545448    0.071200702181851 
  -0.322698783428556    0.107330263857147    0.210596492000018    0.391613636206360   -0.009004664634917    0.079344637555567 
  -0.307605541800027    0.104468470785704    0.086965576828538    0.400092417399984   -0.064517833785724    0.037337174371402 
  -0.396394789624999    0.043085642825001    0.032659225074997    0.392641463999970   -0.038534195199998    0.066200467466664 
  -0.389654570666661    0.031627300400000    0.084725048399997    0.393152999629626    0.054009696777777    0.051154318666669 
  -0.391186387733319    0.023809420266666    0.080106689999997    0.394384262925933    0.020400199370370    0.063693773555558 
  -0.391052716181724    0.022216431454526    0.081212040181816    0.389665371717145   -0.036255375959590    0.017427251060610 
  -0.390932517866683    0.026489858133335    0.080499676533335    0.393864883296296    0.039899638629629    0.057921643296299 
  -0.387054976533318    0.040173668533332    0.092643825066661    0.393534000592600    0.043456026851850    0.058055715259262 
  -0.375896411200013    0.059438158000001    0.123190321866667    0.393384818555561    0.017027394111111    0.073774067814816 
  -0.396534919350010    0.025679355100001    0.026517912124996    0.394039212266648   -0.036845832933332    0.058403850666665 
  -0.317471818133329    0.243193528933333    0.022068638000000    0.391854546666665   -0.067609524800000    0.045349048800002 
  -0.317471818133329    0.243193528933333    0.022068638000000    0.395361941200000   -0.055708667066667    0.034419180933336 
  -0.338912763277799    0.213318959938799    0.002900108562363    0.400630292055431   -0.047132171428400    0.033636794936553 
  -0.363136164400006    0.167900795200000    0.019870061866663    0.391808487333333   -0.068164436133333    0.046268354266666 
  -0.363136164400006    0.167900795200000    0.019870061866663    0.393708215466662   -0.058866158133333    0.041298330800002 
  -0.319125543866668    0.240036037866666    0.028947787866665    0.393708215466662   -0.058866158133333    0.041298330800002 
  -0.330402481284904    0.227173085906370    0.001636273703480    0.395361941200000   -0.055708667066667    0.034419180933336 
  -0.320872344508331    0.239698613408333    0.030773205024996    0.395406275041665   -0.058966745541668    0.039191187375001 
  -0.364110343733334    0.164676772133333    0.024953858533331    0.393659474400003   -0.059304170000001    0.041016604533331 
  -0.319125543866668    0.240036037866666    0.028947787866665    0.393659474400003   -0.059304170000001    0.041016604533331 
  -0.366179868666669    0.158675516933334    0.034929211600002    0.391589949466667   -0.065305425200000    0.050991957600002 
  -0.364110343733334    0.164676772133333    0.024953858533331    0.392734036133334   -0.062090181200000    0.046382127466669 
  -0.321576219241664    0.232292999875000    0.032082609058329    0.398925648708333   -0.021938677875002    0.032644167208337 
  -0.340963683847227    0.209678979624999    0.001813064597221    0.386273848069440   -0.072612033625001    0.026027487180558 
  -0.379527092799996    0.124773469200000    0.026535977066665    0.392734036133334   -0.062090181200000    0.046382127466669 
  -0.386198739066670    0.101765628666666    0.030239495066663    0.392908039733334   -0.062369132666667    0.047718291600002 
  -0.379701096399996    0.125052420666666    0.025199812933333    0.392908039733334   -0.062369132666667    0.047718291600002 
  -0.391601901066664    0.078747409333333    0.028221813599998    0.393631158994858   -0.066496376974368    0.032818423353822 
  -0.391601901066664    0.078747409333333    0.028221813599998    0.392718342533340   -0.063571696933334    0.046898068133339 
  -0.386388436266664    0.100563064400000    0.029419271600000    0.392718342533340   -0.063571696933334    0.046898068133339 
  -0.386198739066670    0.101765628666666    0.030239495066663    0.392956223200000   -0.065337878400000    0.042690479066664 
  -0.386388436266664    0.100563064400000    0.029419271600000    0.389664355466668   -0.072359072933333    0.058141722933332 
  -0.381452686799995    0.117719821466667    0.033685742399996    0.395835952800000   -0.025724074933334    0.053323450933332 
  -0.390290437333336    0.081244856000000    0.036097988266662    0.394029806266667   -0.061074250266667    0.054774242800003 
  -0.390290437333336    0.081244856000000    0.036097988266662    0.389502469866663   -0.072128913333334    0.058877542000001 
  -0.315742332533334    0.168403835066667    0.152905708266663    0.391226109466667   -0.066056065599999    0.065515754933335 
  -0.315742332533334    0.168403835066667    0.152905708266663    0.394029806266667   -0.061074250266667    0.054774242800003 
  -0.386550321866669    0.100793223999999    0.030155090666669    0.389502469866663   -0.072128913333334    0.058877542000001 
  -0.381452686799995    0.117719821466667    0.033685742399996    0.389664355466668   -0.072359072933333    0.058141722933332 
  -0.379527092799996    0.124773469200000    0.026535977066665    0.391589949466667   -0.065305425200000    0.050991957600002 
  -0.338305907200000    0.122604699066665    0.174776418266667    0.382943011888891   -0.000518867296296    0.059444596592594 
  -0.366179868666669    0.158675516933334    0.034929211600002    0.395835952800000   -0.025724074933334    0.053323450933332 
  -0.379701096399996    0.125052420666666    0.025199812933333    0.392660650399997   -0.066041119333334    0.045394791600002 
  -0.391350567200000    0.064869919466668    0.053043511600000    0.385938072399995   -0.078573976933333    0.072681220133336 
  -0.356213729525003    0.177488990941668    0.043352889566662    0.393263155125005   -0.038179433208337    0.064514838166674 
  -0.388016865733327    0.094023949999999    0.029446416933333    0.384471528533337   -0.085343250933333    0.071972546400000 
  -0.386550321866669    0.100793223999999    0.030155090666669    0.385938072399995   -0.078573976933333    0.072681220133336 
  -0.391350567200000    0.064869919466668    0.053043511600000    0.373429851200005   -0.123486812000001    0.075844517200003 
  -0.354365394158334    0.179078519875001    0.048256655866663    0.384021478291665   -0.046127077875001    0.039996006666671 
  -0.387840147441667    0.057833590016669    0.053537122949997    0.345257213708332   -0.182126617083333    0.092419800249999 
  -0.388829480816669    0.086391382808333    0.040509313158332    0.346010501083332   -0.193386852541664    0.043568256708335 
  -0.388608933683335    0.081947190241667    0.032638847658333    0.344907765416664   -0.171165889708334    0.082920584208333 
  -0.387107894666671    0.097291906799999    0.028847177999999    0.373429851200005   -0.123486812000001    0.075844517200003 
  -0.394005701875002    0.041414556383336    0.057804346549996    0.376084985875006   -0.100031448916669    0.071083682250007 
  -0.395681602374957    0.078028526750008    0.032263131624990    0.342895900375019   -0.197188150749993    0.039819992374998 
  -0.389250318533338    0.081350783600000    0.046165284399996    0.374338822266661   -0.120218855200001    0.075245278266669 
  -0.388016865733327    0.094023949999999    0.029446416933333    0.374338822266661   -0.120218855200001    0.075245278266669 
  -0.313944710666662    0.193299442533334    0.155675778133332    0.383788007733331   -0.091310171066668    0.075401629599999 
  -0.389250318533338    0.081350783600000    0.046165284399996    0.383788007733331   -0.091310171066668    0.075401629599999 
  -0.392219613733331    0.067216483600000    0.042772593866664    0.371369527066668   -0.134353155200001    0.071852587733338 
  -0.388566797733332    0.087317703733334    0.042736201199997    0.384471528533337   -0.085343250933333    0.071972546400000 
  -0.392470900266661    0.065031834933335    0.044140130399999    0.339129565628465   -0.208046465299365    0.043977209949270 
  -0.395320979514913    0.061186163082801    0.044256935718859    0.343016107995034   -0.202802271972395    0.043817927072954 
  -0.383525683629692    0.082876412881045    0.078293516503868    0.343155439866670   -0.188695254933331    0.088079790400002 
  -0.392470900266661    0.065031834933335    0.044140130399999    0.343155439866670   -0.188695254933331    0.088079790400002 
  -0.383943021740125    0.084322575416089    0.082483661090207    0.344944133979618   -0.194893448551728    0.070121001670624 
  -0.313934438666668    0.194734403866668    0.153504424399997    0.371369527066668   -0.134353155200001    0.071852587733338 
  -0.392219613733331    0.067216483600000    0.042772593866664    0.343406726400000   -0.186510606266666    0.086712253866667 
  -0.387107894666671    0.097291906799999    0.028847177999999    0.343406726400000   -0.186510606266666    0.086712253866667 
  -0.317028636000002    0.181446044933333    0.163409144666665    0.389939805999999   -0.053013855733333    0.076019191333338 
  -0.388566797733332    0.087317703733334    0.042736201199997    0.391226109466667   -0.066056065599999    0.065515754933335 
  -0.313934438666668    0.194734403866668    0.153504424399997    0.303006335856433   -0.253229207686212    0.044688548219603 
  -0.379436914533335    0.084731020799999    0.094146133200000    0.394117376666668   -0.027251339066666    0.063913654933337 
  -0.338305907200000    0.122604699066665    0.174776418266667    0.389939805999999   -0.053013855733333    0.076019191333338 
  -0.389226292666664    0.012982749866668    0.091437380666666    0.393390931851846    0.043651613148148    0.054883392148152 
  -0.388378709066668    0.049989283066667    0.081722556933329    0.390132523066670   -0.055031056266664    0.069123234666669 
  -0.334128336533331    0.148367215733332    0.162670881866666    0.394117376666668   -0.027251339066666    0.063913654933337 
  -0.388378709066668    0.049989283066667    0.081722556933329    0.392798593629628    0.048909146037036    0.051988344074077 
  -0.329998044000005    0.166200489066666    0.153597802800003    0.391002225599997   -0.061623500133333    0.058595184000003 
  -0.334128336533331    0.148367215733332    0.162670881866666    0.386871933066671   -0.079456773466667    0.067668263066666 
  -0.393458854666665    0.014266461866667    0.071761340933333    0.386713367600002   -0.052956567066667    0.033534637333336 
  -0.383421768133333    0.056951303600001    0.099355712933332    0.391002225599997   -0.061623500133333    0.058595184000003 
  -0.395712795333338   -0.002601409333334    0.060035107199995    0.383898374133332   -0.073017976133333    0.017953572533334 
  -0.393458854666665    0.014266461866667    0.071761340933333    0.385052377466673   -0.090753877466664    0.059162018666674 
  -0.329998044000005    0.166200489066666    0.153597802800003    0.371379799066661   -0.132918193866668    0.069681234000003 
  -0.383421768133333    0.056951303600001    0.099355712933332    0.390132523066670   -0.055031056266664    0.069123234666669 
  -0.317028636000002    0.181446044933333    0.163409144666665    0.386871933066671   -0.079456773466667    0.067668263066666 
  -0.395712795333338   -0.002601409333334    0.060035107199995    0.385052377466673   -0.090753877466664    0.059162018666674 
  -0.396804500000000   -0.044708266400000    0.024955313066666    0.391263089444444   -0.017665182111110    0.033054119703707 
  -0.390393885599997    0.002197051733334    0.087295237333332    0.378565874799998   -0.106338036666665    0.027759745200003 
  -0.394906934326717   -0.064576399558868    0.009237544505867    0.371312811369907   -0.120234229705836    0.012916231745607 
  -0.385341199964006   -0.033724559358347   -0.001680374663715    0.391569210456384   -0.054902372897214   -0.010203553887900 
  -0.396804500000000   -0.044708266400000    0.024955313066666    0.371894012933330   -0.134963331333333   -0.015985281999997 
  -0.390393885599997    0.002197051733334    0.087295237333332    0.394164123444455    0.026403635074074    0.061696954851853 
  -0.397065747466665   -0.026428242933333    0.043550210133333    0.371894012933330   -0.134963331333333   -0.015985281999997 
  -0.394319370498531   -0.034176608513066    0.039205680425000    0.384604651866247   -0.109531234453408    0.009080473269052 
  -0.397205831855269   -0.048948471933811    0.032293785013617    0.386833210261150   -0.101106600794061    0.011891781836644 
  -0.396581276799998   -0.043756682133333    0.035480131066667    0.387081947787643   -0.099038900049118    0.013160787393635 
  -0.395979500677950   -0.046206376411094    0.033739805500004    0.372117236133333   -0.134011747066666   -0.005460463999996 
  -0.397065747466665   -0.026428242933333    0.043550210133333    0.383516251333337   -0.101192001999999    0.007795632133337 
  -0.396581276799998   -0.043756682133333    0.035480131066667    0.372117236133333   -0.134011747066666   -0.005460463999996 
  -0.389226292666664    0.012982749866668    0.091437380666666    0.378565874799998   -0.106338036666665    0.027759745200003 
  -0.387710626133329    0.065618236666667    0.074295166266666    0.386713367600002   -0.052956567066667    0.033534637333336 
  -0.379436914533335    0.084731020799999    0.094146133200000    0.391417872259271    0.031078984555554    0.057638407444445 
  -0.387710626133329    0.065618236666667    0.074295166266666    0.356506507600003   -0.167503798933333    0.070289300666669 
  -0.344871335466663    0.131614884000001    0.154205869466669    0.285606877587867   -0.273564671942399    0.026883046032931 
  -0.396690221318107    0.021365957067686    0.050083221259415    0.352601475733331   -0.179501256933333    0.058824789733338 
  -0.391615658000001    0.053620778666667    0.062830655333335    0.352601475733331   -0.179501256933333    0.058824789733338 
  -0.391615658000001    0.053620778666667    0.062830655333335    0.292432594501709   -0.252971822214948    0.061350011000201 
  -0.344871335466663    0.131614884000001    0.154205869466669    0.356506507600003   -0.167503798933333    0.070289300666669 
  -0.377045115832038    0.083134814595973    0.103253777623207    0.272563312103898   -0.293218966612082    0.006226569269616 
  -0.383881935029938    0.040582327577750    0.051324491394167    0.297705683310184   -0.261861836866748    0.053504756582506 
  -0.352581162873315    0.129679286212053    0.137824429748760    0.291858156580060   -0.271995251363840    0.040165438046284 
  -0.396273848133334   -0.005794947199999    0.056180276133332    0.352361258586600   -0.163831383933723    0.055307231017165 
  -0.396094918133334   -0.030775435199999    0.049877166799998    0.383516251333337   -0.101192001999999    0.007795632133337 
  -0.392246110009989   -0.058983205297511    0.025469709919937    0.371066625996667   -0.034562594765838    0.075963775806651 
  -0.396094918133334   -0.030775435199999    0.049877166799998    0.369783689955552   -0.025160004733334    0.084099594766671 
  -0.396434039429133   -0.034930230695710    0.046385671267959    0.384147959370868   -0.109693989762375    0.010631093267963 
  -0.381680862856208    0.090271500232100    0.075277390493256    0.356570805951520   -0.136119695546091    0.060816056381184 
  -0.396273848133334   -0.005794947199999    0.056180276133332    0.383898374133332   -0.073017976133333    0.017953572533334 
  -0.313944710666662    0.193299442533334    0.155675778133332    0.371379799066661   -0.132918193866668    0.069681234000003 
  -0.310648270771446    0.118906816742851    0.104832119657122    0.388935744504780   -0.011577231942851    0.102847831409544 
  -0.390675185085808   -0.056967328432954    0.030110292758402    0.371585581387791   -0.141408034845373   -0.044040727556570 
  -0.389502324163818   -0.086776983821824    0.004906546644363    0.377731584723608   -0.061002968436505    0.033652066887323 
  -0.389824809607016   -0.090203729971929    0.001532229480699    0.371281875859651   -0.129537891438597   -0.033834276385962 
  -0.395980329690087   -0.048255096438189    0.034071880560110    0.389931832869388   -0.080130060647680    0.008490171994339 
  -0.395590843466668   -0.057342959200001    0.021912970399999    0.381754744666667   -0.113738808533333   -0.009695812666664 
  -0.393247060391351   -0.040431411129122    0.035994891658247    0.384098527741984   -0.096827260462454    0.004386108591583 
  -0.395590843466668   -0.057342959200001    0.021912970399999    0.369294992666664   -0.116414325066667   -0.007851385733331 
  -0.395301814533332   -0.059172008000000    0.019586513999997    0.390271090447766   -0.085588516428585    0.001247488714282 
  -0.396543826720432   -0.038139883227039    0.042223407513039    0.382786015122055   -0.095914954587491    0.006865812897809 
  -0.394547984533331   -0.066638882666666    0.014467252266663    0.381754744666667   -0.113738808533333   -0.009695812666664 
  -0.391811692800002   -0.077080163600000    0.027515120133330    0.369294992666664   -0.116414325066667   -0.007851385733331 
  -0.391811692800002   -0.077080163600000    0.027515120133330    0.363009496800002   -0.152078008000000   -0.002741780533332 
  -0.385266553385735   -0.077132761444571    0.061030070474977    0.356605701778565   -0.139160946486143   -0.016138956631254 
  -0.378403827013337   -0.084265116983424    0.082558189782315    0.344054874371670   -0.190636094995856   -0.074215066179423 
  -0.389179765466671   -0.089058126400000    0.029489680133332    0.335197413066665   -0.208426951733333   -0.065353331200000 
  -0.386210217167368   -0.090567332431923    0.053890711873170    0.353527157066666   -0.182988979600000   -0.039429915866668 
  -0.389179765466671   -0.089058126400000    0.029489680133332    0.353527157066666   -0.182988979600000   -0.039429915866668 
  -0.391259768133333   -0.083181724533333    0.016643000933330    0.364904192800001   -0.163484331066667   -0.011250913866665 
  -0.389916996800002   -0.088486486666667    0.019005986799997    0.364904192800001   -0.163484331066667   -0.011250913866665 
  -0.391470850533331   -0.083279827466666    0.010876733333329    0.364693110400003   -0.163582434000000   -0.017017181466665 
  -0.391259768133333   -0.083181724533333    0.016643000933330    0.373626067999999   -0.142253090400000   -0.013121355200000 
  -0.391456461466661   -0.083646550400000    0.012320228399998    0.354278777466667   -0.183927342266666   -0.027502727466665 
  -0.391470850533331   -0.083279827466666    0.010876733333329    0.354264388399997   -0.183560619333333   -0.028946222533333 
  -0.391456461466661   -0.083646550400000    0.012320228399998    0.336510854666669   -0.209852013866666   -0.052955785466666 
  -0.393992819733338   -0.071678182933333    0.006485017199998    0.364693110400003   -0.163582434000000   -0.017017181466665 
  -0.389916996800002   -0.088486486666667    0.019005986799997    0.354264388399997   -0.183560619333333   -0.028946222533333 
  -0.394271416400003   -0.069468776666666    0.010160031733331    0.373626067999999   -0.142253090400000   -0.013121355200000 
  -0.393614836800005   -0.073962774533333    0.008903765866664    0.337171764666664   -0.211426933866666   -0.041921913066667 
  -0.393513272517759   -0.060498347326181    0.043777371400133    0.363009496800002   -0.152078008000000   -0.002741780533332 
  -0.393614836800005   -0.073962774533333    0.008903765866664    0.354278777466667   -0.183927342266666   -0.027502727466665 
  -0.396540754400000   -0.006644951333334    0.026927802266664    0.390287906257132   -0.087626026714311   -0.021916763885707 
  -0.395849604571270   -0.034622901999989    0.045897032999987    0.390584113326588   -0.099616577000020   -0.013787093571426 
  -0.398279510000005   -0.035815441333334    0.019216610533330    0.380769819066662   -0.150376173200000   -0.022526266133332 
  -0.396540754400000   -0.006644951333334    0.026927802266664    0.382508574666667   -0.121205683200000   -0.014815074399998 
  -0.394547984533331   -0.066638882666666    0.014467252266663    0.373902636133327   -0.145082984400000   -0.017428575733332 
  -0.398279510000005   -0.035815441333334    0.019216610533330    0.373902636133327   -0.145082984400000   -0.017428575733332 
  -0.395301814533332   -0.059172008000000    0.019586513999997    0.382508574666667   -0.121205683200000   -0.014815074399998 
  -0.388424039142811    0.091491763142819    0.027671915714283    0.385070017877511   -0.150713914591838   -0.022395122530605 
  -0.388953072000004    0.031386154799998    0.003873439599994    0.384881077571371   -0.172180203285702   -0.030894578285709 
  -0.386089769999990   -0.054491176800002   -0.014621137600005    0.381724253066667   -0.179001950400000   -0.028691125199998 
  -0.386089769999990   -0.054491176800002   -0.014621137600005    0.375428802533338   -0.161911794266666   -0.022865318799997 
  -0.388953072000004    0.031386154799998    0.003873439599994    0.380769819066662   -0.150376173200000   -0.022526266133332 
  -0.396753343599994   -0.052644251200000    0.013779867466665    0.375428802533338   -0.161911794266666   -0.022865318799997 
  -0.394908295066663   -0.065889481733333    0.010927727199999    0.366816755600000   -0.179037070800000   -0.023544336266665 
  -0.396753343599994   -0.052644251200000    0.013779867466665    0.364971707066669   -0.165791840266667   -0.020692195999999 
  -0.392959955466661   -0.076961365200000    0.011948734666665    0.356605100000002   -0.197283817333333   -0.024062971333332 
  -0.394908295066663   -0.065889481733333    0.010927727199999    0.354656760400000   -0.186211933866667   -0.025083978799999 
  -0.392959955466661   -0.076961365200000    0.011948734666665    0.337863627199999   -0.214230785466666   -0.031481781066666 
  -0.334789717600006   -0.218029608400001   -0.020767762800006    0.356605100000002   -0.197283817333333   -0.024062971333332 
  -0.393992819733338   -0.071678182933333    0.006485017199998    0.354656760400000   -0.186211933866667   -0.025083978799999 
  -0.357983067999999   -0.176731440800001   -0.026133069200006    0.366816755600000   -0.179037070800000   -0.023544336266665 
  -0.378106191200004   -0.128165388800002   -0.024937612000008    0.373524463333335   -0.195225754800000   -0.023942821999998 
  -0.357983067999999   -0.176731440800001   -0.026133069200006    0.364336216799999   -0.211049873200000   -0.022274535866666 
  -0.334789717600006   -0.218029608400001   -0.020767762800006    0.339693695999995   -0.223818643733333   -0.024895416400000 
  -0.378106191200004   -0.128165388800002   -0.024937612000008    0.378089995466667   -0.186469864933333   -0.026304143599998 
  -0.394271416400003   -0.069468776666666    0.010160031733331    0.364971707066669   -0.165791840266667   -0.020692195999999 
  -0.381002903464285   -0.089485551507077    0.085158520272784    0.335197413066666   -0.208426951733333   -0.065353331200000 
  -0.349340023386482   -0.010051924118912    0.162466871701096    0.344231505200006   -0.188447412666666   -0.079758897866666 
  -0.361876939969758   -0.036411151033559    0.167214083800232    0.331281279132561   -0.215675634633390   -0.074855182549940 
  -0.384335178695283   -0.046890191135295    0.097803423285168    0.375296028133327   -0.137865622266666   -0.026623559066665 
  -0.387359865945284   -0.058374350505063    0.094194277967277    0.370901658263677   -0.154550204751264   -0.031867049758180 
  -0.388496673959409   -0.050389900916447    0.082728326615377    0.380681412366906   -0.133336653547180   -0.007114901054958 
  -0.382292304799997   -0.089950432799999    0.077536754666664    0.375296028133327   -0.137865622266666   -0.026623559066665 
  -0.383313669333340   -0.093628547200000    0.074285582799998    0.344231505200006   -0.188447412666666   -0.079758897866666 
  -0.387866323866668   -0.090483188533333    0.041887225866666    0.336510854666669   -0.209852013866666   -0.052955785466666 
  -0.387866323866668   -0.090483188533333    0.041887225866666    0.342217431599996   -0.189370783733332   -0.084525071999999 
  -0.386582742933327   -0.093812963066666    0.055582601599997    0.376317392666670   -0.134187507866666   -0.023372387199998 
  -0.383313669333340   -0.093628547200000    0.074285582799998    0.376317392666670   -0.134187507866666   -0.023372387199998 
  -0.386193603999997   -0.092185631200000    0.051698870133331    0.376706531600000   -0.132560176000000   -0.027256118666664 
  -0.386582742933327   -0.093812963066666    0.055582601599997    0.343501012533337   -0.192700558266666   -0.070829696266668 
  -0.381299595733329   -0.092705176133333    0.079051756933330    0.342217431599996   -0.189370783733332   -0.084525071999999 
  -0.389422920800007   -0.089202588266667    0.043290967866667    0.343501012533337   -0.192700558266666   -0.070829696266668 
  -0.382292304799997   -0.089950432799999    0.077536754666664    0.382566930133339   -0.116682883333333   -0.030177338266666 
  -0.381299595733329   -0.092705176133333    0.079051756933330    0.335713134444308   -0.202830482188995   -0.054738331313051 
  -0.385215536400005   -0.092023259200000    0.063718158799999    0.379643698533331   -0.118755709733333   -0.043995934133331 
  -0.385215536400005   -0.092023259200000    0.063718158799999    0.386532947999998   -0.076880469636362   -0.026207833454545 
  -0.391435886298240   -0.055257776070176    0.070757121561403    0.389360379771923   -0.093592052877191   -0.029407361982455 
  -0.382546685159997   -0.107072404480001    0.062908195053333    0.388959176400006   -0.090561510800000   -0.026944164133333 
  -0.386193603999997   -0.092185631200000    0.051698870133331    0.379643698533331   -0.118755709733333   -0.043995934133331 
  -0.386492932666662   -0.094085318400000    0.053510929333332    0.379344369866665   -0.120655396933333   -0.042183874933331 
  -0.386492932666662   -0.094085318400000    0.053510929333332    0.388959176400006   -0.090561510800000   -0.026944164133333 
  -0.387043808266670   -0.095781153333333    0.050270028933333    0.388408300799999   -0.092257345733333   -0.030185064533331 
  -0.388852127733336   -0.089492219866667    0.044425768933333    0.379344369866665   -0.120655396933333   -0.042183874933331 
  -0.387891071933335   -0.094819028866667    0.037177850173331    0.389760695333333   -0.089728403333333   -0.015948882933333 
  -0.387043808266670   -0.095781153333333    0.050270028933333    0.390530935030301   -0.090603061939393   -0.004046902242422 
  -0.387642308600003   -0.094933525533334    0.038219573222220    0.389138787000004   -0.089442161666666   -0.018553190555554 
  -0.389098656133334   -0.090945458666666    0.042416729733331    0.389760695333333   -0.089728403333333   -0.015948882933333 
  -0.382315739799991   -0.109561257511113    0.054522459488888    0.388381812999992   -0.084339378222221   -0.005979825222220 
  -0.389098656133334   -0.090945458666666    0.042416729733331    0.388408300799999   -0.092257345733333   -0.030185064533331 
  -0.387553915076192   -0.042063015809524    0.071197108009523    0.382566930133339   -0.116682883333333   -0.030177338266666 
  -0.388742574000003   -0.087245177600000    0.040677552266665    0.376706531600000   -0.132560176000000   -0.027256118666664 
  -0.392922974266670   -0.076766626133333    0.019343897866664    0.337863627199999   -0.214230785466666   -0.031481781066666 
  -0.392922974266670   -0.076766626133333    0.019343897866664    0.344873643199996   -0.196681676133333   -0.050892829199999 
  -0.391129886666666   -0.086549223466666    0.018535099333332    0.345455924400001   -0.201178852399999   -0.035919886933330 
  -0.392340693066664   -0.081263802400000    0.034316840133332    0.345455924400001   -0.201178852399999   -0.035919886933330 
  -0.389972631600002   -0.096388043066666    0.026966860666664    0.378719632399998   -0.130037238266666   -0.031307107866665 
  -0.389972631600002   -0.096388043066666    0.026966860666664    0.346613179466666   -0.211017672000000   -0.027488125599998 
  -0.390795551466666   -0.085221470400000    0.023354100799997    0.344873643199996   -0.196681676133333   -0.050892829199999 
  -0.391129886666666   -0.086549223466666    0.018535099333332    0.339693695999995   -0.223818643733333   -0.024895416400000 
  -0.292187748800006   -0.228988004000001   -0.006796886000001    0.347613614000000   -0.236816776909098   -0.017850851636359 
  -0.312380164607408   -0.165675505674082    0.020164256903705    0.318621464740743   -0.060929510592578   -0.020289200370373 
  -0.346501354013333   -0.128364746873333    0.024575754266665    0.380659990933335   -0.128767253866667   -0.028310104666665 
  -0.289986792826670   -0.285746034800019    0.014405116720005    0.346613179466666   -0.211017671999999   -0.027488125599998 
  -0.392340693066664   -0.081263802400000    0.034316840133332    0.377386878400004   -0.130602765333333   -0.029869534266665 
  -0.292187748800006   -0.228988004000001   -0.006796886000001    0.353894352266661   -0.227471442266666   -0.020238457466665 
  -0.390756477199996   -0.084916152800000    0.037697426533329    0.379234816133332   -0.122902439200000   -0.038435658266663 
  -0.388742574000003   -0.087245177600000    0.040677552266665    0.379234816133332   -0.122902439200000   -0.038435658266663 
  -0.389235258633330   -0.090853949041667    0.030918879583332    0.389624092833337   -0.089636893708333   -0.027446733083332 
  -0.388852127733336   -0.089492219866667    0.044425768933333    0.388161772400000   -0.093710584533333   -0.032194103733334 
  -0.390756477199996   -0.084916152800000    0.037697426533329    0.388161772400000   -0.093710584533333   -0.032194103733334 
  -0.389422920800007   -0.089202588266667    0.043290967866667    0.377386878400004   -0.130602765333333   -0.029869534266665 
  -0.389876680733333   -0.090017223500000    0.036583774533332    0.389915648333338   -0.090017223500000   -0.030021685333332 
  -0.388360645733336   -0.106262567750000    0.032976846466664    0.379157905333334   -0.138264825750000   -0.030604515666666 
  -0.388032273066665   -0.095118058666667    0.029963863866664    0.379486278000005   -0.127120316666667   -0.033617498266667 
  -0.350265010683334   -0.128264120125000    0.024855203266665    0.361841707583333   -0.128264120125000   -0.026912859666666 
  -0.388032273066665   -0.095118058666667    0.029963863866664    0.380659990933335   -0.128767253866667   -0.028310104666665 
  -0.390095200600001   -0.092215831433333    0.035762256933332    0.388823048999996   -0.101010263166667   -0.034129273333331 
  -0.386733248966670   -0.098262003250000    0.032562758433332    0.387294889166663   -0.098262003250000   -0.032674955833330 
  -0.391007939066670   -0.080698275333333    0.032879266533333    0.379486278000005   -0.127120316666667   -0.033617498266667 
  -0.391007939066670   -0.080698275333333    0.032879266533333    0.378719632399998   -0.130037238266666   -0.031307107866665 
  -0.389191485533331   -0.091158212875000    0.033157753516665    0.389842958333335   -0.091158212875000   -0.016252363416665 
  -0.390795551466666   -0.085221470400000    0.023354100799997    0.337171764666664   -0.211426933866666   -0.041921913066667 
  -0.381521858533332    0.126038850933333   -0.025643228533337    0.386996768399998    0.107427824666667    0.027141108000001 
  -0.388276680847628    0.100472530066715   -0.024839793409524    0.379044846133335    0.126038850933333    0.024881192266669 
  -0.390530192533326    0.100210012799955   -0.024948440933334    0.347495682533569    0.122363609198688    0.023360126933331 
  -0.390530192533326    0.100210012799955   -0.024948440933334    0.384430275999997    0.109155035866667    0.027261479200001 
  -0.355163065111128    0.222803932666741   -0.021846419333340    0.386244896133326    0.124257777733378    0.027238374800000 
  -0.381521858533332    0.126038850933333   -0.025643228533337    0.379044846133335    0.126038850933333    0.024881192266669 
  -0.389980287466665    0.107427824666667   -0.026962912400002    0.386996768399998    0.107427824666667    0.027141108000001 
  -0.389980287466665    0.107427824666667   -0.026962912400002    0.398803447466670    0.066335889333333    0.028003438799999 
  -0.397511716666668    0.066335889333333   -0.027295255600006    0.398803447466670    0.066335889333333    0.028003438799999 
  -0.397511716666668    0.066335889333333   -0.027295255600006    0.398723761599998    0.058085650266666    0.027806321866664 
  -0.397157017733336    0.058085650266666   -0.024232798933338    0.398723761599998    0.058085650266666    0.027806321866664 
  -0.397157017733336    0.058085650266666   -0.024232798933338    0.398790665999998    0.056358636533333    0.029420021733339 
  -0.391015139066667    0.096114290666667   -0.027344826666664    0.399957508000004    0.054877108133333    0.029312503466671 
  -0.391015139066667    0.096114290666667   -0.027344826666664    0.397768595866667    0.055022355333333    0.027621524533337 
  -0.388715572399997    0.115312754666666   -0.024971545333335    0.386244896133326    0.124257777733378    0.027238374800000 
  -0.388715572399997    0.115312754666666   -0.024971545333335    0.397530287600004    0.046529723866667    0.026920537600006 
  -0.384326659199996    0.119273430666667   -0.026223844266667    0.397530287600004    0.046529723866667    0.026920537600006 
  -0.384326659199996    0.119273430666667   -0.026223844266667    0.398866077733336    0.041797423466666    0.028625828266665 
  -0.385480963066667    0.116081775733333   -0.025479266400005    0.398719071866663    0.034689023466666    0.028089445466666 
  -0.385480963066667    0.116081775733333   -0.025479266400005    0.400764896933333    0.047298744933333    0.026412816533336 
  -0.384088350933333    0.127766062133333   -0.025522857333336    0.397768595866667    0.055022355333333    0.027621524533337 
  -0.357269456666669    0.191874119866666   -0.020292559733336    0.384981061200001    0.105699890053333    0.028170690560003 
  -0.359479166133337    0.179709474266666   -0.024039305066666    0.400974745600001    0.034767746266666    0.027727878133339 
  -0.384088350933333    0.127766062133333   -0.025522857333336    0.384430275999997    0.109155035866667    0.027261479200001 
  -0.359479166133337    0.179709474266666   -0.024039305066666    0.400764896933333    0.047298744933333    0.026412816533336 
  -0.370225969200002    0.199315820000000   -0.019527178400002    0.391884189679998    0.076499265066667    0.029419027760002 
  -0.361912229733336    0.183747677866666   -0.019320978133336    0.388558693893331    0.082726521920000    0.029336547653336 
  -0.361912229733336    0.183747677866666   -0.019320978133336    0.398555187466665    0.035134099333333    0.022666071200005 
  -0.367948946933332    0.172178046666667   -0.018639856266668    0.399017375333339    0.027367288400000    0.020528438533336 
  -0.367948946933332    0.172178046666667   -0.018639856266668    0.393250403040000    0.060216601066667    0.029951421040003 
  -0.363632753200000    0.209971622800000   -0.020875467866669    0.387526379813333    0.098460888880000    0.028403853813336 
  -0.373962939466666    0.192958293733333   -0.018038764400001    0.395656000053333    0.051904502240000    0.029710984293336 
  -0.376375321199998    0.188655033466667   -0.016495788266669    0.396980065813338    0.021153494613333    0.028902449173340 
  -0.387941220599905    0.121474935699998   -0.019271100099998    0.386741328666716   -0.100434143666665    0.019187229000006 
  -0.380179248749982    0.181530547374998   -0.013405335749997    0.391915976566664   -0.060397069216665    0.023097738566673 
  -0.378301440933334    0.185089898400000   -0.014964155733336    0.395125285573337   -0.017583432560000    0.026741310693337 
  -0.373603826399994    0.160485982000000   -0.018230109066663    0.395871467893336    0.032421115200000    0.029596177493338 
  -0.367479064800000    0.163504631866666   -0.019382207466667    0.399487257466672    0.018693873600000    0.019786087333337 
  -0.361450041866662    0.175980866933333   -0.021458610800005    0.399017375333339    0.027367288400000    0.020528438533336 
  -0.373603826399994    0.160485982000000   -0.018230109066663    0.399487257466672    0.018693873600000    0.019786087333337 
  -0.373296790666670    0.150295050800000   -0.017641387733333    0.399857895866664    0.016569638666666    0.015348751733340 
  -0.379109531200000    0.135697587466667   -0.016527669466670    0.400076581066666    0.010908180666666    0.016725123600001 
  -0.373296790666670    0.150295050800000   -0.017641387733333    0.399794293199996    0.008502942400000    0.020374808666668 
  -0.367479064800000    0.163504631866666   -0.019382207466667    0.399611808266665    0.021464414266667    0.016491113333340 
  -0.379109531200000    0.135697587466667   -0.016527669466670    0.399794293199996    0.008502942400000    0.020374808666668 
  -0.387499255026900    0.111903815733388   -0.016535639573348    0.399344979866661   -0.018119713333333    0.024375250133335 
  -0.382261873066667    0.140852521333333   -0.017984199866665    0.399685311333330   -0.004291522400000    0.021891412933337 
  -0.384786212074980    0.139744493100008   -0.017493621100002    0.397258023749799   -0.039535618999964    0.025112158999992 
  -0.382261873066667    0.140852521333333   -0.017984199866665    0.392749026293338   -0.044125858800000    0.024929284213340 
  -0.382602204533335    0.127024330400000   -0.015500362666667    0.399933575408740   -0.010366908414043    0.025432176579946 
  -0.382525073405149    0.117149799805681   -0.011079149682521    0.399833220133337    0.002480838799999    0.019679738400005 
  -0.387363834208616    0.113504637174968   -0.016321202750412    0.400022083958083   -0.010115606125434    0.025447434248015 
  -0.382602204533335    0.127024330400000   -0.015500362666667    0.399344979866661   -0.018119713333333    0.024375250133335 
  -0.379000549333333    0.148492052266667   -0.018044273733339    0.399685311333330   -0.004291522400000    0.021891412933337 
  -0.361450041866662    0.175980866933333   -0.021458610800005    0.399279669866670    0.025850926800000    0.020393075466666 
  -0.379000549333333    0.148492052266667   -0.018044273733339    0.395404928933337   -0.002944294106666    0.027973357893338 
  -0.357269456666669    0.191874119866666   -0.020292559733336    0.398555187466665    0.035134099333333    0.022666071200005 
  -0.396277970266662    0.063127347200000   -0.025789073999999    0.399957508000004    0.054877108133333    0.029312503466671 
  -0.392106569333335    0.083034606000000   -0.028031501866671    0.398866077733336    0.041797423466666    0.028625828266665 
  -0.392106569333335    0.083034606000000   -0.028031501866671    0.399275593466662    0.055797910133333    0.031377772266668 
  -0.395793042799998    0.062566620800000   -0.023831323466671    0.399275593466662    0.055797910133333    0.031377772266668 
  -0.395793042799998    0.062566620800000   -0.023831323466671    0.397421891600000    0.064039427066666    0.034009477066669 
  -0.393493303866664    0.072096233733333   -0.028562609333335    0.397421891600000    0.064039427066666    0.034009477066669 
  -0.393493303866664    0.072096233733333   -0.028562609333335    0.397888858933334    0.044859537866666    0.030846664800004 
  -0.396277970266662    0.063127347200000   -0.025789073999999    0.398790665999998    0.056358636533333    0.029420021733339 
  -0.384648034933336    0.109022802133333   -0.027295473066670    0.397888858933334    0.044859537866666    0.030846664800004 
  -0.383225289333329    0.116160498533333   -0.025840833733332    0.400974745600001    0.034767746266666    0.027727878133339 
  -0.383225289333329    0.116160498533333   -0.025840833733332    0.397714489066667    0.041717309333333    0.030311418800000 
  -0.361174241866668    0.170792654800000   -0.031374107733340    0.399151088266664    0.044294857066666    0.031390524666665 
  -0.381788690133332    0.118738046266666   -0.024761727866667    0.399151088266664    0.044294857066666    0.031390524666665 
  -0.381788690133332    0.118738046266666   -0.024761727866667    0.395721790266665    0.053278686800000    0.035162407333337 
  -0.362350640799999    0.165025027066666   -0.041036788266668    0.397974689333334    0.038527229333333    0.021727844133337 
  -0.384473665066669    0.112165030666667   -0.026760227066666    0.397714489066667    0.041717309333333    0.030311418800000 
  -0.361174241866668    0.170792654800000   -0.031374107733340    0.399279669866670    0.025850926800000    0.020393075466666 
  -0.384648034933336    0.109022802133333   -0.027295473066670    0.396060507600002    0.054447363733333    0.033750622266666 
  -0.384473665066669    0.112165030666667   -0.026760227066666    0.398719071866663    0.034689023466666    0.028089445466666 
  -0.384986752266673    0.107854125200000   -0.025883687999999    0.395721790266665    0.053278686800000    0.035162407333337 
  -0.394854687866662    0.062504170400000   -0.028821464133337    0.397473809235080    0.042572826442105    0.037438962870180 
  -0.382257409760145    0.121007357224604   -0.020668522895661    0.396976494770440    0.040640496603718    0.039839789797251 
  -0.384986752266673    0.107854125200000   -0.025883687999999    0.395396349108766    0.033025467536842    0.036820483684214 
  -0.380726114533331    0.122031215866666   -0.023549000533334    0.396345971223738    0.040218914291560    0.041025850423903 
  -0.380726114533331    0.122031215866666   -0.023549000533334    0.396784365866665    0.056571856400000    0.036375134666669 
  -0.363749598400000    0.161191109333333   -0.044278061733333    0.395385408266664    0.052737938666667    0.033133861200004 
  -0.362350640799999    0.165025027066666   -0.041036788266668    0.396784365866665    0.056571856400000    0.036375134666669 
  -0.363749598400000    0.161191109333334   -0.044278061733333    0.390540945464941    0.034303945328140    0.056837939985911 
  -0.359808165694959    0.172413704394818   -0.041348674962516    0.393454184720178    0.042598925079270    0.059003143649950 
  -0.376478596510655    0.137739872825632   -0.021837465265444    0.398921396957362    0.049743648302531    0.042063616938229 
  -0.360142380533330    0.169912195333333   -0.038958076266666    0.395385408266664    0.052737938666667    0.033133861200004 
  -0.394854687866662    0.062504170400000   -0.028821464133337    0.396060507600002    0.054447363733333    0.033750622266666 
  -0.360719902266669    0.170350513733333   -0.031613355333332    0.397974689333334    0.038527229333333    0.021727844133337 
  -0.367232977200001    0.158609856266666   -0.020524569066667    0.399857895866664    0.016569638666666    0.015348751733340 
  -0.367232977200001    0.158609856266666   -0.020524569066667    0.398372690533332    0.037283388666666    0.015475061733336 
  -0.373078105466667    0.144633592800000   -0.016265015866672    0.398381253066668    0.036206744933333    0.016318577466666 
  -0.367224414666665    0.157533212533333   -0.019681053333337    0.398381253066668    0.036206744933333    0.016318577466666 
  -0.373087632800002    0.143750146933333   -0.012812512133333    0.399228752264142    0.019436379984629    0.030896242346498 
  -0.373087632800002    0.143750146933333   -0.012812512133333    0.398371725733333    0.035323299066666    0.019771081200004 
  -0.361117903466667    0.171594354400000   -0.025360572933331    0.398372690533332    0.037283388666666    0.015475061733336 
  -0.373078105466667    0.144633592800000   -0.016265015866672    0.400076581066666    0.010908180666666    0.016725123600001 
  -0.379378638896510    0.106287282750990   -0.010109086479070    0.398345978970152    0.014340336217657    0.023235049387600 
  -0.377970925979033    0.127926390761707   -0.029156216482256    0.397474544379028    0.013752068838292    0.025025152082254 
  -0.379279947033100    0.110161291052584   -0.013284915331933    0.398783565433095    0.031517168547416    0.009153850931931 
  -0.379352892133329    0.127270245600000   -0.013573054666665    0.398371725733333    0.035323299066666    0.019771081200004 
  -0.382494186081407    0.118354479516381   -0.010286972666151    0.399975470832543    0.008028957264259    0.023328087328314 
  -0.367224414666665    0.157533212533333   -0.019681053333337    0.396439574137879    0.051734349489961    0.019999373394388 
  -0.379352892133329    0.127270245600000   -0.013573054666665    0.399833220133337    0.002480838799999    0.019679738400005 
  -0.368637473979749    0.117816688421589   -0.004758175995470    0.395966780081000    0.038445638686358    0.024992403518138 
  -0.364350247814906    0.161164330399340   -0.039871627853842    0.389521721240378    0.036588028097363    0.055198524584623 
  -0.360719902266669    0.170350513733333   -0.031613355333332    0.395962930000004    0.052299620266667    0.025789140266670 
  -0.366292144449097    0.156427597110613   -0.031005282024679    0.395962930000004    0.052299620266667    0.025789140266670 
  -0.360142380533329    0.169912195333333   -0.038958076266666    0.393854573441359    0.045595728031029    0.056139211098795 
  -0.361117903466667    0.171594354400000   -0.025360572933331    0.399611808266665    0.021464414266667    0.016491113333340 
  -0.179117064116668    0.087436795799999   -0.002384034133334    0.201772146227775   -0.018903322800001    0.016304310022223 
  -0.180216080690000    0.089833726859999   -0.000072326260000    0.199207774223334   -0.013310483660001    0.021698295060000 
  -0.179651781659996    0.083055842260000    0.029038284610001    0.198176494459997   -0.013401063393335    0.024895579256667 
  -0.159548908429999    0.119920340550000    0.011201964039999    0.198223623163334   -0.014743179550001    0.021161424093334 
  -0.159970759950000    0.119746739370000    0.013127035619999    0.197239302949998   -0.015148248970001    0.025653257780001 
  -0.197021450860000    0.020028057240001    0.029137717629998    0.175729983993332   -0.082174570773333    0.043840743970000 
  -0.197202540259999    0.015234454040001    0.021273414049999    0.175307442060000   -0.093359644906666    0.025490702283333 
  -0.189426709439995    0.052910413460001    0.036997242450001    0.175368329639999   -0.083740397260000    0.043466480883333 
  -0.198187659849992    0.039268659700002    0.014512649199999    0.171794808850024   -0.098848471699995    0.021528912799995 
  -0.196692651510002    0.041093282840000    0.016311816080001    0.175283161643334   -0.094591017706666    0.025726968853333 
  -0.192938526342106   -0.042588776115788    0.032379602426316    0.191900773078948   -0.031836138357895   -0.011704722636842 
  -0.192104196100000   -0.051731060783334    0.023929660966668    0.195137232700001   -0.045219257083333    0.000341656166666 
  -0.194173371499999   -0.046093921800000    0.014767513566666    0.194921610699999   -0.046093921800000   -0.004934322233333 
  -0.192628743666668   -0.051520424883334    0.018005987733336    0.194612685133333   -0.045008621183333   -0.005582017066667 
  -0.191284131919445   -0.049983292061110    0.037413958925000    0.194973219863890   -0.045568810827778   -0.002355203425001 
  -0.198536224199999    0.026986418300000   -0.010500384024999    0.198796351000000    0.026986418300000    0.012959910875001 
  -0.197701178200003    0.031860378500000   -0.010299257200001    0.198391138299996    0.026968572500000    0.013569399200000 
  -0.197701178200003    0.031860378500000   -0.010299257200001    0.198518002333335    0.025361764900000    0.012892868600001 
  -0.198401153299998    0.026992366900000   -0.010703546799998    0.198391138299996    0.026968572500000    0.013569399200000 
  -0.197631612700002    0.030903925300000   -0.012229944500001    0.198446037100003    0.032399098633333    0.017319021300000 
  -0.197193021866661    0.033499053600000   -0.008894003561112    0.197100931199992    0.037387672399999    0.018671817283334 
  -0.196501243905261    0.020275141523685   -0.014116865860527    0.197810804589470    0.032263356897368    0.018425615228948 
  -0.197631612700002    0.030903925300000   -0.012229944500001    0.197202144469225    0.037986548161538    0.019441649807693 
  -0.197642612724998    0.035694159800000   -0.007969712450001    0.198449703775002    0.030802353800000    0.015898943950000 
  -0.091981248975000    0.039302656025000    0.002596099250000    0.101477095741667   -0.001041034425000    0.008216885150000 
  -0.080873406025001    0.058360322900000    0.008579335350000    0.099507677525000   -0.006061077700000    0.010810811350000 
  -0.091981248975000    0.039302656025000    0.002596099250000    0.099507677525000   -0.006061077700000    0.010810811350000 
  -0.098602482475000    0.011484004550000    0.013768112716667    0.091573292575002   -0.026898996450000    0.026463748950000 
  -0.100439227500000    0.003889690616667    0.010994915866667    0.089491678400000   -0.042952286049999    0.012387142299999 
  -0.099296353866668    0.006132908016667    0.009075910500000    0.089491678400000   -0.042952286049999    0.012387142299999 
  -0.083518201008334    0.051414349983333    0.013796981216666    0.091573292575002   -0.026898996450000    0.026463748950000 
  -0.096569876238268   -0.015676928285413    0.015911621857903    0.097985456221683   -0.020988406415103   -0.002458846191775 
  -0.096812605659810   -0.017052199780342    0.015088792689174    0.098879410523447   -0.015923384378748    0.000571572083553 
  -0.097669700533334   -0.019512237683334    0.007439773566668    0.098061470866668   -0.019512237683334   -0.003765151633333 
  -0.097762077960539   -0.020008300533708    0.007166594377481    0.098523358002697   -0.017031923431461   -0.002399255687402 
  -0.099541137212499    0.010205963125000   -0.005449408950000    0.099497157037500    0.010205963125000    0.006278903350001 
  -0.099480931399016    0.010646993767191   -0.005044118843132    0.099477088433006    0.010058952910936    0.006143806647711 
  -0.099440945322442    0.010345720993359   -0.005159618623816    0.099349132899999    0.011023026450000    0.006513406200000 
  -0.099491795833332    0.009933608683333   -0.005527576566666    0.099349132899999    0.011023026450000    0.006513406200000 
  -0.099530791282537    0.011059873879016   -0.004569549845975    0.099109543947610    0.012927431962953    0.008086921137923 
  -0.099580409359090    0.011321498254546   -0.004803964881819    0.099258398177271    0.012142558836363    0.008790166245455 
  -0.099112486543334    0.015829618308333   -0.004704723296666    0.099065724076665    0.010286274108333    0.008749302063333 
  -0.099127339507742    0.014419348728475   -0.004324307265011    0.099092002398310    0.012781366441929    0.008076258315021 
  -0.075880040699029    0.025240309422006    0.004008179455016    0.080895032766991   -0.001150403548220    0.006939496729450 
  -0.072001183919565    0.029475209368843    0.018873465384785    0.078710453723914   -0.008681139347101    0.012608877463042 
  -0.072997881375001    0.032958216241666    0.002172220691668    0.078557115653847   -0.008145292135898    0.010039455202563 
  -0.072434338286221    0.027544956950220    0.020059659484443    0.078878411539556   -0.007932674123553    0.012148924648889 
  -0.073398202128001    0.031415256161332    0.003460215117333    0.079419344968001   -0.004821993501332    0.007265313362667 
  -0.076174220584796    0.024303671225341    0.004522107331774    0.079534450795322   -0.005482355207798    0.009316413159453 
  -0.077007324860741    0.014384103857778    0.016816345008890    0.076819850434073   -0.020352477617777    0.007470061551112 
  -0.078496784488882    0.007447245822228    0.013501663333304    0.075872012488892   -0.024766841822218    0.005360718666648 
  -0.076817839609778    0.007561385436445    0.008281616258666    0.068974099236444   -0.037016887863110    0.008888825981333 
  -0.075486999156487    0.018161300472655    0.017186166921757    0.068458059060678   -0.041127058999600    0.005436041030339 
  -0.079685389104477    0.003099453482587    0.010707349060696    0.075150359686566   -0.027406572885571    0.003664170715422 
  -0.072275353286215    0.028253436892731    0.019624278743860    0.078535982308773   -0.009458630922808    0.013086667782453 
  -0.077228876637273   -0.011928140528485    0.017137102571212    0.078882320528182   -0.014452326798788   -0.004608810753030 
  -0.077750536526666   -0.013771808286667    0.013122435489999    0.078257941806666   -0.015814010353334   -0.006469706343333 
  -0.077219159990991   -0.011973733628829    0.016933367430180    0.078789318342342   -0.014015935695496   -0.002658774403152 
  -0.077968774166666   -0.015609790146667    0.008945274940001    0.078282190433333   -0.015609790146667   -0.006005577393333 
  -0.079566159533334    0.008535065155556   -0.004312338411112    0.079477735266667    0.008535065155556    0.005165239922223 
  -0.079598292133333    0.008154037400000   -0.004392635666667    0.079386746300001    0.008913364066667    0.005937195133333 
  -0.079598292133333    0.008154037400000   -0.004392635666667    0.079484161786667    0.008611270706667    0.005181299373334 
  -0.079547961740000    0.008459405373333   -0.004466729453334    0.079386746300001    0.008913364066667    0.005937195133333 
  -0.079699900830630    0.009108523741892   -0.003697622979729    0.079558210019818    0.006547311690540    0.006877422898648 
  -0.079571726081820    0.009682247824242   -0.003440956436365    0.079314117136364    0.009088997848485    0.006629917527274 
  -0.079661892379788    0.010609287110283   -0.003533169542908    0.079558854230849    0.006572748357801    0.006880210245035 
  -0.079654388761111    0.008555100622222   -0.003656753800000    0.079330649672223    0.009314427288889    0.006673077000001 
  -0.058168982460715    0.014498263792857    0.004308037953571    0.060382025796429   -0.001209456735714    0.005409406767857 
  -0.057367823538094    0.016752933087830    0.006098938980685    0.059901330442856   -0.002562258312698    0.004334866151589 
  -0.057432414079804    0.016852849057980    0.005704915301139    0.060016382345277   -0.002740233634528    0.005036720830781 
  -0.058294591516667    0.014019653000926    0.004138131305555    0.059753980516666   -0.003602510695371    0.004559873527777 
  -0.057955001646666    0.013905649648000    0.007105136114000    0.058815026846666   -0.009851206868000    0.005857303925999 
  -0.058768729318851    0.006461829055550    0.010862425604924    0.058567370598609   -0.012116717483093    0.007000826814541 
  -0.059227842479853    0.004549783587050    0.009921599604605    0.057248973360440   -0.017607380088851    0.004299134713815 
  -0.058844750910676    0.004998729854127    0.010294953961909    0.058703401024876   -0.009498698006481    0.008016241088839 
  -0.057937803287046    0.013984896360104    0.006932303820466    0.058539853092746   -0.011119154261657    0.008622620622542 
  -0.057893120112438   -0.008916275845247    0.013133868091342    0.059074703567463   -0.010641600752852   -0.002391879594805 
  -0.057827145107142   -0.005970488546428    0.014975352814286    0.059035118564286   -0.012409073132143   -0.003496770428572 
  -0.058442042530021   -0.011609855412000    0.007392203308220    0.058823877929622   -0.010654226827997   -0.002385855143780 
  -0.057917815235292   -0.008985923324925    0.012986800108830    0.058505908595292   -0.012245769175075   -0.005779250028829 
  -0.058186584882666   -0.010301716358333    0.010634422535337    0.058774678242665   -0.010929976141667   -0.003426872455336 
  -0.058452158361112   -0.011662945888889    0.007241250143053    0.058631677138887   -0.011662945888889   -0.005253965281950 
  -0.057898037390084   -0.005957758534599    0.014722892775317    0.058680657149577   -0.012345423072996   -0.004759070623419 
  -0.059744803782054    0.006780738779393   -0.002917409518697    0.059623485056411    0.006292712804121    0.004023972403739 
  -0.059724683750000    0.006374050466667   -0.002741692875000    0.059619461050000    0.006374050466667    0.003988829075000 
  -0.059855421432792    0.007477010493581   -0.002381825832905    0.059748795551625    0.004304397480743    0.004774704851286 
  -0.059754936469303    0.006813569101899   -0.002879205752216    0.059770724646518    0.004176457290506    0.004676393461076 
  -0.059744202514864    0.006771897470139   -0.002914598418422    0.059766213274362    0.004193971454579    0.004691268639627 
  -0.039603783680211    0.005715029016906    0.001108431691460    0.040038942437605   -0.001422237243313    0.002880394661934 
  -0.039187363214293    0.006429359244008    0.005477053382595    0.039760713347626   -0.003726397390674    0.003164573310738 
  -0.039005818611941    0.008663861067302    0.003120869652570    0.039978744611940   -0.001719099530265    0.002677800236318 
  -0.039101773010367    0.007781560262714    0.003331284015057    0.039761091952096   -0.003720415989453    0.003155081595129 
  -0.039637816926555    0.005554688045174    0.001392605617869    0.040111946153360   -0.001078294540761    0.002270821530449 
  -0.039750208951034    0.004607835737379    0.001906214504000    0.039931521991035   -0.002520206329379    0.001985048088000 
  -0.039513569976957    0.005036909645179    0.004265828256633    0.039988013661615   -0.002441351485601    0.002572313998952 
  -0.039900082534360    0.002597160344825    0.002179528586158    0.039892424534515   -0.003044730344828    0.002056347413781 
  -0.039503124570749    0.004996773865119    0.004210245271660    0.039960610093333   -0.002336055093333    0.002718136200000 
  -0.039756651282416    0.004567050564295    0.001743852707382    0.039960610093333   -0.002336055093333    0.002718136200000 
  -0.039069698782822   -0.000854814372280    0.008637289307248    0.039482680686969   -0.007650089890995   -0.000563721892987 
  -0.039081764046964   -0.000661350125478    0.008344916251009    0.039422771933334   -0.006689464266667   -0.002015468426667 
  -0.038907639525571   -0.006363667416878    0.006505070530884    0.039429386031900   -0.005838453654852    0.000137477570381 
  -0.039469929953772   -0.001445950469294    0.006453732458394    0.039516498888077   -0.005246993924866   -0.003169703699270 
  -0.038856028671747   -0.005608998063492    0.007152210797618    0.039569881608253   -0.005608998063492   -0.003108966452381 
  -0.038904543564540   -0.005965322024113    0.007512832486949    0.039422771933334   -0.006689464266667   -0.002015468426667 
  -0.039468426346235   -0.001451274626039    0.006471810176546    0.039740536411081   -0.006040293279854   -0.000476123694481 
  -0.039990427684999    0.002931455100000   -0.001165588835000    0.039890204065000    0.002931455100000    0.002227175575000 
  -0.039970396831094    0.002663587542701   -0.001231357895912    0.039950296626715    0.002127852428102    0.002029868392263 
  -0.039921869211686    0.003458294997574   -0.000906874624501    0.039913056889438    0.003107068399191    0.002313413645166 
  -0.039890532769170    0.004691998931483   -0.001244604794881    0.039901058220647    0.002634685330121    0.002442729934121 
  -0.039953663985731    0.004181638641037   -0.000702556373041    0.039951459872649    0.002233385392158    0.002066629995457 
  -0.024924549275868    0.001807967959633    0.001236539229347    0.025030315173562   -0.000590184625413    0.001033363041359 
  -0.024952888511347    0.001388054088105    0.001370253842889    0.024948421121401   -0.001649149642884    0.001100797376303 
  -0.025035277538750    0.000680647592310    0.000602967046652    0.025050171944802   -0.000193627753448    0.000676647251639 
  -0.024928427479245    0.001768364467014    0.001217960558350    0.024990154076239   -0.001000302292496    0.000840969878460 
  -0.025008635580361    0.001106284003077    0.000354061199984    0.025009862471568   -0.000837618681473    0.001053243574536 
  -0.025007983864090    0.001134115385203    0.000292482515552    0.025012237679447   -0.000736186016539    0.000828817420036 
  -0.024917046259022   -0.001442512335526    0.001864927702370    0.024945401565688   -0.002632747140030    0.000134680919852 
  -0.024993570671651    0.000315551442826    0.001183417339631    0.024925870230247   -0.002184036301203   -0.000039261055575 
  -0.025040978125750   -0.000576216888000    0.000452046822250    0.025043583661749   -0.000576216888000    0.000009355209750 
  -0.024914432109865   -0.001381250250000    0.001834793989950    0.024998804898469   -0.001381250250000   -0.000480907776715 
  -0.024996658022927    0.000299691444550    0.001194133503187    0.025015541146260   -0.001723388824997   -0.000350507854631 
  -0.025041379584134   -0.000652332496013    0.000457935841113    0.025040314643476   -0.001196015410388    0.000057308649065 
  -0.025019457362500    0.001298444143750   -0.000258897612500    0.024995884754167    0.001298444143750    0.000731385862500 
  -0.024998183984994    0.001713899688762   -0.000238692789265    0.025031520145071    0.000506020324702    0.000720960370441 
  -0.025002456636668    0.001779293552500   -0.000238323734167    0.024990217845557    0.001138161007500    0.000724527903056 
  -0.025019457362500    0.001298444143750   -0.000258897612500    0.025013882917458    0.000161576476586    0.000704209054568 
  -0.025043221163999    0.000968888558485   -0.000071085342239    0.025047259351790    0.000624439724726    0.000440425336918 
  -0.025047758004000    0.000576216888000    0.000015387795000    0.025046702196001    0.000576216888000    0.000451044845000 
  -0.025025200723153   -0.000538399742970   -0.000246171856477    0.025025949249308   -0.000549002930643   -0.000296790262859 
  -0.025024784478678   -0.000530555772398   -0.000244191466511    0.025024000468355   -0.000585726974684   -0.000306062088608 
  -0.025024967084051   -0.000569519463950    0.000282984023900    0.025027572620049   -0.000582914312050    0.000178418008100 
  -0.025024604031863   -0.000547428057692   -0.000131844037226    0.025027695662841   -0.000575427266414    0.000037827744706 
  -0.025025982143478   -0.000552921500000    0.000066730246196    0.025025738389855   -0.000552921500000   -0.000212356362138 
  -0.024982674179545   -0.000581853807478   -0.001335096487474    0.025019873544304   -0.000489586493671   -0.000515146253165 
  -0.024981105364649   -0.000603443884350   -0.001595632079100    0.025024502516650   -0.000553290547650   -0.001283887072900 
  -0.025013808335859   -0.000494283782602   -0.000544260947545    0.025027610163338   -0.000470851290543   -0.000446311700131 
  -0.025012155854123   -0.000490282088730   -0.000529558421654    0.025019873544304   -0.000489586493671   -0.000515146253165 
  -0.025022170302990   -0.000491144021739   -0.000672167666169    0.025001777259510   -0.000491144021739   -0.000772843659919 
  -0.025024363005436   -0.000462191456522   -0.000282754696195    0.025024762077897   -0.000462191456522   -0.000375746521195 
  -0.025015041648311   -0.000533532974684   -0.000496342330275    0.025024000468355   -0.000585726974684   -0.000306062088608 
  -0.025027340725000    0.000556141950000    0.000234819637500    0.025024424164563    0.000536874903883    0.000391907659952 
  -0.025021255546747    0.000593947528106    0.000276329623225    0.025023124417752    0.000528799926035    0.000383041449409 
  -0.025027208493500    0.000586254357000    0.000164590661250    0.025026152685500    0.000566179419000    0.000301841978750 
  -0.025027340725000    0.000556141950000    0.000234819637500    0.025026108608333    0.000556141950000    0.000325251637500 
  -0.025028564834545    0.000576128899965    0.000206016810246    0.025023734860159    0.000548129691243    0.000375688592178 
  -0.025022803788750    0.000536788101750    0.001175892809750    0.024976380908749    0.000619946330250    0.001723327254250 
  -0.025009160371875    0.000495208987500    0.000833710100000    0.025017311159376    0.000495208987500    0.000696779125000 
  -0.025030464015436    0.000516039629661    0.000555162399628    0.024972083708413    0.000608306943468    0.001375112633938 
  -0.025024306662499    0.000496226125000    0.000348173550000    0.025015187461893    0.000488863915049    0.000520858513592 
  -0.025018958464794    0.000484004867308    0.000322438613462    0.025014045128403    0.000491474280769    0.000526355296154 
  -0.025023272067038    0.000598841111111    0.000307899913519    0.025015770049628    0.000546647111111    0.000498180155186 
  -0.025024306662499    0.000496226125000    0.000348173550000    0.025022107379167    0.000496226125000    0.000406989425000 
  -0.024906397905066   -0.000548081269600   -0.002148729878133    0.024911686411600   -0.000650640544600   -0.002015476619800 
  -0.024931033385326   -0.000609581083403   -0.001732259835669    0.024974430537326   -0.000547153348597   -0.001147259316332 
  -0.024940291097600   -0.000623564896000   -0.001907016241867    0.024923843752400   -0.000623564896000   -0.002102178250200 
  -0.024909636323466   -0.000525107992000   -0.002214831484800    0.024893990768201   -0.000525107992000   -0.002376674684800 
  -0.024864552219112   -0.000028091248000   -0.001722117417999    0.024949423403108   -0.000028091248000    0.001598663082004 
  -0.024890910971999   -0.000364835264000   -0.002404307433333    0.024866903903000   -0.000364835264000   -0.002610365225000 
  -0.024887412735999   -0.000402232233867   -0.002352503259467    0.024886019264001   -0.000569182992200   -0.002327292417800 
  -0.024880130120603   -0.000105584640803   -0.002476455764820    0.024863036858477   -0.000457827335364   -0.002584485932184 
  -0.024911810867601    0.000650640544600    0.002017376523800    0.024906273449066    0.000548081269600    0.002150629782133 
  -0.024975943401327    0.000547153348597    0.001157109772332    0.024929520521326    0.000609581083403    0.001742110291668 
  -0.024923586396201    0.000623564896000    0.002101891752400    0.024939102195466    0.000623564896000    0.001915011569067 
  -0.024893986541001    0.000525107992000    0.002376340248200    0.024909535417333    0.000525107992000    0.002216322489867 
  -0.024949422235335    0.000028091248000   -0.001598681310664    0.024864550731333    0.000028091248000    0.001722135422667 
  -0.024886042792001    0.000569182992200    0.002327439897800    0.024887389207999    0.000402232233867    0.002352650739467 
  -0.024866900074600    0.000364835264000    0.002610357787400    0.024890892450399    0.000364835264000    0.002404426562400 
  -0.024863038930478    0.000457827335364    0.002584511908184    0.024880128048602    0.000105584640803    0.002476481740820 


        0.000 
57/52 TRAWL	                   :           0 
Half spreading doors					(m):      37.317 
bottom drag (N)				:            0 
catch drag (N)				:            0 
element drag (N)				:         9373 
surface drag (N)				:        18557 
forces along X Y and Z axes (N)		:  33520.93224   6414.83912 -20486.49796 
maximal catch diameter (m) 			:        0.000 
thickness of the catch (m) 			:        0.000 
volume of the catch (m3) 			:       0.0000 
current amplitude (m/s)			:        2.058 
filtered surface (m2) 				:        99.23 
