      1        5.390982446        0.151220971        0.025471450
      2        4.715077958        2.681410023        0.025240251
      3        2.851897439        4.522369129        0.030173982
      4        0.328794197        5.224688188        0.024630283
      5       -2.200950201        4.548078753        0.024160513
      6       -4.042337115        2.685950244        0.022053549
      7       -4.686045365        0.146632287        0.026555659
      8       -4.047320747       -2.393865556        0.018229345
      9       -2.203857534       -4.253807699        0.020560344
     10        0.325042479       -4.933120225        0.019493715
     11        2.844740358       -4.218359870        0.028226545
     12        4.707863478       -2.377102344        0.024914133
     13        7.507226258        0.986127810       -9.549408780
     14        6.825304033        3.517037319       -9.549941099
     15        4.957776989        5.384143604       -9.576933464
     16        2.426237766        6.062607861       -9.619133915
     17       -0.103930102        5.382637471       -9.647343529
     18       -1.969444130        3.513241787       -9.657602858
     19       -2.646053309        0.977209328       -9.651752173
     20       -1.965244731       -1.556969239       -9.649412660
     21       -0.097283154       -3.424036368       -9.651771433
     22        2.435785859       -4.099134128       -9.652597915
     23        4.966270653       -3.415779520       -9.626010744
     24        6.831431390       -1.546341605       -9.592088549
     25        5.690984882        0.151049659        0.030897019
     26        4.975055553        2.831209320        0.029182546
     27        3.002102644        4.782063495        0.025876102
     28        0.328637906        5.524750130        0.027487800
     29       -2.351349989        4.807646685        0.029611595
     30       -4.302443604        2.835539782        0.026492009
     31       -4.986050442        0.146713390        0.020896388
     32       -4.307434823       -2.543460421        0.022102811
     33       -2.354194850       -4.513444921        0.024303930
     34        0.325120344       -5.233165988        0.023629009
     35        2.995106236       -4.477962954        0.023494909
     36        4.967767618       -2.527059856        0.028307424
     37        5.379350196        0.150658064        1.025377840
     38        4.706412975        2.680569612        1.025181514
     39        2.859251731        4.535730024        1.030009873
     40        0.332237453        5.219710086        1.024589800
     41       -2.195265248        4.537783717        1.024064941
     42       -4.036472238        2.676806982        1.021976024
     43       -4.705716029        0.145834834        1.026308679
     44       -4.042208572       -2.386638169        1.018173876
     45       -2.200932888       -4.247558457        1.020504911
     46        0.327935595       -4.924400118        1.019435295
     47        2.852869402       -4.232819751        1.028038734
     48        4.699920604       -2.377526148        1.024860166
     49        9.203952967        0.146351955       -0.043614227
     50       -4.113687458        7.842917299       -0.082532156
     51       -4.116750187       -7.549578671       -0.171657180
     52       24.251734531        0.135888396       -0.260793385
     53      -11.643119225       20.879319875       -0.529482701
     54      -11.645140631      -20.579972220       -0.935281633
     55       25.172465669        0.333964421        0.075391177
     56      -11.046907578       21.407294768        0.075309979
     57      -11.624178966      -20.572345008        0.064469562
     58       91.121626087        0.052702264      -30.192001433
     59      -45.457269711       79.079204471      -29.612873356
     60      -45.549063838      -79.066916191      -29.422088850
     61      118.000000000        0.000000000      -32.000000000
     62      -59.000000000      102.191000000      -32.000000000
     63      -59.000000000     -102.191000000      -32.000000000
     64        7.788187981        0.986661282       -9.654919202
     65        7.065105754        3.665077024       -9.653141918
     66        5.107140756        5.630559673       -9.660832709
     67        2.428532791        6.351870441       -9.699104353
     68       -0.249958116        5.630050415       -9.734180175
     69       -2.206197060        3.663160120       -9.765098804
     70       -2.916747103        0.981519313       -9.781338433
     71       -2.194165508       -1.696944676       -9.783907063
     72       -0.236344267       -3.662419666       -9.769755442
     73        2.442294513       -4.384037724       -9.746771531
     74        5.120308985       -3.660838797       -9.705339668
     75        7.077735706       -1.695032248       -9.677508034
     76      104.499985375        0.028335398      -32.000348194
     77      -52.164605890       90.549313082      -32.000290502
     78      -52.208120627      -90.523865313      -32.000260241
     79        0.312205238        1.430334731       -0.108395883
     80        3.138161762       -1.399945285       -0.027282145
     81       -2.479146907       -1.434860035       -0.134757400
     82        2.429713802       -0.292412532       -9.642411294
     83        5.256125819        2.539784515       -9.591230304
     84       -0.400103343        2.536840382       -9.656173917
     85        7.496751967        0.828916613       -5.552275353
     86        6.349729013        3.304667729       -3.572220489
     87        7.265515427        1.477902019       -5.551146155
     88        6.114917983        1.037453754       -1.745216285
     89        4.328299465        5.274651896       -3.610735021
     90        6.222062283        4.021612793       -5.560250477
     91        5.097235675        3.518516213       -1.754414738
     92        1.774007093        5.804670240       -3.660008122
     93        2.232308487        5.700110556       -3.695674879
     94        2.999500072        5.989213371       -7.611029318
     95       -0.819169879        5.007640780       -3.701615233
     96       -0.318736357        5.203293230       -3.726374560
     97        0.443924530        5.510415510       -7.641243424
     98       -2.666288077        3.078021103       -3.713650520
     99       -2.328969367        3.537692533       -3.741032905
    100       -1.578552625        3.855134284       -7.657484913
    101       -3.309656020        0.633342993       -3.697936852
    102       -3.230004131        1.109143536       -3.736444453
    103       -2.504688271        1.437062566       -7.656884202
    104       -2.698589170       -1.783951428       -3.698210027
    105       -2.886663308       -1.328555077       -3.730038507
    106       -2.152353719       -1.020612356       -7.650514819
    107       -0.892082023       -3.638366039       -3.708096543
    108       -1.382546031       -3.241400164       -3.736266388
    109       -0.620128066       -2.960394399       -7.653367761
    110        1.666230185       -4.380379683       -3.708465533
    111        0.973069508       -4.192599164       -3.741283597
    112        1.749607652       -3.907246737       -7.655151092
    113        4.284211144       -3.742768236       -3.673591236
    114        3.581753462       -3.887971326       -3.717918974
    115        4.351033275       -3.592122433       -7.632353967
    116        6.276064395       -1.970490892       -3.632596014
    117        5.694837542       -2.345341557       -3.687250294
    118        6.459187121       -2.034386197       -7.601454271
    119        6.781209273       -0.034827791       -3.641906265
    120        7.483623198        0.289847868       -7.566641292
    0.0003486 
    0.0004866 
    0.0003945 
    0.0002541 
    0.0003143 
    0.0006266 
    0.0006012 
    0.0002788 
    0.0002099 
    0.0004312 
    0.0005502 
    0.0003754 
   -0.0003125 
   -0.0001454 
   -0.0001055 
   -0.0002629 
   -0.0003015 
   -0.0002265 
   -0.0001993 
   -0.0003010 
   -0.0002530 
   -0.0000954 
   -0.0002069 
   -0.0003445 
   -0.0000457 
   -0.0000201 
   -0.0000193 
   -0.0000460 
   -0.0000468 
   -0.0000144 
   -0.0000143 
   -0.0000436 
   -0.0000461 
   -0.0000201 
   -0.0000147 
   -0.0000426 
    0.0001718 
    0.0002429 
    0.0001180 
    0.0002520 
    0.0001407 
    0.0002895 
    0.0001949 
    0.0002942 
    0.0001489 
    0.0002476 
    0.0001447 
    0.0002718 
   -0.0000258 
   -0.0000208 
   -0.0000478 
   -0.0000222 
   -0.0000264 
   -0.0000185 
   -0.0000532 
   -0.0000163 
   -0.0000316 
   -0.0000162 
   -0.0000502 
   -0.0000223 
    0.0019447 
    0.0019495 
    0.0024240 
    0.0024023 
    0.0026788 
    0.0026988 
    0.0032902 
    0.0040803 
    0.0045473 
   -0.0000000 
    0.0000000 
    0.0000000 
    0.0036027 
    0.0044438 
    0.0049322 
    0.0000033 
    0.0000033 
    0.0000041 
    0.0000041 
    0.0000046 
    0.0000045 
   -0.0002509 
   -0.0002479 
   -0.0002552 
   -0.0002635 
   -0.0002689 
   -0.0002781 
   -0.0002809 
   -0.0002772 
   -0.0002765 
   -0.0002682 
   -0.0002556 
   -0.0002527 
    0.0007723 
    0.0008062 
    0.0011484 
    0.0011516 
    0.0010107 
    0.0005733 
    0.0001112 
    0.0000088 
    0.0003556 
    0.0008206 
    0.0011561 
    0.0010920 
    0.0004012 
    0.0003945 
    0.0003860 
    0.0004076 
    0.0004330 
    0.0004601 
    0.0004794 
    0.0004809 
    0.0004711 
    0.0004504 
    0.0004162 
    0.0003955 


  -0.007088891162084   -0.007051444838965   -0.000182268238209    0.007027222169519   -0.007053958346909   -0.000312252824988 
  -0.007086877383554   -0.006982143754730   -0.000329050224429    0.007025208390989   -0.007123259431144   -0.000165470838768 
  -0.006850141033876   -0.007052266326591    0.000331096860185    0.006956288280075   -0.007163767182167   -0.000539365475282 
  -0.006978380362500   -0.007162986915000   -0.000065903792500    0.007013354781312   -0.007114496520325   -0.000362700184838 
  -0.007099543326949   -0.006997005363725    0.000741518612808    0.006910858122600   -0.007153701058820   -0.000464604635585 
  -0.006974950431818   -0.007053517079546   -0.000007980924242    0.007015258392841   -0.007053740761648   -0.000330552992954 
  -0.007090268208920   -0.006997886350568   -0.000344462383125    0.007057501965909   -0.006973329946970   -0.000018688375000 
  -0.006978380362500   -0.007162986915000   -0.000065903792500    0.007064891310000   -0.007075700040000    0.000202784345000 
  -0.007087385900773   -0.007055125865564   -0.000177287829554    0.007067630136570   -0.007074746976260    0.000103329976527 
  -0.007087535892239   -0.007055144773112   -0.000149649054786    0.007066806714033   -0.007074850774837    0.000255061209439 
  -0.007057284545454   -0.006974460325758    0.000012547015151    0.007073865361616   -0.007056024403788    0.000292906959091 
  -0.007082753342045   -0.006971696707702    0.000851986587500    0.006982815200757   -0.007045235390152    0.000008829541667 
  -0.007133412187456   -0.006992847487290    0.000507476473736    0.007023889940279   -0.007028086109405    0.000288162066341 
  -0.007030601596290   -0.007103317262801    0.000067490243499    0.007012670076210   -0.007016030387801    0.000336178380999 
  -0.007034168627491   -0.007118314811344    0.000081492221984    0.007045355729462   -0.006878603871565    0.000207874537331 
  -0.007086167122950   -0.007054701752200   -0.000221545023525    0.007064891310000   -0.007075700040000    0.000202784345000 
  -0.007083871611846    0.007064046712592    0.000016165510675    0.007061298909244    0.007087334685178    0.000021702968879 
  -0.007082706138242    0.007064270863949   -0.000050254262964    0.007060133435640    0.007087110533821    0.000088122742518 
  -0.007073841217332    0.007074217812883   -0.000000742131724    0.007060712811713    0.007086497125767   -0.000016572893883 
  -0.007074542862500    0.007073132285000   -0.000034406557500    0.007061025043813    0.007086980185675   -0.000001592224413 
  -0.007070936826086    0.007078134726996   -0.000012296673504    0.007061241864393    0.007087210615698   -0.000018677624542 
  -0.007075612034091    0.007072223973485    0.000008934746212    0.007060431653580    0.007086476072784    0.000022462199148 
  -0.007083217420625    0.007064891026534   -0.000054493157102    0.007065002791667    0.007081204223485    0.000128493162879 
  -0.007074542862500    0.007073132285000   -0.000034406557500    0.007066030042500    0.007080492617500    0.000127952475000 
  -0.007081678834667    0.007065159203491   -0.000109691136407    0.007063853723971    0.007079002464064    0.000251318536869 
  -0.007081410347569    0.007064915109271   -0.000118733084746    0.007065327663345    0.007077662436608    0.000201680085781 
  -0.007073966075758    0.007072372291667   -0.000102243806818    0.007067064660101    0.007079402445833    0.000205527583965 
  -0.007069747024242    0.007076695910101    0.000001129027652    0.007066341015152    0.007081044257576    0.000038861094697 
  -0.007069656872680    0.007077900440694   -0.000060879532069    0.007066267919290    0.007080067611149    0.000089138305282 
  -0.007073847641255    0.007073218252425   -0.000072006432917    0.007066725263745    0.007080578584925    0.000090352599583 
  -0.007073872020674    0.007073498140159   -0.000081827730691    0.007066948658832    0.007078013899360    0.000180347756741 
  -0.007082647296412    0.007064496085212   -0.000054793238875    0.007066030042500    0.007080492617500    0.000127952475000 
   0.001311388894231   -0.004867133671154    0.000001023690385   -0.000210860409231   -0.000230704578846    0.009995963669615 
   0.001893153518333   -0.004743888933333    0.000034119676667   -0.000792625033333   -0.000353949316667    0.009962867683333 
   0.001926971166667   -0.005408211716667   -0.000009409983333   -0.000026185727500   -0.000393027992500    0.009992833567500 
   0.001926971166667   -0.005408211716667   -0.000009409983333   -0.002876493610000   -0.001101120662500    0.009514824675000 
   0.001456286243750   -0.004888962805000    0.000070684585000   -0.004086627637500   -0.001558144265000    0.008993651850000 
  -0.000183436361111   -0.005502785297222   -0.000738009994445   -0.003509615868333   -0.001129492736667    0.009296244671667 
   0.001299816323077   -0.004865748176923    0.000000444613461   -0.004399567478846   -0.001511715008846    0.008853171906923 
   0.000851219230000   -0.005117474606250   -0.000189901827500   -0.002876493610000   -0.001101120662500    0.009514824675000 
   0.004209842441667   -0.003223840847500    0.000098043395833   -0.001049129206667   -0.000182486180000    0.009943664071667 
   0.002384931138889   -0.005384626672222   -0.000037862905556   -0.000792625033333   -0.000353949316667    0.009962867683333 
   0.003591398161538   -0.003590589009615    0.000051908394231   -0.000430684926538    0.000184261982115    0.009989799073269 
   0.003328373785000   -0.003761468482500   -0.000116493966250   -0.002812066520000   -0.001257741450000    0.009514589347500 
   0.003583039459615   -0.003540305973077   -0.000009487944231   -0.004060612260770   -0.002061347366154    0.008903967711539 
   0.005750666950000   -0.003878306450000    0.000709267654167   -0.002812066520000   -0.001257741450000    0.009514589347500 
   0.003626398420833   -0.004378977808334   -0.000158961508333   -0.004086627637500   -0.001558144265000    0.008993651850000 
   0.003767843057500   -0.003449985748750    0.000089664453750   -0.003691005065000   -0.001880706917500    0.009102272507500 
   0.003691005065000    0.001880706917500   -0.009102272507500   -0.005239977445000    0.001063646650000   -0.000212349645000 
   0.001917978962500    0.000722757037500   -0.009788386097500   -0.005239977445000    0.001063646650000   -0.000212349645000 
   0.001049129206667    0.000182486180000   -0.009943664071667   -0.004371127689167    0.001603917507500   -0.000057071670833 
   0.003303149239231    0.001593739992500   -0.009303961192885   -0.004852121619231    0.001350613575000   -0.000010660959615 
   0.001917978962500    0.000722757037500   -0.009788386097500   -0.003819178283333    0.000871330700000    0.000297222975000 
   0.000054695265769   -0.000415870923462   -0.009991830156923   -0.004868344659615    0.001304738955769   -0.000081154713462 
   0.001087051121667    0.000429896035000   -0.009931876321667   -0.006588937752778   -0.000104872641667   -0.000181077772222 
   0.003613032240000    0.001449955130000   -0.009211596012500   -0.003819178283333    0.000871330700000    0.000297222975000 
   0.003613032240000    0.001449955130000   -0.009211596012500   -0.005231858625000   -0.001503442525000   -0.000165916095000 
   0.001906652217500    0.000767805700000   -0.009787172160000   -0.005231858625000   -0.001503442525000   -0.000165916095000 
   0.001087051121667    0.000429896035000   -0.009931876321667   -0.004412257529167   -0.001165532860000   -0.000021211933333 
   0.003246066688077    0.001247684595384   -0.009376608703654   -0.004864893073077   -0.001301171990385   -0.000000903403846 
   0.001906652217500    0.000767805700000   -0.009787172160000   -0.004170279350000   -0.001630437083333    0.000206327725000 
   0.000180151303077    0.000145691024231   -0.009997950970385   -0.004865707438462   -0.001307635365385   -0.000054249257692 
   0.001192066295000    0.000624994485000   -0.009909547160000   -0.006552232425000   -0.002106474466667   -0.000201588941667 
   0.003454450805000    0.001148905067500   -0.009314439365000   -0.004170279350000   -0.001630437083333    0.000206327725000 
   0.003454450805000    0.001148905067500   -0.009314439365000   -0.003774498720000   -0.003674870617500   -0.000098544180000 
   0.001876041855000    0.000793604377500   -0.009791130020000   -0.003774498720000   -0.003674870617500   -0.000098544180000 
   0.001192066295000    0.000624994485000   -0.009909547160000   -0.003090523160000   -0.003506260725000    0.000019872960000 
   0.003221080765769    0.001055050813462   -0.009408931691154   -0.003541128680769   -0.003581016363462   -0.000004051853846 
   0.001876041855000    0.000793604377500   -0.009791130020000   -0.002810989250000   -0.003830595250000    0.000228186541667 
   0.000198058661154    0.000447532535000   -0.009988752037692   -0.003587526976923   -0.003594991700000   -0.000019729478846 
   0.001161406578333    0.000725367806667   -0.009906587230000   -0.005193106838889   -0.004058050486111   -0.000156670825000 
   0.003440122595000    0.000980177147500   -0.009339260172500   -0.002810989250000   -0.003830595250000    0.000228186541667 
   0.003440122595000    0.000980177147500   -0.009339260172500   -0.001409290135000   -0.004922193917500   -0.000056984832500 
   0.001813289650000    0.000819797575000   -0.009801099372500   -0.001409290135000   -0.004922193917500   -0.000056984832500 
   0.001161406578333    0.000725367806667   -0.009906587230000   -0.000757407063333   -0.004827764149167    0.000048503025000 
   0.003268732940769    0.000941286993462   -0.009404902908846   -0.001237900480769   -0.004883303763461    0.000008657903846 
   0.001813289650000    0.000819797575000   -0.009801099372500   -0.000663765741667   -0.003965004525000    0.000320896675000 
   0.000073877708846    0.000626925108846   -0.009981090645385   -0.001301171498077   -0.004876985498077    0.000011251317308 
   0.001106004518333    0.000573110558333   -0.009923025535000   -0.003021382847222   -0.004787294580556   -0.000085523866667 
   0.003440973362500    0.001216776765000   -0.009311231277500   -0.000663765741667   -0.003965004525000    0.000320896675000 
   0.003440973362500    0.001216776765000   -0.009311231277500    0.001057481780000   -0.004904745175000   -0.000080254137500 
   0.001835773972500    0.000769856802500   -0.009801190780000    0.001057481780000   -0.004904745175000   -0.000080254137500 
   0.001106004518333    0.000573110558333   -0.009923025535000    0.001787251234167   -0.004707998930833    0.000041580617500 
   0.003270138569423    0.001197604365000   -0.009375473272692    0.001228316573077   -0.004885572775000   -0.000016012142308 
   0.001835773972500    0.000769856802500   -0.009801190780000    0.001567284483333   -0.003794969591667    0.000265237333333 
   0.000149996580769    0.000242267777692   -0.009997188643077    0.001309247265385   -0.004873420321154    0.000004499063462 
   0.001222240731667    0.000378303648333   -0.009918671055000   -0.000477826319444   -0.005100146772222   -0.000126363583333 
   0.003371828942500    0.001524785320000   -0.009291098430000    0.001567284483333   -0.003794969591667    0.000265237333333 
   0.003371828942500    0.001524785320000   -0.009291098430000    0.003290107847500   -0.003643621840000   -0.000095140902500 
   0.001906044912500    0.000702514412500   -0.009792753432500    0.003290107847500   -0.003643621840000   -0.000095140902500 
   0.001222240731667    0.000378303648333   -0.009918671055000    0.003973912028333   -0.003319411075833    0.000030776720000 
   0.003116815226539    0.001457975293462   -0.009390722022885    0.003545121563461   -0.003576811813462    0.000004482690385 
   0.001906044912500    0.000702514412500   -0.009792753432500    0.004087200066667   -0.003308048958333    0.000234748708333 
   0.000458884278846   -0.000163901619231   -0.009989296698846    0.003592233801923   -0.003590513709615   -0.000004536101923 
   0.001324664781667    0.000357216118333   -0.009906124816667    0.002149266297222   -0.004459043272222   -0.000143155905556 
   0.003279438777500    0.001538604150000   -0.009321642217500    0.004087200066667   -0.003308048958333    0.000234748708333 
   0.003279438777500    0.001538604150000   -0.009321642217500    0.004662878827500   -0.001385582812500   -0.000082967635000 
   0.001941345360000    0.000713381067500   -0.009784668737500    0.004662878827500   -0.001385582812500   -0.000082967635000 
   0.001324664781667    0.000357216118333   -0.009906124816667    0.005279559405833   -0.001029417863333    0.000038488444167 
   0.003079048349231    0.001459391579808   -0.009402558642885    0.004863269255769   -0.001306370242308   -0.000002051209615 
   0.001941345360000    0.000713381067500   -0.009784668737500    0.005776338975000   -0.001564837658333    0.000273483866667 
   0.000508119096923   -0.000180478001154   -0.009986280481923    0.004871286563462   -0.001298264923077   -0.000001589388462 
   0.001282592790000    0.000468742591667   -0.009906887303333    0.003580497075000   -0.002380299244444   -0.000133911352778 
   0.003352969265000    0.001381851355000   -0.009319898120000    0.005776338975000   -0.001564837658333    0.000273483866667 
   0.003352969265000    0.001381851355000   -0.009319898120000    0.004788808192500    0.001231020892500   -0.000023633602500 
   0.001923199532500    0.000739622232500   -0.009786087482500    0.004788808192500    0.001231020892500   -0.000023633602500 
   0.001282592790000    0.000468742591667   -0.009906887303333    0.005429414935000    0.001501900533333    0.000097166218333 
   0.003296204613269    0.001238333103269   -0.009360325626346    0.004845572844231    0.001374539144231    0.000016793903846 
   0.001923199532500    0.000739622232500   -0.009786087482500    0.005853814016667    0.001210025750000    0.000369397816667 
   0.000156396743077    0.000093228478846   -0.009998961390000    0.004866316911538    0.001314143476923    0.000051129175000 
   0.001136765848333    0.000544981193333   -0.009920699180000    0.003232368402778    0.000561222286111   -0.000079307841667 
   0.003598676965000    0.001188979085000   -0.009254544452500    0.005853814016667    0.001210025750000    0.000369397816667 
   0.003598676965000    0.001188979085000   -0.009254544452500    0.003526565995000    0.003493566697500   -0.000034147645000 
   0.001910873947500    0.000777388400000   -0.009785509942500    0.003526565995000    0.003493566697500   -0.000034147645000 
   0.001136765848333    0.000544981193333   -0.009920699180000    0.004300674094167    0.003725973904167    0.000101041592500 
   0.003542313883077    0.001141665924808   -0.009282322074423    0.003582929076923    0.003540879857693   -0.000006370023077 
   0.001910873947500    0.000777388400000   -0.009785509942500    0.004843557108333    0.003123755541667    0.000455452333333 
  -0.000290887197692    0.000283179211923   -0.009992312384231    0.003586847571154    0.003595072913462    0.000065234990385 
   0.000925611658333    0.000706915478333   -0.009932487558333    0.001559349477778    0.002888845802778   -0.000034473052778 
   0.003920502292500    0.001016528630000   -0.009143775367500    0.004843557108333    0.003123755541667    0.000455452333333 
   0.003920502292500    0.001016528630000   -0.009143775367500    0.001262862195000    0.004839157752500   -0.000023275627500 
   0.001756034812500    0.000811689147500   -0.009811837567500    0.001262862195000    0.004839157752500   -0.000023275627500 
   0.000925611658333    0.000706915478333   -0.009932487558333    0.002093285349167    0.004943931421667    0.000097374363333 
   0.003869674164423    0.000993526161346   -0.009168122758461    0.001313690323077    0.004862160221154    0.000001071763461 
   0.001756034812500    0.000811689147500   -0.009811837567500    0.003036131095833    0.005845054787500    0.000433320212500 
  -0.000661748009231    0.000559319615769   -0.009963083327308    0.001299605515385    0.004870133490385    0.000082076478846 
   0.000026185727500    0.000393027992500   -0.009992833567500    0.000153049287500    0.005147286195833    0.000131660212500 
   0.003509615868333    0.001129492736667   -0.009296244671667    0.000113496002778    0.005315382138889   -0.000426001280556 


        0.000 
Cages Guadeloupe	                   :           0 
bottom drag (N)				:            0 
element drag (N)				:          101 
surface drag (N)				:          976 
node drag (N)				:            0 
current amplitude (m/s)			:        0.100 
