      1        5.253646532        0.062306766        0.023988364
      2        4.578832618        2.592863749        0.023353027
      3        2.716779850        4.435060654        0.029154922
      4        0.196596057        5.147976998        0.022451953
      5       -2.332342257        4.468780040        0.023062860
      6       -4.171415609        2.604364187        0.021217242
      7       -4.813293915        0.064474543        0.026970129
      8       -4.179580905       -2.477389602        0.019665798
      9       -2.340595379       -4.341740801        0.022073508
     10        0.188481042       -5.020301282        0.021215083
     11        2.708320865       -4.306007004        0.028694827
     12        4.573475035       -2.466833440        0.023244162
     13        7.410798976        0.922053136       -9.542882590
     14        6.731402337        3.453247916       -9.535932871
     15        4.864290385        5.320948460       -9.556264278
     16        2.334333697        6.003261750       -9.608506157
     17       -0.197474288        5.326701064       -9.635482249
     18       -2.063422142        3.457646241       -9.644947150
     19       -2.742132422        0.921616452       -9.632802449
     20       -2.064357486       -1.614542650       -9.618501612
     21       -0.197123971       -3.482261980       -9.638170284
     22        2.335136743       -4.159466035       -9.639864237
     23        4.866096440       -3.477881033       -9.612705966
     24        6.731716853       -1.608839002       -9.580374755
     25        5.553655955        0.062067583        0.029194659
     26        4.838923485        2.742482269        0.027006929
     27        2.867256479        4.694584103        0.023982781
     28        0.196692639        5.448015768        0.026593707
     29       -2.482735415        4.728351070        0.028399250
     30       -4.431528910        2.753968160        0.025037017
     31       -5.113292438        0.064711879        0.020799233
     32       -4.439840224       -2.626727213        0.024034643
     33       -2.491141569       -4.601234504        0.026896734
     34        0.188381639       -5.320351316        0.025169629
     35        2.858560972       -4.565669792        0.023392694
     36        4.833349950       -2.616826444        0.027134403
     37        5.242590137        0.062281968        1.023900110
     38        4.570632808        2.592461193        1.023299323
     39        2.726089837        4.450237229        1.028945248
     40        0.200467465        5.139320950        1.022388965
     41       -2.327325868        4.458509276        1.022969932
     42       -4.167004548        2.596016587        1.021153983
     43       -4.834510809        0.064578562        1.026690798
     44       -4.173771107       -2.468623888        1.019594309
     45       -2.335932360       -4.332924855        1.021994405
     46        0.192298764       -5.012120083        1.021156924
     47        2.717554500       -4.321684329        1.028477472
     48        4.564459159       -2.466250103        1.023183648
     49        9.067704760        0.058469537       -0.099263913
     50       -4.247870557        7.761493755       -0.116339735
     51       -4.256755649       -7.635500289       -0.126060381
     52       24.109856226        0.063310878       -0.643311694
     53      -11.753939842       20.810195241       -0.697677548
     54      -11.782398845      -20.680733269       -0.729605780
     55       24.122181451        0.068065570        0.356601059
     56      -11.749898128       20.811679843        0.302313240
     57      -11.779285540      -20.679599839        0.270388814
     58       91.284843611        0.031478278      -29.907569483
     59      -45.556197820       79.168157941      -29.518599845
     60      -45.627280823      -79.160512234      -29.356013597
     61      118.000000000        0.000000000      -32.000000000
     62      -59.000000000      102.191000000      -32.000000000
     63      -59.000000000     -102.191000000      -32.000000000
     64        7.693601465        0.921996740       -9.643378765
     65        6.971061235        3.600510258       -9.640594795
     66        5.012599970        5.565437757       -9.647394261
     67        2.335568571        6.292188066       -9.689734536
     68       -0.343691552        5.573351457       -9.724174509
     69       -2.299629940        3.606220546       -9.755483551
     70       -3.012839568        0.925281087       -9.762393505
     71       -2.296211249       -1.754709281       -9.747677992
     72       -0.337385498       -3.719160979       -9.757728648
     73        2.340339604       -4.444030593       -9.735159690
     74        5.018918863       -3.723065244       -9.694004750
     75        6.977066606       -1.758015739       -9.667702581
     76       14.082205584        0.060280810       -0.267967857
     77       19.096267668        0.061895130       -0.449317622
     78       -6.748995319       12.112022578       -0.299986096
     79       -9.251022339       16.461596563       -0.493766384
     80       -6.765063863      -11.984462193       -0.318189734
     81       -9.273614854      -16.332878687       -0.519372820
     82       24.112321271        0.064261816       -0.443329107
     83       24.114786316        0.065212755       -0.243346545
     84       24.117251361        0.066163693       -0.043364008
     85       24.119716406        0.067114631        0.156618519
     86      -11.753131499       20.810492161       -0.497679351
     87      -11.752323156       20.810789082       -0.297681178
     88      -11.751514814       20.811086002       -0.097683031
     89      -11.750706471       20.811382923        0.102315101
     90      -11.781776184      -20.680506583       -0.529606819
     91      -11.781153523      -20.680279897       -0.329607883
     92      -11.780530862      -20.680053211       -0.129608973
     93      -11.779908201      -20.679826525        0.070389919
     94       33.762690435        0.062131179       -4.692514805
     95       43.396950071        0.059830742       -8.785919357
     96       53.012485189        0.056407880      -12.923282896
     97       62.609175994        0.051861490      -17.104372760
     98       72.186878970        0.046191039      -21.328943055
     99       81.745480583        0.039396489      -25.596758212
    100      -16.591447309       29.192055267       -4.712284273
    101      -21.426176654       37.559016204       -8.761378889
    102      -26.258066615       45.911005692      -12.844798327
    103      -31.087069869       54.247976255      -16.962390590
    104      -35.913125984       62.569858521      -21.113991906
    105      -40.736188477       70.876607895      -25.299449795
    106      -16.630817216      -29.070838566       -4.728730149
    107      -21.474815448      -37.449077973       -8.758185425
    108      -26.314353195      -45.815391321      -12.817841100
    109      -31.149404008      -54.169742643      -16.907578266
    110      -35.979928241      -62.512073322      -21.027266862
    111      -40.805900145      -70.842348875      -25.176788545
    112       96.415374237        0.026568231      -31.592159578
    113      101.799957330        0.020771170      -32.000122410
    114      107.199972253        0.014399010      -32.000174832
    115      112.599986496        0.007474999      -32.000174816
    116      -48.127668317       83.585627770      -31.260370735
    117      -50.821833840       88.206730766      -32.000055443
    118      -53.544764615       92.869980685      -32.000174820
    119      -56.270820918       97.531404166      -32.000174811
    120      -48.187513690      -83.575091628      -31.121514801
    121      -50.861765516      -88.183442634      -32.000015612
    122      -53.573323686      -92.853317788      -32.000174810
    123      -56.286068930      -97.522503472      -32.000174807
    124        0.198590641        4.185992460       -0.031428744
    125        1.586427311        2.745795738       -0.061064634
    126        3.007017671        1.337669165       -0.045972689
    127        4.418912142       -0.078372935        0.003980575
    128       -1.209603042        2.773645490       -0.180685618
    129        0.178291529        1.333931551       -0.215545960
    130        1.593675450       -0.075813787       -0.117867305
    131        3.003037092       -1.491475057       -0.018737852
    132       -2.617399864        1.353576331       -0.220299154
    133       -1.229439400       -0.083673025       -0.309369352
    134        0.179472300       -1.490280700       -0.118418385
    135        1.588542129       -2.906151054       -0.019130874
    136       -4.006816929       -0.080954946       -0.112012877
    137       -2.618242903       -1.518122103       -0.192134716
    138       -1.221143221       -2.917339065       -0.068379722
    139        0.186475547       -4.333038848       -0.000746735
    140        2.334256378       -3.182924296       -9.635188389
    141        3.747317185       -1.766475000       -9.618514024
    142        5.160676742       -0.350450779       -9.594204394
    143        6.575823525        1.063559185       -9.559577508
    144        0.918878346       -1.768676846       -9.635419212
    145        2.331988548       -0.352205672       -9.624859170
    146        3.745428938        1.063833874       -9.605820648
    147        5.160655508        2.477865362       -9.575151186
    148       -0.495814109       -0.353744177       -9.631761576
    149        0.917320338        1.062729678       -9.630681332
    150        2.330804283        2.478758809       -9.615938917
    151        3.746109326        3.892799787       -9.590420106
    152       -1.908559189        1.063134905       -9.635548409
    153       -0.495409518        2.479600364       -9.637466745
    154        0.918130685        3.895625429       -9.627453604
    155        2.333545942        5.309677769       -9.608989661
    156        7.479946658        0.862945635       -7.544811908
    157        7.296350131        0.739211671       -5.556959004
    158        6.808418526        0.552976913       -3.626196378
    159        6.095609584        0.319732398       -1.771975605
    160        5.433814415        2.935510013       -1.752111655
    161        6.123183276        3.215949447       -3.608658921
    162        6.589261326        3.407170522       -5.544328713
    163        6.759990529        3.472879407       -7.536090982
    164        7.085568954        2.470562765       -7.540615151
    165        6.830390283        2.351630421       -5.560347962
    166        6.382489220        2.172906836       -3.619166991
    167        5.700997513        1.923269971       -1.755292474
    168        7.301032130        1.482551972       -7.542158288
    169        7.124672082        1.389614658       -5.551959505
    170        6.631539540        1.197001029       -3.623129815
    171        5.959914185        0.949623280       -1.755400400
    172        3.504622198        4.840184593       -1.764096046
    173        4.158593482        5.157876233       -3.627410213
    174        4.599065191        5.341702941       -5.569756550
    175        4.814667329        5.384417445       -7.557767041
    176        5.600244367        4.708749340       -7.551187941
    177        5.314126922        4.626624421       -5.573293074
    178        4.867988469        4.443227701       -3.632153694
    179        4.228383738        4.135500067       -1.762143500
    180        6.307540524        3.982833738       -7.542953768
    181        6.085246923        3.943424911       -5.555600457
    182        5.603059894        3.740371600       -3.625099963
    183        4.957364856        3.433098432       -1.757146091
    184        0.943340126        5.460888070       -1.806468623
    185        1.577856141        5.720386339       -3.685437694
    186        2.031640006        5.906152568       -5.624516077
    187        2.259746714        5.989089030       -7.609842556
    188        2.508414283        5.094714883       -1.782551965
    189        1.524566938        5.355666120       -1.793863450
    190        3.112179828        5.377901033       -3.668233772
    191        2.142862784        5.642437188       -3.674285275
    192        3.585299893        5.578001131       -5.601268450
    193        2.579655576        5.817591670       -5.618256203
    194        3.877393906        5.665894461       -7.577993451
    195        2.849435674        5.891949854       -7.598701082
    196       -1.613120204        4.716436276       -1.826791259
    197       -0.998820103        4.936026698       -3.717551481
    198       -0.553382008        5.115192135       -5.659205992
    199       -0.307767250        5.239328750       -7.640311670
    200       -0.032922812        5.172787108       -1.812104476
    201       -1.020258117        4.906905736       -1.818412075
    202        0.557579234        5.403928489       -3.709051916
    203       -0.415323175        5.143910074       -3.710080193
    204        1.023716238        5.589693644       -5.645213305
    205        0.017877994        5.318242853       -5.654932162
    206        1.320056888        5.713320229       -7.619395155
    207        0.295677754        5.435047296       -7.632221191
    208       -3.449465730        2.811671225       -1.832584101
    209       -2.835249484        3.005994329       -3.726185149
    210       -2.401074798        3.181443077       -5.670775544
    211       -2.165460685        3.329818620       -7.651474527
    212       -2.313022027        3.984638132       -1.826526878
    213       -3.022493524        3.266845093       -1.828154096
    214       -1.738824756        4.188194542       -3.731651804
    215       -2.418665295        3.475396671       -3.723536616
    216       -1.281075224        4.367761925       -5.670425564
    217       -1.993360463        3.649168624       -5.670193751
    218       -0.978896935        4.514080374       -7.642197164
    219       -1.725938513        3.788817058       -7.647444841
    220       -4.076690997        0.311247924       -1.816237694
    221       -3.457513380        0.534061709       -3.705111604
    222       -3.028873607        0.708724906       -5.651030503
    223       -2.815494030        0.834007278       -7.635869486
    224       -3.677161312        1.827588468       -1.823619960
    225       -3.917771151        0.851921107       -1.818720234
    226       -3.103977905        2.014599203       -3.730816763
    227       -3.302993658        1.043378792       -3.712435299
    228       -2.654396958        2.190133740       -5.671939061
    229       -2.888091334        1.216555809       -5.661435432
    230       -2.366681901        2.349400687       -7.644937433
    231       -2.647400592        1.371629371       -7.641015276
    232       -3.440005051       -2.152749076       -1.810222487
    233       -2.818694874       -1.880906262       -3.691951490
    234       -2.375080698       -1.702374967       -5.634148756
    235       -2.150631877       -1.625012060       -7.620201761
    236       -3.817929396       -0.639906896       -1.809258734
    237       -3.567482763       -1.614899051       -1.808874302
    238       -3.240314788       -0.418046657       -3.711409227
    239       -2.942547863       -1.378460588       -3.694197432
    240       -2.790564527       -0.235291822       -5.651856945
    241       -2.519926294       -1.205391006       -5.641578461
    242       -2.509283049       -0.104597009       -7.627909810
    243       -2.275346451       -1.088351450       -7.623323693
    244       -1.658510647       -4.010945247       -1.828902372
    245       -1.074438939       -3.742021013       -3.722918274
    246       -0.627172768       -3.560316926       -5.663966493
    247       -0.355788567       -3.487445565       -7.644306629
    248       -2.758503325       -2.844391912       -1.814878378
    249       -2.065195584       -3.571456459       -1.821150115
    250       -2.188522830       -2.584628286       -3.714503038
    251       -1.480722717       -3.304236634       -3.715329708
    252       -1.733423104       -2.395340028       -5.653048826
    253       -1.051592116       -3.132850500       -5.661447191
    254       -1.431460646       -2.298433606       -7.627968743
    255       -0.758939155       -3.043967242       -7.638144317
    256        0.880365570       -4.719874429       -1.831257138
    257        1.475587964       -4.470209827       -3.724396168
    258        1.922901916       -4.286286058       -5.665184329
    259        2.189186359       -4.193695679       -7.645354533
    260       -0.685371990       -4.267019072       -1.828182404
    261        0.285446640       -4.528573825       -1.829306908
    262       -0.131441788       -4.016029670       -3.733671279
    263        0.865253178       -4.259518560       -3.724588493
    264        0.324673695       -3.827937730       -5.672043076
    265        1.297362793       -4.086705216       -5.669852336
    266        0.650070841       -3.723026393       -7.642777906
    267        1.597959263       -3.998152637       -7.645305956
    268        3.455234528       -4.049466997       -1.808919386
    269        4.090846028       -3.825718186       -3.692118227
    270        4.544410305       -3.650048919       -5.632196122
    271        4.779285661       -3.540941153       -7.615473777
    272        1.881502028       -4.468669876       -1.819804906
    273        2.861993975       -4.190641814       -1.811901879
    274        2.455777055       -4.245307360       -3.722674294
    275        3.482847439       -3.952783251       -3.698288411
    276        2.919171977       -4.062738463       -5.659814734
    277        3.920632801       -3.782984074       -5.642505668
    278        3.232976986       -3.935544422       -7.631085722
    279        4.190898483       -3.676108487       -7.621390765
    280        5.388285451       -2.242595049       -1.789590135
    281        6.074165717       -2.035828845       -3.657038662
    282        6.526316164       -1.856015109       -5.597076973
    283        6.717199702       -1.718290339       -7.583302966
    284        4.206565089       -3.350489023       -1.798010609
    285        4.940307921       -2.634583922       -1.791743017
    286        4.811698560       -3.141137582       -3.692880156
    287        5.603949960       -2.404631695       -3.664478021
    288        5.285786103       -2.961958023       -5.627735462
    289        6.048430866       -2.229960675       -5.606729213
    290        5.580873953       -2.825482121       -7.601262313
    291        6.285493315       -2.107624033       -7.588958066
    292        5.685062493       -1.288042740       -1.775288418
    293        5.969275457       -0.312069818       -1.763642219
    294        6.322294833       -1.095970955       -3.661478852
    295        6.656693974       -0.114179133       -3.631484926
    296        6.802056945       -0.916796097       -5.594966595
    297        7.106691447        0.063538687       -5.572215055
    298        7.068012906       -0.757592717       -7.570959885
    299        7.311299896        0.215826294       -7.556009049
    0.0003770 
    0.0005134 
    0.0004155 
    0.0002125 
    0.0003149 
    0.0006677 
    0.0006414 
    0.0002739 
    0.0002005 
    0.0004333 
    0.0005444 
    0.0003836 
   -0.0003348 
   -0.0001587 
   -0.0000680 
   -0.0002188 
   -0.0003007 
   -0.0002407 
   -0.0002099 
   -0.0002930 
   -0.0002369 
   -0.0000792 
   -0.0001837 
   -0.0003446 
   -0.0000430 
   -0.0000162 
   -0.0000202 
   -0.0000496 
   -0.0000455 
   -0.0000110 
   -0.0000133 
   -0.0000473 
   -0.0000485 
   -0.0000184 
   -0.0000148 
   -0.0000429 
    0.0001823 
    0.0002573 
    0.0001244 
    0.0002246 
    0.0001317 
    0.0003048 
    0.0002069 
    0.0003095 
    0.0001356 
    0.0002537 
    0.0001387 
    0.0002667 
   -0.0000271 
   -0.0000200 
   -0.0000512 
   -0.0000180 
   -0.0000276 
   -0.0000187 
   -0.0000542 
   -0.0000162 
   -0.0000294 
   -0.0000174 
   -0.0000518 
   -0.0000197 
    0.0020471 
    0.0020568 
    0.0025773 
    0.0025318 
    0.0028366 
    0.0028730 
    0.0034677 
    0.0034680 
    0.0034682 
    0.0043198 
    0.0043201 
    0.0043205 
    0.0048283 
    0.0048287 
    0.0048291 
    0.0000002 
    0.0000001 
   -0.0000001 
   -0.0000001 
   -0.0000000 
    0.0000003 
    0.0000001 
    0.0000000 
   -0.0000001 
   -0.0000000 
    0.0000003 
    0.0000002 
    0.0000000 
   -0.0000001 
   -0.0000000 
    0.0037547 
    0.0037616 
    0.0037687 
    0.0037758 
    0.0037829 
    0.0037902 
    0.0037975 
    0.0046743 
    0.0046813 
    0.0046884 
    0.0046955 
    0.0047027 
    0.0047100 
    0.0047173 
    0.0052228 
    0.0052299 
    0.0052370 
    0.0052442 
    0.0052515 
    0.0052587 
    0.0052661 
    0.0000036 
    0.0000035 
    0.0000035 
    0.0000035 
    0.0000035 
    0.0000046 
    0.0000044 
    0.0000043 
    0.0000043 
    0.0000043 
    0.0000051 
    0.0000049 
    0.0000048 
    0.0000048 
    0.0000048 
   -0.0002674 
   -0.0002642 
   -0.0002707 
   -0.0002778 
   -0.0002822 
   -0.0002905 
   -0.0002925 
   -0.0002893 
   -0.0002901 
   -0.0002827 
   -0.0002709 
   -0.0002691 
    0.0007519 
    0.0006498 
    0.0009203 
    0.0010544 
    0.0009168 
    0.0004558 
   -0.0009291 
   -0.0026518 
    0.0002249 
    0.0007469 
    0.0010473 
    0.0009701 
    0.0004262 
    0.0004260 
    0.0004189 
    0.0004332 
    0.0004567 
    0.0004818 
    0.0004978 
    0.0004965 
    0.0004923 
    0.0004737 
    0.0004415 
    0.0004241 


  -0.007053495796374   -0.006998808379092   -0.000284034439477    0.007082402810860   -0.006942996519481   -0.000496845227186 
  -0.007021290225452   -0.006848808290431   -0.000513862160146    0.007050197239939   -0.007092996608142   -0.000267017506517 
  -0.007040968415001   -0.007061734850001   -0.000746284369999    0.007092299442144   -0.006992708431499   -0.000862022672299 
  -0.007040968415001   -0.007061734850001   -0.000746284369999    0.006939183350001   -0.007200983609998   -0.000148179450000 
  -0.007132941033183   -0.006980940678294   -0.000446482636248    0.007053230181815   -0.006978018579544   -0.000021976875000 
  -0.007038654645001   -0.007088022879998   -0.000469116960008    0.006939472855002   -0.007198569694998   -0.000174301710001 
  -0.007040678910000   -0.007059320935000   -0.000772406630000    0.006939472855002   -0.007198569694998   -0.000174301710001 
  -0.007040678910000   -0.007059320935000   -0.000772406630000    0.007102951800001   -0.007040632865000    0.000075459725000 
  -0.007108991198502   -0.006934118021898   -0.000419980095498    0.006939183350001   -0.007200983609998   -0.000148179450000 
  -0.006966186939397   -0.007062181261361   -0.000006990977274    0.007076595332268   -0.006992614685114   -0.001017274284771 
  -0.006790059246430   -0.007073685462228    0.000842483606078    0.006866146129317   -0.007131015603617   -0.001415961004423 
  -0.007038984110000   -0.007100345794996   -0.000198067680021    0.006995790472898   -0.007034977317449   -0.001229369424820 
  -0.006947085325003   -0.007172656385001    0.000541431385004    0.007005899339247   -0.007042931482349   -0.001148024527667 
  -0.006944017515000   -0.007172245390000    0.000586173180004    0.006942870130004   -0.007185835784998   -0.000400609194989 
  -0.006947085325003   -0.007172656385001    0.000541431385004    0.006939802320001   -0.007186246779999   -0.000445350989988 
  -0.007048734015902   -0.006977049033964    0.001178797548740    0.006965854265150   -0.007061936359848    0.000009120113637 
  -0.007054096980769   -0.007005958899832    0.001083194043394    0.006942870130004   -0.007185835784998   -0.000400609194989 
  -0.006944017515000   -0.007172245390000    0.000586173180004    0.007044558500000   -0.007033038374999    0.000954754835006 
  -0.006911223000273   -0.007061607578708    0.001539784918344    0.006780102304123   -0.007122438555899   -0.000920776014552 
  -0.007038984110000   -0.007100345794996   -0.000198067680021    0.006939802320001   -0.007186246779999   -0.000445350989988 
  -0.007038654645001   -0.007088022879998   -0.000469116960008    0.007076919605001   -0.007048726689999    0.000488393274999 
  -0.007066711105000   -0.007067414760000   -0.000359473080001    0.007059472355000   -0.007080210500000    0.000249766320000 
  -0.007077750036997   -0.007050442535150   -0.000338328010248    0.007102951800001   -0.007040632865000    0.000075459725000 
  -0.007082532775947   -0.007054796075000   -0.000319154284798    0.007059472355000   -0.007080210500000    0.000249766320000 
  -0.007066711105000   -0.007067414760000   -0.000359473080001    0.007076919605001   -0.007048726689999    0.000488393274999 
  -0.007076609882108   -0.007060654246855   -0.000131806678749    0.007070373635409   -0.007071539633320    0.000222716901346 
  -0.007083544277875   -0.007061479227155   -0.000204267574944    0.007060608874021   -0.007072701340275    0.000120680129153 
  -0.007064977916668   -0.006966566530299    0.000020646458333    0.007076160391669   -0.007044189873741    0.000238050918056 
  -0.007079375250000   -0.007065510610000   -0.000113592135001    0.007072801013892   -0.007067276825671    0.000206728579612 
  -0.007079375250000   -0.007065510610000   -0.000113592135001    0.007046808210000   -0.007078306350000    0.000495647265000 
  -0.007072474815002   -0.007073379984998   -0.000001965110000    0.007046808210000   -0.007078306350000    0.000495647265000 
  -0.007079390124885   -0.007048193110387    0.000461186674611    0.007038093840000   -0.007078498915000    0.000338164935001 
  -0.007003077604999   -0.007135291825001    0.000250193315001    0.007045349145000   -0.007079351770000    0.000496437555001 
  -0.007072961794551   -0.007058265945442    0.000426889892555    0.006985498410001   -0.006996084810001    0.000618774970003 
  -0.007003077604999   -0.007135291825001    0.000250193315001    0.006985498410001   -0.006996084810001    0.000618774970003 
  -0.007010332909999   -0.007134438970001    0.000091920695001    0.007077811444558   -0.006904990514777    0.000254463587278 
  -0.007072474815002   -0.007073379984998   -0.000001965110000    0.007085406566281   -0.006912453279611    0.000265938519000 
  -0.007038507425834   -0.006998010999269    0.000286591922872    0.007079435895220   -0.007027752959937    0.000161608444478 
  -0.007023682104779   -0.007127568035356    0.000143113140009    0.007064610574165   -0.006898195923851    0.000305087227342 
  -0.007010332909999   -0.007134438970001    0.000091920695001    0.007038093840000   -0.007078498915000    0.000338164935001 
  -0.007071015750002   -0.007072334564998   -0.000002755400001    0.007045349145000   -0.007079351770000    0.000496437555001 
  -0.007071015750002   -0.007072334564998   -0.000002755400001    0.007044558500000   -0.007033038374999    0.000954754835006 
  -0.007078022713990    0.007070441567647    0.000029528736336    0.007065263800947    0.007082337258439    0.000038237176703 
  -0.007077809972795    0.007070099976318   -0.000032892203184    0.007065051059753    0.007082678849768    0.000100658116223 
  -0.007076890159999    0.007071237250000   -0.000001154115000    0.007066158518600    0.007082965847498    0.000013997724147 
  -0.007076890159999    0.007071237250000   -0.000001154115000    0.007065304035000    0.007082246479999    0.000083371824999 
  -0.007077912512613    0.007070292185796   -0.000054758298751    0.007066743988637    0.007079704662878    0.000122466708333 
  -0.007073341050000    0.007074676750001   -0.000029110810000    0.007065551010001    0.007082355869999    0.000052800210000 
  -0.007076643184999    0.007071346640000   -0.000031725730000    0.007065551010001    0.007082355869999    0.000052800210000 
  -0.007076643184999    0.007071346640000   -0.000031725730000    0.007066797785001    0.007080121104999    0.000121548150000 
  -0.007077610122350    0.007069758404201   -0.000046548373251    0.007065304035000    0.007082246479999    0.000083371824999 
  -0.007072854223484    0.007074694431818    0.000074502545451    0.007065310971932    0.007082239839317   -0.000001890174548 
  -0.007062972742822    0.007085230535958   -0.000028395842450    0.007065037226113    0.007082532597998   -0.000059961685218 
  -0.007073462274999    0.007074663345001    0.000018288179999    0.007064636034750    0.007082205332949   -0.000064288120199 
  -0.007063725399999    0.007084395410001   -0.000018934165000    0.007065707091001    0.007083275860099   -0.000068382578149 
  -0.007063649279999    0.007084353430001   -0.000033927064999    0.007065748355001    0.007082327294999   -0.000009591679999 
  -0.007063725399999    0.007084395410001   -0.000018934165000    0.007065672235000    0.007082369275000    0.000005401220001 
  -0.007061984908838    0.007085530599623   -0.000033192362750    0.007067984295455    0.007079753117424    0.000035851897726 
  -0.007062506628278    0.007086131241057   -0.000043795864219    0.007065748355001    0.007082327294999   -0.000009591679999 
  -0.007063649279999    0.007084353430001   -0.000033927064999    0.007067419725001    0.007080145654999    0.000073712075000 
  -0.007062301089723    0.007085674368120   -0.000010646337117    0.007065514197154    0.007082847783156   -0.000047356964039 
  -0.007073462274999    0.007074663345001    0.000018288179999    0.007065672235000    0.007082369275000    0.000005401220001 
  -0.007073341050000    0.007074676750001   -0.000029110810000    0.007067201950000    0.007080197729999    0.000095192610000 
  -0.007076239019999    0.007071423265000   -0.000058081270000    0.007075733915001    0.007070049819999    0.000173134430000 
  -0.007077852798649    0.007070754436551   -0.000055777898501    0.007066797785001    0.007080121104999    0.000121548150000 
  -0.007076869824349    0.007069646595201   -0.000050103407701    0.007075733915001    0.007070049819999    0.000173134430000 
  -0.007076239019999    0.007071423265000   -0.000058081270000    0.007067201950000    0.007080197729999    0.000095192610000 
  -0.007076292996330    0.007071016597510   -0.000091583078415    0.007075739474558    0.007069267269963    0.000211748685499 
  -0.007076551188751    0.007070717683407   -0.000088426333712    0.007075375897474    0.007068846350104    0.000216193897428 
  -0.007072393757575    0.007074623272728   -0.000077012905303    0.007076146062122    0.007069537396969    0.000199909849875 
  -0.007075840084999    0.007071530885001   -0.000077868390000    0.007075341919056    0.007068815839832    0.000199710236779 
  -0.007075840084999    0.007071530885001   -0.000077868390000    0.007076132850001    0.007070157439999    0.000153347310000 
  -0.007072730910000    0.007074672125001   -0.000076344600000    0.007076132850001    0.007070157439999    0.000153347310000 
  -0.007062781395944    0.007086277097779   -0.000055887104054    0.007077076285001    0.007070261699999    0.000092319715000 
  -0.007063367989999    0.007084333100001   -0.000057573434999    0.007076525215000    0.007070204889999    0.000127594055000 
  -0.007061635529610    0.007085071543613   -0.000050722725054    0.007067701015000    0.007080125325000    0.000050065705000 
  -0.007063367989999    0.007084333100001   -0.000057573434999    0.007067701015000    0.007080125325000    0.000050065705000 
  -0.007062816919999    0.007084389910001   -0.000092847774999    0.007075350173557    0.007068289416555    0.000201102661389 
  -0.007072730910000    0.007074672125001   -0.000076344600000    0.007076561883446    0.007069477145833    0.000199085606667 
  -0.007061895501083    0.007085400186581   -0.000069095490820    0.007077972133737    0.007069374935866    0.000078962919394 
  -0.007061035332744    0.007085443662125   -0.000142316329209    0.007077111965397    0.007069331460322    0.000152183757783 
  -0.007062816919999    0.007084389910001   -0.000092847774999    0.007077076285001    0.007070261699999    0.000092319715000 
  -0.007073123274999    0.007074624675001   -0.000050591345000    0.007076525215000    0.007070204889999    0.000127594055000 
  -0.007073123274999    0.007074624675001   -0.000050591345000    0.007067419725001    0.007080145654999    0.000073712075000 
   0.001627892125001   -0.005011583210001   -0.000022620845000    0.000142940960008    0.000098157455005    0.009999209444999 
   0.001205644785000   -0.005277700505002   -0.000080096245000   -0.001275893354989   -0.000594661719992    0.009901335945002 
   0.001627892125001   -0.005011583210001   -0.000022620845000   -0.000853646014988   -0.000328544424991    0.009958811345001 
   0.001205644785000   -0.005277700505002   -0.000080096245000   -0.002330390249987   -0.000956105374990    0.009678348960004 
   0.001471408995001   -0.004810078815002    0.000041942285000   -0.001275893354989   -0.000594661719992    0.009901335945002 
   0.001306531998077   -0.004867682269231   -0.000013364844231    0.000464301086932   -0.000045743485765    0.009989953444230 
   0.001490954400001   -0.005163386141675   -0.000022113500000    0.000345738410009   -0.000295537505002    0.009990353409999 
   0.001077315879999   -0.004940053965001   -0.000007715685000    0.000097555298008   -0.000161538198997    0.009998992099000 
   0.001430650408335   -0.005420024891678   -0.000041662491667   -0.000917982634987   -0.000618669819995    0.009939264520001 
   0.001490954400001   -0.005163386141675   -0.000022113500000   -0.000881800239988   -0.000464686569993    0.009950993915001 
   0.001430650408335   -0.005420024891678   -0.000041662491667   -0.002465662709988   -0.000963068144990    0.009644148450004 
   0.001077315879999   -0.004940053965001   -0.000007715685000   -0.000881800239988   -0.000464686569993    0.009950993915001 
   0.001471408995001   -0.004810078815002    0.000041942285000   -0.002239505314987   -0.000893617924990    0.009705904855004 
   0.001296529720000   -0.005215213055002   -0.000052540350000   -0.002239505314987   -0.000893617924990    0.009705904855004 
   0.001296529720000   -0.005215213055002   -0.000052540350000   -0.003446844304987   -0.001402197169990    0.009282736330005 
   0.001335915490000   -0.005061200210001   -0.000015904095000   -0.004274908984993   -0.001713231319991    0.008877323410005 
   0.001297719065387   -0.004866455736538    0.000001221801923   -0.004313105409606   -0.001518486846528    0.008894449306928 
   0.001335915490000   -0.005061200210001   -0.000015904095000   -0.003407458534987   -0.001248184324990    0.009319372585006 
   0.001294583360000   -0.004868233455001   -0.000000539630000   -0.003407458534987   -0.001248184324990    0.009319372585006 
   0.001473991550002   -0.005366867633344   -0.000025554691667   -0.002439658024987   -0.000931173789990    0.009653813130004 
   0.001473991550002   -0.005366867633344   -0.000025554691667   -0.003358126774987   -0.001236888744989    0.009338647075005 
   0.001130794991667   -0.005249090683340   -0.000138126708333   -0.004209815259987   -0.001287128159984    0.008979819845005 
   0.001294583360000   -0.004868233455001   -0.000000539630000   -0.004308088280987   -0.001515642496988    0.008897267598005 
   0.001130794991667   -0.005249090683340   -0.000138126708333   -0.003564044709988   -0.001166222574987    0.009271103865006 
   0.001245251600000   -0.004879529035002   -0.000019814120000   -0.003358126774987   -0.001236888744989    0.009338647075005 
   0.001245251600000   -0.004879529035002   -0.000019814120000   -0.002465662709988   -0.000963068144990    0.009644148450004 
   0.003927885190000   -0.003378340524999    0.000032895499999   -0.000248115279993    0.000317344925005    0.009992486185000 
   0.003575308655000   -0.003575392600000   -0.000017682620000   -0.001430587224989   -0.000410624594992    0.009889474335001 
   0.003927885190000   -0.003378340524999    0.000032895499999   -0.001078010689989   -0.000213572519992    0.009940052455001 
   0.003575308655000   -0.003575392600000   -0.000017682620000   -0.002202358544987   -0.000919133539991    0.009711731685004 
   0.003855600005000   -0.003415997549999    0.000088463085000   -0.001430587224989   -0.000410624594992    0.009889474335001 
   0.003590599907692   -0.003591731815385    0.000039098859616    0.000089170002316    0.000530736215391    0.009986282825384 
   0.003770416708333   -0.004249619425002    0.000057189883333    0.000142940960008    0.000098157455005    0.009999209444999 
   0.004200120025001   -0.004468786575003    0.000093931200000   -0.001111468004989   -0.000197044134991    0.009936766555001 
   0.003536480784999   -0.003629578010000    0.000041170865000   -0.001111468004989   -0.000197044134991    0.009936766555001 
   0.004200120025001   -0.004468786575003    0.000093931200000   -0.002410935144988   -0.001015266554991    0.009652502470004 
   0.003770416708333   -0.004249619425002    0.000057189883333   -0.000853646014988   -0.000328544424991    0.009958811345001 
   0.003536480784999   -0.003629578010000    0.000041170865000    0.000002579406008    0.000470182304006    0.009989598033999 
   0.003855600005000   -0.003415997549999    0.000088463085000   -0.002230692264988   -0.000916983599991    0.009705696900004 
   0.003546974934999   -0.003573242660000   -0.000023717405000   -0.002230692264988   -0.000916983599991    0.009705696900004 
   0.003546974934999   -0.003573242660000   -0.000023717405000   -0.003269856419988   -0.001588458199991    0.009316570835005 
   0.003618807700000   -0.003523422630000    0.000009762730000   -0.003939211739988   -0.002025619694994    0.008966254840005 
   0.003580870707691   -0.003542686355768   -0.000011157490384   -0.003977148732297   -0.002044883420763    0.008945334619620 
   0.003618807700000   -0.003523422630000    0.000009762730000   -0.003198023654987   -0.001538638169991    0.009350050970005 
   0.003644905590000   -0.003512008175000    0.000024987045000   -0.003198023654987   -0.001538638169991    0.009350050970005 
   0.004334361516669   -0.004370184608336    0.000137008683333   -0.002330390249987   -0.000956105374990    0.009678348960004 
   0.004334361516669   -0.004370184608336    0.000137008683333   -0.003228475189987   -0.001536365839991    0.009339769360005 
   0.003970412991667   -0.004146570158335    0.000041953633333   -0.004274908984993   -0.001713231319991    0.008877323410005 
   0.003644905590000   -0.003512008175000    0.000024987045000   -0.004079604543992   -0.002093968509993    0.008887503363005 
   0.003970412991667   -0.004146570158335    0.000041953633333   -0.003446844304987   -0.001402197169990    0.009282736330005 
   0.003675357125000   -0.003514280504999    0.000035268655000   -0.003228475189987   -0.001536365839991    0.009339769360005 
   0.003675357125000   -0.003514280504999    0.000035268655000   -0.002410935144988   -0.001015266554991    0.009652502470004 
   0.003939211739988    0.002025619694994   -0.008966254840005   -0.004981039575000    0.001272651450000   -0.000092279595000 
   0.003018827724987    0.001415930749991   -0.009428409035005   -0.005232068270001    0.001100124000000   -0.000204117795000 
   0.003269856419988    0.001588458199991   -0.009316570835005   -0.004981039575000    0.001272651450000   -0.000092279595000 
   0.003018827724987    0.001415930749991   -0.009428409035005   -0.004919236725000    0.001304756185000   -0.000056557425000 
   0.002365600324988    0.001000500489991   -0.009665173390003   -0.005232068270001    0.001100124000000   -0.000204117795000 
   0.003804679459219    0.001927278175761   -0.009045644110005   -0.004846507294231    0.001370992969234   -0.000012890325000 
   0.001078010689989    0.000213572519992   -0.009940052455001   -0.004686367114999    0.001407385080001   -0.000101132050000 
   0.000248115279993   -0.000317344925005   -0.009992486185000   -0.004686367114999    0.001407385080001   -0.000101132050000 
   0.001460470064990    0.000439466649992   -0.009883625005002   -0.005068826490001    0.001181490950001   -0.000157559499999 
   0.001460470064990    0.000439466649992   -0.009883625005002   -0.005028221585001    0.001197952695000   -0.000084938765000 
   0.000069181071916   -0.000412589062698   -0.009991819286923   -0.004865301323077    0.001312140942308   -0.000100465151923 
   0.002202358544987    0.000919133539991   -0.009711731685004   -0.005068826490001    0.001181490950001   -0.000157559499999 
   0.002365600324988    0.001000500489991   -0.009665173390003   -0.004846585220000    0.001322680775001   -0.000030257515000 
   0.003091479229987    0.001433855339991   -0.009402109125006   -0.004846585220000    0.001322680775001   -0.000030257515000 
   0.003091479229987    0.001433855339991   -0.009402109125006   -0.004843556766667    0.000876849583333   -0.000105043108333 
   0.003733720344988    0.001564555359986   -0.009144602880005   -0.004843556766667    0.000876849583333   -0.000105043108333 
   0.003172580074987    0.001297491344991   -0.009394845355005   -0.004708388691667    0.000649576258333   -0.000092936824999 
   0.003688312369988    0.001821299320986   -0.009115511470005   -0.004919236725000    0.001304756185000   -0.000056557425000 
   0.002268919324987    0.000928831144991   -0.009695391915004   -0.004708388691667    0.000649576258333   -0.000092936824999 
   0.001348900489990    0.000371790919992   -0.009902224395002   -0.005139791160001    0.001130276965000   -0.000103538155000 
   0.001348900489990    0.000371790919992   -0.009902224395002   -0.004566796416666    0.000738007483334   -0.000052165616667 
   0.001140533539989    0.000414682309992   -0.009926632395001   -0.004914074666667    0.000809493133333   -0.000092845616666 
   0.000372934914994    0.000070863599995   -0.009993318005000   -0.004914074666667    0.000809493133333   -0.000092845616666 
   0.002183963959987    0.000875772409991   -0.009719854640003   -0.004566796416666    0.000738007483334   -0.000052165616667 
   0.000508364810994   -0.000121606699005   -0.009986902482000   -0.005139791160001    0.001130276965000   -0.000103538155000 
   0.002183963959987    0.000875772409991   -0.009719854640003   -0.005028221585001    0.001197952695000   -0.000084938765000 
   0.003733720344988    0.001564555359986   -0.009144602880005   -0.004881314689999   -0.001440504810002   -0.000028179265000 
   0.002952510229987    0.001155706904990   -0.009484737200005   -0.005101384534999   -0.001582289250003   -0.000118071109999 
   0.003172580074987    0.001297491344991   -0.009394845355005   -0.004881314689999   -0.001440504810002   -0.000028179265000 
   0.002952510229987    0.001155706904990   -0.009484737200005   -0.004936676525000   -0.001329406860000   -0.000031537995000 
   0.002330685019988    0.000928825774991   -0.009680806945004   -0.005101384534999   -0.001582289250003   -0.000118071109999 
   0.003715748566527    0.001430198546142   -0.009173956966159   -0.004863342911537   -0.001306147996157    0.000001174821154 
   0.001140533539989    0.000414682309992   -0.009926632395001   -0.004698449129998   -0.001378844005001   -0.000047762995000 
   0.000372934914994    0.000070863599995   -0.009993318005000   -0.004698449129998   -0.001378844005001   -0.000047762995000 
   0.001481703249990    0.000618132924994   -0.009870909250002   -0.005039618839999   -0.001582294620003   -0.000103486139999 
   0.001481703249990    0.000618132924994   -0.009870909250002   -0.005029191219999   -0.001357253955000   -0.000048594284999 
   0.000202522535376    0.000148629362689   -0.009997432110000   -0.004868861509616   -0.001301078242307   -0.000051877100000 
   0.002268919324987    0.000928831144991   -0.009695391915004   -0.005039618839999   -0.001582294620003   -0.000103486139999 
   0.002330685019988    0.000928825774991   -0.009680806945004   -0.004864512044998   -0.001300092075000   -0.000005141385000 
   0.003024674709988    0.001185021689990   -0.009458340590005   -0.004864512044998   -0.001300092075000   -0.000005141385000 
   0.003024674709988    0.001185021689990   -0.009458340590005   -0.004940517391667   -0.001587245500001   -0.000069826533333 
   0.003596110264987    0.001238281179993   -0.009249270595005   -0.004940517391667   -0.001587245500001   -0.000069826533333 
   0.003071500504988    0.001097952109990   -0.009453801110005   -0.004862474400000   -0.001732361466668   -0.000062260733333 
   0.003598414784987    0.001392984363993   -0.009226297472005   -0.004936676525000   -0.001329406860000   -0.000031537995000 
   0.002227190474988    0.000895827184991   -0.009708272555003   -0.004862474400000   -0.001732361466668   -0.000062260733333 
   0.001388998799989    0.000584022214994   -0.009886445145002   -0.005121895670000   -0.001391364665000   -0.000064130179999 
   0.001388998799989    0.000584022214994   -0.009886445145002   -0.004760500016666   -0.001692089316667   -0.000035615250000 
   0.001228073789988    0.000620683074994   -0.009905528390002   -0.005028708366667   -0.001630987883334   -0.000067420658333 
   0.000551464809992    0.000436861569999   -0.009975852895001   -0.005028708366667   -0.001630987883334   -0.000067420658333 
   0.002166005844987    0.000871663894991   -0.009724259845003   -0.004760500016666   -0.001692089316667   -0.000035615250000 
   0.000607377191992    0.000293087638998   -0.009977827182001   -0.005121895670000   -0.001391364665000   -0.000064130179999 
   0.002166005844987    0.000871663894991   -0.009724259845003   -0.005029191219999   -0.001357253955000   -0.000048594284999 
   0.003596110264987    0.001238281179993   -0.009249270595005   -0.003499509115000   -0.003658990720000    0.000001321905000 
   0.002870986354988    0.001017782049990   -0.009525624630005   -0.003700023265000   -0.003739160779999   -0.000070501615000 
   0.003071500504988    0.001097952109990   -0.009453801110005   -0.003499509115000   -0.003658990720000    0.000001321905000 
   0.002870986354988    0.001017782049990   -0.009525624630005   -0.003547357484999   -0.003588965195001   -0.000008136090000 
   0.002288747659988    0.000897836914991   -0.009693868800003   -0.003700023265000   -0.003739160779999   -0.000070501615000 
   0.003633280673065    0.001164705561915   -0.009244399424619   -0.003536679523078   -0.003585415101922   -0.000003549265385 
   0.001228073789988    0.000620683074994   -0.009905528390002   -0.003355648424999   -0.003626241879999   -0.000009427470000 
   0.000551464809992    0.000436861569999   -0.009975852895001   -0.003355648424999   -0.003626241879999   -0.000009427470000 
   0.001510891444989    0.000731592244994   -0.009858858000003   -0.003638466080000   -0.003737151049999   -0.000056097859999 
   0.001510891444989    0.000731592244994   -0.009858858000003   -0.003561426194999   -0.003592966505002    0.000001159065000 
   0.000318751977297    0.000468767251921   -0.009984627157692   -0.003588361257693   -0.003594336198077   -0.000018201732692 
   0.002227190474988    0.000895827184991   -0.009708272555003   -0.003638466080000   -0.003737151049999   -0.000056097859999 
   0.002288747659988    0.000897836914991   -0.009693868800003   -0.003399202694998   -0.003563989355001    0.000040575940001 
   0.003019141144989    0.001042757889989   -0.009476912600004   -0.003399202694998   -0.003563989355001    0.000040575940001 
   0.003019141144989    0.001042757889989   -0.009476912600004   -0.003558101716667   -0.003793115566666   -0.000036916708333 
   0.003609749394991    0.001036535189990   -0.009269006715003   -0.003558101716667   -0.003793115566666   -0.000036916708333 
   0.003071081229989    0.000971615519990   -0.009468005240005   -0.003471534908334   -0.003911686183332   -0.000022071108333 
   0.003616195933992    0.001159025412989   -0.009251738344003   -0.003547357484999   -0.003588965195001   -0.000008136090000 
   0.002170873429988    0.000877243739992   -0.009722951975003   -0.003471534908334   -0.003911686183332   -0.000022071108333 
   0.001337109749988    0.000698242169995   -0.009886255450002   -0.003735207890000   -0.003626316580001   -0.000026238384999 
   0.001337109749988    0.000698242169995   -0.009886255450002   -0.003397619458333   -0.003897712891665   -0.000004848275000 
   0.001178070564988    0.000741877714994   -0.009903494915002   -0.003662684766667   -0.003824986983332   -0.000033580716666 
   0.000510192714989    0.000639138104998   -0.009967363115000   -0.003662684766667   -0.003824986983332   -0.000033580716666 
   0.002126524159987    0.000868859764991   -0.009733285675003   -0.003397619458333   -0.003897712891665   -0.000004848275000 
   0.000553706588990    0.000519935862999   -0.009971768514000   -0.003735207890000   -0.003626316580001   -0.000026238384999 
   0.002126524159987    0.000868859764991   -0.009733285675003   -0.003561426194999   -0.003592966505002    0.000001159065000 
   0.003609749394991    0.001036535189990   -0.009269006715003   -0.001138477910003   -0.004920413784999    0.000044820704999 
   0.002865917034987    0.000935053674991   -0.009535984015005   -0.001343642105005   -0.004956975629998   -0.000023158070002 
   0.003071081229989    0.000971615519990   -0.009468005240005   -0.001138477910003   -0.004920413784999    0.000044820704999 
   0.002865917034987    0.000935053674991   -0.009535984015005   -0.001203049195002   -0.004878336805001    0.000024498629999 
   0.002247904734988    0.000877672684992   -0.009705611490003   -0.001343642105005   -0.004956975629998   -0.000023158070002 
   0.003705652842678    0.001000524566529   -0.009235249254236   -0.001234381357690   -0.004884403161538    0.000011063244231 
   0.001178070564988    0.000741877714994   -0.009903494915002   -0.001006106080003   -0.004902089664998    0.000032685469998 
   0.000510192714989    0.000639138104998   -0.009967363115000   -0.001006106080003   -0.004902089664998    0.000032685469998 
   0.001438575284990    0.000796334734994   -0.009864991860002   -0.001266610800005   -0.004956546684998   -0.000005817585001 
   0.001438575284990    0.000796334734994   -0.009864991860002   -0.001168471880005   -0.004867889655003    0.000052518144998 
   0.000211086718069    0.000664247406535   -0.009976693390769   -0.001305212076923   -0.004876980363462    0.000023355194229 
   0.002170873429988    0.000877243739992   -0.009722951975003   -0.001266610800005   -0.004956546684998   -0.000005817585001 
   0.002247904734988    0.000877672684992   -0.009705611490003   -0.000995078765004   -0.004856102055002    0.000091907319998 
   0.003073887464985    0.000957288424989   -0.009468575325006   -0.000995078765004   -0.004856102055002    0.000091907319998 
   0.003073887464985    0.000957288424989   -0.009468575325006   -0.001324332050002   -0.004505609858334    0.000020687833332 
   0.003683014589980    0.001233866904988   -0.009216039115007   -0.001324332050002   -0.004505609858334    0.000020687833332 
   0.003095888084985    0.001114068924990   -0.009444369550006   -0.001287664350002   -0.004244309025000    0.000061030791665 
   0.003755784302980    0.001010230736987   -0.009213752637007   -0.001203049195002   -0.004878336805001    0.000024498629999 
   0.002143198864987    0.000873315984991   -0.009729594495004   -0.001287664350002   -0.004244309025000    0.000061030791665 
   0.001203453709991    0.000775367809995   -0.009897899220001   -0.001403593455003   -0.004888856580001    0.000019610784999 
   0.001203453709991    0.000775367809995   -0.009897899220001   -0.001173185608336   -0.004231924191666    0.000086707741665 
   0.001066897884991    0.000626411859994   -0.009924194915001   -0.001400778650003   -0.004480184108334    0.000042881583332 
   0.000366808039997    0.000438045869998   -0.009984664815000   -0.001400778650003   -0.004480184108334    0.000042881583332 
   0.002074511619987    0.000865885084991   -0.009745000665004   -0.001173185608336   -0.004231924191666    0.000086707741665 
   0.000368496922997    0.000683249352999   -0.009970702336000   -0.001403593455003   -0.004888856580001    0.000019610784999 
   0.002074511619987    0.000865885084991   -0.009745000665004   -0.001168471880005   -0.004867889655003    0.000052518144998 
   0.003683014589980    0.001233866904988   -0.009216039115007    0.001293808005000   -0.004755774099999    0.000034894799999 
   0.002888073039984    0.001109301194990   -0.009510752465005    0.001085992960000   -0.004760541829998   -0.000031488115000 
   0.003095888084985    0.001114068924990   -0.009444369550006    0.001293808005000   -0.004755774099999    0.000034894799999 
   0.002888073039984    0.001109301194990   -0.009510752465005    0.001252233165000   -0.004874960775000    0.000001922160000 
   0.002248751304987    0.000913774174992   -0.009702238590004    0.001085992960000   -0.004760541829998   -0.000031488115000 
   0.003758143729594    0.001366293083835   -0.009167097524623    0.001218678865385   -0.004888200278846   -0.000014046790385 
   0.001066897884991    0.000626411859994   -0.009924194915001    0.001531054904999   -0.004693021434999    0.000039798379999 
   0.000366808039997    0.000438045869998   -0.009984664815000    0.001531054904999   -0.004693021434999    0.000039798379999 
   0.001406407389991    0.000653474064994   -0.009880264325002    0.001191545400000   -0.004720083639998   -0.000004132210000 
   0.001406407389991    0.000653474064994   -0.009880264325002    0.001353191165000   -0.004850495920001    0.000051392419999 
   0.000139166473459    0.000253838262689   -0.009996961585384    0.001303413338461   -0.004877229042308    0.000027501609615 
   0.002143198864987    0.000873315984991   -0.009729594495004    0.001191545400000   -0.004720083639998   -0.000004132210000 
   0.002248751304987    0.000913774174992   -0.009702238590004    0.001488834625000   -0.004802069655001    0.000086058974999 
   0.003124674499984    0.001182192314990   -0.009426615650006    0.001488834625000   -0.004802069655001    0.000086058974999 
   0.003124674499984    0.001182192314990   -0.009426615650006    0.001062314266667   -0.004482083541667   -0.000011234875000 
   0.003697879269979    0.001623202629987   -0.009149441425006    0.001062314266667   -0.004482083541667   -0.000011234875000 
   0.003106550884984    0.001359214069990   -0.009408645015006    0.001032108241667   -0.004187047283334    0.000018716183333 
   0.003811830608979    0.001387476289988   -0.009141547204006    0.001252233165000   -0.004874960775000    0.000001922160000 
   0.002218070879987    0.000892656474991   -0.009710986330004    0.001032108241667   -0.004187047283334    0.000018716183333 
   0.001222899214991    0.000585197779994   -0.009908726160001    0.001169682990000   -0.004918772205001    0.000022930585000 
   0.001222899214991    0.000585197779994   -0.009908726160001    0.001207046633334   -0.004141533008335    0.000061914208333 
   0.001122244104991    0.000386814534994   -0.009930265025001    0.001039288116667   -0.004472171750001    0.000026016100000 
   0.000431371954997    0.000052347049997   -0.009991499255000    0.001039288116667   -0.004472171750001    0.000026016100000 
   0.002113107844987    0.000865347909991   -0.009736905145004    0.001207046633334   -0.004141533008335    0.000061914208333 
   0.000353135030997    0.000320307322997   -0.009989647946000    0.001169682990000   -0.004918772205001    0.000022930585000 
   0.002113107844987    0.000865347909991   -0.009736905145004    0.001353191165000   -0.004850495920001    0.000051392419999 
   0.003697879269979    0.001623202629987   -0.009149441425006    0.003407508630002   -0.003458214179998   -0.000023279454999 
   0.002849902474985    0.001298818129991   -0.009498123300005    0.003150860220003   -0.003518610119997   -0.000112757739998 
   0.003106550884984    0.001359214069990   -0.009408645015006    0.003407508630002   -0.003458214179998   -0.000023279454999 
   0.002849902474985    0.001298818129991   -0.009498123300005    0.003466538705002   -0.003635322734999   -0.000031358684999 
   0.002275498629987    0.000946441289992   -0.009692728940004    0.003150860220003   -0.003518610119997   -0.000112757739998 
   0.003568877273059    0.001750279217297   -0.009177351091544    0.003536510626922   -0.003585290767307    0.000004630211539 
   0.001122244104991    0.000386814534994   -0.009930265025001    0.003595856155003   -0.003367107729998   -0.000038834909998 
   0.000431371954997    0.000052347049997   -0.009991499255000    0.003595856155003   -0.003367107729998   -0.000038834909998 
   0.001509812289990    0.000484532109993   -0.009874599585002    0.003208287970003   -0.003464825304997   -0.000094500349998 
   0.001509812289990    0.000484532109993   -0.009874599585002    0.003409154940005   -0.003687552359997   -0.000041991824997 
   0.000426349482686   -0.000172313162313   -0.009990488714231    0.003590833682692   -0.003591767942308   -0.000037824369229 
   0.002218070879987    0.000892656474991   -0.009710986330004    0.003208287970003   -0.003464825304997   -0.000094500349998 
   0.002275498629987    0.000946441289992   -0.009692728940004    0.003539000565005   -0.003598041739997   -0.000004133349999 
   0.002922364334988    0.001336099124992   -0.009470897965005    0.003539000565005   -0.003598041739997   -0.000004133349999 
   0.002922364334988    0.001336099124992   -0.009470897965005    0.003389041141670   -0.003662406566664   -0.000064602141665 
   0.003410423659987    0.001653977769991   -0.009254879400004    0.003389041141670   -0.003662406566664   -0.000064602141665 
   0.002920358539989    0.001344621169993   -0.009470079510005    0.003385698150004   -0.003648203158330   -0.000063238049998 
   0.003456922197986    0.001670228068991   -0.009234933326004    0.003466538705002   -0.003635322734999   -0.000031358684999 
   0.002236330854987    0.000908520434991   -0.009705241095003    0.003385698150004   -0.003648203158330   -0.000063238049998 
   0.001463264804988    0.000444416289991   -0.009883485630002    0.003362607455002   -0.003727668179999   -0.000050877869998 
   0.001463264804988    0.000444416289991   -0.009883485630002    0.003536827900004   -0.003562220216664   -0.000020994183331 
   0.001356921004987    0.000364356804991   -0.009901700680002    0.003359588233336   -0.003695652691665   -0.000051352599998 
   0.000793322979990    0.000025917924993   -0.009969318275000    0.003359588233336   -0.003695652691665   -0.000051352599998 
   0.002145653004987    0.000856930669991   -0.009730587415003    0.003536827900004   -0.003562220216664   -0.000020994183331 
   0.000791511446990    0.000045127217993   -0.009969603113000    0.003362607455002   -0.003727668179999   -0.000050877869998 
   0.002145653004987    0.000856930669991   -0.009730587415003    0.003409154940005   -0.003687552359997   -0.000041991824997 
   0.003410423659987    0.001653977769991   -0.009254879400004    0.004865693285000   -0.001280369125001    0.000003599840000 
   0.002769651009988    0.001254947009992   -0.009527444375005    0.004714985754999   -0.001370043285002   -0.000053765025000 
   0.002920358539989    0.001344621169993   -0.009470079510005    0.004865693285000   -0.001280369125001    0.000003599840000 
   0.002769651009988    0.001254947009992   -0.009527444375005    0.004854093150000   -0.001307773765000   -0.000005622520000 
   0.002280577414987    0.000940459699992   -0.009691858985003    0.004714985754999   -0.001370043285002   -0.000053765025000 
   0.003412508443065    0.001678532646917   -0.009249628742697    0.004863608501922   -0.001304924001926   -0.000001650817307 
   0.001356921004987    0.000364356804991   -0.009901700680002    0.005029297040001   -0.001177904140000    0.000007643614999 
   0.000793322979990    0.000025917924993   -0.009969318275000    0.005029297040001   -0.001177904140000    0.000007643614999 
   0.001626985729988    0.000524556684992   -0.009853674150003    0.004759232314999   -0.001338104020001   -0.000040382915000 
   0.001626985729988    0.000524556684992   -0.009853674150003    0.004863445489999   -0.001293837430001    0.000010953700000 
   0.000633758082296   -0.000098493425392   -0.009980219491922    0.004869732142307   -0.001302315490385   -0.000003257601923 
   0.002236330854987    0.000908520434991   -0.009705241095003    0.004759232314999   -0.001338104020001   -0.000040382915000 
   0.002280577414987    0.000940459699992   -0.009691858985003    0.004983474830000   -0.001217444450000    0.000045413930000 
   0.002899032689988    0.001345276324992   -0.009476407925005    0.004983474830000   -0.001217444450000    0.000045413930000 
   0.002899032689988    0.001345276324992   -0.009476407925005    0.004957657750000   -0.001594171700001   -0.000016251916666 
   0.003459422639990    0.001502134264997   -0.009262361105006    0.004957657750000   -0.001594171700001   -0.000016251916666 
   0.002976111969988    0.001248323009992   -0.009465695150005    0.005086123216667   -0.001755760558335    0.000001602708333 
   0.003397283879990    0.001673973025998   -0.009255983467006    0.004854093150000   -0.001307773765000   -0.000005622520000 
   0.002236569759987    0.000919618844991   -0.009703940805004    0.005086123216667   -0.001755760558335    0.000001602708333 
   0.001502982349988    0.000442762894991   -0.009877268100002    0.004739442109998   -0.001375631220001   -0.000012640250000 
   0.001502982349988    0.000442762894991   -0.009877268100002    0.005212826025001   -0.001663173683335    0.000038900058333 
   0.001331422214987    0.000462951894991   -0.009900851020002    0.004926892466666   -0.001629525350002   -0.000000404808334 
   0.000729751919990    0.000171148219994   -0.009972548520000    0.004926892466666   -0.001629525350002   -0.000000404808334 
   0.002160548074986    0.000864066719991   -0.009726319215003    0.005212826025001   -0.001663173683335    0.000038900058333 
   0.000842222133991    0.000018811741993   -0.009965207255000    0.004739442109998   -0.001375631220001   -0.000012640250000 
   0.002160548074986    0.000864066719991   -0.009726319215003    0.004863445489999   -0.001293837430001    0.000010953700000 
   0.003459422639990    0.001502134264997   -0.009262361105006    0.005005682290001    0.001256022764998    0.000057261159999 
   0.002871375134987    0.001116812579990   -0.009514346940004    0.004900945455000    0.001124512334996    0.000008609370000 
   0.002976111969988    0.001248323009992   -0.009465695150005    0.005005682290001    0.001256022764998    0.000057261159999 
   0.002871375134987    0.001116812579990   -0.009514346940004    0.004902459735000    0.001390140309999    0.000039515135000 
   0.002316974609987    0.000912844484991   -0.009685702200004    0.004900945455000    0.001124512334996    0.000008609370000 
   0.003619259116529    0.001384514187685   -0.009219484068083    0.004845845813462    0.001373642842310    0.000014384123076 
   0.001331422214987    0.000462951894991   -0.009900851020002    0.005218953135002    0.001290756284998    0.000071344054999 
   0.000729751919990    0.000171148219994   -0.009972548520000    0.005218953135002    0.001290756284998    0.000071344054999 
   0.001569025044988    0.000635970204993   -0.009856354940002    0.004981350305000    0.001117737974996    0.000026847974999 
   0.001569025044988    0.000635970204993   -0.009856354940002    0.005007304120000    0.001398771944997    0.000086545330000 
   0.000378028971527    0.000191132323457   -0.009991665130769    0.004867230186539    0.001310740388461    0.000052227444230 
   0.002236569759987    0.000919618844991   -0.009703940805004    0.004981350305000    0.001117737974996    0.000026847974999 
   0.002316974609987    0.000912844484991   -0.009685702200004    0.005135351920001    0.001462620544998    0.000121929414999 
   0.003104267319988    0.001189292814989   -0.009431932660005    0.005135351920001    0.001462620544998    0.000121929414999 
   0.003104267319988    0.001189292814989   -0.009431932660005    0.004943671274999    0.001176456808332    0.000024854108333 
   0.003734568314988    0.001282700034987   -0.009188071065005    0.004943671274999    0.001176456808332    0.000024854108333 
   0.003178057499988    0.001118744054989   -0.009415994205005    0.005066654908332    0.001058875541666    0.000051418199999 
   0.003709841390989    0.001410910135987   -0.009179274449005    0.004902459735000    0.001390140309999    0.000039515135000 
   0.002267821384987    0.000878346334990   -0.009700389475004    0.005066654908332    0.001058875541666    0.000051418199999 
   0.001351328409987    0.000534377934993   -0.009894425485002    0.004789607484999    0.001297179674998    0.000048474785000 
   0.001351328409987    0.000534377934993   -0.009894425485002    0.005198145866666    0.001107792958333    0.000085912883333 
   0.001174376779986    0.000545538829993   -0.009916388275002    0.004903226483332    0.001126394449998    0.000049308233333 
   0.000434053894991    0.000315300599998   -0.009986160945000    0.004903226483332    0.001126394449998    0.000049308233333 
   0.002188926809986    0.000848995884990   -0.009721086285004    0.005198145866666    0.001107792958333    0.000085912883333 
   0.000502225293991    0.000212829464998   -0.009985660876000    0.004789607484999    0.001297179674998    0.000048474785000 
   0.002188926809986    0.000848995884990   -0.009721086285004    0.005007304120000    0.001398771944997    0.000086545330000 
   0.003734568314988    0.001282700034987   -0.009188071065005    0.003756652805000    0.003494889870000    0.000054543884999 
   0.003025667354987    0.001046757204989   -0.009474347735005    0.003604262659999    0.003422903019999   -0.000003809645000 
   0.003178057499988    0.001118744054989   -0.009415994205005    0.003756652805000    0.003494889870000    0.000054543884999 
   0.003025667354987    0.001046757204989   -0.009474347735005    0.003668714160001    0.003579525504999    0.000031337960000 
   0.002370437714987    0.000895897794991   -0.009674276530004    0.003604262659999    0.003422903019999   -0.000003809645000 
   0.003904386177680    0.001240717666527   -0.009123045131929    0.003586834942309    0.003536872238459   -0.000010482048077 
   0.001174376779986    0.000545538829993   -0.009916388275002    0.004007941460001    0.003577295160000    0.000071057319999 
   0.000434053894991    0.000315300599998   -0.009986160945000    0.004007941460001    0.003577295160000    0.000071057319999 
   0.001475439249988    0.000682379509993   -0.009867634255002    0.003706878989999    0.003440454480000    0.000022303300000 
   0.001475439249988    0.000682379509993   -0.009867634255002    0.003813223815001    0.003659986739996    0.000105031245000 
   0.000013843998451    0.000332317038075   -0.009995042859230    0.003587731563462    0.003594311598077    0.000062175405769 
   0.002267821384987    0.000878346334990   -0.009700389475004    0.003706878989999    0.003440454480000    0.000022303300000 
   0.002370437714987    0.000895897794991   -0.009674276530004    0.003961257000002    0.003682529434997    0.000142010674999 
   0.003318210194988    0.001149761134987   -0.009363675020006    0.003961257000002    0.003682529434997    0.000142010674999 
   0.003318210194988    0.001149761134987   -0.009363675020006    0.003733146083332    0.003266573941666    0.000017940683333 
   0.004074052079986    0.001121191954991   -0.009064171485006    0.003733146083332    0.003266573941666    0.000017940683333 
   0.003429401329988    0.001033831019988   -0.009337242635005    0.003918464641665    0.003073357083334    0.000061994658333 
   0.004035392925987    0.001308962892990   -0.009056133119006    0.003668714160001    0.003579525504999    0.000031337960000 
   0.002260752234986    0.000899068679990   -0.009700191555004    0.003918464641665    0.003073357083334    0.000061994658333 
   0.001185312244987    0.000611683209994   -0.009911144265002    0.003523096810000    0.003589290439997    0.000061521235000 
   0.001185312244987    0.000611683209994   -0.009911144265002    0.003982377483332    0.003116213050001    0.000080435333333 
   0.000954417689987    0.000688623849994   -0.009931129965002    0.003597553224999    0.003244447450000    0.000047125833333 
   0.000072585754991    0.000547256685000   -0.009985358944999    0.003597553224999    0.003244447450000    0.000047125833333 
   0.002222404529986    0.000873355099989   -0.009711255960004    0.003982377483332    0.003116213050001    0.000080435333333 
   0.000117259603991    0.000340350891001   -0.009993996185999    0.003523096810000    0.003589290439997    0.000061521235000 
   0.002222404529986    0.000873355099989   -0.009711255960004    0.003813223815001    0.003659986739996    0.000105031245000 
   0.004074052079986    0.001121191954991   -0.009064171485006    0.001483885210000    0.004772761545001    0.000071508585000 
   0.003186161699987    0.000960358924989   -0.009430952170005    0.001240645579999    0.004699289450001   -0.000022200950000 
   0.003429401329988    0.001033831019988   -0.009337242635005    0.001483885210000    0.004772761545001    0.000071508585000 
   0.003186161699987    0.000960358924989   -0.009430952170005    0.001421064820001    0.004879864609998    0.000058230995000 
   0.002398810559987    0.000895874289990   -0.009667438715004    0.001240645579999    0.004699289450001   -0.000022200950000 
   0.004249915180371    0.001030222334605   -0.008994094057698    0.001308022109615    0.004863731165386    0.000001431157692 
   0.000954417689987    0.000688623849994   -0.009931129965002    0.001754066020001    0.004803488110001    0.000061715404999 
   0.000072585754991    0.000547256685000   -0.009985358944999    0.001754066020001    0.004803488110001    0.000061715404999 
   0.001329779804989    0.000796016899993   -0.009879966450002    0.001378703904999    0.004696095060002    0.000010551890000 
   0.001329779804989    0.000796016899993   -0.009879966450002    0.001523172510000    0.004901673919995    0.000113757699999 
  -0.000375553105394    0.000610868840383   -0.009974974032691    0.001305927159616    0.004867100265384    0.000072100317307 
   0.002260752234986    0.000899068679990   -0.009700191555004    0.001378703904999    0.004696095060002    0.000010551890000 
   0.002398810559987    0.000895874289990   -0.009667438715004    0.001671995705001    0.004908959109996    0.000149969630000 
   0.003437092584987    0.000989453424986   -0.009339213535005    0.001671995705001    0.004908959109996    0.000149969630000 
   0.003437092584987    0.000989453424986   -0.009339213535005    0.001264371266670    0.005559633716666    0.000044071233332 
   0.004209815259987    0.001287128159984   -0.008979819845005    0.001052784391667    0.005265018466665   -0.000069444883333 
   0.003564044709988    0.001166222574987   -0.009271103865006    0.001052784391667    0.005265018466665   -0.000069444883333 
   0.004430783516988    0.001056035845984   -0.008903214318005    0.001421064820001    0.004879864609998    0.000058230995000 
   0.002439658024987    0.000931173789990   -0.009653813130004    0.001264371266670    0.005559633716666    0.000044071233332 
   0.001023042244988    0.000761438034996   -0.009918969970001    0.001216434950000    0.004867095054997    0.000074754180000 
   0.001023042244988    0.000761438034996   -0.009918969970001    0.001580489033337    0.005630608200000    0.000127133758333 
   0.000917982634987    0.000618669819995   -0.009939264520001    0.001405389683336    0.005392661174998    0.000093309508333 
  -0.000345738410009    0.000295537505002   -0.009990353409999    0.001405389683336    0.005392661174998    0.000093309508333 
   0.002249987364987    0.000888589099990   -0.009703650645005    0.001580489033337    0.005630608200000    0.000127133758333 
  -0.000232365570008    0.000610877177003   -0.009979220213000    0.001216434950000    0.004867095054997    0.000074754180000 
   0.002249987364987    0.000888589099990   -0.009703650645005    0.001523172510000    0.004901673919995    0.000113757699999 


        0.000 
Cages Guadeloupe	                   :           0 
bottom drag (N)				:            0 
element drag (N)				:          106 
surface drag (N)				:         1037 
node drag (N)				:            0 
current amplitude (m/s)			:        0.100 
