      1        0.000000000        0.000000000        0.000000000
      2        0.000004087        0.000000000        0.100076490
      3        0.000000015        0.000000000        0.001001218
      4        0.000000031        0.000000000        0.002002421
      5        0.000000047        0.000000000        0.003003609
      6        0.000000063        0.000000000        0.004004782
      7        0.000000079        0.000000000        0.005005941
      8        0.000000096        0.000000000        0.006007085
      9        0.000000114        0.000000000        0.007008215
     10        0.000000132        0.000000000        0.008009331
     11        0.000000151        0.000000000        0.009010433
     12        0.000000171        0.000000000        0.010011521
     13        0.000000191        0.000000000        0.011012596
     14        0.000000212        0.000000000        0.012013658
     15        0.000000235        0.000000000        0.013014706
     16        0.000000258        0.000000000        0.014015742
     17        0.000000283        0.000000000        0.015016764
     18        0.000000309        0.000000000        0.016017775
     19        0.000000337        0.000000000        0.017018772
     20        0.000000367        0.000000000        0.018019758
     21        0.000000398        0.000000000        0.019020732
     22        0.000000432        0.000000000        0.020021693
     23        0.000000467        0.000000000        0.021022643
     24        0.000000506        0.000000000        0.022023582
     25        0.000000546        0.000000000        0.023024509
     26        0.000000590        0.000000000        0.024025426
     27        0.000000637        0.000000000        0.025026331
     28        0.000000688        0.000000000        0.026027225
     29        0.000000742        0.000000000        0.027028109
     30        0.000000800        0.000000000        0.028028983
     31        0.000000862        0.000000000        0.029029847
     32        0.000000929        0.000000000        0.030030700
     33        0.000001000        0.000000000        0.031031544
     34        0.000001076        0.000000000        0.032032378
     35        0.000001156        0.000000000        0.033033202
     36        0.000001241        0.000000000        0.034034017
     37        0.000001330        0.000000000        0.035034823
     38        0.000001424        0.000000000        0.036035621
     39        0.000001521        0.000000000        0.037036409
     40        0.000001621        0.000000000        0.038037189
     41        0.000001724        0.000000000        0.039037961
     42        0.000001828        0.000000000        0.040038724
     43        0.000001933        0.000000000        0.041039479
     44        0.000002039        0.000000000        0.042040227
     45        0.000002145        0.000000000        0.043040967
     46        0.000002252        0.000000000        0.044041700
     47        0.000002359        0.000000000        0.045042425
     48        0.000002465        0.000000000        0.046043143
     49        0.000002570        0.000000000        0.047043854
     50        0.000002673        0.000000000        0.048044559
     51        0.000002773        0.000000000        0.049045257
     52        0.000002869        0.000000000        0.050045949
     53        0.000002961        0.000000000        0.051046634
     54        0.000003048        0.000000000        0.052047314
     55        0.000003130        0.000000000        0.053047987
     56        0.000003207        0.000000000        0.054048656
     57        0.000003279        0.000000000        0.055049318
     58        0.000003346        0.000000000        0.056049976
     59        0.000003409        0.000000000        0.057050628
     60        0.000003466        0.000000000        0.058051276
     61        0.000003519        0.000000000        0.059051919
     62        0.000003568        0.000000000        0.060052557
     63        0.000003613        0.000000000        0.061053191
     64        0.000003654        0.000000000        0.062053821
     65        0.000003692        0.000000000        0.063054447
     66        0.000003727        0.000000000        0.064055069
     67        0.000003759        0.000000000        0.065055687
     68        0.000003788        0.000000000        0.066056302
     69        0.000003815        0.000000000        0.067056914
     70        0.000003839        0.000000000        0.068057523
     71        0.000003862        0.000000000        0.069058129
     72        0.000003882        0.000000000        0.070058732
     73        0.000003901        0.000000000        0.071059333
     74        0.000003919        0.000000000        0.072059931
     75        0.000003935        0.000000000        0.073060527
     76        0.000003950        0.000000000        0.074061122
     77        0.000003963        0.000000000        0.075061714
     78        0.000003976        0.000000000        0.076062305
     79        0.000003987        0.000000000        0.077062895
     80        0.000003998        0.000000000        0.078063483
     81        0.000004007        0.000000000        0.079064071
     82        0.000004016        0.000000000        0.080064657
     83        0.000004024        0.000000000        0.081065243
     84        0.000004032        0.000000000        0.082065828
     85        0.000004038        0.000000000        0.083066413
     86        0.000004045        0.000000000        0.084066998
     87        0.000004050        0.000000000        0.085067583
     88        0.000004056        0.000000000        0.086068168
     89        0.000004060        0.000000000        0.087068754
     90        0.000004064        0.000000000        0.088069340
     91        0.000004068        0.000000000        0.089069927
     92        0.000004072        0.000000000        0.090070515
     93        0.000004075        0.000000000        0.091071104
     94        0.000004077        0.000000000        0.092071695
     95        0.000004080        0.000000000        0.093072287
     96        0.000004082        0.000000000        0.094072881
     97        0.000004083        0.000000000        0.095073476
     98        0.000004085        0.000000000        0.096074074
     99        0.000004086        0.000000000        0.097074674
    100        0.000004087        0.000000000        0.098075277
    101        0.000004087        0.000000000        0.099075882
    0.0012180 
    0.0012029 
    0.0011879 
    0.0011732 
    0.0011586 
    0.0011442 
    0.0011299 
    0.0011159 
    0.0011021 
    0.0010884 
    0.0010749 
    0.0010616 
    0.0010485 
    0.0010355 
    0.0010228 
    0.0010102 
    0.0009978 
    0.0009856 
    0.0009736 
    0.0009618 
    0.0009501 
    0.0009386 
    0.0009273 
    0.0009162 
    0.0009053 
    0.0008946 
    0.0008840 
    0.0008736 
    0.0008634 
    0.0008534 
    0.0008436 
    0.0008340 
    0.0008245 
    0.0008152 
    0.0008061 
    0.0007972 
    0.0007885 
    0.0007800 
    0.0007716 
    0.0007634 
    0.0007554 
    0.0007476 
    0.0007400 
    0.0007325 
    0.0007253 
    0.0007182 
    0.0007113 
    0.0007046 
    0.0006981 
    0.0006917 
    0.0006855 
    0.0006796 
    0.0006738 
    0.0006682 
    0.0006627 
    0.0006575 
    0.0006524 
    0.0006475 
    0.0006428 
    0.0006383 
    0.0006340 
    0.0006298 
    0.0006259 
    0.0006221 
    0.0006185 
    0.0006151 
    0.0006118 
    0.0006088 
    0.0006059 
    0.0006032 
    0.0006007 
    0.0005984 
    0.0005963 
    0.0005943 
    0.0005926 
    0.0005910 
    0.0005896 
    0.0005884 
    0.0005873 
    0.0005865 
    0.0005858 
    0.0005853 
    0.0005850 
    0.0005849 
    0.0005850 
    0.0005852 
    0.0005856 
    0.0005863 
    0.0005871 
    0.0005880 
    0.0005892 
    0.0005905 
    0.0005921 
    0.0005938 
    0.0005957 
    0.0005978 
    0.0006000 
    0.0006025 
    0.0006051 
    0.0006079 




        0.000 
Purse seine shooting:           0 
bottom drag (N)				:            0 
element drag (N)				:            0 
surface drag (N)				:            0 
node drag (N)				:            0 
forces along X Y and Z axes (N)		:      0.24655      0.00000  16226.68259 
current amplitude (m/s)			:        0.000 
filtered surface (m2) 				:         0.00 
