      1        0.000000000        0.000000000        0.000000000
      2        0.001333881        0.000000000       -0.100019312
      3        0.000111709        0.000000000       -0.010002644
      4        0.001265233        0.000000000       -0.090017091
      5        0.000023589        0.000000000       -0.001000086
      6        0.000047226        0.000000000       -0.002000169
      7        0.000070899        0.000000000       -0.003000251
      8        0.000094598        0.000000000       -0.004000331
      9        0.000118312        0.000000000       -0.005000410
     10        0.000142031        0.000000000       -0.006000488
     11        0.000165743        0.000000000       -0.007000565
     12        0.000189438        0.000000000       -0.008000642
     13        0.000213105        0.000000000       -0.009000719
     14        0.000236733        0.000000000       -0.010000795
     15        0.000260311        0.000000000       -0.011000872
     16        0.000283829        0.000000000       -0.012000949
     17        0.000307275        0.000000000       -0.013001028
     18        0.000330640        0.000000000       -0.014001107
     19        0.000353913        0.000000000       -0.015001187
     20        0.000377083        0.000000000       -0.016001269
     21        0.000400141        0.000000000       -0.017001353
     22        0.000423075        0.000000000       -0.018001438
     23        0.000445877        0.000000000       -0.019001526
     24        0.000468536        0.000000000       -0.020001616
     25        0.000491042        0.000000000       -0.021001709
     26        0.000513387        0.000000000       -0.022001804
     27        0.000535561        0.000000000       -0.023001902
     28        0.000557554        0.000000000       -0.024002003
     29        0.000579359        0.000000000       -0.025002108
     30        0.000600966        0.000000000       -0.026002216
     31        0.000622367        0.000000000       -0.027002327
     32        0.000643554        0.000000000       -0.028002442
     33        0.000664520        0.000000000       -0.029002561
     34        0.000685255        0.000000000       -0.030002684
     35        0.000705754        0.000000000       -0.031002811
     36        0.000726009        0.000000000       -0.032002942
     37        0.000746013        0.000000000       -0.033003077
     38        0.000765760        0.000000000       -0.034003216
     39        0.000785243        0.000000000       -0.035003359
     40        0.000804456        0.000000000       -0.036003507
     41        0.000823394        0.000000000       -0.037003659
     42        0.000842051        0.000000000       -0.038003816
     43        0.000860422        0.000000000       -0.039003977
     44        0.000878502        0.000000000       -0.040004142
     45        0.000896286        0.000000000       -0.041004312
     46        0.000913770        0.000000000       -0.042004486
     47        0.000930950        0.000000000       -0.043004665
     48        0.000947821        0.000000000       -0.044004848
     49        0.000964381        0.000000000       -0.045005035
     50        0.000980625        0.000000000       -0.046005226
     51        0.000996550        0.000000000       -0.047005422
     52        0.001012154        0.000000000       -0.048005622
     53        0.001027433        0.000000000       -0.049005826
     54        0.001042385        0.000000000       -0.050006034
     55        0.001057008        0.000000000       -0.051006246
     56        0.001071298        0.000000000       -0.052006462
     57        0.001085255        0.000000000       -0.053006682
     58        0.001098876        0.000000000       -0.054006906
     59        0.001112159        0.000000000       -0.055007133
     60        0.001125102        0.000000000       -0.056007364
     61        0.001137705        0.000000000       -0.057007598
     62        0.001149965        0.000000000       -0.058007835
     63        0.001161880        0.000000000       -0.059008076
     64        0.001173451        0.000000000       -0.060008320
     65        0.001184674        0.000000000       -0.061008567
     66        0.001195550        0.000000000       -0.062008817
     67        0.001206076        0.000000000       -0.063009070
     68        0.001216252        0.000000000       -0.064009326
     69        0.001226076        0.000000000       -0.065009584
     70        0.001235547        0.000000000       -0.066009845
     71        0.001244664        0.000000000       -0.067010108
     72        0.001253425        0.000000000       -0.068010373
     73        0.001261829        0.000000000       -0.069010641
     74        0.001269875        0.000000000       -0.070010910
     75        0.001277561        0.000000000       -0.071011182
     76        0.001284886        0.000000000       -0.072011455
     77        0.001291848        0.000000000       -0.073011730
     78        0.001298445        0.000000000       -0.074012007
     79        0.001304676        0.000000000       -0.075012285
     80        0.001310538        0.000000000       -0.076012565
     81        0.001316030        0.000000000       -0.077012846
     82        0.001321149        0.000000000       -0.078013127
     83        0.001325894        0.000000000       -0.079013410
     84        0.001330261        0.000000000       -0.080013694
     85        0.001334249        0.000000000       -0.081013978
     86        0.001337854        0.000000000       -0.082014263
     87        0.001341074        0.000000000       -0.083014548
     88        0.001343907        0.000000000       -0.084014833
     89        0.001346348        0.000000000       -0.085015119
     90        0.001348397        0.000000000       -0.086015405
     91        0.001350048        0.000000000       -0.087015690
     92        0.001351299        0.000000000       -0.088015975
     93        0.001352147        0.000000000       -0.089016260
     94        0.001352588        0.000000000       -0.090016544
     95        0.001352619        0.000000000       -0.091016827
     96        0.001352237        0.000000000       -0.092017110
     97        0.001351437        0.000000000       -0.093017391
     98        0.001350218        0.000000000       -0.094017671
     99        0.001348574        0.000000000       -0.095017949
    100        0.001346504        0.000000000       -0.096018226
    101        0.001344002        0.000000000       -0.097018501
    102        0.001341067        0.000000000       -0.098018774
    103        0.001337694        0.000000000       -0.099019044
    104        0.000010935        0.000000000       -0.001000271
    105        0.000021905        0.000000000       -0.002000541
    106        0.000032917        0.000000000       -0.003000809
    107        0.000043978        0.000000000       -0.004001076
    108        0.000055093        0.000000000       -0.005001342
    109        0.000066269        0.000000000       -0.006001606
    110        0.000077512        0.000000000       -0.007001868
    111        0.000088830        0.000000000       -0.008002128
    112        0.000100226        0.000000000       -0.009002387
    113        0.000123284        0.000000000       -0.011002899
    114        0.000134957        0.000000000       -0.012003152
    115        0.000146733        0.000000000       -0.013003403
    116        0.000158618        0.000000000       -0.014003651
    117        0.000170618        0.000000000       -0.015003898
    118        0.000182738        0.000000000       -0.016004142
    119        0.000194983        0.000000000       -0.017004383
    120        0.000207358        0.000000000       -0.018004622
    121        0.000219866        0.000000000       -0.019004859
    122        0.000232514        0.000000000       -0.020005093
    123        0.000245303        0.000000000       -0.021005324
    124        0.000258239        0.000000000       -0.022005552
    125        0.000271324        0.000000000       -0.023005778
    126        0.000284561        0.000000000       -0.024006000
    127        0.000297952        0.000000000       -0.025006220
    128        0.000311501        0.000000000       -0.026006437
    129        0.000325209        0.000000000       -0.027006651
    130        0.000339076        0.000000000       -0.028006861
    131        0.000353105        0.000000000       -0.029007069
    132        0.000367295        0.000000000       -0.030007273
    133        0.000381647        0.000000000       -0.031007474
    134        0.000396159        0.000000000       -0.032007672
    135        0.000410832        0.000000000       -0.033007866
    136        0.000425664        0.000000000       -0.034008058
    137        0.000440653        0.000000000       -0.035008246
    138        0.000455796        0.000000000       -0.036008431
    139        0.000471090        0.000000000       -0.037008612
    140        0.000486532        0.000000000       -0.038008791
    141        0.000502119        0.000000000       -0.039008966
    142        0.000517845        0.000000000       -0.040009139
    143        0.000533705        0.000000000       -0.041009308
    144        0.000549695        0.000000000       -0.042009475
    145        0.000565807        0.000000000       -0.043009638
    146        0.000582035        0.000000000       -0.044009799
    147        0.000598373        0.000000000       -0.045009957
    148        0.000614812        0.000000000       -0.046010113
    149        0.000631345        0.000000000       -0.047010266
    150        0.000647963        0.000000000       -0.048010417
    151        0.000664656        0.000000000       -0.049010565
    152        0.000681416        0.000000000       -0.050010712
    153        0.000698232        0.000000000       -0.051010857
    154        0.000715094        0.000000000       -0.052011000
    155        0.000731991        0.000000000       -0.053011142
    156        0.000748912        0.000000000       -0.054011282
    157        0.000765846        0.000000000       -0.055011422
    158        0.000782780        0.000000000       -0.056011560
    159        0.000799702        0.000000000       -0.057011698
    160        0.000816601        0.000000000       -0.058011835
    161        0.000833462        0.000000000       -0.059011972
    162        0.000850273        0.000000000       -0.060012109
    163        0.000867022        0.000000000       -0.061012246
    164        0.000883693        0.000000000       -0.062012384
    165        0.000900275        0.000000000       -0.063012522
    166        0.000916753        0.000000000       -0.064012661
    167        0.000933113        0.000000000       -0.065012801
    168        0.000949342        0.000000000       -0.066012942
    169        0.000965425        0.000000000       -0.067013085
    170        0.000981350        0.000000000       -0.068013229
    171        0.000997101        0.000000000       -0.069013375
    172        0.001012665        0.000000000       -0.070013523
    173        0.001028030        0.000000000       -0.071013673
    174        0.001043180        0.000000000       -0.072013826
    175        0.001058102        0.000000000       -0.073013981
    176        0.001072784        0.000000000       -0.074014139
    177        0.001087213        0.000000000       -0.075014300
    178        0.001101375        0.000000000       -0.076014464
    179        0.001115258        0.000000000       -0.077014630
    180        0.001128849        0.000000000       -0.078014800
    181        0.001142138        0.000000000       -0.079014973
    182        0.001155112        0.000000000       -0.080015149
    183        0.001167759        0.000000000       -0.081015329
    184        0.001180070        0.000000000       -0.082015512
    185        0.001192033        0.000000000       -0.083015698
    186        0.001203638        0.000000000       -0.084015887
    187        0.001214875        0.000000000       -0.085016080
    188        0.001225736        0.000000000       -0.086016276
    189        0.001236210        0.000000000       -0.087016475
    190        0.001246290        0.000000000       -0.088016677
    191        0.001255967        0.000000000       -0.089016883
    192        0.001274081        0.000000000       -0.091017303
    193        0.001282505        0.000000000       -0.092017517
    194        0.001290497        0.000000000       -0.093017734
    195        0.001298051        0.000000000       -0.094017953
    196        0.001305162        0.000000000       -0.095018174
    197        0.001311824        0.000000000       -0.096018398
    198        0.001318031        0.000000000       -0.097018624
    199        0.001323779        0.000000000       -0.098018852
    200        0.001329064        0.000000000       -0.099019081
    0.0003637 
    0.0003628 
    0.0003619 
    0.0003610 
    0.0003601 
    0.0003592 
    0.0003583 
    0.0003574 
    0.0003566 
    0.0003557 
    0.0003548 
    0.0003539 
    0.0003530 
    0.0003521 
    0.0003512 
    0.0003503 
    0.0003494 
    0.0003485 
    0.0003476 
    0.0003467 
    0.0003458 
    0.0003449 
    0.0003440 
    0.0003431 
    0.0003422 
    0.0003413 
    0.0003404 
    0.0003395 
    0.0003386 
    0.0003378 
    0.0003369 
    0.0003360 
    0.0003350 
    0.0003341 
    0.0003332 
    0.0003323 
    0.0003314 
    0.0003306 
    0.0003297 
    0.0003288 
    0.0003279 
    0.0003270 
    0.0003261 
    0.0003252 
    0.0003243 
    0.0003234 
    0.0003225 
    0.0003216 
    0.0003207 
    0.0003199 
    0.0003190 
    0.0003181 
    0.0003172 
    0.0003163 
    0.0003154 
    0.0003145 
    0.0003136 
    0.0003126 
    0.0003118 
    0.0003109 
    0.0003100 
    0.0003092 
    0.0003083 
    0.0003074 
    0.0003065 
    0.0003056 
    0.0003047 
    0.0003037 
    0.0003029 
    0.0003020 
    0.0003011 
    0.0003002 
    0.0002993 
    0.0002985 
    0.0002976 
    0.0002967 
    0.0002958 
    0.0002949 
    0.0002940 
    0.0002931 
    0.0002922 
    0.0002913 
    0.0002904 
    0.0002895 
    0.0002886 
    0.0002877 
    0.0002868 
    0.0002859 
    0.0002851 
    0.0002842 
    0.0002833 
    0.0002824 
    0.0002816 
    0.0002807 
    0.0002798 
    0.0002789 
    0.0002780 
    0.0002771 
    0.0002762 
    0.0002752 
    0.0003308 
    0.0003299 
    0.0003290 
    0.0003281 
    0.0003273 
    0.0003263 
    0.0003254 
    0.0003245 
    0.0003237 
    0.0003228 
    0.0003219 
    0.0003210 
    0.0003201 
    0.0003192 
    0.0003183 
    0.0003174 
    0.0003165 
    0.0003156 
    0.0003147 
    0.0003138 
    0.0003129 
    0.0003120 
    0.0003111 
    0.0003103 
    0.0003094 
    0.0003085 
    0.0003076 
    0.0003067 
    0.0003058 
    0.0003049 
    0.0003040 
    0.0003031 
    0.0003022 
    0.0003013 
    0.0003004 
    0.0002995 
    0.0002986 
    0.0002977 
    0.0002969 
    0.0002960 
    0.0002951 
    0.0002942 
    0.0002934 
    0.0002925 
    0.0002916 
    0.0002907 
    0.0002898 
    0.0002889 
    0.0002880 
    0.0002871 
    0.0002862 
    0.0002853 
    0.0002845 
    0.0002836 
    0.0002827 
    0.0002818 
    0.0002809 
    0.0002800 
    0.0002791 
    0.0002782 
    0.0002774 
    0.0002765 
    0.0002756 
    0.0002747 
    0.0002737 
    0.0002728 
    0.0002719 
    0.0002710 
    0.0002701 
    0.0002692 
    0.0002684 
    0.0002675 
    0.0002666 
    0.0002657 
    0.0002648 
    0.0002639 
    0.0002630 
    0.0002621 
    0.0002612 
    0.0002603 
    0.0002595 
    0.0002586 
    0.0002577 
    0.0002567 
    0.0002558 
    0.0002549 
    0.0002540 
    0.0002531 
    0.0002523 
    0.0002514 
    0.0002505 
    0.0002496 
    0.0002487 
    0.0002478 
    0.0002469 
    0.0002460 
    0.0002451 
    0.0002442 
    0.0002434 
    0.0002425 




        0.000 
Purse seine shooting:           0 
bottom drag (N)				:            0 
element drag (N)				:            0 
surface drag (N)				:            0 
node drag (N)				:            0 
forces along X Y and Z axes (N)		:    161.42146      0.00000  -9205.13971 
current amplitude (m/s)			:        0.000 
