      1        1.000000000        0.000000000        0.000000000
      2        0.000000000        0.000000000        0.000000000
      3        0.099875462        0.000000000       -0.006655896
      4        0.900124538        0.000000000       -0.006655897
      5        0.990000299        0.000000000       -0.000079841
      6        0.980000583        0.000000000       -0.000157906
      7        0.970000769        0.000000000       -0.000222107
      8        0.960000856        0.000000000       -0.000268340
      9        0.950000881        0.000000000       -0.000298176
     10        0.940000876        0.000000000       -0.000315704
     11        0.930000861        0.000000000       -0.000325183
     12        0.920000842        0.000000000       -0.000329945
     13        0.910000822        0.000000000       -0.000332180
     14        0.900000802        0.000000000       -0.000333166
     15        0.890000782        0.000000000       -0.000333576
     16        0.880000762        0.000000000       -0.000333736
     17        0.870000742        0.000000000       -0.000333798
     18        0.860000722        0.000000000       -0.000333819
     19        0.850000702        0.000000000       -0.000333826
     20        0.840000682        0.000000000       -0.000333829
     21        0.830000662        0.000000000       -0.000333830
     22        0.820000641        0.000000000       -0.000333830
     23        0.810000621        0.000000000       -0.000333830
     24        0.800000601        0.000000000       -0.000333830
     25        0.790000581        0.000000000       -0.000333830
     26        0.780000561        0.000000000       -0.000333830
     27        0.770000541        0.000000000       -0.000333830
     28        0.760000521        0.000000000       -0.000333830
     29        0.750000501        0.000000000       -0.000333830
     30        0.740000481        0.000000000       -0.000333830
     31        0.730000461        0.000000000       -0.000333830
     32        0.720000441        0.000000000       -0.000333830
     33        0.710000421        0.000000000       -0.000333830
     34        0.700000401        0.000000000       -0.000333830
     35        0.690000381        0.000000000       -0.000333830
     36        0.680000361        0.000000000       -0.000333830
     37        0.670000341        0.000000000       -0.000333830
     38        0.660000321        0.000000000       -0.000333830
     39        0.650000301        0.000000000       -0.000333830
     40        0.640000281        0.000000000       -0.000333830
     41        0.630000261        0.000000000       -0.000333830
     42        0.620000241        0.000000000       -0.000333830
     43        0.610000221        0.000000000       -0.000333830
     44        0.600000200        0.000000000       -0.000333830
     45        0.590000180        0.000000000       -0.000333830
     46        0.580000160        0.000000000       -0.000333830
     47        0.570000140        0.000000000       -0.000333830
     48        0.560000120        0.000000000       -0.000333830
     49        0.550000100        0.000000000       -0.000333830
     50        0.540000080        0.000000000       -0.000333830
     51        0.530000060        0.000000000       -0.000333830
     52        0.520000040        0.000000000       -0.000333830
     53        0.510000020        0.000000000       -0.000333830
     54        0.500000000        0.000000000       -0.000333830
     55        0.489999980        0.000000000       -0.000333830
     56        0.479999960        0.000000000       -0.000333830
     57        0.469999940        0.000000000       -0.000333830
     58        0.459999920        0.000000000       -0.000333830
     59        0.449999900        0.000000000       -0.000333830
     60        0.439999880        0.000000000       -0.000333830
     61        0.429999860        0.000000000       -0.000333830
     62        0.419999840        0.000000000       -0.000333830
     63        0.409999820        0.000000000       -0.000333830
     64        0.399999800        0.000000000       -0.000333830
     65        0.389999779        0.000000000       -0.000333830
     66        0.379999759        0.000000000       -0.000333830
     67        0.369999739        0.000000000       -0.000333830
     68        0.359999719        0.000000000       -0.000333830
     69        0.349999699        0.000000000       -0.000333830
     70        0.339999679        0.000000000       -0.000333830
     71        0.329999659        0.000000000       -0.000333830
     72        0.319999639        0.000000000       -0.000333830
     73        0.309999619        0.000000000       -0.000333830
     74        0.299999599        0.000000000       -0.000333830
     75        0.289999579        0.000000000       -0.000333830
     76        0.279999559        0.000000000       -0.000333830
     77        0.269999539        0.000000000       -0.000333830
     78        0.259999519        0.000000000       -0.000333830
     79        0.249999499        0.000000000       -0.000333830
     80        0.239999479        0.000000000       -0.000333830
     81        0.229999459        0.000000000       -0.000333830
     82        0.219999439        0.000000000       -0.000333830
     83        0.209999419        0.000000000       -0.000333830
     84        0.199999399        0.000000000       -0.000333830
     85        0.189999379        0.000000000       -0.000333830
     86        0.179999359        0.000000000       -0.000333830
     87        0.169999338        0.000000000       -0.000333830
     88        0.159999318        0.000000000       -0.000333829
     89        0.149999298        0.000000000       -0.000333826
     90        0.139999278        0.000000000       -0.000333819
     91        0.129999258        0.000000000       -0.000333798
     92        0.119999238        0.000000000       -0.000333736
     93        0.109999218        0.000000000       -0.000333576
     94        0.099999198        0.000000000       -0.000333166
     95        0.089999178        0.000000000       -0.000332180
     96        0.079999158        0.000000000       -0.000329945
     97        0.069999139        0.000000000       -0.000325183
     98        0.059999124        0.000000000       -0.000315704
     99        0.049999119        0.000000000       -0.000298176
    100        0.039999144        0.000000000       -0.000268340
    101        0.029999231        0.000000000       -0.000222107
    102        0.019999417        0.000000000       -0.000157906
    103        0.009999701        0.000000000       -0.000079841
    104        0.009986009        0.000000000       -0.000688446
    105        0.019972378        0.000000000       -0.001371630
    106        0.029959101        0.000000000       -0.002049619
    107        0.039946171        0.000000000       -0.002722482
    108        0.049933580        0.000000000       -0.003390289
    109        0.059921320        0.000000000       -0.004053108
    110        0.069909386        0.000000000       -0.004711008
    111        0.079897769        0.000000000       -0.005364061
    112        0.089886463        0.000000000       -0.006012333
    113        0.109865165        0.000000000       -0.007288417
    114        0.119855952        0.000000000       -0.007903573
    115        0.129847786        0.000000000       -0.008501444
    116        0.139840635        0.000000000       -0.009082108
    117        0.149834463        0.000000000       -0.009645644
    118        0.159829236        0.000000000       -0.010192132
    119        0.169824923        0.000000000       -0.010721653
    120        0.179821488        0.000000000       -0.011234288
    121        0.189818900        0.000000000       -0.011730118
    122        0.199817127        0.000000000       -0.012209223
    123        0.209816137        0.000000000       -0.012671686
    124        0.219815898        0.000000000       -0.013117585
    125        0.229816380        0.000000000       -0.013547000
    126        0.239817552        0.000000000       -0.013960012
    127        0.249819385        0.000000000       -0.014356696
    128        0.259821848        0.000000000       -0.014737131
    129        0.269824912        0.000000000       -0.015101391
    130        0.279828550        0.000000000       -0.015449550
    131        0.289832731        0.000000000       -0.015781681
    132        0.299837430        0.000000000       -0.016097854
    133        0.309842617        0.000000000       -0.016398136
    134        0.319848266        0.000000000       -0.016682594
    135        0.329854351        0.000000000       -0.016951292
    136        0.339860844        0.000000000       -0.017204291
    137        0.349867720        0.000000000       -0.017441649
    138        0.359874953        0.000000000       -0.017663422
    139        0.369882518        0.000000000       -0.017869662
    140        0.379890390        0.000000000       -0.018060419
    141        0.389898544        0.000000000       -0.018235740
    142        0.399906955        0.000000000       -0.018395667
    143        0.409915600        0.000000000       -0.018540241
    144        0.419924454        0.000000000       -0.018669497
    145        0.429933494        0.000000000       -0.018783469
    146        0.439942695        0.000000000       -0.018882186
    147        0.449952035        0.000000000       -0.018965672
    148        0.459961490        0.000000000       -0.019033949
    149        0.469971037        0.000000000       -0.019087035
    150        0.479980653        0.000000000       -0.019124944
    151        0.489990315        0.000000000       -0.019147686
    152        0.500000000        0.000000000       -0.019155265
    153        0.510009685        0.000000000       -0.019147686
    154        0.520019347        0.000000000       -0.019124944
    155        0.530028963        0.000000000       -0.019087035
    156        0.540038510        0.000000000       -0.019033949
    157        0.550047965        0.000000000       -0.018965672
    158        0.560057305        0.000000000       -0.018882186
    159        0.570066507        0.000000000       -0.018783470
    160        0.580075546        0.000000000       -0.018669498
    161        0.590084400        0.000000000       -0.018540241
    162        0.600093045        0.000000000       -0.018395668
    163        0.610101456        0.000000000       -0.018235740
    164        0.620109610        0.000000000       -0.018060420
    165        0.630117482        0.000000000       -0.017869663
    166        0.640125047        0.000000000       -0.017663423
    167        0.650132280        0.000000000       -0.017441650
    168        0.660139156        0.000000000       -0.017204292
    169        0.670145650        0.000000000       -0.016951293
    170        0.680151734        0.000000000       -0.016682595
    171        0.690157383        0.000000000       -0.016398137
    172        0.700162570        0.000000000       -0.016097855
    173        0.710167269        0.000000000       -0.015781682
    174        0.720171450        0.000000000       -0.015449551
    175        0.730175088        0.000000000       -0.015101392
    176        0.740178152        0.000000000       -0.014737132
    177        0.750180615        0.000000000       -0.014356697
    178        0.760182448        0.000000000       -0.013960013
    179        0.770183620        0.000000000       -0.013547002
    180        0.780184102        0.000000000       -0.013117586
    181        0.790183863        0.000000000       -0.012671687
    182        0.800182873        0.000000000       -0.012209225
    183        0.810181100        0.000000000       -0.011730119
    184        0.820178512        0.000000000       -0.011234289
    185        0.830175078        0.000000000       -0.010721654
    186        0.840170764        0.000000000       -0.010192133
    187        0.850165537        0.000000000       -0.009645645
    188        0.860159365        0.000000000       -0.009082109
    189        0.870152214        0.000000000       -0.008501445
    190        0.880144048        0.000000000       -0.007903574
    191        0.890134835        0.000000000       -0.007288417
    192        0.910113537        0.000000000       -0.006012334
    193        0.920102231        0.000000000       -0.005364061
    194        0.930090614        0.000000000       -0.004711009
    195        0.940078680        0.000000000       -0.004053108
    196        0.950066420        0.000000000       -0.003390289
    197        0.960053829        0.000000000       -0.002722483
    198        0.970040899        0.000000000       -0.002049619
    199        0.980027622        0.000000000       -0.001371630
    200        0.990013991        0.000000000       -0.000688446
    0.0000020 
    0.0000020 
    0.0000020 
    0.0000020 
    0.0000020 
    0.0000020 
    0.0000020 
    0.0000020 
    0.0000020 
    0.0000020 
    0.0000020 
    0.0000020 
    0.0000020 
    0.0000020 
    0.0000020 
    0.0000020 
    0.0000020 
    0.0000020 
    0.0000020 
    0.0000020 
    0.0000020 
    0.0000020 
    0.0000020 
    0.0000020 
    0.0000020 
    0.0000020 
    0.0000020 
    0.0000020 
    0.0000020 
    0.0000020 
    0.0000020 
    0.0000020 
    0.0000020 
    0.0000020 
    0.0000020 
    0.0000020 
    0.0000020 
    0.0000020 
    0.0000020 
    0.0000020 
    0.0000020 
    0.0000020 
    0.0000020 
    0.0000020 
    0.0000020 
    0.0000020 
    0.0000020 
    0.0000020 
    0.0000020 
    0.0000020 
    0.0000020 
    0.0000020 
    0.0000020 
    0.0000020 
    0.0000020 
    0.0000020 
    0.0000020 
    0.0000020 
    0.0000020 
    0.0000020 
    0.0000020 
    0.0000020 
    0.0000020 
    0.0000020 
    0.0000020 
    0.0000020 
    0.0000020 
    0.0000020 
    0.0000020 
    0.0000020 
    0.0000020 
    0.0000020 
    0.0000020 
    0.0000020 
    0.0000020 
    0.0000020 
    0.0000020 
    0.0000020 
    0.0000020 
    0.0000020 
    0.0000020 
    0.0000020 
    0.0000020 
    0.0000020 
    0.0000020 
    0.0000020 
    0.0000020 
    0.0000020 
    0.0000020 
    0.0000020 
    0.0000020 
    0.0000020 
    0.0000020 
    0.0000020 
    0.0000020 
    0.0000020 
    0.0000020 
    0.0000020 
    0.0000020 
    0.0000020 
    0.0009712 
    0.0009711 
    0.0009711 
    0.0009711 
    0.0009710 
    0.0009710 
    0.0009710 
    0.0009709 
    0.0009709 
    0.0009709 
    0.0009708 
    0.0009707 
    0.0009706 
    0.0009705 
    0.0009704 
    0.0009703 
    0.0009702 
    0.0009701 
    0.0009700 
    0.0009699 
    0.0009699 
    0.0009698 
    0.0009697 
    0.0009696 
    0.0009696 
    0.0009695 
    0.0009695 
    0.0009694 
    0.0009693 
    0.0009693 
    0.0009692 
    0.0009692 
    0.0009691 
    0.0009691 
    0.0009691 
    0.0009690 
    0.0009690 
    0.0009690 
    0.0009689 
    0.0009689 
    0.0009689 
    0.0009689 
    0.0009688 
    0.0009688 
    0.0009688 
    0.0009688 
    0.0009688 
    0.0009688 
    0.0009688 
    0.0009688 
    0.0009688 
    0.0009688 
    0.0009688 
    0.0009688 
    0.0009688 
    0.0009688 
    0.0009688 
    0.0009688 
    0.0009689 
    0.0009689 
    0.0009689 
    0.0009689 
    0.0009690 
    0.0009690 
    0.0009690 
    0.0009691 
    0.0009691 
    0.0009691 
    0.0009692 
    0.0009692 
    0.0009693 
    0.0009693 
    0.0009694 
    0.0009695 
    0.0009695 
    0.0009696 
    0.0009696 
    0.0009697 
    0.0009698 
    0.0009699 
    0.0009699 
    0.0009700 
    0.0009701 
    0.0009702 
    0.0009703 
    0.0009704 
    0.0009705 
    0.0009706 
    0.0009707 
    0.0009708 
    0.0009709 
    0.0009709 
    0.0009709 
    0.0009710 
    0.0009710 
    0.0009710 
    0.0009711 
    0.0009711 
    0.0009711 
    0.0009712 




        0.000 
Purse seine shooting:           0 
bottom drag (N)				:            0 
element drag (N)				:            0 
surface drag (N)				:            0 
node drag (N)				:            0 
forces along X Y and Z axes (N)		:      0.00067      0.00000  -9623.82322 
current amplitude (m/s)			:        0.000 
