      1        1.000000000        0.000000000        3.912100417
      2        0.000000000        0.000000000        4.000000000
      3        0.099775383        0.000000000        3.988824754
      4        0.899807860        0.000000000        3.918519987
      5        0.990000811        0.000000000        3.912988621
      6        0.980001610        0.000000000        3.913876689
      7        0.970002397        0.000000000        3.914764616
      8        0.960003170        0.000000000        3.915652398
      9        0.950003931        0.000000000        3.916540029
     10        0.940004678        0.000000000        3.917427506
     11        0.930005410        0.000000000        3.918314824
     12        0.920006129        0.000000000        3.919201978
     13        0.910006832        0.000000000        3.920088964
     14        0.900007520        0.000000000        3.920975779
     15        0.890008193        0.000000000        3.921862418
     16        0.880008849        0.000000000        3.922748877
     17        0.870009490        0.000000000        3.923635153
     18        0.860010114        0.000000000        3.924521242
     19        0.850010721        0.000000000        3.925407140
     20        0.840011311        0.000000000        3.926292845
     21        0.830011884        0.000000000        3.927178353
     22        0.820012439        0.000000000        3.928063661
     23        0.810012976        0.000000000        3.928948766
     24        0.800013495        0.000000000        3.929833665
     25        0.790013995        0.000000000        3.930718357
     26        0.780014477        0.000000000        3.931602838
     27        0.770014940        0.000000000        3.932487105
     28        0.760015384        0.000000000        3.933371158
     29        0.750015809        0.000000000        3.934254994
     30        0.740016215        0.000000000        3.935138611
     31        0.730016601        0.000000000        3.936022007
     32        0.720016967        0.000000000        3.936905182
     33        0.710017314        0.000000000        3.937788133
     34        0.700017641        0.000000000        3.938670859
     35        0.690017949        0.000000000        3.939553360
     36        0.680018236        0.000000000        3.940435634
     37        0.670018503        0.000000000        3.941317681
     38        0.660018750        0.000000000        3.942199500
     39        0.650018977        0.000000000        3.943081090
     40        0.640019184        0.000000000        3.943962453
     41        0.630019371        0.000000000        3.944843586
     42        0.620019538        0.000000000        3.945724492
     43        0.610019684        0.000000000        3.946605169
     44        0.600019811        0.000000000        3.947485618
     45        0.590019918        0.000000000        3.948365840
     46        0.580020004        0.000000000        3.949245836
     47        0.570020071        0.000000000        3.950125606
     48        0.560020118        0.000000000        3.951005152
     49        0.550020146        0.000000000        3.951884474
     50        0.540020154        0.000000000        3.952763575
     51        0.530020143        0.000000000        3.953642455
     52        0.520020112        0.000000000        3.954521116
     53        0.510020063        0.000000000        3.955399561
     54        0.500019994        0.000000000        3.956277791
     55        0.490019907        0.000000000        3.957155808
     56        0.480019802        0.000000000        3.958033615
     57        0.470019678        0.000000000        3.958911214
     58        0.460019536        0.000000000        3.959788608
     59        0.450019377        0.000000000        3.960665800
     60        0.440019200        0.000000000        3.961542792
     61        0.430019006        0.000000000        3.962419588
     62        0.420018795        0.000000000        3.963296191
     63        0.410018567        0.000000000        3.964172604
     64        0.400018323        0.000000000        3.965048830
     65        0.390018063        0.000000000        3.965924874
     66        0.380017787        0.000000000        3.966800740
     67        0.370017496        0.000000000        3.967676430
     68        0.360017190        0.000000000        3.968551949
     69        0.350016870        0.000000000        3.969427302
     70        0.340016535        0.000000000        3.970302492
     71        0.330016187        0.000000000        3.971177525
     72        0.320015825        0.000000000        3.972052404
     73        0.310015450        0.000000000        3.972927134
     74        0.300015062        0.000000000        3.973801720
     75        0.290014663        0.000000000        3.974676167
     76        0.280014251        0.000000000        3.975550480
     77        0.270013828        0.000000000        3.976424665
     78        0.260013395        0.000000000        3.977298725
     79        0.250012951        0.000000000        3.978172667
     80        0.240012497        0.000000000        3.979046497
     81        0.230012034        0.000000000        3.979920218
     82        0.220011562        0.000000000        3.980793838
     83        0.210011082        0.000000000        3.981667362
     84        0.200010594        0.000000000        3.982540796
     85        0.190010098        0.000000000        3.983414145
     86        0.180009595        0.000000000        3.984287415
     87        0.170009087        0.000000000        3.985160613
     88        0.160008572        0.000000000        3.986033745
     89        0.150008052        0.000000000        3.986906816
     90        0.140007527        0.000000000        3.987779834
     91        0.130006999        0.000000000        3.988652803
     92        0.120006466        0.000000000        3.989525731
     93        0.110005931        0.000000000        3.990398624
     94        0.100005392        0.000000000        3.991271489
     95        0.090004853        0.000000000        3.992144331
     96        0.080004311        0.000000000        3.993017157
     97        0.070003769        0.000000000        3.993889975
     98        0.060003227        0.000000000        3.994762790
     99        0.050002685        0.000000000        3.995635609
    100        0.040002144        0.000000000        3.996508439
    101        0.030001604        0.000000000        3.997381287
    102        0.020001066        0.000000000        3.998254158
    103        0.010000532        0.000000000        3.999127060
    104        0.009976799        0.000000000        3.998875862
    105        0.019953764        0.000000000        3.997753201
    106        0.029930894        0.000000000        3.996632014
    107        0.039908189        0.000000000        3.995512299
    108        0.049885647        0.000000000        3.994394053
    109        0.059863269        0.000000000        3.993277272
    110        0.069841055        0.000000000        3.992161955
    111        0.079819002        0.000000000        3.991048098
    112        0.089797112        0.000000000        3.989935698
    113        0.109754057        0.000000000        3.987717450
    114        0.119733373        0.000000000        3.986615972
    115        0.129713328        0.000000000        3.985520318
    116        0.139693917        0.000000000        3.984430487
    117        0.149675138        0.000000000        3.983346476
    118        0.159656987        0.000000000        3.982268285
    119        0.169639460        0.000000000        3.981195911
    120        0.179622553        0.000000000        3.980129353
    121        0.189606264        0.000000000        3.979068608
    122        0.199590587        0.000000000        3.978013676
    123        0.209575521        0.000000000        3.976964554
    124        0.219561060        0.000000000        3.975921240
    125        0.229547202        0.000000000        3.974883734
    126        0.239533943        0.000000000        3.973852032
    127        0.249521280        0.000000000        3.972826133
    128        0.259509208        0.000000000        3.971806036
    129        0.269497724        0.000000000        3.970791738
    130        0.279486825        0.000000000        3.969783238
    131        0.289476508        0.000000000        3.968780534
    132        0.299466767        0.000000000        3.967783624
    133        0.309457601        0.000000000        3.966792507
    134        0.319449005        0.000000000        3.965807181
    135        0.329440976        0.000000000        3.964827643
    136        0.339433511        0.000000000        3.963853893
    137        0.349426605        0.000000000        3.962885929
    138        0.359420256        0.000000000        3.961923748
    139        0.369414459        0.000000000        3.960967350
    140        0.379409212        0.000000000        3.960016732
    141        0.389404510        0.000000000        3.959071893
    142        0.399400351        0.000000000        3.958132831
    143        0.409396730        0.000000000        3.957199545
    144        0.419393645        0.000000000        3.956272033
    145        0.429391091        0.000000000        3.955350294
    146        0.439389066        0.000000000        3.954434325
    147        0.449387565        0.000000000        3.953524126
    148        0.459386586        0.000000000        3.952619696
    149        0.469386124        0.000000000        3.951721031
    150        0.479386177        0.000000000        3.950828132
    151        0.489386741        0.000000000        3.949940997
    152        0.499387812        0.000000000        3.949059624
    153        0.509389387        0.000000000        3.948184013
    154        0.519391463        0.000000000        3.947314161
    155        0.529394036        0.000000000        3.946450068
    156        0.539397103        0.000000000        3.945591732
    157        0.549400659        0.000000000        3.944739153
    158        0.559404703        0.000000000        3.943892329
    159        0.569409230        0.000000000        3.943051259
    160        0.579414237        0.000000000        3.942215942
    161        0.589419721        0.000000000        3.941386378
    162        0.599425678        0.000000000        3.940562564
    163        0.609432105        0.000000000        3.939744501
    164        0.619438999        0.000000000        3.938932188
    165        0.629446355        0.000000000        3.938125623
    166        0.639454172        0.000000000        3.937324806
    167        0.649462444        0.000000000        3.936529736
    168        0.659471170        0.000000000        3.935740413
    169        0.669480346        0.000000000        3.934956836
    170        0.679489967        0.000000000        3.934179004
    171        0.689500032        0.000000000        3.933406918
    172        0.699510536        0.000000000        3.932640576
    173        0.709521477        0.000000000        3.931879978
    174        0.719532851        0.000000000        3.931125125
    175        0.729544654        0.000000000        3.930376015
    176        0.739556884        0.000000000        3.929632648
    177        0.749569537        0.000000000        3.928895025
    178        0.759582609        0.000000000        3.928163145
    179        0.769596098        0.000000000        3.927437009
    180        0.779610000        0.000000000        3.926716616
    181        0.789624312        0.000000000        3.926001967
    182        0.799639031        0.000000000        3.925293061
    183        0.809654153        0.000000000        3.924589899
    184        0.819669675        0.000000000        3.923892481
    185        0.829685593        0.000000000        3.923200808
    186        0.839701906        0.000000000        3.922514879
    187        0.849718608        0.000000000        3.921834696
    188        0.859735697        0.000000000        3.921160260
    189        0.869753170        0.000000000        3.920491570
    190        0.879771024        0.000000000        3.919828627
    191        0.889789255        0.000000000        3.919171433
    192        0.909826693        0.000000000        3.917872077
    193        0.919845611        0.000000000        3.917225488
    194        0.929864614        0.000000000        3.916580221
    195        0.939883701        0.000000000        3.915936276
    196        0.949902874        0.000000000        3.915293654
    197        0.959922131        0.000000000        3.914652356
    198        0.969941472        0.000000000        3.914012382
    199        0.979960897        0.000000000        3.913373734
    200        0.989980407        0.000000000        3.912736412
    0.0038560 
    0.0038560 
    0.0038560 
    0.0038560 
    0.0038560 
    0.0038560 
    0.0038560 
    0.0038560 
    0.0038560 
    0.0038560 
    0.0038559 
    0.0038559 
    0.0038559 
    0.0038559 
    0.0038559 
    0.0038559 
    0.0038559 
    0.0038559 
    0.0038559 
    0.0038559 
    0.0038559 
    0.0038559 
    0.0038559 
    0.0038559 
    0.0038559 
    0.0038559 
    0.0038559 
    0.0038559 
    0.0038559 
    0.0038559 
    0.0038559 
    0.0038559 
    0.0038559 
    0.0038559 
    0.0038559 
    0.0038559 
    0.0038559 
    0.0038559 
    0.0038559 
    0.0038559 
    0.0038559 
    0.0038559 
    0.0038559 
    0.0038559 
    0.0038559 
    0.0038559 
    0.0038558 
    0.0038558 
    0.0038558 
    0.0038558 
    0.0038558 
    0.0038558 
    0.0038558 
    0.0038558 
    0.0038558 
    0.0038558 
    0.0038558 
    0.0038558 
    0.0038558 
    0.0038558 
    0.0038558 
    0.0038558 
    0.0038558 
    0.0038558 
    0.0038558 
    0.0038558 
    0.0038558 
    0.0038558 
    0.0038558 
    0.0038558 
    0.0038558 
    0.0038558 
    0.0038558 
    0.0038558 
    0.0038558 
    0.0038558 
    0.0038558 
    0.0038558 
    0.0038558 
    0.0038558 
    0.0038558 
    0.0038558 
    0.0038558 
    0.0038558 
    0.0038558 
    0.0038558 
    0.0038558 
    0.0038558 
    0.0038558 
    0.0038558 
    0.0038558 
    0.0038558 
    0.0038558 
    0.0038558 
    0.0038558 
    0.0038558 
    0.0038558 
    0.0038558 
    0.0038558 
    0.0038558 
    0.0039931 
    0.0039930 
    0.0039929 
    0.0039929 
    0.0039928 
    0.0039927 
    0.0039927 
    0.0039926 
    0.0039925 
    0.0039925 
    0.0039923 
    0.0039921 
    0.0039918 
    0.0039915 
    0.0039913 
    0.0039910 
    0.0039908 
    0.0039905 
    0.0039903 
    0.0039900 
    0.0039898 
    0.0039896 
    0.0039893 
    0.0039891 
    0.0039888 
    0.0039886 
    0.0039884 
    0.0039881 
    0.0039879 
    0.0039876 
    0.0039874 
    0.0039872 
    0.0039870 
    0.0039867 
    0.0039865 
    0.0039863 
    0.0039861 
    0.0039858 
    0.0039856 
    0.0039854 
    0.0039852 
    0.0039850 
    0.0039847 
    0.0039845 
    0.0039843 
    0.0039841 
    0.0039839 
    0.0039837 
    0.0039835 
    0.0039833 
    0.0039831 
    0.0039829 
    0.0039827 
    0.0039825 
    0.0039823 
    0.0039821 
    0.0039819 
    0.0039817 
    0.0039815 
    0.0039813 
    0.0039811 
    0.0039809 
    0.0039807 
    0.0039806 
    0.0039804 
    0.0039802 
    0.0039800 
    0.0039798 
    0.0039796 
    0.0039795 
    0.0039793 
    0.0039791 
    0.0039789 
    0.0039788 
    0.0039786 
    0.0039784 
    0.0039783 
    0.0039781 
    0.0039779 
    0.0039778 
    0.0039776 
    0.0039774 
    0.0039773 
    0.0039771 
    0.0039770 
    0.0039768 
    0.0039767 
    0.0039765 
    0.0039764 
    0.0039762 
    0.0039761 
    0.0039761 
    0.0039760 
    0.0039760 
    0.0039760 
    0.0039759 
    0.0039759 
    0.0039759 
    0.0039758 
    0.0039758 




        0.000 
Purse seine shooting:           0 
bottom drag (N)				:            0 
element drag (N)				:            0 
surface drag (N)				:            0 
node drag (N)				:            0 
forces along X Y and Z axes (N)		:      6.77223      0.00000 -10362.12352 
current amplitude (m/s)			:        0.000 
