      1        0.059144227        0.000000000        3.002340159
      2        0.000000000        0.000000000        4.000000000
      3        0.002753735        0.000000000        3.900017336
      4        0.044605778        0.000000000        3.101276419
      5        0.059297708        0.000000000        3.012339639
      6        0.059432200        0.000000000        3.022339393
      7        0.059547968        0.000000000        3.032339382
      8        0.059645047        0.000000000        3.042339570
      9        0.059723440        0.000000000        3.052339921
     10        0.059783156        0.000000000        3.062340402
     11        0.059824206        0.000000000        3.072340977
     12        0.059846608        0.000000000        3.082341611
     13        0.059850389        0.000000000        3.092342270
     14        0.059835577        0.000000000        3.102342919
     15        0.059802211        0.000000000        3.112343523
     16        0.059750330        0.000000000        3.122344048
     17        0.059679985        0.000000000        3.132344461
     18        0.059591229        0.000000000        3.142344727
     19        0.059484120        0.000000000        3.152344814
     20        0.059358725        0.000000000        3.162344688
     21        0.059215114        0.000000000        3.172344317
     22        0.059053363        0.000000000        3.182343670
     23        0.058873554        0.000000000        3.192342714
     24        0.058675774        0.000000000        3.202341420
     25        0.058460115        0.000000000        3.212339755
     26        0.058226675        0.000000000        3.222337692
     27        0.057975557        0.000000000        3.232335200
     28        0.057706868        0.000000000        3.242332252
     29        0.057420722        0.000000000        3.252328819
     30        0.057117237        0.000000000        3.262324876
     31        0.056796535        0.000000000        3.272320394
     32        0.056458745        0.000000000        3.282315351
     33        0.056103999        0.000000000        3.292309719
     34        0.055732435        0.000000000        3.302303477
     35        0.055344193        0.000000000        3.312296601
     36        0.054939421        0.000000000        3.322289070
     37        0.054518269        0.000000000        3.332280862
     38        0.054080894        0.000000000        3.342271956
     39        0.053627454        0.000000000        3.352262335
     40        0.053158114        0.000000000        3.362251980
     41        0.052673040        0.000000000        3.372240873
     42        0.052172407        0.000000000        3.382228999
     43        0.051656390        0.000000000        3.392216342
     44        0.051125169        0.000000000        3.402202888
     45        0.050578927        0.000000000        3.412188623
     46        0.050017854        0.000000000        3.422173537
     47        0.049442139        0.000000000        3.432157617
     48        0.048851980        0.000000000        3.442140855
     49        0.048247572        0.000000000        3.452123240
     50        0.047629121        0.000000000        3.462104764
     51        0.046996829        0.000000000        3.472085422
     52        0.046350907        0.000000000        3.482065207
     53        0.045691566        0.000000000        3.492044115
     54        0.045019022        0.000000000        3.502022142
     55        0.044333493        0.000000000        3.511999286
     56        0.043635199        0.000000000        3.521975544
     57        0.042924365        0.000000000        3.531950917
     58        0.042201220        0.000000000        3.541925405
     59        0.041465990        0.000000000        3.551899010
     60        0.040718911        0.000000000        3.561871735
     61        0.039960215        0.000000000        3.571843582
     62        0.039190142        0.000000000        3.581814558
     63        0.038408931        0.000000000        3.591784668
     64        0.037616824        0.000000000        3.601753918
     65        0.036814067        0.000000000        3.611722316
     66        0.036000906        0.000000000        3.621689871
     67        0.035177591        0.000000000        3.631656593
     68        0.034344373        0.000000000        3.641622492
     69        0.033501504        0.000000000        3.651587580
     70        0.032649242        0.000000000        3.661551868
     71        0.031787841        0.000000000        3.671515372
     72        0.030917562        0.000000000        3.681478104
     73        0.030038665        0.000000000        3.691440079
     74        0.029151413        0.000000000        3.701401314
     75        0.028256069        0.000000000        3.711361825
     76        0.027352900        0.000000000        3.721321630
     77        0.026442171        0.000000000        3.731280747
     78        0.025524152        0.000000000        3.741239194
     79        0.024599111        0.000000000        3.751196992
     80        0.023667321        0.000000000        3.761154161
     81        0.022729052        0.000000000        3.771110722
     82        0.021784580        0.000000000        3.781066696
     83        0.020834177        0.000000000        3.791022106
     84        0.019878119        0.000000000        3.800976975
     85        0.018916684        0.000000000        3.810931326
     86        0.017950147        0.000000000        3.820885184
     87        0.016978788        0.000000000        3.830838572
     88        0.016002884        0.000000000        3.840791515
     89        0.015022716        0.000000000        3.850744040
     90        0.014038563        0.000000000        3.860696172
     91        0.013050707        0.000000000        3.870647937
     92        0.012059429        0.000000000        3.880599362
     93        0.011065010        0.000000000        3.890550474
     94        0.010067732        0.000000000        3.900501300
     95        0.009067879        0.000000000        3.910451867
     96        0.008065733        0.000000000        3.920402204
     97        0.007061577        0.000000000        3.930352339
     98        0.006055694        0.000000000        3.940302300
     99        0.005048368        0.000000000        3.950252114
    100        0.004039881        0.000000000        3.960201811
    101        0.003030518        0.000000000        3.970151420
    102        0.002020562        0.000000000        3.980100968
    103        0.001010294        0.000000000        3.990050485
    104        0.000272336        0.000000000        3.990001623
    105        0.000545422        0.000000000        3.980003273
    106        0.000819229        0.000000000        3.970004949
    107        0.001093731        0.000000000        3.960006649
    108        0.001368899        0.000000000        3.950008374
    109        0.001644706        0.000000000        3.940010123
    110        0.001921121        0.000000000        3.930011894
    111        0.002198118        0.000000000        3.920013687
    112        0.002475666        0.000000000        3.910015501
    113        0.003033514        0.000000000        3.890019234
    114        0.003316238        0.000000000        3.880021237
    115        0.003601942        0.000000000        3.870023349
    116        0.003890664        0.000000000        3.860025572
    117        0.004182442        0.000000000        3.850027906
    118        0.004477316        0.000000000        3.840030355
    119        0.004775325        0.000000000        3.830032921
    120        0.005076510        0.000000000        3.820035605
    121        0.005380914        0.000000000        3.810038411
    122        0.005688581        0.000000000        3.800041339
    123        0.005999556        0.000000000        3.790044394
    124        0.006313885        0.000000000        3.780047577
    125        0.006631616        0.000000000        3.770050892
    126        0.006952799        0.000000000        3.760054340
    127        0.007277484        0.000000000        3.750057925
    128        0.007605725        0.000000000        3.740061650
    129        0.007937576        0.000000000        3.730065517
    130        0.008273093        0.000000000        3.720069530
    131        0.008612335        0.000000000        3.710073693
    132        0.008955363        0.000000000        3.700078008
    133        0.009302239        0.000000000        3.690082480
    134        0.009653028        0.000000000        3.680087112
    135        0.010007799        0.000000000        3.670091908
    136        0.010366621        0.000000000        3.660096872
    137        0.010729567        0.000000000        3.650102009
    138        0.011096714        0.000000000        3.640107323
    139        0.011468141        0.000000000        3.630112818
    140        0.011843931        0.000000000        3.620118500
    141        0.012224170        0.000000000        3.610124374
    142        0.012608950        0.000000000        3.600130446
    143        0.012998363        0.000000000        3.590136720
    144        0.013392510        0.000000000        3.580143204
    145        0.013791494        0.000000000        3.570149903
    146        0.014195423        0.000000000        3.560156824
    147        0.014604412        0.000000000        3.550163975
    148        0.015018581        0.000000000        3.540171362
    149        0.015438058        0.000000000        3.530178995
    150        0.015862975        0.000000000        3.520186881
    151        0.016293474        0.000000000        3.510195030
    152        0.016729704        0.000000000        3.500203451
    153        0.017171823        0.000000000        3.490212154
    154        0.017619998        0.000000000        3.480221150
    155        0.018074407        0.000000000        3.470230452
    156        0.018535240        0.000000000        3.460240072
    157        0.019002698        0.000000000        3.450250023
    158        0.019476995        0.000000000        3.440260320
    159        0.019958364        0.000000000        3.430270978
    160        0.020447049        0.000000000        3.420282016
    161        0.020943317        0.000000000        3.410293451
    162        0.021447452        0.000000000        3.400305304
    163        0.021959761        0.000000000        3.390317596
    164        0.022480577        0.000000000        3.380330352
    165        0.023010259        0.000000000        3.370343597
    166        0.023549199        0.000000000        3.360357362
    167        0.024097821        0.000000000        3.350371677
    168        0.024656593        0.000000000        3.340386579
    169        0.025226023        0.000000000        3.330402106
    170        0.025806674        0.000000000        3.320418304
    171        0.026399162        0.000000000        3.310435220
    172        0.027004176        0.000000000        3.300452912
    173        0.027622475        0.000000000        3.290471441
    174        0.028254913        0.000000000        3.280490879
    175        0.028902445        0.000000000        3.270511310
    176        0.029566149        0.000000000        3.260532826
    177        0.030247248        0.000000000        3.250555538
    178        0.030947136        0.000000000        3.240579574
    179        0.031667415        0.000000000        3.230605085
    180        0.032409939        0.000000000        3.220632251
    181        0.033176867        0.000000000        3.210661288
    182        0.033970738        0.000000000        3.200692458
    183        0.034794572        0.000000000        3.190726082
    184        0.035651993        0.000000000        3.180762563
    185        0.036547407        0.000000000        3.170802411
    186        0.037486251        0.000000000        3.160846282
    187        0.038475342        0.000000000        3.150895043
    188        0.039523397        0.000000000        3.140949865
    189        0.040641810        0.000000000        3.131012377
    190        0.041845904        0.000000000        3.121084930
    191        0.043156964        0.000000000        3.111171066
    192        0.046137125        0.000000000        3.091394223
    193        0.047661303        0.000000000        3.081510925
    194        0.049175327        0.000000000        3.071626073
    195        0.050675902        0.000000000        3.061739176
    196        0.052159293        0.000000000        3.051849693
    197        0.053621248        0.000000000        3.041957024
    198        0.055056886        0.000000000        3.032060508
    199        0.056460568        0.000000000        3.022159415
    200        0.057825707        0.000000000        3.012252940
    0.0000658 
    0.0000659 
    0.0000659 
    0.0000659 
    0.0000659 
    0.0000659 
    0.0000659 
    0.0000659 
    0.0000659 
    0.0000660 
    0.0000660 
    0.0000660 
    0.0000660 
    0.0000660 
    0.0000660 
    0.0000660 
    0.0000661 
    0.0000661 
    0.0000661 
    0.0000661 
    0.0000661 
    0.0000661 
    0.0000662 
    0.0000662 
    0.0000662 
    0.0000662 
    0.0000662 
    0.0000662 
    0.0000663 
    0.0000663 
    0.0000663 
    0.0000663 
    0.0000663 
    0.0000664 
    0.0000664 
    0.0000664 
    0.0000664 
    0.0000664 
    0.0000665 
    0.0000665 
    0.0000665 
    0.0000665 
    0.0000665 
    0.0000666 
    0.0000666 
    0.0000666 
    0.0000666 
    0.0000666 
    0.0000667 
    0.0000667 
    0.0000667 
    0.0000667 
    0.0000667 
    0.0000668 
    0.0000668 
    0.0000668 
    0.0000668 
    0.0000668 
    0.0000669 
    0.0000669 
    0.0000669 
    0.0000669 
    0.0000670 
    0.0000670 
    0.0000670 
    0.0000670 
    0.0000670 
    0.0000671 
    0.0000671 
    0.0000671 
    0.0000671 
    0.0000671 
    0.0000672 
    0.0000672 
    0.0000672 
    0.0000672 
    0.0000672 
    0.0000673 
    0.0000673 
    0.0000673 
    0.0000673 
    0.0000673 
    0.0000674 
    0.0000674 
    0.0000674 
    0.0000674 
    0.0000674 
    0.0000675 
    0.0000675 
    0.0000675 
    0.0000675 
    0.0000675 
    0.0000675 
    0.0000676 
    0.0000676 
    0.0000676 
    0.0000676 
    0.0000676 
    0.0000677 
    0.0000677 
    0.0002085 
    0.0002079 
    0.0002073 
    0.0002067 
    0.0002061 
    0.0002055 
    0.0002049 
    0.0002043 
    0.0002037 
    0.0002031 
    0.0002016 
    0.0001993 
    0.0001969 
    0.0001946 
    0.0001922 
    0.0001899 
    0.0001875 
    0.0001852 
    0.0001828 
    0.0001804 
    0.0001781 
    0.0001757 
    0.0001734 
    0.0001710 
    0.0001687 
    0.0001663 
    0.0001639 
    0.0001616 
    0.0001592 
    0.0001569 
    0.0001545 
    0.0001522 
    0.0001498 
    0.0001475 
    0.0001451 
    0.0001427 
    0.0001404 
    0.0001380 
    0.0001357 
    0.0001333 
    0.0001310 
    0.0001286 
    0.0001262 
    0.0001239 
    0.0001215 
    0.0001192 
    0.0001168 
    0.0001145 
    0.0001121 
    0.0001098 
    0.0001074 
    0.0001050 
    0.0001027 
    0.0001003 
    0.0000980 
    0.0000956 
    0.0000933 
    0.0000909 
    0.0000886 
    0.0000862 
    0.0000838 
    0.0000815 
    0.0000791 
    0.0000768 
    0.0000744 
    0.0000721 
    0.0000697 
    0.0000673 
    0.0000650 
    0.0000626 
    0.0000603 
    0.0000579 
    0.0000556 
    0.0000532 
    0.0000509 
    0.0000485 
    0.0000461 
    0.0000438 
    0.0000414 
    0.0000391 
    0.0000367 
    0.0000344 
    0.0000320 
    0.0000296 
    0.0000273 
    0.0000249 
    0.0000226 
    0.0000202 
    0.0000179 
    0.0000155 
    0.0000141 
    0.0000135 
    0.0000129 
    0.0000123 
    0.0000117 
    0.0000111 
    0.0000104 
    0.0000098 
    0.0000092 
    0.0000086 




        0.000 
Purse seine shooting:           0 
bottom drag (N)				:            0 
element drag (N)				:            0 
surface drag (N)				:            0 
node drag (N)				:            0 
forces along X Y and Z axes (N)		:    165.65388      0.00000  -4635.40618 
current amplitude (m/s)			:        0.000 
