      1      280.773095460        7.440347581      -52.319901308
      2      280.880433808        7.879239046      -52.697562262
      3      289.913038906        6.297256589      -53.640974748
      4      290.784158994        6.159524305      -53.822947251
      5      290.223540171        3.376154504      -51.900137056
      6      294.234415035        5.202931370      -53.542643730
      7      294.181162559        0.000000000      -51.907413901
      8      290.791834062        0.000000000      -51.473255177
      9      297.299837152        4.453513463      -53.561337466
     10      297.168928021        0.000000000      -52.066853584
     11      302.935515475        3.091641714      -53.476595178
     12      302.839682261        0.000000000      -52.440629491
     13      306.335658869        2.286595236      -53.483394988
     14      306.271783455        0.000000000      -52.536452730
     15      319.388871874        0.292998146      -53.699303120
     16      319.389134679        0.000000000      -53.634077618
     17      331.331957369        0.030320010      -53.996387904
     18      331.338866778        0.000000000      -53.800807218
     19      331.432646524        0.006289605      -53.901549317
     20      331.426216467        0.000000000      -53.905927609
     21      303.608255587        0.000000000      -56.000045796
     22      306.292178011        0.000000000      -54.811519123
     23      319.384438716        0.000000000      -53.772688311
     24      331.306740038        0.000000000      -54.287650310
     25      331.437261916        0.000000000      -53.907812407
     26      298.637248138        3.298847224      -55.818169088
     27      290.894143626        6.797860344      -55.597746081
     28      291.394093844        6.619240586      -55.632897562
     29      291.892578174        6.436114719      -55.665578149
     30      292.388415809        6.245115631      -55.693009772
     31      292.882751840        6.049920159      -55.717862775
     32      293.375355151        5.850054881      -55.739813820
     33      293.865932270        5.644949530      -55.758544417
     34      294.354121351        5.433941402      -55.773740242
     35      294.839505229        5.216326462      -55.785105311
     36      295.323772131        4.996631341      -55.802637331
     37      295.805221073        4.770573555      -55.816486984
     38      296.283691944        4.538084685      -55.826535591
     39      296.759287319        4.299638344      -55.832728198
     40      297.232326619        4.056093553      -55.835041296
     41      297.703051917        3.808100837      -55.833445492
     42      298.171409123        3.555721417      -55.827874187
     43      300.030657236        0.000000000      -55.996099265
     44      298.779377864        2.896676998      -56.000020925
     45      299.080636803        2.338800963      -56.000001041
     46      299.369531539        1.774422814      -56.000001135
     47      299.656779139        1.209203818      -56.000001282
     48      299.880527029        0.615976177      -56.000000634
     49      278.425598050        8.290875307      -52.456138283
     50      219.919794199       22.258591100      -49.359360444
     51       80.000000000        3.500000000        2.000000000
     52      230.158760293       26.751157562      -54.168831890
     53      230.129693599       26.489654834      -56.000110742
     54      232.962114264       26.176293756      -56.000545468
     55      232.990738510       26.427457112      -54.168088135
     56      230.912527560       26.278069859      -55.047546480
     57      233.711198806       26.089522861      -55.066718145
     58      289.606715603        7.522384301      -55.858264263
     59      299.346067529        0.000000000      -55.850018902
     60      299.293224583        0.572660794      -55.850013042
     61      299.160925307        1.132330416      -55.850012918
     62      298.956500895        1.669866131      -55.850012753
     63      298.689642931        2.179299134      -55.850012653
     64      298.370572952        2.657766515      -55.850012648
     65      298.008792210        3.104816007      -55.850012590
     66      297.661160215        3.473029554      -55.850011868
     67      297.291233818        3.818840442      -55.850011845
     68      296.902899899        4.143846683      -55.850011888
     69      296.499233662        4.449603964      -55.850011954
     70      296.082513315        4.737318803      -55.850012033
     71      295.654520968        5.007984818      -55.850012095
     72      295.216857470        5.262720469      -55.850012115
     73      294.771016684        5.502861702      -55.850012087
     74      294.318330141        5.729839851      -55.850012006
     75      293.859922754        5.945035839      -55.850011905
     76      293.396724536        6.149722367      -55.850011780
     77      292.929495847        6.345040229      -55.850011631
     78      292.458853519        6.531989617      -55.850011460
     79      291.985296243        6.711434133      -55.850011278
     80      291.509226198        6.884109178      -55.850011124
     81      291.030965337        7.050627694      -55.850026399
     82      284.892429974        7.195712875      -53.099745661
     83      290.722080235        6.185806328      -52.221040110
     84      287.801877058        4.533900937      -51.981863607
     85      285.394618830        5.617025527      -52.076690992
     86      282.953234829        6.618355727      -52.195483983
     87      284.156873122        7.958342611      -52.555856920
     88      286.594356554        6.972063729      -51.662935508
     89      288.876514076        6.261793569      -52.763521689
     90      294.223098875        3.987730101      -52.640436272
     91      294.237282817        2.376051346      -52.021008903
     92      291.768388558        6.158909107      -52.344423067
     93      291.286457696        3.864134203      -52.131300858
     94      291.259104997        1.871955993      -51.811362704
     95      297.296273537        3.436503827      -52.391245427
     96      297.187248333        1.489684298      -52.140183508
     97      300.474189060        3.710852741      -53.533930755
     98      302.876436208        1.685326528      -52.723699913
     99      300.702041068        2.511565090      -52.602845805
    100      300.619610143        0.733595892      -52.315766181
    101      310.176787888        1.538254069      -53.530026170
    102      314.033353323        0.700837849      -53.628953440
    103      313.456729904        0.000000000      -53.221167080
    104      307.356649080        1.174943036      -52.959147783
    105      310.233628767        0.324672969      -52.911725698
    106      313.162463022        0.747659913      -53.406650994
    107      316.118252809        0.231645455      -53.480063072
    108      325.361519250        0.234693737      -53.876170913
    109      325.363961638        0.000000000      -53.703107487
    110      323.869455769        0.129005167      -53.751878225
    111      329.844048205        0.133100883      -53.831213094
    112      303.307310118        2.331448165      -54.845171771
    113      305.322193957        1.526488692      -54.467274892
    114      312.052814024        0.000000000      -53.926271856
    115      314.970411804        0.188383637      -53.820068406
    116      312.015020723        0.721153866      -53.794144951
    117      309.094259854        0.268798877      -54.315018069
    118      325.360470088        0.000000000      -53.709858068
    119      326.854736322        0.122015923      -53.775258219
    120      320.879079751        0.140397025      -53.788234142
    121      297.754329179        4.537068882      -54.559944534
    122      294.529161093        5.302018148      -54.142026465
    123      300.640524770        3.577687212      -54.874372056
    124      301.641606355        2.237919933      -56.000019545
    125      280.437860197        7.562120624      -52.339771428
    126      280.102584027        7.683803912      -52.359505419
    127      279.767267541        7.805397354      -52.379103403
    128      279.431910392        7.926901202      -52.398565552
    129      279.096513169        8.048315365      -52.417891980
    130      278.761075525        8.169640096      -52.437082855
    131      280.529731744        7.938103791      -52.663290993
    132      280.179033200        7.996948734      -52.628947011
    133      279.828338676        8.055773781      -52.594530406
    134      279.477647692        8.114579005      -52.560041172
    135      279.126960750        8.173364313      -52.525479398
    136      278.776277368        8.232129777      -52.490845072
    137      266.729251933       11.134407564      -51.981672287
    138      255.029979845       13.952695940      -51.433891899
    139      243.328311155       16.745997586      -50.813669289
    140      231.624753621       19.514553740      -50.121871289
    141      199.856005543       19.454377325      -42.277762362
    142      179.817987255       16.692502014      -35.106529171
    143      159.805357935       13.972455856      -27.848434081
    144      139.817668337       11.293713300      -20.506154281
    145      119.854515349        8.655748929      -13.082312304
    146       99.915431822        6.058023551       -5.579435780
    147      244.961044602       22.627316028      -55.667396428
    148      256.192180261       19.068006957      -55.981925686
    149      267.395488176       15.408643872      -56.000031161
    150      278.532994827       11.553950236      -56.000018562
    151      223.586474191       23.590241555      -51.256505060
    152      227.250734631       24.930044539      -53.152567640
    0.0000464 
    0.0001423 
    0.0001455 
    0.0001513 
    0.0001570 
   -0.6634994 
    0.0075406 
    0.0074691 
   -0.0907935 
   -0.0289985 
   -0.3584378 
    0.0003710 
    0.0004363 
    0.0002165 
    0.0002165 
    0.0002165 
    0.0002166 
    0.0002166 
    0.0002166 
    0.0002167 
    0.0003158 
    0.0003158 
    0.0003159 
    0.0003159 
    0.0003160 
    0.0003160 
    0.0003161 
    0.0005300 
    0.0005317 
    0.0005333 
    0.0005350 
    0.0005367 
    0.0015068 
    0.0015153 
    0.0015239 
    0.0015324 
    0.0015411 
    0.0015498 
    0.0015585 
    0.0000454 
   -0.0001045 
   -0.0001019 
    0.0001467 
    0.0005171 
    0.0007920 
    0.0006972 
    0.0011516 
    0.0002397 
    0.0002772 
    0.0003284 
    0.0003259 
    0.0003236 
    0.0003140 
    0.0003075 
    0.0010437 
    0.0010418 
    0.0010398 
   -0.0006734 
   -0.0006164 
    0.0000612 
    0.0000026 
   -0.1318602 
   -0.2518362 
   -0.3547300 
   -0.3598253 
   -0.2904411 
   -0.0592893 
   -0.2608858 
   -0.4110128 
   -0.5125102 
   -0.5704385 
   -0.5941293 
   -0.5954378 
   -0.5847830 
   -0.5690400 
   -0.5604866 
   -0.5517512 
   -0.5428553 
   -0.5332610 
   -0.5221056 
   -0.5084116 
   -0.4838345 
   -0.4536636 
    0.0002465 
    0.0002383 
    0.0001181 
    0.0002334 
    0.0001161 
    0.0002285 
    0.0001132 
    0.0002235 
    0.0001114 
    0.0002185 
    0.0001095 
    0.0002135 
    0.0001077 
    0.0002086 
    0.0001059 
    0.0002038 
    0.0001041 
    0.0001992 
    0.0001126 
    0.0001948 
    0.0001113 
    0.0001908 
    0.0001103 
    0.0001872 
    0.0001095 
    0.0001838 
    0.0001088 
    0.0001806 
    0.0001082 
    0.0001775 
    0.0001076 
    0.0001746 
    0.0001069 
    0.0001717 
   -0.2686219 
    0.0001689 
    0.0000331 
    0.0001666 
    0.0000334 
    0.0001648 
    0.0000345 
    0.0001636 
    0.0000325 
    0.0001630 
    0.0000310 
    0.0005766 


   0.090169571207736   -0.001248082762680    0.006900989211350    0.094836455903390    0.017834154846012   -0.009519052266910 
   0.097457433477542    0.016790649671992    0.014865885454951    0.061760773294271   -0.064033938511346   -0.045667427526327 
   0.082269410150961   -0.031018560528306    0.004694993396228    0.096577169356578    0.024393751641828   -0.009032985392391 
   0.081379466699993   -0.033377673333330    0.003959766366668    0.095841595186439    0.023304567299434    0.016710196994351 
   0.079398790590163   -0.037958899442624    0.002679559049181    0.092347883161590    0.035019070011924   -0.005655585210565 
   0.080241940933339   -0.036104153000000    0.003160912833335    0.090829689378530    0.034095239728815   -0.024353892384181 
   0.081249447733336   -0.032875962733335    0.029764047066671    0.095885669412425    0.023134495909605    0.007962983197740 
   0.087431576102124   -0.013997673121139    0.023584877272864    0.077333180551002   -0.016480669375771   -0.061232382311716 
   0.081249447733336   -0.032875962733335    0.029764047066671    0.061760773294271   -0.064033938511346   -0.045667427526327 
   0.076071917399997   -0.023675671999995   -0.036686206033334    0.079605112291427   -0.014545069600000   -0.049178165650476 
   0.083843574023413   -0.033319582954120    0.043142564266846    0.093271474524343    0.035983083827717    0.002752311977521 
   0.086982232218726   -0.003236618890232    0.049104714849869    0.089086596930592   -0.004127534924133   -0.005197222133176 
   0.098393282692314   -0.018112639230766   -0.012080409884614    0.094273438054950   -0.010889362351649   -0.033008642467032 
   0.076071917399997   -0.023675671999995   -0.036686206033334    0.092243256677968    0.029882195322034   -0.010846394463277 
   0.093441200044738   -0.037220113542759   -0.001472278469080    0.092943675818420    0.033410677555921   -0.008244498801979 
   0.076347195675758   -0.031027349864641   -0.005296612695958    0.063718442542422    0.043998305779800   -0.014782876673738 
   0.078204902588893   -0.059471232615423   -0.009155651436623    0.092181702349042    0.019298647230768   -0.018152316001946 
   0.092763149819812   -0.035187402325470    0.000400472708489    0.095695762025471    0.025160261438688   -0.015845665346229 
   0.087150063526161   -0.038999083187499   -0.005366638108044    0.070493122380811    0.038999083187499   -0.014826790915215 
   0.091752738328124   -0.039935723640624   -0.003889060859377    0.093506496390625    0.034315880921876   -0.007438904671880 
   0.092124635393751   -0.036429597062500   -0.000424797462501    0.091651837327085    0.017293028104167   -0.021072376429163 
   0.093295458854649   -0.001673203023200    0.035837223640576    0.095566836335790   -0.002634826550520   -0.022774383059618 
   0.080835843125808   -0.020811340726041    0.014789225230452    0.075698800443855   -0.033152397482077   -0.056337407551438 
   0.080195212347346   -0.055466046133347   -0.009622687019236    0.098784625366522    0.010578208822151   -0.011608150288529 
   0.076781622152013   -0.060125607058266   -0.014984782092685    0.077165220796078   -0.018932343702336   -0.045568085753707 
   0.080423002116230   -0.056408602398453   -0.009160927199826    0.095552381752925    0.023952696549485   -0.018160333183388 
   0.073519669002825   -0.031874560651718   -0.002514889002428    0.074909009723826    0.026948135605062   -0.005327102766322 
   0.073268950562259   -0.030733689728942   -0.001873595540815    0.076176289335592    0.021181497711058   -0.008568580047478 
   0.074354871512961   -0.027586746259259   -0.002628030519447    0.075033401587038    0.027586746259259   -0.005343953630559 
   0.076586170828260   -0.024038411456187    0.003469760349760    0.076890060654339    0.008595211812656   -0.020758570417988 
   0.076887775547403   -0.020417495904796    0.008780552253953    0.076513221200637    0.022141990257563   -0.007576622187760 
   0.076814547361555   -0.018009861589023    0.011095564546482    0.076909577094885    0.009110395370976   -0.020106889826854 
   0.055907740201948   -0.020170291058934   -0.001622950405096    0.057556358701949    0.015389092901067   -0.007364542885093 
   0.056924926102563   -0.018810151076921   -0.003201623333335    0.056490158697437    0.018810151076921   -0.004273894806669 
   0.056158959665711   -0.021279725773183   -0.002441047249167    0.056658671313545    0.019353457510099   -0.004441221545186 
   0.056924926102563   -0.018810151076921   -0.003201623333335    0.057645591730013    0.014235467119156   -0.008752023764704 
   0.055396334464715   -0.022946982004491   -0.002465027033999    0.057537479334551    0.015286586877577   -0.007395629501643 
   0.055667717778383   -0.020128671303258    0.000705273498606    0.056475886871137    0.004261968747780   -0.019797155250159 
   0.056155761461994   -0.017118193746710    0.003732683592566    0.057015161659658    0.007588463285402   -0.016451950726446 
   0.055723118447550   -0.021914076148667   -0.002708823144782    0.056916638993002    0.006496331649313   -0.017918828498318 
   0.055711449269228   -0.022097383229745   -0.002951602962052    0.057360067769229    0.013462000730256   -0.008693195442050 
   0.056424524513216   -0.015599622257680    0.003244761438593    0.056494510310492    0.004373419222987   -0.019734663734866 
   0.056841353745878   -0.016522809422015    0.001178146286767    0.057562019387459    0.016522809422015   -0.004372254253434 
   0.056480082484122   -0.017915755777138    0.002294920632326    0.057673603005463    0.010494651446894   -0.012915084413936 
   0.056868575706277   -0.018084921785540   -0.001022085798139    0.057667018381275    0.010497518664460   -0.012858864023136 
   0.047534464939709   -0.010227874133584    0.007139341505555    0.048186254878483    0.013104730315395   -0.002523334596483 
   0.047949661449999   -0.014171167783333    0.000790368083327    0.048623082896547    0.006263983327586   -0.009842730810348 
   0.047949661449999   -0.014171167783333    0.000790368083327    0.048449212668333    0.010607311003888   -0.006544351097228 
   0.048840509182692   -0.008141729280768   -0.003729977171800    0.048813904249999    0.007049782400000   -0.008248754933340 
   0.049047024840682   -0.008544025499998   -0.004734232349934    0.048046846091750    0.008544025499998   -0.004518664271699 
   0.047811122684483   -0.014560347225863    0.002503723903441    0.048623082896547    0.006263983327586   -0.009842730810348 
   0.048148492416670   -0.013089861740741    0.002467924129620    0.048382794499989   -0.002601225777776   -0.012350135888895 
   0.049263163116666   -0.008600240966666   -0.001223534633341    0.048382794499989   -0.002601225777776   -0.012350135888895 
   0.049263163116666   -0.008600240966666   -0.001223534633341    0.049291686957970    0.006531464842028   -0.005415385107256 
   0.049560614486805   -0.005514654520527   -0.001887240419362    0.049552136906157    0.003936898576246   -0.003991288870976 
   0.049607413918131   -0.006500750257310    0.000894654222214    0.049530297171538    0.004397076586744   -0.005289506370378 
   0.049648791820176   -0.006095933026315   -0.001517598784217    0.049224621096490    0.006095933026315   -0.005364243515799 
   0.048134122091670   -0.013411562013333    0.002331211431102    0.048813904249999    0.007049782400000   -0.008248754933340 
   0.049787185555555   -0.005077679166667    0.000140559966658    0.049778425388886    0.004688925699999   -0.002033623433343 
   0.049816862300006   -0.004300172233331    0.001625691266662    0.049763587016660    0.004300172233331   -0.002776189083345 
   0.049816862300006   -0.004300172233331    0.001625691266662    0.049735449366671    0.003522952333333   -0.004143089600004 
   0.049808673566663   -0.004494692483334    0.001195293049989    0.049735449366671    0.003522952333333   -0.004143089600004 
   0.049827285766683   -0.004436696099999    0.001013529199992    0.049754466566657    0.004436696099999   -0.002641858050006 
   0.049910329850005    0.000019800316669    0.003502210483326    0.049596972133323   -0.003426029100004   -0.005505827000007 
   0.049827285766683   -0.004436696099999    0.001013529199992    0.049596972133323   -0.003426029100004   -0.005505827000007 
   0.049833014922223   -0.003736517677777    0.002422458277771    0.049751601988887    0.004086606888888   -0.003346322588896 
   0.001553573316682   -0.000848625000012    0.004614515057130    0.001323259683322    0.000162041999983   -0.001904841142869 
   0.001140685083382   -0.000104826749981   -0.001574691404719    0.001355020316652    0.000104826749981   -0.001428748338111 
  -0.043790249824982   -0.019081108649999   -0.029064025241652   -0.045673830974987    0.019081108649999   -0.010553530524995 
  -0.049857979512502    0.004868333474998   -0.024291667668759   -0.049314468787499    0.033450773924997   -0.007690115981260 
  -0.045798905024498   -0.015304882349018   -0.026996978237242   -0.051699796573533    0.030409787552942   -0.004352389511763 
  -0.050347295801854    0.000491591392761   -0.023157079916330   -0.057858298690741    0.015849036827104    0.004490932063466 
  -0.050474685407694    0.000321693036264   -0.022987463403297   -0.050342311946153    0.025873039860441   -0.005516442205489 
  -0.049692215930410   -0.004255163469734   -0.002128269084807   -0.049549210833635    0.005196389627039    0.000238995141002 
  -0.049511256172594   -0.006948815342963   -0.002494494581471   -0.049256518016666    0.008879503816666    0.000432057583342 
  -0.047030110966671   -0.008670931516131   -0.009353011560208   -0.048980489249999    0.008670931516131   -0.005401109556445 
  -0.049372053196165   -0.006076891516130   -0.002488616246720   -0.049703956155187    0.006076891516130    0.000413162935927 
  -0.049689780799926   -0.004979427551679   -0.002899712740075   -0.049554249034636    0.006694867037959    0.001835085462247 
  -0.049586510094712   -0.003011189946138   -0.005880719023715   -0.047747257129555    0.014960667380361    0.003609027432194 
  -0.048679347816668   -0.007539249816666   -0.008681218633325   -0.047520466568766    0.013828652456269    0.002908902556719 
  -0.048679347816668   -0.007539249816666   -0.008681218633325   -0.048442694625000    0.008301904875001   -0.005620172467385 
  -0.047598193121069   -0.010092463377725   -0.011631069038734   -0.047154510896577    0.013240141071254    0.001921218053103 
  -0.048835867476347   -0.006873351942615   -0.008242563041777   -0.047740196082556    0.014763470589655    0.003524707498091 
  -0.049220628828300   -0.001536969123916   -0.005110544853313   -0.049256518016666    0.008879503816666    0.000432057583342 
  -0.050027093088885    0.000681954477781   -0.000779252455549   -0.049186515388885    0.001692621477776    0.008929494411118 
  -0.049808874466665   -0.004067197433333    0.002180005033341   -0.049295624699995    0.004067197433333    0.007449865666673 
  -0.049808874466665   -0.004067197433333    0.002180005033341   -0.049773902400000    0.003755927133331   -0.003363756466659 
  -0.049733399583328   -0.000349698349997    0.005367372983340   -0.049773902400000    0.003755927133331   -0.003363756466659 
  -0.049821367833334   -0.004679900833333    0.000518194366674   -0.049779155033334    0.004679900833333   -0.001565365083327 
  -0.049870527033334   -0.004114963883332   -0.000016570849995   -0.049673595900000    0.005086704033332    0.002964367400010 
  -0.049821367833334   -0.004679900833333    0.000518194366674   -0.049673595900000    0.005086704033332    0.002964367400010 
  -0.049816540677777   -0.003655449433332    0.002824995733340   -0.049781568611112    0.004167675133333   -0.002718765766660 
  -0.001361493300020    0.000238464750033   -0.001459221790433   -0.001515339699983    0.000448118249995   -0.001250452123827 
  -0.002284887107129   -0.000505333499998   -0.010280629190490   -0.001444309407128    0.000505333499998   -0.000571882323823 
  -0.045873704923464    0.004988770292780   -0.035458928158764   -0.069736379491039    0.038454220508992   -0.001452859131739 
  -0.046371029490688    0.003997739971360   -0.034571448818254   -0.070467858982043    0.037124658083839   -0.000238892814371 
  -0.046011112791895    0.004344961673642   -0.034949780728923   -0.069904060596974    0.037668570149227   -0.000831538059703 
  -0.046432847494958    0.003643057907387   -0.034304011396852   -0.070602880597038    0.036349968805977    0.000345238507463 
  -0.046597249817120    0.003461945856939   -0.034142994739601   -0.071196912425160    0.035695560029944    0.000927036976047 
  -0.046638667383716    0.003376136677622   -0.034087454360899   -0.071627375898214    0.034803723053896    0.001504282485029 
  -0.046450154163260    0.003691823668463   -0.034282862600582   -0.072495045209658    0.032888491167701    0.002624553892214 
  -0.043412973746335    0.021372397762607   -0.057405369131095   -0.072662257185585    0.032577086826323    0.001701357634729 
  -0.046619215857850    0.003465837098757   -0.034134914612181   -0.071858051044706    0.033739968059670    0.002067112388056 
  -0.045270883539952    0.010371667765139   -0.042646632184019   -0.075139470243742    0.017909446829700    0.021379673564164 
  -0.043516172235181    0.020818348586144   -0.057115554860875   -0.072864041940311    0.031493750447764    0.002268033582088 
  -0.055398396468701    0.019840655540245   -0.021649912487980   -0.075887935753468    0.012042150527462    0.023195554005816 
  -0.043672830327311    0.020603530829666   -0.056969700439585   -0.073439688473074    0.030704393862283    0.002803981586825 
  -0.056268245311441    0.018857071935866   -0.019774238953918   -0.072500103418584    0.015872949828726    0.015890299188940 
  -0.044800233320968    0.030920811047005   -0.052977711719235   -0.078740874403358    0.016912094776780    0.006721779337853 
  -0.047565325030304    0.027304364310113   -0.050810557927296   -0.068240262455626    0.019329203468458   -0.005274898642036 
  -0.031886100968408    0.032248354904822   -0.066024470408688   -0.057704646231577    0.019074571878507   -0.014530487961318 
  -0.043683013285393    0.020577195988883   -0.056953515553358   -0.073743010628706    0.029919951796390    0.003286084580836 
  -0.043675123545625    0.020738387336996   -0.057040295918017   -0.073781497164160    0.029133652537302    0.003709403432833 
  -0.046727991308141    0.026216575797349   -0.052190522730402   -0.074400646268682    0.027332218955227    0.004877699552241 
  -0.046595975068632    0.026393532859581   -0.052305312242235   -0.074842847005900    0.026739484730512    0.005262197754481 
  -0.043477108199915    0.020978734664871   -0.057216733751500   -0.074227190868329    0.028592677844336    0.004106530389224 
  -0.034114380587006   -0.000975787896249   -0.023106187907652   -0.040015272251745    0.044738882902077   -0.000461598738163 
  -0.027568492149580   -0.042263814747731    0.000000355454823   -0.057693073588588    0.016586878578672    0.000000365256701 
  -0.031587237627451   -0.043880783000002    0.000076868235294   -0.039964729392554    0.043880783000002    0.000002062384696 
  -0.031587237627451   -0.043880783000002    0.000076868235294   -0.047242108013283    0.020350309492179   -0.000329948135926 
  -0.027665315147404   -0.042313241951806    0.000000352339344   -0.057618141007663    0.016625130936608    0.000000367667811 
  -0.030134584966749   -0.043459042395784    0.000000383536357   -0.053514719762990    0.018529216851863    0.000000315824758 
  -0.034402558666894   -0.001361896188066   -0.023108874423119   -0.054424190366906    0.025433449391930   -0.000595924643121 
  -0.046950977165240    0.009970718017764   -0.028195532486691   -0.058165329358582    0.015010087758840    0.004196039817413 
  -0.037313570906913   -0.012255057681130   -0.021148956940387   -0.057335202606924    0.014540287898865    0.001363992839611 
  -0.045619196342177    0.013320153179843   -0.026338478618395   -0.056643617144793    0.018837201280196    0.006317936682207 
  -0.044910438782151    0.015321191427969   -0.025804360986534   -0.058792949657739    0.012768981611139    0.004698205963775 
  -0.026549902455349   -0.041845505203756    0.000001924797346   -0.058029415412504    0.016448751327062   -0.000000152945603 
  -0.036278630184203   -0.009676533923690   -0.022782903120002   -0.056687495864904    0.018945231690753    0.006301233829351 
  -0.037100431323224   -0.011634570692344   -0.021294449517225   -0.051921049258580    0.030301844948946   -0.002331797066757 
  -0.046913187885075    0.010076004501265   -0.028243936169169   -0.054424190622225    0.025433449625356   -0.000595924747918 


        0.000 
Tension inf					(N):        6150 
Tension sup					(N):       10600 
Tension warp					(N):       20796 
half doors distance				(m):       26.28 
headline height					(m):      -51.47 
bottom drag (N)				:         5476 
element drag (N)				:         5767 
surface drag (N)				:         9935 
node drag (N)				:            0 
forces along X Y and Z axes (N)		:  28923.27234   3715.02925 -11188.16422 
current amplitude (m/s)			:        1.594 
filtered surface (m2) 				:        27.42 
Drag of panels (N): 
1		736.965208
2		623.033914
3		332.274372
4		687.168375
5		287.162511
6		695.524652
7		359.284354
8		978.904581
9		509.579903
10		700.190353
11		360.652923
12		751.406157
13		860.073014
14		2052.941166
