      1      331.115195664        8.428449692      -51.197352590
      2      331.284880004        8.973978083      -51.570790113
      3      340.200841316        7.031246952      -52.498362155
      4      340.059023891        3.396921628      -50.632668934
      5      344.070836025        5.731666983      -52.777689996
      6      344.120693899        0.000000000      -50.501478845
      7      340.511026799        0.000000000      -50.331907316
      8      346.985484489        4.586501014      -52.901913895
      9      346.967383362        0.000000000      -50.656689395
     10      352.590256025        3.455422724      -52.298673860
     11      352.629248262        0.000000000      -50.790844677
     12      355.914497706        2.427151953      -52.245104924
     13      356.062242652        0.000000000      -50.830616274
     14      368.833082984        0.134883853      -52.272226125
     15      368.828892631        0.000000000      -52.185458431
     16      380.827269974        0.000159454      -51.951033074
     17      380.827092849        0.000000000      -51.946909713
     18      384.325288679        0.000853720      -51.851725261
     19      384.323693424        0.000000000      -51.796705387
     20      352.397202379        0.000000000      -53.990607123
     21      355.683802347        0.000000000      -53.432631957
     22      368.835429309        0.000000000      -52.340787384
     23      380.827471470        0.000000000      -51.959047268
     24      384.326535923        0.000000000      -51.951711998
     25      347.196677744        2.957152729      -54.568666724
     26      340.781640204        7.175769427      -54.701695922
     27      341.206498481        6.950317200      -54.711455484
     28      341.629330045        6.721017897      -54.719398963
     29      342.049990938        6.487700402      -54.725268330
     30      342.467896269        6.249418111      -54.726947749
     31      342.883407427        6.006980668      -54.726844907
     32      343.296449991        5.760373820      -54.724451307
     33      343.706929912        5.509567138      -54.719301728
     34      344.114092578        5.253481565      -54.711406572
     35      344.515550117        4.988581940      -54.702315034
     36      344.909343040        4.712440934      -54.692581642
     37      345.297552662        4.428653968      -54.679197376
     38      345.682827932        4.141051591      -54.662810506
     39      346.065309465        3.849924435      -54.643487861
     40      346.445094651        3.555489213      -54.621319174
     41      346.822219423        3.257874373      -54.596369626
     42      347.587827245        0.000000000      -54.698018374
     43      347.271053865        2.467160782      -54.627054576
     44      347.377509961        1.980174087      -54.650432298
     45      347.468761800        1.489927702      -54.669589604
     46      347.544358431        0.996872314      -54.684318326
     47      347.574540198        0.498835659      -54.693433550
     48      328.836991466        9.443783328      -51.374306517
     49      271.617679139       28.163914496      -50.498597290
     50       80.000000000        3.500000000        2.000000000
     51      282.993446193       32.292824989      -53.150902993
     52      283.017810896       32.340922271      -55.000647775
     53      285.557907094       31.047414004      -55.000820585
     54      285.530389551       30.991873607      -53.152001160
     55      283.607258064       31.729822114      -54.082979588
     56      286.254835429       30.736169659      -54.074373407
     57      339.442630272        7.838372263      -54.838706059
     58      347.380203422        0.000000000      -54.855082955
     59      347.358156353        0.482859157      -54.850020209
     60      347.286838006        0.960958005      -54.850012408
     61      347.170885166        1.430234011      -54.850012324
     62      347.013322030        1.887223304      -54.850012212
     63      346.817845447        2.329325880      -54.850012043
     64      346.588454408        2.754820949      -54.849973511
     65      346.330219354        3.138620183      -54.850011646
     66      346.049132860        3.506013985      -54.850011824
     67      345.748030219        3.857191581      -54.850011974
     68      345.429405598        4.192553453      -54.850012141
     69      345.095400642        4.512601433      -54.850012272
     70      344.747851173        4.817888563      -54.850012322
     71      344.388363575        5.109025038      -54.850012287
     72      344.018358316        5.386673886      -54.850012139
     73      343.639105233        5.651553010      -54.850011906
     74      343.251762465        5.904457321      -54.850011666
     75      342.857379145        6.146238288      -54.850011449
     76      342.456880361        6.377751234      -54.850011251
     77      342.051065304        6.599816499      -54.850011053
     78      341.640616591        6.813198893      -54.850010836
     79      341.226113141        7.018597152      -54.850010622
     80      340.808035861        7.216623186      -54.850013959
     81      333.715823530        8.497937300      -51.769994256
     82      336.197199280        7.972164897      -52.018092318
     83      338.667126706        7.411483288      -52.299569047
     84      341.074505208        7.157144285      -51.137796026
     85      340.689213170        5.751315848      -50.705728128
     86      338.586268660        4.437835467      -50.705007401
     87      337.107590562        5.390515687      -50.786853139
     88      335.585467305        6.271254730      -50.877687947
     89      334.019528125        7.069883327      -50.982008570
     90      332.432720713        7.824989531      -51.094842003
     91      332.666380442        8.920078152      -50.995759091
     92      334.267838337        8.399438042      -50.769864306
     93      335.828100384        8.407519401      -51.493069685
     94      335.877290746        7.662231929      -50.942028403
     95      337.747498196        8.371466451      -50.931385372
     96      337.454552187        6.816844088      -50.757923643
     97      339.378940459        7.298414231      -50.498785476
     98      338.945387861        6.043983037      -50.794819689
     99      342.208596958        6.459091075      -52.795551480
    100      344.072267637        4.791157432      -51.912373887
    101      344.110014303        3.817052390      -51.037237619
    102      344.121126919        2.582974053      -50.645580722
    103      344.114383453        1.104320161      -50.572570099
    104      340.422716488        1.491372007      -50.389507322
    105      341.694384303        6.904300627      -51.922473953
    106      341.656186028        5.775941155      -50.839413975
    107      343.416458446        5.996416201      -51.763335659
    108      341.092615350        3.887710955      -50.979344680
    109      342.964006339        4.401526436      -51.472405189
    110      341.113807219        2.673935882      -50.586455491
    111      342.986173452        3.357022869      -50.748588151
    112      341.458495926        1.133634079      -50.292839570
    113      343.005350096        2.011500871      -50.590317990
    114      343.213029420        0.173581226      -50.299591043
    115      347.081068658        4.080705748      -51.801061749
    116      347.128693392        3.093633123      -50.915138482
    117      347.075358197        1.701533214      -50.691380522
    118      344.721500059        4.899215191      -52.210896483
    119      344.780919494        3.978520779      -51.264391566
    120      344.800686770        2.841930288      -50.717825087
    121      344.776061810        1.437930536      -50.602200199
    122      349.088233023        4.213107198      -52.713176765
    123      351.203384880        3.797280603      -52.461614523
    124      352.653873442        2.544290895      -51.253446102
    125      352.643352591        1.284976523      -50.874050708
    126      348.618597935        4.346698979      -52.402655292
    127      348.672208670        3.519710596      -51.434370665
    128      350.539516279        3.998210634      -51.967859168
    129      348.657081637        2.307033104      -50.788460832
    130      350.542806607        2.878134826      -51.132414138
    131      348.533560441        0.776397132      -50.718068331
    132      350.434283438        1.390612568      -50.830184191
    133      356.041429607        1.702437795      -51.163188879
    134      354.480820699        1.885293524      -51.039848672
    135      354.478655788        0.618592566      -50.877736474
    136      358.382353351        1.705170362      -52.308794313
    137      360.876330242        1.037719732      -52.464992231
    138      363.474260091        0.577846402      -52.356538510
    139      366.111257166        0.274321131      -52.328340922
    140      364.873688833        0.000000000      -51.836530295
    141      361.175691308        0.000000000      -50.922302887
    142      357.033636892        1.993213873      -51.565342545
    143      357.099733051        0.872523990      -51.019191578
    144      358.962948623        1.489149134      -51.404836280
    145      359.003458069        0.268195173      -50.913751152
    146      360.870175330        0.909665396      -51.236504714
    147      362.626826759        0.831257309      -52.189546724
    148      362.755469799        0.241197677      -51.245600488
    149      364.569245612        0.370259810      -52.068211591
    150      366.545955582        0.062572294      -52.045911330
    151      372.828519315        0.015544288      -52.143247831
    152      376.828056100        0.000514823      -52.050887635
    153      376.827996346        0.000000000      -52.048715651
    154      372.828197379        0.000000000      -52.140782845
    155      371.328387628        0.028387743      -52.173291460
    156      375.328146274        0.001845841      -52.083975298
    157      379.327504392        0.000153562      -51.986393821
    158      383.325486043        0.000275164      -51.858901517
    159      352.552987145        2.858705293      -53.066976853
    160      352.486918636        1.690940957      -53.632158864
    161      355.750082144        1.242321178      -53.257521863
    162      354.764210663        2.193141968      -52.945742077
    163      354.604305656        0.954843487      -53.472651291
    164      359.524186375        0.000000000      -52.989793071
    165      363.474480282        0.000000000      -52.723238520
    166      366.401603411        0.142439494      -52.503377384
    167      364.408104406        0.301718329      -52.470947176
    168      362.428292376        0.146877433      -52.714953087
    169      360.471837979        0.556830880      -52.785231284
    170      358.588934758        1.152663320      -52.910066278
    171      356.742711287        1.848790314      -52.591659220
    172      358.507270060        0.319432110      -53.078563017
    173      356.619582294        0.970432421      -53.208621104
    174      372.828793348        0.000000000      -52.158304398
    175      376.828116192        0.000000000      -52.052294251
    176      378.327832740        0.000201554      -52.015110270
    177      374.328455489        0.004539774      -52.114180573
    178      370.331343201        0.058515622      -52.245356512
    179      381.827279177        0.000200738      -51.934375036
    180      347.301360727        4.097269425      -54.164869967
    181      346.249639273        5.722965190      -54.276750023
    182      344.484925061        6.362208951      -53.585397040
    183      342.523718484        6.550130414      -53.237067661
    184      349.528278512        0.000000000      -54.816617474
    185      349.268913595        0.453769832      -54.775492419
    186      349.045689447        1.581796372      -54.626968049
    187      350.760747322        0.559630907      -54.497204561
    188      348.858058692        2.731473553      -54.282344603
    189      350.695629767        1.952849905      -54.133537192
    190      348.747004471        3.859258672      -53.216219004
    191      350.591712375        3.089108751      -53.349512485
    192      330.789950212        8.573889650      -51.223107316
    193      330.464633361        8.719198535      -51.248703260
    194      330.139245833        8.864376381      -51.274140548
    195      329.813787436        9.009423630      -51.299419374
    196      329.488258887        9.154340312      -51.324539861
    197      329.162659992        9.299126866      -51.349502202
    198      330.935167149        9.041263846      -51.543315560
    199      330.585458742        9.108492702      -51.515642345
    200      330.235755377        9.175664582      -51.487770790
    201      329.886056668        9.242779601      -51.459701137
    202      329.536363208        9.309837686      -51.431433703
    203      329.186674611        9.376838954      -51.402968725
    204      317.435734121       13.324053080      -51.458060555
    205      306.010588679       17.134074257      -51.409475329
    206      294.564240004       20.876052229      -51.231490431
    207      283.099170852       24.552033127      -50.926946630
    208      244.040990320       24.431972329      -43.872935362
    209      216.531387791       20.769356631      -36.935754260
    210      189.089499721       17.176345220      -29.699358856
    211      161.715555153       13.653035069      -22.175843773
    212      134.409567461       10.199371979      -14.377093084
    213      107.171210468        6.815141550       -6.314703633
    214      296.987184916       26.401650094      -54.605052649
    215      307.682653997       21.956121179      -54.915881335
    216      318.333874022       17.395827966      -55.000020674
    217      328.921064988       12.688166758      -55.000010627
    218      275.613527991       29.346570911      -51.701614755
    219      279.610059965       30.535197410      -52.896431382
    0.0000631 
    0.0000646 
    0.0001222 
    0.0001256 
    0.0001301 
    0.0001367 
    0.0001403 
    0.0001423 
   -0.6099819 
    0.0028197 
    0.0027164 
    0.0026330 
    0.0025556 
    0.0022759 
    0.0016518 
   -0.2164978 
   -0.3476639 
   -0.4495038 
   -0.0000184 
    0.0001950 
    0.0001950 
    0.0001950 
    0.0001951 
    0.0001951 
    0.0001951 
    0.0001952 
    0.0001190 
    0.0001191 
    0.0001191 
    0.0001191 
    0.0001192 
    0.0001192 
    0.0001193 
    0.0003124 
    0.0003137 
    0.0003151 
    0.0003166 
    0.0003180 
    0.0012087 
    0.0012183 
    0.0012281 
    0.0012381 
    0.0012482 
    0.0012585 
    0.0012690 
    0.0002867 
    0.0001694 
   -0.0000767 
    0.0003728 
    0.0000013 
    0.0001620 
    0.0002079 
    0.0005426 
    0.0003078 
    0.0003391 
    0.0004110 
    0.0004087 
    0.0004066 
    0.0004023 
    0.0003993 
    0.0009305 
    0.0009289 
    0.0009274 
   -0.0004455 
   -0.0004119 
    0.0001693 
   -0.6280857 
   -0.6177494 
   -0.5595431 
   -0.4952346 
   -0.3920512 
   -0.2520690 
    0.0000074 
   -0.1910956 
   -0.3429598 
   -0.4590803 
   -0.5439303 
   -0.6033550 
   -0.6443367 
   -0.6726812 
   -0.6932170 
   -0.7077696 
   -0.7196124 
   -0.7318234 
   -0.7455082 
   -0.7603918 
   -0.7710531 
   -0.7775626 
   -0.7770147 
    0.0002294 
    0.0002259 
    0.0001459 
    0.0002227 
    0.0001444 
    0.0002196 
    0.0001428 
    0.0002164 
    0.0001408 
    0.0002133 
    0.0001393 
    0.0002103 
    0.0001379 
    0.0002075 
    0.0001367 
    0.0002047 
    0.0001353 
    0.0002022 
    0.0001332 
    0.0001999 
    0.0001307 
    0.0001978 
    0.0001294 
    0.0001958 
    0.0001290 
    0.0001940 
    0.0001286 
    0.0001922 
    0.0001282 
    0.0001907 
    0.0001279 
    0.0001892 
    0.0001275 
    0.0001871 
    0.0000644 
    0.0001860 
    0.0000692 
    0.0001851 
    0.0000691 
    0.0001844 
    0.0000691 
    0.0001839 
    0.0000673 
    0.0001836 
    0.0000674 


   0.079850003005252   -0.036573343041500    0.006212762844089    0.094108596079854    0.029458897966573    0.016665522912087 
   0.079340370593710   -0.037755310196986    0.005641671640327    0.094108596079854    0.029458897966573    0.016665522912087 
   0.080072894751021   -0.026032005514954    0.011294739254886    0.066896770556325   -0.026909377042226   -0.049353636048535 
   0.087957623005291    0.001819703711014    0.032387723322288    0.095335203007278    0.025538329407747    0.016151309243254 
   0.080472620461612   -0.036860305639375   -0.008608204837441    0.095269877995651    0.030376851358995    0.002050264986171 
   0.080472620461612   -0.036860305639375   -0.008608204837441    0.078013102363150    0.000404067973447   -0.036160268956116 
   0.078863072056384   -0.042269392023661    0.009205237984479    0.093510372491340    0.035461726084733    0.000532151515691 
   0.080072894751021   -0.026032005514954    0.011294739254886    0.093919995371896    0.020539304674881    0.012365389026028 
   0.078863072056384   -0.042269392023661    0.009205237984479    0.095269877995651    0.030376851358995    0.002050264986171 
   0.076106162844115   -0.044036952153678    0.004541740396710    0.095850506774101    0.027978941444507    0.006141759180376 
   0.073933904898792   -0.047634011003965    0.004092286893588    0.094246015330665    0.033511146157700   -0.000408541035530 
   0.074541783686766   -0.038643052558316   -0.001844802313799    0.096219413568772    0.024078507135902    0.012956908317861 
   0.071841718585585   -0.050776284843763    0.003528705706378    0.093953623111033    0.031834038681803    0.000965225223074 
   0.074329760185746   -0.048701300281069    0.006148782698960    0.094652020753183    0.032416490488875    0.001700685431518 
   0.074541783686766   -0.038643052558316   -0.001844802313799    0.094246015330665    0.033511146157700   -0.000408541035530 
   0.078296958997396   -0.039931429857036    0.005216031145129    0.095850506774101    0.027978941444507    0.006141759180376 
   0.082853288975632   -0.007593987190263    0.020630425449403    0.066896770556325   -0.026909377042226   -0.049353636048535 
   0.095969890589802   -0.001802647528088    0.028084215634366    0.093510372491340    0.035461726084733    0.000532151515691 
   0.095893299265022    0.006944548131699    0.027673160515608    0.045080781189711   -0.053173069243870   -0.064124901756606 
   0.095969890589802   -0.001802647528088    0.028084215634366    0.045080781189711   -0.053173069243870   -0.064124901756606 
   0.081572113133817   -0.053652610972493    0.021629994786649    0.096219413568772    0.024078507135902    0.012956908317861 
   0.081572113133817   -0.053652610972493    0.021629994786649    0.044453341876131   -0.046404019958760   -0.066135766739783 
   0.099942582742508   -0.003960165964295   -0.000526521500865    0.055139306245270   -0.010416439448279   -0.070299143483271 
   0.089888701318026   -0.021091052251171    0.023999612439991    0.052493547975669   -0.014924567418510   -0.063844897709362 
   0.095713032620806    0.000968432023004    0.027261017781878    0.044453341876131   -0.046404019958760   -0.066135766739783 
   0.071450765722832   -0.033607808754953   -0.036772664049750    0.093128395604838    0.029113750939264   -0.021970953418090 
   0.074783042477147   -0.044061427870762    0.013501053112866    0.094047644364649    0.026229993941800   -0.008102341787024 
   0.088792267511999   -0.004608022080785    0.021643286568002    0.078013102363150    0.000404067973447   -0.036160268956116 
   0.094161767094626   -0.032521629799317    0.008787977439664    0.077342708500606    0.043893339593612   -0.014873921009065 
   0.088758166054671   -0.028362258835968   -0.000566652668861    0.074495711279304    0.046365177284210   -0.010102402157505 
   0.094577143847948   -0.033121750556408   -0.000193124960732    0.077114251286279    0.044223406010012   -0.009934314688847 
   0.094161767094626   -0.032521629799317    0.008787977439664    0.089633033198389    0.043958985934346    0.005834130977916 
   0.094677905099550   -0.026534404310927    0.011537826432338    0.094135457018148    0.027442683599731   -0.021123679542892 
   0.062502053994389   -0.072920712462195   -0.027868658241014    0.086368872268626    0.016245988528735   -0.030635589636460 
   0.094301640174152   -0.033652109578738   -0.001207469957101    0.093746009368331    0.028051807290214   -0.020790314840667 
   0.094259074268705   -0.031617928893436    0.003020423988647    0.093618311651991    0.034154349346121   -0.008106633003422 
   0.094677905099550   -0.026534404310927    0.011537826432338    0.093799761500531    0.029068622328473   -0.018969558213604 
   0.095132366178900   -0.032432534815331    0.000098603715833    0.093618311651991    0.034154349346121   -0.008106633003422 
   0.094577143847948   -0.033121750556408   -0.000193124960732    0.093209365050107    0.036087834341370   -0.003974927211363 
   0.071485186625074   -0.021697653249898   -0.023264213199047    0.096406306400753    0.021697653249898    0.015377165357987 
   0.087726674696938   -0.048002642650738   -0.000337573657026    0.086827992922474    0.037210852127316    0.001856326653718 
   0.075726351671730   -0.029802882178501   -0.015836604913154    0.075200481167472    0.062223797892912   -0.021760876071479 
   0.092588033062595   -0.038632045204405   -0.000346274583735    0.092925206366485    0.035300649391656   -0.003996805728935 
   0.087726674696938   -0.048002642650738   -0.000337573657026    0.076914813028217    0.059623832111164   -0.019546728749175 
   0.087393867107302   -0.035767815137086   -0.003971979677111    0.077342708500606    0.043893339593612   -0.014873921009065 
   0.072603354542144   -0.053598904340848    0.005007882826768    0.093396895067722    0.022271208968278   -0.018310069444664 
   0.069982817618247   -0.059074080676239   -0.008566817008955    0.088013620872133    0.011023752306311   -0.046196084204512 
   0.065391015550975   -0.068720735948012   -0.031649560703813    0.095984427204257    0.027696387304282   -0.005158675244428 
   0.096847530205805   -0.024047517798079   -0.004859061538241    0.046468688460731   -0.040232973204957   -0.078898811987402 
   0.098408251078497   -0.016925460339042   -0.005840711601700    0.050049165756905   -0.023894135504814   -0.081150832721220 
   0.086103707110263   -0.045394221269107    0.007956914692529    0.046468688460731   -0.040232973204957   -0.078898811987402 
   0.086103707110263   -0.045394221269107    0.007956914692529    0.051893424947234   -0.019627112353198   -0.083218881660176 
   0.092925063820529   -0.036210425387040    0.010695617339616    0.058797420423182   -0.023634433847313   -0.073948956365576 
   0.094556997002928   -0.024353544459736    0.014385557447130    0.092669663707818    0.024351707656941   -0.029371255920875 
   0.094856958916881   -0.023907188991736    0.015958300941056    0.093569549449677    0.025690774060941   -0.024653025439099 
   0.054614057969568   -0.076322601257443   -0.034607444857254    0.054540641995298   -0.028091342277358   -0.078982629943006 
   0.065391015550975   -0.068720735948012   -0.031649560703813    0.088503094928968    0.018013537444330   -0.035947701371009 
   0.065771717595180   -0.063284236396220   -0.023678596277755    0.088013620872132    0.011023752306311   -0.046196084204512 
   0.066244556721989   -0.068011849763991   -0.024759261407397    0.093569549449677    0.025690774060941   -0.024653025439099 
   0.073227406053630   -0.027049838537197   -0.000126333486770    0.073494517379061    0.031520219703990   -0.003018312778933 
   0.075976490784399   -0.023403834289330    0.008532075678257    0.075536315719290    0.025478490701925   -0.006981607024979 
   0.073553571380647   -0.031337186190946    0.000114863620169    0.075383333315198    0.024977581243468   -0.007513067268520 
   0.071375535887202   -0.036452119262930   -0.001533637329999    0.070958937258996    0.036452119262930   -0.006226890170189 
   0.071332802960025   -0.036220380403829   -0.001964950927797    0.075331870929882    0.026799368244616   -0.003249807481342 
   0.071051466770097   -0.035668274069948   -0.001954771166256    0.073306250362402    0.030774533848554   -0.003176513198250 
   0.073760213976094   -0.031299325188040   -0.000619702134077    0.074338839150581    0.024786209292702   -0.003800136533318 
   0.073582956463419   -0.031398228549892   -0.000013109367958    0.075716364253277    0.024285767842077   -0.008963427800621 
   0.075768133915650   -0.023053363726218    0.009174308167856    0.072182651499187    0.011565025404354   -0.032636085627855 
   0.072195838075451   -0.026689940457689    0.002433418997204    0.072137677363603    0.011519241991586   -0.032720951405235 
   0.072817048497593   -0.034135606731804    0.002592022682089    0.073119590611505   -0.000249714377176   -0.032470255258158 
   0.075745112851296   -0.024445613257484    0.008959112163061    0.071921746103172   -0.004213802616671   -0.035074973682192 
   0.075573820382282   -0.025652771663808    0.005771982118524    0.074901919922834    0.021935353661406   -0.011330056136000 
   0.075633375298697   -0.024587664014585    0.008158689699766    0.074586954128543    0.016302359830984   -0.023952544660957 
   0.075500518240282   -0.023542537402706    0.008299707130312    0.073665659073093    0.014275809315604   -0.027789433947092 
   0.075550288054521   -0.024723836808771    0.007836848122656    0.073645298694541    0.014759068163539   -0.027600082534869 
   0.076100096416482   -0.022189938578468    0.010814259038839    0.074604936294962    0.016394741118599   -0.023850228978269 
   0.055408612228196   -0.022749914184067    0.002721170191904    0.056571744567996    0.017133050285012   -0.010318598352366 
   0.055466738514863   -0.022589485609707    0.003639727148885    0.057037912780518    0.018419674737305   -0.002951844353602 
   0.053316049766982   -0.027492613875889   -0.001251700673056    0.056571744567996    0.017133050285012   -0.010318598352366 
   0.057280132340534   -0.015490766100709    0.008958187957481    0.055877179952527    0.013586895423325   -0.017139766988661 
   0.053060396543743   -0.027855098503559   -0.001078457217815    0.056005558330030    0.018556554636564   -0.002024705306341 
   0.053169514031352   -0.027869068630181   -0.001222221966487    0.057021685340165    0.018426461621168   -0.003363475538611 
   0.056625648102447   -0.019907622846916   -0.000719434144829    0.056611649905642    0.019907622846916   -0.001963671503703 
   0.056456730576161   -0.019662501925473   -0.000026968792067    0.056867536328722    0.017764004565136   -0.002450445806672 
   0.056502882998409   -0.019464161388060   -0.000300331127115    0.057021685340165    0.018426461621168   -0.003363475538611 
   0.056499846407485   -0.019822372379521    0.004031101756894    0.056815471910215    0.017957055747755   -0.007350759146567 
   0.053316049766982   -0.027492613875889   -0.001251700673056    0.056870313709716    0.018037583306248   -0.003333023991364 
   0.056117933609243   -0.019247271569416    0.009058695091386    0.055808952217219    0.013366366993977   -0.017133866643097 
   0.057627545701634   -0.010454649526351    0.013043882698362    0.055652746386707    0.008838254149008   -0.020399261914995 
   0.058502334203421   -0.005885023584513    0.011989399522241    0.055686569735555    0.009014936915208   -0.020440033086824 
   0.057627545701634   -0.010454649526351    0.013043882698362    0.048697449666846   -0.013852412634479   -0.032198624380188 
   0.057402525791089   -0.009483431274642    0.010139066791585    0.048697449666846   -0.013852412634479   -0.032198624380188 
   0.057074604390068   -0.010543808117220    0.012291981309248    0.046786261275851   -0.014160580717171   -0.034797499117869 
   0.056117933609243   -0.019247271569416    0.009058695091386    0.056019223786391    0.014354999970815   -0.016004653796676 
   0.055007650853286   -0.021130707892449    0.011317298602091    0.053070064710057    0.006619497841337   -0.020517046764859 
   0.052655139427812   -0.028775144845913    0.001003841388992    0.055910834228826    0.015850519314987   -0.008063056290318 
   0.052626541172111   -0.028708384755314    0.002549724030370    0.052527831349260    0.004893886784916   -0.022513624857691 
   0.057140903726006   -0.013726633513748    0.012208033737975    0.046786261275851   -0.014160580717171   -0.034797499117869 
   0.057300208166503   -0.015382205716203    0.009118619665615    0.056019223786391    0.014354999970815   -0.016004653796676 
   0.057233921224485   -0.018017262008437    0.001243722407912    0.057199225095165    0.018017262008437   -0.002569442318318 
   0.056774641048659   -0.019452295127904   -0.000188944978012    0.057185446801220    0.017974211362705   -0.002612421992617 
   0.057184367224784   -0.017963492310413    0.000844518140206    0.056738373385556    0.018517319670964   -0.006282038079814 
   0.056763944485349   -0.019434526641182   -0.000264404819527    0.056828891809939    0.018566499039112   -0.005127770367132 
   0.055710812497897   -0.021531628893565    0.005933253766158    0.053773226295655    0.006218577685405   -0.025901092570366 
   0.057783941982267   -0.014467588142683    0.007273532460233    0.053975985248335    0.007273834843643   -0.025183946297215 
   0.056412808300341   -0.019607452864919    0.005634633563527    0.053480267456641    0.005415575198142   -0.025776471557584 
   0.056384097722014   -0.020344550536073   -0.002700239265035    0.056449045046604    0.017656475144221   -0.007563604812641 
   0.056513266316678   -0.019212927954781    0.006254090194873    0.056828891809939    0.018566499039112   -0.005127770367132 
   0.047593125428180   -0.015108220421099    0.002636010651556    0.047354166429793    0.015014400562766   -0.003528177788500 
   0.047820612033791   -0.014485740397344    0.002005845055218    0.047456535402317    0.015294516573456   -0.003811752306852 
   0.048232793281356   -0.012601618469904    0.004012656610930    0.045214655553769    0.012274797293567   -0.017466114772534 
   0.048326615528082   -0.005203286688734    0.009219827828641    0.045218079753710    0.012544811795818   -0.017276070342779 
   0.048232793281356   -0.012601618469904    0.004012656610930    0.043044138675483   -0.009192877223290   -0.023727182057175 
   0.047436599151037   -0.014432657267739   -0.000549152694797    0.046580389284983    0.015415628598567   -0.009641117567769 
   0.047680667674186   -0.014487093447910    0.004208289161016    0.046580389284983    0.015415628598567   -0.009641117567769 
   0.047029129354381   -0.014899731847025    0.000845492676473    0.047664364270382    0.014899731847025   -0.002543392902205 
   0.047132361736186   -0.016711692981219   -0.000227394343378    0.046258446064306    0.014418893104526   -0.012364555628337 
   0.047465068677866   -0.015397179726595    0.003262875369769    0.046667931530989    0.016036755571756   -0.008068839058309 
   0.047132361736186   -0.016711692981219   -0.000227394343378    0.043916285722914   -0.001960202174226   -0.023826050243171 
   0.045773327775022   -0.013399870937107   -0.015052789681949    0.046676610360049    0.013399870937107   -0.007802895524161 
   0.047593125428180   -0.015108220421099    0.002636010651556    0.046667931530989    0.016036755571756   -0.008068839058309 
   0.047680667674186   -0.014487093447910    0.004208289161016    0.043916285722914   -0.001960202174226   -0.023826050243171 
   0.048070459806790   -0.013317390757096    0.004006660915246    0.042836904470270   -0.010106629001513   -0.023734836136121 
   0.048760048926829   -0.006340666620623    0.004117075053966    0.042836904470270   -0.010106629001513   -0.023734836136121 
   0.048560471342513   -0.011524937475885    0.003033378315460    0.045344395329241    0.003226553331108   -0.020565277584333 
   0.048560471342513   -0.011524937475885    0.003033378315460    0.047079629587245   -0.014078383743959   -0.009277321464683 
   0.049255033240961   -0.006804037742458    0.005803784135133    0.047079629587245   -0.014078383743959   -0.009277321464683 
   0.049520552405374   -0.006567507758554    0.003472272368263    0.049213143060269   -0.003061873261001   -0.008302001347342 
   0.046356171851001   -0.008949044484482   -0.009469247530623    0.045344395329241    0.003226553331108   -0.020565277584333 
   0.049923095527835   -0.003476238546816   -0.000967902982030    0.048956999410132    0.003476238546816   -0.007755300419331 
   0.049417749238947   -0.007692187906739    0.000557506536347    0.049112490575943    0.004773453734485   -0.008224657194216 
   0.049587926761617   -0.002684512661326   -0.002181775895032    0.049723099447201    0.001666579379981   -0.004980733761040 
   0.049813291983812   -0.003965927855877    0.003067784482140    0.049718091331152    0.001695055273194   -0.005097390658311 
   0.049417749238947   -0.007692187906739    0.000557506536347    0.049213143060269   -0.003061873261001   -0.008302001347342 
   0.047348342042880   -0.014985246747333    0.006316827557163    0.043044138675483   -0.009192877223290   -0.023727182057175 
   0.049878157195326   -0.003029147903392    0.002557144581791    0.050017835637095    0.001466980539293   -0.000335111879751 
   0.049993658351697   -0.000946258084593    0.001083620504305    0.050004389571006   -0.000428115135255    0.001001454296653 
   0.049881518711848   -0.002555373984755    0.002223003037690    0.050004389571006   -0.000428115135255    0.001001454296653 
   0.049990392935544   -0.000377597540412    0.001201883916295    0.050001124154853    0.000140545408927    0.001119717708642 
   0.049993658351697   -0.000946258084593    0.001083620504305    0.049988960348002    0.000946258084593    0.000033269139621 
   0.049995002408197   -0.000061528031765    0.001175321539968    0.049996994195673   -0.000044367267130    0.001102922104929 
   0.049991425425339   -0.000331369371398    0.001206082817223    0.049996994195673   -0.000044367267130    0.001102922104929 
   0.049988567479810   -0.000010657371769    0.001304356162532    0.049990559267285    0.000006503392866    0.001231956727494 
   0.049995002408197   -0.000061528031765    0.001175321539968    0.049999971786689    0.000061528031765    0.001126358302724 
   0.049986281892880   -0.000005118733232    0.001316136909512    0.049992186066881    0.000000196400404    0.001178691545755 
   0.049988160779911   -0.000009080623653    0.001317672457967    0.049992186066881    0.000000196400404    0.001178691545755 
   0.049986281892880   -0.000005118733232    0.001316136909512    0.049991130664018    0.000005118733232    0.001229011540749 
   0.049963140542014    0.000001251173352    0.001870120215888    0.049969044716015    0.000006566306989    0.001732674852131 
   0.049923662854296   -0.000006643864999    0.002651307581518    0.049976838012229    0.000021813477617    0.000817311781943 
   0.049924058306813   -0.000009172133769    0.002788463053667    0.049978815274815    0.000009172133769    0.001503089142687 
   0.049959405105405   -0.000002755059576    0.002125263202392    0.049983986462451    0.000022591238702    0.000712102906118 
  -0.057288801486774   -0.014373878759754   -0.010756467099074   -0.055300407731856    0.022895753584381   -0.005503164677333 
  -0.057288801486774   -0.014373878759754   -0.010756467099074   -0.051670587757889    0.027918148460413   -0.002022560836381 
  -0.055120317642921   -0.020460933040712   -0.012427567612588   -0.054433014610663    0.020460933040712   -0.006171604561887 
  -0.054959834797941   -0.019766861591054   -0.012078877338567   -0.052346739551718    0.029483853557424   -0.001638635183903 
  -0.056359397702531    0.001841283858521   -0.020587890719795   -0.055224305005514    0.020015417315995    0.002812198535951 
  -0.056816691644922   -0.010511430611840   -0.016171349965643   -0.054834636517868    0.024521496667678    0.000784109019240 
  -0.056673995328692   -0.010522784272211   -0.016052949835481   -0.052245729309629    0.024315509758200    0.002932215981873 
  -0.056481390757635    0.001404508789804   -0.020233711431399   -0.054931981961879    0.021062029497015    0.001963504587852 
  -0.055165537132861    0.005225646826435   -0.020568755229141   -0.051642346320921    0.030614879173960    0.001125894691443 
  -0.049608130232916   -0.000644983429896   -0.005123594710011   -0.049683818144513    0.003706108611412   -0.002911941201459 
  -0.049536213493486   -0.000169311261859   -0.005661733128238   -0.049837475122112    0.003981970881016    0.000810755208859 
  -0.049567723196980   -0.000623041489907   -0.005914415670845   -0.049863404970894    0.003608588878130    0.000602818624472 
  -0.049679743577335   -0.001407371394930   -0.005787327156660   -0.049365021398677    0.008057256730624    0.001224169350185 
  -0.049588627608211   -0.004594822373787   -0.003893778641592   -0.049688206235072    0.004594822373787   -0.003188649816853 
  -0.049495300752429   -0.003871022390804   -0.006100147779989   -0.049756323426279    0.004904704663149   -0.000854434824524 
  -0.049542188398910   -0.004404157464925   -0.005138037982924   -0.049837475122112    0.003981970881016    0.000810755208859 
  -0.049318821380003   -0.006452469768341   -0.005560946996791   -0.048911359931226    0.010248836169961   -0.001756954932986 
  -0.049495300752429   -0.003871022390804   -0.006100147779989   -0.048911359931226    0.010248836169961   -0.001756954932986 
  -0.049114197968099   -0.005934969237658   -0.007333293326888   -0.048557204026008    0.011144510165375   -0.004824477427386 
  -0.049080746254092   -0.004737981715997   -0.005856319072843   -0.049676601407368    0.004737981715997   -0.000807544688534 
  -0.049225980488439   -0.001600844517386   -0.008129688167751   -0.049180680195216    0.007978658296543    0.000272585454775 
  -0.049327877868215   -0.002244836959770   -0.008086133420068   -0.048505609742136    0.012245110199567   -0.000015964882012 
  -0.049114197968099   -0.005934969237658   -0.007333293326888   -0.047072580520383    0.014895811001367   -0.003120874841989 
  -0.048340556033096   -0.000501254452333   -0.012873340626219   -0.046235930825837    0.016853358078005    0.008196063479339 
  -0.048242922778950    0.000166877120082   -0.013159988087822   -0.046155586771120    0.017403174839542    0.007960176439199 
  -0.048425518960618   -0.000032808489846   -0.012490259194596   -0.045554541494336    0.018060472772021    0.005755653955095 
  -0.047720429142131   -0.010304261628646   -0.006421784832573   -0.048289171559476    0.010304261628646   -0.004649187332325 
  -0.048061711003189   -0.012161827096472   -0.006856635769673   -0.047192194148933    0.016275007775228   -0.003251452177362 
  -0.049233811596649   -0.004555772463797   -0.007463870662261   -0.044788267588858    0.019609277934391   -0.001200090688981 
  -0.049233811596649   -0.004555772463797   -0.007463870662261   -0.047192194148933    0.016275007775228   -0.003251452177362 
  -0.048434103191826   -0.004466702031784   -0.011587533326677   -0.045558028838264    0.016259203520609    0.006122386338937 
  -0.047030384676699   -0.009442293439412   -0.005921694810172   -0.045407206276161    0.020981892950909   -0.001633285132073 
  -0.048774598422152   -0.003814854309063   -0.010540339859612   -0.046155586771120    0.017403174839542    0.007960176439199 
  -0.048171820176661   -0.000106455548273   -0.010590935824880   -0.047072580520383    0.014895811001367   -0.003120874841989 
  -0.049987401371602   -0.000000221027055   -0.001334971865696   -0.049994117895119    0.000005094106582   -0.001067832094003 
  -0.049990551584743   -0.000006718466424   -0.001239466051795   -0.049992561334087    0.000010442298459   -0.001192578981503 
  -0.049987790511906   -0.000001558075110   -0.001303785142749   -0.049992561333903    0.000010442298803   -0.001192578985791 
  -0.049991606261799    0.000077066857798   -0.001275236092067   -0.049993616011284    0.000094227633853   -0.001228349026544 
  -0.049990551584743   -0.000006718466424   -0.001239466051795   -0.049993330341834    0.000006718466424   -0.001091708547478 
  -0.049988738055447   -0.000151325797737   -0.001470794142191   -0.049997889140612    0.000366817187517   -0.000968909004310 
  -0.049990537979232    0.000008919452483   -0.001340096112800   -0.049997889140912    0.000366817214224   -0.000968908982527 
  -0.049941682081555    0.000755797803062   -0.002142550211739   -0.049950833151034    0.001273941090690   -0.001640665297778 
  -0.049988738055447   -0.000151325797737   -0.001470794142191   -0.049994333062872    0.000151325797737   -0.001179459514014 
  -0.049863796393985   -0.001950520721941   -0.003181029059181   -0.049942007235969    0.002545607720743   -0.000895653767010 
  -0.049943888561149    0.000437881026330   -0.002328803164276   -0.049942007235969    0.002545607720743   -0.000895653767010 
  -0.049863796393985   -0.001950520721941   -0.003181029059181   -0.049970304572927    0.001950520721941   -0.001381045585917 
  -0.049951875069973   -0.000018751113877   -0.002319573762521   -0.049993449867527    0.000009706228739    0.001013317474578 
  -0.049992064515642   -0.000008708117131   -0.001166826616754   -0.049998781039158   -0.000003392983494   -0.000899686845062 
  -0.049989135271252   -0.000006691267027   -0.000857337562811   -0.049984134817208    0.000006691267027    0.000647758424650 
  -0.049952519526522   -0.000015154015881   -0.001809203822332   -0.049990872041334   -0.000004682163245   -0.001028162286177 
  -0.060329409697312   -0.001517165130942   -0.020628641298001   -0.056056634887084    0.045018210244126   -0.004147141022309 
  -0.060497168280096   -0.001952180326089   -0.020320735052020   -0.056287279403257    0.044420125379866   -0.003723813130809 
  -0.060806877012251   -0.002162203449097   -0.020110122276155   -0.057498834254737    0.042993123775073   -0.002419397427712 
  -0.030918286145768    0.047752373009495   -0.056253011798705   -0.043305589578585    0.066937925486685   -0.006725322684332 
  -0.070149939202479   -0.019077764191194   -0.028937164702915   -0.070588568479218    0.025569750450119    0.027654119329965 
  -0.069051380419953   -0.015942941054618   -0.018221399422489   -0.044830913349553    0.064390112924120   -0.005204058189283 
  -0.060828539311522   -0.002210009064849   -0.020064287894430   -0.057263052161790    0.043513461343854   -0.002918279209242 
  -0.060754421674628   -0.002107858680424   -0.020136847734343   -0.056854069705958    0.044077129005657   -0.003318665713264 
  -0.074180640220124   -0.024467719516644   -0.016841504641099   -0.058775063126138    0.041215075527356   -0.001452745084224 
  -0.074185753548285   -0.024424638358138   -0.016859957304331   -0.060952494900748    0.038336163489172   -0.001181909571150 
  -0.074319723896714   -0.024631613908314   -0.016831863325525   -0.060098433929512    0.039655632621542   -0.001361008686039 
  -0.060581961724396   -0.001976089057097   -0.020261834000720   -0.058115212840023    0.042483078741068   -0.002003632634440 
  -0.031475081633536    0.046908124539361   -0.055551390533107   -0.070588568479218    0.025569750450119    0.027654119329965 
  -0.028491814994673    0.054285427188256   -0.051413484017813   -0.078448263081241    0.007516858517213    0.013933175157345 
  -0.026371628923734    0.058926987746522   -0.047246945905932   -0.075692021189020    0.013550887242959    0.019349674702790 
  -0.036258359917111    0.041302395682055   -0.056689019628951   -0.071717257481795    0.018768819155920    0.018505306020332 
  -0.057217165924923    0.001254185516703   -0.051498038818195   -0.078448263081241    0.007516858517213    0.013933175157345 
  -0.045304551917246    0.022965140569717   -0.061961162299283   -0.070556677493099    0.016681554698993    0.033835958041925 
  -0.045214536156867    0.023098021535728   -0.061745032003809   -0.078547681052046    0.004885261829437    0.014649340575680 
  -0.065083936855937   -0.012569651848536   -0.044775870267748   -0.061832719081018    0.036917192772595   -0.000358323356672 
  -0.065097719029484   -0.012595353998838   -0.044765694804075   -0.062206597193196    0.036219953588854   -0.000082286842134 
  -0.065060878295566   -0.012463696932996   -0.044856009824684   -0.062369913768427    0.035636312091757    0.000318083570967 
  -0.049626292901851    0.014593070156619   -0.057857255327170   -0.063109188709450    0.034223776517132    0.001185593881895 
  -0.049594932626435    0.014755402487514   -0.057928033493989   -0.062973187515044    0.034927768768460    0.000878647750279 
  -0.049610460482165    0.014608294601800   -0.057866111919035   -0.063601538346032    0.033750333404793    0.001461012287450 
  -0.064914486232677   -0.012415267540775   -0.044898468759086   -0.061265659908691    0.037433833172583   -0.000768593898551 
   0.054713468037577    0.017365592544032    0.017716220340557    0.050440693227349   -0.029169782831036    0.001234720064865 
   0.049687009691782    0.011060394709664    0.011435179412318    0.055127127867047   -0.023358707571838    0.004464221973739 
   0.052009606332669    0.010729055091330    0.027984961315369    0.055127127867047   -0.023358707571838    0.004464221973739 
   0.049702090168112    0.011073043227061    0.011210445002171    0.054950934272052   -0.023506487237593    0.007089919118520 
   0.044827749410182    0.000853225470078    0.037869159158423    0.048159375760771   -0.032980325376317    0.005885393734726 
   0.057019300767067    0.001716045169546    0.018615460497968    0.055696541792250   -0.021731466814912   -0.008498385509777 
   0.042587661049400   -0.002770226465945    0.042208971510947    0.054974964482217   -0.021955778943135   -0.007318717603425 
   0.056584904430870    0.000902369432693    0.019942946591766    0.055095113273768   -0.022858013592964   -0.006660460260020 
   0.056454803831497   -0.004868944310602    0.018039132336768    0.055341859260690   -0.022688460913761   -0.004904370305812 
   0.056558191028732    0.000929122207412    0.019654054743375    0.055341232683258   -0.023104495755065   -0.003998804108328 
   0.056612190138999    0.004384886829167    0.019470331701094    0.055414157846087   -0.018437526308790   -0.004246919914452 
   0.052009606332669    0.010729055091330    0.027984961315369    0.055341232683258   -0.023104495755065   -0.003998804108328 
   0.047534585411954    0.010954449270539    0.001870760126573    0.055052671276230   -0.023437266456296    0.000219791047547 
   0.048534146088183    0.011142212163414    0.001592124209429    0.053869123573374   -0.023653510361916    0.000552694285568 
   0.052666173599453    0.012443393704672   -0.002337542105631    0.054796150165382   -0.022703864962504   -0.002980818321796 
   0.051916805126997    0.011016390867421   -0.002559559755242    0.029684566022773   -0.051934396728345   -0.004706802335228 
   0.053136301538804    0.012475448315901   -0.002463589063554    0.054074652306669   -0.022753058663682   -0.002787376063580 
   0.048820972421682    0.011343350048098    0.000872544539533    0.055517696325533   -0.022497443441314   -0.003583186204642 
   0.044755008252765    0.003175831980668    0.008348635084998    0.029684566022773   -0.051934396728345   -0.004706802335228 
   0.049622421212375    0.009544619200740    0.026074330525811    0.052739942746753   -0.024543143462428    0.002553591184181 
   0.049498205666062    0.011131605099329    0.014802924525643    0.055280837431965   -0.023416681537019    0.001722465625327 
   0.049498205666062    0.011131605099329    0.014802924525643    0.051451732156616   -0.030664961508744    0.003892904340823 
   0.056970384851685    0.009924429953413    0.016061801391954    0.055027004029883   -0.024424926972800   -0.000562818865230 
   0.048158939174338    0.010454909352865    0.020079937494849    0.045596831129862   -0.037834816657119    0.009843407292054 
   0.050203867399469    0.013395369841472    0.019774944107341    0.052157393890022   -0.028401196766601    0.008864923922522 
   0.048789424466141    0.007509426773271    0.013571790078855    0.045075995339608   -0.035401591382924    0.015219704164590 
   0.044755008252765    0.003175831980668    0.008348635084998    0.051451732156616   -0.030664961508744    0.003892904340823 
   0.048272479552787    0.011095261518390    0.001666145086323    0.054712270585256   -0.023502225078155    0.000314182772906 


        0.000 
Arc en ciel:           0 
bottom drag (N)				:         4396 
element drag (N)				:         6095 
surface drag (N)				:         7890 
node drag (N)				:            0 
current amplitude (m/s)			:        1.560 
filtered surface (m2) 				:        30.31 
Drag of panels (N): 
1		863.429614
2		801.695716
3		371.230501
4		756.719431
5		322.415676
6		837.485797
7		344.505536
8		125.547543
9		353.183711
10		688.441042
11		430.501058
12		125.614970
13		915.455998
14		954.226062
