      1        0.000000000       -1.350000000       -1.000000000
      2        0.673002172       -0.963280620       -1.261170637
      3        0.000000000        1.350000000       -1.000000000
      4        0.673065081        0.964234742       -1.262427025
      5        2.762442592       -0.491978749       -3.170646725
      6        2.759778993        0.493876236       -3.176131436
      7        2.773312720       -0.490455745       -3.204342857
      8        2.784685553       -0.488572342       -3.237854111
      9        2.796861366       -0.486120703       -3.271045142
     10        2.810493161       -0.482655071       -3.303572872
     11        2.827391382       -0.476964791       -3.334199222
     12        2.854111375       -0.464825856       -3.354063500
     13        2.876840701       -0.450474432       -3.330970183
     14        2.893557004       -0.442599200       -3.353240891
     15        2.912169175       -0.433903333       -3.382117562
     16        2.933144106       -0.423145793       -3.408579493
     17        2.957305763       -0.409559160       -3.430659413
     18        2.985078334       -0.392554487       -3.444638514
     19        3.014628973       -0.373020776       -3.445686222
     20        3.041394420       -0.353824075       -3.432610012
     21        3.062705286       -0.337888282       -3.445940486
     22        3.084587915       -0.320819811       -3.467979667
     23        3.108350655       -0.300934625       -3.485178622
     24        3.133615396       -0.278278865       -3.495392119
     25        3.159150531       -0.253735873       -3.496612762
     26        3.183078540       -0.228972359       -3.488238713
     27        3.203849258       -0.205598633       -3.471561229
     28        3.218985901       -0.185084188       -3.480088295
     29        3.232588870       -0.162706511       -3.503965168
     30        3.246415285       -0.135570989       -3.522086555
     31        3.259529254       -0.103864168       -3.530952553
     32        3.270251151       -0.070244084       -3.527693560
     33        3.277314868       -0.038738298       -3.513085539
     34        3.280825895       -0.011527635       -3.490654348
     35        3.280725942        0.012535977       -3.490501833
     36        3.277361708        0.039522917       -3.513223595
     37        3.270470803        0.070849680       -3.528291916
     38        3.259891759        0.104453995       -3.532129106
     39        3.246838596        0.136322766       -3.523768426
     40        3.233010943        0.163674266       -3.505975664
     41        3.219384403        0.186238244       -3.482288315
     42        3.204137205        0.206539039       -3.473368373
     43        3.183357596        0.229813627       -3.490173375
     44        3.159434283        0.254486615       -3.498823509
     45        3.133861306        0.279007148       -3.498012373
     46        3.108483953        0.301734934       -3.488247956
     47        3.084552922        0.321759586       -3.471448803
     48        3.062481781        0.338994177       -3.449729196
     49        3.041049164        0.354772817       -3.435881345
     50        3.013986468        0.373863689       -3.448492982
     51        2.984331874        0.393249913       -3.447666293
     52        2.956258343        0.410335251       -3.434404601
     53        2.931605961        0.424193557       -3.413048143
     54        2.910100729        0.435282122       -3.387154609
     55        2.890991457        0.444302586       -3.358705352
     56        2.874115742        0.452216128       -3.336464395
     57        2.851412414        0.466622323       -3.359549181
     58        2.824713273        0.478805211       -3.339683772
     59        2.807821486        0.484516815       -3.309057842
     60        2.794192959        0.487995647       -3.276530151
     61        2.782019250        0.490456690       -3.243339045
     62        2.770647940        0.492347349       -3.209827683
     63        0.755406068       -0.731092196       -1.263061539
     64        0.858824077       -0.768477128       -1.265741599
     65        0.875245262       -0.877146418       -1.270365142
     66        0.979785914       -0.887819717       -1.302882461
     67        0.891008380       -0.909535131       -1.364095134
     68        0.808273180       -0.490460641       -1.264217716
     69        0.907694885       -0.537495343       -1.266002193
     70        0.954273447       -0.637128134       -1.267960003
     71        1.056523577       -0.677505275       -1.271794141
     72        1.075133411       -0.785661428       -1.279275718
     73        1.178880266       -0.803964921       -1.310924157
     74        1.100604456       -0.843514641       -1.374958511
     75        1.201254174       -0.849478187       -1.418936924
     76        1.106141920       -0.857399369       -1.473626298
     77        0.836694993       -0.245739537       -1.264894503
     78        0.932530355       -0.299713804       -1.266487149
     79        1.001494488       -0.385397352       -1.268044857
     80        1.098566912       -0.437088730       -1.270299349
     81        1.148963657       -0.534824914       -1.273112277
     82        1.249253019       -0.579731196       -1.278169820
     83        1.271581292       -0.686997339       -1.287941554
     84        1.374360396       -0.712179199       -1.317981377
     85        1.307934743       -0.770393501       -1.383546074
     86        1.409067262       -0.780640381       -1.425584750
     87        1.317102062       -0.795798090       -1.484002696
     88        1.413680485       -0.801000023       -1.536400916
     89        1.317875972       -0.806638588       -1.590157060
     90        0.845519797        0.000466230       -1.265213775
     91        0.939686613       -0.056370878       -1.266781293
     92        1.022671870       -0.128560832       -1.268309712
     93        1.115828013       -0.187029608       -1.270196180
     94        1.188440241       -0.269635453       -1.272180667
     95        1.282228951       -0.327043411       -1.275038517
     96        1.337692893       -0.421966908       -1.278701501
     97        1.434913757       -0.473029971       -1.285087985
     98        1.462926574       -0.578786266       -1.296532198
     99        1.563049980       -0.612926994       -1.326694844
    100        1.511555405       -0.687266506       -1.389320381
    101        1.612476896       -0.702780663       -1.430237433
    102        1.526248007       -0.728189610       -1.493632797
    103        1.623519842       -0.736985947       -1.544237571
    104        1.529486177       -0.747280939       -1.600377591
    105        1.621148338       -0.752488297       -1.660965985
    106        1.525305497       -0.757328176       -1.714731717
    107        0.836697003        0.246672274       -1.265215167
    108        0.931952176        0.191678648       -1.266857189
    109        1.022673581        0.129489280       -1.268477697
    110        1.115474218        0.070454524       -1.270309683
    111        1.200314714        0.000461350       -1.272164009
    112        1.290927043       -0.061862985       -1.274485659
    113        1.366885545       -0.141388457       -1.276993570
    114        1.456641683       -0.204877235       -1.280630227
    115        1.517922732       -0.296115535       -1.285146595
    116        1.610473499       -0.355046926       -1.292994528
    117        1.646659210       -0.458172298       -1.305479143
    118        1.742652287       -0.502691105       -1.335537237
    119        1.709139759       -0.590562819       -1.392594263
    120        1.808982431       -0.612869535       -1.433015818
    121        1.732682439       -0.652522638       -1.501615752
    122        1.830076984       -0.665603271       -1.551044821
    123        1.739409447       -0.682288283       -1.611053360
    124        1.830829836       -0.690989537       -1.671606029
    125        1.737142419       -0.699537443       -1.728611543
    126        1.823565881       -0.705188602       -1.796427973
    127        1.727021196       -0.709750297       -1.848947975
    128        0.808282883        0.491394939       -1.264857220
    129        0.905855218        0.440629449       -1.266705504
    130        1.001504319        0.386327140       -1.268547326
    131        1.096564110        0.331005911       -1.270532029
    132        1.188448862        0.270558358       -1.272532191
    133        1.280429182        0.210267597       -1.274818733
    134        1.366891560        0.142302533       -1.277178029
    135        1.455573264        0.077285794       -1.280147494
    136        1.534227606        0.000450863       -1.283357580
    137        1.620149147       -0.068079408       -1.287983496
    138        1.686645673       -0.155536463       -1.293439109
    139        1.773005764       -0.223020295       -1.302823292
    140        1.819068418       -0.322063402       -1.315818234
    141        1.908760041       -0.378518755       -1.345285385
    142        1.896996702       -0.476105928       -1.394665893
    143        1.994434545       -0.507402495       -1.434995236
    144        1.934579028       -0.565275690       -1.506884219
    145        2.031216812       -0.583943353       -1.556003437
    146        1.946930323       -0.609995922       -1.621707827
    147        2.037506827       -0.622995573       -1.682756463
    148        1.947378989       -0.636609767       -1.744332867
    149        2.031897967       -0.645658391       -1.814151832
    150        1.938475703       -0.653385594       -1.871707087
    151        2.019647429       -0.659846558       -1.945662618
    152        1.921187735       -0.664290317       -1.994509164
    153        0.755434916        0.732031990       -1.264014802
    154        0.855306367        0.685972858       -1.266397392
    155        0.954303131        0.638063478       -1.268791012
    156        1.052309413        0.588166011       -1.271287344
    157        1.148993191        0.535753463       -1.273809947
    158        1.244421285        0.481097768       -1.276503235
    159        1.337720466        0.422885214       -1.279251777
    160        1.429656186        0.362559809       -1.282333571
    161        1.517945579        0.297019327       -1.285532353
    162        1.605574935        0.230638806       -1.289452711
    163        1.686660222        0.156421177       -1.293641373
    164        1.769671768        0.084480610       -1.299481918
    165        1.840332811        0.000429710       -1.306033118
    166        1.920459215       -0.074157324       -1.316842502
    167        1.975529505       -0.168457789       -1.330070392
    168        2.055829827       -0.238147514       -1.358272539
    169        2.069446228       -0.339642383       -1.398441206
    170        2.162103558       -0.383058911       -1.438810877
    171        2.128075658       -0.460630938       -1.508987242
    172        2.222525379       -0.487250238       -1.558693537
    173        2.150683302       -0.527594084       -1.631570892
    174        2.239349934       -0.546188215       -1.693960990
    175        2.155373611       -0.567068581       -1.761872814
    176        2.237040022       -0.580322773       -1.834363872
    177        2.148193199       -0.592319334       -1.898100543
    178        2.225262630       -0.601684910       -1.976027490
    179        2.130742009       -0.608612610       -2.031865693
    180        2.206962083       -0.616905061       -2.110743716
    181        2.105528843       -0.621552961       -2.153049096
    182        0.774440867        0.921755357       -1.266938842
    183        0.875307942        0.878088702       -1.271513827
    184        0.975593077        0.833082291       -1.275875680
    185        1.075200691        0.786602835       -1.280310116
    186        1.173904862        0.738217503       -1.284536093
    187        1.271648192        0.687927095       -1.288848859
    188        1.368052264        0.635104804       -1.293016722
    189        1.462993583        0.579705170       -1.297295683
    190        1.556057801        0.521211043       -1.301607975
    191        1.646722601        0.459074206       -1.306078929
    192        1.735036300        0.393674158       -1.311021530
    193        1.819118302        0.322935543       -1.316231873
    194        1.901278917        0.250100958       -1.322974256
    195        1.975554560        0.169289653       -1.330278096
    196        2.051881014        0.090914150       -1.341769409
    197        2.113018843        0.000397658       -1.354785248
    198        2.184098574       -0.079765731       -1.379721006
    199        2.219414427       -0.179370139       -1.410250131
    200        2.303199934       -0.238589783       -1.449913158
    201        2.305376287       -0.330486620       -1.510331187
    202        2.394880024       -0.369101223       -1.561302453
    203        2.347661251       -0.429974648       -1.639819020
    204        2.432369944       -0.456514763       -1.704781404
    205        2.359952378       -0.488462756       -1.781168949
    206        2.437164417       -0.507173418       -1.857249515
    207        2.355457059       -0.525139569       -1.928671987
    208        2.426899353       -0.538184708       -2.011290708
    209        2.337921353       -0.548513117       -2.075136542
    210        2.406891613       -0.558567330       -2.160236671
    211        2.309867593       -0.564839084       -2.211686252
    212        2.381181291       -0.577220394       -2.291702291
    213        2.276948606       -0.582876611       -2.326395387
    214        0.890904292        0.910704473       -1.365819350
    215        0.995815295        0.878030635       -1.371116862
    216        1.100500243        0.844648747       -1.376468487
    217        1.204325090        0.808524995       -1.380627920
    218        1.307824244        0.771483406       -1.384827762
    219        1.409888394        0.730533412       -1.387600245
    220        1.511437219        0.688323006       -1.390387014
    221        1.610672409        0.640872761       -1.391926600
    222        1.709013296        0.591595498       -1.393446692
    223        1.803776729        0.535735503       -1.394391177
    224        1.896858673        0.477115949       -1.395292611
    225        1.984750823        0.410987252       -1.397054321
    226        2.069285748        0.340617979       -1.398822844
    227        2.147667621        0.263639550       -1.404436895
    228        2.219228083        0.180304923       -1.410381403
    229        2.286810964        0.094970319       -1.426231295
    230        2.340464550        0.000520996       -1.443588305
    231        2.410859186       -0.076355017       -1.478731309
    232        2.453683954       -0.168641442       -1.520559510
    233        2.530198330       -0.226831814       -1.574034574
    234        2.530699587       -0.308271180       -1.647977160
    235        2.607086584       -0.347224478       -1.716881092
    236        2.558604680       -0.396368759       -1.802522249
    237        2.628439349       -0.422692176       -1.883332258
    238        2.558958283       -0.449490001       -1.964290994
    239        2.622343807       -0.467393577       -2.052391981
    240        2.541652461       -0.482534552       -2.125602088
    241        2.601226072       -0.495222644       -2.217199182
    242        2.510401788       -0.503922573       -2.278642846
    243        2.573233706       -0.520019524       -2.367485671
    244        2.472543587       -0.528191018       -2.411014837
    245        2.536560807       -0.542122697       -2.480861434
    246        2.432312892       -0.549348757       -2.515215649
    247        1.105849949        0.858799588       -1.475831041
    248        1.211439311        0.828339949       -1.480819300
    249        1.316827304        0.797198530       -1.485852710
    250        1.421550297        0.763831079       -1.490473982
    251        1.525986643        0.729584222       -1.495144941
    252        1.629425564        0.692336497       -1.498953704
    253        1.732429368        0.653906487       -1.502804546
    254        1.833744008        0.611120980       -1.505276709
    255        1.934326605        0.566642737       -1.507759408
    256        2.031779877        0.515620953       -1.508681342
    257        2.127810821        0.461969447       -1.509551918
    258        2.218048790        0.399058140       -1.510109666
    259        2.305077695        0.331777011       -1.510589465
    260        2.383107974        0.254391168       -1.515440660
    261        2.453384703        0.169919365       -1.520589059
    262        2.525823321        0.090416800       -1.543666545
    263        2.584088577        0.000754337       -1.569480690
    264        2.651880881       -0.071725509       -1.616927746
    265        2.689471247       -0.158386364       -1.673294366
    266        2.752239316       -0.214519186       -1.744071890
    267        2.745156223       -0.283051453       -1.829823422
    268        2.802404463       -0.320797810       -1.915834833
    269        2.755884709       -0.361177475       -2.006969348
    270        2.807181435       -0.385896967       -2.101084556
    271        2.739970064       -0.408257451       -2.185243507
    272        2.786902870       -0.424925483       -2.283322782
    273        2.705332921       -0.437467209       -2.356049182
    274        2.756276029       -0.457556725       -2.451449590
    275        2.661819517       -0.469432376       -2.506558634
    276        2.718110887       -0.492572574       -2.598187304
    277        2.613341717       -0.501148521       -2.630590128
    278        2.672842352       -0.513562015       -2.686109605
    279        2.568257550       -0.521437017       -2.719276674
    280        1.317368956        0.808285351       -1.592861357
    281        1.423282902        0.778955166       -1.597736770
    282        1.529018048        0.748993742       -1.602651184
    283        1.634127464        0.716936440       -1.607749246
    284        1.738981629        0.684063418       -1.612905370
    285        1.842954131        0.648490616       -1.617984901
    286        1.946542956        0.611826770       -1.623141684
    287        2.048750374        0.571414440       -1.627815934
    288        2.150332004        0.529464498       -1.632580893
    289        2.249414103        0.481829930       -1.636439918
    290        2.347328024        0.431845598       -1.640390587
    291        2.440160003        0.372948360       -1.644181065
    292        2.530336131        0.310068924       -1.648111210
    293        2.613016719        0.238520527       -1.660175870
    294        2.689170691        0.160219990       -1.673229136
    295        2.761763482        0.085421296       -1.708386290
    296        2.820317512        0.001062292       -1.747826791
    297        2.879013267       -0.066900257       -1.811358627
    298        2.907275886       -0.144714267       -1.883791968
    299        2.950563501       -0.196860534       -1.970436105
    300        2.938989006       -0.253461224       -2.064045100
    301        2.972554442       -0.288075976       -2.162915461
    302        2.928617267       -0.321581151       -2.258031694
    303        2.958054488       -0.344304627       -2.361555621
    304        2.891397430       -0.363221010       -2.446990576
    305        2.926131522       -0.388539671       -2.548245540
    306        2.841527134       -0.405823732       -2.616388405
    307        2.882898693       -0.435253750       -2.713970621
    308        2.783837993       -0.449408903       -2.759650884
    309        2.823392112       -0.473074920       -2.848471708
    310        2.717183313       -0.480807027       -2.876039493
    311        2.787710157       -0.493538129       -2.915726159
    312        2.680343296       -0.501719938       -2.938208489
    313        1.524548109        0.759234974       -1.717957062
    314        1.630581930        0.730694955       -1.724607283
    315        1.736458238        0.701592712       -1.731327581
    316        1.841728674        0.670562258       -1.738879121
    317        1.946776146        0.638811855       -1.746539835
    318        2.050984297        0.604588117       -1.754967346
    319        2.154860823        0.569410423       -1.763557497
    320        2.257464556        0.530831351       -1.772809261
    321        2.359536134        0.490921988       -1.782299788
    322        2.459392499        0.445909963       -1.792493723
    323        2.558279459        0.398886990       -1.803051734
    324        2.652668528        0.343909570       -1.816062383
    325        2.744887032        0.285523813       -1.829770575
    326        2.828861121        0.219324001       -1.855592935
    327        2.907116990        0.147251930       -1.883565641
    328        2.974792811        0.078111509       -1.935912905
    329        3.028380246        0.001430804       -1.993784267
    330        3.073206765       -0.059885185       -2.073354593
    331        3.090915578       -0.126264808       -2.159265255
    332        3.113048815       -0.171770285       -2.256936951
    333        3.096306944       -0.217792958       -2.355435736
    334        3.105245466       -0.248989923       -2.460540995
    335        3.061511599       -0.277816080       -2.557270873
    336        3.074464327       -0.309956272       -2.661670917
    337        3.006277417       -0.335530775       -2.744112662
    338        3.027213135       -0.371804733       -2.845827736
    339        2.938019745       -0.393723682       -2.906360360
    340        2.954453634       -0.426485751       -3.010074378
    341        2.850920976       -0.438018422       -3.045402490
    342        2.893029465       -0.460750756       -3.096099305
    343        2.788786996       -0.475751878       -3.127856753
    344        2.871825837       -0.486886150       -3.160186888
    345        1.725968985        0.711924536       -1.852712278
    346        1.831842422        0.684133596       -1.863692374
    347        1.937563552        0.655826949       -1.874820099
    348        2.042610043        0.625754333       -1.887579438
    349        2.147439447        0.595025187       -1.900556747
    350        2.251325660        0.561996198       -1.915338684
    351        2.354885652        0.528100239       -1.930442468
    352        2.457007537        0.490992384       -1.947638896
    353        2.558598219        0.452675362       -1.965322142
    354        2.657673686        0.409509402       -1.985868309
    355        2.755760824        0.364508545       -2.007203731
    356        2.848567068        0.312207328       -2.034640048
    357        2.939081084        0.256804044       -2.063602633
    358        3.018294462        0.195744671       -2.109405804
    359        3.091124656        0.129734773       -2.158795835
    360        3.147123654        0.068250177       -2.230799484
    361        3.188349295        0.001947830       -2.308292745
    362        3.215237403       -0.050035448       -2.401434745
    363        3.219350386       -0.103679868       -2.497382757
    364        3.222418792       -0.142818836       -2.600141087
    365        3.197711542       -0.181039029       -2.700287565
    366        3.191896298       -0.220663026       -2.802739769
    367        3.144998000       -0.256660313       -2.895503351
    368        3.139941334       -0.299854476       -2.996542220
    369        3.068031052       -0.332775369       -3.072996796
    370        3.056975745       -0.372475602       -3.174985781
    371        2.963622105       -0.393858696       -3.229096593
    372        2.986618406       -0.439036856       -3.310137969
    373        2.878399416       -0.449230980       -3.327014437
    374        1.919793106        0.666721305       -1.998811500
    375        2.024808855        0.639387328       -2.016888378
    376        2.129638342        0.611536759       -2.035254613
    377        2.233527246        0.582056546       -2.056232774
    378        2.337143266        0.551919383       -2.077622259
    379        2.439406596        0.519591248       -2.102096838
    380        2.541245890        0.486394057       -2.127168244
    381        2.640977180        0.450055501       -2.156062797
    382        2.739990608        0.412500787       -2.185856595
    383        2.835242492        0.370196633       -2.221055215
    384        2.929101065        0.326052732       -2.257707128
    385        3.014765434        0.275642172       -2.304841698
    386        3.097098316        0.222306390       -2.354619661
    387        3.162675425        0.167130304       -2.423585833
    388        3.219992299        0.108421791       -2.496860418
    389        3.256033083        0.056547925       -2.586922365
    390        3.277819824        0.002681494       -2.680328640
    391        3.285313622       -0.040841707       -2.781078285
    392        3.275707801       -0.084343894       -2.881657627
    393        3.266418814       -0.129862940       -2.981369443
    394        3.236333375       -0.173861266       -3.077596932
    395        3.210888863       -0.222015898       -3.173170143
    396        3.161203650       -0.266257067       -3.260775131
    397        3.115163371       -0.310753953       -3.350222099
    398        3.047233122       -0.349384775       -3.427640393
    399        2.103772486        0.624171281       -2.157824213
    400        2.206330148        0.596358791       -2.186299565
    401        2.308582696        0.567979768       -2.215307668
    402        2.409332669        0.538130818       -2.247877382
    403        2.509632763        0.507573244       -2.281169998
    404        2.607736450        0.475028709       -2.318835094
    405        2.705138148        0.441568444       -2.357505890
    406        2.799074856        0.405225367       -2.401744263
    407        2.891826809        0.367647292       -2.447426810
    408        2.978287281        0.325856814       -2.501091519
    409        3.062498442        0.282335179       -2.556913410
    410        3.132982476        0.235040992       -2.626890854
    411        3.198630167        0.185578691       -2.700003290
    412        3.241406180        0.138167090       -2.789579440
    413        3.275735767        0.089244864       -2.881935400
    414        3.289169926        0.045855891       -2.982127862
    415        3.292893452        0.002139293       -3.083007009
    416        3.287261348       -0.046274411       -3.181627621
    417        3.272088662       -0.094315434       -3.279420676
    418        3.245413415       -0.146413133       -3.372565721
    419        3.210686982       -0.197394998       -3.463651751
    420        2.274818190        0.585553245       -2.331555697
    421        2.373208654        0.558697735       -2.372794034
    422        2.471025417        0.531204193       -2.414965816
    423        2.566415480        0.502370805       -2.461567661
    424        2.660956496        0.472751597       -2.509390583
    425        2.751819000        0.441535043       -2.562979256
    426        2.841354404        0.409339031       -2.618197160
    427        2.925150295        0.374807100       -2.680549767
    428        3.006750048        0.339038255       -2.745079621
    429        3.078164315        0.300221388       -2.819208841
    430        3.145686232        0.259908405       -2.896134305
    431        3.194176446        0.219152578       -2.986075720
    432        3.236009420        0.177135029       -3.078738102
    433        3.258056973        0.137256831       -3.178865343
    434        3.271822791        0.096851523       -3.280254400
    435        3.280948638        0.048733068       -3.378759077
    436        3.281513334        0.000424741       -3.477591378
    437        2.429836931        0.551915975       -2.520643574
    438        2.521218808        0.528122086       -2.577085602
    439        2.611477200        0.503673191       -2.635035131
    440        2.697858319        0.478148560       -2.698195014
    441        2.782599781        0.451846813       -2.763229276
    442        2.861238157        0.424360284       -2.835081515
    443        2.937363392        0.395967889       -2.909250575
    444        3.004535774        0.365789534       -2.990977249
    445        3.067809910        0.334599014       -3.075390713
    446        3.117181000        0.301616117       -3.168000721
    447        3.160644095        0.267692170       -3.263195823
    448        3.189616114        0.233283170       -3.363588008
    449        3.211120185        0.198285292       -3.465640291
    450        2.565599486        0.523735624       -2.724792192
    451        2.641249251        0.503503164       -2.802063359
    452        2.714870228        0.482786982       -2.881144626
    453        2.783323977        0.461476343       -2.964588766
    454        2.849154436        0.439656356       -3.049989047
    455        2.907576083        0.417645730       -3.140572445
    456        2.962588344        0.395141699       -3.233147376
    457        3.007024781        0.372920109       -3.331302640
    458        3.047107007        0.350289894       -3.431223277
    459        2.677689903        0.503654162       -2.943691136
    460        2.733144552        0.490721428       -3.037824449
    461        2.785665818        0.477559517       -3.133594097
    462        2.832405615        0.464354877       -3.232308522
    463        2.875730974        0.450942905       -3.332540921
    464        0.858846223        0.769431814       -1.266745230
    465        0.979656025        0.888964836       -1.304577862
    466        0.907695230        0.538447048       -1.266703174
    467        1.056541305        0.678465481       -1.272681669
    468        1.178934717        0.804903603       -1.312002157
    469        1.200885902        0.850768452       -1.421025178
    470        0.932524569        0.300658263       -1.266878075
    471        1.098565231        0.438037133       -1.270869588
    472        1.249267925        0.580685179       -1.278931240
    473        1.374272235        0.713348362       -1.319215390
    474        1.408728467        0.781926719       -1.427363746
    475        1.413047349        0.802544105       -1.538891876
    476        0.939682488        0.057308084       -1.266855282
    477        1.115821760        0.187968238       -1.270440299
    478        1.282223154        0.327986064       -1.275465425
    479        1.434919661        0.473980415       -1.285710648
    480        1.562969953        0.614062852       -1.327698742
    481        1.612156397        0.704063752       -1.431713974
    482        1.622933322        0.738572178       -1.546336606
    483        1.620227798        0.754318472       -1.663908434
    484        0.931948365       -0.190744975       -1.266608171
    485        1.115469097       -0.069523146       -1.270218575
    486        1.290919984        0.062792873       -1.274566838
    487        1.456631829        0.205808915       -1.280898000
    488        1.610464006        0.355990496       -1.293462390
    489        1.742568692        0.503786730       -1.336317995
    490        1.808667172        0.614149780       -1.434195436
    491        1.829525878        0.667224853       -1.552753739
    492        1.829979599        0.692933416       -1.674066777
    493        1.822321933        0.707321170       -1.799844946
    494        0.905844564       -0.439695770       -1.266132211
    495        1.096553084       -0.330076697       -1.270101704
    496        1.280418053       -0.209343892       -1.274545798
    497        1.455561499       -0.076367797       -1.280047788
    498        1.620134427        0.068993473       -1.288073249
    499        1.772980421        0.223943371       -1.303116225
    500        1.908651190        0.379568693       -1.345840241
    501        1.994103913        0.508677404       -1.435879581
    502        2.030682809        0.585590262       -1.557322637
    503        2.036721216        0.625045643       -1.684730424
    504        2.030785066        0.648005030       -1.816952974
    505        2.018038117        0.662287781       -1.949533659
    506        0.855276672       -0.685034353       -1.265504059
    507        1.052279023       -0.587232564       -1.270521383
    508        1.244391198       -0.480171807       -1.275876981
    509        1.429627761       -0.361644280       -1.281862247
    510        1.605549117       -0.229736271       -1.289153863
    511        1.769647217       -0.083592057       -1.299373864
    512        1.920424915        0.075039603       -1.316938564
    513        2.055669009        0.239147391       -1.358592982
    514        2.161717009        0.384323244       -1.439398672
    515        2.221975348        0.488908733       -1.559625561
    516        2.238614376        0.548327577       -1.695433457
    517        2.236059287        0.582872498       -1.836534288
    518        2.223928032        0.604519853       -1.979038390
    519        2.204986767        0.619631439       -2.114986025
    520        0.774377546       -0.920805886       -1.265735628
    521        0.975527494       -0.832138991       -1.274783289
    522        1.173836592       -0.737279533       -1.283564121
    523        1.367983373       -0.634176980       -1.292179765
    524        1.555988823       -0.520294902       -1.300924115
    525        1.734971313       -0.392776929       -1.310511666
    526        1.901221919       -0.249229995       -1.322659523
    527        2.051820206       -0.090062343       -1.341662765
    528        2.183883355        0.080724060       -1.379808874
    529        2.302696716        0.239855489       -1.450216712
    530        2.394249774        0.370759522       -1.561861107
    531        2.431643605        0.458707525       -1.705731016
    532        2.436310050        0.509902683       -1.858755919
    533        2.425850257        0.541390922       -2.013432909
    534        2.405346215        0.561804060       -2.163358293
    535        2.379034367        0.580104854       -2.296779832
    536        0.995919319       -0.876878427       -1.369498642
    537        1.204432156       -0.807412229       -1.379230685
    538        1.410002277       -0.729459229       -1.386424471
    539        1.610793961       -0.639826812       -1.390965040
    540        1.803907389       -0.534711900       -1.393648858
    541        1.984896050       -0.409990053       -1.396546351
    542        2.147830451       -0.262675227       -1.404175918
    543        2.286882247       -0.093956969       -1.426166998
    544        2.410612699        0.077597346       -1.478785379
    545        2.529424005        0.228527478       -1.574285123
    546        2.606251732        0.349414800       -1.717312432
    547        2.627675819        0.425548916       -1.884127924
    548        2.621583801        0.470929803       -2.053637709
    549        2.600126809        0.498945160       -2.219230932
    550        2.571452821        0.523222147       -2.370799247
    551        2.534057236        0.544918376       -2.486158526
    552        1.211722888       -0.826939849       -1.478789914
    553        1.421818503       -0.762433570       -1.488790683
    554        1.629682775       -0.690946951       -1.497600707
    555        1.833996370       -0.609744600       -1.504241681
    556        2.032037027       -0.514265879       -1.507957483
    557        2.218325491       -0.397738123       -1.509692979
    558        2.383393288       -0.253094338       -1.515292272
    559        2.525949342       -0.088988671       -1.543662222
    560        2.651574894        0.073493000       -1.616967913
    561        2.751398810        0.216761424       -1.744158067
    562        2.801626883        0.323692810       -1.915932228
    563        2.806678256        0.389678353       -2.101405521
    564        2.786256620        0.429064068       -2.284269862
    565        2.755026619        0.461128151       -2.453571422
    566        2.716033514        0.495247011       -2.601913443
    567        2.670097079        0.515978106       -2.691323912
    568        1.423771055       -0.777276485       -1.595245412
    569        1.634576116       -0.715193551       -1.605683680
    570        1.843362466       -0.646688526       -1.616338719
    571        2.049120306       -0.569564075       -1.626590016
    572        2.249755877       -0.479957502       -1.635643919
    573        2.440502755       -0.371106419       -1.643821360
    574        2.613335291       -0.236687471       -1.660139649
    575        2.761874513       -0.083400420       -1.708443534
    576        2.878721174        0.069302668       -1.811330047
    577        2.950013952        0.199814862       -1.970152313
    578        2.972220716        0.291956516       -2.162426923
    579        2.957786002        0.348711466       -2.361456195
    580        2.925355603        0.392363410       -2.549235431
    581        2.881266807        0.437944982       -2.716628468
    582        2.821272276        0.475434597       -2.854225768
    583        2.785002517        0.495460529       -2.920955542
    584        1.631303705       -0.728715760       -1.721633837
    585        1.842373434       -0.668435522       -1.736414403
    586        2.051543665       -0.602318036       -1.753017652
    587        2.257930852       -0.528432096       -1.771396652
    588        2.459764475       -0.443420138       -1.791657246
    589        2.652962418       -0.341405471       -1.815816986
    590        2.829058411       -0.216796344       -1.855737655
    591        2.974799687       -0.075371319       -1.936067685
    592        3.073079312        0.063074401       -2.073173013
    593        3.113139838        0.175743100       -2.256258460
    594        3.105330773        0.253458578       -2.459795900
    595        3.073911931        0.313808637       -2.661695541
    596        3.025793970        0.374359266       -2.847499442
    597        2.952243726        0.428038121       -3.013414397
    598        2.889998673        0.462789096       -3.102025865
    599        2.869183526        0.488796880       -3.165890078
    600        1.832826290       -0.681828406       -1.860250108
    601        2.043445146       -0.623183435       -1.884790644
    602        2.251991026       -0.559165531       -1.913220344
    603        2.457476820       -0.487921127       -1.946231988
    604        2.657919357       -0.406249610       -1.985228459
    605        2.848580806       -0.308857645       -2.034740702
    606        3.018108226       -0.192307522       -2.109885292
    607        3.146885266       -0.064538481       -2.231084726
    608        3.215310271        0.054349337       -2.401179051
    609        3.222716194        0.147435807       -2.599676060
    610        3.191586691        0.224430431       -2.802674051
    611        3.138306516        0.302016351       -2.997488299
    612        3.054960792        0.373570173       -3.177450675
    613        2.984199008        0.441489006       -3.316875818
    614        2.026061247       -0.636713275       -2.013037467
    615        2.234472114       -0.578894569       -2.053289816
    616        2.440003826       -0.515960658       -2.100065022
    617        2.641175756       -0.446003635       -2.154967792
    618        2.834993310       -0.365830564       -2.220909631
    619        3.014105681       -0.271120711       -2.305431888
    620        3.161845720       -0.162461405       -2.424313944
    621        3.255459798       -0.051477599       -2.587227391
    622        3.284855733        0.045972616       -2.781211474
    623        3.265317990        0.133873504       -2.981938115
    624        3.208794920        0.224069771       -3.174430932
    625        3.113003917        0.311391475       -3.352197615
    626        2.207856506       -0.593483138       -2.182094041
    627        2.410366386       -0.534738394       -2.244796160
    628        2.608226086       -0.471154328       -2.316837253
    629        2.798964736       -0.400959027       -2.400795364
    630        2.977576769       -0.321371898       -2.501060546
    631        3.131980922       -0.230491090       -2.627242529
    632        3.240832378       -0.133442355       -2.789600014
    633        3.289038228       -0.041261245       -2.981996225
    634        3.286969273        0.049674658       -3.182037215
    635        3.245365813        0.148092207       -3.373935898
    636        2.375041402       -0.555855257       -2.368230429
    637        2.567615363       -0.499205812       -2.458169859
    638        2.752345619       -0.438116103       -2.560656256
    639        2.925002959       -0.371288450       -2.679167226
    640        3.077560218       -0.296829421       -2.818428775
    641        3.193925495       -0.215888487       -2.985200510
    642        3.258297425       -0.134345631       -3.177886261
    643        3.281019306       -0.047035101       -3.378348323
    644        2.523398101       -0.525575233       -2.572143829
    645        2.699418192       -0.475664841       -2.694181110
    646        2.862189633       -0.422014147       -2.831850695
    647        3.004966402       -0.363746587       -2.988346033
    648        3.117535116       -0.299980674       -3.165602763
    649        3.189666114       -0.232110949       -3.361402622
    650        2.643752273       -0.501364610       -2.796740757
    651        2.785388045       -0.459667780       -2.959730577
    652        2.909007164       -0.416184994       -3.136243962
    653        3.007640686       -0.371824751       -3.327482013
    654        2.736108919       -0.488856794       -3.032166446
    655        2.835404245       -0.462600251       -3.226635214
    656        0.134715984       -1.272801704       -1.052151961
    657        0.269374363       -1.195530729       -1.104344929
    658        0.403974968       -1.118186965       -1.156578979
    659        0.538517628       -1.040770299       -1.208854190
    660        0.134728215        1.272991835       -1.052402956
    661        0.269399000        1.195911337       -1.104847059
    662        0.404012186        1.118758396       -1.157332388
    663        0.538567603        1.041532901       -1.209859017
    0.0000034 
    0.0000028 
    0.0000022 
    0.0000016 
    0.0000010 
    0.0000005 
    0.0000005 
    0.0000008 
    0.0000030 
    0.0000025 
    0.0000021 
    0.0000017 
    0.0000016 
    0.0000017 
    0.0000018 
    0.0000031 
    0.0000027 
    0.0000025 
    0.0000024 
    0.0000024 
    0.0000026 
    0.0000029 
    0.0000025 
    0.0000021 
    0.0000019 
    0.0000018 
    0.0000020 
    0.0000023 
    0.0000027 
    0.0000024 
    0.0000020 
    0.0000018 
    0.0000019 
    0.0000021 
    0.0000025 
    0.0000029 
    0.0000027 
    0.0000025 
    0.0000024 
    0.0000025 
    0.0000027 
    0.0000031 
    0.0000035 
    0.0000017 
    0.0000016 
    0.0000018 
    0.0000021 
    0.0000026 
    0.0000031 
    0.0000036 
    0.0000005 
    0.0000006 
    0.0000010 
    0.0000016 
    0.0000022 
    0.0000028 
    0.0000034 
    0.0000042 
    0.0000019 
    0.0000018 
    0.0000001 
    0.0000051 
    0.0000037 
    0.0000043 
    0.0000022 
    0.0000021 
   -0.0128226 
    0.0000013 
    0.0000006 
    0.0000072 
    0.0000061 
    0.0000057 
    0.0000044 
    0.0000045 
    0.0000026 
    0.0000025 
    0.0000001 
    0.0000015 
    0.0000004 
    0.0000011 
    0.0000009 
    0.0000125 
    0.0000115 
    0.0000092 
    0.0000082 
    0.0000067 
    0.0000056 
    0.0000050 
    0.0000034 
    0.0000029 
    0.0000005 
    0.0000017 
    0.0000003 
    0.0000012 
    0.0000008 
    0.0000009 
    0.0000012 
    0.0000224 
    0.0000214 
    0.0000172 
    0.0000162 
    0.0000127 
    0.0000118 
    0.0000089 
    0.0000079 
    0.0000059 
    0.0000047 
    0.0000035 
    0.0000013 
    0.0000021 
    0.0000003 
    0.0000014 
    0.0000007 
    0.0000010 
    0.0000011 
    0.0000008 
    0.0000015 
    0.0000377 
    0.0000365 
    0.0000306 
    0.0000295 
    0.0000241 
    0.0000231 
    0.0000181 
    0.0000172 
    0.0000127 
    0.0000119 
    0.0000081 
    0.0000072 
    0.0000044 
    0.0000028 
    0.0000027 
    0.0000006 
    0.0000017 
    0.0000006 
    0.0000012 
    0.0000011 
    0.0000010 
    0.0000015 
    0.0000006 
    0.0000018 
    0.0000590 
    0.0000577 
    0.0000504 
    0.0000492 
    0.0000422 
    0.0000410 
    0.0000342 
    0.0000332 
    0.0000267 
    0.0000258 
    0.0000196 
    0.0000188 
    0.0000128 
    0.0000121 
    0.0000066 
    0.0000057 
    0.0000036 
    0.0000016 
    0.0000022 
    0.0000008 
    0.0000016 
    0.0000012 
    0.0000012 
    0.0000016 
    0.0000008 
    0.0000019 
    0.0000003 
    0.0000021 
    0.0000787 
    0.0000774 
    0.0000707 
    0.0000695 
    0.0000625 
    0.0000613 
    0.0000542 
    0.0000530 
    0.0000458 
    0.0000447 
    0.0000374 
    0.0000365 
    0.0000291 
    0.0000283 
    0.0000206 
    0.0000199 
    0.0000120 
    0.0000114 
    0.0000055 
    0.0000043 
    0.0000032 
    0.0000016 
    0.0000021 
    0.0000015 
    0.0000017 
    0.0000018 
    0.0000012 
    0.0000021 
    0.0000007 
    0.0000023 
   -0.0191290 
    0.0000023 
    0.0000811 
    0.0000797 
    0.0000754 
    0.0000741 
    0.0000694 
    0.0000681 
    0.0000628 
    0.0000615 
    0.0000553 
    0.0000543 
    0.0000470 
    0.0000461 
    0.0000378 
    0.0000371 
    0.0000273 
    0.0000268 
    0.0000148 
    0.0000142 
    0.0000063 
    0.0000053 
    0.0000035 
    0.0000026 
    0.0000025 
    0.0000024 
    0.0000019 
    0.0000026 
    0.0000013 
    0.0000026 
    0.0000004 
    0.0000026 
   -0.1294135 
    0.0000023 
    0.0000738 
    0.0000724 
    0.0000681 
    0.0000668 
    0.0000624 
    0.0000611 
    0.0000565 
    0.0000552 
    0.0000501 
    0.0000489 
    0.0000428 
    0.0000418 
    0.0000342 
    0.0000335 
    0.0000240 
    0.0000235 
    0.0000144 
    0.0000139 
    0.0000075 
    0.0000069 
    0.0000046 
    0.0000043 
    0.0000033 
    0.0000037 
    0.0000023 
    0.0000033 
    0.0000011 
    0.0000029 
    0.0000000 
    0.0000029 
   -0.2516225 
    0.0000021 
    0.0000741 
    0.0000727 
    0.0000682 
    0.0000668 
    0.0000623 
    0.0000609 
    0.0000563 
    0.0000550 
    0.0000499 
    0.0000486 
    0.0000425 
    0.0000415 
    0.0000334 
    0.0000326 
    0.0000241 
    0.0000235 
    0.0000163 
    0.0000159 
    0.0000106 
    0.0000104 
    0.0000069 
    0.0000070 
    0.0000045 
    0.0000051 
    0.0000025 
    0.0000038 
    0.0000009 
    0.0000032 
   -0.0902844 
    0.0000032 
   -0.2552582 
    0.0000017 
    0.0000797 
    0.0000783 
    0.0000735 
    0.0000722 
    0.0000672 
    0.0000659 
    0.0000606 
    0.0000593 
    0.0000534 
    0.0000522 
    0.0000450 
    0.0000440 
    0.0000354 
    0.0000346 
    0.0000269 
    0.0000264 
    0.0000208 
    0.0000206 
    0.0000161 
    0.0000160 
    0.0000109 
    0.0000111 
    0.0000056 
    0.0000063 
    0.0000025 
    0.0000041 
    0.0000010 
    0.0000037 
   -0.3662358 
    0.0000025 
   -0.1836050 
    0.0000015 
    0.0000861 
    0.0000847 
    0.0000797 
    0.0000783 
    0.0000729 
    0.0000716 
    0.0000657 
    0.0000644 
    0.0000576 
    0.0000564 
    0.0000483 
    0.0000472 
    0.0000387 
    0.0000380 
    0.0000318 
    0.0000314 
    0.0000274 
    0.0000273 
    0.0000227 
    0.0000227 
    0.0000137 
    0.0000139 
    0.0000066 
    0.0000073 
    0.0000034 
    0.0000049 
   -0.1309927 
    0.0000035 
    0.0000920 
    0.0000907 
    0.0000856 
    0.0000842 
    0.0000786 
    0.0000773 
    0.0000709 
    0.0000697 
    0.0000622 
    0.0000611 
    0.0000527 
    0.0000519 
    0.0000451 
    0.0000446 
    0.0000409 
    0.0000408 
    0.0000379 
    0.0000379 
    0.0000296 
    0.0000296 
    0.0000219 
    0.0000221 
    0.0000182 
    0.0000187 
    0.0001014 
    0.0001001 
    0.0000952 
    0.0000939 
    0.0000884 
    0.0000872 
    0.0000809 
    0.0000798 
    0.0000727 
    0.0000717 
    0.0000654 
    0.0000647 
    0.0000634 
    0.0000631 
    0.0000665 
    0.0000664 
    0.0000675 
    0.0000674 
    0.0000718 
    0.0000719 
    0.0001034 
    0.0001022 
    0.0000975 
    0.0000964 
    0.0000915 
    0.0000904 
    0.0000848 
    0.0000840 
    0.0000780 
    0.0000774 
    0.0000742 
    0.0000739 
    0.0000756 
    0.0000755 
    0.0000760 
    0.0000759 
    0.0001033 
    0.0001022 
    0.0000982 
    0.0000972 
    0.0000929 
    0.0000921 
    0.0000872 
    0.0000867 
    0.0000822 
    0.0000819 
    0.0000805 
    0.0000804 
    0.0001270 
    0.0001262 
    0.0001233 
    0.0001227 
    0.0001202 
    0.0001198 
    0.0001178 
    0.0001176 
    0.0001469 
    0.0001465 
    0.0001450 
    0.0001447 
    0.0000042 
    0.0000019 
    0.0000018 
    0.0000001 
    0.0000051 
    0.0000037 
    0.0000043 
    0.0000022 
    0.0000021 
   -0.0088178 
    0.0000012 
    0.0000006 
    0.0000072 
    0.0000062 
    0.0000057 
    0.0000044 
    0.0000045 
    0.0000027 
    0.0000025 
    0.0000001 
    0.0000014 
    0.0000005 
    0.0000011 
    0.0000009 
    0.0000125 
    0.0000115 
    0.0000092 
    0.0000083 
    0.0000067 
    0.0000057 
    0.0000050 
    0.0000034 
    0.0000029 
    0.0000005 
    0.0000017 
    0.0000004 
    0.0000012 
    0.0000008 
    0.0000009 
    0.0000012 
    0.0000225 
    0.0000214 
    0.0000173 
    0.0000162 
    0.0000127 
    0.0000118 
    0.0000089 
    0.0000080 
    0.0000059 
    0.0000047 
    0.0000035 
    0.0000013 
    0.0000021 
    0.0000004 
    0.0000014 
    0.0000007 
    0.0000010 
    0.0000012 
    0.0000008 
    0.0000015 
    0.0000377 
    0.0000365 
    0.0000307 
    0.0000296 
    0.0000241 
    0.0000231 
    0.0000182 
    0.0000173 
    0.0000128 
    0.0000119 
    0.0000081 
    0.0000072 
    0.0000044 
    0.0000028 
    0.0000027 
    0.0000007 
    0.0000017 
    0.0000007 
    0.0000012 
    0.0000011 
    0.0000010 
    0.0000015 
    0.0000006 
    0.0000018 
    0.0000590 
    0.0000578 
    0.0000505 
    0.0000493 
    0.0000422 
    0.0000411 
    0.0000343 
    0.0000333 
    0.0000268 
    0.0000259 
    0.0000196 
    0.0000189 
    0.0000128 
    0.0000121 
    0.0000067 
    0.0000057 
    0.0000036 
    0.0000017 
    0.0000022 
    0.0000008 
    0.0000016 
    0.0000012 
    0.0000012 
    0.0000016 
    0.0000009 
    0.0000019 
    0.0000003 
    0.0000021 
    0.0000789 
    0.0000776 
    0.0000709 
    0.0000696 
    0.0000627 
    0.0000615 
    0.0000543 
    0.0000532 
    0.0000459 
    0.0000449 
    0.0000375 
    0.0000366 
    0.0000292 
    0.0000284 
    0.0000207 
    0.0000200 
    0.0000121 
    0.0000115 
    0.0000056 
    0.0000043 
    0.0000032 
    0.0000016 
    0.0000022 
    0.0000015 
    0.0000017 
    0.0000019 
    0.0000013 
    0.0000021 
    0.0000007 
    0.0000023 
   -0.0146457 
    0.0000024 
    0.0000811 
    0.0000798 
    0.0000755 
    0.0000741 
    0.0000695 
    0.0000682 
    0.0000628 
    0.0000616 
    0.0000554 
    0.0000543 
    0.0000471 
    0.0000462 
    0.0000379 
    0.0000372 
    0.0000274 
    0.0000269 
    0.0000149 
    0.0000144 
    0.0000064 
    0.0000054 
    0.0000035 
    0.0000027 
    0.0000026 
    0.0000025 
    0.0000020 
    0.0000026 
    0.0000013 
    0.0000027 
    0.0000004 
    0.0000026 
   -0.1266342 
    0.0000024 
    0.0000738 
    0.0000724 
    0.0000681 
    0.0000668 
    0.0000624 
    0.0000611 
    0.0000566 
    0.0000553 
    0.0000502 
    0.0000490 
    0.0000428 
    0.0000419 
    0.0000343 
    0.0000336 
    0.0000242 
    0.0000236 
    0.0000146 
    0.0000141 
    0.0000077 
    0.0000071 
    0.0000047 
    0.0000044 
    0.0000034 
    0.0000037 
    0.0000024 
    0.0000034 
    0.0000012 
    0.0000030 
    0.0000001 
    0.0000029 
   -0.2527666 
    0.0000021 
    0.0000741 
    0.0000727 
    0.0000682 
    0.0000668 
    0.0000623 
    0.0000610 
    0.0000563 
    0.0000550 
    0.0000499 
    0.0000487 
    0.0000426 
    0.0000416 
    0.0000336 
    0.0000328 
    0.0000243 
    0.0000238 
    0.0000165 
    0.0000162 
    0.0000109 
    0.0000106 
    0.0000071 
    0.0000072 
    0.0000047 
    0.0000053 
    0.0000026 
    0.0000039 
    0.0000009 
    0.0000032 
   -0.0759277 
    0.0000032 
   -0.2578752 
    0.0000017 
    0.0000797 
    0.0000783 
    0.0000736 
    0.0000722 
    0.0000673 
    0.0000659 
    0.0000607 
    0.0000594 
    0.0000536 
    0.0000523 
    0.0000453 
    0.0000442 
    0.0000357 
    0.0000349 
    0.0000272 
    0.0000267 
    0.0000212 
    0.0000210 
    0.0000164 
    0.0000164 
    0.0000113 
    0.0000115 
    0.0000058 
    0.0000065 
    0.0000027 
    0.0000042 
    0.0000011 
    0.0000037 
   -0.3629091 
    0.0000026 
   -0.1795730 
    0.0000015 
    0.0000863 
    0.0000849 
    0.0000799 
    0.0000785 
    0.0000732 
    0.0000719 
    0.0000660 
    0.0000647 
    0.0000580 
    0.0000568 
    0.0000487 
    0.0000477 
    0.0000392 
    0.0000385 
    0.0000323 
    0.0000320 
    0.0000280 
    0.0000279 
    0.0000235 
    0.0000235 
    0.0000146 
    0.0000148 
    0.0000071 
    0.0000078 
    0.0000036 
    0.0000051 
   -0.1080921 
    0.0000036 
    0.0000928 
    0.0000914 
    0.0000864 
    0.0000850 
    0.0000795 
    0.0000782 
    0.0000719 
    0.0000706 
    0.0000632 
    0.0000621 
    0.0000539 
    0.0000530 
    0.0000463 
    0.0000458 
    0.0000424 
    0.0000422 
    0.0000401 
    0.0000401 
    0.0000326 
    0.0000326 
    0.0000255 
    0.0000257 
    0.0000221 
    0.0000225 
    0.0001022 
    0.0001009 
    0.0000961 
    0.0000948 
    0.0000894 
    0.0000882 
    0.0000820 
    0.0000809 
    0.0000739 
    0.0000730 
    0.0000666 
    0.0000660 
    0.0000646 
    0.0000644 
    0.0000682 
    0.0000681 
    0.0000698 
    0.0000698 
    0.0000745 
    0.0000746 
    0.0001042 
    0.0001030 
    0.0000984 
    0.0000973 
    0.0000924 
    0.0000914 
    0.0000859 
    0.0000851 
    0.0000792 
    0.0000786 
    0.0000753 
    0.0000750 
    0.0000766 
    0.0000765 
    0.0000771 
    0.0000771 
    0.0001039 
    0.0001028 
    0.0000988 
    0.0000979 
    0.0000936 
    0.0000928 
    0.0000881 
    0.0000875 
    0.0000830 
    0.0000827 
    0.0000810 
    0.0000809 
    0.0001256 
    0.0001248 
    0.0001219 
    0.0001213 
    0.0001189 
    0.0001184 
    0.0001166 
    0.0001163 
    0.0001390 
    0.0001386 
    0.0001371 
    0.0001368 
    0.0005472 
    0.0005008 
    0.0004749 
    0.0004633 
    0.0004633 
    0.0004749 
    0.0005007 
    0.0005471 
    0.0001506 
    0.0003265 
    0.0004754 
    0.0005924 
    0.0007071 
    0.0008179 
    0.0009176 
    0.0010109 
    0.0010979 
    0.0011800 
    0.0012629 
    0.0013549 
    0.0000034 
    0.0000028 
    0.0000022 
    0.0000016 
    0.0000010 
    0.0000005 
    0.0000005 
    0.0000008 
    0.0000068 
    0.0000030 
    0.0000025 
    0.0000021 
    0.0000017 
    0.0000016 
    0.0000017 
    0.0000018 
    0.0000068 
    0.0000031 
    0.0000027 
    0.0000025 
    0.0000024 
    0.0000024 
    0.0000026 
    0.0000029 
    0.0000057 
    0.0000025 
    0.0000021 
    0.0000019 
    0.0000018 
    0.0000020 
    0.0000023 
    0.0000027 
    0.0000053 
    0.0000024 
    0.0000020 
    0.0000018 
    0.0000019 
    0.0000021 
    0.0000025 
    0.0000029 
    0.0000058 
    0.0000027 
    0.0000025 
    0.0000024 
    0.0000025 
    0.0000027 
    0.0000031 
    0.0000035 
    0.0000038 
    0.0000017 
    0.0000016 
    0.0000018 
    0.0000021 
    0.0000026 
    0.0000031 
    0.0000036 
    0.0000016 
    0.0000005 
    0.0000006 
    0.0000010 
    0.0000016 
    0.0000022 
    0.0000028 
    0.0000034 
    0.0013496 
    0.0012574 
    0.0011743 
    0.0010921 
    0.0010048 
    0.0009111 
    0.0008103 
    0.0006982 
    0.0005823 
    0.0004644 
    0.0003170 
    0.0001506 
    0.0017856 
    0.0017854 
    0.0017851 
    0.0017849 
    0.0017847 
    0.0017897 
    0.0017894 
    0.0017892 
    0.0017890 
    0.0017888 




        0.000 
element drag (N)				:          147 
surface drag (N)				:            0 
forces along X Y and Z axes (N)		:    147.07548      0.00768    -57.03665 
maximal catch diameter (m) 			:        0.000 
thickness of the catch (m) 			:        0.000 
volume of the catch (m3) 			:       0.0000 
current amplitude (m/s)			:        0.600 
filtered surface (m2) 				:         0.00 
