      1        0.000000000       -1.350000000       -1.000000000
      2        0.676075249       -0.960544380       -1.249512202
      3        0.000000000        1.350000000       -1.000000000
      4        0.677257924        0.964693312       -1.252686010
      5        2.793421009       -0.486073579       -3.132519628
      6        2.831293280        0.506065409       -3.109644315
      7        2.807120627       -0.482854756       -3.165044641
      8        2.821361501       -0.479292735       -3.197300037
      9        2.836264554       -0.475312746       -3.229205719
     10        2.851991637       -0.470814888       -3.260643375
     11        2.868764917       -0.465662562       -3.291433334
     12        2.886894329       -0.459665463       -3.321287460
     13        2.906817121       -0.452555123       -3.349720176
     14        2.927204678       -0.443285995       -3.377178893
     15        2.949550613       -0.432141221       -3.402325356
     16        2.975482132       -0.418011417       -3.421916417
     17        3.004879343       -0.400683947       -3.431480241
     18        3.034556252       -0.381879877       -3.426835082
     19        3.059861582       -0.364434553       -3.409194071
     20        3.079117921       -0.349621131       -3.383393938
     21        3.098504010       -0.333405686       -3.393558300
     22        3.119914298       -0.314803553       -3.414806139
     23        3.142541441       -0.294048455       -3.432501719
     24        3.166213773       -0.271125028       -3.445541887
     25        3.190470496       -0.246320624       -3.452770091
     26        3.214529546       -0.220305489       -3.453302142
     27        3.237432870       -0.194033190       -3.446891373
     28        3.253401153       -0.174718215       -3.461141865
     29        3.266480905       -0.156493376       -3.488576887
     30        3.280252738       -0.132311914       -3.510519611
     31        3.293563895       -0.101133851       -3.520846500
     32        3.303145453       -0.067810796       -3.513521443
     33        3.307312637       -0.039684885       -3.492367921
     34        3.307486794       -0.017841223       -3.464462205
     35        3.304902524        0.006425809       -3.458256175
     36        3.300181460        0.038375460       -3.472844705
     37        3.293246478        0.072176137       -3.480927274
     38        3.284250681        0.106447547       -3.481590019
     39        3.273652937        0.139585497       -3.474846745
     40        3.262044819        0.170347696       -3.461624323
     41        3.249940767        0.198149185       -3.443280988
     42        3.239462857        0.220358845       -3.441141212
     43        3.229241738        0.239672473       -3.469041349
     44        3.213247183        0.263508027       -3.489824626
     45        3.191513597        0.290493811       -3.497261544
     46        3.168079591        0.315542266       -3.488355048
     47        3.146803728        0.335349099       -3.468083964
     48        3.128198368        0.350490776       -3.441998039
     49        3.108578160        0.364440730       -3.418023506
     50        3.081281264        0.382553590       -3.404506445
     51        3.055958210        0.398518316       -3.385538619
     52        3.032677870        0.412422480       -3.362721763
     53        3.011234890        0.424534117       -3.337238385
     54        2.991351080        0.435149718       -3.309891459
     55        2.972763118        0.444532944       -3.281214971
     56        2.955536078        0.453375934       -3.259065294
     57        2.932787801        0.468718649       -3.281493051
     58        2.903594297        0.484141471       -3.268617597
     59        2.883917178        0.492422239       -3.240330810
     60        2.868543824        0.497512424       -3.208808761
     61        2.855161597        0.501102607       -3.176190791
     62        2.842882537        0.503850432       -3.143061247
     63        0.747144157       -0.724628269       -1.251924445
     64        0.879008236       -0.875987313       -1.258273467
     65        0.895081388       -0.909673663       -1.351835001
     66        0.841501785       -0.242623562       -1.255547732
     67        1.008723265       -0.385490638       -1.260740095
     68        1.211504173       -0.470445437       -1.268709551
     69        1.272713880       -0.681231189       -1.283651493
     70        1.482463561       -0.715559716       -1.340459116
     71        1.324861474       -0.799241064       -1.469140976
     72        1.325299549       -0.810196115       -1.572766005
     73        0.847843690        0.249655874       -1.256743266
     74        1.033597605        0.131884568       -1.262040213
     75        1.220903051        0.016652676       -1.268384065
     76        1.373687619       -0.141469991       -1.275853687
     77        1.564622811       -0.249994579       -1.288788191
     78        1.647548200       -0.452650508       -1.310113840
     79        1.851120140       -0.513247775       -1.367446511
     80        1.739600023       -0.654393511       -1.494100426
     81        1.933997342       -0.677566306       -1.594464719
     82        1.748355891       -0.705439304       -1.709184099
     83        1.736805334       -0.716206511       -1.828318760
     84        0.769039999        0.736030458       -1.255660058
     85        0.969869482        0.646657567       -1.264940584
     86        1.162226355        0.540171422       -1.272968437
     87        1.347403330        0.421674429       -1.281486544
     88        1.529876772        0.299156118       -1.291283938
     89        1.693634586        0.152650091       -1.302346672
     90        1.866808322        0.018174460       -1.320486400
     91        1.980511563       -0.168641699       -1.344423053
     92        2.167405255       -0.268704387       -1.403236576
     93        2.132715568       -0.457604145       -1.510539496
     94        2.322754390       -0.504537222       -1.610953359
     95        2.165609315       -0.571688227       -1.749504215
     96        2.331965496       -0.595810613       -1.891433600
     97        2.145528183       -0.616023793       -2.006467962
     98        2.117490302       -0.630068967       -2.129251337
     99        0.898718607        0.912587945       -1.348996737
    100        1.109166157        0.849177380       -1.358985320
    101        1.314486691        0.770767475       -1.369129909
    102        1.518088250        0.688035949       -1.379574620
    103        1.712050440        0.584518767       -1.387864170
    104        1.900676305        0.471602420       -1.396566127
    105        2.073013063        0.335459986       -1.409577249
    106        2.225559403        0.177596058       -1.424150294
    107        2.379190014        0.027937874       -1.473162132
    108        2.460509790       -0.166640107       -1.535839318
    109        2.631336030       -0.258634839       -1.639551203
    110        2.567984130       -0.399893815       -1.795861514
    111        2.713995063       -0.444658284       -1.954219765
    112        2.555465791       -0.486911712       -2.100792450
    113        2.686090312       -0.516685036       -2.275294435
    114        2.492632115       -0.534799630       -2.378475339
    115        2.447194578       -0.558581488       -2.487140273
    116        1.330202723        0.814865638       -1.568786660
    117        1.542206141        0.757706750       -1.582771695
    118        1.751256901        0.690689492       -1.597380142
    119        1.959096723        0.620113120       -1.612484922
    120        2.160572584        0.532559320       -1.624621178
    121        2.358552191        0.437455200       -1.637443855
    122        2.537249646        0.310683719       -1.657442877
    123        2.698129134        0.162362681       -1.680293669
    124        2.849746716        0.028312880       -1.766576337
    125        2.918237520       -0.147994546       -1.878943903
    126        3.024282383       -0.233838701       -2.051531044
    127        2.942375357       -0.325377482       -2.234049237
    128        3.021553020       -0.371746931       -2.434002485
    129        2.861496023       -0.406259248       -2.580942659
    130        2.962890968       -0.466296065       -2.766723905
    131        2.753143937       -0.487547926       -2.829614089
    132        2.697861786       -0.507366522       -2.906038549
    133        1.744136002        0.722473322       -1.821887005
    134        1.955731077        0.667932341       -1.847610258
    135        2.164298077        0.604432362       -1.877192563
    136        2.371705007        0.537789407       -1.907986504
    137        2.573128433        0.458329757       -1.946983418
    138        2.771427576        0.372645664       -1.988712745
    139        2.948852420        0.262997855       -2.058726421
    140        3.110017931        0.136552435       -2.138982980
    141        3.216471363        0.022775274       -2.294305264
    142        3.240929664       -0.106773334       -2.470434349
    143        3.262981245       -0.184497104       -2.675067058
    144        3.166140831       -0.254922838       -2.859631445
    145        3.189743217       -0.343611294       -3.059575997
    146        3.009579199       -0.395440099       -3.174708930
    147        2.909463221       -0.451568844       -3.353133267
    148        2.129273733        0.637467606       -2.118995561
    149        2.333769289        0.582374919       -2.178632315
    150        2.532468334        0.518532716       -2.248286475
    151        2.728725940        0.451226277       -2.321507373
    152        2.909984388        0.373709967       -2.419200378
    153        3.084126593        0.290003221       -2.524436906
    154        3.205533523        0.195797070       -2.681889983
    155        3.298470505        0.093269833       -2.852935841
    156        3.318996679       -0.001495310       -3.050430219
    157        3.296366170       -0.096287879       -3.247681348
    158        3.245537417       -0.184327765       -3.442800505
    159        2.467492815        0.566600593       -2.471545237
    160        2.647273522        0.518609162       -2.588962040
    161        2.811551670        0.463638215       -2.724611321
    162        2.967532057        0.405291894       -2.868400904
    163        3.087336539        0.345828762       -3.043100755
    164        3.189048114        0.282902087       -3.227773143
    165        3.242287878        0.213990279       -3.429824415
    166        2.737137249        0.516888911       -2.881871005
    167        2.863713658        0.486011589       -3.059172564
    168        2.957383915        0.451905398       -3.255317394
    169        0.812217099        0.493455035       -1.256279436
    170        1.181953652        0.698836523       -1.291366597
    171        1.114842041        0.863976131       -1.458257653
    172        0.855110273        0.003383949       -1.256418896
    173        1.225749114        0.238724233       -1.270063572
    174        1.556851578        0.484200945       -1.306438939
    175        1.720570671        0.715054460       -1.461252206
    176        1.537680095        0.768970326       -1.694614123
    177        0.813870141       -0.487448623       -1.254330935
    178        1.198238077       -0.273976358       -1.267948452
    179        1.555194473       -0.017691128       -1.287516679
    180        1.882181005        0.261052635       -1.335514441
    181        2.099999361        0.523350121       -1.473980543
    182        2.141798963        0.644065585       -1.732678184
    183        1.937456441        0.680326391       -1.969571385
    184        1.077442527       -0.781768896       -1.270682406
    185        1.463551059       -0.572494416       -1.296415885
    186        1.823866256       -0.322042832       -1.326153300
    187        2.138254439       -0.019296445       -1.379283210
    188        2.408653900        0.271245105       -1.502297928
    189        2.530913140        0.484405325       -1.765848553
    190        2.522096407        0.563575328       -2.066472175
    191        2.299652700        0.602483310       -2.294145034
    192        1.113399756       -0.858438462       -1.455431389
    193        1.532899707       -0.728698390       -1.481428920
    194        1.938236615       -0.560135877       -1.502142084
    195        2.306400094       -0.323086158       -1.522477873
    196        2.616701317       -0.024948533       -1.598526675
    197        2.843259999        0.255064763       -1.817203219
    198        2.885817169        0.415552791       -2.171672981
    199        2.847685553        0.495979424       -2.501078731
    200        2.604900706        0.542407496       -2.675090476
    201        1.536307274       -0.761382742       -1.691457694
    202        1.957547114       -0.640212711       -1.728976836
    203        2.368287891       -0.489086746       -1.771956998
    204        2.750391505       -0.283144512       -1.834605570
    205        3.054766437       -0.020849890       -1.995547087
    206        3.169066796        0.214756143       -2.335957337
    207        3.130559586        0.358051338       -2.728432159
    208        3.074186100        0.460245446       -3.000537969
    209        1.936047430       -0.670353894       -1.966773701
    210        2.351230244       -0.553038286       -2.052595106
    211        2.750997376       -0.409172162       -2.165062100
    212        3.102141669       -0.222772920       -2.345188135
    213        3.300965769       -0.008775955       -2.658040374
    214        3.278570106        0.192070635       -3.048500521
    215        3.115618022        0.359638062       -3.420445622
    216        2.296949348       -0.588968578       -2.293711926
    217        2.679201707       -0.472334291       -2.476961126
    218        3.019566897       -0.333271705       -2.715459238
    219        3.245765847       -0.177352111       -3.049500346
    220        3.306600825       -0.008754845       -3.449275839
    221        2.593712974       -0.527097721       -2.683230597
    222        2.888451143       -0.442829977       -2.997250135
    223        3.083077539       -0.346319680       -3.376188601
    224        0.135314525       -1.272237687       -1.049834039
    225        0.270579455       -1.194411055       -1.099702185
    226        0.405794648       -1.116520019       -1.149604532
    227        0.540959960       -1.038564490       -1.199541173
    228        0.135550574        1.273066817       -1.050467382
    229        0.271051797        1.196069643       -1.100969578
    230        0.406503524        1.119008393       -1.151506684
    231        0.541905615        1.041882979       -1.202078796
    0.0000067 
    0.0000061 
    0.0000056 
    0.0000050 
    0.0000044 
    0.0000039 
    0.0000033 
    0.0000030 
    0.0000023 
    0.0000019 
    0.0000016 
    0.0000016 
    0.0000018 
    0.0000021 
    0.0000025 
    0.0000042 
    0.0000038 
    0.0000036 
    0.0000034 
    0.0000033 
    0.0000033 
    0.0000034 
    0.0000021 
    0.0000016 
    0.0000013 
    0.0000013 
    0.0000015 
    0.0000020 
    0.0000024 
    0.0000033 
    0.0000031 
    0.0000030 
    0.0000031 
    0.0000033 
    0.0000035 
    0.0000038 
    0.0000021 
    0.0000016 
    0.0000014 
    0.0000014 
    0.0000017 
    0.0000021 
    0.0000026 
    0.0000029 
    0.0000032 
    0.0000036 
    0.0000040 
    0.0000045 
    0.0000050 
    0.0000055 
    0.0000007 
    0.0000006 
    0.0000010 
    0.0000016 
    0.0000022 
    0.0000028 
    0.0000034 
   -0.0870762 
   -0.5421286 
    0.0000102 
    0.0000096 
    0.0000054 
    0.0000050 
    0.0000001 
   -0.5263481 
    0.0000274 
    0.0000203 
    0.0000175 
    0.0000117 
    0.0000086 
    0.0000062 
    0.0000007 
    0.0000030 
    0.0000020 
   -0.4537427 
    0.0000633 
    0.0000507 
    0.0000476 
    0.0000339 
    0.0000312 
    0.0000195 
    0.0000172 
    0.0000085 
    0.0000042 
    0.0000043 
    0.0000018 
    0.0000023 
    0.0000036 
   -0.4239787 
    0.0000914 
    0.0000780 
    0.0000743 
    0.0000605 
    0.0000573 
    0.0000414 
    0.0000390 
    0.0000217 
    0.0000199 
    0.0000082 
    0.0000049 
    0.0000040 
    0.0000045 
    0.0000016 
    0.0000053 
   -0.4538222 
    0.0000844 
    0.0000717 
    0.0000679 
    0.0000566 
    0.0000531 
    0.0000387 
    0.0000361 
    0.0000200 
    0.0000183 
    0.0000109 
    0.0000103 
    0.0000055 
    0.0000078 
    0.0000003 
    0.0000066 
   -0.5618976 
    0.0000917 
    0.0000780 
    0.0000742 
    0.0000619 
    0.0000584 
    0.0000427 
    0.0000401 
    0.0000267 
    0.0000259 
    0.0000186 
    0.0000192 
    0.0000056 
    0.0000092 
   -0.0356682 
    0.0001052 
    0.0000913 
    0.0000879 
    0.0000757 
    0.0000729 
    0.0000611 
    0.0000599 
    0.0000598 
    0.0000597 
    0.0000627 
    0.0001135 
    0.0001017 
    0.0000994 
    0.0000931 
    0.0000920 
    0.0000829 
    0.0001120 
    0.0001048 
    0.0000032 
    0.0000070 
   -0.1809010 
   -0.5430469 
    0.0000179 
    0.0000133 
    0.0000104 
    0.0000078 
    0.0000014 
    0.0000037 
    0.0000011 
   -0.4886398 
    0.0000439 
    0.0000337 
    0.0000307 
    0.0000204 
    0.0000178 
    0.0000100 
    0.0000062 
    0.0000051 
    0.0000010 
    0.0000026 
    0.0000027 
   -0.4366186 
    0.0000873 
    0.0000750 
    0.0000716 
    0.0000562 
    0.0000531 
    0.0000381 
    0.0000356 
    0.0000212 
    0.0000193 
    0.0000082 
    0.0000041 
    0.0000039 
    0.0000030 
    0.0000020 
    0.0000044 
   -0.4449429 
    0.0000862 
    0.0000741 
    0.0000703 
    0.0000585 
    0.0000551 
    0.0000406 
    0.0000382 
    0.0000207 
    0.0000188 
    0.0000090 
    0.0000071 
    0.0000046 
    0.0000062 
    0.0000011 
    0.0000058 
   -0.5504841 
    0.0000879 
    0.0000747 
    0.0000708 
    0.0000593 
    0.0000557 
    0.0000408 
    0.0000381 
    0.0000228 
    0.0000214 
    0.0000154 
    0.0000156 
    0.0000065 
    0.0000093 
   -0.1887264 
    0.0000058 
   -0.7124974 
    0.0000990 
    0.0000850 
    0.0000813 
    0.0000685 
    0.0000651 
    0.0000499 
    0.0000478 
    0.0000397 
    0.0000394 
    0.0000327 
    0.0000332 
    0.0000317 
    0.0001122 
    0.0000990 
    0.0000960 
    0.0000857 
    0.0000836 
    0.0000781 
    0.0000776 
    0.0000735 
    0.0001089 
    0.0000990 
    0.0000974 
    0.0000917 
    0.0006096 
    0.0006040 
    0.0005378 
    0.0005489 
    0.0005252 
    0.0005641 
    0.0005640 
    0.0006630 
    0.0001544 
    0.0004219 
    0.0004314 
    0.0006926 
    0.0007039 
    0.0009359 
    0.0009482 
    0.0011486 
    0.0011613 
    0.0013495 
    0.0013620 
    0.0015697 
    0.0000067 
    0.0000061 
    0.0000056 
    0.0000050 
    0.0000044 
    0.0000039 
    0.0000033 
    0.0000030 
    0.0000053 
    0.0000023 
    0.0000019 
    0.0000016 
    0.0000016 
    0.0000018 
    0.0000021 
    0.0000025 
    0.0000090 
    0.0000042 
    0.0000038 
    0.0000036 
    0.0000034 
    0.0000033 
    0.0000033 
    0.0000034 
    0.0000048 
    0.0000021 
    0.0000016 
    0.0000013 
    0.0000013 
    0.0000015 
    0.0000020 
    0.0000024 
    0.0000070 
    0.0000033 
    0.0000031 
    0.0000030 
    0.0000031 
    0.0000033 
    0.0000035 
    0.0000038 
    0.0000048 
    0.0000021 
    0.0000016 
    0.0000014 
    0.0000014 
    0.0000017 
    0.0000021 
    0.0000026 
    0.0000055 
    0.0000029 
    0.0000032 
    0.0000036 
    0.0000040 
    0.0000045 
    0.0000050 
    0.0000055 
    0.0000019 
    0.0000007 
    0.0000006 
    0.0000010 
    0.0000016 
    0.0000022 
    0.0000028 
    0.0000034 
    0.0014541 
    0.0014422 
    0.0012472 
    0.0012346 
    0.0010412 
    0.0010287 
    0.0008130 
    0.0008012 
    0.0005515 
    0.0005413 
    0.0002887 
    0.0002813 
    0.0020213 
    0.0020211 
    0.0020209 
    0.0020207 
    0.0020205 
    0.0020064 
    0.0020062 
    0.0020060 
    0.0020058 
    0.0020055 




        0.000 
element drag (N)				:          166 
surface drag (N)				:            0 
forces along X Y and Z axes (N)		:    166.51996      0.86120    -61.62876 
maximal catch diameter (m) 			:        0.000 
thickness of the catch (m) 			:        0.000 
volume of the catch (m3) 			:       0.0000 
current amplitude (m/s)			:        0.600 
filtered surface (m2) 				:         0.00 
