      1        0.000000000       -1.350000000       -1.000000000
      2        0.672853798       -0.960643526       -1.257964334
      3        0.000000000        1.350000000       -1.000000000
      4        0.672883170        0.960942082       -1.258341831
      5        2.776634904       -0.459472469       -3.156463131
      6        2.776263317        0.460168027       -3.157783960
      7        2.789251954       -0.456218182       -3.189419723
      8        2.802278803       -0.452623872       -3.222180729
      9        2.815806130       -0.448615989       -3.254690152
     10        2.829955585       -0.444095909       -3.286865612
     11        2.844895381       -0.438927702       -3.318583169
     12        2.860863646       -0.432918965       -3.349644712
     13        2.878206852       -0.425789468       -3.379715921
     14        2.897437537       -0.417122524       -3.408193490
     15        2.919293915       -0.406307320       -3.433907719
     16        2.944653323       -0.392569756       -3.454501033
     17        2.973650552       -0.375532770       -3.465672683
     18        3.003506177       -0.356654487       -3.462819349
     19        3.029389955       -0.338865399       -3.446403425
     20        3.049193603       -0.323698113       -3.421230825
     21        3.064260685       -0.310928311       -3.436426186
     22        3.079358738       -0.297392655       -3.465490728
     23        3.095184447       -0.282126621       -3.493282674
     24        3.111850643       -0.264765437       -3.519296853
     25        3.129449800       -0.244894483       -3.542776836
     26        3.147990271       -0.222119039       -3.562612113
     27        3.167266719       -0.196251302       -3.577280845
     28        3.186686066       -0.167637628       -3.585030255
     29        3.205214714       -0.137433002       -3.584504576
     30        3.221695980       -0.107365294       -3.575549505
     31        3.235374294       -0.078979671       -3.559330149
     32        3.246096847       -0.053110333       -3.537611537
     33        3.254121593       -0.029934917       -3.512030042
     34        3.259856208       -0.009271998       -3.483815356
     35        3.259750030        0.009832177       -3.483720220
     36        3.254035493        0.030466638       -3.511959543
     37        3.246041979        0.053603217       -3.537585932
     38        3.235363256        0.079425401       -3.559382116
     39        3.221738306        0.107765135       -3.575726155
     40        3.205308667        0.137807590       -3.584859081
     41        3.186813224        0.168028075       -3.585598997
     42        3.167399124        0.196702240       -3.578063916
     43        3.148103835        0.222659741       -3.563579190
     44        3.129531355        0.245534107       -3.543888216
     45        3.111895593        0.265500696       -3.520517081
     46        3.095193030        0.282948882       -3.494584564
     47        3.079333298        0.298292080       -3.466854574
     48        3.064204234        0.311895633       -3.437837898
     49        3.049104380        0.324556265       -3.422479491
     50        3.029259301        0.339701670       -3.447632914
     51        3.003342170        0.357458415       -3.464031223
     52        2.973462837        0.376299552       -3.466884424
     53        2.944442218        0.393308309       -3.455731149
     54        2.919057037        0.407029814       -3.435158894
     55        2.897176353        0.417836104       -3.409461593
     56        2.877924365        0.426497686       -3.380996790
     57        2.860562828        0.433623645       -3.350935321
     58        2.844578752        0.439629859       -3.319881423
     59        2.829625197        0.444796157       -3.288170040
     60        2.815463642        0.449314726       -3.255999691
     61        2.801925566        0.453321370       -3.223494591
     62        2.788889079        0.456914637       -3.190737303
     63        0.821298374       -0.490775867       -1.262284769
     64        1.027801177       -0.566352744       -1.269037712
     65        1.073819993       -0.781083352       -1.282207836
     66        1.282615362       -0.805059290       -1.347246688
     67        1.106281552       -0.853660333       -1.469493875
     68        0.863684981        0.000144786       -1.263434581
     69        1.055766869       -0.106997259       -1.268597698
     70        1.202047791       -0.271208568       -1.274744757
     71        1.400994301       -0.364496387       -1.285636755
     72        1.461739506       -0.574952133       -1.306105950
     73        1.668585545       -0.620122582       -1.365896119
     74        1.526242492       -0.725149713       -1.496692843
     75        1.718108175       -0.738385637       -1.603522660
     76        1.525849145       -0.752236504       -1.709564375
     77        0.821308645        0.491066738       -1.262477658
     78        1.015866164        0.388524006       -1.268503204
     79        1.202054836        0.271489362       -1.274852073
     80        1.386570559        0.151933573       -1.282781734
     81        1.545551313        0.000133643       -1.291955435
     82        1.726706842       -0.123634967       -1.308246332
     83        1.819922732       -0.321452368       -1.332333799
     84        2.016950390       -0.398316551       -1.392936350
     85        1.933959513       -0.560851925       -1.515797824
     86        2.125127198       -0.592914897       -1.619851671
     87        1.947968237       -0.632855681       -1.744027458
     88        2.116352031       -0.646759582       -1.884930795
     89        1.922376299       -0.657348882       -1.988186014
     90        0.874464176        0.873580157       -1.270223044
     91        1.073845690        0.781365657       -1.282524551
     92        1.269941771        0.682279197       -1.294124683
     93        1.461763662        0.575222911       -1.306345767
     94        1.646449399        0.456309566       -1.318809406
     95        1.819941460        0.321705675       -1.332468416
     96        1.985333657        0.177942459       -1.351971753
     97        2.112744639        0.000113119       -1.375333831
     98        2.280508137       -0.128215266       -1.436884131
     99        2.305535370       -0.326089815       -1.529729435
    100        2.487918803       -0.390735616       -1.634408606
    101        2.360942616       -0.486971176       -1.786118852
    102        2.517119168       -0.517520450       -1.938026387
    103        2.340323692       -0.543984513       -2.066258197
    104        2.482255586       -0.562239548       -2.233357480
    105        2.279507486       -0.571876547       -2.318215184
    106        1.106209474        0.854087905       -1.470146518
    107        1.316625964        0.791200103       -1.483481969
    108        1.526172080        0.725543077       -1.497157294
    109        1.731106978        0.646035798       -1.506466917
    110        1.933885884        0.561217772       -1.516092546
    111        2.123835271        0.450405767       -1.522780554
    112        2.305449805        0.326426944       -1.529845725
    113        2.466844190        0.179923117       -1.559701747
    114        2.588549989        0.000197168       -1.595604285
    115        2.745441908       -0.116858453       -1.696023965
    116        2.748056816       -0.284735714       -1.838190633
    117        2.873864442       -0.346306584       -2.007843433
    118        2.744359306       -0.407676350       -2.174764903
    119        2.848356435       -0.438649647       -2.366142930
    120        2.668253987       -0.459207828       -2.490806781
    121        2.783618564       -0.490219941       -2.646523429
    122        2.573099562       -0.503321609       -2.709058708
    123        1.525648279        0.752817739       -1.710508860
    124        1.737090806        0.694373129       -1.727365338
    125        1.947808801        0.633499451       -1.744680000
    126        2.155145809        0.562780728       -1.765090985
    127        2.360833077        0.487669148       -1.786468906
    128        2.557322975        0.391827345       -1.811184400
    129        2.747989097        0.285429958       -1.838212006
    130        2.912563127        0.157785886       -1.909100990
    131        3.039500144        0.000388549       -1.995794355
    132        3.138560458       -0.106436537       -2.160649263
    133        3.107419600       -0.225342930       -2.343113299
    134        3.146119275       -0.280277270       -2.552602242
    135        3.016291336       -0.325631242       -2.724325630
    136        3.053849333       -0.386118322       -2.932486715
    137        2.859415020       -0.415376914       -3.031178256
    138        2.992575165       -0.444446889       -3.117163499
    139        1.922011627        0.658095696       -1.989421724
    140        2.131500504        0.602678188       -2.027528024
    141        2.340131699        0.545008584       -2.066969732
    142        2.543341563        0.479009161       -2.119477445
    143        2.744399729        0.408965590       -2.174942710
    144        2.930272334        0.322486518       -2.254806440
    145        3.107737087        0.226776367       -2.342846281
    146        3.227695505        0.120711906       -2.493724014
    147        3.299238569        0.000829853       -2.663763901
    148        3.308986217       -0.082303033       -2.867226695
    149        3.244765785       -0.162072398       -3.061946507
    150        3.188740221       -0.249128249       -3.256071644
    151        3.053265777       -0.320319917       -3.414124476
    152        2.278985633        0.572719186       -2.319647768
    153        2.474886290        0.517955572       -2.403514087
    154        2.668146153        0.460368701       -2.491512568
    155        2.845839896        0.395988788       -2.604155731
    156        3.016589504        0.327041745       -2.724567255
    157        3.141975904        0.248253013       -2.887286611
    158        3.244771144        0.163376600       -3.062318078
    159        3.271502557        0.082105768       -3.265018319
    160        3.261999556        0.000218525       -3.469006226
    161        2.572640466        0.503999718       -2.710417630
    162        2.720545997        0.461165044       -2.867581288
    163        2.858594123        0.416071769       -3.032870130
    164        2.964526494        0.369648636       -3.220043391
    165        3.053271350        0.321142635       -3.415445624
    166        1.027810149        0.566644264       -1.269262948
    167        1.282526730        0.805472460       -1.347881178
    168        1.055764662        0.107288735       -1.268640169
    169        1.400996657        0.364782343       -1.285785430
    170        1.668517454        0.620542271       -1.366341958
    171        1.717832352        0.738886837       -1.604341825
    172        1.015856268       -0.388236198       -1.268350319
    173        1.386562197       -0.151653903       -1.282721893
    174        1.726694957        0.123912600       -1.308299798
    175        2.016876358        0.398707261       -1.393197912
    176        2.124879481        0.593440997       -1.620416227
    177        2.115873691        0.647466495       -1.885957337
    178        0.874435884       -0.873288111       -1.269875243
    179        1.269915539       -0.682000171       -1.293845108
    180        1.646423848       -0.456041836       -1.318619329
    181        1.985304982       -0.177686111       -1.351899031
    182        2.280376293        0.128572666       -1.436969700
    183        2.487647173        0.391282884       -1.634718754
    184        2.516784354        0.518394148       -1.938572316
    185        2.481603222        0.563137816       -2.234472625
    186        1.316697133       -0.790789075       -1.482921414
    187        1.731178478       -0.645654890       -1.506084642
    188        2.123911826       -0.450050049       -1.522570148
    189        2.466876175       -0.179538438       -1.559641688
    190        2.745201345        0.117487864       -1.696125199
    191        2.873605029        0.347285174       -2.007903420
    192        2.848033525        0.439845104       -2.366532876
    193        2.783164518        0.491076070       -2.647862299
    194        1.737272032       -0.693762164       -1.726563560
    195        2.155281897       -0.562110925       -1.764584964
    196        2.557410680       -0.391125201       -1.810991365
    197        2.912547634       -0.157004478       -1.909115803
    198        3.138422228        0.107528795       -2.160527725
    199        3.145884782        0.281656494       -2.552450670
    200        3.052538484        0.386902302       -2.933193050
    201        2.992259269        0.445190881       -3.118772947
    202        2.131782953       -0.601796988       -2.026547954
    203        2.543424168       -0.477855286       -2.119025390
    204        2.930093000       -0.321109631       -2.254856694
    205        3.227307865       -0.119121152       -2.493936216
    206        3.308387121        0.083752141       -2.867340565
    207        3.187430559        0.249879109       -3.256306770
    208        2.475211443       -0.516956298       -2.402437771
    209        2.845748083       -0.394697859       -2.603690225
    210        3.141729945       -0.246874828       -2.887020541
    211        3.271360747       -0.081231271       -3.264836573
    212        2.721239717       -0.460494742       -2.866002880
    213        2.965086954       -0.368903273       -3.218485741
    214        0.134678522       -1.272264921       -1.051517438
    215        0.269303327       -1.194461831       -1.103072480
    216        0.403874252       -1.116590633       -1.154665235
    217        0.538391131       -1.038651230       -1.206295816
    218        0.134684276        1.272324417       -1.051592867
    219        0.269314896        1.194580930       -1.103223372
    220        0.403891695        1.116769443       -1.154891627
    221        0.538414508        1.038889859       -1.206597743
    0.0000069 
    0.0000063 
    0.0000057 
    0.0000051 
    0.0000045 
    0.0000040 
    0.0000034 
    0.0000029 
    0.0000024 
    0.0000019 
    0.0000016 
    0.0000015 
    0.0000017 
    0.0000021 
    0.0000024 
    0.0000051 
    0.0000046 
    0.0000041 
    0.0000037 
    0.0000033 
    0.0000029 
    0.0000027 
    0.0000027 
    0.0000027 
    0.0000030 
    0.0000033 
    0.0000037 
    0.0000042 
    0.0000046 
    0.0000043 
    0.0000038 
    0.0000033 
    0.0000030 
    0.0000028 
    0.0000027 
    0.0000027 
    0.0000029 
    0.0000033 
    0.0000037 
    0.0000041 
    0.0000046 
    0.0000051 
    0.0000056 
    0.0000021 
    0.0000017 
    0.0000015 
    0.0000016 
    0.0000019 
    0.0000024 
    0.0000029 
    0.0000034 
    0.0000040 
    0.0000045 
    0.0000051 
    0.0000057 
    0.0000063 
    0.0000069 
    0.0000090 
    0.0000043 
    0.0000042 
    0.0000005 
    0.0000158 
    0.0000129 
    0.0000100 
    0.0000061 
    0.0000054 
    0.0000003 
    0.0000025 
    0.0000023 
    0.0000408 
    0.0000376 
    0.0000260 
    0.0000233 
    0.0000143 
    0.0000117 
    0.0000069 
    0.0000018 
    0.0000033 
    0.0000020 
    0.0000018 
    0.0000037 
    0.0000844 
    0.0000809 
    0.0000657 
    0.0000624 
    0.0000470 
    0.0000441 
    0.0000291 
    0.0000271 
    0.0000125 
    0.0000098 
    0.0000054 
    0.0000024 
    0.0000028 
    0.0000040 
    0.0000008 
    0.0000051 
    0.0000807 
    0.0000768 
    0.0000660 
    0.0000623 
    0.0000496 
    0.0000465 
    0.0000300 
    0.0000280 
    0.0000125 
    0.0000101 
    0.0000062 
    0.0000063 
    0.0000031 
    0.0000063 
   -0.1079042 
    0.0000058 
    0.0000812 
    0.0000772 
    0.0000659 
    0.0000622 
    0.0000495 
    0.0000461 
    0.0000296 
    0.0000276 
    0.0000174 
    0.0000166 
    0.0000110 
    0.0000124 
    0.0000034 
    0.0000081 
   -0.2674883 
    0.0000044 
    0.0000907 
    0.0000869 
    0.0000747 
    0.0000711 
    0.0000565 
    0.0000536 
    0.0000391 
    0.0000380 
    0.0000331 
    0.0000333 
    0.0000223 
    0.0000235 
    0.0001000 
    0.0000966 
    0.0000860 
    0.0000833 
    0.0000723 
    0.0000711 
    0.0000713 
    0.0000712 
    0.0001164 
    0.0001146 
    0.0001095 
    0.0001086 
    0.0000090 
    0.0000043 
    0.0000042 
    0.0000005 
    0.0000158 
    0.0000129 
    0.0000100 
    0.0000061 
    0.0000054 
    0.0000003 
    0.0000025 
    0.0000024 
    0.0000408 
    0.0000376 
    0.0000260 
    0.0000233 
    0.0000143 
    0.0000117 
    0.0000069 
    0.0000018 
    0.0000033 
    0.0000020 
    0.0000018 
    0.0000037 
    0.0000845 
    0.0000809 
    0.0000658 
    0.0000625 
    0.0000470 
    0.0000442 
    0.0000292 
    0.0000271 
    0.0000125 
    0.0000098 
    0.0000054 
    0.0000024 
    0.0000028 
    0.0000040 
    0.0000008 
    0.0000051 
    0.0000807 
    0.0000768 
    0.0000660 
    0.0000624 
    0.0000496 
    0.0000466 
    0.0000300 
    0.0000280 
    0.0000125 
    0.0000101 
    0.0000063 
    0.0000063 
    0.0000031 
    0.0000063 
   -0.1067586 
    0.0000059 
    0.0000812 
    0.0000773 
    0.0000660 
    0.0000622 
    0.0000495 
    0.0000462 
    0.0000297 
    0.0000277 
    0.0000175 
    0.0000167 
    0.0000111 
    0.0000125 
    0.0000035 
    0.0000082 
   -0.2657496 
    0.0000044 
    0.0000909 
    0.0000870 
    0.0000749 
    0.0000713 
    0.0000568 
    0.0000539 
    0.0000394 
    0.0000384 
    0.0000337 
    0.0000339 
    0.0000231 
    0.0000244 
    0.0001004 
    0.0000970 
    0.0000864 
    0.0000837 
    0.0000728 
    0.0000716 
    0.0000719 
    0.0000718 
    0.0001149 
    0.0001130 
    0.0001080 
    0.0001070 
    0.0005643 
    0.0005045 
    0.0005045 
    0.0005643 
    0.0002922 
    0.0005731 
    0.0008029 
    0.0010076 
    0.0011930 
    0.0013814 
    0.0000069 
    0.0000063 
    0.0000057 
    0.0000051 
    0.0000045 
    0.0000040 
    0.0000034 
    0.0000029 
    0.0000024 
    0.0000019 
    0.0000016 
    0.0000015 
    0.0000017 
    0.0000021 
    0.0000024 
    0.0000110 
    0.0000051 
    0.0000046 
    0.0000041 
    0.0000037 
    0.0000033 
    0.0000029 
    0.0000027 
    0.0000027 
    0.0000027 
    0.0000030 
    0.0000033 
    0.0000037 
    0.0000042 
    0.0000046 
    0.0000092 
    0.0000043 
    0.0000038 
    0.0000033 
    0.0000030 
    0.0000028 
    0.0000027 
    0.0000027 
    0.0000029 
    0.0000033 
    0.0000037 
    0.0000041 
    0.0000046 
    0.0000051 
    0.0000056 
    0.0000047 
    0.0000021 
    0.0000017 
    0.0000015 
    0.0000016 
    0.0000019 
    0.0000024 
    0.0000029 
    0.0000034 
    0.0000040 
    0.0000045 
    0.0000051 
    0.0000057 
    0.0000063 
    0.0000069 
    0.0013794 
    0.0011909 
    0.0010053 
    0.0008000 
    0.0005692 
    0.0002921 
    0.0019217 
    0.0019215 
    0.0019213 
    0.0019211 
    0.0019209 
    0.0019232 
    0.0019230 
    0.0019228 
    0.0019226 
    0.0019224 




        0.000 
element drag (N)				:          158 
surface drag (N)				:            0 
forces along X Y and Z axes (N)		:    158.09964     -0.00095    -60.48545 
maximal catch diameter (m) 			:        0.000 
thickness of the catch (m) 			:        0.000 
volume of the catch (m3) 			:       0.0000 
current amplitude (m/s)			:        0.600 
filtered surface (m2) 				:         0.00 
