      1        0.000000000       -1.350000000       -1.000000000
      2        0.676224744       -0.959743667       -1.247569974
      3        0.000000000        1.350000000       -1.000000000
      4        0.676118665        0.958724685       -1.246236027
      5        2.813482986       -0.482523932       -3.110776304
      6        2.816464149        0.480503407       -3.104777479
      7        2.826955316       -0.480124076       -3.143466515
      8        2.841125419       -0.477379629       -3.175832752
      9        2.856212773       -0.474185433       -3.207740099
     10        2.871723332       -0.470138613       -3.239336885
     11        2.887475176       -0.464931738       -3.270652611
     12        2.905310919       -0.458218715       -3.300531149
     13        2.926530003       -0.449070447       -3.327400267
     14        2.953110903       -0.436017429       -3.346867613
     15        2.984138445       -0.419044292       -3.349124250
     16        3.010042678       -0.403136627       -3.330908331
     17        3.028664353       -0.390720321       -3.320481801
     18        3.048864226       -0.378343626       -3.346838584
     19        3.070491644       -0.364379762       -3.371193788
     20        3.093732192       -0.348574326       -3.392779905
     21        3.118674600       -0.330728534       -3.410536950
     22        3.145159220       -0.310829130       -3.423126095
     23        3.172591993       -0.289218988       -3.429154189
     24        3.197565728       -0.268742419       -3.434183328
     25        3.212951768       -0.255341272       -3.463158670
     26        3.230216282       -0.237635027       -3.488542323
     27        3.249678131       -0.213745803       -3.506047481
     28        3.269295248       -0.184300698       -3.508061781
     29        3.283972059       -0.156105617       -3.492392324
     30        3.292339323       -0.133522499       -3.466394602
     31        3.296406148       -0.115186273       -3.439233644
     32        3.301799684       -0.086182436       -3.458869865
     33        3.305783118       -0.053978334       -3.473115411
     34        3.307912934       -0.019352855       -3.480357448
     35        3.307890076        0.016076381       -3.479535492
     36        3.305737757        0.050348065       -3.470776955
     37        3.301783062        0.081988355       -3.455312154
     38        3.296467030        0.110376572       -3.434775769
     39        3.291917474        0.129726351       -3.461175649
     40        3.284035478        0.152400246       -3.487245911
     41        3.269950032        0.180756847       -3.503164662
     42        3.250828767        0.210550249       -3.501546320
     43        3.231643075        0.234856347       -3.484311870
     44        3.214536942        0.252899651       -3.459058676
     45        3.199257589        0.266554801       -3.430145538
     46        3.174375807        0.287129900       -3.424022231
     47        3.147100013        0.308952245       -3.418046510
     48        3.120789476        0.328984556       -3.405304066
     49        3.096065354        0.346869589       -3.387283590
     50        3.073080089        0.362638388       -3.365399077
     51        3.051728313        0.376514629       -3.340752332
     52        3.031809389        0.388773797       -3.314127890
     53        3.012538343        0.401420055       -3.323765215
     54        2.986989334        0.417183813       -3.342597498
     55        2.955947707        0.434196065       -3.340897856
     56        2.929295899        0.447290597       -3.321555743
     57        2.908090186        0.456422174       -3.294670397
     58        2.890300027        0.463097417       -3.264756241
     59        2.874600652        0.468262492       -3.233407262
     60        2.859251674        0.472195319       -3.201717506
     61        2.844131087        0.475383197       -3.169825264
     62        2.829943812        0.478116776       -3.137465633
     63        0.719677358       -0.844464836       -1.248456120
     64        0.787005194       -0.931416272       -1.294289989
     65        0.838822769       -0.368732221       -1.251731800
     66        1.000812864       -0.517446580       -1.258351992
     67        1.215353796       -0.564507734       -1.270930312
     68        1.199267682       -0.779182493       -1.316274533
     69        1.405092299       -0.797614775       -1.391751847
     70        1.220451616       -0.827956576       -1.507455314
     71        0.864315755        0.122693177       -1.252068691
     72        1.046523379       -0.000484344       -1.257526310
     73        1.235876911       -0.112269221       -1.264661603
     74        1.373030810       -0.284040344       -1.273867625
     75        1.574467948       -0.370372316       -1.293122328
     76        1.593713689       -0.585297729       -1.335983534
     77        1.799142927       -0.624034472       -1.404530972
     78        1.641345699       -0.702841252       -1.536020804
     79        1.831848222       -0.716479260       -1.645213413
     80        1.639174599       -0.730334265       -1.750499451
     81        0.802448032        0.611423486       -1.250111895
     82        1.000775048        0.516475353       -1.257623080
     83        1.191856999        0.407693313       -1.265248618
     84        1.373001974        0.283102843       -1.273458898
     85        1.553951561        0.158397159       -1.283863437
     86        1.705673758       -0.000442327       -1.296218943
     87        1.883718249       -0.127348890       -1.320635765
     88        1.952945916       -0.332792732       -1.358070995
     89        2.151012077       -0.401496044       -1.424781377
     90        2.051446787       -0.545027475       -1.558518499
     91        2.239068209       -0.576412335       -1.669033203
     92        2.061153692       -0.613111664       -1.793129126
     93        2.228884443       -0.628645306       -1.934639754
     94        2.033070044       -0.640032830       -2.034276153
     95        0.786975531        0.930276418       -1.292698854
     96        0.993765048        0.855941323       -1.303689419
     97        1.199250212        0.778115993       -1.314963608
     98        1.398170171        0.684621790       -1.324778989
     99        1.593711312        0.584296156       -1.335014020
    100        1.778516521        0.465405437       -1.345824007
    101        1.952969326        0.331863674       -1.357544250
    102        2.112731418        0.182002959       -1.378058484
    103        2.233248051       -0.000451720       -1.402324474
    104        2.401432077       -0.124800895       -1.470534593
    105        2.427287006       -0.317223188       -1.574005031
    106        2.601815504       -0.382187128       -1.691137487
    107        2.473952706       -0.470574674       -1.846826395
    108        2.622874894       -0.500505687       -2.005969688
    109        2.445913916       -0.525244566       -2.134317726
    110        2.591787513       -0.549959986       -2.297136907
    111        2.385067130       -0.561787793       -2.371482598
    112        1.220807354        0.826287565       -1.504813187
    113        1.431648250        0.765101733       -1.519306381
    114        1.641658600        0.701214907       -1.534185604
    115        1.847685328        0.624865095       -1.545584062
    116        2.051733026        0.543439083       -1.557425299
    117        2.243571538        0.436011318       -1.565296261
    118        2.427605349        0.315737952       -1.573678600
    119        2.592268281        0.174253008       -1.609328851
    120        2.718182605       -0.000868128       -1.652696836
    121        2.866435411       -0.117009357       -1.766422706
    122        2.861193168       -0.275001501       -1.919432674
    123        2.969830578       -0.333302502       -2.101640180
    124        2.840944710       -0.388198852       -2.271273728
    125        2.937056862       -0.427488545       -2.465230069
    126        2.753987733       -0.452167367       -2.584717652
    127        2.881973971       -0.488294659       -2.711959244
    128        2.670558664       -0.505925476       -2.770210588
    129        1.640044242        0.728048288       -1.746713605
    130        1.851253422        0.670355890       -1.768399945
    131        2.061730688        0.610290193       -1.790740069
    132        2.268768009        0.540873159       -1.817635771
    133        2.474156520        0.467224027       -1.845876844
    134        2.670411165        0.374297841       -1.881285480
    135        2.860989580        0.271440758       -1.920078533
    136        3.020473124        0.148051322       -2.008073260
    137        3.141215507       -0.002006295       -2.114406817
    138        3.219352267       -0.102014644       -2.294114746
    139        3.181277498       -0.207755750       -2.483247109
    140        3.205425405       -0.272851870       -2.692006592
    141        3.073076496       -0.325501557       -2.859676112
    142        3.144306212       -0.406794797       -3.051295043
    143        2.935271440       -0.434507389       -3.114041947
    144        2.865224177       -0.472132215       -3.225402284
    145        2.034614911        0.637160234       -2.029356137
    146        2.241001501        0.579968564       -2.079783353
    147        2.446190250        0.520301546       -2.132188293
    148        2.644377412        0.452872289       -2.199885354
    149        2.839634307        0.381190941       -2.271606660
    150        3.014554627        0.294755041       -2.373281645
    151        3.178601227        0.199640226       -2.484850998
    152        3.272573749        0.101263517       -2.657755596
    153        3.322634358       -0.004846985       -2.843871812
    154        3.316896309       -0.099627513       -3.042336963
    155        3.259864624       -0.191340464       -3.234015921
    156        3.194828846       -0.270936811       -3.428539942
    157        2.387201015        0.559173265       -2.365998060
    158        2.573436318        0.505862232       -2.470327191
    159        2.755638441        0.449666021       -2.580119273
    160        2.919362791        0.388435069       -2.713738736
    161        3.073863003        0.323098887       -2.856110432
    162        3.178836177        0.257666037       -3.038064854
    163        3.261089313        0.188540685       -3.230065528
    164        3.296099771        0.112041744       -3.433362166
    165        2.673447125        0.503758888       -2.764241577
    166        2.812736790        0.469155957       -2.931007910
    167        2.939191673        0.432538310       -3.107297830
    168        3.025843330        0.392317471       -3.305496949
    169        0.719589003        0.843453874       -1.247283723
    170        0.838791649        0.367744227       -1.251219336
    171        1.215364836        0.563350051       -1.270063477
    172        1.405552441        0.796132789       -1.389227560
    173        0.864321330       -0.123677573       -1.252239977
    174        1.235893757        0.111282222       -1.264499458
    175        1.574518072        0.369291212       -1.292529822
    176        1.799519778        0.622491755       -1.402722452
    177        1.833011024        0.714461063       -1.641930779
    178        0.802490751       -0.612414500       -1.250962882
    179        1.191897436       -0.408658783       -1.265827921
    180        1.553994864       -0.159340666       -1.284090767
    181        1.883844071        0.126329810       -1.320415222
    182        2.151422630        0.399967260       -1.423716842
    183        2.240012046        0.574153037       -1.667006185
    184        2.230863462        0.625766708       -1.930578327
    185        0.993790261       -0.857048748       -1.305143373
    186        1.398184141       -0.685663722       -1.325924811
    187        1.778519734       -0.466389486       -1.346583977
    188        2.112780509       -0.182976181       -1.378341364
    189        2.402018641        0.123281904       -1.470204321
    190        2.602810657        0.379772367       -1.690311410
    191        2.623758282        0.496311017       -2.004538519
    192        2.594269802        0.546587630       -2.292754571
    193        1.431313182       -0.766749840       -1.521553891
    194        1.847386232       -0.626475970       -1.547060025
    195        2.243282464       -0.437568766       -1.566027045
    196        2.592181575       -0.175964989       -1.609483146
    197        2.867333977        0.114162800       -1.766376161
    198        2.970037034        0.328098300       -2.102559306
    199        2.939901986        0.423308794       -2.462846689
    200        2.884982798        0.486017578       -2.706462707
    201        1.850523073       -0.672900338       -1.771503343
    202        2.268366456       -0.543951997       -1.819326998
    203        2.670409594       -0.377786207       -1.881465631
    204        3.020992009       -0.152092671       -2.007527600
    205        3.219506685        0.096107691       -2.295088981
    206        3.209271264        0.268176698       -2.691643532
    207        3.148704395        0.405014332       -3.046080669
    208        2.868184483        0.470194134       -3.219425609
    209        2.240060981       -0.583851316       -2.083342014
    210        2.644853852       -0.458836161       -2.200803900
    211        3.016632486       -0.302429032       -2.372185739
    212        3.275204124       -0.110278282       -2.656684419
    213        3.320231506        0.093575219       -3.040624247
    214        3.196548652        0.268765838       -3.424495189
    215        2.571502378       -0.508402540       -2.475416482
    216        2.918047900       -0.390863311       -2.717891362
    217        3.177684220       -0.260231817       -3.041899719
    218        3.296033789       -0.116892169       -3.437870834
    219        2.809194762       -0.471196573       -2.937495390
    220        3.022581699       -0.394336446       -3.311962687
    221        0.135349582       -1.272084722       -1.049442622
    222        0.270647003       -1.194101546       -1.098920832
    223        0.405892108       -1.116050376       -1.148434729
    224        0.541084740       -1.037931116       -1.197984410
    225        0.135328729        1.271881601       -1.049176130
    226        0.270605117        1.193694968       -1.098387699
    227        0.405829007        1.115440003       -1.147634807
    228        0.541000242        1.037116608       -1.196917550
    0.0000052 
    0.0000046 
    0.0000040 
    0.0000035 
    0.0000028 
    0.0000022 
    0.0000017 
    0.0000013 
    0.0000010 
    0.0000012 
    0.0000015 
    0.0000047 
    0.0000043 
    0.0000039 
    0.0000035 
    0.0000032 
    0.0000030 
    0.0000030 
    0.0000023 
    0.0000018 
    0.0000014 
    0.0000012 
    0.0000013 
    0.0000017 
    0.0000022 
    0.0000033 
    0.0000030 
    0.0000028 
    0.0000028 
    0.0000029 
    0.0000031 
    0.0000034 
    0.0000036 
    0.0000017 
    0.0000013 
    0.0000012 
    0.0000014 
    0.0000018 
    0.0000023 
    0.0000026 
    0.0000029 
    0.0000031 
    0.0000034 
    0.0000038 
    0.0000042 
    0.0000047 
    0.0000050 
    0.0000012 
    0.0000010 
    0.0000012 
    0.0000017 
    0.0000022 
    0.0000028 
    0.0000032 
    0.0000039 
    0.0000045 
    0.0000051 
   -0.4584547 
    0.0000060 
    0.0000080 
    0.0000012 
    0.0000036 
    0.0000010 
    0.0000218 
    0.0000158 
    0.0000130 
    0.0000090 
    0.0000043 
    0.0000047 
    0.0000005 
    0.0000024 
    0.0000024 
    0.0000534 
    0.0000413 
    0.0000382 
    0.0000260 
    0.0000234 
    0.0000134 
    0.0000107 
    0.0000065 
    0.0000014 
    0.0000032 
    0.0000022 
    0.0000016 
    0.0000038 
    0.0000868 
    0.0000831 
    0.0000688 
    0.0000654 
    0.0000498 
    0.0000470 
    0.0000309 
    0.0000290 
    0.0000124 
    0.0000098 
    0.0000054 
    0.0000030 
    0.0000028 
    0.0000043 
    0.0000005 
    0.0000051 
    0.0000789 
    0.0000751 
    0.0000644 
    0.0000607 
    0.0000485 
    0.0000454 
    0.0000290 
    0.0000270 
    0.0000130 
    0.0000108 
    0.0000069 
    0.0000074 
    0.0000030 
    0.0000065 
   -0.1633884 
    0.0000051 
    0.0000829 
    0.0000790 
    0.0000677 
    0.0000640 
    0.0000510 
    0.0000477 
    0.0000313 
    0.0000293 
    0.0000203 
    0.0000198 
    0.0000119 
    0.0000133 
    0.0000008 
    0.0000072 
   -0.3780301 
    0.0000952 
    0.0000915 
    0.0000800 
    0.0000766 
    0.0000629 
    0.0000603 
    0.0000497 
    0.0000491 
    0.0000485 
    0.0000486 
    0.0000499 
    0.0001056 
    0.0001026 
    0.0000935 
    0.0000912 
    0.0000851 
    0.0000842 
    0.0000759 
    0.0001031 
    0.0001015 
    0.0000942 
   -0.4594609 
    0.0000060 
    0.0000080 
    0.0000012 
    0.0000036 
    0.0000010 
    0.0000217 
    0.0000158 
    0.0000130 
    0.0000090 
    0.0000043 
    0.0000048 
    0.0000005 
    0.0000024 
    0.0000024 
    0.0000534 
    0.0000412 
    0.0000381 
    0.0000259 
    0.0000234 
    0.0000134 
    0.0000107 
    0.0000065 
    0.0000014 
    0.0000032 
    0.0000022 
    0.0000016 
    0.0000037 
    0.0000867 
    0.0000829 
    0.0000687 
    0.0000652 
    0.0000497 
    0.0000469 
    0.0000308 
    0.0000289 
    0.0000124 
    0.0000097 
    0.0000054 
    0.0000029 
    0.0000028 
    0.0000043 
    0.0000004 
    0.0000051 
    0.0000789 
    0.0000750 
    0.0000643 
    0.0000606 
    0.0000483 
    0.0000452 
    0.0000289 
    0.0000268 
    0.0000128 
    0.0000106 
    0.0000068 
    0.0000073 
    0.0000028 
    0.0000064 
   -0.1616863 
    0.0000051 
    0.0000826 
    0.0000787 
    0.0000673 
    0.0000636 
    0.0000505 
    0.0000472 
    0.0000306 
    0.0000287 
    0.0000197 
    0.0000193 
    0.0000109 
    0.0000125 
    0.0000007 
    0.0000071 
   -0.3729147 
    0.0000937 
    0.0000899 
    0.0000784 
    0.0000749 
    0.0000609 
    0.0000582 
    0.0000472 
    0.0000465 
    0.0000436 
    0.0000438 
    0.0000461 
    0.0001068 
    0.0001038 
    0.0000947 
    0.0000924 
    0.0000863 
    0.0000855 
    0.0000783 
    0.0001061 
    0.0001045 
    0.0000972 
    0.0006053 
    0.0005988 
    0.0005160 
    0.0005206 
    0.0004906 
    0.0005206 
    0.0005161 
    0.0005989 
    0.0006054 
    0.0002169 
    0.0004675 
    0.0007170 
    0.0009355 
    0.0011261 
    0.0013112 
    0.0015177 
    0.0000052 
    0.0000046 
    0.0000040 
    0.0000035 
    0.0000062 
    0.0000028 
    0.0000022 
    0.0000017 
    0.0000013 
    0.0000010 
    0.0000012 
    0.0000015 
    0.0000101 
    0.0000047 
    0.0000043 
    0.0000039 
    0.0000035 
    0.0000032 
    0.0000030 
    0.0000030 
    0.0000052 
    0.0000023 
    0.0000018 
    0.0000014 
    0.0000012 
    0.0000013 
    0.0000017 
    0.0000022 
    0.0000071 
    0.0000033 
    0.0000030 
    0.0000028 
    0.0000028 
    0.0000029 
    0.0000031 
    0.0000034 
    0.0000036 
    0.0000042 
    0.0000017 
    0.0000013 
    0.0000012 
    0.0000014 
    0.0000018 
    0.0000023 
    0.0000026 
    0.0000058 
    0.0000029 
    0.0000031 
    0.0000034 
    0.0000038 
    0.0000042 
    0.0000047 
    0.0000050 
    0.0000029 
    0.0000012 
    0.0000010 
    0.0000012 
    0.0000017 
    0.0000022 
    0.0000028 
    0.0000032 
    0.0000071 
    0.0000039 
    0.0000045 
    0.0000051 
    0.0015232 
    0.0013172 
    0.0011326 
    0.0009432 
    0.0007287 
    0.0004768 
    0.0002191 
    0.0019176 
    0.0019174 
    0.0019172 
    0.0019170 
    0.0019167 
    0.0019133 
    0.0019131 
    0.0019129 
    0.0019126 
    0.0019124 




        0.000 
element drag (N)				:          158 
surface drag (N)				:            0 
forces along X Y and Z axes (N)		:    158.29048     -0.01584    -57.63978 
maximal catch diameter (m) 			:        0.000 
thickness of the catch (m) 			:        0.000 
volume of the catch (m3) 			:       0.0000 
current amplitude (m/s)			:        0.600 
filtered surface (m2) 				:         0.00 
