      1        0.000000000       -1.350000000       -1.000000000
      2        0.691425022       -0.974217793       -1.227642213
      3        0.000000000        1.350000000       -1.000000000
      4        0.691489061        0.974340859       -1.227656800
      5        2.829388828       -0.564334229       -3.073517153
      6        2.830848004        0.564897136       -3.072500365
      7        2.838865605       -0.563911401       -3.107662667
      8        2.848743655       -0.563222183       -3.141689676
      9        2.860313364       -0.561477888       -3.175141138
     10        2.877379644       -0.552567052       -3.175067724
     11        2.891334994       -0.548147059       -3.207341786
     12        2.910173745       -0.539743774       -3.236158240
     13        2.940169960       -0.520928289       -3.234712157
     14        2.960061280       -0.510094359       -3.255561933
     15        2.983158894       -0.496887177       -3.278970473
     16        3.011417488       -0.478451753       -3.289809736
     17        3.038136990       -0.459805496       -3.291807175
     18        3.063318793       -0.443275105       -3.310475718
     19        3.090919876       -0.423855797       -3.321291256
     20        3.119248720       -0.402563630       -3.321395284
     21        3.144785338       -0.381959597       -3.330788152
     22        3.170717137       -0.359840801       -3.340494170
     23        3.196909253       -0.335977623       -3.341137042
     24        3.220932592       -0.312343638       -3.338093796
     25        3.242518695       -0.288278524       -3.352612801
     26        3.264557956       -0.260922063       -3.357281830
     27        3.284796922       -0.232667295       -3.350357748
     28        3.301760108       -0.206164350       -3.355956781
     29        3.318239335       -0.176766482       -3.366916016
     30        3.332928227       -0.144574901       -3.364959407
     31        3.343722511       -0.114213875       -3.352916346
     32        3.352689292       -0.084041147       -3.369198032
     33        3.359078988       -0.049384324       -3.372937040
     34        3.361507653       -0.015667179       -3.362299388
     35        3.361265369        0.014719595       -3.361612977
     36        3.358750457        0.048528140       -3.371935141
     37        3.352272092        0.083120356       -3.367774235
     38        3.343259559        0.113095195       -3.351155775
     39        3.332295011        0.143964471       -3.361834436
     40        3.318289615        0.176357868       -3.365060331
     41        3.302182805        0.206239466       -3.354883644
     42        3.285345269        0.232603762       -3.348425035
     43        3.265261709        0.260953649       -3.355413555
     44        3.243347109        0.288414918       -3.350773100
     45        3.221861661        0.312566399       -3.336248208
     46        3.197863062        0.336325391       -3.338754907
     47        3.171909241        0.360449344       -3.339325436
     48        3.145995951        0.382940840       -3.330463160
     49        3.120645689        0.403425800       -3.320406032
     50        3.092334045        0.424741342       -3.320348389
     51        3.064762670        0.444153389       -3.309444408
     52        3.039651880        0.460630998       -3.290633707
     53        3.012656582        0.479098705       -3.287029722
     54        2.983970918        0.497832431       -3.277969763
     55        2.960204166        0.511513781       -3.255523131
     56        2.940532127        0.522077644       -3.234435511
     57        2.910694808        0.541145302       -3.235865660
     58        2.892565750        0.549142373       -3.206483934
     59        2.879031497        0.553300356       -3.173996424
     60        2.862141336        0.562001110       -3.173984752
     61        2.850151151        0.563878300       -3.140688920
     62        2.840291895        0.564518235       -3.106655501
     63        0.724611091       -0.855571491       -1.228103802
     64        0.793194478       -0.932497180       -1.225587980
     65        0.804656107       -0.948730911       -1.269972084
     66        0.751456158       -0.735334343       -1.228446445
     67        0.824220229       -0.808916790       -1.229789889
     68        0.894135816       -0.888789531       -1.224099824
     69        0.908087222       -0.911902996       -1.263025347
     70        0.917310981       -0.923912687       -1.314173188
     71        0.772526631       -0.613954248       -1.228726600
     72        0.850318542       -0.687100470       -1.229422080
     73        0.923342948       -0.761235236       -1.231384272
     74        0.994161126       -0.843008374       -1.223308467
     75        1.010761018       -0.872905442       -1.256726238
     76        1.021782546       -0.890451796       -1.305876637
     77        1.029194162       -0.899722829       -1.360605343
     78        0.788446435       -0.491793584       -1.228941508
     79        0.870481805       -0.563908634       -1.229835308
     80        0.948439814       -0.637377085       -1.230390964
     81        1.021847483       -0.712285842       -1.232833636
     82        1.093168097       -0.795059456       -1.223266836
     83        1.112631129       -0.831741589       -1.251224841
     84        1.125606521       -0.854970348       -1.297860147
     85        1.134542028       -0.869105725       -1.352406244
     86        1.140148941       -0.876081866       -1.409463689
     87        0.800116299       -0.369155248       -1.229101365
     88        0.885005050       -0.439105600       -1.230026031
     89        0.967262872       -0.511628626       -1.230906974
     90        1.045580094       -0.585764443       -1.231364440
     91        1.119549149       -0.661748737       -1.234088206
     92        1.191001136       -0.744764259       -1.223937386
     93        1.213641840       -0.788410888       -1.246600048
     94        1.228704380       -0.817344685       -1.290270597
     95        1.239323018       -0.836582308       -1.344293483
     96        1.246130964       -0.847401259       -1.402530450
     97        1.250024622       -0.852943178       -1.460911739
     98        0.808114931       -0.246223908       -1.229212209
     99        0.895056684       -0.313605352       -1.230170864
    100        0.979945980       -0.383555497       -1.231071486
    101        1.062381523       -0.456381658       -1.231932288
    102        1.141377172       -0.531700604       -1.232352415
    103        1.216049695       -0.608950467       -1.235125603
    104        1.287510340       -0.691985161       -1.225194892
    105        1.313710790       -0.742867166       -1.242867298
    106        1.330987168       -0.777453949       -1.283251457
    107        1.343447772       -0.801972333       -1.336376879
    108        1.351604042       -0.816908561       -1.395580632
    109        1.356459697       -0.825589451       -1.455793827
    110        1.358673850       -0.830281703       -1.515086322
    111        0.812808829       -0.123122823       -1.229277946
    112        0.901529060       -0.188144863       -1.230263384
    113        0.988471352       -0.255526226       -1.231199024
    114        1.073361173       -0.325476235       -1.232077899
    115        1.155797544       -0.398301978       -1.232907570
    116        1.235254928       -0.474369896       -1.233362533
    117        1.310840661       -0.553137862       -1.235909933
    118        1.382334841       -0.636249004       -1.226903132
    119        1.412710994       -0.694986527       -1.239999911
    120        1.432348396       -0.735167481       -1.276933742
    121        1.446807701       -0.765076121       -1.328779151
    122        1.456475154       -0.784394754       -1.388694654
    123        1.462426650       -0.796490046       -1.450606231
    124        1.465433136       -0.803862529       -1.512376722
    125        1.465939703       -0.808091788       -1.572119326
    126        0.814382278        0.000057244       -1.229300550
    127        0.904721608       -0.062696482       -1.230308384
    128        0.993442476       -0.127718640       -1.231271194
    129        1.080385373       -0.195100096       -1.232185175
    130        1.165275785       -0.265050147       -1.233043296
    131        1.247713098       -0.337875655       -1.233837275
    132        1.327169982       -0.413943738       -1.234400246
    133        1.403211687       -0.493402950       -1.236383410
    134        1.474757200       -0.576625966       -1.228954277
    135        1.510450947       -0.644544805       -1.237947241
    136        1.532652681       -0.690325738       -1.271431209
    137        1.549267563       -0.725666498       -1.321635297
    138        1.560627359       -0.749617590       -1.381969868
    139        1.567832435       -0.765423089       -1.445411538
    140        1.571757363       -0.775754398       -1.509586028
    141        1.572912149       -0.782406027       -1.572132090
    142        1.571656393       -0.786376470       -1.632131895
    143        0.812816042        0.123237404       -1.229279780
    144        0.904725283        0.062805667       -1.230309315
    145        0.995065263        0.000051941       -1.231294826
    146        1.083786688       -0.064970281       -1.232236327
    147        1.170730111       -0.132351777       -1.233129769
    148        1.255621043       -0.202301822       -1.233967640
    149        1.338059121       -0.275127053       -1.234736133
    150        1.417515666       -0.351195109       -1.235379185
    151        1.493565593       -0.430658964       -1.236784682
    152        1.565155581       -0.513980302       -1.231086699
    153        1.606646256       -0.591193929       -1.236647476
    154        1.631718871       -0.642716026       -1.266841087
    155        1.650654071       -0.683476502       -1.315092846
    156        1.663910988       -0.712292743       -1.375524265
    157        1.672557968       -0.732126222       -1.440288937
    158        1.677555332       -0.745731272       -1.506769059
    159        1.679474296       -0.755071002       -1.572069598
    160        1.678720388       -0.761294685       -1.635459768
    161        1.675648102       -0.765146267       -1.695236472
    162        0.808129339        0.246338763       -1.229215876
    163        0.901540074        0.188254244       -1.230266181
    164        0.993449952        0.127822626       -1.231273088
    165        1.083790489        0.065068963       -1.232237290
    166        1.172512382        0.000046741       -1.233158433
    167        1.259456247       -0.067334734       -1.234032231
    168        1.344347612       -0.137284719       -1.234850847
    169        1.426786310       -0.210109629       -1.235600456
    170        1.506242939       -0.286177508       -1.236269724
    171        1.582297920       -0.365643053       -1.237245533
    172        1.653916353       -0.449033124       -1.233129443
    173        1.700867242       -0.534418458       -1.236047001
    174        1.729295180       -0.592043644       -1.263250170
    175        1.750738300       -0.638181646       -1.309313875
    176        1.766130589       -0.672081783       -1.369501435
    177        1.776448205       -0.696285995       -1.435339459
    178        1.782709152       -0.713523195       -1.503996715
    179        1.785536126       -0.725857710       -1.571984005
    180        1.785393162       -0.734596530       -1.638751196
    181        1.782641410       -0.740518926       -1.702222013
    182        1.777725680       -0.744422341       -1.761538029
    183        0.800138086        0.369270584       -1.229106865
    184        0.895075136        0.313714975       -1.230175531
    185        0.988486410        0.255630375       -1.231202820
    186        1.080396893        0.195198850       -1.232188067
    187        1.170737956        0.132445227       -1.233131730
    188        1.259460291        0.067422985       -1.234033230
    189        1.346404570        0.000041510       -1.234888055
    190        1.431296339       -0.069908436       -1.235688050
    191        1.513735620       -0.142733055       -1.236419563
    192        1.593192626       -0.218800754       -1.237079705
    193        1.669250537       -0.298266593       -1.237768088
    194        1.740883966       -0.381700107       -1.235019673
    195        1.792448589       -0.473474794       -1.236111654
    196        1.825021551       -0.537897839       -1.260745251
    197        1.849208067       -0.589375268       -1.304479794
    198        1.867025081       -0.628575797       -1.364077429
    199        1.879297397       -0.657523909       -1.430693230
    200        1.887063723       -0.678804422       -1.501361889
    201        1.890980401       -0.694490898       -1.571943381
    202        1.891585366       -0.706051631       -1.642059862
    203        1.889251512       -0.714291039       -1.709228597
    204        1.884435322       -0.720146404       -1.772789984
    205        1.877691180       -0.724235319       -1.831126350
    206        0.788476033        0.491909664       -1.228948842
    207        0.885031292        0.439215514       -1.230032572
    208        0.979968888        0.383659699       -1.231077194
    209        1.073380686        0.325574963       -1.232082735
    210        1.165291761        0.265143481       -1.233047226
    211        1.255633344        0.202389852       -1.233970639
    212        1.344356113        0.137367549       -1.234852885
    213        1.431300795        0.069986036       -1.235689090
    214        1.516192959        0.000036090       -1.236470302
    215        1.598632820       -0.072788277       -1.237181795
    216        1.678090323       -0.148855831       -1.237815918
    217        1.754149864       -0.228321511       -1.238333103
    218        1.825788850       -0.311780249       -1.236734105
    219        1.880326939       -0.407308187       -1.236836409
    220        1.918370189       -0.479710739       -1.259427168
    221        1.945623637       -0.536535140       -1.300800031
    222        1.966236879       -0.581273225       -1.359470394
    223        1.980826657       -0.615377993       -1.426519602
    224        1.990410982       -0.641177813       -1.498987906
    225        1.995651575       -0.660636074       -1.572037959
    226        1.997179941       -0.675381869       -1.645455693
    227        1.995387761       -0.686229474       -1.716313120
    228        1.990755366       -0.694272693       -1.784161516
    229        1.983830145       -0.700050947       -1.847017201
    230        1.975330874       -0.704642800       -1.904091063
    231        0.772564478        0.614071404       -1.228735766
    232        0.870517285        0.564021141       -1.229843713
    233        0.967295135        0.511735164       -1.230914578
    234        1.062409257        0.456480385       -1.231939039
    235        1.155821883        0.398395231       -1.232913444
    236        1.247733900        0.337963515       -1.233842264
    237        1.338076247        0.275209609       -1.234740216
    238        1.426799636        0.210186986       -1.235603586
    239        1.513744902        0.142805181       -1.236421696
    240        1.598637645        0.072854984       -1.237182887
    241        1.681078270        0.000030617       -1.237872089
    242        1.760536439       -0.076037041       -1.238477602
    243        1.836597052       -0.155502719       -1.238904728
    244        1.908235605       -0.238975319       -1.238293257
    245        1.962777839       -0.334501255       -1.238259648
    246        2.008547997       -0.416708562       -1.259428608
    247        2.039344691       -0.478979652       -1.298526069
    248        2.063262620       -0.529550561       -1.355954224
    249        2.080648986       -0.569278748       -1.423041432
    250        2.092465766       -0.600154329       -1.497040713
    251        2.099339011       -0.623882224       -1.572389105
    252        2.102020527       -0.642247521       -1.649031351
    253        2.100930799       -0.656051831       -1.723549141
    254        2.096591852       -0.666565580       -1.795715920
    255        2.089548656       -0.674247369       -1.863157007
    256        2.080442652       -0.680040868       -1.925285701
    257        2.070377101       -0.685774989       -1.980572353
    258        0.751502675        0.735453006       -1.228457437
    259        0.850363157        0.687215222       -1.229432388
    260        0.948482042        0.637487115       -1.230400565
    261        1.045619255        0.585868687       -1.231373307
    262        1.141412270        0.531797637       -1.232360509
    263        1.235284428        0.474457751       -1.233369803
    264        1.327195945        0.414026197       -1.234406649
    265        1.417537954        0.351272263       -1.235384554
    266        1.506261426        0.286249462       -1.236274060
    267        1.593207070        0.218867477       -1.237083003
    268        1.678100311        0.148917136       -1.237818162
    269        1.760541601        0.076092873       -1.238478749
    270        1.840000057        0.000025215       -1.239084631
    271        1.916060470       -0.079440475       -1.239581157
    272        1.987695213       -0.162918674       -1.239677227
    273        2.042224457       -0.258448410       -1.240516455
    274        2.094332721       -0.347861689       -1.260936224
    275        2.129406834       -0.415814712       -1.297972512
    276        2.157372718       -0.472625814       -1.353877736
    277        2.178213416       -0.518518652       -1.420555201
    278        2.192827925       -0.555126500       -1.495746611
    279        2.201750966       -0.583718948       -1.573162773
    280        2.205893754       -0.606228740       -1.652911997
    281        2.205720251       -0.623411786       -1.731033817
    282        2.201820583       -0.636738873       -1.807534141
    283        2.194746877       -0.646587132       -1.879613189
    284        2.185065573       -0.653787301       -1.946909501
    285        2.174054109       -0.660527365       -2.007344075
    286        2.162459444       -0.667845172       -2.060798873
    287        0.724666525        0.855692147       -1.228116605
    288        0.824273713        0.809033260       -1.229801992
    289        0.923394179        0.761346997       -1.231395634
    290        1.021896072        0.712392262       -1.232844202
    291        1.119594587        0.661849046       -1.234097915
    292        1.216091378        0.609043896       -1.235134372
    293        1.310877837        0.553223623       -1.235917657
    294        1.403243260        0.493480036       -1.236389984
    295        1.493593485        0.430730746       -1.236790557
    296        1.582322008        0.365709638       -1.237250662
    297        1.669270578        0.298327950       -1.237772401
    298        1.754165449        0.228377450       -1.238336523
    299        1.836607811        0.155553187       -1.238907084
    300        1.916066067        0.079485539       -1.239582332
    301        1.992125004        0.000019847       -1.240300048
    302        2.063753424       -0.083460771       -1.241037470
    303        2.118213552       -0.178987031       -1.244024378
    304        2.173716399       -0.271780456       -1.264243780
    305        2.214309524       -0.345884512       -1.299546227
    306        2.247477771       -0.409519900       -1.353690559
    307        2.272713850       -0.462216713       -1.419458944
    308        2.290921450       -0.505335488       -1.495418030
    309        2.302473238       -0.539506630       -1.574589602
    310        2.308501508       -0.566800854       -1.657269996
    311        2.309535775       -0.587879404       -1.738898237
    312        2.306273925       -0.604440515       -1.819722005
    313        2.299292467       -0.616780870       -1.896471627
    314        2.289090746       -0.625649194       -1.969037443
    315        2.277143537       -0.633603989       -2.034741791
    316        2.264541052       -0.642874651       -2.093340280
    317        2.251208426       -0.650995898       -2.144909072
    318        0.793256605        0.932615649       -1.225601259
    319        0.894195711        0.888902883       -1.224112048
    320        0.994218457        0.843116139       -1.223319949
    321        1.093222534        0.795161247       -1.223277874
    322        1.191052333        0.744859744       -1.223948179
    323        1.287557811        0.692073831       -1.225205519
    324        1.382377835        0.636330053       -1.226913560
    325        1.474794610        0.576698348       -1.228964375
    326        1.565189291        0.514047316       -1.231095960
    327        1.653946239        0.449094880       -1.233137662
    328        1.740909792        0.381756584       -1.235026648
    329        1.825810211        0.311831269       -1.236739603
    330        1.908252142        0.239020838       -1.238297048
    331        1.987706592        0.162958775       -1.239679396
    332        2.063759215        0.083495493       -1.241037899
    333        2.135381378        0.000014873       -1.242227409
    334        2.189548913       -0.095437619       -1.249626404
    335        2.244133715       -0.187464883       -1.270008522
    336        2.291660776       -0.267782446       -1.303777760
    337        2.331906971       -0.339038138       -1.355973913
    338        2.362938417       -0.399287052       -1.420289017
    339        2.385894819       -0.449834533       -1.496490323
    340        2.400901864       -0.490439231       -1.576994979
    341        2.409416360       -0.523301868       -1.662347105
    342        2.412067130       -0.548914666       -1.747322921
    343        2.409720353       -0.569231952       -1.832420951
    344        2.403006284       -0.584471628       -1.913843993
    345        2.392374461       -0.595343397       -1.991764318
    346        2.379519753       -0.604775125       -2.062862681
    347        2.365910808       -0.616196441       -2.126738139
    348        2.351388344       -0.627074546       -2.183571985
    349        2.336284197       -0.635281462       -2.232930675
    350        0.804720306        0.948840158       -1.269978674
    351        0.908149245        0.912006477       -1.263030105
    352        1.010820623        0.873002787       -1.256729574
    353        1.112688104        0.831832556       -1.251227212
    354        1.213696011        0.788495379       -1.246601885
    355        1.313762021        0.742945212       -1.242868952
    356        1.412759173        0.695058258       -1.240001626
    357        1.510495980        0.644610431       -1.237949148
    358        1.606688062        0.591253733       -1.236649599
    359        1.700905751        0.534472790       -1.236049290
    360        1.792483765        0.473524116       -1.236113998
    361        1.880358858        0.407353181       -1.236838654
    362        1.962804914        0.334540757       -1.238261597
    363        2.042246374        0.258482504       -1.240517727
    364        2.118229899        0.179015744       -1.244024442
    365        2.189559336        0.095461353       -1.249627654
    366        2.243362676        0.000008865       -1.259349813
    367        2.299331670       -0.092704315       -1.278637792
    368        2.357624383       -0.180074068       -1.311326801
    369        2.408057351       -0.259841841       -1.361462849
    370        2.447022994       -0.328442856       -1.423761422
    371        2.476456537       -0.387461539       -1.499571275
    372        2.496131510       -0.435503377       -1.580843285
    373        2.508008132       -0.474891685       -1.668488029
    374        2.512865546       -0.505832416       -1.756561357
    375        2.511831908       -0.530560343       -1.845824305
    376        2.505640181       -0.549213714       -1.931878603
    377        2.494723386       -0.562522124       -2.015211777
    378        2.481019505       -0.573766137       -2.091825867
    379        2.466412649       -0.587568205       -2.161127428
    380        2.450692278       -0.601418303       -2.223363998
    381        2.433930816       -0.612573397       -2.278235316
    382        2.417305110       -0.620761004       -2.324882659
    383        0.917376323        0.924006952       -1.314169176
    384        1.021845681        0.890539805       -1.305870084
    385        1.125667217        0.855051698       -1.297851474
    386        1.228762408        0.817419048       -1.290260323
    387        1.331042318        0.777521115       -1.283240171
    388        1.432400492        0.735227385       -1.276922067
    389        1.532701585        0.690378474       -1.271419763
    390        1.631764490        0.642761850       -1.266830444
    391        1.729337474        0.592082971       -1.263240839
    392        1.825060544        0.537931249       -1.260737666
    393        1.918405999        0.479738994       -1.259421690
    394        2.008580898        0.416732654       -1.259425534
    395        2.094363309        0.347882955       -1.260935797
    396        2.173745945        0.271800758       -1.264246207
    397        2.244154423        0.187477819       -1.270011166
    398        2.299345539        0.092713222       -1.278639942
    399        2.355602511        0.000000030       -1.297081041
    400        2.415124553       -0.087587806       -1.326845922
    401        2.471930279       -0.170791103       -1.371011193
    402        2.522074666       -0.248325235       -1.430794771
    403        2.560609069       -0.316861173       -1.505497176
    404        2.586769400       -0.373450165       -1.586799342
    405        2.603320704       -0.420507675       -1.676191305
    406        2.611262788       -0.457758514       -1.766976765
    407        2.612130939       -0.487721875       -1.860202360
    408        2.606841569       -0.510444292       -1.950776763
    409        2.595871819       -0.526753856       -2.039538568
    410        2.581427049       -0.540245801       -2.121778871
    411        2.565845656       -0.556705558       -2.196669548
    412        2.548925243       -0.573768542       -2.264455913
    413        2.530476984       -0.588136239       -2.324974450
    414        2.511827389       -0.599665778       -2.377069840
    415        2.493856077       -0.607451497       -2.420753104
    416        1.029262035        0.899800913       -1.360587486
    417        1.134607882        0.869177890       -1.352384558
    418        1.239386637        0.836648113       -1.344268431
    419        1.343508932        0.802031382       -1.336349033
    420        1.446866180        0.765128095       -1.328749192
    421        1.549323146        0.725711190       -1.321604002
    422        1.650706563        0.683513841       -1.315061069
    423        1.750787530        0.638211724       -1.309282528
    424        1.849253903        0.589398363       -1.304449817
    425        1.945665996        0.536551732       -1.300772374
    426        2.039383568        0.478990444       -1.298501672
    427        2.129442341        0.415820663       -1.297952293
    428        2.214341977        0.345886870       -1.299531068
    429        2.291690857        0.267782774       -1.303768502
    430        2.357653726        0.180074417       -1.311324223
    431        2.415139505        0.087579000       -1.326842103
    432        2.475596602       -0.000008958       -1.354662008
    433        2.534839207       -0.083674514       -1.394548031
    434        2.589405266       -0.163001460       -1.447747053
    435        2.635255948       -0.236663971       -1.515361790
    436        2.670633671       -0.302831851       -1.595799911
    437        2.693864813       -0.358837052       -1.686181584
    438        2.706233955       -0.403582874       -1.779098175
    439        2.709900789       -0.439816218       -1.875941242
    440        2.706095278       -0.467446200       -1.970817779
    441        2.695445854       -0.487498292       -2.064955631
    442        2.680451941       -0.503811463       -2.152906496
    443        2.663947033       -0.523271622       -2.233558721
    444        2.645835900       -0.543824432       -2.307050496
    445        2.625680650       -0.561700435       -2.373349560
    446        2.604944339       -0.576872836       -2.431037869
    447        2.584752629       -0.588525691       -2.479765198
    448        2.565621057       -0.595237265       -2.520386975
    449        1.140221147        0.876142538       -1.409428216
    450        1.246201480        0.847456858       -1.402490133
    451        1.351672695        0.816958699       -1.395536007
    452        1.456541757        0.784439062       -1.388646357
    453        1.560691713        0.749655733       -1.381918648
    454        1.663972884        0.712324441       -1.375470988
    455        1.766189808        0.672106836       -1.369447097
    456        1.867081396        0.628594107       -1.364023156
    457        1.966290057        0.581284829       -1.359417444
    458        2.063312428        0.529555660       -1.355903986
    459        2.157418926        0.472624808       -1.353831732
    460        2.247520168        0.409513435       -1.353650435
    461        2.331945398        0.339027167       -1.355941431
    462        2.408091799        0.259827703       -1.361439860
    463        2.471961115        0.170775592       -1.370999568
    464        2.534854090        0.083648973       -1.394541912
    465        2.596494442       -0.000016935       -1.430613622
    466        2.654468996       -0.079996641       -1.479015661
    467        2.705491475       -0.155759927       -1.540310576
    468        2.747090115       -0.225896137       -1.614139948
    469        2.777282520       -0.288371313       -1.699494820
    470        2.796165065       -0.341934567       -1.793699321
    471        2.804033383       -0.385699202       -1.893600957
    472        2.802625904       -0.419302841       -1.992397478
    473        2.792905607       -0.444074779       -2.091748553
    474        2.777695217       -0.463970669       -2.185443051
    475        2.760367239       -0.486864554       -2.272030033
    476        2.741095383       -0.511232884       -2.351388984
    477        2.719230119       -0.532956225       -2.423597619
    478        2.696345365       -0.552096478       -2.487026086
    479        2.673794485       -0.567925693       -2.541001233
    480        2.651338951       -0.577682446       -2.587072273
    481        2.632380124       -0.584122336       -2.623556604
    482        1.250103410        0.852985104       -1.460854393
    483        1.356536965        0.825626232       -1.455732398
    484        1.462502262        0.796521386       -1.450541481
    485        1.567906238        0.765448705       -1.445344323
    486        1.672629795        0.732145852       -1.440220223
    487        1.776517870        0.696299415       -1.435270340
    488        1.879364695        0.657530947       -1.430624952
    489        1.980891362        0.615378562       -1.426453585
    490        2.080710853        0.569272879       -1.422979299
    491        2.178272190        0.518506559       -1.420498809
    492        2.272769293        0.462198876       -1.419410415
    493        2.362990378        0.399264357       -1.420250761
    494        2.447071588        0.328416802       -1.423736137
    495        2.522120696        0.248298174       -1.430785376
    496        2.589436306        0.162963583       -1.447742751
    497        2.654484526        0.079949487       -1.479019003
    498        2.715931432       -0.000030462       -1.522930171
    499        2.771357199       -0.076659555       -1.579113507
    500        2.818356492       -0.148977504       -1.647389996
    501        2.854728860       -0.215336666       -1.727226762
    502        2.879578752       -0.274060567       -1.816860902
    503        2.892770542       -0.323965893       -1.913998001
    504        2.895231521       -0.364855454       -2.016086441
    505        2.887450229       -0.395626640       -2.120310979
    506        2.872597023       -0.420119986       -2.219689077
    507        2.854633204       -0.447003384       -2.312369142
    508        2.834266713       -0.475577396       -2.397758450
    509        2.810718959       -0.501545064       -2.475996027
    510        2.785632403       -0.525015958       -2.545310148
    511        2.760579779       -0.545358198       -2.604731568
    512        2.734506581       -0.558478595       -2.656476096
    513        2.708618290       -0.566652135       -2.700923905
    514        2.693524348       -0.574795373       -2.730310500
    515        1.358761969        0.830303471       -1.515002408
    516        1.465519785        0.803878604       -1.512290433
    517        1.571842410        0.775764535       -1.509498468
    518        1.677638625        0.745735236       -1.506681409
    519        1.782790518        0.713520762       -1.503910245
    520        1.887142956        0.678795385       -1.501277976
    521        1.990487836        0.641161985       -1.498908054
    522        2.092539935        0.600131550       -1.496966581
    523        2.192899024        0.555096661       -1.495680045
    524        2.290988985        0.505298564       -1.495361108
    525        2.385958159        0.449790661       -1.496445405
    526        2.476514897        0.387411165       -1.499541056
    527        2.560661592        0.316805333       -1.505484718
    528        2.635302072        0.236604777       -1.515370475
    529        2.705519947        0.155689361       -1.540332075
    530        2.771368259        0.076574639       -1.579135305
    531        2.831300822       -0.000054091       -1.630485672
    532        2.883378236       -0.073373028       -1.693833293
    533        2.925486915       -0.142049831       -1.768739329
    534        2.956193434       -0.204404805       -1.854000340
    535        2.974859548       -0.258945687       -1.947687335
    536        2.981890150       -0.304782060       -2.047436444
    537        2.977860784       -0.341093875       -2.151192839
    538        2.964354647       -0.371524757       -2.256033634
    539        2.946093418       -0.403113950       -2.354923055
    540        2.924760343       -0.436366958       -2.446499034
    541        2.899610454       -0.467051297       -2.530866869
    542        2.872290563       -0.495268972       -2.606202767
    543        2.844593860       -0.520496956       -2.671259467
    544        2.814666688       -0.537392678       -2.728809738
    545        2.781673991       -0.547796645       -2.780988795
    546        2.758926441       -0.559354576       -2.817421699
    547        2.747502880       -0.568621787       -2.841067172
    548        1.466040545        0.808091875       -1.572003588
    549        1.573010804        0.782397000       -1.572019251
    550        1.679570554        0.755052613       -1.571961379
    551        1.785629753        0.725829742       -1.571882186
    552        1.891071128        0.694453170       -1.571849811
    553        1.995739088        0.660588434       -1.571954554
    554        2.099422932        0.623824563       -1.572317863
    555        2.201830829        0.583651211       -1.573105786
    556        2.302548460        0.539428849       -1.574549076
    557        2.400971717        0.490351603       -1.576973253
    558        2.496195114        0.435406407       -1.580842854
    559        2.586825803        0.373344977       -1.586822870
    560        2.670682232        0.302720762       -1.595850185
    561        2.747122266        0.225773231       -1.614209061
    562        2.818368327        0.148839417       -1.647467535
    563        2.883375254        0.073212943       -1.693895764
    564        2.940662461       -0.000103901       -1.752577753
    565        2.988348493       -0.069889656       -1.822981388
    566        3.024806717       -0.134562664       -1.904152853
    567        3.049009845       -0.192506390       -1.994470435
    568        3.060905491       -0.242401427       -2.091781442
    569        3.061179626       -0.283329005       -2.193885411
    570        3.051141347       -0.318290721       -2.297698495
    571        3.033836044       -0.354520164       -2.400109659
    572        3.011769624       -0.393028371       -2.498008437
    573        2.985187467       -0.428996292       -2.588578116
    574        2.955648078       -0.462447361       -2.670050795
    575        2.925172413       -0.492977525       -2.740916232
    576        2.891222435       -0.514159701       -2.804319653
    577        2.851207101       -0.527417164       -2.863770253
    578        2.820983824       -0.542882860       -2.906761913
    579        2.803775962       -0.557988624       -2.935002703
    580        2.793098336       -0.565353838       -2.955637704
    581        1.571774097        0.786353428       -1.631978589
    582        1.678834142        0.761256314       -1.635318087
    583        1.785502530        0.734542385       -1.638623780
    584        1.891689865        0.705981327       -1.641949336
    585        1.997279025        0.675295075       -1.645364656
    586        2.102113558        0.642143950       -1.648962351
    587        2.205979969        0.606108152       -1.652867507
    588        2.308579969        0.566663062       -1.657252379
    589        2.409485899        0.523146772       -1.662358562
    590        2.508067277        0.474719362       -1.668530533
    591        2.603367638        0.420318588       -1.676266503
    592        2.693897477        0.358632503       -1.686290639
    593        2.777299224        0.288154350       -1.699638157
    594        2.854719800        0.215101587       -1.727394327
    595        2.925455171        0.141792765       -1.768906745
    596        2.988314562        0.069590264       -1.823094997
    597        3.041660645       -0.000190711       -1.889318902
    598        3.083860340       -0.066001608       -1.966706480
    599        3.113654309       -0.126186218       -2.053831634
    600        3.130644854       -0.179186475       -2.148715180
    601        3.135462941       -0.223885603       -2.249110861
    602        3.129432605       -0.263040402       -2.351731299
    603        3.114998353       -0.302710432       -2.453309945
    604        3.094178826       -0.344910006       -2.552737640
    605        3.066483000       -0.386840097       -2.649536818
    606        3.034823115       -0.426098424       -2.737224086
    607        3.001453732       -0.462396954       -2.814047346
    608        2.963405205       -0.488481067       -2.883265511
    609        2.916762464       -0.505367805       -2.949322391
    610        2.879475288       -0.525246653       -2.998259067
    611        2.855210093       -0.546301731       -3.031550415
    612        2.835742377       -0.560087809       -3.056914720
    613        1.675787783        0.765098896       -1.695039230
    614        1.782772204        0.740440136       -1.702050155
    615        1.889372411        0.714179872       -1.709086117
    616        1.995497667        0.686085126       -1.716203895
    617        2.101028498        0.655873664       -1.723476895
    618        2.205804382        0.623199359       -1.731002061
    619        2.309604803        0.587632537       -1.738910184
    620        2.412119319        0.548633561       -1.747381360
    621        2.512898979        0.505517882       -1.756668463
    622        2.611275480        0.457412363       -1.767133805
    623        2.706224268        0.403208653       -1.779305050
    624        2.796132866        0.341538807       -1.793953874
    625        2.879519881        0.273646891       -1.817158999
    626        2.956103140        0.203968024       -1.854319934
    627        3.024701669        0.134086982       -1.904438457
    628        3.083776874        0.065454052       -1.966892829
    629        3.131710854       -0.000348384       -2.040874001
    630        3.167108846       -0.061637235       -2.125084687
    631        3.189306016       -0.116711566       -2.217685049
    632        3.198757098       -0.164215765       -2.316450887
    633        3.196984819       -0.206787003       -2.417866475
    634        3.186126221       -0.249862549       -2.518499625
    635        3.167948740       -0.294877242       -2.617209072
    636        3.142188322       -0.340001048       -2.714164684
    637        3.108656770       -0.385738389       -2.808088230
    638        3.072320440       -0.428323183       -2.890982050
    639        3.030232227       -0.460028480       -2.965889302
    640        2.977776337       -0.481491998       -3.037696649
    641        2.934137280       -0.506345092       -3.091847141
    642        2.901594261       -0.533366536       -3.130467667
    643        2.871826962       -0.554040960       -3.160667013
    644        1.777893362        0.744350566       -1.761290469
    645        1.884586373        0.720019612       -1.772581410
    646        1.990887818        0.694089081       -1.783997484
    647        2.096703551        0.666323603       -1.795601925
    648        2.201909156        0.636437319       -1.807475581
    649        2.306336751        0.604078649       -1.819724107
    650        2.409754568        0.568809746       -1.832488649
    651        2.511834460        0.530078870       -1.845962019
    652        2.612098812        0.487183956       -1.860413623
    653        2.709831574        0.439227485       -1.876228053
    654        2.803926723        0.385069819       -1.893962675
    655        2.892631517        0.323313042       -1.914429443
    656        2.974679561        0.258265572       -1.948165969
    657        3.048797854        0.191785267       -1.994941578
    658        3.113441908        0.125397680       -2.054227863
    659        3.166967708        0.060715851       -2.125306771
    660        3.207867371       -0.000562091       -2.206996029
    661        3.235233395       -0.056647515       -2.297585090
    662        3.249249834       -0.105950760       -2.394917153
    663        3.251773263       -0.150995702       -2.495243134
    664        3.244966199       -0.196981586       -2.594940412
    665        3.230069251       -0.244747173       -2.692904557
    666        3.207050363       -0.292531441       -2.789274153
    667        3.175637776       -0.340889448       -2.882948626
    668        3.136336694       -0.390322605       -2.971974854
    669        3.090457888       -0.428457639       -3.052365593
    670        3.033568712       -0.455622677       -3.128914301
    671        2.984674078       -0.486099976       -3.187450588
    672        2.942645079       -0.519086381       -3.231533345
    673        1.877893548        0.724141114       -1.830822824
    674        1.984008084        0.699882919       -1.846764382
    675        2.089699033        0.674002701       -1.862962042
    676        2.194866188        0.646263192       -1.879483395
    677        2.299376776        0.616375367       -1.896414453
    678        2.403051179        0.583982847       -1.913866963
    679        2.505640760        0.548640901       -1.931989178
    680        2.606792519        0.509788280       -1.950982084
    681        2.705991196        0.466710425       -1.971124162
    682        2.802462188        0.418494967       -1.992809444
    683        2.895006567        0.363989863       -2.016604868
    684        2.981601903        0.303865037       -2.048031168
    685        3.060557241        0.241425056       -2.092399580
    686        3.130266279        0.178135191       -2.149287266
    687        3.188981530        0.115538156       -2.218100242
    688        3.235048468        0.055292630       -2.297783057
    689        3.267320509       -0.000781826       -2.386750235
    690        3.285666695       -0.050917751       -2.482931051
    691        3.292341056       -0.097476282       -2.582372562
    692        3.289763533       -0.145577097       -2.681268370
    693        3.278568738       -0.195649085       -2.778572207
    694        3.258627038       -0.245759992       -2.874445309
    695        3.229733811       -0.296349019       -2.967752397
    696        3.191700041       -0.348018251       -3.057104805
    697        3.142528302       -0.393439150       -3.142722044
    698        3.083327406       -0.427585395       -3.222938633
    699        3.030760716       -0.464449128       -3.284975161
    700        1.975575628        0.704530113       -1.903726167
    701        2.080653809        0.679850746       -1.924997255
    702        2.185237761        0.653513644       -1.946707834
    703        2.289218389        0.625286436       -1.968931476
    704        2.392451652        0.594886407       -1.991761516
    705        2.494743727        0.561966113       -2.015318015
    706        2.595828207        0.526094284       -2.039757907
    707        2.695330190        0.486730778       -2.065289967
    708        2.792708372        0.443195024       -2.092197116
    709        2.887159883        0.394630406       -2.120869605
    710        2.977462890        0.339977117       -2.151852940
    711        3.060664123        0.282089701       -2.194608866
    712        3.134874531        0.222543612       -2.249821721
    713        3.198202286        0.162755615       -2.317025216
    714        3.248834805        0.104330353       -2.395281945
    715        3.285447550        0.049112070       -2.483098277
    716        3.307748955       -0.001013705       -2.578446656
    717        3.318285720       -0.048214941       -2.677250740
    718        3.319677051       -0.097503110       -2.775586238
    719        3.312108220       -0.149109943       -2.872439120
    720        3.295299059       -0.200963367       -2.967988229
    721        3.268946564       -0.253301182       -3.061085905
    722        3.232300806       -0.306102986       -3.150359935
    723        3.184560908       -0.354718076       -3.236720836
    724        3.126084659       -0.397207299       -3.319641826
    725        2.070678761        0.685647336       -1.980133310
    726        2.174262561        0.660157989       -2.007036963
    727        2.277250243        0.632990167       -2.034576157
    728        2.379516123        0.603916629       -2.062846709
    729        2.480897268        0.572666213       -2.091965869
    730        2.581178947        0.538912531       -2.122078521
    731        2.680072977        0.502259685       -2.153365691
    732        2.777184908        0.462224703       -2.186056240
    733        2.871963471        0.418217443       -2.220442852
    734        2.963621891        0.369521678       -2.256903372
    735        3.050343418        0.316252938       -2.298659827
    736        3.128593167        0.260957439       -2.352706819
    737        3.196160962        0.204600123       -2.418737769
    738        3.251038183        0.148650909       -2.495937526
    739        3.291747334        0.094958281       -2.582894526
    740        3.317898600        0.045503134       -2.677615295
    741        3.332088989       -0.001681701       -2.775971908
    742        3.337182554       -0.051451089       -2.873945870
    743        3.333238089       -0.103988649       -2.970517708
    744        3.319799665       -0.157160672       -3.065880632
    745        3.296350115       -0.211034952       -3.158884356
    746        3.261893855       -0.265318329       -3.248148920
    747        3.217036327       -0.316447946       -3.334611352
    748        2.162817800        0.667732318       -2.060298199
    749        2.264820193        0.642590131       -2.092955782
    750        2.366098435        0.615729901       -2.126485290
    751        2.466495983        0.586911192       -2.161019972
    752        2.565811372        0.555851548       -2.196719153
    753        2.663781284        0.522216287       -2.233774463
    754        2.760055887        0.485606322       -2.272417641
    755        2.854162429        0.445544396       -2.312929876
    756        2.945451063        0.401461520       -2.355652073
    757        3.033014332        0.352688815       -2.400993699
    758        3.114029253        0.300696035       -2.454240153
    759        3.185113092        0.247685707       -2.519346001
    760        3.244049087        0.194659165       -2.595611832
    761        3.289041626        0.143119430       -2.681757478
    762        3.319212749        0.094878803       -2.775908068
    763        3.337219135        0.048205476       -2.873883618
    764        3.346738275       -0.001565261       -2.971526392
    765        3.347820586       -0.054762913       -3.067810925
    766        3.339517233       -0.109335740       -3.162967562
    767        3.321175717       -0.165372428       -3.255840932
    768        3.291473302       -0.222472377       -3.345056496
    769        2.251635766        0.650920028       -2.144343075
    770        2.351635762        0.626612052       -2.183230683
    771        2.450747160        0.600569216       -2.223251616
    772        2.548775034        0.572537369       -2.264574456
    773        2.645469232        0.542222330       -2.307398629
    774        2.740504221        0.509280715       -2.351960229
    775        2.833450221        0.473309908       -2.398538509
    776        2.923731659        0.433838371       -2.447462084
    777        3.010567572        0.390319487       -2.499112391
    778        3.092887742        0.342136264       -2.553918984
    779        3.166737847        0.292095306       -2.618292622
    780        3.229051099        0.241924513       -2.693802875
    781        3.277794604        0.192743316       -2.779284542
    782        3.311668163        0.146087810       -2.872973961
    783        3.333409933        0.100390078       -2.970651584
    784        3.347752070        0.051247737       -3.068023354
    785        3.354960950       -0.001946369       -3.164046151
    786        3.353647400       -0.057522078       -3.258975760
    787        3.343119944       -0.115904760       -3.351618743
    788        2.336754313        0.635314874       -2.232342650
    789        2.434359516        0.612493486       -2.277679914
    790        2.530860059        0.587940859       -2.324453066
    791        2.626007589        0.561383345       -2.372872246
    792        2.719483348        0.532509491       -2.423183409
    793        2.810873320        0.500961936       -2.475672614
    794        2.899633332        0.466329858       -2.530669310
    795        2.985040426        0.428144223       -2.588546007
    796        3.066126633        0.385880798       -2.649709161
    797        3.141593378        0.338980764       -2.714571640
    798        3.206545373        0.291316933       -2.789480287
    799        3.258296814        0.244363720       -2.874445327
    800        3.295192621        0.199357433       -2.967799555
    801        3.320259820        0.154942101       -3.065271702
    802        3.339604475        0.107121245       -3.162435849
    803        3.353834952        0.054911552       -3.258214672
    804        3.361322957       -0.000680180       -3.352848025
    805        2.417783017        0.620945922       -2.324311344
    806        2.512494512        0.600135996       -2.376269158
    807        2.605803653        0.577619980       -2.430020707
    808        2.697391784        0.553104006       -2.485817119
    809        2.786848732        0.526257798       -2.543948520
    810        2.873641418        0.496707825       -2.604745079
    811        2.957070921        0.464032859       -2.668573996
    812        3.036215365        0.427765699       -2.735827208
    813        3.109858231        0.387408263       -2.806890809
    814        3.176409111        0.342472560       -2.882081811
    815        3.230338693        0.297365672       -2.966691710
    816        3.269279626        0.253714067       -3.059858171
    817        3.296994563        0.210664666       -3.157225962
    818        3.321220914        0.164847286       -3.254260503
    819        3.342654539        0.114766753       -3.349834496
    820        2.494352853        0.607751606       -2.420182573
    821        2.585408168        0.589015947       -2.479010031
    822        2.674616056        0.568607466       -2.540068029
    823        2.761569237        0.546226927       -2.603634992
    824        2.845744211        0.521540286       -2.670024148
    825        2.926462180        0.494173018       -2.739579141
    826        3.002838143        0.463709613       -2.812660133
    827        3.073718329        0.429703508       -2.889612146
    828        3.137612474        0.391706712       -2.970702885
    829        3.192642367        0.349332995       -3.056014158
    830        3.233022351        0.306835728       -3.149101389
    831        3.263006246        0.265300313       -3.246454153
    832        3.292099382        0.222300925       -3.343440806
    833        2.566160063        0.595626352       -2.519796936
    834        2.652225722        0.578301801       -2.586092930
    835        2.735733119        0.559311333       -2.655146158
    836        2.816213663        0.538418785       -2.727179039
    837        2.893049205        0.515351552       -2.802454804
    838        2.965437366        0.489799162       -2.881253030
    839        3.032344476        0.461417439       -2.963835991
    840        3.092450638        0.429843158       -3.050393768
    841        3.144097606        0.394727827       -3.140955090
    842        3.185264272        0.355804288       -3.235252684
    843        3.217996658        0.316649302       -3.332706303
    844        2.633019255        0.584545428       -2.622905641
    845        2.709152478        0.567027252       -2.700365655
    846        2.782138024        0.548148228       -2.780489228
    847        2.851639154        0.527770364       -2.863298192
    848        2.917211984        0.505750090       -2.948844683
    849        2.978309531        0.481934581       -3.037177632
    850        3.034273774        0.456161217       -3.128317361
    851        3.084319481        0.428259710       -3.222229907
    852        3.127509118        0.398059655       -3.318796837
    853        2.694271561        0.575294039       -2.729604253
    854        2.760115455        0.560005615       -2.816408070
    855        2.822511644        0.543648013       -2.905532128
    856        2.881241455        0.526082163       -2.996889172
    857        2.936020842        0.507203370       -3.090412342
    858        2.986519363        0.486927653       -3.186028709
    859        3.032368041        0.465184536       -3.283644071
    860        2.748526336        0.568980429       -2.840218605
    861        2.804107521        0.558387521       -2.934571243
    862        2.855154552        0.546836661       -3.031342019
    863        2.901520009        0.534143937       -3.130300914
    864        2.942984438        0.520219129       -3.231248696
    865        2.794512825        0.565767418       -2.954633951
    866        2.837355903        0.560589409       -3.055831667
    867        2.873686155        0.554627156       -3.159503277
    868        0.138367246       -1.274960196       -1.045471325
    869        0.276693493       -1.199862150       -1.090971094
    870        0.414978620       -1.124705785       -1.136499422
    871        0.553222504       -1.049491025       -1.182056423
    872        0.138379916        1.274984642       -1.045474302
    873        0.276718902        1.199911126       -1.090977019
    874        0.415016835        1.124779374       -1.136508265
    875        0.553273596        1.049589310       -1.182068154
    0.0000017 
    0.0000011 
    0.0000005 
    0.0000001 
    0.0000013 
    0.0000007 
    0.0000004 
    0.0000005 
    0.0000014 
    0.0000011 
    0.0000010 
    0.0000024 
    0.0000021 
    0.0000020 
    0.0000020 
    0.0000025 
    0.0000024 
    0.0000024 
    0.0000022 
    0.0000020 
    0.0000020 
    0.0000021 
    0.0000018 
    0.0000017 
    0.0000018 
    0.0000017 
    0.0000015 
    0.0000016 
    0.0000018 
    0.0000016 
    0.0000015 
    0.0000017 
    0.0000019 
    0.0000016 
    0.0000017 
    0.0000019 
    0.0000020 
    0.0000020 
    0.0000021 
    0.0000023 
    0.0000023 
    0.0000024 
    0.0000026 
    0.0000020 
    0.0000021 
    0.0000024 
    0.0000026 
    0.0000011 
    0.0000014 
    0.0000018 
    0.0000004 
    0.0000007 
    0.0000013 
    0.0000017 
    0.0000004 
    0.0000010 
    0.0000016 
   -0.0628171 
   -0.5579115 
   -0.0591550 
   -0.0336137 
   -0.5693489 
   -0.5150691 
   -0.0292529 
   -0.0538299 
   -0.0138446 
   -0.5653311 
   -0.5150948 
   -0.4908997 
   -0.0070005 
   -0.0261530 
   -0.0462785 
   -0.0029123 
   -0.5449059 
   -0.5118946 
   -0.4813456 
   -0.4749533 
    0.0000003 
   -0.0030329 
   -0.0196174 
   -0.0356584 
    0.0000001 
   -0.5078109 
   -0.5044694 
   -0.4698111 
   -0.4579697 
   -0.4657013 
    0.0000019 
    0.0000011 
    0.0000004 
   -0.0077393 
   -0.0229401 
    0.0000001 
   -0.4554738 
   -0.4917540 
   -0.4561593 
   -0.4399897 
   -0.4451890 
   -0.4589175 
    0.0000048 
    0.0000035 
    0.0000024 
    0.0000013 
    0.0000005 
   -0.0072958 
    0.0000001 
   -0.3871667 
   -0.4727081 
   -0.4402225 
   -0.4209914 
   -0.4239806 
   -0.4338045 
   -0.4555068 
    0.0000099 
    0.0000083 
    0.0000067 
    0.0000053 
    0.0000040 
    0.0000028 
    0.0000017 
    0.0000009 
   -0.2977083 
   -0.4462758 
   -0.4217814 
   -0.4008987 
   -0.4020301 
   -0.4080075 
   -0.4280967 
   -0.4532351 
    0.0000150 
    0.0000130 
    0.0000110 
    0.0000092 
    0.0000075 
    0.0000059 
    0.0000044 
    0.0000029 
    0.0000016 
   -0.2015334 
   -0.4112054 
   -0.4005381 
   -0.3795444 
   -0.3792433 
   -0.3814388 
   -0.4000638 
   -0.4209144 
   -0.4547328 
    0.0000198 
    0.0000174 
    0.0000151 
    0.0000129 
    0.0000108 
    0.0000089 
    0.0000070 
    0.0000052 
    0.0000035 
    0.0000019 
   -0.1137621 
   -0.3656641 
   -0.3760703 
   -0.3566176 
   -0.3554461 
   -0.3539606 
   -0.3713189 
   -0.3878472 
   -0.4199465 
   -0.4577525 
    0.0000253 
    0.0000224 
    0.0000197 
    0.0000172 
    0.0000148 
    0.0000125 
    0.0000102 
    0.0000081 
    0.0000061 
    0.0000041 
    0.0000022 
   -0.0429601 
   -0.3065751 
   -0.3477551 
   -0.3315860 
   -0.3303345 
   -0.3253568 
   -0.3417307 
   -0.3539479 
   -0.3844324 
   -0.4180731 
   -0.4648446 
    0.0000317 
    0.0000284 
    0.0000253 
    0.0000223 
    0.0000195 
    0.0000169 
    0.0000143 
    0.0000118 
    0.0000093 
    0.0000070 
    0.0000048 
    0.0000026 
    0.0000000 
   -0.2286236 
   -0.3146469 
   -0.3035739 
   -0.3033971 
   -0.2952848 
   -0.3111035 
   -0.3190953 
   -0.3481332 
   -0.3774514 
   -0.4227320 
   -0.4737668 
    0.0000417 
    0.0000381 
    0.0000346 
    0.0000311 
    0.0000279 
    0.0000247 
    0.0000218 
    0.0000189 
    0.0000160 
    0.0000132 
    0.0000106 
    0.0000080 
    0.0000054 
    0.0000025 
   -0.1232539 
   -0.2753036 
   -0.2711677 
   -0.2737901 
   -0.2631970 
   -0.2791399 
   -0.2831134 
   -0.3109686 
   -0.3358402 
   -0.3796218 
   -0.4267348 
   -0.4864795 
    0.0000508 
    0.0000470 
    0.0000432 
    0.0000395 
    0.0000357 
    0.0000320 
    0.0000286 
    0.0000252 
    0.0000220 
    0.0000187 
    0.0000155 
    0.0000125 
    0.0000095 
    0.0000064 
    0.0000030 
   -0.0410503 
   -0.2275673 
   -0.2321014 
   -0.2401407 
   -0.2282109 
   -0.2453773 
   -0.2457398 
   -0.2728235 
   -0.2931786 
   -0.3355289 
   -0.3784607 
   -0.4381981 
   -0.4983167 
    0.0000613 
    0.0000573 
    0.0000532 
    0.0000491 
    0.0000450 
    0.0000409 
    0.0000368 
    0.0000329 
    0.0000292 
    0.0000255 
    0.0000219 
    0.0000183 
    0.0000148 
    0.0000113 
    0.0000078 
    0.0000039 
    0.0000004 
   -0.1675251 
   -0.1827680 
   -0.2002431 
   -0.1888928 
   -0.2090779 
   -0.2065682 
   -0.2335256 
   -0.2493864 
   -0.2904704 
   -0.3289628 
   -0.3886017 
   -0.4486268 
   -0.5101819 
    0.0000765 
    0.0000714 
    0.0000662 
    0.0000612 
    0.0000562 
    0.0000513 
    0.0000464 
    0.0000416 
    0.0000369 
    0.0000324 
    0.0000279 
    0.0000234 
    0.0000189 
    0.0000148 
    0.0000108 
    0.0000067 
    0.0000019 
   -0.0098022 
   -0.0977487 
   -0.1175931 
   -0.1506291 
   -0.1429108 
   -0.1690415 
   -0.1649499 
   -0.1928045 
   -0.2043520 
   -0.2444673 
   -0.2782707 
   -0.3375990 
   -0.3972704 
   -0.4576359 
   -0.5248516 
    0.0001053 
    0.0000990 
    0.0000929 
    0.0000869 
    0.0000809 
    0.0000751 
    0.0000694 
    0.0000638 
    0.0000582 
    0.0000528 
    0.0000475 
    0.0000424 
    0.0000369 
    0.0000314 
    0.0000257 
    0.0000206 
    0.0000119 
    0.0000035 
   -0.0285052 
   -0.0861247 
   -0.0865255 
   -0.1232921 
   -0.1198190 
   -0.1502147 
   -0.1579044 
   -0.1975436 
   -0.2264332 
   -0.2851086 
   -0.3440316 
   -0.4030140 
   -0.4686487 
   -0.5436920 
    0.0001145 
    0.0001081 
    0.0001017 
    0.0000954 
    0.0000891 
    0.0000830 
    0.0000770 
    0.0000711 
    0.0000653 
    0.0000597 
    0.0000542 
    0.0000489 
    0.0000439 
    0.0000391 
    0.0000349 
    0.0000271 
    0.0000186 
    0.0000103 
    0.0000032 
   -0.0140439 
   -0.0686046 
   -0.0693787 
   -0.1049862 
   -0.1097605 
   -0.1497201 
   -0.1735271 
   -0.2310708 
   -0.2886797 
   -0.3461849 
   -0.4101925 
   -0.4861692 
   -0.5647920 
    0.0001159 
    0.0001093 
    0.0001028 
    0.0000963 
    0.0000899 
    0.0000836 
    0.0000774 
    0.0000713 
    0.0000654 
    0.0000596 
    0.0000540 
    0.0000486 
    0.0000436 
    0.0000391 
    0.0000340 
    0.0000272 
    0.0000209 
    0.0000147 
    0.0000084 
    0.0000026 
   -0.0105885 
   -0.0557404 
   -0.0594146 
   -0.1009897 
   -0.1196623 
   -0.1754645 
   -0.2309773 
   -0.2869880 
   -0.3494216 
   -0.4258936 
   -0.5089355 
   -0.5872696 
    0.0001172 
    0.0001105 
    0.0001039 
    0.0000973 
    0.0000908 
    0.0000844 
    0.0000781 
    0.0000719 
    0.0000658 
    0.0000599 
    0.0000542 
    0.0000489 
    0.0000439 
    0.0000395 
    0.0000337 
    0.0000283 
    0.0000231 
    0.0000180 
    0.0000129 
    0.0000076 
    0.0000025 
   -0.0059021 
   -0.0512323 
   -0.0649714 
   -0.1183289 
   -0.1706971 
   -0.2252399 
   -0.2862577 
   -0.3627777 
   -0.4490862 
   -0.5257031 
   -0.6216592 
    0.0001175 
    0.0001108 
    0.0001041 
    0.0000975 
    0.0000909 
    0.0000844 
    0.0000780 
    0.0000717 
    0.0000656 
    0.0000596 
    0.0000539 
    0.0000485 
    0.0000436 
    0.0000387 
    0.0000337 
    0.0000291 
    0.0000248 
    0.0000206 
    0.0000164 
    0.0000121 
    0.0000075 
    0.0000026 
   -0.0095427 
   -0.0597808 
   -0.1076537 
   -0.1607460 
   -0.2206204 
   -0.2967216 
   -0.3852807 
   -0.4599164 
   -0.5265200 
   -0.6906804 
    0.0001182 
    0.0001114 
    0.0001047 
    0.0000980 
    0.0000914 
    0.0000849 
    0.0000784 
    0.0000720 
    0.0000658 
    0.0000598 
    0.0000540 
    0.0000486 
    0.0000437 
    0.0000387 
    0.0000343 
    0.0000304 
    0.0000266 
    0.0000231 
    0.0000196 
    0.0000159 
    0.0000119 
    0.0000072 
    0.0000019 
   -0.0417618 
   -0.0933203 
   -0.1524475 
   -0.2276412 
   -0.3175196 
   -0.3906286 
   -0.4308616 
   -0.5956442 
   -0.7468402 
    0.0001183 
    0.0001115 
    0.0001048 
    0.0000981 
    0.0000915 
    0.0000849 
    0.0000784 
    0.0000720 
    0.0000657 
    0.0000597 
    0.0000539 
    0.0000485 
    0.0000434 
    0.0000388 
    0.0000349 
    0.0000314 
    0.0000282 
    0.0000251 
    0.0000220 
    0.0000187 
    0.0000150 
    0.0000101 
    0.0000038 
   -0.0228233 
   -0.0817206 
   -0.1555066 
   -0.2457960 
   -0.3184073 
   -0.3374629 
   -0.5019943 
   -0.6694811 
   -0.7784239 
    0.0001186 
    0.0001118 
    0.0001051 
    0.0000984 
    0.0000917 
    0.0000851 
    0.0000786 
    0.0000722 
    0.0000659 
    0.0000599 
    0.0000541 
    0.0000487 
    0.0000437 
    0.0000395 
    0.0000360 
    0.0000328 
    0.0000300 
    0.0000273 
    0.0000245 
    0.0000214 
    0.0000173 
    0.0000116 
    0.0000051 
   -0.0084959 
   -0.0803962 
   -0.1701383 
   -0.2438011 
   -0.2490106 
   -0.4122251 
   -0.5794111 
   -0.6834593 
   -0.8338475 
    0.0001188 
    0.0001120 
    0.0001053 
    0.0000986 
    0.0000919 
    0.0000853 
    0.0000788 
    0.0000724 
    0.0000661 
    0.0000601 
    0.0000543 
    0.0000489 
    0.0000444 
    0.0000407 
    0.0000375 
    0.0000347 
    0.0000323 
    0.0000299 
    0.0000274 
    0.0000237 
    0.0000183 
    0.0000123 
    0.0000061 
   -0.0025693 
   -0.0906737 
   -0.1674127 
   -0.1683632 
   -0.3286058 
   -0.4792923 
   -0.5711321 
    0.0001190 
    0.0001122 
    0.0001055 
    0.0000989 
    0.0000923 
    0.0000857 
    0.0000792 
    0.0000728 
    0.0000666 
    0.0000606 
    0.0000549 
    0.0000499 
    0.0000459 
    0.0000425 
    0.0000397 
    0.0000373 
    0.0000352 
    0.0000331 
    0.0000296 
    0.0000242 
    0.0000184 
    0.0000126 
    0.0000064 
   -0.0077207 
   -0.0899180 
   -0.0984851 
   -0.2533243 
   -0.3703058 
    0.0001193 
    0.0001127 
    0.0001060 
    0.0000994 
    0.0000929 
    0.0000864 
    0.0000800 
    0.0000737 
    0.0000675 
    0.0000616 
    0.0000562 
    0.0000518 
    0.0000482 
    0.0000453 
    0.0000429 
    0.0000408 
    0.0000390 
    0.0000355 
    0.0000295 
    0.0000233 
    0.0000176 
    0.0000116 
    0.0000054 
   -0.0120047 
   -0.0419798 
   -0.1883736 
    0.0001221 
    0.0001155 
    0.0001089 
    0.0001024 
    0.0000960 
    0.0000896 
    0.0000833 
    0.0000772 
    0.0000711 
    0.0000654 
    0.0000606 
    0.0000571 
    0.0000545 
    0.0000529 
    0.0000521 
    0.0000521 
    0.0000507 
    0.0000467 
    0.0000427 
    0.0000396 
    0.0000363 
    0.0000328 
    0.0000302 
    0.0000288 
    0.0001288 
    0.0001223 
    0.0001159 
    0.0001095 
    0.0001032 
    0.0000970 
    0.0000909 
    0.0000849 
    0.0000791 
    0.0000737 
    0.0000700 
    0.0000678 
    0.0000672 
    0.0000683 
    0.0000712 
    0.0000744 
    0.0000758 
    0.0000774 
    0.0000803 
    0.0000831 
    0.0000860 
    0.0000904 
    0.0001296 
    0.0001232 
    0.0001169 
    0.0001107 
    0.0001046 
    0.0000985 
    0.0000926 
    0.0000868 
    0.0000812 
    0.0000765 
    0.0000735 
    0.0000720 
    0.0000721 
    0.0000739 
    0.0000759 
    0.0000765 
    0.0000774 
    0.0000795 
    0.0000820 
    0.0000849 
    0.0001290 
    0.0001229 
    0.0001168 
    0.0001107 
    0.0001048 
    0.0000989 
    0.0000932 
    0.0000877 
    0.0000825 
    0.0000785 
    0.0000764 
    0.0000758 
    0.0000769 
    0.0000787 
    0.0000797 
    0.0000809 
    0.0000833 
    0.0000862 
    0.0001264 
    0.0001204 
    0.0001145 
    0.0001087 
    0.0001030 
    0.0000974 
    0.0000920 
    0.0000868 
    0.0000820 
    0.0000788 
    0.0000774 
    0.0000776 
    0.0000788 
    0.0000794 
    0.0000802 
    0.0000819 
    0.0001213 
    0.0001155 
    0.0001099 
    0.0001043 
    0.0000989 
    0.0000936 
    0.0000886 
    0.0000839 
    0.0000795 
    0.0000771 
    0.0000764 
    0.0000767 
    0.0000765 
    0.0000764 
    0.0001143 
    0.0001088 
    0.0001034 
    0.0000982 
    0.0000932 
    0.0000884 
    0.0000838 
    0.0000796 
    0.0000758 
    0.0000741 
    0.0000738 
    0.0000731 
    0.0001073 
    0.0001021 
    0.0000972 
    0.0000925 
    0.0000880 
    0.0000839 
    0.0000800 
    0.0000764 
    0.0000732 
    0.0000715 
    0.0001325 
    0.0001279 
    0.0001235 
    0.0001194 
    0.0001156 
    0.0001121 
    0.0001088 
    0.0001058 
    0.0001676 
    0.0001634 
    0.0001595 
    0.0001559 
    0.0001527 
    0.0001497 
    0.0001611 
    0.0001572 
    0.0001539 
    0.0001510 
    0.0001371 
    0.0001338 
   -0.0627916 
   -0.5579905 
   -0.0591245 
   -0.0335967 
   -0.5694428 
   -0.5151591 
   -0.0292229 
   -0.0538069 
   -0.0138359 
   -0.5654349 
   -0.5151989 
   -0.4910094 
   -0.0069817 
   -0.0261237 
   -0.0462613 
   -0.0029099 
   -0.5450130 
   -0.5120114 
   -0.4814720 
   -0.4750841 
    0.0000003 
   -0.0030121 
   -0.0195861 
   -0.0356440 
    0.0000001 
   -0.5079143 
   -0.5045968 
   -0.4699519 
   -0.4581149 
   -0.4658618 
    0.0000019 
    0.0000011 
    0.0000004 
   -0.0077015 
   -0.0229219 
    0.0000001 
   -0.4555650 
   -0.4918892 
   -0.4563119 
   -0.4401469 
   -0.4453508 
   -0.4591282 
    0.0000048 
    0.0000035 
    0.0000024 
    0.0000013 
    0.0000005 
   -0.0072612 
    0.0000001 
   -0.3872346 
   -0.4728480 
   -0.4403839 
   -0.4211581 
   -0.4241416 
   -0.4340103 
   -0.4557829 
    0.0000100 
    0.0000083 
    0.0000068 
    0.0000053 
    0.0000040 
    0.0000028 
    0.0000017 
    0.0000009 
   -0.2977389 
   -0.4464178 
   -0.4219486 
   -0.4010724 
   -0.4021883 
   -0.4082060 
   -0.4283413 
   -0.4536140 
    0.0000150 
    0.0000130 
    0.0000110 
    0.0000092 
    0.0000075 
    0.0000059 
    0.0000044 
    0.0000029 
    0.0000016 
   -0.2015603 
   -0.4113472 
   -0.4007084 
   -0.3797225 
   -0.3793969 
   -0.3816278 
   -0.4002741 
   -0.4212367 
   -0.4552534 
    0.0000198 
    0.0000174 
    0.0000151 
    0.0000129 
    0.0000108 
    0.0000089 
    0.0000070 
    0.0000052 
    0.0000035 
    0.0000019 
   -0.1137851 
   -0.3658039 
   -0.3762415 
   -0.3567975 
   -0.3555931 
   -0.3541386 
   -0.3714928 
   -0.3881091 
   -0.4203775 
   -0.4584603 
    0.0000253 
    0.0000224 
    0.0000197 
    0.0000172 
    0.0000148 
    0.0000125 
    0.0000102 
    0.0000081 
    0.0000061 
    0.0000041 
    0.0000022 
   -0.0429756 
   -0.3067116 
   -0.3479255 
   -0.3317651 
   -0.3304732 
   -0.3255227 
   -0.3418671 
   -0.3541471 
   -0.3847708 
   -0.4187033 
   -0.4657327 
    0.0000317 
    0.0000284 
    0.0000253 
    0.0000223 
    0.0000195 
    0.0000169 
    0.0000143 
    0.0000118 
    0.0000093 
    0.0000070 
    0.0000048 
    0.0000026 
    0.0000000 
   -0.2287563 
   -0.3148160 
   -0.3037499 
   -0.3035257 
   -0.2954383 
   -0.3112022 
   -0.3192311 
   -0.3483780 
   -0.3780008 
   -0.4235630 
   -0.4748202 
    0.0000417 
    0.0000381 
    0.0000346 
    0.0000311 
    0.0000279 
    0.0000247 
    0.0000218 
    0.0000189 
    0.0000160 
    0.0000132 
    0.0000106 
    0.0000080 
    0.0000054 
    0.0000025 
   -0.1233582 
   -0.2754721 
   -0.2713390 
   -0.2739066 
   -0.2633389 
   -0.2792021 
   -0.2831879 
   -0.3111214 
   -0.3363060 
   -0.3803882 
   -0.4276059 
   -0.4879077 
    0.0000508 
    0.0000470 
    0.0000432 
    0.0000395 
    0.0000357 
    0.0000320 
    0.0000286 
    0.0000252 
    0.0000220 
    0.0000187 
    0.0000155 
    0.0000125 
    0.0000095 
    0.0000064 
    0.0000030 
   -0.0411132 
   -0.2277386 
   -0.2322668 
   -0.2402429 
   -0.2283431 
   -0.2454061 
   -0.2457579 
   -0.2728893 
   -0.2935588 
   -0.3362219 
   -0.3791235 
   -0.4392887 
   -0.4999907 
    0.0000613 
    0.0000573 
    0.0000532 
    0.0000491 
    0.0000450 
    0.0000409 
    0.0000368 
    0.0000329 
    0.0000292 
    0.0000255 
    0.0000219 
    0.0000183 
    0.0000148 
    0.0000113 
    0.0000078 
    0.0000039 
    0.0000004 
   -0.1677070 
   -0.1829281 
   -0.2003281 
   -0.1890192 
   -0.2090788 
   -0.2065392 
   -0.2335136 
   -0.2496808 
   -0.2910804 
   -0.3294064 
   -0.3893637 
   -0.4504062 
   -0.5118029 
    0.0000765 
    0.0000714 
    0.0000662 
    0.0000612 
    0.0000562 
    0.0000513 
    0.0000464 
    0.0000416 
    0.0000369 
    0.0000324 
    0.0000279 
    0.0000234 
    0.0000189 
    0.0000148 
    0.0000108 
    0.0000067 
    0.0000019 
   -0.0098359 
   -0.0978375 
   -0.1177505 
   -0.1506930 
   -0.1430377 
   -0.1690227 
   -0.1648890 
   -0.1927300 
   -0.2045625 
   -0.2449844 
   -0.2785002 
   -0.3380484 
   -0.3990739 
   -0.4585274 
   -0.5268200 
    0.0001053 
    0.0000990 
    0.0000929 
    0.0000869 
    0.0000809 
    0.0000751 
    0.0000694 
    0.0000638 
    0.0000582 
    0.0000528 
    0.0000475 
    0.0000424 
    0.0000369 
    0.0000314 
    0.0000256 
    0.0000205 
    0.0000119 
    0.0000035 
   -0.0286687 
   -0.0861617 
   -0.0866631 
   -0.1232650 
   -0.1197490 
   -0.1501002 
   -0.1580368 
   -0.1979580 
   -0.2264709 
   -0.2852724 
   -0.3457838 
   -0.4033603 
   -0.4720081 
   -0.5435753 
    0.0001145 
    0.0001081 
    0.0001017 
    0.0000954 
    0.0000891 
    0.0000830 
    0.0000770 
    0.0000711 
    0.0000653 
    0.0000597 
    0.0000542 
    0.0000489 
    0.0000439 
    0.0000391 
    0.0000349 
    0.0000271 
    0.0000186 
    0.0000103 
    0.0000032 
   -0.0142074 
   -0.0685836 
   -0.0693326 
   -0.1048640 
   -0.1098264 
   -0.1500239 
   -0.1734144 
   -0.2309933 
   -0.2903081 
   -0.3461496 
   -0.4148065 
   -0.4880823 
   -0.5625482 
    0.0001159 
    0.0001093 
    0.0001028 
    0.0000963 
    0.0000899 
    0.0000836 
    0.0000774 
    0.0000713 
    0.0000654 
    0.0000596 
    0.0000540 
    0.0000486 
    0.0000436 
    0.0000391 
    0.0000339 
    0.0000272 
    0.0000209 
    0.0000147 
    0.0000084 
    0.0000026 
   -0.0106122 
   -0.0556535 
   -0.0594341 
   -0.1011793 
   -0.1194634 
   -0.1752154 
   -0.2324098 
   -0.2867204 
   -0.3550774 
   -0.4295301 
   -0.5065891 
   -0.5856142 
    0.0001172 
    0.0001105 
    0.0001039 
    0.0000973 
    0.0000908 
    0.0000844 
    0.0000781 
    0.0000719 
    0.0000658 
    0.0000599 
    0.0000542 
    0.0000489 
    0.0000439 
    0.0000395 
    0.0000337 
    0.0000283 
    0.0000231 
    0.0000180 
    0.0000129 
    0.0000076 
    0.0000025 
   -0.0059078 
   -0.0513137 
   -0.0647783 
   -0.1180112 
   -0.1718588 
   -0.2248824 
   -0.2926481 
   -0.3678612 
   -0.4468533 
   -0.5264344 
   -0.6182850 
    0.0001175 
    0.0001108 
    0.0001041 
    0.0000975 
    0.0000909 
    0.0000844 
    0.0000780 
    0.0000717 
    0.0000656 
    0.0000596 
    0.0000539 
    0.0000485 
    0.0000436 
    0.0000387 
    0.0000337 
    0.0000291 
    0.0000248 
    0.0000206 
    0.0000164 
    0.0000121 
    0.0000075 
    0.0000026 
   -0.0094851 
   -0.0595363 
   -0.1084655 
   -0.1604430 
   -0.2273251 
   -0.3029780 
   -0.3834048 
   -0.4627813 
   -0.5180216 
   -0.6924266 
    0.0001182 
    0.0001114 
    0.0001047 
    0.0000980 
    0.0000914 
    0.0000849 
    0.0000784 
    0.0000720 
    0.0000658 
    0.0000598 
    0.0000540 
    0.0000486 
    0.0000437 
    0.0000387 
    0.0000343 
    0.0000304 
    0.0000266 
    0.0000231 
    0.0000196 
    0.0000159 
    0.0000119 
    0.0000072 
    0.0000020 
   -0.0421426 
   -0.0932270 
   -0.1589131 
   -0.2347625 
   -0.3162898 
   -0.3953610 
   -0.4180549 
   -0.6020970 
   -0.7458125 
    0.0001183 
    0.0001115 
    0.0001048 
    0.0000981 
    0.0000914 
    0.0000848 
    0.0000783 
    0.0000719 
    0.0000657 
    0.0000596 
    0.0000538 
    0.0000484 
    0.0000433 
    0.0000388 
    0.0000349 
    0.0000314 
    0.0000281 
    0.0000251 
    0.0000220 
    0.0000188 
    0.0000150 
    0.0000102 
    0.0000038 
   -0.0231099 
   -0.0872475 
   -0.1631046 
   -0.2455611 
   -0.3246791 
   -0.3214663 
   -0.5117736 
   -0.6599423 
   -0.7869867 
    0.0001186 
    0.0001118 
    0.0001051 
    0.0000984 
    0.0000917 
    0.0000851 
    0.0000786 
    0.0000722 
    0.0000659 
    0.0000598 
    0.0000540 
    0.0000486 
    0.0000436 
    0.0000395 
    0.0000359 
    0.0000328 
    0.0000300 
    0.0000273 
    0.0000246 
    0.0000215 
    0.0000174 
    0.0000116 
    0.0000052 
   -0.0122444 
   -0.0879436 
   -0.1713148 
   -0.2512011 
   -0.2313610 
   -0.4239243 
   -0.5641789 
   -0.6977122 
   -0.8326792 
    0.0001187 
    0.0001119 
    0.0001052 
    0.0000985 
    0.0000918 
    0.0000852 
    0.0000787 
    0.0000723 
    0.0000660 
    0.0000600 
    0.0000542 
    0.0000488 
    0.0000443 
    0.0000406 
    0.0000374 
    0.0000347 
    0.0000322 
    0.0000298 
    0.0000273 
    0.0000237 
    0.0000182 
    0.0000122 
    0.0000058 
   -0.0093340 
   -0.0937408 
   -0.1754416 
   -0.1510958 
   -0.3406252 
   -0.4616217 
   -0.5886865 
    0.0001188 
    0.0001121 
    0.0001054 
    0.0000987 
    0.0000921 
    0.0000855 
    0.0000790 
    0.0000727 
    0.0000664 
    0.0000604 
    0.0000547 
    0.0000497 
    0.0000457 
    0.0000423 
    0.0000395 
    0.0000371 
    0.0000350 
    0.0000328 
    0.0000294 
    0.0000237 
    0.0000179 
    0.0000118 
    0.0000056 
   -0.0131913 
   -0.0979996 
   -0.0841490 
   -0.2638240 
   -0.3540681 
    0.0001191 
    0.0001125 
    0.0001058 
    0.0000992 
    0.0000926 
    0.0000861 
    0.0000797 
    0.0000734 
    0.0000673 
    0.0000614 
    0.0000559 
    0.0000515 
    0.0000479 
    0.0000450 
    0.0000426 
    0.0000406 
    0.0000387 
    0.0000353 
    0.0000289 
    0.0000229 
    0.0000167 
    0.0000107 
    0.0000048 
   -0.0195192 
   -0.0334774 
   -0.1953598 
    0.0001220 
    0.0001155 
    0.0001089 
    0.0001024 
    0.0000959 
    0.0000896 
    0.0000833 
    0.0000771 
    0.0000711 
    0.0000653 
    0.0000605 
    0.0000570 
    0.0000545 
    0.0000530 
    0.0000523 
    0.0000525 
    0.0000517 
    0.0000477 
    0.0000443 
    0.0000409 
    0.0000378 
    0.0000352 
    0.0000330 
    0.0000330 
    0.0001277 
    0.0001212 
    0.0001148 
    0.0001084 
    0.0001021 
    0.0000958 
    0.0000897 
    0.0000837 
    0.0000779 
    0.0000725 
    0.0000687 
    0.0000664 
    0.0000657 
    0.0000666 
    0.0000692 
    0.0000720 
    0.0000724 
    0.0000736 
    0.0000750 
    0.0000770 
    0.0000797 
    0.0000833 
    0.0001291 
    0.0001228 
    0.0001165 
    0.0001103 
    0.0001041 
    0.0000980 
    0.0000921 
    0.0000863 
    0.0000807 
    0.0000760 
    0.0000730 
    0.0000716 
    0.0000719 
    0.0000738 
    0.0000764 
    0.0000771 
    0.0000787 
    0.0000806 
    0.0000834 
    0.0000872 
    0.0001268 
    0.0001206 
    0.0001145 
    0.0001084 
    0.0001025 
    0.0000966 
    0.0000909 
    0.0000854 
    0.0000801 
    0.0000762 
    0.0000739 
    0.0000731 
    0.0000738 
    0.0000749 
    0.0000741 
    0.0000740 
    0.0000744 
    0.0000760 
    0.0001252 
    0.0001192 
    0.0001133 
    0.0001074 
    0.0001017 
    0.0000962 
    0.0000908 
    0.0000856 
    0.0000807 
    0.0000777 
    0.0000764 
    0.0000766 
    0.0000776 
    0.0000776 
    0.0000782 
    0.0000792 
    0.0001228 
    0.0001171 
    0.0001114 
    0.0001059 
    0.0001004 
    0.0000952 
    0.0000902 
    0.0000855 
    0.0000811 
    0.0000789 
    0.0000785 
    0.0000796 
    0.0000808 
    0.0000822 
    0.0001156 
    0.0001101 
    0.0001047 
    0.0000995 
    0.0000945 
    0.0000897 
    0.0000852 
    0.0000810 
    0.0000772 
    0.0000757 
    0.0000753 
    0.0000743 
    0.0001098 
    0.0001047 
    0.0000998 
    0.0000951 
    0.0000906 
    0.0000864 
    0.0000825 
    0.0000790 
    0.0000758 
    0.0000748 
    0.0001308 
    0.0001261 
    0.0001217 
    0.0001177 
    0.0001139 
    0.0001104 
    0.0001071 
    0.0001041 
    0.0001741 
    0.0001698 
    0.0001659 
    0.0001624 
    0.0001591 
    0.0001562 
    0.0001491 
    0.0001452 
    0.0001419 
    0.0001390 
    0.0001355 
    0.0001322 
    0.0006168 
    0.0005929 
    0.0005739 
    0.0005588 
    0.0005476 
    0.0005388 
    0.0005325 
    0.0005289 
    0.0005289 
    0.0005325 
    0.0005387 
    0.0005476 
    0.0005588 
    0.0005739 
    0.0005929 
    0.0006168 
    0.0000775 
    0.0001607 
    0.0002577 
    0.0003580 
    0.0004365 
    0.0004990 
    0.0005648 
    0.0006341 
    0.0007057 
    0.0007784 
    0.0008509 
    0.0009226 
    0.0009903 
    0.0010561 
    0.0011214 
    0.0011863 
    0.0012510 
    0.0013155 
    0.0013800 
    0.0014442 
    0.0015084 
    0.0015722 
    0.0016358 
    0.0016949 
    0.0000017 
    0.0000011 
    0.0000005 
    0.0000001 
    0.0000033 
    0.0000013 
    0.0000007 
    0.0000004 
    0.0000005 
    0.0000035 
    0.0000014 
    0.0000011 
    0.0000010 
    0.0000052 
    0.0000024 
    0.0000021 
    0.0000020 
    0.0000020 
    0.0000053 
    0.0000025 
    0.0000024 
    0.0000024 
    0.0000046 
    0.0000022 
    0.0000020 
    0.0000020 
    0.0000021 
    0.0000039 
    0.0000018 
    0.0000017 
    0.0000018 
    0.0000038 
    0.0000017 
    0.0000015 
    0.0000016 
    0.0000018 
    0.0000035 
    0.0000016 
    0.0000015 
    0.0000017 
    0.0000019 
    0.0000035 
    0.0000016 
    0.0000017 
    0.0000019 
    0.0000042 
    0.0000020 
    0.0000020 
    0.0000021 
    0.0000023 
    0.0000047 
    0.0000023 
    0.0000024 
    0.0000026 
    0.0000040 
    0.0000020 
    0.0000021 
    0.0000024 
    0.0000026 
    0.0000021 
    0.0000011 
    0.0000014 
    0.0000018 
    0.0000010 
    0.0000004 
    0.0000007 
    0.0000013 
    0.0000017 
    0.0000001 
    0.0000004 
    0.0000010 
    0.0000016 
    0.0016928 
    0.0016337 
    0.0015701 
    0.0015063 
    0.0014421 
    0.0013779 
    0.0013134 
    0.0012490 
    0.0011843 
    0.0011194 
    0.0010542 
    0.0009886 
    0.0009210 
    0.0008500 
    0.0007777 
    0.0007064 
    0.0006354 
    0.0005652 
    0.0004986 
    0.0004346 
    0.0003572 
    0.0002531 
    0.0001633 
    0.0000811 
    0.0020900 
    0.0020898 
    0.0020896 
    0.0020893 
    0.0020891 
    0.0020920 
    0.0020918 
    0.0020916 
    0.0020914 
    0.0020911 




        0.000 
element drag (N)				:          176 
surface drag (N)				:            0 
forces along X Y and Z axes (N)		:    176.63469     -0.03086    -58.01965 
filtered surface (m2) 				:         0.00 
