      1        1.000852502        0.000000000        1.000000000
      2        0.000000000        1.000852502        1.000000000
      3       -1.000852502        0.000000000        1.000000000
      4        0.000000000       -1.000852502        1.000000000
      5        0.990665265        0.142436176        1.000000000
      6        0.960310935        0.281972762        1.000000000
      7        0.910407441        0.415769194        1.000000000
      8        0.841970672        0.541101763        1.000000000
      9        0.756393806        0.655419058        1.000000000
     10        0.655418939        0.756393909        1.000000000
     11        0.541101763        0.841970672        1.000000000
     12        0.415769194        0.910407441        1.000000000
     13        0.281972762        0.960310935        1.000000000
     14        0.142436176        0.990665265        1.000000000
     15       -0.990665265        0.142436176        1.000000000
     16       -0.960310935        0.281972762        1.000000000
     17       -0.910407441        0.415769194        1.000000000
     18       -0.841970672        0.541101763        1.000000000
     19       -0.756393806        0.655419058        1.000000000
     20       -0.655418939        0.756393909        1.000000000
     21       -0.541101763        0.841970672        1.000000000
     22       -0.415769194        0.910407441        1.000000000
     23       -0.281972762        0.960310935        1.000000000
     24       -0.142436176        0.990665265        1.000000000
     25       -0.990665265       -0.142436176        1.000000000
     26       -0.960310935       -0.281972762        1.000000000
     27       -0.910407441       -0.415769194        1.000000000
     28       -0.841970672       -0.541101763        1.000000000
     29       -0.756393806       -0.655419058        1.000000000
     30       -0.655418939       -0.756393909        1.000000000
     31       -0.541101763       -0.841970672        1.000000000
     32       -0.415769194       -0.910407441        1.000000000
     33       -0.281972762       -0.960310935        1.000000000
     34       -0.142436176       -0.990665265        1.000000000
     35        0.990665265       -0.142436176        1.000000000
     36        0.960310935       -0.281972762        1.000000000
     37        0.910407441       -0.415769194        1.000000000
     38        0.841970672       -0.541101763        1.000000000
     39        0.756393806       -0.655419058        1.000000000
     40        0.655418939       -0.756393909        1.000000000
     41        0.541101763       -0.841970672        1.000000000
     42        0.415769194       -0.910407441        1.000000000
     43        0.281972762       -0.960310935        1.000000000
     44        0.142436176       -0.990665265        1.000000000
    0.0000000 
    0.0000000 
    0.0000000 
    0.0000000 
    0.0000000 
    0.0000000 
    0.0000000 
    0.0000000 
    0.0000000 
    0.0000000 
    0.0000000 
    0.0000000 
    0.0000000 
    0.0000000 
    0.0000000 
    0.0000000 
    0.0000000 
    0.0000000 
    0.0000000 
    0.0000000 
    0.0000000 
    0.0000000 
    0.0000000 
    0.0000000 
    0.0000000 
    0.0000000 
    0.0000000 
    0.0000000 
    0.0000000 
    0.0000000 
    0.0000000 
    0.0000000 
    0.0000000 
    0.0000000 
    0.0000000 
    0.0000000 
    0.0000000 
    0.0000000 
    0.0000000 
    0.0000000 
    0.0000000 
    0.0000000 
    0.0000000 
    0.0000000 




        0.000 
