      1      454.078894855        9.592929149      -98.340446994
      2      461.574968772        5.975016734      -97.776012000
      3      462.019794324       10.844479925      -99.728955340
      4      454.079268762        9.612814481      -98.383515280
      5      455.517086424       13.897571039     -100.000004917
      6      463.394342292       11.359536282     -100.000285664
      7      455.535559969       13.810246167     -100.000063504
      8      467.643785378        2.169737129      -97.675726470
      9      468.383562808        8.744215585      -99.621665226
     10      468.887235184        8.546402398      -99.614453267
     11      473.331974834        6.343820049      -99.574869157
     12      472.729479699        2.486546448     -100.000113666
     13      468.325314299        0.000000000      -97.010331433
     14      467.907076618        0.000000000      -97.193740105
     15      472.988320548        0.000000000      -97.276676691
     16      474.918372171        0.000000000      -97.372715767
     17      475.210308003        5.708954297      -99.494908000
     18      473.678782859        6.141563841      -99.575632646
     19      472.633216174        0.000000000     -100.000166337
     20      472.997221116        0.000000000     -100.000083862
     21      474.159624848        0.000000000      -99.833026951
     22      480.659002253        0.000000000      -98.164157916
     23      480.922335759        4.201575820      -99.471622694
     24      480.053914521        0.000000000      -99.609057431
     25      486.170748595        0.000000000      -98.299480793
     26      486.251771185        2.683086448      -99.340855906
     27      485.664728285        0.000000000      -99.415592010
     28      491.599362430        0.000000000      -99.064710672
     29      491.656125806        1.221179343      -99.223513063
     30      491.598349614        0.000000000      -99.234576367
     31      520.238976125        0.000000000      -99.274835660
     32      520.270256147        0.003367795      -99.235973916
     33      500.455605538        0.312446674      -99.183961315
     34      499.192010138        0.343149577      -99.182842529
     35      520.239413768        0.000000000      -99.196763504
     36        0.000000000        3.000000000        2.000000000
     37      310.024513499       50.998960896     -100.000433607
     38      416.531378884       23.165764720     -100.000215648
     39      435.694177067       17.361463442      -99.758507137
     40      453.987507773        9.632708395      -98.349102977
     41      455.438721687       13.835449337     -100.000055628
     42      101.717143975       17.467821590      -37.517559130
     43      205.052157429       33.458825329      -71.909251652
    0.0007161 
    0.0006866 
    0.0006597 
    0.0007600 
    0.0012007 
    0.0004494 
    0.0002612 
    0.0007487 
    0.0004456 
    0.0000027 
    0.0000070 
    0.0006424 
   -0.5256116 
   -0.1074246 
    0.0004319 
    0.0003980 
   -0.0521611 
    0.0006123 
    0.0004845 
    0.0003678 
   -0.0064219 
   -0.1233069 
    0.0003360 
    0.0003193 
    0.0003449 
    0.0036931 
   -0.0626481 
   -0.0883300 
   -0.0852995 
   -0.0728774 
   -0.0178677 
   -0.0086519 
   -0.0103806 
    0.0000034 
    0.0000102 


  -0.093426117184801   -0.014924651132295    0.016769694348605    0.093372701935137    0.012083889411588   -0.010617082077994 
  -0.093819808098471   -0.019075099097990    0.018080390078139    0.088189104905161   -0.042563675470058    0.006640411694212 
  -0.092456262623759    0.028831880999574    0.000002613645536    0.070978950627968   -0.036879636579632    0.004236922664721 
  -0.078023796657338    0.043110179030272   -0.003183993766615    0.075714603523200   -0.032194570038309    0.003191317107609 
  -0.092527310009096   -0.029821463580673    0.022029220411932    0.086516153897320   -0.035982093052784    0.004361905804497 
  -0.092156150026691   -0.028049448660771    0.022357186055693    0.083134474057627   -0.052127117878557    0.001373774383559 
  -0.065615677973473    0.037702474552294   -0.005984847367135    0.088913101155348   -0.028972705787485    0.001386028318722 
  -0.066474717861002    0.036969687240641   -0.006039450359205    0.084332310620530   -0.032880260291052    0.001094860384759 
  -0.079906666532260    0.004500118943597   -0.006860075619507    0.070189003061189   -0.066714209277667    0.000001293217520 
  -0.067385275655941    0.034902547214437   -0.006181641006941    0.081123175375721   -0.040165609942567    0.000593729076380 
   0.057536120854516    0.038745305873633    0.018686057768736   -0.081876439457272    0.038745305873633   -0.042450166232922 
  -0.081265043105438    0.056789438658383   -0.008252495906737    0.089306102121343    0.014672283691887   -0.012899012310858 
  -0.078201150851149    0.062379073381547    0.004427803383848    0.086437777457753    0.009439434163819   -0.024769930795661 
  -0.090667981841059    0.031719100244201   -0.009983024402721    0.094104524703332    0.031719100244201   -0.012998900257362 
  -0.079540514979200    0.051146175694435   -0.003863494418095    0.087777141585804    0.020672331850931   -0.016478632993718 
  -0.090285354403253    0.031716412760846   -0.007216667518076    0.093529085871596    0.031716412760846   -0.016363246182360 
  -0.089436519944868    0.030131730230279   -0.003825102804750    0.089769019879400   -0.034330564334467    0.003093098993414 
  -0.089362614160874    0.031742135815817   -0.004354862824958    0.092799157023147    0.031696064672585   -0.018627061835125 
  -0.096419669576625   -0.011650038420923   -0.006667910152273    0.086702006105554   -0.050564051913147   -0.000190872249714 
   0.094524148868329   -0.032717716422736    0.000021011004035   -0.087478322105697   -0.032717716422736   -0.000020226686554 
  -0.082624596778060   -0.005053575844309   -0.043306596583148    0.071955548976053   -0.057615442943320    0.038974620141911 
  -0.095932587024939   -0.008872883569262   -0.007120902744756    0.085476920178972   -0.052542754842615    0.002875565832343 
  -0.095095226099819   -0.028833102509860   -0.011539400070266    0.084482264936426   -0.028833102509860    0.008124057130601 
  -0.069376255700285    0.029249580657225   -0.001102069477488    0.072295614021793    0.027839962312298   -0.020119852852904 
  -0.069188893982339    0.039829690725579   -0.006890830378227    0.071848828386691    0.002610469072376   -0.006315884551143 
  -0.075901990930169   -0.010639969830623   -0.002019810749050    0.065395159378410   -0.046449573138900   -0.001361378761218 
  -0.077154974158542   -0.021220079898978   -0.003459170636009    0.068383042461453   -0.021220079898978    0.002070940969224 
  -0.053229005806102    0.021423876705928   -0.005326945383155    0.055862340866411    0.020591881494048   -0.007747702396921 
  -0.052357482385733    0.028585489893939   -0.006554190941287    0.053175892385066   -0.001483606580338   -0.003964749594020 
  -0.057194775876252   -0.006389328468790   -0.001995501758396    0.048510563496134   -0.035626429731186    0.000621154388279 
  -0.058517474655740   -0.013550941656801   -0.002292954288902    0.052587748393731   -0.013550941656801    0.001538044147259 
  -0.035540606315530    0.013593120084474   -0.000208093260080    0.036350832214871    0.013237744395991   -0.010205657869874 
  -0.035503744236882    0.015849076446373   -0.001579137197352    0.036077111673416   -0.003513931567895   -0.000024927356938 
  -0.038764519468084   -0.003911616077340   -0.001155734851182    0.032894090468695   -0.022919248403126    0.000408373810956 
  -0.039587304440168   -0.006167572439239   -0.001254654365079    0.039003706538001   -0.006167572439239    0.001142903818404 
  -0.024229533721515    0.006250151939349   -0.000574878952865    0.024702561856656    0.003926342585396   -0.000748474304425 
  -0.024942045184549    0.001987947117863   -0.000269702699477    0.024429990357375    0.002295834700666   -0.000631729026283 
  -0.024476724673321    0.000413931224209    0.000388782444547    0.024998058370498   -0.000357801307690    0.000258913276595 
  -0.024870200440529    0.002603722283469   -0.000269810521379    0.024465912729385    0.002603722283469   -0.000631782937234 
  -0.024708174955579   -0.003926342585396   -0.000192933471238    0.024226706686291   -0.006250151939349    0.000100739270231 
  -0.024435536731243   -0.002295834700666   -0.000298487874883    0.024939392570960   -0.001987947117863   -0.000175183644559 
  -0.024994411345677    0.000357801307690    0.000391688022388    0.024480371698142   -0.000413931224209    0.000261818854436 
  -0.024471854226019   -0.002603722283469   -0.000356653666844    0.024866757581407   -0.002603722283469   -0.000291515228482 


        0.000 
forces along X Y and Z axes (N)		:  35068.97796   4988.06491 -15457.02804 
current amplitude (m/s)			:        2.060 
filtered surface (m2) 				:        -7.75 
