      1        0.000000000        0.000000000    -1500.000000000
      2       45.324501308        0.001122521    -1477.039448214
      3     1281.095437379        0.068505458        0.209870209
      4     1287.035487901        0.071653864        1.102765965
      5     1316.984628580        0.083792139       -1.106255619
      6     1321.649221579        0.085170656      -20.593981530
      7      299.602770635        0.008002092    -1337.021891606
      8      543.449719793        0.015713183    -1179.698843555
      9      771.684380337        0.024370346    -1000.609686952
     10      975.761838532        0.034091639     -794.521128325
     11     1141.901800997        0.044921445     -556.869384159
     12     1250.412077846        0.056637339     -288.031694331
     13     1293.013629590        0.074633640        0.518149541
     14     1299.002057141        0.077345440        0.050648868
     15     1304.996979376        0.079779648       -0.324240572
     16     1310.991180324        0.081932228       -0.709813444
     17     1318.101357874        0.084248946       -4.957518674
     18     1319.127752404        0.084616203       -8.833837482
     19     1320.062180362        0.084892814      -12.733350456
     20     1320.903130036        0.085077871      -16.654088445
    0.0161688 
    0.0159796 
    0.0156745 
    0.0153864 
    0.0151209 
    0.0148847 
    0.0146869 
    0.0145456 
    0.0011309 
    0.0011100 
    0.0011081 
    0.0011055 
    0.0010982 
    0.0010910 
    0.0024754 
    0.0024761 
    0.0024768 
    0.0024776 
    0.0024785 




        0.000 
FAD	                   :           0 
current amplitude (m/s)			:        1.500 
