      1        0.000000000        0.000000000       -9.922123514
      2        4.886256063        0.000000000       -9.993535135
      3        4.886359935        0.006276881      -10.000000000
      4        0.000000000        0.079728867      -10.000000000
      5        4.886255141        0.001439080       -9.993535476
      6        4.886273350        0.002708937       -9.994214016
      7        4.886294596        0.003915022       -9.995000182
      8        4.886321964        0.004977656       -9.995971626
      9        4.886302919        0.005699265       -9.997216685
     10        4.886308217        0.006207606       -9.998562948
     11        0.598106131        0.000000000       -9.921674595
     12        1.196169210        0.000000000       -9.919725004
     13        1.794166047        0.000000000       -9.916546349
     14        2.391321364        0.000000000       -9.898916835
     15        2.981531705        0.000000000       -9.832090431
     16        3.544599556        0.000000000       -9.690869678
     17        4.010409219        0.000000000       -9.441391960
     18        4.457511094        0.000000000       -9.360275535
     19        4.810334616        0.000000000       -9.651710552
     20        4.732011311        0.501512381      -10.000000000
     21        4.304237930        0.644145162      -10.000000000
     22        3.886853013        0.465367167      -10.000000000
     23        3.380580863        0.258179615      -10.000000000
     24        2.807251951        0.142439917      -10.000000000
     25        2.215367481        0.086390297      -10.000000000
     26        1.617729997        0.075542823      -10.000000000
     27        1.019564903        0.077249457      -10.000000000
     28        0.421367209        0.079178221      -10.000000000
     29        0.000000000        0.061409953       -9.960532643
     30        4.866762977        0.174875437       -9.931582093
     31        4.572794291        0.557369684       -9.776636184
     32        4.773314526        0.346386235       -9.703820209
     33        4.880511184        0.102225023       -9.841340931
     34        4.142154621        0.560873745       -9.764964481
     35        4.361792195        0.466777876       -9.583461472
     36        4.584997995        0.297882920       -9.475321524
     37        4.774139319        0.081499194       -9.561573780
     38        3.702927342        0.336621897       -9.860482008
     39        3.930984052        0.370786410       -9.668520785
     40        4.145573582        0.288946316       -9.475434163
     41        4.368825102        0.118387005       -9.370068950
     42        3.157375258        0.180637358       -9.926053392
     43        3.438402770        0.200117033       -9.822801883
     44        3.700378628        0.179075287       -9.678076582
     45        3.931089777        0.082341349       -9.512440563
     46        2.572129274        0.101241701       -9.954807633
     47        2.867329459        0.107878224       -9.901472788
     48        3.157387158        0.095002740       -9.825770855
     49        3.437041314        0.044720775       -9.729369634
     50        1.976332858        0.070611766       -9.969854883
     51        2.274685350        0.065563529       -9.938442452
     52        2.572066750        0.054581293       -9.900120651
     53        2.866609286        0.025381799       -9.850987294
     54        1.378282148        0.068896492       -9.972002214
     55        1.677283876        0.053433514       -9.952368641
     56        1.976089599        0.037518363       -9.930291565
     57        2.274520537        0.016608904       -9.907348541
     58        0.780103511        0.068956694       -9.972889893
     59        1.079162702        0.053289338       -9.954365756
     60        1.378170049        0.034468239       -9.938166918
     61        1.677082419        0.014197228       -9.922087658
     62        0.181934185        0.068338964       -9.973499984
     63        0.481012442        0.053996274       -9.954240133
     64        0.780066223        0.033497259       -9.941170005
     65        1.079079843        0.013194566       -9.926998729
     66        0.181931575        0.033104609       -9.942397563
     67        0.480985380        0.012630393       -9.929285872
    0.0073568 
    0.0079232 
    0.0078905 
    0.0080102 
    0.0074300 
    0.0073338 
    0.0077555 


  -0.057395802399000   -0.002874504877243    0.004829414220238    0.057450159445726   -0.000789982570482    0.004829414220238 
  -0.057467247573228   -0.003301088264310    0.003360274764697    0.057333405321581   -0.000970103618769    0.006036424183474 
  -0.057336967215453   -0.003506773896669    0.004348487403068    0.057155246900912    0.002379278648488    0.007240069596335 
  -0.057475255062275   -0.001119601314967    0.004416770632324    0.057450159445726   -0.000789982570482    0.004829414220238 
  -0.057482103966344   -0.001266901465808    0.004343190274483    0.057471555680708   -0.001637545532508    0.004343190274483 
  -0.057480788244939   -0.002999174797112    0.003389139345473    0.057469209411491   -0.003010743593510    0.003559721712813 
  -0.057481494905304   -0.001326622743178    0.004314819072908    0.057468502751126   -0.001338191539576    0.004485401440248 
  -0.057467247549253   -0.003301088648906    0.003360274329727    0.057458166955670   -0.002971469066002    0.003772918323687 
  -0.057479708579042   -0.003644493810997    0.002729097778649    0.057458166955670   -0.002971469066002    0.003772918323687 
  -0.057478914565476   -0.001010233213988    0.004485401440248    0.057468502751126   -0.001338191539576    0.004485401440248 
  -0.057476652549689   -0.001756253350923    0.004225952751377    0.057471555680708   -0.001637545532508    0.004343190274483 
  -0.056585200017538   -0.008391587452084    0.007240069133087    0.057155246780475    0.002379279431062    0.007240069133087 
  -0.056373023552462   -0.009137750303321    0.006321054186536    0.056091705918702    0.006119442985686    0.011846658972762 
  -0.054083023930418   -0.016121873709774    0.011846658972762    0.056091705918702    0.006119442985686    0.011846658972762 
  -0.055737114228718   -0.013981877756476    0.004723573789145    0.056727615242446    0.001275315532531    0.010249178575371 
  -0.056739630117103   -0.010241889850145    0.000259835690887    0.055739401248582   -0.002474237994107    0.014547382877338 
  -0.053195241768684   -0.017408143621657    0.009750924717458    0.051641686769562    0.012566886948357    0.022351553044287 
  -0.056739630117103   -0.010241889850145    0.000259835690887    0.056727615049796    0.001275316251232    0.010249177717589 
  -0.057380151790965   -0.005389346182686    0.001566328763824    0.057420501103844   -0.003058361537145    0.004242478182601 
  -0.057380151790965   -0.005389346182686    0.001566328763824    0.057146793779213   -0.002110418320972    0.007364171300405 
  -0.057178487317862   -0.007297028026732   -0.001388960613247    0.057279434434633   -0.004846871385403    0.003549448162336 
  -0.056873150049530   -0.006952927614911   -0.004041803762019    0.056601236938318   -0.005611167336083    0.009441790068195 
  -0.057414156061688   -0.004706821170025    0.000402181603370    0.057348458161545   -0.004018099591095    0.004408882893995 
  -0.057178487331126   -0.007297028185994   -0.001388960778402    0.057348458161545   -0.004018099591095    0.004408882893995 
  -0.057158808803985   -0.006856155559812    0.003144842411409    0.057146793736678   -0.002110418039101    0.007364170997067 
  -0.057459214461458   -0.004481544883071    0.001576517596030    0.057420501103844   -0.003058361537145    0.004242478182601 
  -0.055737114752083   -0.013981877282203    0.004723575632469    0.054004121706934    0.003743344318877    0.019841498785607 
  -0.057158808803985   -0.006856155559812    0.003144842411409    0.057333405380852   -0.000970104301934    0.006036424142075 
  -0.057421863458303   -0.005278415625987   -0.000111462942589    0.057331464022712   -0.005278415625987    0.003276341367823 
  -0.057471279378282   -0.002188808502769    0.004096259946899    0.057471279378282   -0.001705670783074    0.004294237778304 
  -0.057475335089084   -0.002874894215788    0.003583862357172    0.057472873140807   -0.002756185967442    0.003701100127055 
  -0.057473352780377   -0.004014680015034    0.002275746321685    0.057471611821353   -0.003866923780955    0.002593621725797 
  -0.057471279378282   -0.002188808502769    0.004096259946899    0.057472873140027   -0.002756186099285    0.003701100028589 
  -0.057476968574610   -0.001711525737327    0.004245451643988    0.057473139762617   -0.001861743684960    0.004245451643988 
  -0.057469447997029   -0.003977937512941    0.002386626930597    0.057468174430034   -0.003934462082996    0.002519629983107 
  -0.057470490926905   -0.004006988159587    0.002369920818834    0.057470490926905   -0.003869936429278    0.002556736653940 
  -0.057473352780377   -0.004014680015034    0.002275746321685    0.057468147535234   -0.003939227406689    0.002511642883900 
  -0.057475191398875   -0.004088090998017    0.002146153619399    0.057459246621567   -0.003616788079887    0.003112876756862 
  -0.057480788244939   -0.002999174797112    0.003389139345473    0.057459246621567   -0.003616788079887    0.003112876756862 
  -0.057469240540496   -0.004232339542841    0.001811692458329    0.057440995221428   -0.003895412609218    0.003089897999982 
  -0.057459214461458   -0.004481544883071    0.001576517596030    0.057448539310149   -0.004518470435747    0.001800514740841 
  -0.057479708579042   -0.003644493810997    0.002729097778649    0.057440995221428   -0.003895412609218    0.003089897999982 
  -0.057465235288570   -0.004511966758413    0.001257816010675    0.057449826460148   -0.004511966758413    0.001868647696274 
  -0.057473325885587   -0.004009914693172    0.002283733417822    0.057468174430034   -0.003934462082996    0.002519629983107 
  -0.057473325886028   -0.004009914708629    0.002283733404021    0.057465875962562   -0.004014896790030    0.002447811295016 
  -0.057473844320337   -0.004193314456422    0.002002974615063    0.057453924943821   -0.004193314456422    0.002377620935220 
  -0.057470884003695   -0.004060967563404    0.002159727256280    0.057460452186676   -0.003901500972868    0.002723246988443 
  -0.057475191397907   -0.004088090882905    0.002146153766573    0.057454212926627   -0.004215809508457    0.002347011611130 
  -0.057476396964447   -0.003803377995612    0.002535783537566    0.057460452186676   -0.003901500972868    0.002723246988443 
  -0.057470741046116   -0.004014019299792    0.002347839280890    0.057465323368722   -0.004014019299792    0.002434106572931 
  -0.057476396965926   -0.003803377988362    0.002535783578229    0.057468147534649   -0.003939227366084    0.002511642933871 
  -0.057475335089084   -0.002874894215788    0.003583862357172    0.057469209411491   -0.003010743593510    0.003559721712813 
  -0.011225517495297    0.052954702746899    0.010960933622814    0.021587980355690   -0.052329093323577    0.010960933622814 
  -0.006176420195484    0.053277530435505    0.021221545901485    0.006147458054128   -0.053316324868048   -0.020416796555287 
  -0.006174387356265    0.053258303068232    0.021217570043416    0.006171420826357   -0.053542973890850   -0.020463663312102 
  -0.039306695875696   -0.019054470915931    0.037653988577509    0.040900728011919    0.015300681501461    0.037653988577509 
  -0.017957688569262    0.032958673313288    0.043768248969572    0.038533306144545   -0.040543987231557    0.013992803607437 
  -0.039179546590726    0.013507346982654    0.035784140178037    0.043024240336367   -0.013901919801178    0.035784140178037 
  -0.017957682738982    0.032958675154649    0.043768256337396    0.008193606108543   -0.050126086706634   -0.024347991286869 
  -0.039730337037175   -0.013228545729803    0.038027023731872    0.043024240336367   -0.013901919801178    0.035784140178037 
  -0.034903010564849    0.021173572312785    0.040736374214755    0.021587984148958   -0.052329088232060    0.010960928852620 
  -0.036188132828923   -0.009320722926528    0.043909809041440    0.038533306144545   -0.040543987231557    0.013992803607437 
  -0.006165631916328    0.053181594426761    0.021181169292511    0.006176296991840   -0.053585695219819   -0.020483935975315 
  -0.001828868008237    0.030979877663759    0.048608447201797    0.001813542150596   -0.031574952855247   -0.048064438485006 
  -0.001827259296144    0.030945037782453    0.048553678294420    0.001817061989272   -0.031656157382857   -0.048173695582941 
  -0.001828433910702    0.030969704926010    0.048595308268100    0.001816536047907   -0.031645112507700   -0.048155055489448 
  -0.020441116663090   -0.003982806570634    0.053761900734912    0.005596973429691   -0.024563368614966   -0.049231328033807 
  -0.020441119546096   -0.003982802274508    0.053761896352662    0.020599617017279   -0.046919629281766   -0.026426889291912 
  -0.007545984578203    0.035649682531533    0.042023548977812    0.020599617017279   -0.046919629281766   -0.026426889291912 
  -0.011991177165081   -0.000402942571814    0.053989680391951    0.011991693464905   -0.000402942571814   -0.053989489381184 
  -0.050832805923349   -0.026231689642319    0.007240869494080    0.054004121706934    0.003743344318877    0.019841498785607 
  -0.050832807879457   -0.026231689100038    0.007240872769957    0.043824897527592    0.006565276946828    0.036888557729127 
  -0.040579944738284   -0.036528456285195    0.018533274632622    0.043824899497851    0.006565274968132    0.036888559899151 
  -0.040579945049183   -0.036528461021599    0.018533274246421    0.042207037637065   -0.018082096860280    0.034878842462346 
  -0.043504116224216   -0.027793049751865    0.019298703310980    0.040900728011919    0.015300681501461    0.037653988577509 
  -0.044314676856678   -0.036840488426090   -0.001836305716886    0.050343028550370   -0.004043522379225    0.027811379242285 
  -0.055877794427368   -0.013378819192121   -0.004845757118256    0.056601236938318   -0.005611167336083    0.009441790068195 
  -0.055877794427368   -0.013378819192121   -0.004845757118256    0.056276820795273   -0.006930820963411    0.008325369029754 
  -0.054735775111226   -0.012148960163795   -0.009437863419565    0.053740229225510   -0.009662517353440    0.018525107306258 
  -0.050604635597817   -0.025818449481452   -0.009856811111194    0.053740228431643   -0.009662514726620    0.018525107386766 
  -0.050604635597817   -0.025818449481452   -0.009856811111194    0.052308751837661   -0.011731407050670    0.016958489959723 
  -0.054962472333810   -0.014212547205272   -0.010122604849230    0.053240381577045   -0.014212547205272    0.017015312040470 
  -0.054001834173432   -0.020199459293623   -0.000570542824698    0.050343028550371   -0.004043522379225    0.027811379242285 
  -0.056919301486537   -0.008066502748246   -0.004574443233200    0.056499477071189   -0.008066502748246    0.008267366792785 
  -0.044314676856678   -0.036840488426090   -0.001836305716886    0.041236955680710   -0.015726938374440    0.037104813596124 
  -0.054001835210435   -0.020199459595187   -0.000570540275800    0.055739401248582   -0.002474237994107    0.014547382877338 
  -0.041216638886202   -0.039702588890687   -0.007111396810750    0.044334993651187   -0.018589038839037    0.031829722502259 
  -0.041550027323720   -0.034173299320994    0.020759248517112    0.042892715643110   -0.032455981603185    0.020780893863754 
  -0.038504697367839   -0.033012705963077    0.027442420295433    0.036346630720313   -0.041581708430331   -0.016574796106620 
  -0.036188133249129   -0.009320723125944    0.043909803167369    0.036346630720312   -0.041581708430331   -0.016574796106620 
  -0.010798590137938   -0.008543391354630    0.056009027473261    0.016270821782043   -0.029611733299827   -0.046743858596094 
  -0.041541225189507   -0.034493132493083    0.020226036915998    0.042901517777323   -0.032775814775273    0.020247682262639 
  -0.040547538976557   -0.017408722337923    0.037121724002899    0.042892715643110   -0.032455981603185    0.020780893863754 
  -0.044356085411294   -0.025900979770568    0.017494072779921    0.023444836457052   -0.025900979770568   -0.038510024457802 
  -0.048538992763235   -0.026168588885988   -0.016917742846704    0.040974065381641   -0.026168588885988    0.031023541443377 
  -0.047014702947589   -0.022731017472032   -0.016552113627909    0.044334993651187   -0.018589038839037    0.031829722502259 
  -0.042600460451235   -0.037624120891249   -0.009729989473933    0.043317635330747   -0.037624120891249    0.005857887011968 
  -0.041216638886202   -0.039702588890687   -0.007111396810750    0.039408674619094   -0.023275257186448    0.028927116747601 
  -0.041541225189507   -0.034493132493083    0.020226036915998    0.043091189419784   -0.038293471266612   -0.000546185746724 
  -0.042789183010656   -0.035425258351897   -0.003203753361780    0.042901518017139   -0.032775814596150    0.020247686765065 
  -0.041550027005538   -0.034173302535759    0.020759245380198    0.041236955680710   -0.015726938374440    0.037104813596124 
  -0.040547539108321   -0.017408719575743    0.037121726712053    0.042207037637065   -0.018082096860280    0.034878842462346 
  -0.045646947213934   -0.027247655265200    0.022351553044287    0.051641686769562    0.012566886948357    0.022351553044287 


        4.017 
catch drag (N)				:          574 
element drag (N)				:            0 
surface drag (N)				:          149 
forces along X Y and Z axes (N)		:    723.33679      0.00000      0.00000 
maximal catch diameter (m) 			:        1.288 
thickness of the catch (m) 			:        0.869 
volume of the catch (m3) 			:       0.2000 
current amplitude (m/s)			:        1.900 
filtered surface (m2) 				:         0.00 
