      1     2272.399928034        0.000000000      -27.097068675
      2     2272.398537927        0.000000338      -27.097069608
      3     2267.894828522        0.000001827      -27.097069865
      4     2267.895005367        0.000000000      -27.097066847
      5     2263.386205103        0.000012340      -27.097072300
      6     2263.386585818        0.000000000      -27.097050965
      7     2254.330383407        0.000101584      -27.096926651
      8     2254.330852699        0.000000000      -27.096706809
      9     2245.323525804        0.000970610      -27.094806423
     10     2245.323764527        0.000000000      -27.094781513
     11     2233.261802643        0.111529224      -27.105649753
     12     2233.252770578        0.000000000      -27.090734350
     13     2221.253437370        0.858286519      -27.621701903
     14     2221.213144966        0.000000000      -27.079263859
     15     2215.633014400        2.656116992      -28.110909141
     16     2215.296172890        0.000000000      -27.064824888
     17     2213.742054612        5.082855547      -28.774951818
     18     2213.000524744        2.817131551      -27.063118707
     19     2212.568660710        0.000000000      -27.027487311
     20     2203.545972001       12.214729955      -29.916797498
     21     2203.783200853       11.709426735      -27.364672687
     22     2204.176689889       13.312619744      -30.000120394
     23     2196.853457891       18.394807483      -27.892285183
     24     2254.330422127        0.000219577      -27.097404020
     25     2245.324355978        0.004176271      -27.095610216
     26     2233.263723182        0.120083607      -27.191960482
     27     2221.247700795        0.565950751      -27.808803696
     28     2215.920889594        2.659943129      -29.175794478
     29     2213.687251188        4.795267628      -29.742852085
     30     2272.400001509        0.000000000      -27.097070140
     31     2267.894992933        0.000000000      -27.097071108
     32     2263.386590756        0.000000000      -27.097080120
     33     2254.330972831        0.000000000      -27.097207305
     34     2245.324980501        0.000000000      -27.111134325
     35     2233.264541575        0.000000000      -27.207103406
     36     2221.365413708        0.000000000      -28.971405582
     37     2216.102469260        0.000000000      -30.002284087
     38     2216.102468615        2.700004219      -30.002482778
     39     2204.212736043       13.351992491      -30.003406637
     40     2197.059323171       19.754582107      -30.022320433
     41     2175.276514885       39.210886768      -29.901124592
     42     2174.705329168       39.762291341      -30.002869647
     43     2174.990499555       39.486998013      -29.952225950
     44       53.300000000        2.000000000        1.500000000
     45     2249.827054956        0.000376110      -27.095827417
     46     2239.453160996        0.015641774      -27.095745483
     47     2233.261776423        0.110985587      -27.105405520
     48     2239.258889480        0.000137984      -27.092827937
     49     2235.258406013        0.038111323      -27.096765058
     50     2227.999878832        0.351438093      -27.192226960
     51     2221.253417698        0.859420983      -27.618317399
     52     2221.257816492        1.004273258      -27.080326153
     53     2227.198257171        0.132396545      -27.085767476
     54     2223.216454856        0.588639132      -27.083386128
     55     2231.199359586        0.103430181      -27.096477002
     56     2227.211849478        0.391844819      -27.141816346
     57     2215.633830064        2.658019988      -28.100890808
     58     2216.175559936        3.858253452      -27.077649102
     59     2218.272295949        0.800305174      -27.073500078
     60     2218.782030569        2.507982154      -27.221597793
     61     2213.747511531        5.085344393      -28.779290960
     62     2213.411596350        4.583713510      -28.269983844
     63     2212.998058892        2.790859450      -27.062615564
     64     2214.321397880        2.469105471      -27.069705097
     65     2214.704419763        4.084591418      -27.838799172
     66     2210.360525143        7.708539377      -29.463245036
     67     2206.969621217       10.475656634      -29.709893013
     68     2203.490301208       11.903112264      -28.287801262
     69     2206.662698355        8.931468400      -27.221213472
     70     2209.543169169        6.152571071      -27.122488653
     71     2209.932279498        6.248030453      -29.043454204
     72     2207.090046832        9.057596019      -28.875957881
     73     2200.713064139       14.745597994      -30.000085622
     74     2199.736995038       15.612951963      -27.641502703
     75     2200.791981556       14.891946174      -29.272098797
     76     2245.324352951        0.004211874      -27.095615136
     77     2233.263710993        0.119997973      -27.191097435
     78     2239.261767292        0.028625661      -27.098179677
     79     2221.247764567        0.568923101      -27.806953480
     80     2227.215137142        0.382693459      -27.269123760
     81     2208.909207474        9.031548597      -29.726810295
     82     2249.287440666        0.000768589      -27.102252854
     83     2237.644100698        0.063361842      -27.163128092
     84     2221.365715200        0.006237150      -28.971356241
     85     2225.201549460        0.349191065      -27.752394060
     86     2229.194752129        0.124392494      -27.690088744
     87     2216.105298451        2.708254264      -29.994167430
     88     2217.440327826        2.340641536      -29.355129534
     89     2213.125037709        5.375430574      -30.003389937
     90     2210.144279905        8.043090529      -30.003391736
     91     2207.163630176       10.710868311      -30.003375231
     92     2201.232141384       16.019743856      -30.004152377
     93     2138.984667413       74.200639889      -30.001265843
     94     2102.979033973      108.914090135      -30.001535258
     95     2066.973184469      143.627748634      -30.001536742
     96     2030.967334939      178.341407104      -30.001536746
     97     1994.961701416      213.054857265      -30.001536746
     98     1958.955851833      247.768515681      -30.001536751
     99     1922.950002225      282.482174072      -30.001536746
    100     1886.944368628      317.195624156      -30.001536746
    101     1850.938518974      351.909282498      -30.001536751
    102     1814.932669297      386.622940817      -30.001536746
    103     1778.927035635      421.336390833      -30.001536746
    104     1742.921185918      456.050049111      -30.001536751
    105     1706.915336182      490.763707368      -30.001536746
    106     1670.909702462      525.477157325      -30.001536746
    107     1634.903852692      560.190815547      -30.001536751
    108     1598.898002905      594.904473752      -30.001536746
    109     1562.892369138      629.617923660      -30.001536746
    110     1526.886519322      664.331581835      -30.001536751
    111     1490.880669494      699.045239997      -30.001536746
    112     1454.875035689      733.758689866      -30.001536746
    113     1418.869185838      768.472348004      -30.001536751
    114     1382.863335978      803.186006133      -30.001536746
    115     1346.857702144      837.899455972      -30.001536746
    116     1310.851852268      872.613114084      -30.001536751
    117     1274.846002385      907.326772190      -30.001536746
    118     1238.840368532      942.040222008      -30.001536746
    119     1202.834518639      976.753880104      -30.001536751
    120     1166.828668744     1011.467538196      -30.001536746
    121     1130.823034881     1046.180988005      -30.001536746
    122     1094.817184982     1080.894646094      -30.001536751
    123     1060.079964256     1044.910792299      -30.001536751
    124     1025.342743499     1008.926938535      -30.001536746
    125      990.605731135      972.943300702      -30.001536746
    126      955.868510319      936.959446994      -30.001536746
    127      921.131497898      900.975809216      -30.001536746
    128      886.394277027      864.991955561      -30.001536751
    129      851.657056130      829.008101931      -30.001536746
    130      816.920043632      793.024464229      -30.001536746
    131      782.182822686      757.040610647      -30.001536751
    132      747.445601717      721.056757087      -30.001536746
    133      712.708589149      685.073119450      -30.001536746
    134      677.971368137      649.089265932      -30.001536746
    135      643.234355528      613.105628335      -30.001536702
    136      608.497134477      577.121774854      -30.001529088
    137      573.759913421      541.137921403      -30.000190513
    138      539.023076182      505.154465576      -29.765031930
    139      504.287604659      469.172424509      -29.262983934
    140      469.554695781      433.193038083      -28.494094811
    141      434.824920678      397.216897922      -27.458420972
    142      400.099683172      361.245458226      -26.156063227
    143      365.379552524      325.279308682      -24.587117030
    144      330.665721709      289.319685078      -22.751723137
    145      295.959381945      253.367821377      -20.650051296
    146      261.261097890      217.424302500      -18.282255156
    147      226.572056841      181.490358352      -15.648547857
    148      191.893443521      145.567216168      -12.749171293
    149      157.225815863      109.655453904       -9.584336644
    150      122.570561109       73.756508584       -6.154350034
    151       87.928231551       37.870952316       -2.459460509
    0.0001088 
    0.0001273 
    0.0009108 
    0.0009099 
    0.0009102 
   -0.0153310 
   -0.0168512 
    0.0000016 
   -0.0017834 
   -0.0024588 
   -0.0024593 
   -0.0024451 
   -0.0203825 
   -0.0203806 
   -0.0204279 
   -0.0590877 
   -0.0174867 
    0.0016148 
    0.0000055 
    0.3340125 
   -0.3319732 
   -0.3340142 
    0.0002898 
    0.0002898 
    0.0002898 
    0.0002898 
    0.0002898 
    0.0002898 
    0.0002898 
    0.0002898 
    0.0002898 
    0.0002898 
    0.0002898 
    0.0002898 
    0.0002898 
    0.0002898 
    0.0002898 
    0.0002898 
    0.0002898 
    0.0002898 
    0.0002898 
    0.0002898 
    0.0002898 
    0.0002898 
    0.0002898 
    0.0002898 
    0.0002898 
    0.0002898 
    0.0002898 
    0.0002898 
    0.0002898 
    0.0002898 
    0.0003004 
    0.0003004 
    0.0003004 
    0.0003004 
    0.0003004 
    0.0003004 
    0.0003004 
    0.0003004 
    0.0003004 
    0.0003004 
    0.0003004 
    0.0003004 
    0.0003004 
    0.0003004 
    0.0003004 
    0.0003004 
    0.0003004 
    0.0003004 
    0.0003005 
    0.0003005 
    0.0003005 
    0.0003006 
    0.0003007 
    0.0003007 
    0.0003008 
    0.0003009 
    0.0003010 
    0.0003011 
    0.0003012 
    0.0003013 
   -0.9900000 
    0.0008243 
    0.0019163 
    0.0011964 
    0.0007620 
    0.0005039 
   -0.0000751 
   -0.0007644 
   -0.0012959 
   -0.0131324 
   -0.0102708 
   -0.0175778 
   -0.0068390 
   -0.0319265 
   -0.9900000 
    0.0008243 
    0.0019163 
    0.0011921 
    0.0006741 
    0.0001306 
   -0.0016498 
   -0.0192352 
   -0.0051884 


   0.04503    0.00000   -0.00000   -0.04507    0.00000    0.00000 
   0.04503    0.00000   -0.00000   -0.04504    0.00000   -0.00000 
   0.04508    0.00000   -0.00000   -0.04509    0.00000    0.00000 
   0.04508    0.00000   -0.00000   -0.04509    0.00000   -0.00000 
   0.04505    0.00000   -0.00000   -0.04506    0.00000    0.00000 
   0.04505    0.00000   -0.00000   -0.04506    0.00000   -0.00000 
   0.04503   -0.00000   -0.00001   -0.04504    0.00000    0.00001 
   0.04503    0.00001   -0.00001   -0.04504    0.00001    0.00001 
   0.04503    0.00000   -0.00001   -0.04504    0.00000    0.00001 
   0.04503    0.00000   -0.00001   -0.04504    0.00001    0.00001 
   0.06005    0.00008   -0.00003   -0.06002    0.00026   -0.00003 
   0.06007    0.00000   -0.00002   -0.06003    0.00000    0.00002 
   0.06004    0.00001   -0.00002   -0.06005    0.00001    0.00002 
   0.06009    0.00029   -0.00006   -0.06001    0.00057   -0.00006 
   0.06007    0.00019   -0.00005   -0.05995    0.00147   -0.00017 
   0.06006   -0.00021   -0.00000   -0.05995    0.00159   -0.00018 
   0.06002   -0.00019   -0.00023   -0.05997    0.00128   -0.00025 
   0.06004   -0.00021   -0.00001   -0.06001    0.00057   -0.00006 
   0.05975    0.00409   -0.00008   -0.06005    0.00409    0.00003 
   0.06002   -0.00043   -0.00016   -0.05973    0.00684    0.00004 
   0.06002   -0.00043   -0.00016   -0.05991    0.00176   -0.00001 
   0.05993   -0.00221    0.00010   -0.05988    0.00330   -0.00059 
   0.06000   -0.00109    0.00001   -0.05981    0.00433   -0.00068 
   0.06003   -0.00034   -0.00019   -0.05991    0.00171    0.00000 
   0.05991    0.00550   -0.00008   -0.05973    0.00684    0.00004 
   0.05993   -0.00295   -0.00088   -0.05875    0.01257    0.00008 
   0.05943    0.00263   -0.00011   -0.05875    0.01262    0.00009 
   0.05952   -0.00684   -0.00328   -0.05958    0.00467   -0.00479 
   0.05979   -0.00391    0.00066   -0.05958    0.00468   -0.00478 
   0.05966   -0.00620   -0.00134   -0.05962    0.00393   -0.00543 
   0.05994   -0.00287   -0.00099   -0.05987    0.00269   -0.00161 
   0.05993   -0.00295   -0.00088   -0.05981    0.00433   -0.00068 
   0.05938    0.00960   -0.00016   -0.05896    0.00960    0.00013 
   0.04943   -0.03301   -0.00807   -0.04949    0.03083   -0.00000 
   0.05972    0.00433   -0.00014   -0.05904    0.01092    0.00012 
   0.05989    0.00474   -0.00014   -0.04916    0.03464    0.00001 
   0.05660    0.00319   -0.00013   -0.04784    0.03527    0.00000 
   0.04937   -0.03313   -0.00810   -0.05749    0.01512   -0.00725 
   0.05301   -0.02597   -0.00480   -0.05042    0.02901   -0.00085 
   0.05483   -0.02119   -0.01204   -0.05646    0.01739   -0.00800 
   0.04937   -0.03311   -0.00810   -0.05750    0.01512   -0.00725 
   0.04943   -0.03301   -0.00805   -0.04939    0.03074    0.00128 
   0.05536    0.02322   -0.00093   -0.04756    0.02322    0.00048 
   0.05501    0.01438   -0.00061   -0.04699    0.03779   -0.00005 
   0.05343    0.01457   -0.00079   -0.04850    0.03797   -0.00022 
   0.05615    0.00601   -0.00027   -0.04610    0.03044    0.00024 
   0.05774    0.00350   -0.00013   -0.04898    0.03495    0.00001 
   0.04643   -0.02668    0.00855   -0.05302    0.01171   -0.02462 
   0.05757    0.00960    0.00659   -0.05133    0.01723   -0.02492 
   0.04534   -0.02883    0.00906   -0.05410    0.00957   -0.02411 
   0.04455   -0.03039    0.00943   -0.05268    0.01238   -0.02478 
   0.03418   -0.04910   -0.00459   -0.03581    0.04530   -0.01545 
   0.02621   -0.05011    0.02006   -0.03712    0.04513   -0.01138 
   0.03996   -0.03927    0.00617   -0.03493    0.04679   -0.01381 
   0.06593   -0.01990   -0.02339   -0.05762    0.05559   -0.00099 
   0.06340   -0.02465   -0.02638   -0.06952    0.03320   -0.01505 
   0.04813   -0.05359    0.02294   -0.06265    0.04697   -0.01139 
   0.07643   -0.02305    0.00522   -0.05996    0.04988   -0.01308 
   0.07636   -0.02318    0.00521   -0.06965    0.03319   -0.01537 
   0.05387   -0.04255   -0.03684   -0.05761    0.05558   -0.00197 
   0.05462   -0.04192   -0.03080   -0.05759    0.05556   -0.00287 
   0.05372   -0.04327   -0.02958   -0.06209    0.04881    0.00321 
   0.07296   -0.03009   -0.01310   -0.05684    0.05619    0.00335 
   0.07296   -0.03009   -0.01310   -0.06027    0.05223   -0.00629 
   0.06888   -0.03096   -0.02641   -0.05704    0.05291    0.00427 
   0.06996   -0.02937   -0.02536   -0.06884    0.03561   -0.00722 
   0.05402   -0.04243   -0.03577   -0.05684    0.05619    0.00335 
   0.04943   -0.05023   -0.02242   -0.05780    0.05576   -0.00395 
   0.05541   -0.05167   -0.02267   -0.05430    0.05791   -0.00991 
   0.05340   -0.04876   -0.02731   -0.05384    0.05723   -0.00884 
   0.05436   -0.05114   -0.02880   -0.06103    0.04729   -0.00301 
   0.05570   -0.04780   -0.02960   -0.05767    0.05564   -0.00502 
   0.07059   -0.03010    0.00005   -0.05399    0.05899   -0.00225 
   0.05310   -0.05464   -0.02254   -0.05970    0.05098   -0.00962 
   0.04505    0.00000   -0.00001   -0.04505    0.00000   -0.00001 
   0.04503   -0.00002   -0.00002   -0.04503    0.00002    0.00000 
   0.04504    0.00002   -0.00002   -0.04503    0.00003    0.00000 
   0.04503   -0.00006   -0.00000   -0.04503   -0.00001    0.00001 
   0.06003   -0.00023    0.00002   -0.06001    0.00030   -0.00004 
   0.06003   -0.00026    0.00003   -0.06002    0.00016   -0.00001 
   0.06007    0.00024   -0.00006   -0.05999    0.00054   -0.00008 
   0.06001   -0.00077   -0.00051   -0.05997    0.00094   -0.00122 
   0.06004   -0.00008   -0.00020   -0.05997    0.00108   -0.00116 
   0.06000   -0.00077   -0.00051   -0.05998    0.00094   -0.00122 
   0.06002   -0.00062    0.00003   -0.05995    0.00124   -0.00016 
   0.05989   -0.00257    0.00048   -0.05985    0.00274   -0.00221 
   0.05989   -0.00257    0.00048   -0.05987    0.00274   -0.00221 
   0.05993   -0.00287   -0.00099   -0.05983    0.00259   -0.00296 
   0.05958   -0.00673    0.00226   -0.05969    0.00089   -0.00600 
   0.05994   -0.00279   -0.00037   -0.05962    0.00165   -0.00651 
   0.05957   -0.00682    0.00229   -0.05969    0.00087   -0.00600 
   0.05958   -0.00533    0.00296   -0.05969    0.00363   -0.00463 
   0.05615   -0.02090    0.00302   -0.05626    0.01506   -0.00676 
   0.05320   -0.02391    0.01182   -0.05333    0.01797   -0.01552 
   0.05618   -0.02087    0.00293   -0.05042    0.02095   -0.02423 
   0.04655   -0.06445    0.00387   -0.04800    0.05688   -0.02934 
   0.05963   -0.05333    0.00016   -0.05205    0.05343   -0.02819 
   0.06057   -0.05137   -0.00026   -0.06201    0.04381   -0.02521 
   0.05998   -0.05289   -0.00236   -0.05829    0.05333   -0.01201 
   0.07725   -0.02058    0.00307   -0.06065    0.04947   -0.00526 
   0.05985   -0.05283   -0.00098   -0.05903    0.05363   -0.00419 
   0.06511   -0.04610   -0.00155   -0.05811    0.05482   -0.00429 
   0.06519   -0.04626   -0.00316   -0.05773    0.05404   -0.01210 
   0.04506   -0.00000   -0.00000   -0.04501    0.00000   -0.00000 
   0.04505   -0.00000   -0.00000   -0.04505   -0.00000   -0.00000 
   0.04509   -0.00000    0.00000   -0.04508    0.00000   -0.00000 
   0.04509   -0.00000   -0.00000   -0.04508   -0.00000   -0.00000 
   0.04506   -0.00000    0.00000   -0.04505   -0.00000   -0.00000 
   0.04506   -0.00000    0.00000   -0.04505   -0.00000    0.00000 
   0.04504   -0.00001    0.00005   -0.04502    0.00000   -0.00004 
   0.04503   -0.00004   -0.00007   -0.04502   -0.00003   -0.00018 
   0.04504   -0.00002   -0.00002   -0.04502   -0.00002   -0.00016 
   0.04503   -0.00004   -0.00007   -0.04502   -0.00000   -0.00007 
   0.06001   -0.00051    0.00035   -0.06000    0.00042   -0.00069 
   0.06001   -0.00084    0.00037   -0.06000    0.00012   -0.00067 
   0.06001   -0.00074    0.00037   -0.06000   -0.00074   -0.00058 
   0.06001   -0.00092    0.00038   -0.05999   -0.00073   -0.00058 
   0.05991   -0.00328    0.00087   -0.05953    0.00008   -0.00751 
   0.05990   -0.00327    0.00088   -0.05880   -0.00198   -0.01180 
   0.05956   -0.00167    0.00709   -0.05955    0.00002   -0.00729 
   0.05990   -0.00337    0.00093   -0.05954   -0.00002   -0.00745 
   0.05990   -0.00337    0.00093   -0.05879   -0.00195   -0.01182 
   0.05853   -0.00911    0.00958   -0.05913   -0.00337   -0.00968 
   0.05950   -0.00154    0.00734   -0.05890   -0.00154   -0.01022 
   0.05428   -0.01984    0.01087   -0.05033    0.02414   -0.02184 
   0.05696   -0.01377    0.00978   -0.05464    0.01438   -0.02007 
   0.04472   -0.04000    0.00006   -0.05038    0.02350   -0.01669 
   0.05175   -0.02833    0.01091   -0.05064    0.02308   -0.02183 
   0.05263   -0.02641    0.01031   -0.05263   -0.02601   -0.01031 
   0.05233   -0.00624    0.01026   -0.05293   -0.00624   -0.01036 
   0.05264   -0.02686    0.01041   -0.05320    0.01882   -0.02038 
   0.04195   -0.04028    0.01144   -0.04424    0.04044   -0.00272 
   0.04472   -0.04000    0.00006   -0.04240    0.04061   -0.01036 
   0.04470   -0.03994    0.00110   -0.04407    0.04053   -0.00241 
   0.04471   -0.04002    0.00000   -0.04409    0.04070   -0.00006 
   0.04471   -0.04001    0.00000   -0.04240    0.04061   -0.01034 
   0.04466   -0.04013    0.00001   -0.05032    0.02363   -0.01664 
   0.04471   -0.04002   -0.00000   -0.04406    0.04046   -0.00345 
   0.04471   -0.04002    0.00019   -0.04409    0.04070   -0.00004 
   0.04471   -0.04002    0.00001   -0.04409    0.04070   -0.00007 


        0.000 
Comment:           0 
1/2 width cable middle		(m):     1080.89 
1/2 width cable end		(m):       39.49 
headline depth		      	(m):      -27.03 
bottom drag (N)				:            0 
element drag (N)				:            0 
surface drag (N)				:            0 
node drag (N)				:        20000 
forces along X Y and Z axes (N)		:  10000.00407  10358.87925  -1437.71447 
current amplitude (m/s)			:        0.000 
filtered surface (m2) 				:        45.54 
