      1     2275.780391336        0.000000000      -25.543881609
      2     2275.780100159        0.000000462      -25.557567162
      3     2271.280188450        0.000002515      -25.496992640
      4     2271.280228361        0.000000000      -25.495377465
      5     2266.780194589        0.000016369      -25.408426404
      6     2266.780215183        0.000000000      -25.409148836
      7     2257.737943307        0.000338232      -25.145422711
      8     2257.737988611        0.000000000      -25.146129594
      9     2248.746997283        0.069879109      -24.744152998
     10     2248.749883254        0.000000000      -24.678736467
     11     2236.764423959        0.672874538      -23.683685555
     12     2236.763350327        0.000000000      -23.542263205
     13     2225.100219914        2.734685924      -22.937783326
     14     2225.186821087        0.000000000      -20.830117349
     15     2219.758980259        4.653436376      -23.311236568
     16     2219.700792921        0.000000000      -19.317980448
     17     2217.384920342        6.452219734      -23.544372286
     18     2217.346193912        2.813823179      -18.737399455
     19     2217.176664317        0.000000000      -18.317572064
     20     2208.041546342       13.642138278      -24.120786708
     21     2208.561790541       12.025670569      -18.847983496
     22     2208.189411253       13.748095307      -26.618088522
     23     2201.858211747       18.532714019      -21.017860415
     24     2257.737911767        0.000058791      -25.145904799
     25     2248.745447979        0.051928143      -24.772964975
     26     2236.749937055        0.702962431      -23.955964054
     27     2225.137359408        3.062443745      -24.244090184
     28     2220.382388026        5.232472713      -25.347531763
     29     2217.964736804        6.953058115      -25.583428087
     30     2275.780524507        0.000000000      -25.537037325
     31     2271.280211028        0.000000000      -25.496400380
     32     2266.780209826        0.000000000      -25.409275595
     33     2257.737913611        0.000000000      -25.147094839
     34     2248.747206414        0.000000000      -24.723554654
     35     2236.728055691        0.000000000      -24.269543736
     36     2227.189072951        0.000000000      -29.519561279
     37     2222.981888586        0.000000000      -30.002203777
     38     2223.071380887        2.693986484      -29.845832412
     39     2210.497003247       12.338660998      -30.003141752
     40     2203.330177117       18.674884206      -30.022326950
     41     2181.053930345       38.439948183      -29.454900805
     42     2180.896062939       38.592551567      -30.013301936
     43     2180.625249287       38.850348472      -29.544026158
     44       53.300000000        2.000000000        1.500000000
     45     2253.242377166        0.021817421      -24.942993606
     46     2242.907468062        0.269437023      -24.262686018
     47     2236.764269874        0.669181258      -23.683685367
     48     2242.721585151        0.066336100      -24.142082997
     49     2238.743681180        0.359168100      -23.838246292
     50     2231.596281749        1.371320421      -23.339087310
     51     2225.100569298        2.726150523      -22.927564697
     52     2225.162600158        1.657857333      -21.583023803
     53     2230.903375343        0.113486138      -22.267209746
     54     2227.025500811        0.964429837      -21.778811183
     55     2234.726091645        0.381020010      -23.414106707
     56     2230.853398352        1.235103181      -22.907758969
     57     2219.761235262        4.650031804      -23.290699805
     58     2220.152851704        4.338178349      -20.475370236
     59     2222.373797840        1.266813322      -20.586067952
     60     2222.662994867        3.495230138      -21.372584275
     61     2217.383506567        6.440366988      -23.522408084
     62     2217.264698884        5.074444670      -21.099963151
     63     2217.345369482        2.787962558      -18.732207176
     64     2218.609006296        2.604631397      -19.306495938
     65     2218.631780878        4.729150309      -21.262628735
     66     2214.197827254        9.051139627      -23.811618004
     67     2210.895327702       11.493180594      -24.147530995
     68     2208.323434955       12.892343040      -21.242953088
     69     2211.313525483        9.175077005      -18.296143235
     70     2214.067777141        6.276173619      -18.182814617
     71     2214.455840959        7.538862873      -21.046425168
     72     2211.805182608       10.205662431      -21.402447935
     73     2205.543593066       15.712637993      -24.444658836
     74     2204.615411118       15.868110911      -19.873675769
     75     2205.416715818       15.595034562      -22.841265872
     76     2248.745435581        0.052109187      -24.773358787
     77     2236.749873345        0.702310041      -23.955124799
     78     2242.716781732        0.334518768      -24.266441355
     79     2225.136971175        3.058832322      -24.230905191
     80     2230.828379258        1.615570491      -23.503979472
     81     2212.804457272       10.198239930      -24.525746551
     82     2252.702600329        0.002807805      -24.920747740
     83     2241.098227049        0.356373096      -24.295673394
     84     2227.193220173        0.029390834      -29.514467722
     85     2228.944726680        2.029276267      -24.597777740
     86     2232.773347308        0.911133095      -24.900482807
     87     2223.051222027        2.717956158      -29.817727796
     88     2222.593379695        3.523654588      -27.618001555
     89     2220.012605174        5.099965128      -30.002229722
     90     2216.833861440        7.528087731      -30.002804944
     91     2213.726512468       10.046920705      -30.003375144
     92     2207.251938616       14.677388578      -30.002378192
     93     2144.517988334       73.436659233      -30.001280460
     94     2108.420478617      108.035734901      -30.001536602
     95     2072.329529818      142.642087618      -30.001536750
     96     2036.242880613      177.252923641      -30.001536746
     97     2000.159480369      211.866713290      -30.001536746
     98     1964.078300581      246.483250692      -30.001536751
     99     1927.999248630      281.102005648      -30.001536746
    100     1891.922292950      315.722511702      -30.001536746
    101     1855.846709928      350.344881200      -30.001536751
    102     1819.772352118      384.968527116      -30.001536746
    103     1783.699001319      419.592788785      -30.001536746
    104     1747.625727151      454.217563359      -30.001536751
    105     1711.552182405      488.842055858      -30.001536746
    106     1675.477931107      523.465378787      -30.001536746
    107     1639.401755188      558.087129436      -30.001536751
    108     1603.322890403      592.706077868      -30.001536746
    109     1567.240302068      627.320711765      -30.001536746
    110     1531.151958975      661.929779120      -30.001536751
    111     1495.056069313      696.530975451      -30.001536746
    112     1458.950401564      731.121534577      -30.001536746
    113     1422.831661506      765.698877308      -30.001536751
    114     1386.696900454      800.259476917      -30.001536746
    115     1350.543076461      834.799699824      -30.001536746
    116     1314.366726322      869.316763257      -30.001536751
    117     1278.165692929      903.807938166      -30.001536746
    118     1241.938967257      938.271691572      -30.001536746
    119     1205.686527670      972.708830907      -30.001536751
    120     1169.411041696     1007.121692561      -30.001536746
    121     1133.117410222     1041.514980147      -30.001536746
    122     1096.812009766     1075.896280358      -30.001536751
    123     1061.852631662     1040.147106835      -30.001536751
    124     1026.900589523     1004.390760709      -30.001536746
    125      991.960420477      968.623231636      -30.001536746
    126      957.035243978      932.840643550      -30.001536746
    127      922.127669779      897.041302240      -30.001536746
    128      887.237988557      861.224103388      -30.001536751
    129      852.365800098      825.389872903      -30.001536746
    130      817.509699826      789.540411437      -30.001536746
    131      782.667015036      753.677492635      -30.001536751
    132      747.835399325      717.803822787      -30.001536746
    133      713.012480967      681.922128156      -30.001536746
    134      678.195434220      646.034317922      -30.001536746
    135      643.382564203      610.142873818      -30.001536746
    136      608.571694335      574.249071671      -30.001536751
    137      573.761639025      538.354479377      -30.001536751
    138      538.951346110      502.460117329      -30.001536751
    139      504.140064772      466.566713699      -30.001536746
    140      469.327505258      430.674967517      -30.001536746
    141      434.512953620      394.784735517      -30.001536746
    142      399.696688197      358.896583824      -30.001536746
    143      364.878269403      323.010103118      -30.001536751
    144      330.057970187      287.125446783      -30.001536746
    145      295.236124567      251.242708919      -30.001536746
    146      260.412482144      215.361296568      -30.001536356
    147      225.587448078      179.481234713      -30.000858367
    148      190.770908642      143.612277800      -28.835353671
    149      156.043306427      107.836839315      -25.057266189
    150      121.497662064       72.250266000      -18.706882446
    151       87.221960493       36.942706630       -9.834629128
    0.0000213 
    0.0000227 
    0.0000749 
    0.0000746 
    0.0000768 
   -0.0199351 
   -0.0200586 
    0.0000016 
   -0.0287397 
   -0.0024942 
   -0.0024958 
   -0.0024931 
   -0.0204054 
   -0.0203990 
   -0.2130659 
   -0.0090709 
   -0.0081784 
    0.0001665 
    0.0000017 
    0.0000302 
    0.0001933 
    0.0000264 
    0.0000293 
    0.0000292 
    0.0000292 
    0.0000292 
    0.0000292 
    0.0000292 
    0.0000292 
    0.0000292 
    0.0000292 
    0.0000292 
    0.0000292 
    0.0000292 
    0.0000292 
    0.0000292 
    0.0000292 
    0.0000292 
    0.0000292 
    0.0000292 
    0.0000292 
    0.0000292 
    0.0000292 
    0.0000292 
    0.0000292 
    0.0000292 
    0.0000292 
    0.0000292 
    0.0000292 
    0.0000292 
    0.0000292 
    0.0000292 
    0.0000303 
    0.0000303 
    0.0000303 
    0.0000303 
    0.0000303 
    0.0000303 
    0.0000303 
    0.0000303 
    0.0000303 
    0.0000303 
    0.0000303 
    0.0000303 
    0.0000303 
    0.0000303 
    0.0000303 
    0.0000303 
    0.0000303 
    0.0000303 
    0.0000304 
    0.0000304 
    0.0000304 
    0.0000304 
    0.0000304 
    0.0000304 
    0.0000304 
    0.0000304 
    0.0000305 
    0.0000306 
    0.0000309 
    0.0000312 
   -0.9900000 
    0.0000710 
    0.0001923 
    0.0001189 
    0.0000183 
   -0.0007985 
   -0.0014741 
   -0.0086558 
   -0.0203539 
   -0.0520503 
   -0.0604831 
   -0.0663160 
   -0.0663284 
   -0.1006713 
   -0.9900000 
    0.0000710 
    0.0001923 
    0.0001208 
    0.0000381 
   -0.0015826 
   -0.0171344 
   -0.1096761 
   -0.0647589 


   0.04500    0.00000   -0.00071   -0.04501    0.00000    0.00026 
   0.04500    0.00000   -0.00063   -0.04500    0.00000    0.00058 
   0.04500    0.00000   -0.00089   -0.04500    0.00000    0.00084 
   0.04500    0.00000   -0.00087   -0.04500    0.00000    0.00090 
   0.04499    0.00000   -0.00130   -0.04499    0.00000    0.00132 
   0.04499    0.00000   -0.00130   -0.04499    0.00000    0.00131 
   0.04496   -0.00021   -0.00202   -0.04496    0.00022    0.00203 
   0.04492    0.00035   -0.00276   -0.04497    0.00080    0.00169 
   0.04492    0.00028   -0.00273   -0.04496    0.00028    0.00194 
   0.04496    0.00011   -0.00207   -0.04495    0.00071    0.00196 
   0.05963    0.00097   -0.00643   -0.05975    0.00348    0.00421 
   0.05947    0.00205   -0.00672   -0.05980    0.00205    0.00459 
   0.05964    0.00036   -0.00626   -0.05971    0.00118    0.00482 
   0.05954    0.00325   -0.00673   -0.05967    0.00439    0.00456 
   0.05965    0.00094   -0.00647   -0.05946    0.00622    0.00519 
   0.05940    0.00259   -0.00715   -0.05939    0.00573    0.00539 
   0.05973    0.00109   -0.00561   -0.05942    0.00630    0.00561 
   0.05955    0.00011   -0.00676   -0.05967    0.00439    0.00456 
   0.05627    0.00351   -0.01621   -0.05892    0.00351    0.01078 
   0.05734    0.00401   -0.01720   -0.05817    0.01276    0.00733 
   0.05734    0.00401   -0.01720   -0.05837    0.00377    0.01027 
   0.05868   -0.00174   -0.00768   -0.05838    0.00913    0.00768 
   0.05900    0.00230   -0.00778   -0.05809    0.01281    0.00760 
   0.05936    0.00504   -0.00714   -0.05935    0.00327    0.00539 
   0.05665    0.00824   -0.01797   -0.05817    0.01276    0.00733 
   0.05742    0.00406   -0.01693   -0.05587    0.02105    0.00576 
   0.05552    0.00413   -0.01720   -0.05589    0.02105    0.00576 
   0.05660    0.00106   -0.01990   -0.05753    0.01496   -0.00027 
   0.05707   -0.00284   -0.01557   -0.05753    0.01495   -0.00025 
   0.05689    0.00090   -0.01905   -0.05759    0.01617   -0.00138 
   0.05790   -0.00044   -0.01578   -0.05911    0.01034    0.00015 
   0.05742    0.00406   -0.01693   -0.05809    0.01281    0.00760 
   0.05402    0.01520   -0.02127   -0.05570    0.01520    0.00898 
   0.04874   -0.01511   -0.03144   -0.04967    0.03114    0.01127 
   0.05577    0.00824   -0.02013   -0.05614    0.01694    0.00869 
   0.05589    0.00852   -0.02012   -0.04903    0.03328    0.00942 
   0.05196    0.01092   -0.02152   -0.04745    0.03231    0.00998 
   0.04821   -0.01527   -0.03230   -0.05408    0.01995   -0.00993 
   0.05027   -0.01016   -0.02257   -0.05007    0.02986    0.00897 
   0.04960   -0.01343   -0.03097   -0.05411    0.02024   -0.01010 
   0.04871   -0.01518   -0.03158   -0.05428    0.01991   -0.01022 
   0.04874   -0.01510   -0.03144   -0.04944    0.03217    0.01100 
   0.04945    0.02449   -0.02356   -0.04580    0.02449    0.01419 
   0.05022    0.01967   -0.02606   -0.04707    0.03244    0.01831 
   0.04945    0.01947   -0.02741   -0.04780    0.03225    0.01703 
   0.05114    0.01356   -0.02829   -0.04630    0.02705    0.01626 
   0.05156    0.01029   -0.02891   -0.04706    0.03295    0.01737 
   0.04998   -0.01245   -0.03077   -0.05518    0.01411   -0.01826 
   0.05342    0.01591   -0.01936   -0.05466    0.01843   -0.01652 
   0.04950   -0.01032   -0.02596   -0.05566    0.01624   -0.01345 
   0.04916   -0.00876   -0.02246   -0.05503    0.01344   -0.01977 
   0.04095   -0.02787   -0.03128   -0.04546    0.03468   -0.00980 
   0.04725   -0.01336   -0.03373   -0.04442    0.03707   -0.01020 
   0.04641   -0.01600   -0.02717   -0.04463    0.03649   -0.00917 
   0.05299   -0.01204   -0.05697   -0.05464    0.05771    0.00924 
   0.05268   -0.01390   -0.05859   -0.05614    0.04894    0.00164 
   0.06117   -0.01853   -0.04811   -0.05741    0.05006   -0.01032 
   0.05856   -0.02176   -0.04997   -0.05766    0.04975   -0.01050 
   0.05857   -0.02177   -0.04988   -0.05620    0.04902    0.00156 
   0.05183   -0.02113   -0.05546   -0.05509    0.05798   -0.00227 
   0.05386   -0.02500   -0.05330   -0.05503    0.05701   -0.01104 
   0.05292   -0.02621   -0.05398   -0.05973    0.05097   -0.01445 
   0.05337   -0.02575   -0.05374   -0.05301    0.05334   -0.00712 
   0.05337   -0.02575   -0.05374   -0.06053    0.04618   -0.01228 
   0.05253   -0.03014   -0.05189   -0.05986    0.04966   -0.01375 
   0.05236   -0.02969   -0.05270   -0.05800    0.04468   -0.00486 
   0.05224   -0.02206   -0.05643   -0.05301    0.05334   -0.00712 
   0.04957   -0.03013   -0.05377   -0.05638    0.05489   -0.01465 
   0.05081   -0.03456   -0.04286   -0.05644    0.04956   -0.01470 
   0.04975   -0.03530   -0.05177   -0.05620    0.04973   -0.01264 
   0.05167   -0.03979   -0.04634   -0.04874    0.04742   -0.02468 
   0.04911   -0.03744   -0.04562   -0.05514    0.05329   -0.02288 
   0.05414   -0.04034   -0.04291   -0.05025    0.04313   -0.02281 
   0.05335   -0.03682   -0.04689   -0.05051    0.04428   -0.02410 
   0.04499   -0.00000   -0.00131   -0.04499   -0.00000    0.00130 
   0.04496   -0.00026   -0.00187   -0.04496    0.00026    0.00186 
   0.04494   -0.00046   -0.00219   -0.04497    0.00019    0.00175 
   0.04498   -0.00047   -0.00141   -0.04495    0.00010    0.00220 
   0.05968   -0.00286   -0.00512   -0.05972    0.00250    0.00453 
   0.05970   -0.00288   -0.00484   -0.05966    0.00239    0.00590 
   0.05974   -0.00023   -0.00553   -0.05968    0.00385    0.00432 
   0.05942   -0.00318   -0.00768   -0.05972    0.00378    0.00220 
   0.05969   -0.00258   -0.00548   -0.05966    0.00390    0.00265 
   0.05978   -0.00259   -0.00451   -0.05965    0.00390    0.00283 
   0.05953   -0.00228   -0.00628   -0.05951    0.00553    0.00494 
   0.05858   -0.00894   -0.00540   -0.05887    0.00954   -0.00008 
   0.05865   -0.00882   -0.00475   -0.05852    0.01013    0.00307 
   0.05895   -0.00362   -0.01061   -0.05868    0.01227   -0.00277 
   0.05753   -0.00898   -0.01450   -0.05679    0.01552   -0.01162 
   0.05905   -0.00770   -0.00739   -0.05650    0.01577   -0.01025 
   0.05756   -0.00841   -0.01471   -0.05678    0.01564   -0.01166 
   0.05699   -0.00939   -0.01009   -0.05785    0.01471   -0.00299 
   0.05378   -0.01591   -0.00933   -0.05304    0.02246   -0.01680 
   0.04794   -0.01809   -0.00215   -0.04716    0.02531   -0.02422 
   0.05384   -0.01589   -0.00940   -0.04137    0.02747   -0.03133 
   0.06698   -0.03838   -0.02100   -0.05172    0.05156   -0.03266 
   0.06864   -0.03540   -0.02090   -0.05224    0.05063   -0.03269 
   0.06540   -0.04052   -0.02199   -0.05014    0.05370   -0.03167 
   0.06617   -0.03944   -0.02159   -0.05504    0.04693   -0.03419 
   0.05942   -0.04188   -0.03340   -0.05553    0.04467   -0.03232 
   0.06596   -0.03975   -0.02166   -0.05623    0.04519   -0.03459 
   0.06423   -0.04225   -0.02215   -0.05653    0.04475   -0.03468 
   0.06450   -0.04185   -0.02206   -0.05522    0.04667   -0.03424 
   0.04501   -0.00000   -0.00027   -0.04499    0.00000    0.00094 
   0.04500   -0.00000   -0.00040   -0.04500   -0.00000    0.00042 
   0.04500   -0.00000   -0.00088   -0.04500    0.00000    0.00090 
   0.04500   -0.00000   -0.00089   -0.04500   -0.00000    0.00086 
   0.04499   -0.00000   -0.00132   -0.04499   -0.00000    0.00129 
   0.04499   -0.00000   -0.00132   -0.04499   -0.00000    0.00129 
   0.04496   -0.00003   -0.00203   -0.04496    0.00002    0.00201 
   0.04497   -0.00055   -0.00169   -0.04494   -0.00030    0.00250 
   0.04497   -0.00009   -0.00178   -0.04494   -0.00009    0.00245 
   0.04497   -0.00055   -0.00168   -0.04496   -0.00011    0.00210 
   0.05976   -0.00297   -0.00316   -0.05973    0.00183    0.00425 
   0.05953   -0.00522   -0.00484   -0.05994   -0.00024    0.00271 
   0.05974   -0.00416   -0.00388   -0.05986   -0.00416    0.00064 
   0.05954   -0.00558   -0.00503   -0.05984   -0.00405    0.00073 
   0.05769   -0.01562   -0.00531   -0.05795    0.00388   -0.01507 
   0.05764   -0.01558   -0.00523   -0.03833   -0.01290   -0.04425 
   0.05790   -0.01244    0.00963   -0.05820    0.00281   -0.01393 
   0.05743   -0.01677   -0.00454   -0.05821    0.00270   -0.01428 
   0.05743   -0.01677   -0.00454   -0.03826   -0.01245   -0.04452 
   0.03541   -0.04047    0.02661   -0.04371   -0.01831   -0.03680 
   0.05624   -0.01125    0.01187   -0.03867   -0.01125   -0.04037 
   0.05303   -0.02796   -0.00262   -0.03153    0.00342   -0.05094 
   0.03316   -0.01627    0.00177    0.00041   -0.01536   -0.05800 
   0.04351   -0.04128    0.00180   -0.00319   -0.00666   -0.05801 
   0.05108   -0.03146    0.00100   -0.03177    0.00299   -0.05048 
   0.04124   -0.02612    0.00334   -0.04297   -0.02619   -0.00638 
   0.03792   -0.02939   -0.00027   -0.04622   -0.02939   -0.00992 
   0.04083   -0.02626    0.00386   -0.00224   -0.01201   -0.05874 
   0.04875   -0.03498   -0.00057   -0.01186    0.00538   -0.05857 
   0.04583   -0.03597    0.00235   -0.01226    0.00434   -0.05857 
   0.04914   -0.03397    0.00006   -0.00960    0.00881   -0.05849 
   0.04893   -0.03472   -0.00000   -0.00915    0.01042   -0.05836 
   0.04768   -0.03642    0.00001   -0.01257    0.00441   -0.05819 
   0.04588   -0.03609    0.00235   -0.00556   -0.01185   -0.05856 
   0.04661   -0.03778    0.00001   -0.01199    0.00520   -0.05853 
   0.04202   -0.04283    0.00021   -0.00988    0.00962   -0.05832 
   0.04868   -0.03508   -0.00001   -0.00889    0.01078   -0.05835 


        0.000 
Comment:           0 
1/2 width cable middle		(m):     1075.90 
1/2 width cable end		(m):       38.85 
headline depth		      	(m):      -18.32 
bottom drag (N)				:            0 
element drag (N)				:            0 
surface drag (N)				:            0 
node drag (N)				:         2000 
forces along X Y and Z axes (N)		:   1014.27951   1044.80020   -633.20394 
current amplitude (m/s)			:        0.000 
filtered surface (m2) 				:       183.93 
