      1     2271.199145573        0.000000000      -24.868719723
      2     2271.198933782        0.000008011      -24.883698866
      3     2266.699523408        0.000055983      -24.810639274
      4     2266.699554863        0.000000000      -24.809167668
      5     2262.200868300        0.000382707      -24.696934463
      6     2262.200803269        0.000000000      -24.699380022
      7     2253.161356690        0.004645082      -24.380706612
      8     2253.160638771        0.000000000      -24.402355501
      9     2244.172178121        0.175129893      -24.058379560
     10     2244.170190391        0.000000000      -24.062823349
     11     2232.412272423        1.891998183      -23.139387530
     12     2232.339129944        0.000000000      -23.328860982
     13     2221.846327770        4.580212841      -21.036694513
     14     2225.287340077        0.000000000      -15.390747317
     15     2217.422418294        7.144343003      -20.684119666
     16     2223.136721703        0.000000000      -11.380347604
     17     2215.993893225        8.444778611      -20.829743236
     18     2220.559255865        2.439925533      -12.326907162
     19     2220.578320199        0.000000000      -10.856964716
     20     2209.898000624       13.612092298      -21.710087850
     21     2212.131489527       11.745343905      -13.992875613
     22     2210.208662125       13.385075042      -26.522407355
     23     2205.949715548       17.242420766      -18.583633737
     24     2253.162184807       -0.000429902      -24.357411078
     25     2244.175432968        0.064931378      -23.928162493
     26     2232.419603332        1.782707254      -22.610390467
     27     2221.700395059        4.767730791      -24.126768506
     28     2218.271895856        6.821510635      -24.978121878
     29     2216.552092195        8.145883723      -25.418002090
     30     2271.199204307        0.000000000      -24.868057192
     31     2266.699524033        0.000000000      -24.810637777
     32     2262.200861763        0.000000000      -24.697342751
     33     2253.162310828        0.000000000      -24.354068519
     34     2244.184148893        0.000000000      -23.767147187
     35     2232.360475012        0.000000000      -22.678264863
     36     2226.457617099        0.000000000      -30.000046630
     37     2221.276751539        0.000000000      -30.002283962
     38     2221.219468120        2.699394949      -30.002200244
     39     2212.077778638       11.832912798      -29.986371253
     40     2205.253937833       16.943054218      -30.022329704
     41     2185.325849172       36.130097997      -29.444319899
     42     2185.182451157       36.222177143      -30.019610908
     43     2184.899064427       36.526861011      -29.587337820
     44       53.300000000        2.000000000        1.500000000
     45     2248.665500556        0.065741147      -24.237499956
     46     2238.444082016        1.029474371      -23.746111817
     47     2232.411289834        1.883359241      -23.142683399
     48     2238.216432808        0.312725177      -23.710819044
     49     2234.313161454        1.129788939      -23.399264370
     50     2227.503529899        2.857830211      -22.103065022
     51     2221.857191276        4.563692586      -21.010759833
     52     2224.061882107        1.932278613      -17.575784502
     53     2228.267427540       -0.188571081      -19.896327936
     54     2224.668535426        0.826289364      -18.475763292
     55     2230.510415754        1.473469053      -22.761045344
     56     2226.959695803        2.548762210      -21.265683210
     57     2217.444029419        7.127056585      -20.651059884
     58     2220.295868958        4.154096206      -16.346368296
     59     2223.296655855        1.155337556      -14.828643142
     60     2221.257605302        4.100375589      -18.155549568
     61     2216.008200592        8.431554559      -20.793745826
     62     2218.326799084        6.050337163      -16.140227009
     63     2220.559169592        2.422989307      -12.306669840
     64     2221.094895354        2.299813548      -13.134451629
     65     2218.882568348        5.546924079      -16.859024423
     66     2213.852288304       10.300754154      -21.211278669
     67     2211.693023610       12.138627572      -21.592181836
     68     2210.644300206       13.055246404      -17.485352375
     69     2215.021354873        9.156624003      -13.019593212
     70     2217.807699548        6.372989771      -12.321230520
     71     2215.777303256        8.540021240      -16.836426389
     72     2213.323699860       10.725824754      -17.689646875
     73     2208.479751162       14.926364811      -23.281030170
     74     2208.201514146       15.204916678      -15.979919655
     75     2208.311261510       15.035334622      -20.351482732
     76     2244.175390126        0.065391631      -23.929231316
     77     2232.419134399        1.785029702      -22.618019777
     78     2238.224404405        1.001030988      -23.771504566
     79     2221.707931448        4.781298544      -24.099889350
     80     2226.735325523        3.258623432      -22.351152819
     81     2213.009898230       11.029283361      -22.590341189
     82     2248.133523357       -0.001603626      -24.034524623
     83     2236.655412390        0.900425401      -23.064813795
     84     2226.463587086       -0.016174930      -30.000049729
     85     2225.446472708        3.485268635      -24.281820259
     86     2229.172921215        2.038431800      -24.424010963
     87     2221.205942383        2.730033716      -29.972748420
     88     2220.905479730        3.777161818      -27.827841289
     89     2219.035828016        6.040110757      -29.716767106
     90     2216.325752408        8.369537615      -29.947954833
     91     2214.217575870       10.066696995      -29.968011789
     92     2209.801434090       13.675035268      -30.002414554
     93     2148.455273211       70.757079461      -30.001506087
     94     2112.132876414      105.118142623      -30.001536744
     95     2075.901853009      139.575971591      -30.001536751
     96     2039.733745806      174.099831730      -30.001536746
     97     2003.605982645      208.665472039      -30.001536746
     98     1967.502014151      243.256396918      -30.001536751
     99     1931.411712488      277.861578820      -30.001536746
    100     1895.329164854      312.474410377      -30.001536746
    101     1859.250502888      347.091723486      -30.001536751
    102     1823.174034258      381.711320409      -30.001536746
    103     1787.098828598      416.331798165      -30.001536746
    104     1751.023621923      450.952706164      -30.001536751
    105     1714.947873396      485.573047574      -30.001536746
    106     1678.870985954      520.191766891      -30.001536746
    107     1642.791580083      554.808292867      -30.001536751
    108     1606.708738464      589.421235575      -30.001536746
    109     1570.621313575      624.028964347      -30.001536746
    110     1534.527244854      658.630195437      -30.001536751
    111     1498.424835974      693.222722471      -30.001536746
    112     1462.312086236      727.804018332      -30.001536746
    113     1426.185974230      762.371786733      -30.001536751
    114     1390.043480547      796.922424862      -30.001536746
    115     1353.880020633      831.450681050      -30.001536746
    116     1317.686325937      865.947675653      -30.001536751
    117     1281.444289686      900.393877837      -30.001536746
    118     1245.116821061      934.749531284      -30.001536746
    119     1208.636204375      968.942957132      -30.001536751
    120     1171.904422938     1002.866427799      -30.001536746
    121     1134.822245454     1036.406070137      -30.001536746
    122     1097.358925123     1069.519888892      -30.001536751
    123     1061.031589587     1035.163659266      -30.001536751
    124     1025.139150592     1000.353333815      -30.001536746
    125      989.645872727      965.136529910      -30.001536746
    126      954.437733205      929.634233088      -30.001536746
    127      919.401995055      893.962208504      -30.001536746
    128      884.459363131      858.198555479      -30.001536751
    129      849.565583492      822.387235147      -30.001536746
    130      814.698996130      786.549856267      -30.001536746
    131      779.849021449      750.695902198      -30.001536751
    132      745.010840269      714.830486992      -30.001536746
    133      710.181639718      678.956767044      -30.001536746
    134      675.358755952      643.076495604      -30.001536746
    135      640.540738514      607.191918245      -30.001536746
    136      605.725580929      571.304146633      -30.001536751
    137      570.912168339      535.414680615      -30.001536751
    138      536.099436458      499.524552661      -30.001536751
    139      501.286565835      463.634557637      -30.001536746
    140      466.473166328      427.745491939      -30.001536746
    141      431.658411379      391.857321490      -30.001536746
    142      396.842468241      355.970720064      -30.001536746
    143      362.024796182      320.085376407      -30.001536751
    144      327.205581150      284.201528229      -30.001536746
    145      292.385085504      248.319339098      -30.001536746
    146      257.563001757      212.438271432      -30.001536751
    147      222.739690545      176.558393368      -30.001536746
    148      187.915541637      140.679744716      -30.001536746
    149      153.090337546      104.801700401      -30.001536706
    150      118.264708748       68.924484547      -30.000985700
    151       83.825111668       33.445775387      -22.570996003
    0.0000069 
    0.0000092 
    0.0000019 
    0.0000015 
    0.0000022 
   -0.0203818 
   -0.0203668 
    0.0000010 
   -0.0021842 
   -0.1069664 
   -0.3250658 
   -0.3010865 
   -0.2828455 
   -0.0204071 
   -0.2823841 
    0.0000330 
    0.0000273 
    0.0000237 
   -0.0723092 
    0.0000018 
    0.0000281 
    0.0000004 
    0.0000039 
    0.0000038 
    0.0000038 
    0.0000038 
    0.0000038 
    0.0000037 
    0.0000037 
    0.0000037 
    0.0000036 
    0.0000036 
    0.0000036 
    0.0000036 
    0.0000035 
    0.0000035 
    0.0000035 
    0.0000035 
    0.0000034 
    0.0000034 
    0.0000034 
    0.0000033 
    0.0000033 
    0.0000033 
    0.0000033 
    0.0000032 
    0.0000032 
    0.0000032 
    0.0000032 
    0.0000031 
    0.0000031 
    0.0000031 
    0.0000032 
    0.0000032 
    0.0000032 
    0.0000032 
    0.0000033 
    0.0000033 
    0.0000033 
    0.0000033 
    0.0000034 
    0.0000034 
    0.0000034 
    0.0000034 
    0.0000034 
    0.0000035 
    0.0000035 
    0.0000035 
    0.0000035 
    0.0000036 
    0.0000036 
    0.0000036 
    0.0000036 
    0.0000037 
    0.0000037 
    0.0000037 
    0.0000037 
    0.0000038 
    0.0000038 
    0.0000038 
    0.0000039 
    0.0000044 
   -0.9900000 
    0.0000008 
    0.0000204 
    0.0000047 
   -0.0003810 
   -0.0115137 
   -0.0111868 
   -0.0309298 
   -0.1147491 
   -0.1457614 
   -0.3907950 
   -0.3521467 
   -0.3518058 
   -0.4146334 
   -0.9900000 
    0.0000008 
    0.0000204 
    0.0000064 
   -0.0003072 
   -0.0088286 
   -0.0688289 
   -0.3189587 
   -0.3414166 


   0.04499    0.00000   -0.00084   -0.04500    0.00000    0.00035 
   0.04499    0.00000   -0.00075   -0.04499    0.00000    0.00071 
   0.04499    0.00000   -0.00112   -0.04499    0.00000    0.00107 
   0.04499    0.00000   -0.00110   -0.04499    0.00001    0.00118 
   0.04498    0.00001   -0.00144   -0.04497    0.00001    0.00152 
   0.04498    0.00003   -0.00131   -0.04497    0.00006    0.00175 
   0.04496   -0.00057   -0.00126   -0.04495    0.00067    0.00170 
   0.04496    0.00098   -0.00174   -0.04492    0.00189    0.00181 
   0.04495    0.00085   -0.00176   -0.04495    0.00085    0.00163 
   0.04499   -0.00001   -0.00099   -0.04491    0.00151    0.00210 
   0.05914    0.00195   -0.00355   -0.05830    0.01384    0.00302 
   0.05859    0.00967   -0.00417   -0.05913    0.00967    0.00313 
   0.05898   -0.00056   -0.00342   -0.05893    0.00440    0.00352 
   0.05889    0.01099   -0.00338   -0.05855    0.01226    0.00467 
   0.05969    0.00443   -0.00421   -0.05785    0.01448    0.00665 
   0.05834    0.01085   -0.00439   -0.05744    0.01255    0.00670 
   0.05977    0.00333   -0.00142   -0.05781    0.01394    0.00801 
   0.05937    0.00343   -0.00509   -0.05855    0.01226    0.00467 
   0.01875   -0.00583   -0.05670   -0.05142   -0.00583    0.02229 
   0.03364    0.02493   -0.04297   -0.05398    0.01522    0.02131 
   0.03364    0.02493   -0.04297   -0.04375    0.01001    0.02936 
   0.05500    0.00245   -0.01514   -0.05304    0.01483    0.02173 
   0.05476    0.00388   -0.01437   -0.05326    0.01613    0.02243 
   0.05500    0.00251   -0.01205   -0.05411    0.02088    0.01436 
   0.01744    0.00493   -0.05720   -0.05398    0.01522    0.02131 
   0.03437    0.02584   -0.04185   -0.01804    0.03378    0.02685 
  -0.00023   -0.00412   -0.05986   -0.01839    0.03347    0.02667 
   0.01806    0.01919   -0.05390   -0.05114    0.02028    0.00238 
   0.04644    0.00070   -0.03177   -0.05104    0.02022    0.00245 
   0.03352    0.00984   -0.04878   -0.05525    0.02320   -0.00309 
   0.04994    0.00317   -0.03311   -0.05775    0.01549    0.00502 
   0.03437    0.02584   -0.04185   -0.05326    0.01613    0.02243 
   0.01052    0.01386   -0.05742   -0.03249    0.01386    0.02279 
   0.01144    0.00992   -0.05796   -0.04451    0.02955    0.00644 
   0.01499    0.01603   -0.05550   -0.03361    0.01332    0.02231 
   0.01485    0.01630   -0.05580   -0.04184    0.02928    0.00431 
   0.01264    0.00931   -0.05247   -0.04095    0.03210    0.00297 
   0.00469    0.01409   -0.05814   -0.04747    0.03051   -0.00643 
   0.00683    0.01316   -0.05227   -0.04332    0.02871    0.00496 
   0.00772    0.00357   -0.05940   -0.05094    0.03100   -0.00672 
   0.01152    0.00988   -0.05805   -0.05021    0.03220   -0.00647 
   0.01163    0.00982   -0.05797   -0.03336    0.02322    0.00610 
   0.04133    0.02163   -0.02888   -0.05522    0.02163   -0.00913 
   0.02042    0.01849   -0.04573   -0.02078    0.02680    0.01864 
   0.02069    0.01263   -0.05259   -0.02052    0.02124    0.01212 
   0.00559    0.01676   -0.05735   -0.03381    0.02487    0.00794 
   0.00571    0.01705   -0.05724   -0.03403    0.02435    0.00775 
  -0.00006    0.00295   -0.05993   -0.04282    0.04167   -0.00464 
   0.00772    0.01182   -0.05416   -0.04163    0.04302   -0.00376 
   0.00001    0.00293   -0.05993   -0.04274    0.04165   -0.00464 
   0.00006    0.00292   -0.05993   -0.04284    0.04168   -0.00464 
  -0.01042    0.00539   -0.05469   -0.03280    0.02918   -0.01142 
   0.00212   -0.00158   -0.05974   -0.03073    0.02803   -0.01226 
  -0.00309    0.00639   -0.05789   -0.03168    0.02933   -0.01191 
   0.00076    0.00739   -0.07713   -0.04586    0.06555    0.00009 
  -0.00022    0.00393   -0.07991   -0.05048    0.04926   -0.01299 
   0.00432   -0.00176   -0.07987   -0.04238    0.03694   -0.01589 
   0.00433   -0.00191   -0.07987   -0.04238    0.03692   -0.01589 
   0.00427   -0.00181   -0.07984   -0.05053    0.04932   -0.01299 
   0.00397   -0.00120   -0.07913   -0.05573    0.05567   -0.01397 
   0.01228   -0.01004   -0.07783   -0.05780    0.05177   -0.01947 
   0.01279   -0.01075   -0.07824   -0.05528    0.04818   -0.02154 
   0.01179   -0.00948   -0.07856   -0.04907    0.04372   -0.01706 
   0.01179   -0.00948   -0.07856   -0.04197    0.03578   -0.01574 
   0.02391   -0.02087   -0.07332   -0.05157    0.04481   -0.01990 
   0.02262   -0.01958   -0.07420   -0.03755    0.03072   -0.01030 
   0.00530   -0.00359   -0.07975   -0.04907    0.04372   -0.01706 
   0.01365   -0.01200   -0.07140   -0.05614    0.04942   -0.02839 
   0.02726   -0.02512   -0.05252   -0.04218    0.03626   -0.03197 
   0.02754   -0.02515   -0.07077   -0.04225    0.03627   -0.02776 
   0.03538   -0.03244   -0.06268   -0.02963    0.02925   -0.06831 
   0.02922   -0.02784   -0.05619   -0.04504    0.04075   -0.05207 
   0.03524   -0.03145   -0.06328   -0.02706    0.02547   -0.06336 
   0.03349   -0.02947   -0.06641   -0.02763    0.02612   -0.06438 
   0.04498   -0.00008   -0.00131   -0.04496   -0.00006    0.00192 
   0.04495   -0.00041   -0.00179   -0.04492    0.00027    0.00240 
   0.04497   -0.00156   -0.00078   -0.04492   -0.00009    0.00272 
   0.04498   -0.00085   -0.00092   -0.04490   -0.00007    0.00306 
   0.05893   -0.00964   -0.00112   -0.05887    0.00743    0.00372 
   0.05894   -0.00947   -0.00108   -0.05883    0.00824    0.00394 
   0.05760   -0.01048   -0.00430   -0.05955    0.00699    0.00209 
   0.05817   -0.00964   -0.00276   -0.05803    0.00748    0.01329 
   0.05914   -0.00962    0.00091   -0.05784    0.00747    0.01403 
   0.05883   -0.01171    0.00118   -0.05790    0.00707    0.01408 
   0.05745   -0.01007   -0.00725   -0.05944    0.00665    0.00451 
   0.05630   -0.01496   -0.00085   -0.05616    0.01280    0.01138 
   0.05643   -0.01538   -0.00005   -0.05550    0.01073    0.01531 
   0.05479   -0.00306   -0.02426   -0.05694    0.01892   -0.00067 
   0.04794   -0.01184   -0.03408   -0.05074    0.01590   -0.02780 
   0.05773   -0.01450   -0.00755   -0.04893    0.01521   -0.02264 
   0.03771   -0.03784   -0.02731   -0.05279    0.01070   -0.02645 
   0.04656   -0.00901   -0.02093   -0.05346    0.02144   -0.00207 
   0.04284   -0.02361   -0.03447   -0.04564    0.02767   -0.02742 
   0.02675   -0.03411   -0.01837   -0.04182    0.00697   -0.03539 
   0.04294   -0.02366   -0.03459   -0.02595    0.01721   -0.05129 
   0.04306   -0.03644   -0.05673   -0.02837    0.02858   -0.06401 
   0.05417   -0.03736   -0.04550   -0.03182    0.02886   -0.06750 
   0.04616   -0.03757   -0.05346   -0.03147    0.02971   -0.06729 
   0.04634   -0.03738   -0.05346   -0.03259    0.02848   -0.06728 
   0.04024   -0.03266   -0.06095   -0.03206    0.02669   -0.06569 
   0.04626   -0.03746   -0.05345   -0.03303    0.02803   -0.06726 
   0.04550   -0.03834   -0.05347   -0.03317    0.02788   -0.06726 
   0.04560   -0.03824   -0.05348   -0.03267    0.02839   -0.06729 
   0.04500   -0.00000   -0.00047   -0.04499    0.00000    0.00099 
   0.04500   -0.00000   -0.00057   -0.04500   -0.00000    0.00057 
   0.04499   -0.00000   -0.00114   -0.04499    0.00000    0.00114 
   0.04499   -0.00001   -0.00114   -0.04499   -0.00001    0.00113 
   0.04497   -0.00001   -0.00171   -0.04497   -0.00001    0.00170 
   0.04497    0.00001   -0.00166   -0.04497    0.00000    0.00173 
   0.04490    0.00002   -0.00283   -0.04490   -0.00001    0.00290 
   0.04498   -0.00075   -0.00124   -0.04483   -0.00032    0.00387 
   0.04492    0.00005   -0.00265   -0.04486    0.00005    0.00322 
   0.04498   -0.00075   -0.00123   -0.04488   -0.00021    0.00331 
   0.05885   -0.00727   -0.00490   -0.05866    0.00584    0.00844 
   0.05788   -0.01320   -0.00612   -0.05955    0.00039    0.00732 
   0.05882   -0.01051   -0.00552   -0.05883   -0.01051    0.00531 
   0.05795   -0.01420   -0.00631   -0.05876   -0.01022    0.00538 
   0.05673   -0.01940   -0.00227   -0.04645    0.00566   -0.02740 
   0.05665   -0.01932   -0.00221   -0.01192   -0.02560   -0.05294 
   0.04672   -0.02757    0.02563   -0.04753    0.00315   -0.02656 
   0.05590   -0.02170   -0.00213   -0.04730    0.00329   -0.02726 
   0.05590   -0.02170   -0.00213   -0.01164   -0.02470   -0.05297 
   0.01085    0.04142    0.04204   -0.02279   -0.00907   -0.04203 
   0.04394   -0.02517    0.02725   -0.01479   -0.02517   -0.04560 
   0.04381   -0.03411   -0.00791   -0.00645   -0.01912   -0.05651 
   0.04457   -0.03703   -0.01054   -0.00766   -0.01444   -0.05229 
   0.02946   -0.05207   -0.00452   -0.00241   -0.00920   -0.05438 
   0.05035   -0.02672    0.00033   -0.00563   -0.01820   -0.05548 
   0.05243   -0.02663    0.00002   -0.05132   -0.02578   -0.00002 
   0.04584    0.01617    0.00003   -0.05778    0.01617   -0.00002 
   0.05203   -0.02671    0.00058   -0.01045   -0.01824   -0.05620 
   0.03539   -0.02719    0.00352   -0.00073    0.00122   -0.05977 
   0.03283   -0.05004   -0.00431    0.00408   -0.00143   -0.05851 
   0.03243   -0.02679    0.00028   -0.00021    0.00007   -0.06000 
   0.03242   -0.02676    0.00028   -0.00020   -0.00000   -0.06000 
   0.04065   -0.03494    0.00347    0.00277   -0.00394   -0.05981 
   0.03275   -0.05011   -0.00428   -0.00570   -0.01117   -0.05462 
   0.03162   -0.02546    0.00030   -0.00097    0.00133   -0.05998 
   0.04872   -0.03501    0.00021    0.00026   -0.00023   -0.05997 
   0.03415   -0.02763    0.00024   -0.00192    0.00087   -0.05996 


        0.000 
Comment:           0 
1/2 width cable middle		(m):     1069.52 
1/2 width cable end		(m):       36.53 
headline depth		      	(m):      -10.86 
bottom drag (N)				:            0 
element drag (N)				:            0 
surface drag (N)				:            0 
node drag (N)				:          200 
forces along X Y and Z axes (N)		:    129.21930    133.11667   -396.19188 
current amplitude (m/s)			:        0.000 
filtered surface (m2) 				:       259.59 
