      1     2257.123086273        0.000000000      -23.325353233
      2     2257.124479404        0.007209843      -23.313494364
      3     2252.674497178       -0.064261449      -22.663674814
      4     2252.681665477        0.000000000      -22.607282484
      5     2248.193199022       -0.110553573      -22.434209779
      6     2248.201030833        0.000000000      -22.275314528
      7     2240.027780708        1.655341772      -21.974875441
      8     2239.815323631        0.000000000      -21.683100613
      9     2232.305765325        2.413258785      -20.478204934
     10     2233.062668527        0.000000000      -18.643649527
     11     2226.645761408        2.603682391      -18.355439788
     12     2228.837986622        0.000000000      -20.486154281
     13     2220.935009614        4.333707961      -19.113471221
     14     2225.840557743        0.000000000      -11.444542124
     15     2218.471261658        5.782370349      -19.490903881
     16     2222.889277790        0.000000000       -8.471335073
     17     2217.484562439        6.544590496      -19.726968806
     18     2221.025869105        2.019773199      -10.278385348
     19     2220.996883758        0.000000000       -8.269603364
     20     2213.549187447        9.492696757      -20.637388242
     21     2215.577843167        7.715044687      -12.675956262
     22     2214.199119549        8.923622645      -26.214750631
     23     2211.093472233       11.850525487      -17.411844673
     24     2240.243414150        1.770292595      -22.675515760
     25     2233.173342890        2.057416281      -20.150633752
     26     2224.903566152        3.125586369      -21.795485210
     27     2221.787197395        4.424297694      -24.267770143
     28     2219.657921514        5.390728785      -24.847938456
     29     2218.481335928        6.008015501      -25.153789501
     30     2257.126196603        0.000000000      -23.310924563
     31     2252.671616203        0.000000000      -22.684253798
     32     2248.217885285        0.000000000      -22.258052069
     33     2239.978822252        0.000000000      -21.974906108
     34     2233.695060844        0.000000000      -22.527900083
     35     2230.055872117        0.000000000      -26.021205998
     36     2225.270963165        0.000000000      -29.352498955
     37     2221.834030867        0.000000000      -30.002283986
     38     2222.852605487        2.499916423      -30.002837788
     39     2215.452887595        8.054013229      -29.691571340
     40     2210.045908042       13.101747251      -30.022327587
     41     2191.441161929       30.790784849      -29.864479913
     42     2191.337942509       31.361051024      -30.019864299
     43     2190.878053283       30.994946655      -29.899582696
     44       53.300000000        2.000000000        1.500000000
     45     2236.104832308        1.814209368      -20.904778297
     46     2228.719822673        3.223528507      -20.321493525
     47     2226.690556377        2.592977315      -18.340536024
     48     2231.207228332        0.923104887      -20.920466952
     49     2227.825369919        2.882902023      -20.070645290
     50     2224.978249786        3.305442794      -19.767520768
     51     2220.966152036        4.327336390      -19.078477309
     52     2223.045336551        1.148936782      -15.243327434
     53     2228.358866508        0.222749867      -15.596002014
     54     2224.676452885        1.365281391      -14.969301371
     55     2228.892243277        1.220514368      -18.869997316
     56     2226.222353938        2.224699843      -18.281482247
     57     2218.483302005        5.772092041      -19.453839460
     58     2220.594192276        3.570620903      -14.544819348
     59     2222.371990535        0.655449098      -12.415188640
     60     2221.085190711        3.677412073      -16.217459559
     61     2217.495876186        6.536619114      -19.691009652
     62     2219.154096742        5.166564842      -14.752935656
     63     2221.025661367        2.007539874      -10.255003875
     64     2221.345892029        1.924838231      -10.950018691
     65     2219.564759601        4.701696190      -15.355308298
     66     2216.009728111        7.526612638      -20.096530689
     67     2214.590196689        8.608862735      -20.460234455
     68     2214.320272775        8.802741413      -16.053044203
     69     2217.148813723        6.699332843      -11.912764866
     70     2218.782819663        5.482366623      -10.987429864
     71     2217.482485916        6.496344980      -15.727895631
     72     2215.969467991        7.446886145      -16.511297350
     73     2213.108989173        9.918666990      -22.514386193
     74     2212.966594529       10.056361058      -14.366732825
     75     2212.622323209       10.367532381      -19.223226616
     76     2233.175527953        2.069063369      -20.142790465
     77     2224.911963056        3.120581885      -21.755322888
     78     2228.078412740        3.846873925      -20.563565967
     79     2221.766304955        4.417562126      -24.253108736
     80     2224.045364815        4.096085410      -20.337234685
     81     2215.612588766        7.850868800      -21.688243679
     82     2236.128002641        0.094498257      -21.959818659
     83     2228.379425517        2.263954246      -22.621191395
     84     2225.275808073        0.012136617      -29.369299352
     85     2223.447361123        3.841818422      -24.156729369
     86     2227.078658155        3.387664681      -25.059696406
     87     2222.840882185        2.508547801      -29.973891816
     88     2222.478081937        3.311000880      -27.816370072
     89     2220.109219525        5.198269862      -29.637965583
     90     2218.367106262        6.095806779      -29.684229443
     91     2216.900347585        7.074907362      -29.687905892
     92     2213.935206306        9.086029308      -29.694546957
     93     2154.748193869       65.558474385      -30.001534879
     94     2118.415265755       99.908189290      -30.001536746
     95     2082.109741622      134.287303322      -30.001536751
     96     2045.852631497      168.717471836      -30.001536746
     97     2009.645794046      203.200067797      -30.001536746
     98     1973.481324676      237.727529492      -30.001536751
     99     1937.349160769      272.288795822      -30.001536746
    100     1901.239735866      306.873384362      -30.001536746
    101     1865.144727850      341.473451549      -30.001536751
    102     1829.058594190      376.082772857      -30.001536746
    103     1792.977603847      410.697021363      -30.001536746
    104     1756.898687761      445.313863603      -30.001536751
    105     1720.820251941      479.931204619      -30.001536746
    106     1684.741142478      514.547408299      -30.001536746
    107     1648.659722678      549.161635103      -30.001536751
    108     1612.574991917      583.772408025      -30.001536746
    109     1576.485819172      618.378113338      -30.001536746
    110     1540.390211892      652.977538008      -30.001536751
    111     1504.286540160      687.568544818      -30.001536746
    112     1468.172772568      722.148574567      -30.001536746
    113     1432.045597813      756.715028020      -30.001536751
    114     1395.901210930      791.263480101      -30.001536746
    115     1359.733576086      825.787156180      -30.001536746
    116     1323.531632802      860.275285894      -30.001536751
    117     1287.276790826      894.707799360      -30.001536746
    118     1250.936282483      929.049446955      -30.001536746
    119     1214.453178240      963.240003572      -30.001536751
    120     1177.719504801      997.161206960      -30.001536746
    121     1140.362190402     1030.393895812      -30.001536746
    122     1099.734665198     1059.538612085      -30.001536751
    123     1058.201497668     1031.699680755      -30.001536751
    124     1022.085512495      997.121570345      -30.001536746
    125      986.601203885      961.895955373      -30.001536746
    126      951.389168140      926.397749093      -30.001536746
    127      916.340725741      890.738433364      -30.001536746
    128      881.386345219      854.986490799      -30.001536751
    129      846.484970890      819.182801234      -30.001536746
    130      811.614355251      783.349572480      -30.001536746
    131      776.762396082      747.497779485      -30.001536751
    132      741.923078416      711.633701855      -30.001536746
    133      707.092942106      675.761125633      -30.001536746
    134      672.269073782      639.882046558      -30.001536746
    135      637.449984983      603.998747162      -30.001536746
    136      602.633717556      568.112292302      -30.001536751
    137      567.819225612      532.224114997      -30.001536751
    138      533.005505837      496.335188648      -30.001536751
    139      498.191782342      460.446265921      -30.001536746
    140      463.377690552      424.558118434      -30.001536746
    141      428.562414423      388.670701917      -30.001536746
    142      393.746120647      352.784690677      -30.001536746
    143      358.928260646      316.899781052      -30.001536751
    144      324.109008388      281.016222356      -30.001536746
    145      289.288612412      245.134191542      -30.001536746
    146      254.466751093      209.253164745      -30.001536751
    147      219.643771406      173.373223354      -30.001536746
    148      184.820050219      137.494419726      -30.001536746
    149      149.995357691      101.616140836      -30.001536746
    150      115.170311734       65.738623105      -30.001536746
    151       80.344698963       29.861237494      -30.001521148
    0.0000051 
    0.0000080 
   -0.1278925 
   -0.4405791 
   -0.4948960 
   -0.3189266 
   -0.0203982 
   -0.0002005 
   -0.0360953 
   -0.5111569 
   -0.5602202 
   -0.5598119 
   -0.5505324 
   -0.0204070 
   -0.2842323 
    0.0000318 
    0.0000212 
    0.0000082 
   -0.1286089 
    0.0000029 
    0.0000078 
   -0.0000025 
    0.0000009 
    0.0000009 
    0.0000009 
    0.0000009 
    0.0000009 
    0.0000009 
    0.0000009 
    0.0000009 
    0.0000009 
    0.0000008 
    0.0000008 
    0.0000008 
    0.0000008 
    0.0000007 
    0.0000007 
    0.0000007 
    0.0000006 
    0.0000006 
    0.0000006 
    0.0000005 
    0.0000005 
    0.0000004 
    0.0000004 
    0.0000004 
    0.0000003 
    0.0000003 
    0.0000002 
    0.0000002 
    0.0000001 
    0.0000001 
    0.0000000 
    0.0000000 
    0.0000000 
    0.0000000 
    0.0000000 
    0.0000000 
    0.0000000 
    0.0000000 
    0.0000000 
    0.0000000 
    0.0000000 
    0.0000000 
    0.0000000 
    0.0000000 
    0.0000000 
    0.0000000 
    0.0000000 
    0.0000000 
    0.0000000 
    0.0000000 
    0.0000000 
    0.0000000 
    0.0000000 
    0.0000000 
    0.0000000 
    0.0000000 
    0.0000000 
    0.0000000 
    0.0000000 
    0.0000000 
   -0.9949186 
   -0.0005010 
   -0.0027982 
   -0.0749801 
   -0.1219833 
   -0.3728622 
   -0.5277793 
   -0.5646918 
   -0.3778751 
   -0.5195161 
   -0.6009532 
   -0.5899232 
   -0.5872695 
   -0.6533487 
   -0.9971423 
   -0.0005010 
   -0.0027982 
   -0.0964274 
   -0.1652355 
   -0.2952603 
   -0.6530210 
   -0.5984613 
   -0.5836843 


   0.044437046173113    0.000118194147541   -0.006986299801475   -0.044391369746884    0.000118194147541    0.007375115178525 
   0.044382309161637   -0.000338753457049   -0.007422659926229   -0.044617335358362   -0.001768179297049    0.005573731073771 
   0.044688833341638   -0.001053466377049   -0.004244143986230   -0.044923859538363   -0.001053466377049    0.002395215133771 
   0.044684591215737   -0.001349432415738   -0.004899490530328   -0.044941371904260   -0.002275274895738   -0.000310189830328 
   0.041591545984097   -0.001812353655738   -0.005551178065900   -0.041848326672620   -0.001812353655738    0.000341497705244 
   0.043190972641793    0.011215026800995   -0.005810598750533   -0.038855113927503    0.022567458341862   -0.000143989575998 
   0.040959010346686    0.011886785756149   -0.013076191222982   -0.036623151632397    0.021895699386708    0.007121602896451 
   0.029042944831681    0.022537824776068   -0.025952915336511   -0.041451194044798    0.017023794650161   -0.004121763466767 
   0.029466885406111    0.023325542352702   -0.024729579910764   -0.038059665633889    0.023325542352702    0.005664930949235 
   0.040763051991814    0.003860476686215   -0.018667359752384   -0.036918453640363    0.009800347869526   -0.001304081707230 
  -0.000697196129819    0.025092346912603    0.007062769618443   -0.054528880779272    0.024238589897240    0.005744031321843 
   0.029288710670573    0.028549576815306   -0.032616162794492   -0.012747925200048    0.028549576815306   -0.050949543431310 
   0.007390336236693    0.025869378105420   -0.004071061280458   -0.024025571445486    0.027169276509964   -0.036248837774486 
   0.009868234928385    0.028982886379682   -0.000045765787943   -0.050727926922926    0.029396986436986    0.012747337677338 
   0.006918784138108    0.003816240878803    0.009786555192106   -0.025887727715532   -0.007229869770352    0.033353171804368 
  -0.004102509730916    0.054759248534195   -0.013788514339045   -0.022573642381056   -0.022548350211143    0.040442157282927 
  -0.040522477670660    0.020492181198726   -0.039217425149300   -0.049067460330494    0.000917970800942    0.009409897151148 
  -0.004245097340996    0.020277376243981    0.000525716015592   -0.050727926922926    0.029396986436986    0.012747337677338 
   0.046676968042439    0.006889156939679   -0.034255704828292    0.016851805067352    0.006889156939679    0.055710585291465 
   0.008000659535624    0.014966482481641   -0.049109978640441   -0.055236259581263    0.017137989997987    0.009400519045533 
   0.008000659535624    0.014966482481641   -0.049109978640441   -0.003066464516369    0.011048973475218    0.048060645530315 
  -0.042229006260946    0.014846004511497   -0.016177067782443   -0.047360931740208    0.006564147488172   -0.013630460215708 
  -0.034207982757699    0.024168040465030    0.008456975198634   -0.040048380134046    0.015062797187567    0.008827734863089 
  -0.053378566788987    0.026996450314547    0.004682130317591    0.026702414677015    0.005214448008505    0.021971512626291 
   0.009815871483657    0.012129736317397   -0.057935627875965   -0.055236259581263    0.017137989997987    0.009400519045533 
   0.023188538982841    0.012891289671220   -0.049682762822885   -0.049193493184506   -0.006425656151158   -0.008805766548244 
   0.006898989418141    0.023767981722311   -0.048905186544756   -0.049358066997381   -0.006315768601769   -0.008797910671543 
   0.021478215665792    0.026490700802447   -0.049365530519996   -0.052665967797908    0.021185269478907   -0.008161688842378 
  -0.017744615107253    0.028291133226862   -0.049847311738854   -0.052797134672066    0.021191290387867   -0.008163299989133 
  -0.011516537939122    0.000579168590023   -0.058881567945008   -0.050768306059772    0.012163973410202   -0.011106256055192 
  -0.027654827539501    0.029037430092552   -0.036924795704144   -0.033807855905454    0.019761286811041   -0.032924551175900 
   0.023188538982841    0.012891289671220   -0.049682762822885   -0.040048380134046    0.015062797187567    0.008827734863089 
   0.005597691883481    0.007865382883705   -0.059219047418474   -0.053427907175578    0.007865382883705    0.000245093602001 
  -0.002900548577088    0.013793054060413   -0.058179103637954   -0.028287203555028    0.033882916220941    0.000651884275580 
   0.012759212414716    0.010160647168847   -0.057524571104338   -0.055218289993955    0.007291565951696   -0.000178526111961 
   0.013244678392809    0.010555656632066   -0.057560396424118   -0.026578127336741    0.030595228387864   -0.002292048031180 
  -0.002720858500205    0.001246426376951   -0.058699335659547   -0.020153755552034    0.034341169197062   -0.001833750315442 
  -0.000945566299707    0.013363320589857   -0.058488794273245   -0.030717771933532    0.019658729968944   -0.015146470589142 
  -0.000071320760376    0.019878211453880   -0.051272657571753   -0.029020707063065    0.032305282822635   -0.001138675815657 
   0.004289293132706    0.002883716637468   -0.058864544888818   -0.028369987129145    0.017672899359635   -0.015264297109733 
  -0.003223765331608    0.013345973644333   -0.058410775113537   -0.029801045884252    0.019665710218086   -0.015177864771584 
  -0.003418812710139    0.013210863544280   -0.058386772074848   -0.058866031288756   -0.000467721544054   -0.011601051925352 
   0.030257250521170    0.018101915588246   -0.028083227155044   -0.041153845027496    0.018101915588246   -0.020470709836290 
   0.012592408994401    0.016062252697049   -0.045762209409527   -0.012054509760987    0.021461857097581    0.008651919484459 
   0.012529628005984    0.009366136206528   -0.050712277067729   -0.012114152006041    0.015100513787936    0.003949331077527 
   0.000300757804547    0.015671033585963   -0.057925839774780   -0.022869719736071    0.020645813531769   -0.002395160358925 
   0.000681878830002    0.016580345438622   -0.057661387582773   -0.023556492882241    0.019007250135391   -0.002871698392217 
   0.000333825585353   -0.001255792475201   -0.059989454706119   -0.031255625105889    0.034503334601217   -0.013653097629203 
   0.002494783957680    0.011374114034795   -0.055064273640156   -0.030926783614448    0.036425276896217   -0.012903613553948 
  -0.000190229933670   -0.001415150440291   -0.059984304549632   -0.031779680624911    0.034343976636127   -0.013647947472716 
  -0.000572499507951   -0.001531393279575   -0.059980547794754   -0.031090838725288    0.034553443838376   -0.013654717067633 
  -0.002269549148080    0.003416552129233   -0.059863330941956   -0.021811144848359    0.017140063867870   -0.014265511056595 
  -0.001021990658672   -0.000544396284532   -0.057965608358362   -0.021605503339116    0.016487160283184   -0.013952699641717 
  -0.002957467784444    0.003411507585100   -0.059813191728356   -0.021915828119110    0.017139296219850   -0.014257881176264 
  -0.000430418834523    0.005863327542980   -0.078579921188479   -0.037384157366546    0.057709890399684   -0.011817408600296 
   0.000477398074200   -0.000792004001386   -0.080000097739613   -0.033105091268079    0.026339463927236   -0.018511522000695 
  -0.000544720566532    0.001418898876383   -0.079994935962419   -0.029553036812808    0.019787225090964   -0.015666553795600 
   0.000046397620666    0.000961141225812   -0.079981351649206   -0.029496753979451    0.019743640071720   -0.015665260376360 
   0.000019099112338    0.001010968681467   -0.080002911722731   -0.033100541973911    0.026321566760115   -0.018511494067756 
   0.000137420099831    0.000808107620008   -0.080003955308000   -0.032680118800117    0.024339324400493   -0.018506700040212 
   0.001548614255926   -0.001300323463934   -0.079759587344023   -0.031419411119805    0.020314236880017   -0.015263827920110 
   0.000538649961775    0.000710199185720   -0.080003722614291   -0.036469232590559    0.030366850128288   -0.016484504271451 
   0.000898110092805    0.001778513527195   -0.079978257569004   -0.030260358499772    0.019010823300170   -0.015668034380153 
   0.000898110092805    0.001778513527195   -0.079978257569004   -0.028297720746921    0.021828985607104   -0.015547666108866 
   0.008046037067255   -0.006117149230499   -0.079154110688672   -0.033966770222066    0.028091067322882   -0.016201300296245 
   0.006988844004526   -0.005293991614427   -0.079523511094504   -0.022410550565654    0.019093098495301   -0.012163369684070 
   0.000621372159900   -0.000257592600057   -0.079436222175988   -0.030260358499772    0.019010823300170   -0.015668034380153 
   0.001372969342499   -0.002370327414084   -0.072334275986014   -0.037303551971282    0.033447376728092   -0.024153950899729 
   0.013910772791584   -0.013356980415750   -0.055789296752444   -0.029332479352713    0.027156087296623   -0.035897584026131 
   0.010200303991790   -0.009541997514965   -0.078773794294922   -0.028476217321991    0.026275706627211   -0.030593469208636 
   0.027780341814564   -0.026647487356922   -0.067962850583781   -0.006991694259194    0.007530936903255   -0.079338029310271 
   0.015592041150383   -0.015306546686390   -0.060588533643845   -0.037462445919646    0.035883288579586   -0.060902236960431 
   0.021920094468417   -0.020024027295990   -0.072188019365507   -0.004816618097767    0.005048392768082   -0.074584675083983 
   0.024823548975838   -0.023288110410603   -0.072398975839687   -0.003869334922786    0.003983450641967   -0.074653501896366 
   0.043051894729506   -0.007491261106573   -0.010174099538884   -0.037377330466357    0.010516282764467   -0.008263803592693 
   0.038573932615002    0.000230408475001   -0.023173231259995   -0.032899368351853    0.002794613182893    0.004735328128419 
   0.044201408094993   -0.006002269882144   -0.005327116662861   -0.031122270831856    0.000826398964848    0.010370943264356 
   0.032848459167519   -0.014771534189498   -0.021604973655057   -0.037218585163112   -0.008522641809623    0.005918399654951 
   0.053423319701213   -0.018772206468254    0.005306364254229   -0.035897287891879    0.011836544236677    0.001452358716567 
   0.049478430636005   -0.022868744040127    0.000619463313062   -0.055334938268802   -0.008348323768933   -0.021641406491978 
   0.020472344227782    0.010170410355491   -0.009248360299761   -0.052867015300344    0.026741969976884   -0.006043313403540 
   0.002475984071223    0.015964928602584   -0.045319497120443   -0.037502213404164   -0.005522514582545   -0.023365009949844 
   0.055026977545269   -0.023827333645979    0.002071238245687   -0.027259358156179   -0.013198775556462   -0.014295442928371 
   0.017669662433802    0.015603723728979   -0.055019607344294   -0.034463470438679   -0.005594755730645   -0.025305036650669 
   0.002253051448037    0.025880547338097   -0.028426824683024   -0.037938195587355    0.013869143050232    0.009671447899819 
   0.002626866039568   -0.007883581546636   -0.025714599312023   -0.037653095372509    0.018325995566676   -0.042969907758264 
   0.005725781952563   -0.007957253208229   -0.027693042267913   -0.022519589957440    0.017966221206563   -0.052631601727050 
  -0.002167730958873    0.013222906894067    0.004976816489769   -0.040122309194801    0.029195821125481   -0.027163851869077 
   0.036785464062488   -0.001803081445369   -0.047367108970681   -0.019991618789614    0.003497104980826   -0.056463951938632 
   0.005045170945719   -0.011159473030737   -0.027609616063364   -0.025963473403085    0.001763027715496   -0.052209466143156 
   0.057611318004578    0.008011175021604    0.014723071948400   -0.015826438004783    0.005459960985066   -0.044045885951516 
   0.021401774553973    0.011672405656822   -0.025749227515428   -0.050077007108315    0.029850683036899   -0.014186554318970 
   0.033034402196134   -0.013639612112356   -0.048141203854699   -0.016240556923260    0.015333635647813   -0.055689857054614 
   0.042185198809561   -0.002928742906630   -0.008859723871611   -0.000400318809766    0.016399878913300   -0.020463090131505 
   0.033069098955370   -0.013687246386433   -0.048157752007653   -0.009335901835161    0.005854415106364   -0.058982939492577 
   0.037782921119658   -0.026115700978377   -0.065503912335255   -0.011552039829774    0.011995306372533   -0.077307158585777 
   0.045028585123409   -0.020585346373720   -0.062841020914672   -0.013800694175766    0.010278989426260   -0.078133573164579 
   0.039846819522462   -0.024859353076461   -0.064707224656419   -0.013615938232578    0.010738958470617   -0.078103846264614 
   0.039817372948177   -0.025023376113842   -0.064726034893718   -0.013430483460032    0.011771976939788   -0.077985379231871 
   0.029516495996477   -0.025287242541710   -0.069818668775438   -0.012413019625827    0.010311608013801   -0.076954025674052 
   0.039757405449131   -0.025098432632475   -0.064726606990950   -0.013770299287961    0.011346656667534   -0.077988621116186 
   0.037711918967723   -0.027881522088245   -0.064812079300416   -0.014131267490563    0.010855523234163   -0.078003704464915 
   0.037811528929675   -0.027753626610007   -0.064810175766395   -0.013646497981972    0.011477949213670   -0.077994440579722 
   0.044527973063283    0.000596518772459   -0.006456067614754   -0.044471671456717   -0.000832907067541    0.006540323385246 
   0.044498574901644    0.001053466377049   -0.006604068043443   -0.044593033098355    0.001053466377049    0.005929347256557 
   0.044765752461643    0.001516387617049   -0.002632010743443   -0.044860210658354    0.000590545137049    0.001957289956557 
   0.044942002016068    0.001812353655738   -0.001374185978525   -0.044132616343932    0.001812353655738    0.007149848601475 
   0.041395056184327    0.001812353655738    0.001479144938341   -0.040585670512191    0.001812353655738    0.004296517684610 
   0.037348250897760   -0.024096401159711    0.007033605902426   -0.042748085550815   -0.012032019146411    0.007264550260838 
   0.032459162022392   -0.013710903587043    0.004957591717686   -0.037858996675447   -0.022417516719079    0.009340564445578 
   0.033489286460814   -0.021965194137823   -0.020165262161947   -0.024936533116559   -0.011762941616279   -0.018806317034763 
   0.041719569325634   -0.002932706550142   -0.007313922162167   -0.021118044754365   -0.002932706550142   -0.012843861912167 
   0.033615506165401   -0.021837517623123   -0.020380853726416   -0.037558347380389   -0.024530435088518    0.002752572620916 
   0.043424528639314   -0.025164600169654   -0.007911079765191   -0.031958199979983   -0.020053340072108   -0.044336531905124 
   0.049645568048490   -0.013839746211567   -0.017429431081611   -0.026234849695737   -0.009634485302522   -0.053093405978617 
   0.053103210421870   -0.026427502036972   -0.007499393890610    0.016892377317391   -0.026427502036972   -0.042258656726427 
   0.053737818167166   -0.015517812184179   -0.016333141109397    0.016841715599887   -0.027298439445912   -0.041553445027673 
   0.025080886047521   -0.008807531431308    0.001762878362665    0.003864818290781    0.001715764623844   -0.033611696138957 
   0.025071259871568   -0.008720804554806    0.001803424007893    0.007685647903545   -0.032707937952172   -0.049705106721389 
   0.037027465350691   -0.045607221571739   -0.008705793594630    0.033552068416362    0.002790969941648   -0.049180792542440 
   0.054469509949483   -0.006812312927326   -0.013544519099495    0.033988128034324    0.003760861570267   -0.049301763038939 
   0.054469509949483   -0.006812312927326   -0.013544519099495   -0.003465406750713   -0.033431848198149   -0.043883476115237 
   0.005822867024002    0.005988507967396    0.059415755396419   -0.015512683023993   -0.030261741967392   -0.025814961394229 
   0.040478381800489   -0.041823020753075   -0.009278746552614   -0.007132652547770   -0.041823020753075   -0.042425940154597 
   0.033564082099689   -0.019523458431432   -0.010898093950627    0.014558754331784   -0.019139865182164   -0.054591227933979 
   0.046878373119119   -0.023491063412871   -0.012564392093879   -0.006841131974267   -0.012762785442341   -0.051913008660752 
   0.021439418284725    0.005628586975413   -0.002466700513876    0.002007185715403   -0.022891342976446   -0.055425243483834 
   0.019905472020290   -0.021981609787957    0.004735370907088    0.012851435754823   -0.019447132719020   -0.052637053620584 
   0.024429807339613   -0.024392377395337    0.006335276825626   -0.044207955300777   -0.024149689070677   -0.006324523388743 
   0.029524414980006   -0.012136616999998    0.023298247311106   -0.039214230979997   -0.012136616999998    0.010302546691084 
   0.023981196427353   -0.024511137770692    0.006854297324611    0.001101746837419   -0.012154891159827   -0.058745593786259 
   0.024263237781234   -0.012695079702050    0.000743069884967    0.000040321423636    0.000350077877819   -0.059958256794946 
   0.041275260484392   -0.040617775399254   -0.005522479523025   -0.001238019339540    0.004363926544042   -0.058954921231607 
   0.021884672485722   -0.014912853046443    0.000055927786942   -0.000215023314788    0.000008249909781   -0.060001557009808 
   0.021931211969572   -0.014834937378831    0.000055537091005   -0.000314521521642   -0.000158328414078   -0.060000721728840 
   0.026131646681259   -0.013463026828825    0.000693956512053    0.001285928913993   -0.000161887513320   -0.059990999084483 
   0.041150830581377   -0.040475342060414   -0.005473088547957   -0.017704226581250    0.023212586059381   -0.052418855449753 
   0.022001402156227   -0.014686523431551    0.000055146790243   -0.000104477997687    0.000222588551698   -0.060002296629198 
   0.041671023063691   -0.043025518656660    0.003511932812638    0.001676428370286   -0.003628936154876   -0.059471720846320 
   0.022765242100050   -0.015480256665193    0.000044634299727   -0.001148551652119    0.000486990872284   -0.059989818937561 


        0.000 
Comment:           0 
1/2 width cable middle		(m):     1059.54 
1/2 width cable end		(m):       30.99 
headline depth		      	(m):       -8.27 
bottom drag (N)				:            0 
element drag (N)				:            0 
surface drag (N)				:            0 
node drag (N)				:            0 
forces along X Y and Z axes (N)		:      0.68091      0.70147   -295.08734 
current amplitude (m/s)			:        0.000 
filtered surface (m2) 				:       193.98 
