      1     2257.123086260        0.000000000      -23.325353231
      2     2257.124479390        0.007209843      -23.313494362
      3     2252.674497174       -0.064261449      -22.663674813
      4     2252.681665465        0.000000000      -22.607282491
      5     2248.193199004       -0.110553548      -22.434209784
      6     2248.201030809        0.000000000      -22.275314530
      7     2240.027780857        1.655341762      -21.974875550
      8     2239.815323719        0.000000000      -21.683100625
      9     2232.305765289        2.413258777      -20.478204915
     10     2233.062668612        0.000000000      -18.643649603
     11     2226.645700225        2.603710472      -18.355525090
     12     2228.838000898        0.000000000      -20.486155533
     13     2220.934722166        4.333630586      -19.113473094
     14     2225.840589456        0.000000000      -11.444364269
     15     2218.471127151        5.782336898      -19.490887017
     16     2222.889547301        0.000000000       -8.471035854
     17     2217.484487433        6.544646417      -19.726999512
     18     2221.025875602        2.019830054      -10.278298343
     19     2220.996952721        0.000000000       -8.269573323
     20     2213.548928493        9.492949942      -20.637113163
     21     2215.577906373        7.715128077      -12.676027817
     22     2214.199298268        8.923563041      -26.214866720
     23     2211.093681403       11.850328951      -17.411914187
     24     2240.243413959        1.770292520      -22.675515556
     25     2233.173341413        2.057415889      -20.150639216
     26     2224.903590506        3.125570121      -21.795454720
     27     2221.786947108        4.424262829      -24.267834081
     28     2219.657840020        5.390676900      -24.847977187
     29     2218.481337079        6.007962276      -25.153821018
     30     2257.126196603        0.000000000      -23.310924563
     31     2252.671616203        0.000000000      -22.684253798
     32     2248.217885285        0.000000000      -22.258052069
     33     2239.978822110        0.000000000      -21.974906135
     34     2233.695060844        0.000000000      -22.527900083
     35     2230.055872160        0.000000000      -26.021204147
     36     2225.270963696        0.000000000      -29.352497309
     37     2221.834030867        0.000000000      -30.002283986
     38     2222.852605694        2.499916193      -30.002837676
     39     2215.452953915        8.054018962      -29.691662213
     40     2210.045976155       13.101676925      -30.022327576
     41     2191.440930008       30.790320977      -29.864248097
     42     2191.338814656       31.360722374      -30.019865176
     43     2190.878145740       30.995021890      -29.901351986
     44       53.300000000        2.000000000        1.500000000
     45     2236.104832291        1.814208853      -20.904778216
     46     2228.719823196        3.223528146      -20.321492789
     47     2226.690501213        2.593005434      -18.340626311
     48     2231.207227904        0.923103236      -20.920464514
     49     2227.825368912        2.882899479      -20.070642933
     50     2224.977943711        3.305515505      -19.767329172
     51     2220.965864379        4.327258310      -19.078478037
     52     2223.045378002        1.149082726      -15.242997414
     53     2228.358837643        0.222716081      -15.595843129
     54     2224.676422730        1.365246087      -14.969136128
     55     2228.892202249        1.220535659      -18.869994765
     56     2226.222087396        2.224644057      -18.281361268
     57     2218.483160827        5.772063653      -19.453821691
     58     2220.594019549        3.570652765      -14.544798347
     59     2222.372087112        0.655453274      -12.414870682
     60     2221.084912858        3.677410471      -16.217448139
     61     2217.495795838        6.536678624      -19.691036358
     62     2219.154080934        5.166507409      -14.752917734
     63     2221.025668675        2.007597499      -10.254916461
     64     2221.345927114        1.924894235      -10.949890458
     65     2219.564674196        4.701672846      -15.355291082
     66     2216.009731914        7.526676780      -20.096593325
     67     2214.590254074        8.608860071      -20.460289639
     68     2214.320300640        8.802774525      -16.053145492
     69     2217.148827140        6.699411992      -11.912806979
     70     2218.782862368        5.482321055      -10.987418271
     71     2217.482463547        6.496401158      -15.727926848
     72     2215.969501555        7.446985124      -16.511360494
     73     2213.109216664        9.918509856      -22.514462361
     74     2212.966730697       10.056253386      -14.366706662
     75     2212.622075787       10.367795555      -19.223213429
     76     2233.175525417        2.069062976      -20.142791532
     77     2224.912004382        3.120568064      -21.755299926
     78     2228.078414985        3.846872403      -20.563565557
     79     2221.766054289        4.417509961      -24.253165389
     80     2224.044967194        4.095910057      -20.337258796
     81     2215.612621322        7.850900091      -21.688316477
     82     2236.128003327        0.094498888      -21.959818634
     83     2228.379430856        2.263957158      -22.621177092
     84     2225.275807972        0.012137165      -29.369297688
     85     2223.447360703        3.841818563      -24.156728675
     86     2227.078650881        3.387659146      -25.059687507
     87     2222.840881955        2.508548263      -29.973892009
     88     2222.478080157        3.311002065      -27.816368855
     89     2220.109036593        5.198292838      -29.638007764
     90     2218.367071724        6.095788712      -29.684262731
     91     2216.900373710        7.074898426      -29.687968224
     92     2213.935336633        9.086015578      -29.694665373
     93     2154.748194060       65.558455787      -30.001534996
     94     2118.415278045       99.908180150      -30.001536746
     95     2082.109756717      134.287293142      -30.001536751
     96     2045.852648990      168.717459614      -30.001536746
     97     2009.645813690      203.200052781      -30.001536746
     98     1973.481346493      237.727511283      -30.001536751
     99     1937.349185105      272.288774422      -30.001536746
    100     1901.239762907      306.873359661      -30.001536746
    101     1865.144757799      341.473423505      -30.001536751
    102     1829.058627275      376.082741504      -30.001536746
    103     1792.977640187      410.696986671      -30.001536746
    104     1756.898727445      445.313825559      -30.001536751
    105     1720.820295021      479.931163222      -30.001536746
    106     1684.741188969      514.547363556      -30.001536746
    107     1648.659772565      549.161587048      -30.001536751
    108     1612.575045141      583.772356695      -30.001536746
    109     1576.485875665      618.378058813      -30.001536746
    110     1540.390271568      652.977480403      -30.001536751
    111     1504.286602862      687.568484226      -30.001536746
    112     1468.172838157      722.148511152      -30.001536746
    113     1432.045666135      756.714961978      -30.001536751
    114     1395.901281706      791.263411543      -30.001536746
    115     1359.733649086      825.787085319      -30.001536746
    116     1323.531707821      860.275213008      -30.001536751
    117     1287.276867346      894.707724442      -30.001536746
    118     1250.936360277      929.049370339      -30.001536746
    119     1214.453257386      963.239925949      -30.001536751
    120     1177.719583090      997.161126584      -30.001536746
    121     1140.362260154     1030.393804653      -30.001536746
    122     1099.734741535     1059.538529530      -30.001536751
    123     1058.201529976     1031.699663287      -30.001536751
    124     1022.085524529      997.121572924      -30.001536746
    125      986.601212278      961.895959928      -30.001536746
    126      951.389175183      926.397752808      -30.001536746
    127      916.340730746      890.738436522      -30.001536746
    128      881.386348378      854.986492950      -30.001536751
    129      846.484972357      819.182802118      -30.001536746
    130      811.614355172      783.349572015      -30.001536746
    131      776.762394629      747.497777732      -30.001536751
    132      741.923075816      711.633698994      -30.001536746
    133      707.092938651      675.761121941      -30.001536746
    134      672.269069812      639.882042404      -30.001536746
    135      637.449980928      603.998742940      -30.001536746
    136      602.633713855      568.112288474      -30.001536751
    137      567.819225612      532.224114997      -30.001536751
    138      533.005511322      496.335194302      -30.001536751
    139      498.191788212      460.446271980      -30.001536746
    140      463.377696390      424.558124465      -30.001536746
    141      428.562419851      388.670707537      -30.001536746
    142      393.746125352      352.784695553      -30.001536746
    143      358.928264388      316.899784937      -30.001536751
    144      324.109011014      281.016225089      -30.001536746
    145      289.288613862      245.134193061      -30.001536746
    146      254.466751400      209.253165084      -30.001536751
    147      219.643770697      173.373222642      -30.001536746
    148      184.820048698      137.494418174      -30.001536746
    149      149.995355625      101.616138714      -30.001536746
    150      115.170309415       65.738620721      -30.001536746
    151       80.344696672       29.861235135      -30.001524558
    0.0000051 
    0.0000079 
   -0.1279115 
   -0.4405513 
   -0.4949024 
   -0.3189627 
   -0.0203985 
   -0.0002006 
   -0.0360598 
   -0.5111945 
   -0.5602315 
   -0.5598182 
   -0.5505480 
   -0.0204077 
   -0.2842327 
    0.0000316 
    0.0000211 
    0.0000081 
   -0.1286341 
    0.0000027 
    0.0000074 
   -0.0000027 
    0.0000009 
    0.0000009 
    0.0000009 
    0.0000008 
    0.0000008 
    0.0000008 
    0.0000008 
    0.0000008 
    0.0000008 
    0.0000007 
    0.0000007 
    0.0000007 
    0.0000007 
    0.0000006 
    0.0000006 
    0.0000006 
    0.0000006 
    0.0000005 
    0.0000005 
    0.0000005 
    0.0000004 
    0.0000004 
    0.0000003 
    0.0000003 
    0.0000003 
    0.0000002 
    0.0000002 
    0.0000001 
    0.0000001 
    0.0000001 
    0.0000000 
    0.0000000 
    0.0000000 
    0.0000001 
    0.0000001 
    0.0000001 
    0.0000001 
    0.0000001 
    0.0000001 
    0.0000001 
    0.0000000 
    0.0000000 
    0.0000000 
    0.0000000 
   -0.0000001 
   -0.0000001 
    0.0000000 
    0.0000000 
    0.0000000 
    0.0000000 
    0.0000001 
    0.0000001 
    0.0000001 
    0.0000001 
    0.0000001 
    0.0000000 
    0.0000000 
    0.0000000 
    0.0000000 
    0.0000000 
   -0.9949186 
   -0.0005010 
   -0.0027982 
   -0.0749801 
   -0.1219833 
   -0.3728623 
   -0.5277825 
   -0.5646877 
   -0.3778875 
   -0.5195346 
   -0.6009481 
   -0.5899352 
   -0.5872883 
   -0.6532579 
   -0.9971423 
   -0.0005010 
   -0.0027982 
   -0.0964274 
   -0.1652356 
   -0.2952631 
   -0.6529999 
   -0.5984883 
   -0.5836969 


   0.044437046148223    0.000118194149646   -0.006986299709430   -0.044391369743926    0.000118194149646    0.007375115090728 
   0.044382309192676   -0.000338753456854   -0.007422659788181   -0.044617335124515   -0.001768179302826    0.005573731175884 
   0.044688833593061   -0.001053466379840   -0.004244143914499   -0.044923859524900   -0.001053466379840    0.002395215302203 
   0.044684591454917   -0.001349432258992   -0.004899490526620   -0.044941371941339   -0.002275274239930   -0.000310189942707 
   0.041591545526553   -0.001812353249461   -0.005551178070678   -0.041848326012974   -0.001812353249461    0.000341497601351 
   0.043190972541573    0.011215026849865   -0.005810599407753   -0.038855112599150    0.022567458079278   -0.000143990900889 
   0.040959011837693    0.011886785649840   -0.013076193020853   -0.036623151895270    0.021895699279303    0.007121602712211 
   0.029042941729284    0.022537825544860   -0.025952918100504   -0.041451192936050    0.017023793751596   -0.004121759133355 
   0.029466882433666    0.023325544726943   -0.024729581657259   -0.038059668636402    0.023325544726943    0.005664928559095 
   0.040763053440024    0.003860487135664   -0.018667354354619   -0.036918454152466    0.009800356102627   -0.001304076318866 
  -0.000697147671450    0.025092338275421    0.007062730398829   -0.054528789572329    0.024238544951461    0.005744014600877 
   0.029288417980009    0.028549575200140   -0.032616133279937   -0.012748076688442    0.028549575200140   -0.050949525615175 
   0.007390344166668    0.025869379633330   -0.004071073607406   -0.024025582048266    0.027169274808073   -0.036248823343483 
   0.009868018981878    0.028982863048803   -0.000045712306495   -0.050727880821765    0.029396941293245    0.012747322695214 
   0.006918357874445    0.003816531991543    0.009785739622393   -0.025888763656171   -0.007229322952796    0.033351498500574 
  -0.004102092204738    0.054758903916370   -0.013787381599374   -0.022574922515468   -0.022547656294588    0.040439918515927 
  -0.040529980846081    0.020491849687844   -0.039209843503303   -0.049071994539368    0.000918227638618    0.009412284895009 
  -0.004245010837143    0.020277362285180    0.000525667697122   -0.050727880821765    0.029396941293245    0.012747322695214 
   0.046675331071600    0.006888123929113   -0.034254408103313    0.016850341598736    0.006888123929113    0.055713664174483 
   0.008000468437130    0.014967292483633   -0.049112270620886   -0.055236219289421    0.017137948720590    0.009400604264894 
   0.008000468437130    0.014967292483633   -0.049112270620886   -0.003067207970624    0.011048894755496    0.048061866778705 
  -0.042233249220438    0.014846805515485   -0.016173957496244   -0.047368726165011    0.006563271810977   -0.013623601112051 
  -0.034207325112464    0.024168532247273    0.008454542918429   -0.040051719586914    0.015061624760510    0.008829501747943 
  -0.053378721127663    0.026996538776056    0.004679860016667    0.026701706407458    0.005214708845726    0.021972676899886 
   0.009814957333580    0.012129216969316   -0.057935891533593   -0.055236219289421    0.017137948720590    0.009400604264894 
   0.023184968139636    0.012890968523553   -0.049683373137837   -0.049191422574029   -0.006420192018358   -0.008800699448384 
   0.006897040827504    0.023764774589765   -0.048907895225885   -0.049355952436890   -0.006310352025426   -0.008792866083705 
   0.021473507322047    0.026487573568909   -0.049369256901093   -0.052666209172769    0.021185056383719   -0.008162947839542 
  -0.017745891029174    0.028295918191670   -0.049844141497121   -0.052797381940560    0.021191104553228   -0.008164536133332 
  -0.011516350941588    0.000581556689731   -0.058881581325875   -0.050768074040366    0.012162994619913   -0.011108533247753 
  -0.027654433149422    0.029041165325348   -0.036924474750010   -0.033811361540741    0.019763116751268   -0.032920252306577 
   0.023184968139636    0.012890968523553   -0.049683373137837   -0.040051719586914    0.015061624760510    0.008829501747943 
   0.005594649409488    0.007865438286212   -0.059219327824612   -0.053426193684725    0.007865438286212    0.000247240477747 
  -0.002900853345821    0.013791508862159   -0.058179477992276   -0.028291847569120    0.033881119660291    0.000647274977606 
   0.012758160203704    0.010163499792612   -0.057524226305970   -0.055217071813090    0.007290922771728   -0.000176535003620 
   0.013243525816663    0.010558479057001   -0.057560144125713   -0.026580873404560    0.030594396030491   -0.002295658783922 
  -0.002722862889848    0.001246427291194   -0.058698076098751   -0.020156152472192    0.034341475912035   -0.001837765925294 
  -0.000947502302896    0.013362338176905   -0.058488989310130   -0.030715375993796    0.019658822497058   -0.015146354958886 
  -0.000076265235378    0.019876295545731   -0.051275030631667   -0.029024148686295    0.032303581303572   -0.001142768143003 
   0.004299038034810    0.002874722211981   -0.058866261382974   -0.028366389651205    0.017671769312037   -0.015264390229077 
  -0.003223976359522    0.013344479265639   -0.058411106820748   -0.029799344773935    0.019666008750829   -0.015177694121987 
  -0.003419058288525    0.013209369037394   -0.058387116677038   -0.058865615832125   -0.000464766749340   -0.011603277858167 
   0.030259787754359    0.018102451802605   -0.028078479525764   -0.041158875656906    0.018102451802605   -0.020476119861455 
   0.012592886924472    0.016062783112965   -0.045760129480020   -0.012056140123636    0.021462403784091    0.008650911945962 
   0.012529865523283    0.009365310670711   -0.050711177319809   -0.012116010503923    0.015099799739920    0.003947412636344 
   0.000299222757120    0.015670749305777   -0.057925926260235   -0.022873090715212    0.020645551542304   -0.002398094671840 
   0.000679715897623    0.016578996525441   -0.057661801514327   -0.023558731943754    0.019008907741878   -0.002874042319760 
   0.000331581948111   -0.001255040048985   -0.059989485130772   -0.031252553229469    0.034501505749832   -0.013653164376268 
   0.002491538038855    0.011374277165214   -0.055065105077280   -0.030923864421442    0.036423357420395   -0.012903802564241 
  -0.000192732002540   -0.001414267880688   -0.059984318518244   -0.031776868470741    0.034342277526183   -0.013647997751022 
  -0.000575190912503   -0.001530416045109   -0.059980549751471   -0.031087685009473    0.034551574242486   -0.013654788994896 
  -0.002259199355492    0.003406176953441   -0.059864316963083   -0.021808248530695    0.017140396756871   -0.014266631172761 
  -0.001013839945270   -0.000552311413057   -0.057971653016613   -0.021602969507032    0.016487898674481   -0.013954653599167 
  -0.002959463887504    0.003411378301887   -0.059812957798326   -0.021914810559776    0.017141188266678   -0.014258815645116 
  -0.000431440065795    0.005862670470082   -0.078579981444118   -0.037383553913908    0.057708183345307   -0.011818665458207 
   0.000476213354698   -0.000791784465781   -0.080000108503585   -0.033105237194869    0.026341733150308   -0.018512578800574 
  -0.000530513464667    0.001408156649568   -0.079995211912517   -0.029549991102977    0.019786278684748   -0.015667246545764 
   0.000045218667994    0.000961224867205   -0.079981339037577   -0.029495173532966    0.019743724668948   -0.015665925658410 
   0.000017904298445    0.001011073968332   -0.080002904274553   -0.033100688186859    0.026323838637106   -0.018512551050774 
   0.000136587232846    0.000808147054997   -0.080003952205677   -0.032680704542554    0.024341818749335   -0.018507774172959 
   0.001548220560042   -0.001299994716127   -0.079759536889584   -0.031418415345215    0.020314321690419   -0.015264416756341 
   0.000537987626848    0.000710219589780   -0.080003724020923   -0.036469580011185    0.030365393219952   -0.016485352413035 
   0.000897446533454    0.001777737015026   -0.079978274780130   -0.030259239857487    0.019011679331079   -0.015668672923572 
   0.000897446533454    0.001777737015026   -0.079978274780130   -0.028296717581561    0.021827569527705   -0.015547534840550 
   0.008046576159516   -0.006117657319325   -0.079153253366394   -0.033966717166962    0.028089434250251   -0.016201862194859 
   0.006990019790444   -0.005295158077958   -0.079523382181032   -0.022417462728479    0.019098666419891   -0.012155971241570 
   0.000620880169859   -0.000257880828655   -0.079436131955799   -0.030259239857487    0.019011679331079   -0.015668672923572 
   0.001370915221718   -0.002369032693301   -0.072336527016697   -0.037302509659289    0.033444647278782   -0.024152554930923 
   0.013908821419942   -0.013355859912976   -0.055781799610945   -0.029336263740879    0.027159367702769   -0.035897550144483 
   0.010194348333344   -0.009535853191452   -0.078775324394841   -0.028479077556055    0.026277827599695   -0.030591351573204 
   0.027780061479693   -0.026646458776312   -0.067962751296125   -0.006969565487236    0.007510522848508   -0.079341916130391 
   0.015583493324637   -0.015298063402083   -0.060587645041887   -0.037460985874877    0.035881511284080   -0.060904150494795 
   0.021918798027630   -0.020021813038230   -0.072188714939681   -0.004803803932851    0.005037947211506   -0.074594273383382 
   0.024829760040622   -0.023294005228392   -0.072394945966226   -0.003854073625959    0.003970361966798   -0.074661558306805 
   0.043051890079193   -0.007491261656704   -0.010174095496641   -0.037377334751171    0.010516281618886   -0.008263799393997 
   0.038573939244741    0.000230409101315   -0.023173220205093   -0.032899383916719    0.002794610860867    0.004735325314455 
   0.044201392952124   -0.006002272373567   -0.005327124292229   -0.031122293272282    0.000826395658273    0.010370934550096 
   0.032849677308054   -0.014771530805843   -0.021609979874074   -0.037217686781237   -0.008522642051550    0.005914611879961 
   0.053423266938801   -0.018772197820037    0.005306347117307   -0.035897273483775    0.011836523067433    0.001452358583516 
   0.049478951475455   -0.022868254113087    0.000617782525344   -0.055332089320279   -0.008345964984332   -0.021649594145449 
   0.020472292002167    0.010170426469915   -0.009248388597974   -0.052867021582484    0.026741971068912   -0.006043328545820 
   0.002477309183352    0.015964349096070   -0.045317919241486   -0.037501467646925   -0.005522781575824   -0.023364400669509 
   0.055026974351699   -0.023827340484458    0.002071244612227   -0.027259104325206   -0.013198940163611   -0.014295078804373 
   0.017640980476805    0.015599804293157   -0.055007308154231   -0.034468732223665   -0.005595690564403   -0.025302279196203 
   0.002253712266756    0.025880237327502   -0.028425916878348   -0.037938748420505    0.013869378846521    0.009670705418340 
   0.002631573737584   -0.007882128983127   -0.025713742456479   -0.037655732201157    0.018323696503374   -0.042968577454516 
   0.005724363298816   -0.007956481713362   -0.027689994796966   -0.022552115045675    0.017960595442116   -0.052619592553469 
  -0.002166726347341    0.013214576816373    0.004965655632247   -0.040126856163339    0.029188497433196   -0.027168691157165 
   0.036784618432343   -0.001803888438809   -0.047367734837075   -0.019990030100001    0.003498421278773   -0.056464432722022 
   0.005050742597273   -0.011157163453987   -0.027609007542381   -0.025960634489198    0.001765152041312   -0.052209797202322 
   0.057610493427006    0.008038778930979    0.014711247411063   -0.015824853501641    0.005466955508647   -0.044048631504729 
   0.021398652493162    0.011666643691956   -0.025753523246799   -0.050079832726007    0.029842276106231   -0.014194265009513 
   0.033033244316835   -0.013639796705832   -0.048141944550339   -0.016238655984493    0.015334329545796   -0.055690223008758 
   0.042183890848046   -0.002911273495040   -0.008867260977897   -0.000398250922681    0.016417007934665   -0.020470123115768 
   0.033067942662068   -0.013687435369862   -0.048158492729563   -0.009333685283194    0.005854235403899   -0.058983310674332 
   0.037782435644103   -0.026119371412399   -0.065502733770196   -0.011549550241225    0.011996104533478   -0.077308358492464 
   0.045027216545940   -0.020585555425655   -0.062841932799401   -0.013797930521106    0.010278713365178   -0.078134124310987 
   0.039846390255583   -0.024860936269442   -0.064706657319620   -0.013613504852706    0.010737669390520   -0.078104434943040 
   0.039817131638237   -0.025024905840539   -0.064725497932442   -0.013429233773027    0.011770351473322   -0.077985776565390 
   0.029528634019796   -0.025296517875202   -0.069830465387706   -0.012413639925018    0.010312652048478   -0.076952522935357 
   0.039757320270485   -0.025099958930082   -0.064726096355967   -0.013768164856958    0.011345050632581   -0.077989167632034 
   0.037711332414275   -0.027880391486811   -0.064812946548885   -0.014129221537466    0.010854386063746   -0.078004494136666 
   0.037810767451657   -0.027752538142962   -0.064810992344373   -0.013645304073586    0.011476606033016   -0.077994983669168 
   0.044527973193129    0.000596518773340   -0.006456067635524   -0.044471671124062   -0.000832907072632    0.006540323328542 
   0.044498574966658    0.001053466379840   -0.006604068052725   -0.044593033033341    0.001053466379840    0.005929347247275 
   0.044765752664786    0.001516387370309   -0.002632010694682   -0.044860210731470    0.000590545389370    0.001957289889232 
   0.044942002307524    0.001812353249461   -0.001374185892654   -0.044132616052476    0.001812353249461    0.007149848687346 
   0.041395057181363    0.001812353249461    0.001479145157094   -0.040585670926315    0.001812353249461    0.004296517637598 
   0.037348252169290   -0.024096400040060    0.007033602938657   -0.042748085818263   -0.012032018737306    0.007264548513242 
   0.032459155711924   -0.013710903837877    0.004957587663107   -0.037858989360897   -0.022417514939489    0.009340563788792 
   0.033489312257141   -0.021965188327832   -0.020165207330548   -0.024936534694645   -0.011762941001481   -0.018806282286442 
   0.041719535799915   -0.002932723402446   -0.007313914052503   -0.021118076861868   -0.002932723402446   -0.012843853535409 
   0.033615529684157   -0.021837513950670   -0.020380795048514   -0.037558332064372   -0.024530434016795    0.002752582886992 
   0.043424489786569   -0.025164611607668   -0.007911160219196   -0.031958128658827   -0.020053320020641   -0.044336331355230 
   0.049645277960489   -0.013839437954766   -0.017429701816450   -0.026235004494334   -0.009634161999519   -0.053093388162656 
   0.053103125322788   -0.026427518759301   -0.007499540039398    0.016892292646577   -0.026427518759301   -0.042258784460766 
   0.053737555876445   -0.015517546829275   -0.016333419091902    0.016841644868514   -0.027298482230084   -0.041553559368584 
   0.025084665760995   -0.008807007330006    0.001763840354959    0.003868333047572    0.001716544682583   -0.033611170422288 
   0.025075053690464   -0.008720292566998    0.001804381391296    0.007684203247874   -0.032708117417160   -0.049705448128525 
   0.037027613383944   -0.045607191703727   -0.008705845831681    0.033551587361015    0.002791162644367   -0.049181132628806 
   0.054469348318622   -0.006812390720508   -0.013544381392983    0.033987627908821    0.003761026384191   -0.049302095233996 
   0.054469348318621   -0.006812390720508   -0.013544381392983   -0.003465355868399   -0.033431804265053   -0.043883504101978 
   0.005823819563548    0.005987574806966    0.059415756661698   -0.015512373175798   -0.030261905403022   -0.025814997737901 
   0.040478496204887   -0.041822960675401   -0.009278823783715   -0.007132533292082   -0.041822960675401   -0.042426019418159 
   0.033563055306866   -0.019523032213382   -0.010898107772964    0.014562373797065   -0.019139287388696   -0.054590279842329 
   0.046879923331469   -0.023490065480650   -0.012563664582772   -0.006841659996370   -0.012763124919007   -0.051913251416715 
   0.021440723987260    0.005626472651955   -0.002465771718909    0.002006754858550   -0.022890613801437   -0.055425561061804 
   0.019904234237990   -0.021981779070598    0.004735067991324    0.012855022392749   -0.019446630524560   -0.052636134278778 
   0.024429804496744   -0.024392369169134    0.006335292364511   -0.044207956486953   -0.024149692825985   -0.006324541098145 
   0.029525041791259   -0.012137189572407    0.023298279832447   -0.039213614780655   -0.012137189572407    0.010302546293002 
   0.023981192788165   -0.024511129571271    0.006854313169271    0.001101781218468   -0.012154904086127   -0.058745590476899 
   0.024261477785544   -0.012695007560838    0.000742917996252    0.000039718057328    0.000350557581334   -0.059958290536327 
   0.041277965305224   -0.040618065393061   -0.005521842053209   -0.001239700962873    0.004364874081374   -0.058955075568339 
   0.021883712884238   -0.014912760330433    0.000056360530586   -0.000215596647249    0.000008921166476   -0.060001555334609 
   0.021930608277614   -0.014835163224225    0.000055969545192   -0.000315855751184   -0.000156976073666   -0.060000719434908 
   0.026129470954481   -0.013462437031995    0.000693824453054    0.001285047085685   -0.000161062168428   -0.059991019571672 
   0.041153533222807   -0.040475646440642   -0.005472448236547   -0.017706148166537    0.023211574347449   -0.052418652979762 
   0.022000468442044   -0.014686644539332    0.000055582388594   -0.000105026789618    0.000223057360934   -0.060002292250701 
   0.041671721784161   -0.043024945459634    0.003510666658472    0.001675750146478   -0.003628112976412   -0.059471945804396 
   0.022764257415097   -0.015479948013039    0.000045047388622   -0.001149504888667    0.000487808715148   -0.059989797278339 


        0.028 
Comment:           0 
1/2 width cable middle		(m):     1059.54 
1/2 width cable end		(m):       31.00 
headline depth		      	(m):       -8.27 
bottom drag (N)				:            0 
element drag (N)				:            0 
surface drag (N)				:            0 
node drag (N)				:            0 
forces along X Y and Z axes (N)		:      0.47062      0.48483   -294.84240 
current amplitude (m/s)			:        0.000 
filtered surface (m2) 				:       193.97 
