      1      -14.142387499       15.861563210       -0.702557230
      2      -14.860481466       17.105206341       -7.559737083
      3      -13.437473974       22.216098220       -3.660415076
      4      -14.155596165       23.459736050      -10.517592943
      5      -12.404143810       29.060634231       -4.938760436
      6      -13.122295843       30.304272719      -11.795935064
      7      -11.061956532       35.914422352       -4.077369961
      8      -11.780138343       37.158065162      -10.934540682
      9       -9.533131470       42.111936438       -1.112201573
     10      -10.251341298       43.355580423       -7.969369136
     11       -7.558970831       47.924096303       -4.552932111
     12       -8.277201763       49.167734117      -11.410098596
     13       -4.936040463       54.286040183       -5.996609463
     14       -5.654289033       55.529680608      -12.853773635
     15       -1.855156998       60.482155133       -4.758986645
     16       -2.573420104       61.725801225      -11.616148260
     17        1.233551372       65.645133363       -1.117480664
     18        0.515273371       66.888776415       -7.974641255
     19        4.866392735       70.203987488       -5.049758555
     20        4.148109584       71.447616215      -11.906921220
     21        9.616854088       75.116910409       -6.681538694
     22        8.898576756       76.360529578      -13.538703710
     23       14.856280027       79.538908292       -5.148058637
     24       14.138009890       80.782515701      -12.005226530
     25       19.621659552       82.771032972       -1.115068562
     26       18.903387714       84.014621183       -7.972239745
     27       24.852817924       85.188663916       -5.141332624
     28       24.134550149       86.432224681      -11.998509220
     29       31.344510894       87.400878457       -6.665241614
     30       30.626252372       88.644408547      -13.522424744
     31       38.002291220       88.946325497       -5.036222972
     32       37.284036768       90.189824825      -11.893412102
     33       43.789185236       89.723167991       -1.117817623
     34       43.070928737       90.966641143       -7.975011282
     35       49.817494520       89.733151495       -4.739840303
     36       49.099237231       90.976600997      -11.597038167
     37       56.719760444       89.216304876       -5.968810331
     38       56.001500479       90.459731138      -12.826012129
     39       63.533067905       88.229292114       -4.538212768
     40       62.814804226       89.472699153      -11.395417663
     41       69.554532788       86.969046899       -1.121433138
     42       68.836267248       88.212439994       -7.978640368
     43       75.637796115       85.149637031       -4.159585159
     44       74.919529767       86.393023343      -11.016793531
     45       82.212842918       82.837354614       -5.132163546
     46       81.494575095       84.080737201      -11.989372437
     47       88.658975734       80.256072025       -3.975749180
     48       87.940708205       81.499453549      -10.832958297
     49       94.541622542       77.632522528       -1.122972722
     50       93.823358448       78.875904743       -7.980182077
     51      100.402439212       74.639016300       -3.643203401
     52       99.684180016       75.882405237      -10.500412046
     53      106.539907182       71.268899885       -4.433864159
     54      105.821653588       72.512298088      -11.291071710
     55      112.570521885       67.740851330       -3.502440506
     56      111.852275673       68.984259872      -10.359646957
     57      118.216746085       64.246372070       -1.123320144
     58      117.498509334       65.489790832       -7.980525735
     59      123.814487634       60.508100595       -3.240605440
     60      123.096261575       61.751533322      -10.097809616
     61      129.577815411       56.491046158       -3.902149576
     62      128.859600979       57.734494348      -10.759352165
     63      135.259895649       52.374019499       -3.135861447
     64      134.541693991       53.617483334       -9.993062538
     65      140.674099327       48.309284073       -1.123091600
     66      139.955911459       49.552762762       -7.980291444
     67      146.036609200       44.078389852       -2.932663051
     68      145.318435785       45.321885328       -9.789861362
     69      151.504953679       39.638441217       -3.498055417
     70      150.786795393       40.881954170      -10.355252143
     71      156.911489804       35.130706467       -2.850910330
     72      156.193347197       36.374236620       -9.708105579
     73      162.124503486       30.675614990       -1.117180692
     74      161.406376860       31.919161367       -7.974374674
     75      167.296377625       26.097337037       -2.655345536
     76      166.578267063       27.340900404       -9.512538117
     77      172.535937679       21.362014041       -3.111379837
     78      171.817843503       22.605594530       -9.968571029
     79      177.723785559       16.581552333       -2.517737337
     80      177.005707877       17.825149415       -9.374927247
     81      182.763815701       11.851604218       -0.967712730
     82      182.045754382       13.095216886       -7.824901529
     83      -14.246294612       16.041414103        1.287379687
     84      182.732232131       11.906292903        1.035383736
     85       -9.563336537       42.164216819        0.589780500
     86        1.203532302       65.697079568        0.584576901
     87       19.591553942       82.823123868        0.586954736
     88       43.759181370       89.775073733        0.584245394
     89       69.524655994       87.020723264        0.580681535
     90       94.511799268       77.684105734        0.579163789
     91      118.186937536       64.297938676        0.578821208
     92      140.644287922       48.360870757        0.579046411
     93      162.094490675       30.727568073        0.584873247
     94      -14.725286081        5.939740055       -5.591212599
     95      -15.000000000        0.000000000      -15.000000000
     96      189.698404025        5.153123884       -6.579201029
     97      195.000000000        0.000000000      -15.000000000
     98      -14.286100980       16.110460847       -2.074923971
     99      -14.429766097       16.359274064       -3.446825418
    100      -14.573383120       16.608002834       -4.818261548
    101      -14.716952871       16.856647080       -6.189232288
    102      -13.581192033       22.464994995       -5.032781497
    103      -13.724861865       22.713807322       -6.404682614
    104      -13.868483844       22.962535155       -7.776118396
    105      -14.012059113       23.211178354       -9.147088750
    106      -12.547866711       29.309531112       -6.311126333
    107      -12.691541527       29.558343544       -7.683026910
    108      -12.835168744       29.807071482       -9.054462126
    109      -12.978749844       30.055714793      -10.425431849
    110      -11.205684267       36.163319933       -5.449735222
    111      -11.349364059       36.412133082       -6.821635148
    112      -11.492996502       36.660861767       -8.193069680
    113      -11.636583416       36.909505904       -9.564038644
    114       -9.676863756       42.360834208       -2.484566320
    115       -9.820548231       42.609647549       -3.856465717
    116       -9.964185593       42.858376431       -5.227899696
    117      -10.107777979       43.107020783       -6.598868047
    118       -7.702706540       48.172993074       -5.925296686
    119       -7.846394540       48.421805384       -7.297195904
    120       -7.990035609       48.670533179       -8.668629695
    121       -8.133632122       48.919176316      -10.039597835
    122       -5.079779034       54.534937378       -7.368973663
    123       -5.223469981       54.783750120       -8.740872497
    124       -5.367114145       55.032478367      -10.112305883
    125       -5.510714102       55.281122003      -11.483273573
    126       -1.998897930       60.731053248       -6.131350429
    127       -2.142591306       60.979866934       -7.503248835
    128       -2.286238020       61.228596169       -8.874681774
    129       -2.429840814       61.477240901      -10.245648967
    130        1.089808021       65.894030987       -2.489844279
    131        0.946112156       66.142844167       -3.861742512
    132        0.802462825       66.391572865       -5.233175270
    133        0.658857120       66.640216996       -6.604142266
    134        4.722648550       70.452882794       -6.422122508
    135        4.578951822       70.701693586       -7.794021088
    136        4.435301584       70.950419775       -9.165454209
    137        4.291694864       71.199061111      -10.536421607
    138        9.473110846       75.365804166       -8.053903029
    139        9.329415089       75.614613365       -9.425802002
    140        9.185765869       75.863337882      -10.797235536
    141        9.042160281       76.111977359      -12.168203390
    142       14.712537954       79.787800141       -6.520423438
    143       14.568843398       80.036607378       -7.892322890
    144       14.425195437       80.285329837       -9.263756926
    145       14.281591248       80.533967028      -10.634725341
    146       19.477917207       83.019921706       -2.487433894
    147       19.334222367       83.268725740       -3.859333894
    148       19.190574103       83.517444836       -5.230768506
    149       19.046969570       83.766078286       -6.601737561
    150       24.709076238       85.437548195       -6.513698836
    151       24.565382073       85.686347647       -7.885599740
    152       24.421734513       85.935061936       -9.257035300
    153       24.278130759       86.183690044      -10.628005407
    154       31.200770709       87.649757758       -8.037608887
    155       31.057078084       87.898552091       -9.409510881
    156       30.913432138       88.147261008      -10.780947585
    157       30.769830177       88.395883147      -12.151918963
    158       37.858551694       89.195199808       -6.408591218
    159       37.714859745       89.443989008       -7.780494212
    160       37.571214504       89.692692539       -9.151931965
    161       37.427613321       89.941308689      -10.522904510
    162       43.645445375       89.972038055       -2.490186603
    163       43.501753078       90.220822888       -3.862090351
    164       43.358107468       90.469521833       -5.233528897
    165       43.214505872       90.718132883       -6.604502323
    166       49.673754525       89.982017720       -6.112209964
    167       49.530062089       90.230798604       -7.484114415
    168       49.386416332       90.479493406       -8.855553696
    169       49.242814571       90.728099851      -10.226527940
    170       56.576020013       89.465167331       -7.341180630
    171       56.432327127       89.713944337       -8.713085737
    172       56.288680892       89.962635067      -10.084525706
    173       56.145078596       90.211236983      -11.455500715
    174       63.389326870       88.478151453       -5.910583569
    175       63.245633359       88.726925252       -7.282489192
    176       63.101986466       88.975612614       -8.653929703
    177       62.958383435       89.224210784      -10.024905314
    178       69.410791445       87.217903980       -2.493804317
    179       69.267097618       87.466675455       -3.865710328
    180       69.123450392       87.715360375       -5.237151248
    181       68.979846992       87.963955827       -6.608127314
    182       75.494054639       85.398493015       -5.531956522
    183       75.350360675       85.647263359       -6.903862723
    184       75.206713305       85.895947092       -8.275303842
    185       75.063109743       86.144541221       -9.646280130
    186       82.069101204       83.086209995       -6.504534992
    187       81.925406993       83.334979719       -7.876441280
    188       81.781759363       83.583662800       -9.247882490
    189       81.638155511       83.832256202      -10.618858879
    190       88.515234067       80.504927235       -5.348120663
    191       88.371539905       80.753696783       -6.720026988
    192       88.227892326       81.002379678       -8.091468238
    193       88.084288531       81.250972873       -9.462444671
    194       94.397881428       77.881377853       -2.495344244
    195       94.254187838       78.130147518       -3.867250608
    196       94.110540861       78.378830535       -5.238691899
    197       93.966937740       78.627423865       -6.609668379
    198      100.258698894       74.887872718       -5.015574806
    199      100.115006123       75.136643508       -6.387481051
    200       99.971360009       75.385327704       -7.758922218
    201       99.827757848       75.633922346       -9.129898560
    202      106.396167775       71.517757808       -5.806235387
    203      106.252475942       71.766530145       -7.178141449
    204      106.108830815       72.015215967       -8.549582424
    205      105.965229752       72.263812416       -9.920558554
    206      112.426783675       67.989710931       -4.874811555
    207      112.283093077       68.238484995       -6.246717435
    208      112.139449249       68.487172630       -7.618158217
    209      111.995849634       68.735771096       -8.989134133
    210      118.073009409       64.495233329       -2.495691054
    211      117.929320391       64.744009099       -3.867596790
    212      117.785678226       64.992698528       -5.239037422
    213      117.642080466       65.241298990       -6.610013170
    214      123.670752695       60.756964121       -4.612976120
    215      123.527065467       61.005742225       -5.984881619
    216      123.383425184       61.254434103       -7.356322004
    217      123.239829520       61.503037290       -8.727297477
    218      129.434082359       56.739912193       -5.274519998
    219      129.290397076       56.988692879       -6.646425233
    220      129.146758840       57.237387471       -8.017865340
    221      129.003165455       57.485993675       -9.388840504
    222      135.116164670       52.622888073       -4.508231626
    223      134.972481523       52.871671371       -5.880136611
    224      134.828845534       53.120368707       -7.251576456
    225      134.685254653       53.368977965       -8.622551329
    226      140.530370585       48.558155056       -2.495461577
    227      140.386689743       48.806940834       -3.867366355
    228      140.243056179       49.055640776       -5.238805981
    229      140.099468001       49.304252935       -6.609780612
    230      145.892882804       44.327263559       -4.305032779
    231      145.749204380       44.576052141       -5.676937301
    232      145.605573359       44.824755028       -7.048376659
    233      145.461988013       45.073370465       -8.419350992
    234      151.361229739       39.887317759       -4.870424889
    235      151.217553845       40.136109260       -6.242329145
    236      151.073925486       40.384815213       -7.613768226
    237      150.930343105       40.633434062       -8.984742250
    238      156.767768408       35.379585799       -4.223279562
    239      156.624095136       35.628380172       -5.595183573
    240      156.480469534       35.877089143       -6.966622395
    241      156.336890226       36.125711350       -8.337596132
    242      161.980784684       30.924496953       -2.489549719
    243      161.837114083       31.173294035       -3.861453519
    244      161.693491292       31.422005852       -5.232892120
    245      161.549915115       31.670631228       -6.603865610
    246      167.152661430       26.346221756       -4.027714335
    247      167.008993516       26.595021676       -5.399617901
    248      166.865373550       26.843736475       -6.771056257
    249      166.721800521       27.092365168       -8.142029475
    250      172.392224144       21.610901538       -4.483748411
    251      172.248558970       21.859704317       -5.855651745
    252      172.104941886       22.108422120       -7.227089858
    253      171.961372066       22.357054157       -8.598062806
    254      177.580074700       16.830442521       -3.890105703
    255      177.436412284       17.079248070       -5.262008824
    256      177.292798100       17.327968785       -6.633446712
    257      177.149231513       17.576604063       -8.004419411
    258      182.620107497       12.100496933       -2.340080917
    259      182.476447816       12.349305084       -3.711983853
    260      182.332836510       12.598028534       -5.083421547
    261      182.189273128       12.846666857       -6.454394029
    262      -14.158391073       15.889263854       -0.369030908
    263      -14.175031724       15.918067029       -0.037105321
    264      -14.192389177       15.948110714        0.293920278
    265      -14.210198898       15.978937101        0.624948304
    266      -14.228217345       16.010124707        0.956090546
    267      182.758836929       11.860225452       -0.631466487
    268      182.753747462       11.869038273       -0.296702460
    269      182.748499944       11.878124649        0.036630687
    270      182.743125510       11.887430694        0.369392065
    271      182.737687745       11.896846353        0.702308635
    272       -9.539096613       42.122261499       -0.770563651
    273       -9.545096417       42.132646408       -0.429688442
    274       -9.551146788       42.143118644       -0.089577091
    275       -9.557234909       42.153656068        0.250053096
    276        1.227621159       65.655395650       -0.775822528
    277        1.221657470       65.665715671       -0.434927007
    278        1.215644700       65.676120362       -0.094795214
    279        1.209595138       65.686588514        0.244846643
    280       19.615713084       82.781322430       -0.773419620
    281       19.609732592       82.791670545       -0.432533336
    282       19.603702328       82.802104486       -0.092410838
    283       19.597634828       82.812602635        0.247225734
    284       43.783257883       89.733422653       -0.776158079
    285       43.777297146       89.743734816       -0.435261140
    286       43.771287446       89.754131344       -0.095127914
    287       43.765241035       89.764591119        0.244514820
    288       69.548629302       86.979258465       -0.779759759
    289       69.542693238       86.989526091       -0.438848916
    290       69.536709222       86.999876267       -0.098701700
    291       69.530689153       87.010288497        0.240949017
    292       94.535729109       77.642716594       -0.781293480
    293       94.529803436       77.652966134       -0.440376748
    294       94.523830236       77.663297482       -0.100223606
    295       94.517821262       77.673690401        0.239430476
    296      118.210855422       64.256563023       -0.781639595
    297      118.204932608       64.266809340       -0.440721550
    298      118.198962382       64.277137330       -0.100567089
    299      118.192956459       64.287526806        0.239087734
    300      140.668208134       48.319478806       -0.781411940
    301      140.662284766       48.329729022       -0.440494789
    302      140.656313958       48.340061064       -0.100341227
    303      140.650307440       48.350454698        0.239313076
    304      162.118574470       30.685878554       -0.775523582
    305      162.112611997       30.696199910       -0.434629087
    306      162.106600478       30.706606000       -0.094498322
    307      162.100552205       30.717075584        0.245143010
    308      -14.260441105       13.877690146       -1.681105854
    309      -14.377756964       11.893570727       -2.659245428
    310      -14.494335877        9.909205527       -3.636976228
    311      -14.610178649        7.924595113       -4.614298527
    312      -14.781334709        4.753118003       -7.473773133
    313      -14.836830130        3.565832456       -9.355932305
    314      -14.891772629        2.377883930      -11.237689949
    315      -14.946162490        1.189272940      -13.119045902
    316      184.150766292       10.512308267       -2.090443428
    317      185.537700463        9.172812170       -3.212957527
    318      186.924618170        7.833116016       -4.335255107
    319      188.311519372        6.493219891       -5.457336248
    320      190.758498469        4.123169716       -8.263910661
    321      191.818705387        3.092880096       -9.948345341
    322      192.879024681        2.062255172      -11.632505102
    323      193.939456251        1.031295091      -13.316389977
    0.0015279 
    0.0011884 
    0.0008489 
    0.0005093 
    0.0001698 
    0.0015279 
    0.0011884 
    0.0008489 
    0.0005093 
    0.0001698 
    0.0015279 
    0.0011884 
    0.0008489 
    0.0005093 
    0.0001698 
    0.0015279 
    0.0011884 
    0.0008489 
    0.0005093 
    0.0001698 
    0.0015279 
    0.0011884 
    0.0008489 
    0.0005093 
    0.0001698 
    0.0015279 
    0.0011884 
    0.0008489 
    0.0005093 
    0.0001698 
    0.0015279 
    0.0011884 
    0.0008489 
    0.0005093 
    0.0001698 
    0.0015279 
    0.0011884 
    0.0008489 
    0.0005093 
    0.0001698 
    0.0015279 
    0.0011884 
    0.0008489 
    0.0005093 
    0.0001698 
    0.0015279 
    0.0011884 
    0.0008489 
    0.0005093 
    0.0001698 
    0.0015279 
    0.0011884 
    0.0008489 
    0.0005093 
    0.0001698 
    0.0015279 
    0.0011884 
    0.0008489 
    0.0005093 
    0.0001698 
    0.0015279 
    0.0011884 
    0.0008489 
    0.0005093 
    0.0001698 
    0.0015279 
    0.0011884 
    0.0008489 
    0.0005093 
    0.0001698 
    0.0015279 
    0.0011884 
    0.0008489 
    0.0005093 
    0.0001698 
    0.0015279 
    0.0011884 
    0.0008489 
    0.0005093 
    0.0001698 
    0.0015279 
    0.0011884 
    0.0008489 
    0.0005093 
    0.0001698 
    0.0015279 
    0.0011884 
    0.0008489 
    0.0005093 
    0.0001698 
    0.0015279 
    0.0011884 
    0.0008489 
    0.0005093 
    0.0001698 
    0.0015279 
    0.0011884 
    0.0008489 
    0.0005093 
    0.0001698 
    0.0015279 
    0.0011884 
    0.0008489 
    0.0005093 
    0.0001698 
    0.0015279 
    0.0011884 
    0.0008489 
    0.0005093 
    0.0001698 
    0.0015279 
    0.0011884 
    0.0008489 
    0.0005093 
    0.0001698 
    0.0015279 
    0.0011884 
    0.0008489 
    0.0005093 
    0.0001698 
    0.0015279 
    0.0011884 
    0.0008489 
    0.0005093 
    0.0001698 
    0.0015279 
    0.0011884 
    0.0008489 
    0.0005093 
    0.0001698 
    0.0015279 
    0.0011884 
    0.0008489 
    0.0005093 
    0.0001698 
    0.0015279 
    0.0011884 
    0.0008489 
    0.0005093 
    0.0001698 
    0.0015279 
    0.0011884 
    0.0008489 
    0.0005093 
    0.0001698 
    0.0015279 
    0.0011884 
    0.0008489 
    0.0005093 
    0.0001698 
    0.0015279 
    0.0011884 
    0.0008489 
    0.0005093 
    0.0001698 
    0.0015279 
    0.0011884 
    0.0008489 
    0.0005093 
    0.0001698 
    0.0015279 
    0.0011884 
    0.0008489 
    0.0005093 
    0.0001698 
    0.0015279 
    0.0011884 
    0.0008489 
    0.0005093 
    0.0001698 
    0.0015279 
    0.0011884 
    0.0008489 
    0.0005093 
    0.0001698 
    0.0015279 
    0.0011884 
    0.0008489 
    0.0005093 
    0.0001698 
    0.0015279 
    0.0011884 
    0.0008489 
    0.0005093 
    0.0001698 
    0.0015279 
    0.0011884 
    0.0008489 
    0.0005093 
    0.0001698 
    0.0015279 
    0.0011884 
    0.0008489 
    0.0005093 
    0.0001698 
    0.0015279 
    0.0011884 
    0.0008489 
    0.0005093 
    0.0001698 
    0.0015279 
    0.0011884 
    0.0008489 
    0.0005093 
    0.0001698 
    0.0063669 
    0.0055926 
    0.0052705 
    0.0054820 
    0.0052631 
    0.0044625 
    0.0042298 
    0.0046527 
    0.0045153 
    0.0037318 
    0.0036384 
    0.0042815 
    0.0042843 
    0.0036492 
    0.0037496 
    0.0045359 
    0.0046795 
    0.0042641 
    0.0044997 
    0.0052986 
    0.0055632 
    0.0053307 
    0.0056264 
    0.0063764 
    0.0067306 
    0.0066244 
    0.0069452 
    0.0076386 
    0.0080521 
    0.0080322 
    0.0083644 
    0.0090096 
    0.0094606 
    0.0095018 
    0.0098404 
    0.0104472 
    0.0109085 
    0.0110031 
    0.0113538 
    0.0119378 
    0.0051710 
    0.0007652 
   -0.0014830 
   -0.0011894 
   -0.0007135 
   -0.0002378 
    0.0091806 
    0.0047564 
    0.0004946 
   -0.0011956 
   -0.0007174 
   -0.0002391 
    0.0054293 
    0.0031945 
    0.0009598 
   -0.0004466 
   -0.0001580 
    0.0054814 
    0.0032466 
    0.0010118 
   -0.0004206 
   -0.0001580 
    0.0054576 
    0.0032228 
    0.0009880 
   -0.0004325 
   -0.0001580 
    0.0054847 
    0.0032499 
    0.0010151 
   -0.0004190 
   -0.0001580 
    0.0055203 
    0.0032855 
    0.0010508 
   -0.0004012 
   -0.0001580 
    0.0055355 
    0.0033007 
    0.0010659 
   -0.0003936 
   -0.0001580 
    0.0055390 
    0.0033041 
    0.0010694 
   -0.0003919 
   -0.0001580 
    0.0055367 
    0.0033019 
    0.0010671 
   -0.0003930 
   -0.0001580 
    0.0054784 
    0.0032436 
    0.0010088 
   -0.0004221 
   -0.0001580 
    0.0069230 
    0.0069233 
    0.0069237 
    0.0069241 
    0.0069244 
    0.0118357 
    0.0118359 
    0.0118362 
    0.0118364 
    0.0118367 
    0.0141427 
    0.0141432 
    0.0141436 
    0.0141440 
    0.0141445 
    0.0187146 
    0.0187149 
    0.0187152 
    0.0187156 
    0.0187159 




        0.000 
mussels long line	                   	:           0 
Immersion extremity buoy (m)			:       -0.70 
Immersion central buoy (m)			:       -1.12 
current amplitude (m/s)			:        0.500 
