      1      -14.142419828       15.861561113       -0.702556693
      2      -14.860515082       17.105204280       -7.559736404
      3      -13.437519506       22.216095080       -3.660419740
      4      -14.155643403       23.459732879      -10.517597434
      5      -12.404203178       29.060632526       -4.938768129
      6      -13.122357339       30.304270981      -11.795942540
      7      -11.062029318       35.914422966       -4.077375925
      8      -11.780213631       37.158065785      -10.934546383
      9       -9.533216399       42.111937065       -1.112201506
     10      -10.251429036       43.355581054       -7.969368773
     11       -7.559065969       47.924095804       -4.552939635
     12       -8.277300034       49.167733502      -11.410105813
     13       -4.936144106       54.286042077       -5.996621436
     14       -5.654396050       55.529682405      -12.853785272
     15       -1.855266992       60.482159371       -4.758995076
     16       -2.573533635       61.725805420      -11.616156328
     17        1.233435559       65.645134941       -1.117480546
     18        0.515153847       66.888777846       -7.974640773
     19        4.866273998       70.203983958       -5.049766925
     20        4.147987033       71.447612269      -11.906929265
     21        9.616737707       75.116903030       -6.681551441
     22        8.898456643       76.360521643      -13.538716167
     23       14.856167676       79.538894265       -5.148066327
     24       14.137893884       80.782500970      -12.005233965
     25       19.621547669       82.771008449       -1.115068490
     26       18.903272074       84.014595699       -7.972239454
     27       24.852707916       85.188627110       -5.141337414
     28       24.134436412       86.432186602      -11.998513850
     29       31.344405556       87.400827062       -6.665247498
     30       30.626143417       88.644355516      -13.522430546
     31       38.002188643       88.946258851       -5.036225791
     32       37.283930614       90.189756135      -11.893414917
     33       43.789082495       89.723088455       -1.117817671
     34       43.070822420       90.966559200       -7.975011392
     35       49.817391834       89.733060688       -4.739840286
     36       49.099131012       90.976507514      -11.597038266
     37       56.719657075       89.216202926       -5.968809494
     38       56.001393537       90.459626204      -12.826011458
     39       63.532963226       88.229181121       -4.538211860
     40       62.814695922       89.472584879      -11.395416970
     41       69.554427372       86.968929549       -1.121433237
     42       68.836158249       88.212319115       -7.978640732
     43       75.637690646       85.149516154       -4.159583316
     44       74.919420727       86.392898806      -11.016791978
     45       82.212736957       82.837231853       -5.132160800
     46       81.494465530       84.080610703      -11.989369992
     47       88.658869834       80.255948928       -3.975747294
     48       87.940598708       81.499326677      -10.832956718
     49       94.541517937       77.632400075       -1.122972820
     50       93.823250343       78.875778498       -7.980182496
     51      100.402336905       74.638896636       -3.643201586
     52       99.684074268       75.882281826      -10.500410550
     53      106.539807313       71.268784412       -4.433861688
     54      105.821550345       72.512178976      -11.291069546
     55      112.570425072       67.740740775       -3.502438839
     56      111.852175597       68.984145816      -10.359645583
     57      118.216653151       64.246266500       -1.123320224
     58      117.498413304       65.489681908       -7.980526099
     59      123.814399441       60.508001213       -3.240604065
     60      123.096170420       61.751430749      -10.097808510
     61      129.577732240       56.490953823       -3.902147752
     62      128.859515004       57.734399026      -10.759350589
     63      135.259817894       52.373934450       -3.135860205
     64      134.541613622       53.617395520       -9.993061524
     65      140.674027378       48.309206034       -1.123091657
     66      139.955837113       49.552682184       -7.980291711
     67      146.036543594       44.078319332       -2.932662070
     68      145.318367973       45.321812487       -9.789860571
     69      151.504894624       39.638378653       -3.498054127
     70      150.786734345       40.881889524      -10.355251022
     71      156.911437469       35.130651836       -2.850909442
     72      156.193293100       36.374180157       -9.708104839
     73      162.124457968       30.675567906       -1.117180732
     74      161.406329822       31.919112700       -7.974374843
     75      167.296339133       26.097297593       -2.655344887
     76      166.578227270       27.340859609       -9.512537578
     77      172.535906293       21.361982382       -3.111379027
     78      171.817811052       22.605561763       -9.968570309
     79      177.723761280       16.581528286       -2.517736862
     80      177.005682778       17.825124506       -9.374926843
     81      182.763798449       11.851587366       -0.967712975
     82      182.045736551       13.095199418       -7.824901825
     83      -14.246328790       16.041413060        1.287380026
     84      182.732214763       11.906275966        1.035383495
     85       -9.563421849       42.164217494        0.589780558
     86        1.203416018       65.697081151        0.584577009
     87       19.591441567       82.823099235        0.586954801
     88       43.759078167       89.774993927        0.584245348
     89       69.524550152       87.020605493        0.580681443
     90       94.511694263       77.683982805        0.579163700
     91      118.186844252       64.297832672        0.578821136
     92      140.644215701       48.360792382        0.579046360
     93      162.094444979       30.727520771        0.584873210
     94      -14.725298313        5.939735799       -5.591209723
     95      -15.000000000        0.000000000      -15.000000000
     96      189.698396200        5.153116964       -6.579201625
     97      195.000000000        0.000000000      -15.000000000
     98      -14.286133534       16.110458764       -2.074923407
     99      -14.429798876       16.359271994       -3.446824829
    100      -14.573416126       16.608000772       -4.818260933
    101      -14.716986119       16.856645020       -6.189231648
    102      -13.581237859       22.464991860       -5.032786129
    103      -13.724907986       22.713804189       -6.404687215
    104      -13.868530264       22.962532017       -7.776122967
    105      -14.012105855       23.211175204       -9.147093289
    106      -12.547926440       29.309529411       -6.311133986
    107      -12.691601621       29.558341843       -7.683034526
    108      -12.835229210       29.807069776       -9.054469703
    109      -12.978810713       30.055713074      -10.425439387
    110      -11.205757471       36.163320555       -5.449741141
    111      -11.349437686       36.412133710       -6.821641021
    112      -11.493070565       36.660862397       -8.193075507
    113      -11.636657955       36.909506529       -9.564044423
    114       -9.676949146       42.360834842       -2.484566203
    115       -9.820634091       42.609648186       -3.856465550
    116       -9.964271941       42.858377068       -5.227899478
    117      -10.107864863       43.107021413       -6.598867774
    118       -7.702802193       48.172992559       -5.925304158
    119       -7.846490717       48.421804851       -7.297203325
    120       -7.990132330       48.670532624       -8.668637063
    121       -8.133729441       48.919175732      -10.039605146
    122       -5.079883230       54.534939258       -7.368985581
    123       -5.223574740       54.783751985       -8.740884358
    124       -5.367219489       55.032480212      -10.112317686
    125       -5.510820091       55.281123823      -11.483285314
    126       -1.999008499       60.731057479       -6.131358801
    127       -2.142702463       60.979871157       -7.503257147
    128       -2.286349790       61.228600380       -8.874690023
    129       -2.429953260       61.477245097      -10.245657148
    130        1.089691608       65.894032537       -2.489844102
    131        0.945995127       66.142845688       -3.861742276
    132        0.802345155       66.391574356       -5.233174972
    133        0.658738739       66.640218453       -6.604141899
    134        4.722529193       70.452879188       -6.422130826
    135        4.578831832       70.701689904       -7.794029354
    136        4.435180932       70.950416015       -9.165462420
    137        4.291573483       71.199057267      -10.536429757
    138        9.472993859       75.365796689       -8.053915730
    139        9.329297481       75.614605788       -9.425814656
    140        9.185647614       75.863330203      -10.797248140
    141        9.042041312       76.111969570      -12.168215940
    142       14.712425007       79.787785993       -6.520431087
    143       14.568729841       80.036593108       -7.892330497
    144       14.425081246       80.285315440       -9.263764490
    145       14.281476358       80.533952493      -10.634732857
    146       19.477804706       83.019897023       -2.487433787
    147       19.334109236       83.268700892       -3.859333750
    148       19.190460318       83.517419817       -5.230768325
    149       19.046855068       83.766053080       -6.601737339
    150       24.708965614       85.437511184       -6.513703599
    151       24.565270822       85.686310425       -7.885604475
    152       24.421622612       85.935024491       -9.257040007
    153       24.278018146       86.183652352      -10.628010085
    154       31.200664772       87.649706104       -8.037614755
    155       31.056971538       87.898500170       -9.409516734
    156       30.913324960       88.147208805      -10.780953423
    157       30.769722307       88.395830627      -12.151924786
    158       37.858448522       89.195132840       -6.408594032
    159       37.714755969       89.443921708       -7.780497024
    160       37.571110103       89.692624887       -9.151934775
    161       37.427508236       89.941240641      -10.522907321
    162       43.645342041       89.971958142       -2.490186657
    163       43.501649142       90.220742583       -3.862090413
    164       43.358002907       90.469441114       -5.233528968
    165       43.214400626       90.718051699       -6.604502407
    166       49.673651257       89.981926497       -6.112209962
    167       49.529958228       90.230706948       -7.484114429
    168       49.386311854       90.479401291       -8.855553729
    169       49.242709414       90.728007219      -10.226527996
    170       56.575916056       89.465064917       -7.341179816
    171       56.432222569       89.713841440       -8.713084946
    172       56.288575710       89.962531659      -10.084524943
    173       56.144972727       90.211133000      -11.455499985
    174       63.389221595       88.478039946       -5.910582692
    175       63.245527475       88.726813213       -7.282488347
    176       63.101879949       88.975500013       -8.653928894
    177       62.958276220       89.224097551      -10.024904547
    178       69.410685445       87.217786074       -2.493804456
    179       69.266991019       87.466556973       -3.865710509
    180       69.123343168       87.715241287       -5.237151473
    181       68.979739076       87.963836061       -6.608127590
    182       75.493948589       85.398371557       -5.531954724
    183       75.350254029       85.647141304       -6.903860971
    184       75.206606036       85.895824407       -8.275302139
    185       75.063001785       86.144417834       -9.646278483
    186       82.068994655       83.086086640       -6.504532293
    187       81.925299843       83.334855752       -7.876438628
    188       81.781651584       83.583538189       -9.247879889
    189       81.638047036       83.832130875      -10.618856336
    190       88.515127581       80.504803537       -5.348118825
    191       88.371432818       80.753572465       -6.720025199
    192       88.227784612       81.002254709       -8.091466501
    193       88.084180122       81.250847181       -9.462442992
    194       94.397776257       77.881254793       -2.495344392
    195       94.254082084       78.130023834       -3.867250809
    196       94.110434498       78.378706198       -5.238692155
    197       93.966830699       78.627298803       -6.609668695
    198      100.258596029       74.887752451       -5.015573042
    199      100.114902686       75.136522622       -6.387479340
    200       99.971255972       75.385206172       -7.758920561
    201       99.827653144       75.633800098       -9.129896963
    202      106.396067358       71.517641747       -5.806232965
    203      106.252374963       71.766413483       -7.178139078
    204      106.108729247       72.015098676       -8.549580106
    205      105.965127532       72.263694430       -9.920556293
    206      112.426686333       67.989599810       -4.874809936
    207      112.282995191       68.238373294       -6.246715863
    208      112.139350794       68.487060324       -7.618156696
    209      111.995750548       68.735658122       -8.989132667
    210      118.072915974       64.495127216       -2.495691180
    211      117.929226442       64.743902431       -3.867596963
    212      117.785583738       64.992591280       -5.239037644
    213      117.641985379       65.241191102       -6.610013446
    214      123.670664022       60.756864220       -4.612974789
    215      123.526976300       61.005641793       -5.984880333
    216      123.383335501       61.254333120       -7.356320764
    217      123.239739264       61.502935698       -8.727296288
    218      129.433998733       56.739819371       -5.274518215
    219      129.290312983       56.988599560       -6.646423491
    220      129.146674257       57.237293633       -8.017863641
    221      129.003080331       57.485899269       -9.388838852
    222      135.116086491       52.622802571       -4.508230422
    223      134.972402909       52.871585409       -5.880135446
    224      134.828766464       53.120282265       -7.251575329
    225      134.685175078       53.368890997       -8.622550245
    226      140.530298249       48.558076601       -2.495461670
    227      140.386617008       48.806861957       -3.867366482
    228      140.242983027       49.055561458       -5.238806145
    229      140.099394385       49.304173134       -6.609780814
    230      145.892816841       44.327192658       -4.305031830
    231      145.749138049       44.575980852       -5.676936383
    232      145.605506643       44.824683336       -7.048375775
    233      145.461920871       45.073298331       -8.419350142
    234      151.361170360       39.887254852       -4.870423627
    235      151.217494134       40.136046004       -6.242327913
    236      151.073865427       40.384751595       -7.613767023
    237      150.930282661       40.633370048       -8.984741078
    238      156.767715788       35.379530865       -4.223278699
    239      156.624042222       35.628324930       -5.595182735
    240      156.480416313       35.877033582       -6.966621583
    241      156.336836664       36.125655441       -8.337595347
    242      161.980738920       30.924449607       -2.489549781
    243      161.837068066       31.173246423       -3.861453603
    244      161.693445009       31.421957965       -5.232892226
    245      161.549868538       31.670583040       -6.603865740
    246      167.152622726       26.346182087       -4.027713706
    247      167.008954596       26.594981778       -5.399617291
    248      166.865334403       26.843696342       -6.771055665
    249      166.721761122       27.092324779       -8.142028904
    250      172.392192584       21.610869693       -4.483747617
    251      172.248527232       21.859672283       -5.855650967
    252      172.104909962       22.108389892       -7.227089096
    253      171.961339938       22.357021720       -8.598062060
    254      177.580050288       16.830418328       -3.890105241
    255      177.436387735       17.079223730       -5.262008374
    256      177.292773408       17.327944294       -6.633446275
    257      177.149206662       17.576579409       -8.004418987
    258      182.620090151       12.100479976       -2.340081171
    259      182.476430373       12.349288022       -3.711984116
    260      182.332818967       12.598011363       -5.083421819
    261      182.189255473       12.846649570       -6.454394310
    262      182.758819661       11.860208587       -0.631466791
    263      182.753730174       11.869021399       -0.296702642
    264      182.748482638       11.878107759        0.036630446
    265      182.743108184       11.887413789        0.369391824
    266      182.737670398       11.896829432        0.702308394
    267       -9.539181615       42.122262135       -0.770563585
    268       -9.545181493       42.132647053       -0.429688378
    269       -9.551231941       42.143119299       -0.089577030
    270       -9.557320141       42.153656732        0.250053156
    271        1.227505257       65.655397229       -0.775822412
    272        1.221541477       65.665717251       -0.434926893
    273        1.215528612       65.676121942       -0.094795102
    274        1.209478953       65.686590095        0.244846753
    275       19.615601108       82.781297887       -0.773419550
    276       19.609620520       82.791645980       -0.432533267
    277       19.603590158       82.802079899       -0.092410771
    278       19.597522556       82.812578025        0.247225800
    279       43.783155054       89.733343066       -0.776158127
    280       43.777194228       89.743655177       -0.435261187
    281       43.771184435       89.754051651       -0.095127961
    282       43.765137928       89.764511370        0.244514773
    283       69.548523806       86.979141035       -0.779759856
    284       69.542587659       86.989408580       -0.438849012
    285       69.536603557       86.999758670       -0.098701795
    286       69.530583399       87.010170814        0.240948923
    287       94.535624429       77.642594051       -0.781293576
    288       94.529698678       77.652843498       -0.440376842
    289       94.523725398       77.663174751       -0.100223699
    290       94.517716341       77.673567571        0.239430386
    291      118.210762421       64.256457371       -0.781639674
    292      118.204839539       64.266703604       -0.440721627
    293      118.198869243       64.277031507       -0.100567165
    294      118.192863247       64.287420893        0.239087661
    295      140.668136134       48.319400703       -0.781411996
    296      140.662212713       48.329650854       -0.440494844
    297      140.656241850       48.339982829       -0.100341281
    298      140.650235276       48.350376393        0.239313024
    299      162.118528919       30.685831430       -0.775523621
    300      162.112566411       30.696152743       -0.434629126
    301      162.106554856       30.706558789       -0.094498360
    302      162.100506546       30.717028328        0.245142973
    303      -14.260469425       13.877687613       -1.681104847
    304      -14.377781267       11.893567761       -2.659243954
    305      -14.494356159        9.909202129       -3.636974286
    306      -14.610194906        7.924591285       -4.614296118
    307      -14.781344497        4.753114603       -7.473770836
    308      -14.836837471        3.565829909       -9.355930584
    309      -14.891777523        2.377882234      -11.237688803
    310      -14.946164937        1.189272092      -13.119045330
    311      184.150750922       10.512293398       -2.090443743
    312      185.537686977        9.172799287       -3.212957912
    313      186.924606571        7.833105120       -4.335255563
    314      188.311509660        6.493210983       -5.457336774
    315      190.758492210        4.123164180       -8.263911138
    316      191.818700694        3.092875945       -9.948345698
    317      192.879021553        2.062252405      -11.632505339
    318      193.939454688        1.031293707      -13.316390096
       0.001527923 
       0.001188432 
       0.000848770 
       0.000509449 
       0.000169873 
       0.001527923 
       0.001188432 
       0.000848770 
       0.000509449 
       0.000169873 
       0.001527923 
       0.001188432 
       0.000848770 
       0.000509449 
       0.000169873 
       0.001527923 
       0.001188346 
       0.000848770 
       0.000509449 
       0.000169873 
       0.001527923 
       0.001188432 
       0.000848855 
       0.000509449 
       0.000169873 
       0.001527923 
       0.001188432 
       0.000848770 
       0.000509449 
       0.000169873 
       0.001527923 
       0.001188432 
       0.000848770 
       0.000509449 
       0.000169873 
       0.001527923 
       0.001188346 
       0.000848770 
       0.000509449 
       0.000169873 
       0.001527923 
       0.001188432 
       0.000848770 
       0.000509364 
       0.000169873 
       0.001528008 
       0.001188432 
       0.000848770 
       0.000509449 
       0.000169873 
       0.001527923 
       0.001188346 
       0.000848770 
       0.000509364 
       0.000169873 
       0.001527923 
       0.001188346 
       0.000848770 
       0.000509364 
       0.000169873 
       0.001527923 
       0.001188432 
       0.000848770 
       0.000509449 
       0.000169873 
       0.001527923 
       0.001188432 
       0.000848770 
       0.000509449 
       0.000169873 
       0.001527923 
       0.001188432 
       0.000848770 
       0.000509364 
       0.000169873 
       0.001527923 
       0.001188346 
       0.000848855 
       0.000509364 
       0.000169873 
       0.001527923 
       0.001188432 
       0.000848770 
       0.000509449 
       0.000169873 
       0.001527923 
       0.001188432 
       0.000848855 
       0.000509449 
       0.000169873 
       0.001528008 
       0.001188346 
       0.000848855 
       0.000509364 
       0.000169873 
       0.001527923 
       0.001188432 
       0.000848770 
       0.000509364 
       0.000169788 
       0.001527923 
       0.001188432 
       0.000848855 
       0.000509449 
       0.000169873 
       0.001527923 
       0.001188432 
       0.000848770 
       0.000509364 
       0.000169873 
       0.001527923 
       0.001188346 
       0.000848770 
       0.000509449 
       0.000169873 
       0.001527923 
       0.001188432 
       0.000848770 
       0.000509364 
       0.000169788 
       0.001527923 
       0.001188432 
       0.000848770 
       0.000509449 
       0.000169873 
       0.001527923 
       0.001188432 
       0.000848770 
       0.000509449 
       0.000169873 
       0.001528008 
       0.001188432 
       0.000848770 
       0.000509449 
       0.000169788 
       0.001527923 
       0.001188432 
       0.000848855 
       0.000509449 
       0.000169873 
       0.001527923 
       0.001188432 
       0.000848770 
       0.000509449 
       0.000169873 
       0.001527923 
       0.001188432 
       0.000848770 
       0.000509364 
       0.000169873 
       0.001527923 
       0.001188432 
       0.000848770 
       0.000509449 
       0.000169873 
       0.001527923 
       0.001188346 
       0.000848770 
       0.000509364 
       0.000169873 
       0.001527923 
       0.001188432 
       0.000848855 
       0.000509449 
       0.000169873 
       0.001527923 
       0.001188432 
       0.000848770 
       0.000509449 
       0.000169873 
       0.001528008 
       0.001188432 
       0.000848770 
       0.000509449 
       0.000169873 
       0.001527923 
       0.001188432 
       0.000848770 
       0.000509364 
       0.000169873 
       0.001527923 
       0.001188432 
       0.000848770 
       0.000509364 
       0.000169873 
       0.001527923 
       0.001188346 
       0.000848770 
       0.000509449 
       0.000169873 
       0.001527923 
       0.001188346 
       0.000848770 
       0.000509449 
       0.000169788 
       0.001527923 
       0.001188432 
       0.000848770 
       0.000509449 
       0.000169873 
       0.001527923 
       0.001188432 
       0.000848770 
       0.000509449 
       0.000169873 
       0.006366866 
       0.005592619 
       0.005270481 
       0.005481992 
       0.005263056 
       0.004462447 
       0.004229750 
       0.004652773 
       0.004515239 
       0.003731796 
       0.003638336 
       0.004281453 
       0.004284245 
       0.003649167 
       0.003749575 
       0.004535947 
       0.004679475 
       0.004264082 
       0.004499708 
       0.005298682 
       0.005563259 
       0.005330699 
       0.005626406 
       0.006376403 
       0.006730556 
       0.006624426 
       0.006945201 
       0.007638659 
       0.008052076 
       0.008032186 
       0.008364337 
       0.009009565 
       0.009460653 
       0.009501798 
       0.009840352 
       0.010447161 
       0.010908468 
       0.011003153 
       0.011353766 
       0.011937822 
       0.000373960 
       0.009180576 
       0.004756361 
       0.000494599 
      -0.001195550 
      -0.000717580 
      -0.000238985 
       0.005429282 
       0.003194546 
       0.000959635 
      -0.000446597 
      -0.000158040 
       0.005481348 
       0.003246612 
       0.001011701 
      -0.000420563 
      -0.000158040 
       0.005457507 
       0.003222771 
       0.000987947 
      -0.000432484 
      -0.000157952 
       0.005484679 
       0.003249855 
       0.001015032 
      -0.000418986 
      -0.000158040 
       0.005520266 
       0.003285531 
       0.001050707 
      -0.000401192 
      -0.000158040 
       0.005535518 
       0.003300695 
       0.001065871 
      -0.000393566 
      -0.000158040 
       0.005538937 
       0.003304113 
       0.001069290 
      -0.000391901 
      -0.000158040 
       0.005536745 
       0.003301834 
       0.001067098 
      -0.000393040 
      -0.000158040 
       0.005478368 
       0.003243545 
       0.001008721 
      -0.000422141 
      -0.000158040 
       0.006923025 
       0.006923350 
       0.006923458 
       0.006924110 
       0.006924543 
       0.011835640 
       0.011835856 
       0.011835963 
       0.011836508 
       0.011836725 
       0.014142773 
       0.014143206 
       0.014143530 
       0.014144075 
       0.014144508 
       0.018714666 
       0.018714882 
       0.018715097 
       0.018715644 
       0.018715968 




        0.000
 
mussels long line	                   	:           0 
Immersion extremity buoy (m)			:       -0.70 
Immersion central buoy (m)			:       -1.12 
current amplitude (m/s)			:        0.500 
